2019-07-12 00:07:52,174 - [INFO] - apcg-- N:44 | d:7129 | lambda:0.001
2019-07-12 00:07:52,174 - [INFO] - Function value sequence convergence criteria.
2019-07-12 00:07:52,174 - [INFO] - Epoch:    0 | FVAL: 0.3465736
2019-07-12 00:07:54,806 - [INFO] - Epoch:    1 | FVAL: 0.0298049
2019-07-12 00:07:57,501 - [INFO] - Epoch:    2 | FVAL: 0.0287291
2019-07-12 00:08:00,350 - [INFO] - Epoch:    3 | FVAL: 0.0276357
2019-07-12 00:08:03,045 - [INFO] - Epoch:    4 | FVAL: 0.0266558
2019-07-12 00:08:05,761 - [INFO] - Epoch:    5 | FVAL: 0.0257180
2019-07-12 00:08:08,508 - [INFO] - Epoch:    6 | FVAL: 0.0248812
2019-07-12 00:08:11,290 - [INFO] - Epoch:    7 | FVAL: 0.0241576
2019-07-12 00:08:13,965 - [INFO] - Epoch:    8 | FVAL: 0.0235343
2019-07-12 00:08:16,690 - [INFO] - Epoch:    9 | FVAL: 0.0229639
2019-07-12 00:08:19,373 - [INFO] - Epoch:   10 | FVAL: 0.0224865
2019-07-12 00:08:22,106 - [INFO] - Epoch:   11 | FVAL: 0.0220780
2019-07-12 00:08:24,795 - [INFO] - Epoch:   12 | FVAL: 0.0217317
2019-07-12 00:08:27,525 - [INFO] - Epoch:   13 | FVAL: 0.0213377
2019-07-12 00:08:30,185 - [INFO] - Epoch:   14 | FVAL: 0.0209722
2019-07-12 00:08:32,914 - [INFO] - Epoch:   15 | FVAL: 0.0206588
2019-07-12 00:08:35,615 - [INFO] - Epoch:   16 | FVAL: 0.0202593
2019-07-12 00:08:38,364 - [INFO] - Epoch:   17 | FVAL: 0.0199634
2019-07-12 00:08:41,093 - [INFO] - Epoch:   18 | FVAL: 0.0197163
2019-07-12 00:08:43,868 - [INFO] - Epoch:   19 | FVAL: 0.0194952
2019-07-12 00:08:46,759 - [INFO] - Epoch:   20 | FVAL: 0.0192217
2019-07-12 00:08:49,598 - [INFO] - Epoch:   21 | FVAL: 0.0190290
2019-07-12 00:08:52,331 - [INFO] - Epoch:   22 | FVAL: 0.0188156
2019-07-12 00:08:55,179 - [INFO] - Epoch:   23 | FVAL: 0.0186132
2019-07-12 00:08:57,935 - [INFO] - Epoch:   24 | FVAL: 0.0184181
2019-07-12 00:09:00,728 - [INFO] - Epoch:   25 | FVAL: 0.0182175
2019-07-12 00:09:03,406 - [INFO] - Epoch:   26 | FVAL: 0.0180600
2019-07-12 00:09:06,137 - [INFO] - Epoch:   27 | FVAL: 0.0179099
2019-07-12 00:09:08,845 - [INFO] - Epoch:   28 | FVAL: 0.0177498
2019-07-12 00:09:11,464 - [INFO] - Epoch:   29 | FVAL: 0.0176330
2019-07-12 00:09:14,108 - [INFO] - Epoch:   30 | FVAL: 0.0174701
2019-07-12 00:09:16,856 - [INFO] - Epoch:   31 | FVAL: 0.0173302
2019-07-12 00:09:19,572 - [INFO] - Epoch:   32 | FVAL: 0.0171996
2019-07-12 00:09:22,272 - [INFO] - Epoch:   33 | FVAL: 0.0170912
2019-07-12 00:09:24,950 - [INFO] - Epoch:   34 | FVAL: 0.0170062
2019-07-12 00:09:27,646 - [INFO] - Epoch:   35 | FVAL: 0.0169059
2019-07-12 00:09:30,318 - [INFO] - Epoch:   36 | FVAL: 0.0167789
2019-07-12 00:09:33,189 - [INFO] - Epoch:   37 | FVAL: 0.0166648
2019-07-12 00:09:35,975 - [INFO] - Epoch:   38 | FVAL: 0.0165755
2019-07-12 00:09:38,770 - [INFO] - Epoch:   39 | FVAL: 0.0164743
2019-07-12 00:09:41,578 - [INFO] - Epoch:   40 | FVAL: 0.0163773
2019-07-12 00:09:44,255 - [INFO] - Epoch:   41 | FVAL: 0.0162877
2019-07-12 00:09:47,020 - [INFO] - Epoch:   42 | FVAL: 0.0161912
2019-07-12 00:09:49,761 - [INFO] - Epoch:   43 | FVAL: 0.0161171
2019-07-12 00:09:52,440 - [INFO] - Epoch:   44 | FVAL: 0.0160466
2019-07-12 00:09:55,127 - [INFO] - Epoch:   45 | FVAL: 0.0159885
2019-07-12 00:09:57,864 - [INFO] - Epoch:   46 | FVAL: 0.0159260
2019-07-12 00:10:00,719 - [INFO] - Epoch:   47 | FVAL: 0.0158508
2019-07-12 00:10:03,403 - [INFO] - Epoch:   48 | FVAL: 0.0157656
2019-07-12 00:10:06,170 - [INFO] - Epoch:   49 | FVAL: 0.0157165
2019-07-12 00:10:08,901 - [INFO] - Epoch:   50 | FVAL: 0.0156695
2019-07-12 00:10:11,567 - [INFO] - Epoch:   51 | FVAL: 0.0156102
2019-07-12 00:10:14,243 - [INFO] - Epoch:   52 | FVAL: 0.0155692
2019-07-12 00:10:16,981 - [INFO] - Epoch:   53 | FVAL: 0.0155427
2019-07-12 00:10:19,715 - [INFO] - Epoch:   54 | FVAL: 0.0155039
2019-07-12 00:10:22,402 - [INFO] - Epoch:   55 | FVAL: 0.0154592
2019-07-12 00:10:25,114 - [INFO] - Epoch:   56 | FVAL: 0.0154190
2019-07-12 00:10:27,842 - [INFO] - Epoch:   57 | FVAL: 0.0153839
2019-07-12 00:10:30,579 - [INFO] - Epoch:   58 | FVAL: 0.0153311
2019-07-12 00:10:33,215 - [INFO] - Epoch:   59 | FVAL: 0.0152850
2019-07-12 00:10:35,858 - [INFO] - Epoch:   60 | FVAL: 0.0152559
2019-07-12 00:10:38,594 - [INFO] - Epoch:   61 | FVAL: 0.0152138
2019-07-12 00:10:41,334 - [INFO] - Epoch:   62 | FVAL: 0.0151764
2019-07-12 00:10:44,047 - [INFO] - Epoch:   63 | FVAL: 0.0151453
2019-07-12 00:10:46,718 - [INFO] - Epoch:   64 | FVAL: 0.0151147
2019-07-12 00:10:49,426 - [INFO] - Epoch:   65 | FVAL: 0.0150811
2019-07-12 00:10:52,151 - [INFO] - Epoch:   66 | FVAL: 0.0150559
2019-07-12 00:10:54,878 - [INFO] - Epoch:   67 | FVAL: 0.0150203
2019-07-12 00:10:57,570 - [INFO] - Epoch:   68 | FVAL: 0.0149908
2019-07-12 00:11:00,468 - [INFO] - Epoch:   69 | FVAL: 0.0149668
2019-07-12 00:11:03,189 - [INFO] - Epoch:   70 | FVAL: 0.0149234
2019-07-12 00:11:05,893 - [INFO] - Epoch:   71 | FVAL: 0.0149006
2019-07-12 00:11:08,628 - [INFO] - Epoch:   72 | FVAL: 0.0148715
2019-07-12 00:11:11,377 - [INFO] - Epoch:   73 | FVAL: 0.0148463
2019-07-12 00:11:14,052 - [INFO] - Epoch:   74 | FVAL: 0.0148245
2019-07-12 00:11:16,755 - [INFO] - Epoch:   75 | FVAL: 0.0148055
2019-07-12 00:11:19,549 - [INFO] - Epoch:   76 | FVAL: 0.0147838
2019-07-12 00:11:22,393 - [INFO] - Epoch:   77 | FVAL: 0.0147556
2019-07-12 00:11:25,145 - [INFO] - Epoch:   78 | FVAL: 0.0147311
2019-07-12 00:11:27,973 - [INFO] - Epoch:   79 | FVAL: 0.0147082
2019-07-12 00:11:30,821 - [INFO] - Epoch:   80 | FVAL: 0.0146836
2019-07-12 00:11:33,573 - [INFO] - Epoch:   81 | FVAL: 0.0146589
2019-07-12 00:11:36,326 - [INFO] - Epoch:   82 | FVAL: 0.0146377
2019-07-12 00:11:39,065 - [INFO] - Epoch:   83 | FVAL: 0.0146189
2019-07-12 00:11:41,750 - [INFO] - Epoch:   84 | FVAL: 0.0145903
2019-07-12 00:11:44,407 - [INFO] - Epoch:   85 | FVAL: 0.0145687
2019-07-12 00:11:47,108 - [INFO] - Epoch:   86 | FVAL: 0.0145443
2019-07-12 00:11:49,865 - [INFO] - Epoch:   87 | FVAL: 0.0145244
2019-07-12 00:11:52,527 - [INFO] - Epoch:   88 | FVAL: 0.0145050
2019-07-12 00:11:55,208 - [INFO] - Epoch:   89 | FVAL: 0.0144867
2019-07-12 00:11:57,924 - [INFO] - Epoch:   90 | FVAL: 0.0144680
2019-07-12 00:12:00,823 - [INFO] - Epoch:   91 | FVAL: 0.0144440
2019-07-12 00:12:03,494 - [INFO] - Epoch:   92 | FVAL: 0.0144208
2019-07-12 00:12:06,161 - [INFO] - Epoch:   93 | FVAL: 0.0144019
2019-07-12 00:12:08,916 - [INFO] - Epoch:   94 | FVAL: 0.0143786
2019-07-12 00:12:11,808 - [INFO] - Epoch:   95 | FVAL: 0.0143626
2019-07-12 00:12:14,564 - [INFO] - Epoch:   96 | FVAL: 0.0143472
2019-07-12 00:12:17,492 - [INFO] - Epoch:   97 | FVAL: 0.0143264
2019-07-12 00:12:20,328 - [INFO] - Epoch:   98 | FVAL: 0.0143064
2019-07-12 00:12:23,166 - [INFO] - Epoch:   99 | FVAL: 0.0142783
2019-07-12 00:12:25,987 - [INFO] - Epoch:  100 | FVAL: 0.0142583
2019-07-12 00:12:28,675 - [INFO] - Epoch:  101 | FVAL: 0.0142439
2019-07-12 00:12:31,371 - [INFO] - Epoch:  102 | FVAL: 0.0142172
2019-07-12 00:12:34,164 - [INFO] - Epoch:  103 | FVAL: 0.0142023
2019-07-12 00:12:36,920 - [INFO] - Epoch:  104 | FVAL: 0.0141870
2019-07-12 00:12:39,621 - [INFO] - Epoch:  105 | FVAL: 0.0141676
2019-07-12 00:12:42,420 - [INFO] - Epoch:  106 | FVAL: 0.0141564
2019-07-12 00:12:45,169 - [INFO] - Epoch:  107 | FVAL: 0.0141406
2019-07-12 00:12:47,866 - [INFO] - Epoch:  108 | FVAL: 0.0141208
2019-07-12 00:12:50,616 - [INFO] - Epoch:  109 | FVAL: 0.0141010
2019-07-12 00:12:53,372 - [INFO] - Epoch:  110 | FVAL: 0.0140873
2019-07-12 00:12:56,111 - [INFO] - Epoch:  111 | FVAL: 0.0140712
2019-07-12 00:12:58,780 - [INFO] - Epoch:  112 | FVAL: 0.0140651
2019-07-12 00:13:01,699 - [INFO] - Epoch:  113 | FVAL: 0.0140514
2019-07-12 00:13:04,441 - [INFO] - Epoch:  114 | FVAL: 0.0140423
2019-07-12 00:13:07,131 - [INFO] - Epoch:  115 | FVAL: 0.0140309
2019-07-12 00:13:09,771 - [INFO] - Epoch:  116 | FVAL: 0.0140179
2019-07-12 00:13:12,523 - [INFO] - Epoch:  117 | FVAL: 0.0140112
2019-07-12 00:13:15,248 - [INFO] - Epoch:  118 | FVAL: 0.0140039
2019-07-12 00:13:17,972 - [INFO] - Epoch:  119 | FVAL: 0.0139969
2019-07-12 00:13:20,669 - [INFO] - Epoch:  120 | FVAL: 0.0139891
2019-07-12 00:13:23,407 - [INFO] - Epoch:  121 | FVAL: 0.0139802
2019-07-12 00:13:26,130 - [INFO] - Epoch:  122 | FVAL: 0.0139700
2019-07-12 00:13:28,782 - [INFO] - Epoch:  123 | FVAL: 0.0139612
2019-07-12 00:13:31,500 - [INFO] - Epoch:  124 | FVAL: 0.0139527
2019-07-12 00:13:34,292 - [INFO] - Epoch:  125 | FVAL: 0.0139446
2019-07-12 00:13:37,036 - [INFO] - Epoch:  126 | FVAL: 0.0139356
2019-07-12 00:13:39,762 - [INFO] - Epoch:  127 | FVAL: 0.0139252
2019-07-12 00:13:42,589 - [INFO] - Epoch:  128 | FVAL: 0.0139157
2019-07-12 00:13:45,324 - [INFO] - Epoch:  129 | FVAL: 0.0139100
2019-07-12 00:13:48,010 - [INFO] - Epoch:  130 | FVAL: 0.0139002
2019-07-12 00:13:50,688 - [INFO] - Epoch:  131 | FVAL: 0.0138920
2019-07-12 00:13:53,438 - [INFO] - Epoch:  132 | FVAL: 0.0138819
2019-07-12 00:13:56,213 - [INFO] - Epoch:  133 | FVAL: 0.0138755
2019-07-12 00:13:58,895 - [INFO] - Epoch:  134 | FVAL: 0.0138665
2019-07-12 00:14:01,820 - [INFO] - Epoch:  135 | FVAL: 0.0138571
2019-07-12 00:14:04,584 - [INFO] - Epoch:  136 | FVAL: 0.0138444
2019-07-12 00:14:07,267 - [INFO] - Epoch:  137 | FVAL: 0.0138357
2019-07-12 00:14:09,947 - [INFO] - Epoch:  138 | FVAL: 0.0138302
2019-07-12 00:14:12,712 - [INFO] - Epoch:  139 | FVAL: 0.0138232
2019-07-12 00:14:15,513 - [INFO] - Epoch:  140 | FVAL: 0.0138176
2019-07-12 00:14:18,198 - [INFO] - Epoch:  141 | FVAL: 0.0138110
2019-07-12 00:14:20,963 - [INFO] - Epoch:  142 | FVAL: 0.0138060
2019-07-12 00:14:23,818 - [INFO] - Epoch:  143 | FVAL: 0.0137960
2019-07-12 00:14:26,604 - [INFO] - Epoch:  144 | FVAL: 0.0137845
2019-07-12 00:14:29,379 - [INFO] - Epoch:  145 | FVAL: 0.0137749
2019-07-12 00:14:32,056 - [INFO] - Epoch:  146 | FVAL: 0.0137645
2019-07-12 00:14:34,813 - [INFO] - Epoch:  147 | FVAL: 0.0137592
2019-07-12 00:14:37,469 - [INFO] - Epoch:  148 | FVAL: 0.0137526
2019-07-12 00:14:40,182 - [INFO] - Epoch:  149 | FVAL: 0.0137430
2019-07-12 00:14:42,829 - [INFO] - Epoch:  150 | FVAL: 0.0137373
2019-07-12 00:14:45,524 - [INFO] - Epoch:  151 | FVAL: 0.0137335
2019-07-12 00:14:48,163 - [INFO] - Epoch:  152 | FVAL: 0.0137290
2019-07-12 00:14:50,815 - [INFO] - Epoch:  153 | FVAL: 0.0137257
2019-07-12 00:14:53,540 - [INFO] - Epoch:  154 | FVAL: 0.0137195
2019-07-12 00:14:56,280 - [INFO] - Epoch:  155 | FVAL: 0.0137151
2019-07-12 00:14:58,983 - [INFO] - Epoch:  156 | FVAL: 0.0137082
2019-07-12 00:15:02,021 - [INFO] - Epoch:  157 | FVAL: 0.0137018
2019-07-12 00:15:04,861 - [INFO] - Epoch:  158 | FVAL: 0.0136966
2019-07-12 00:15:07,564 - [INFO] - Epoch:  159 | FVAL: 0.0136905
2019-07-12 00:15:10,356 - [INFO] - Epoch:  160 | FVAL: 0.0136863
2019-07-12 00:15:13,138 - [INFO] - Epoch:  161 | FVAL: 0.0136806
2019-07-12 00:15:15,929 - [INFO] - Epoch:  162 | FVAL: 0.0136762
2019-07-12 00:15:18,665 - [INFO] - Epoch:  163 | FVAL: 0.0136717
2019-07-12 00:15:21,370 - [INFO] - Epoch:  164 | FVAL: 0.0136662
2019-07-12 00:15:24,064 - [INFO] - Epoch:  165 | FVAL: 0.0136608
2019-07-12 00:15:26,730 - [INFO] - Epoch:  166 | FVAL: 0.0136565
2019-07-12 00:15:29,399 - [INFO] - Epoch:  167 | FVAL: 0.0136499
2019-07-12 00:15:32,122 - [INFO] - Epoch:  168 | FVAL: 0.0136454
2019-07-12 00:15:34,832 - [INFO] - Epoch:  169 | FVAL: 0.0136405
2019-07-12 00:15:37,500 - [INFO] - Epoch:  170 | FVAL: 0.0136359
2019-07-12 00:15:40,261 - [INFO] - Epoch:  171 | FVAL: 0.0136299
2019-07-12 00:15:43,186 - [INFO] - Epoch:  172 | FVAL: 0.0136246
2019-07-12 00:15:45,886 - [INFO] - Epoch:  173 | FVAL: 0.0136197
2019-07-12 00:15:48,552 - [INFO] - Epoch:  174 | FVAL: 0.0136147
2019-07-12 00:15:51,331 - [INFO] - Epoch:  175 | FVAL: 0.0136099
2019-07-12 00:15:54,085 - [INFO] - Epoch:  176 | FVAL: 0.0136076
2019-07-12 00:15:56,780 - [INFO] - Epoch:  177 | FVAL: 0.0136036
2019-07-12 00:15:59,493 - [INFO] - Epoch:  178 | FVAL: 0.0135999
2019-07-12 00:16:02,474 - [INFO] - Epoch:  179 | FVAL: 0.0135959
2019-07-12 00:16:05,179 - [INFO] - Epoch:  180 | FVAL: 0.0135919
2019-07-12 00:16:07,983 - [INFO] - Epoch:  181 | FVAL: 0.0135877
2019-07-12 00:16:10,691 - [INFO] - Epoch:  182 | FVAL: 0.0135834
2019-07-12 00:16:13,431 - [INFO] - Epoch:  183 | FVAL: 0.0135797
2019-07-12 00:16:16,151 - [INFO] - Epoch:  184 | FVAL: 0.0135764
2019-07-12 00:16:18,888 - [INFO] - Epoch:  185 | FVAL: 0.0135742
2019-07-12 00:16:21,626 - [INFO] - Epoch:  186 | FVAL: 0.0135712
2019-07-12 00:16:24,327 - [INFO] - Epoch:  187 | FVAL: 0.0135685
2019-07-12 00:16:26,984 - [INFO] - Epoch:  188 | FVAL: 0.0135644
2019-07-12 00:16:29,685 - [INFO] - Epoch:  189 | FVAL: 0.0135605
2019-07-12 00:16:32,352 - [INFO] - Epoch:  190 | FVAL: 0.0135572
2019-07-12 00:16:35,035 - [INFO] - Epoch:  191 | FVAL: 0.0135533
2019-07-12 00:16:37,725 - [INFO] - Epoch:  192 | FVAL: 0.0135502
2019-07-12 00:16:40,492 - [INFO] - Epoch:  193 | FVAL: 0.0135468
2019-07-12 00:16:43,244 - [INFO] - Epoch:  194 | FVAL: 0.0135431
2019-07-12 00:16:45,962 - [INFO] - Epoch:  195 | FVAL: 0.0135401
2019-07-12 00:16:48,632 - [INFO] - Epoch:  196 | FVAL: 0.0135359
2019-07-12 00:16:51,376 - [INFO] - Epoch:  197 | FVAL: 0.0135325
2019-07-12 00:16:54,118 - [INFO] - Epoch:  198 | FVAL: 0.0135297
2019-07-12 00:16:56,818 - [INFO] - Epoch:  199 | FVAL: 0.0135264
2019-07-12 00:16:59,475 - [INFO] - Epoch:  200 | FVAL: 0.0135228
2019-07-12 00:17:02,369 - [INFO] - Epoch:  201 | FVAL: 0.0135203
2019-07-12 00:17:05,193 - [INFO] - Epoch:  202 | FVAL: 0.0135164
2019-07-12 00:17:07,915 - [INFO] - Epoch:  203 | FVAL: 0.0135123
2019-07-12 00:17:10,681 - [INFO] - Epoch:  204 | FVAL: 0.0135093
2019-07-12 00:17:13,449 - [INFO] - Epoch:  205 | FVAL: 0.0135079
2019-07-12 00:17:16,113 - [INFO] - Epoch:  206 | FVAL: 0.0135060
2019-07-12 00:17:18,774 - [INFO] - Epoch:  207 | FVAL: 0.0135032
2019-07-12 00:17:21,487 - [INFO] - Epoch:  208 | FVAL: 0.0135008
2019-07-12 00:17:24,188 - [INFO] - Epoch:  209 | FVAL: 0.0134981
2019-07-12 00:17:26,904 - [INFO] - Epoch:  210 | FVAL: 0.0134950
2019-07-12 00:17:29,599 - [INFO] - Epoch:  211 | FVAL: 0.0134928
2019-07-12 00:17:32,336 - [INFO] - Epoch:  212 | FVAL: 0.0134900
2019-07-12 00:17:35,038 - [INFO] - Epoch:  213 | FVAL: 0.0134880
2019-07-12 00:17:37,688 - [INFO] - Epoch:  214 | FVAL: 0.0134860
2019-07-12 00:17:40,334 - [INFO] - Epoch:  215 | FVAL: 0.0134832
2019-07-12 00:17:43,030 - [INFO] - Epoch:  216 | FVAL: 0.0134806
2019-07-12 00:17:45,703 - [INFO] - Epoch:  217 | FVAL: 0.0134788
2019-07-12 00:17:48,390 - [INFO] - Epoch:  218 | FVAL: 0.0134766
2019-07-12 00:17:51,067 - [INFO] - Epoch:  219 | FVAL: 0.0134751
2019-07-12 00:17:53,835 - [INFO] - Epoch:  220 | FVAL: 0.0134725
2019-07-12 00:17:56,523 - [INFO] - Epoch:  221 | FVAL: 0.0134690
2019-07-12 00:17:59,242 - [INFO] - Epoch:  222 | FVAL: 0.0134670
2019-07-12 00:18:02,035 - [INFO] - Epoch:  223 | FVAL: 0.0134639
2019-07-12 00:18:04,752 - [INFO] - Epoch:  224 | FVAL: 0.0134617
2019-07-12 00:18:07,456 - [INFO] - Epoch:  225 | FVAL: 0.0134596
2019-07-12 00:18:10,120 - [INFO] - Epoch:  226 | FVAL: 0.0134575
2019-07-12 00:18:12,767 - [INFO] - Epoch:  227 | FVAL: 0.0134548
2019-07-12 00:18:15,425 - [INFO] - Epoch:  228 | FVAL: 0.0134532
2019-07-12 00:18:18,116 - [INFO] - Epoch:  229 | FVAL: 0.0134506
2019-07-12 00:18:20,851 - [INFO] - Epoch:  230 | FVAL: 0.0134481
2019-07-12 00:18:23,523 - [INFO] - Epoch:  231 | FVAL: 0.0134449
2019-07-12 00:18:26,183 - [INFO] - Epoch:  232 | FVAL: 0.0134420
2019-07-12 00:18:28,905 - [INFO] - Epoch:  233 | FVAL: 0.0134393
2019-07-12 00:18:31,646 - [INFO] - Epoch:  234 | FVAL: 0.0134368
2019-07-12 00:18:34,302 - [INFO] - Epoch:  235 | FVAL: 0.0134352
2019-07-12 00:18:36,947 - [INFO] - Epoch:  236 | FVAL: 0.0134322
2019-07-12 00:18:39,621 - [INFO] - Epoch:  237 | FVAL: 0.0134303
2019-07-12 00:18:42,331 - [INFO] - Epoch:  238 | FVAL: 0.0134275
2019-07-12 00:18:45,045 - [INFO] - Epoch:  239 | FVAL: 0.0134258
2019-07-12 00:18:47,793 - [INFO] - Epoch:  240 | FVAL: 0.0134239
2019-07-12 00:18:50,550 - [INFO] - Epoch:  241 | FVAL: 0.0134210
2019-07-12 00:18:53,299 - [INFO] - Epoch:  242 | FVAL: 0.0134190
2019-07-12 00:18:55,982 - [INFO] - Epoch:  243 | FVAL: 0.0134176
2019-07-12 00:18:58,782 - [INFO] - Epoch:  244 | FVAL: 0.0134161
2019-07-12 00:19:01,694 - [INFO] - Epoch:  245 | FVAL: 0.0134135
2019-07-12 00:19:04,314 - [INFO] - Epoch:  246 | FVAL: 0.0134110
2019-07-12 00:19:07,040 - [INFO] - Epoch:  247 | FVAL: 0.0134090
2019-07-12 00:19:09,778 - [INFO] - Epoch:  248 | FVAL: 0.0134074
2019-07-12 00:19:12,517 - [INFO] - Epoch:  249 | FVAL: 0.0134049
2019-07-12 00:19:15,199 - [INFO] - Epoch:  250 | FVAL: 0.0134027
2019-07-12 00:19:17,883 - [INFO] - Epoch:  251 | FVAL: 0.0134011
2019-07-12 00:19:20,607 - [INFO] - Epoch:  252 | FVAL: 0.0133992
2019-07-12 00:19:23,337 - [INFO] - Epoch:  253 | FVAL: 0.0133980
2019-07-12 00:19:25,987 - [INFO] - Epoch:  254 | FVAL: 0.0133964
2019-07-12 00:19:28,687 - [INFO] - Epoch:  255 | FVAL: 0.0133950
2019-07-12 00:19:31,408 - [INFO] - Epoch:  256 | FVAL: 0.0133931
2019-07-12 00:19:34,130 - [INFO] - Epoch:  257 | FVAL: 0.0133911
2019-07-12 00:19:36,814 - [INFO] - Epoch:  258 | FVAL: 0.0133895
2019-07-12 00:19:39,483 - [INFO] - Epoch:  259 | FVAL: 0.0133880
2019-07-12 00:19:42,232 - [INFO] - Epoch:  260 | FVAL: 0.0133864
2019-07-12 00:19:44,984 - [INFO] - Epoch:  261 | FVAL: 0.0133851
2019-07-12 00:19:47,690 - [INFO] - Epoch:  262 | FVAL: 0.0133838
2019-07-12 00:19:50,370 - [INFO] - Epoch:  263 | FVAL: 0.0133829
