2019-07-13 20:06:38,793 - [INFO] - csum-- N:44 | d:7129 | lambda:0.001
2019-07-13 20:06:38,793 - [INFO] - Function value sequence convergence criteria.
2019-07-13 20:06:38,793 - [INFO] - Epoch:    0 | FVAL: 0.3465736
2019-07-13 20:06:39,775 - [INFO] - Epoch:    1 | FVAL: 0.3465736
2019-07-13 20:06:40,748 - [INFO] - Epoch:    2 | FVAL: 0.0319681
2019-07-13 20:06:41,676 - [INFO] - Epoch:    3 | FVAL: 0.0296938
2019-07-13 20:06:42,660 - [INFO] - Epoch:    4 | FVAL: 0.0280230
2019-07-13 20:06:43,582 - [INFO] - Epoch:    5 | FVAL: 0.0267183
2019-07-13 20:06:44,563 - [INFO] - Epoch:    6 | FVAL: 0.0256249
2019-07-13 20:06:45,551 - [INFO] - Epoch:    7 | FVAL: 0.0247018
2019-07-13 20:06:46,477 - [INFO] - Epoch:    8 | FVAL: 0.0239018
2019-07-13 20:06:47,467 - [INFO] - Epoch:    9 | FVAL: 0.0231733
2019-07-13 20:06:48,392 - [INFO] - Epoch:   10 | FVAL: 0.0224989
2019-07-13 20:06:49,420 - [INFO] - Epoch:   11 | FVAL: 0.0218909
2019-07-13 20:06:50,421 - [INFO] - Epoch:   12 | FVAL: 0.0213297
2019-07-13 20:06:51,349 - [INFO] - Epoch:   13 | FVAL: 0.0208218
2019-07-13 20:06:52,317 - [INFO] - Epoch:   14 | FVAL: 0.0203645
2019-07-13 20:06:53,235 - [INFO] - Epoch:   15 | FVAL: 0.0199526
2019-07-13 20:06:54,207 - [INFO] - Epoch:   16 | FVAL: 0.0195841
2019-07-13 20:06:55,215 - [INFO] - Epoch:   17 | FVAL: 0.0192450
2019-07-13 20:06:56,128 - [INFO] - Epoch:   18 | FVAL: 0.0189490
2019-07-13 20:06:57,094 - [INFO] - Epoch:   19 | FVAL: 0.0186815
2019-07-13 20:06:58,007 - [INFO] - Epoch:   20 | FVAL: 0.0184324
2019-07-13 20:06:58,970 - [INFO] - Epoch:   21 | FVAL: 0.0181943
2019-07-13 20:06:59,933 - [INFO] - Epoch:   22 | FVAL: 0.0179705
2019-07-13 20:07:01,014 - [INFO] - Epoch:   23 | FVAL: 0.0177607
2019-07-13 20:07:01,977 - [INFO] - Epoch:   24 | FVAL: 0.0175615
2019-07-13 20:07:02,891 - [INFO] - Epoch:   25 | FVAL: 0.0173803
2019-07-13 20:07:03,860 - [INFO] - Epoch:   26 | FVAL: 0.0172251
2019-07-13 20:07:04,824 - [INFO] - Epoch:   27 | FVAL: 0.0170810
2019-07-13 20:07:05,732 - [INFO] - Epoch:   28 | FVAL: 0.0169434
2019-07-13 20:07:06,700 - [INFO] - Epoch:   29 | FVAL: 0.0168136
2019-07-13 20:07:07,609 - [INFO] - Epoch:   30 | FVAL: 0.0166874
2019-07-13 20:07:08,576 - [INFO] - Epoch:   31 | FVAL: 0.0165695
2019-07-13 20:07:09,557 - [INFO] - Epoch:   32 | FVAL: 0.0164539
2019-07-13 20:07:10,476 - [INFO] - Epoch:   33 | FVAL: 0.0163530
2019-07-13 20:07:11,391 - [INFO] - Epoch:   34 | FVAL: 0.0162585
2019-07-13 20:07:12,369 - [INFO] - Epoch:   35 | FVAL: 0.0161691
2019-07-13 20:07:13,332 - [INFO] - Epoch:   36 | FVAL: 0.0160848
2019-07-13 20:07:14,304 - [INFO] - Epoch:   37 | FVAL: 0.0160030
2019-07-13 20:07:15,264 - [INFO] - Epoch:   38 | FVAL: 0.0159248
2019-07-13 20:07:16,183 - [INFO] - Epoch:   39 | FVAL: 0.0158482
2019-07-13 20:07:17,166 - [INFO] - Epoch:   40 | FVAL: 0.0157739
2019-07-13 20:07:18,136 - [INFO] - Epoch:   41 | FVAL: 0.0157067
2019-07-13 20:07:19,046 - [INFO] - Epoch:   42 | FVAL: 0.0156436
2019-07-13 20:07:20,007 - [INFO] - Epoch:   43 | FVAL: 0.0155818
2019-07-13 20:07:20,959 - [INFO] - Epoch:   44 | FVAL: 0.0155212
2019-07-13 20:07:21,942 - [INFO] - Epoch:   45 | FVAL: 0.0154614
2019-07-13 20:07:22,934 - [INFO] - Epoch:   46 | FVAL: 0.0154019
2019-07-13 20:07:23,847 - [INFO] - Epoch:   47 | FVAL: 0.0153494
2019-07-13 20:07:24,833 - [INFO] - Epoch:   48 | FVAL: 0.0153011
2019-07-13 20:07:25,751 - [INFO] - Epoch:   49 | FVAL: 0.0152549
2019-07-13 20:07:26,729 - [INFO] - Epoch:   50 | FVAL: 0.0152129
2019-07-13 20:07:27,708 - [INFO] - Epoch:   51 | FVAL: 0.0151724
2019-07-13 20:07:28,635 - [INFO] - Epoch:   52 | FVAL: 0.0151365
2019-07-13 20:07:29,604 - [INFO] - Epoch:   53 | FVAL: 0.0151012
2019-07-13 20:07:30,522 - [INFO] - Epoch:   54 | FVAL: 0.0150664
2019-07-13 20:07:31,499 - [INFO] - Epoch:   55 | FVAL: 0.0150320
2019-07-13 20:07:32,491 - [INFO] - Epoch:   56 | FVAL: 0.0149978
2019-07-13 20:07:33,410 - [INFO] - Epoch:   57 | FVAL: 0.0149638
2019-07-13 20:07:34,396 - [INFO] - Epoch:   58 | FVAL: 0.0149303
2019-07-13 20:07:35,316 - [INFO] - Epoch:   59 | FVAL: 0.0148973
2019-07-13 20:07:36,307 - [INFO] - Epoch:   60 | FVAL: 0.0148651
2019-07-13 20:07:37,297 - [INFO] - Epoch:   61 | FVAL: 0.0148339
2019-07-13 20:07:38,221 - [INFO] - Epoch:   62 | FVAL: 0.0148028
2019-07-13 20:07:39,202 - [INFO] - Epoch:   63 | FVAL: 0.0147721
2019-07-13 20:07:40,123 - [INFO] - Epoch:   64 | FVAL: 0.0147425
2019-07-13 20:07:41,098 - [INFO] - Epoch:   65 | FVAL: 0.0147138
2019-07-13 20:07:42,082 - [INFO] - Epoch:   66 | FVAL: 0.0146870
2019-07-13 20:07:43,008 - [INFO] - Epoch:   67 | FVAL: 0.0146639
2019-07-13 20:07:43,992 - [INFO] - Epoch:   68 | FVAL: 0.0146408
2019-07-13 20:07:44,925 - [INFO] - Epoch:   69 | FVAL: 0.0146183
2019-07-13 20:07:45,936 - [INFO] - Epoch:   70 | FVAL: 0.0145962
2019-07-13 20:07:46,930 - [INFO] - Epoch:   71 | FVAL: 0.0145742
2019-07-13 20:07:47,856 - [INFO] - Epoch:   72 | FVAL: 0.0145525
2019-07-13 20:07:48,849 - [INFO] - Epoch:   73 | FVAL: 0.0145316
2019-07-13 20:07:49,773 - [INFO] - Epoch:   74 | FVAL: 0.0145129
2019-07-13 20:07:50,760 - [INFO] - Epoch:   75 | FVAL: 0.0144946
2019-07-13 20:07:51,782 - [INFO] - Epoch:   76 | FVAL: 0.0144769
2019-07-13 20:07:52,710 - [INFO] - Epoch:   77 | FVAL: 0.0144597
2019-07-13 20:07:53,694 - [INFO] - Epoch:   78 | FVAL: 0.0144427
2019-07-13 20:07:54,632 - [INFO] - Epoch:   79 | FVAL: 0.0144259
2019-07-13 20:07:55,670 - [INFO] - Epoch:   80 | FVAL: 0.0144092
2019-07-13 20:07:56,665 - [INFO] - Epoch:   81 | FVAL: 0.0143933
2019-07-13 20:07:57,661 - [INFO] - Epoch:   82 | FVAL: 0.0143777
2019-07-13 20:07:58,586 - [INFO] - Epoch:   83 | FVAL: 0.0143622
2019-07-13 20:07:59,509 - [INFO] - Epoch:   84 | FVAL: 0.0143467
2019-07-13 20:08:00,668 - [INFO] - Epoch:   85 | FVAL: 0.0143325
2019-07-13 20:08:01,628 - [INFO] - Epoch:   86 | FVAL: 0.0143186
2019-07-13 20:08:02,588 - [INFO] - Epoch:   87 | FVAL: 0.0143047
2019-07-13 20:08:03,500 - [INFO] - Epoch:   88 | FVAL: 0.0142910
2019-07-13 20:08:04,467 - [INFO] - Epoch:   89 | FVAL: 0.0142788
2019-07-13 20:08:05,374 - [INFO] - Epoch:   90 | FVAL: 0.0142668
2019-07-13 20:08:06,340 - [INFO] - Epoch:   91 | FVAL: 0.0142554
2019-07-13 20:08:07,373 - [INFO] - Epoch:   92 | FVAL: 0.0142441
2019-07-13 20:08:08,275 - [INFO] - Epoch:   93 | FVAL: 0.0142329
2019-07-13 20:08:09,249 - [INFO] - Epoch:   94 | FVAL: 0.0142218
2019-07-13 20:08:10,159 - [INFO] - Epoch:   95 | FVAL: 0.0142109
2019-07-13 20:08:11,140 - [INFO] - Epoch:   96 | FVAL: 0.0142002
2019-07-13 20:08:12,166 - [INFO] - Epoch:   97 | FVAL: 0.0141903
2019-07-13 20:08:13,076 - [INFO] - Epoch:   98 | FVAL: 0.0141811
2019-07-13 20:08:14,046 - [INFO] - Epoch:   99 | FVAL: 0.0141719
2019-07-13 20:08:15,016 - [INFO] - Epoch:  100 | FVAL: 0.0141630
2019-07-13 20:08:15,992 - [INFO] - Epoch:  101 | FVAL: 0.0141543
2019-07-13 20:08:16,958 - [INFO] - Epoch:  102 | FVAL: 0.0141456
2019-07-13 20:08:17,868 - [INFO] - Epoch:  103 | FVAL: 0.0141373
2019-07-13 20:08:18,841 - [INFO] - Epoch:  104 | FVAL: 0.0141289
2019-07-13 20:08:19,762 - [INFO] - Epoch:  105 | FVAL: 0.0141207
2019-07-13 20:08:20,726 - [INFO] - Epoch:  106 | FVAL: 0.0141125
2019-07-13 20:08:21,692 - [INFO] - Epoch:  107 | FVAL: 0.0141043
2019-07-13 20:08:22,600 - [INFO] - Epoch:  108 | FVAL: 0.0140963
2019-07-13 20:08:23,509 - [INFO] - Epoch:  109 | FVAL: 0.0140884
2019-07-13 20:08:24,501 - [INFO] - Epoch:  110 | FVAL: 0.0140806
2019-07-13 20:08:25,526 - [INFO] - Epoch:  111 | FVAL: 0.0140728
2019-07-13 20:08:26,543 - [INFO] - Epoch:  112 | FVAL: 0.0140652
2019-07-13 20:08:27,476 - [INFO] - Epoch:  113 | FVAL: 0.0140576
2019-07-13 20:08:28,474 - [INFO] - Epoch:  114 | FVAL: 0.0140501
2019-07-13 20:08:29,406 - [INFO] - Epoch:  115 | FVAL: 0.0140427
2019-07-13 20:08:30,416 - [INFO] - Epoch:  116 | FVAL: 0.0140356
2019-07-13 20:08:31,406 - [INFO] - Epoch:  117 | FVAL: 0.0140285
2019-07-13 20:08:32,354 - [INFO] - Epoch:  118 | FVAL: 0.0140215
2019-07-13 20:08:33,331 - [INFO] - Epoch:  119 | FVAL: 0.0140145
2019-07-13 20:08:34,245 - [INFO] - Epoch:  120 | FVAL: 0.0140075
2019-07-13 20:08:35,224 - [INFO] - Epoch:  121 | FVAL: 0.0140006
2019-07-13 20:08:36,199 - [INFO] - Epoch:  122 | FVAL: 0.0139937
2019-07-13 20:08:37,116 - [INFO] - Epoch:  123 | FVAL: 0.0139869
2019-07-13 20:08:38,115 - [INFO] - Epoch:  124 | FVAL: 0.0139801
2019-07-13 20:08:39,034 - [INFO] - Epoch:  125 | FVAL: 0.0139734
2019-07-13 20:08:40,021 - [INFO] - Epoch:  126 | FVAL: 0.0139667
2019-07-13 20:08:41,006 - [INFO] - Epoch:  127 | FVAL: 0.0139602
2019-07-13 20:08:41,918 - [INFO] - Epoch:  128 | FVAL: 0.0139538
2019-07-13 20:08:42,895 - [INFO] - Epoch:  129 | FVAL: 0.0139475
2019-07-13 20:08:43,814 - [INFO] - Epoch:  130 | FVAL: 0.0139414
2019-07-13 20:08:44,785 - [INFO] - Epoch:  131 | FVAL: 0.0139357
2019-07-13 20:08:45,764 - [INFO] - Epoch:  132 | FVAL: 0.0139299
2019-07-13 20:08:46,679 - [INFO] - Epoch:  133 | FVAL: 0.0139242
2019-07-13 20:08:47,596 - [INFO] - Epoch:  134 | FVAL: 0.0139185
2019-07-13 20:08:48,576 - [INFO] - Epoch:  135 | FVAL: 0.0139128
2019-07-13 20:08:49,564 - [INFO] - Epoch:  136 | FVAL: 0.0139072
2019-07-13 20:08:50,535 - [INFO] - Epoch:  137 | FVAL: 0.0139016
2019-07-13 20:08:51,451 - [INFO] - Epoch:  138 | FVAL: 0.0138961
2019-07-13 20:08:52,367 - [INFO] - Epoch:  139 | FVAL: 0.0138907
2019-07-13 20:08:53,347 - [INFO] - Epoch:  140 | FVAL: 0.0138853
2019-07-13 20:08:54,325 - [INFO] - Epoch:  141 | FVAL: 0.0138801
2019-07-13 20:08:55,287 - [INFO] - Epoch:  142 | FVAL: 0.0138748
2019-07-13 20:08:56,213 - [INFO] - Epoch:  143 | FVAL: 0.0138696
2019-07-13 20:08:57,144 - [INFO] - Epoch:  144 | FVAL: 0.0138644
2019-07-13 20:08:58,117 - [INFO] - Epoch:  145 | FVAL: 0.0138592
2019-07-13 20:08:59,108 - [INFO] - Epoch:  146 | FVAL: 0.0138541
2019-07-13 20:09:00,016 - [INFO] - Epoch:  147 | FVAL: 0.0138490
2019-07-13 20:09:01,073 - [INFO] - Epoch:  148 | FVAL: 0.0138440
2019-07-13 20:09:01,985 - [INFO] - Epoch:  149 | FVAL: 0.0138390
2019-07-13 20:09:02,949 - [INFO] - Epoch:  150 | FVAL: 0.0138340
2019-07-13 20:09:03,910 - [INFO] - Epoch:  151 | FVAL: 0.0138290
2019-07-13 20:09:04,816 - [INFO] - Epoch:  152 | FVAL: 0.0138240
2019-07-13 20:09:05,784 - [INFO] - Epoch:  153 | FVAL: 0.0138191
2019-07-13 20:09:06,692 - [INFO] - Epoch:  154 | FVAL: 0.0138142
2019-07-13 20:09:07,654 - [INFO] - Epoch:  155 | FVAL: 0.0138093
2019-07-13 20:09:08,623 - [INFO] - Epoch:  156 | FVAL: 0.0138044
2019-07-13 20:09:09,527 - [INFO] - Epoch:  157 | FVAL: 0.0137996
2019-07-13 20:09:10,441 - [INFO] - Epoch:  158 | FVAL: 0.0137948
2019-07-13 20:09:11,414 - [INFO] - Epoch:  159 | FVAL: 0.0137901
2019-07-13 20:09:12,383 - [INFO] - Epoch:  160 | FVAL: 0.0137855
2019-07-13 20:09:13,376 - [INFO] - Epoch:  161 | FVAL: 0.0137809
2019-07-13 20:09:14,297 - [INFO] - Epoch:  162 | FVAL: 0.0137764
2019-07-13 20:09:15,217 - [INFO] - Epoch:  163 | FVAL: 0.0137718
2019-07-13 20:09:16,201 - [INFO] - Epoch:  164 | FVAL: 0.0137673
2019-07-13 20:09:17,192 - [INFO] - Epoch:  165 | FVAL: 0.0137628
2019-07-13 20:09:18,161 - [INFO] - Epoch:  166 | FVAL: 0.0137583
2019-07-13 20:09:19,084 - [INFO] - Epoch:  167 | FVAL: 0.0137538
2019-07-13 20:09:20,001 - [INFO] - Epoch:  168 | FVAL: 0.0137493
2019-07-13 20:09:20,978 - [INFO] - Epoch:  169 | FVAL: 0.0137448
2019-07-13 20:09:21,955 - [INFO] - Epoch:  170 | FVAL: 0.0137403
2019-07-13 20:09:22,859 - [INFO] - Epoch:  171 | FVAL: 0.0137359
2019-07-13 20:09:23,839 - [INFO] - Epoch:  172 | FVAL: 0.0137314
2019-07-13 20:09:24,770 - [INFO] - Epoch:  173 | FVAL: 0.0137270
2019-07-13 20:09:25,729 - [INFO] - Epoch:  174 | FVAL: 0.0137227
2019-07-13 20:09:26,704 - [INFO] - Epoch:  175 | FVAL: 0.0137184
2019-07-13 20:09:27,623 - [INFO] - Epoch:  176 | FVAL: 0.0137142
2019-07-13 20:09:28,603 - [INFO] - Epoch:  177 | FVAL: 0.0137100
2019-07-13 20:09:29,518 - [INFO] - Epoch:  178 | FVAL: 0.0137058
2019-07-13 20:09:30,501 - [INFO] - Epoch:  179 | FVAL: 0.0137016
2019-07-13 20:09:31,472 - [INFO] - Epoch:  180 | FVAL: 0.0136975
2019-07-13 20:09:32,387 - [INFO] - Epoch:  181 | FVAL: 0.0136935
2019-07-13 20:09:33,369 - [INFO] - Epoch:  182 | FVAL: 0.0136896
2019-07-13 20:09:34,290 - [INFO] - Epoch:  183 | FVAL: 0.0136856
2019-07-13 20:09:35,264 - [INFO] - Epoch:  184 | FVAL: 0.0136817
2019-07-13 20:09:36,245 - [INFO] - Epoch:  185 | FVAL: 0.0136778
2019-07-13 20:09:37,150 - [INFO] - Epoch:  186 | FVAL: 0.0136739
2019-07-13 20:09:38,061 - [INFO] - Epoch:  187 | FVAL: 0.0136701
2019-07-13 20:09:39,052 - [INFO] - Epoch:  188 | FVAL: 0.0136662
2019-07-13 20:09:40,034 - [INFO] - Epoch:  189 | FVAL: 0.0136624
2019-07-13 20:09:41,020 - [INFO] - Epoch:  190 | FVAL: 0.0136587
2019-07-13 20:09:41,939 - [INFO] - Epoch:  191 | FVAL: 0.0136549
2019-07-13 20:09:42,952 - [INFO] - Epoch:  192 | FVAL: 0.0136512
2019-07-13 20:09:43,913 - [INFO] - Epoch:  193 | FVAL: 0.0136475
2019-07-13 20:09:44,898 - [INFO] - Epoch:  194 | FVAL: 0.0136438
2019-07-13 20:09:45,896 - [INFO] - Epoch:  195 | FVAL: 0.0136402
2019-07-13 20:09:46,857 - [INFO] - Epoch:  196 | FVAL: 0.0136365
2019-07-13 20:09:47,824 - [INFO] - Epoch:  197 | FVAL: 0.0136328
2019-07-13 20:09:48,731 - [INFO] - Epoch:  198 | FVAL: 0.0136292
2019-07-13 20:09:49,710 - [INFO] - Epoch:  199 | FVAL: 0.0136258
2019-07-13 20:09:50,671 - [INFO] - Epoch:  200 | FVAL: 0.0136228
2019-07-13 20:09:51,577 - [INFO] - Epoch:  201 | FVAL: 0.0136198
2019-07-13 20:09:52,493 - [INFO] - Epoch:  202 | FVAL: 0.0136169
2019-07-13 20:09:53,456 - [INFO] - Epoch:  203 | FVAL: 0.0136140
2019-07-13 20:09:54,434 - [INFO] - Epoch:  204 | FVAL: 0.0136110
2019-07-13 20:09:55,395 - [INFO] - Epoch:  205 | FVAL: 0.0136081
2019-07-13 20:09:56,310 - [INFO] - Epoch:  206 | FVAL: 0.0136052
2019-07-13 20:09:57,219 - [INFO] - Epoch:  207 | FVAL: 0.0136024
2019-07-13 20:09:58,180 - [INFO] - Epoch:  208 | FVAL: 0.0135995
2019-07-13 20:09:59,142 - [INFO] - Epoch:  209 | FVAL: 0.0135967
2019-07-13 20:10:00,053 - [INFO] - Epoch:  210 | FVAL: 0.0135939
2019-07-13 20:10:01,134 - [INFO] - Epoch:  211 | FVAL: 0.0135912
2019-07-13 20:10:02,043 - [INFO] - Epoch:  212 | FVAL: 0.0135885
2019-07-13 20:10:03,003 - [INFO] - Epoch:  213 | FVAL: 0.0135858
2019-07-13 20:10:03,973 - [INFO] - Epoch:  214 | FVAL: 0.0135831
2019-07-13 20:10:04,882 - [INFO] - Epoch:  215 | FVAL: 0.0135805
2019-07-13 20:10:05,850 - [INFO] - Epoch:  216 | FVAL: 0.0135779
2019-07-13 20:10:06,763 - [INFO] - Epoch:  217 | FVAL: 0.0135753
2019-07-13 20:10:07,724 - [INFO] - Epoch:  218 | FVAL: 0.0135727
2019-07-13 20:10:08,681 - [INFO] - Epoch:  219 | FVAL: 0.0135701
2019-07-13 20:10:09,597 - [INFO] - Epoch:  220 | FVAL: 0.0135676
2019-07-13 20:10:10,516 - [INFO] - Epoch:  221 | FVAL: 0.0135650
2019-07-13 20:10:11,500 - [INFO] - Epoch:  222 | FVAL: 0.0135625
2019-07-13 20:10:12,491 - [INFO] - Epoch:  223 | FVAL: 0.0135600
2019-07-13 20:10:13,472 - [INFO] - Epoch:  224 | FVAL: 0.0135576
2019-07-13 20:10:14,399 - [INFO] - Epoch:  225 | FVAL: 0.0135552
2019-07-13 20:10:15,325 - [INFO] - Epoch:  226 | FVAL: 0.0135528
2019-07-13 20:10:16,290 - [INFO] - Epoch:  227 | FVAL: 0.0135505
2019-07-13 20:10:17,249 - [INFO] - Epoch:  228 | FVAL: 0.0135481
2019-07-13 20:10:18,165 - [INFO] - Epoch:  229 | FVAL: 0.0135458
2019-07-13 20:10:19,136 - [INFO] - Epoch:  230 | FVAL: 0.0135435
2019-07-13 20:10:20,047 - [INFO] - Epoch:  231 | FVAL: 0.0135412
2019-07-13 20:10:21,041 - [INFO] - Epoch:  232 | FVAL: 0.0135390
2019-07-13 20:10:22,006 - [INFO] - Epoch:  233 | FVAL: 0.0135367
2019-07-13 20:10:22,917 - [INFO] - Epoch:  234 | FVAL: 0.0135345
2019-07-13 20:10:23,884 - [INFO] - Epoch:  235 | FVAL: 0.0135322
2019-07-13 20:10:24,804 - [INFO] - Epoch:  236 | FVAL: 0.0135300
2019-07-13 20:10:25,784 - [INFO] - Epoch:  237 | FVAL: 0.0135278
2019-07-13 20:10:26,782 - [INFO] - Epoch:  238 | FVAL: 0.0135256
2019-07-13 20:10:27,708 - [INFO] - Epoch:  239 | FVAL: 0.0135234
2019-07-13 20:10:28,651 - [INFO] - Epoch:  240 | FVAL: 0.0135212
2019-07-13 20:10:29,600 - [INFO] - Epoch:  241 | FVAL: 0.0135190
2019-07-13 20:10:30,593 - [INFO] - Epoch:  242 | FVAL: 0.0135168
2019-07-13 20:10:31,596 - [INFO] - Epoch:  243 | FVAL: 0.0135147
2019-07-13 20:10:32,523 - [INFO] - Epoch:  244 | FVAL: 0.0135125
2019-07-13 20:10:33,530 - [INFO] - Epoch:  245 | FVAL: 0.0135103
2019-07-13 20:10:34,444 - [INFO] - Epoch:  246 | FVAL: 0.0135082
2019-07-13 20:10:35,418 - [INFO] - Epoch:  247 | FVAL: 0.0135061
2019-07-13 20:10:36,383 - [INFO] - Epoch:  248 | FVAL: 0.0135041
2019-07-13 20:10:37,288 - [INFO] - Epoch:  249 | FVAL: 0.0135020
2019-07-13 20:10:38,189 - [INFO] - Epoch:  250 | FVAL: 0.0134999
2019-07-13 20:10:39,153 - [INFO] - Epoch:  251 | FVAL: 0.0134978
2019-07-13 20:10:40,116 - [INFO] - Epoch:  252 | FVAL: 0.0134958
2019-07-13 20:10:41,018 - [INFO] - Epoch:  253 | FVAL: 0.0134938
2019-07-13 20:10:42,002 - [INFO] - Epoch:  254 | FVAL: 0.0134918
2019-07-13 20:10:42,921 - [INFO] - Epoch:  255 | FVAL: 0.0134898
2019-07-13 20:10:43,903 - [INFO] - Epoch:  256 | FVAL: 0.0134879
2019-07-13 20:10:44,899 - [INFO] - Epoch:  257 | FVAL: 0.0134859
2019-07-13 20:10:45,835 - [INFO] - Epoch:  258 | FVAL: 0.0134839
2019-07-13 20:10:46,804 - [INFO] - Epoch:  259 | FVAL: 0.0134820
2019-07-13 20:10:47,713 - [INFO] - Epoch:  260 | FVAL: 0.0134801
2019-07-13 20:10:48,726 - [INFO] - Epoch:  261 | FVAL: 0.0134781
2019-07-13 20:10:49,725 - [INFO] - Epoch:  262 | FVAL: 0.0134762
2019-07-13 20:10:50,648 - [INFO] - Epoch:  263 | FVAL: 0.0134743
2019-07-13 20:10:51,628 - [INFO] - Epoch:  264 | FVAL: 0.0134725
2019-07-13 20:10:52,544 - [INFO] - Epoch:  265 | FVAL: 0.0134706
2019-07-13 20:10:53,524 - [INFO] - Epoch:  266 | FVAL: 0.0134688
2019-07-13 20:10:54,508 - [INFO] - Epoch:  267 | FVAL: 0.0134670
2019-07-13 20:10:55,425 - [INFO] - Epoch:  268 | FVAL: 0.0134652
2019-07-13 20:10:56,404 - [INFO] - Epoch:  269 | FVAL: 0.0134633
2019-07-13 20:10:57,318 - [INFO] - Epoch:  270 | FVAL: 0.0134615
2019-07-13 20:10:58,299 - [INFO] - Epoch:  271 | FVAL: 0.0134597
2019-07-13 20:10:59,278 - [INFO] - Epoch:  272 | FVAL: 0.0134579
2019-07-13 20:11:00,332 - [INFO] - Epoch:  273 | FVAL: 0.0134561
2019-07-13 20:11:01,242 - [INFO] - Epoch:  274 | FVAL: 0.0134543
2019-07-13 20:11:02,149 - [INFO] - Epoch:  275 | FVAL: 0.0134525
2019-07-13 20:11:03,109 - [INFO] - Epoch:  276 | FVAL: 0.0134508
2019-07-13 20:11:04,063 - [INFO] - Epoch:  277 | FVAL: 0.0134490
2019-07-13 20:11:04,967 - [INFO] - Epoch:  278 | FVAL: 0.0134472
2019-07-13 20:11:05,874 - [INFO] - Epoch:  279 | FVAL: 0.0134454
2019-07-13 20:11:06,892 - [INFO] - Epoch:  280 | FVAL: 0.0134437
2019-07-13 20:11:07,898 - [INFO] - Epoch:  281 | FVAL: 0.0134419
2019-07-13 20:11:08,898 - [INFO] - Epoch:  282 | FVAL: 0.0134402
2019-07-13 20:11:09,806 - [INFO] - Epoch:  283 | FVAL: 0.0134384
2019-07-13 20:11:10,768 - [INFO] - Epoch:  284 | FVAL: 0.0134367
2019-07-13 20:11:11,677 - [INFO] - Epoch:  285 | FVAL: 0.0134349
2019-07-13 20:11:12,639 - [INFO] - Epoch:  286 | FVAL: 0.0134332
2019-07-13 20:11:13,599 - [INFO] - Epoch:  287 | FVAL: 0.0134315
2019-07-13 20:11:14,508 - [INFO] - Epoch:  288 | FVAL: 0.0134297
2019-07-13 20:11:15,418 - [INFO] - Epoch:  289 | FVAL: 0.0134280
2019-07-13 20:11:16,400 - [INFO] - Epoch:  290 | FVAL: 0.0134263
2019-07-13 20:11:17,369 - [INFO] - Epoch:  291 | FVAL: 0.0134246
2019-07-13 20:11:18,291 - [INFO] - Epoch:  292 | FVAL: 0.0134228
2019-07-13 20:11:19,309 - [INFO] - Epoch:  293 | FVAL: 0.0134211
2019-07-13 20:11:20,214 - [INFO] - Epoch:  294 | FVAL: 0.0134194
2019-07-13 20:11:21,176 - [INFO] - Epoch:  295 | FVAL: 0.0134177
2019-07-13 20:11:22,120 - [INFO] - Epoch:  296 | FVAL: 0.0134160
2019-07-13 20:11:23,028 - [INFO] - Epoch:  297 | FVAL: 0.0134143
2019-07-13 20:11:24,008 - [INFO] - Epoch:  298 | FVAL: 0.0134126
2019-07-13 20:11:24,929 - [INFO] - Epoch:  299 | FVAL: 0.0134109
2019-07-13 20:11:25,917 - [INFO] - Epoch:  300 | FVAL: 0.0134093
2019-07-13 20:11:26,888 - [INFO] - Epoch:  301 | FVAL: 0.0134076
2019-07-13 20:11:27,800 - [INFO] - Epoch:  302 | FVAL: 0.0134063
2019-07-13 20:11:28,710 - [INFO] - Epoch:  303 | FVAL: 0.0134051
2019-07-13 20:11:29,681 - [INFO] - Epoch:  304 | FVAL: 0.0134039
2019-07-13 20:11:30,655 - [INFO] - Epoch:  305 | FVAL: 0.0134027
2019-07-13 20:11:31,626 - [INFO] - Epoch:  306 | FVAL: 0.0134015
2019-07-13 20:11:32,527 - [INFO] - Epoch:  307 | FVAL: 0.0134003
2019-07-13 20:11:33,440 - [INFO] - Epoch:  308 | FVAL: 0.0133991
2019-07-13 20:11:34,409 - [INFO] - Epoch:  309 | FVAL: 0.0133979
2019-07-13 20:11:35,387 - [INFO] - Epoch:  310 | FVAL: 0.0133967
2019-07-13 20:11:36,299 - [INFO] - Epoch:  311 | FVAL: 0.0133956
2019-07-13 20:11:37,286 - [INFO] - Epoch:  312 | FVAL: 0.0133945
2019-07-13 20:11:38,205 - [INFO] - Epoch:  313 | FVAL: 0.0133934
2019-07-13 20:11:39,202 - [INFO] - Epoch:  314 | FVAL: 0.0133924
2019-07-13 20:11:40,189 - [INFO] - Epoch:  315 | FVAL: 0.0133913
2019-07-13 20:11:41,105 - [INFO] - Epoch:  316 | FVAL: 0.0133902
2019-07-13 20:11:42,124 - [INFO] - Epoch:  317 | FVAL: 0.0133892
2019-07-13 20:11:43,044 - [INFO] - Epoch:  318 | FVAL: 0.0133881
2019-07-13 20:11:44,064 - [INFO] - Epoch:  319 | FVAL: 0.0133870
2019-07-13 20:11:45,066 - [INFO] - Epoch:  320 | FVAL: 0.0133860
2019-07-13 20:11:46,053 - [INFO] - Epoch:  321 | FVAL: 0.0133849
