2019-07-13 19:57:22,504 - [INFO] - rcsum-- N:44 | d:7129 | lambda:0.01
2019-07-13 19:57:22,505 - [INFO] - Function value sequence convergence criteria.
2019-07-13 19:57:22,505 - [INFO] - Epoch:    0 | FVAL: 0.3465736
2019-07-13 19:57:23,466 - [INFO] - Epoch:    1 | FVAL: 0.1609237
2019-07-13 19:57:24,489 - [INFO] - Epoch:    2 | FVAL: 0.1282527
2019-07-13 19:57:25,507 - [INFO] - Epoch:    3 | FVAL: 0.1114861
2019-07-13 19:57:26,489 - [INFO] - Epoch:    4 | FVAL: 0.1027235
2019-07-13 19:57:27,401 - [INFO] - Epoch:    5 | FVAL: 0.0970650
2019-07-13 19:57:28,398 - [INFO] - Epoch:    6 | FVAL: 0.0929278
2019-07-13 19:57:29,327 - [INFO] - Epoch:    7 | FVAL: 0.0904459
2019-07-13 19:57:30,329 - [INFO] - Epoch:    8 | FVAL: 0.0887431
2019-07-13 19:57:31,307 - [INFO] - Epoch:    9 | FVAL: 0.0873734
2019-07-13 19:57:32,224 - [INFO] - Epoch:   10 | FVAL: 0.0863150
2019-07-13 19:57:33,183 - [INFO] - Epoch:   11 | FVAL: 0.0857240
2019-07-13 19:57:34,091 - [INFO] - Epoch:   12 | FVAL: 0.0853485
2019-07-13 19:57:35,063 - [INFO] - Epoch:   13 | FVAL: 0.0850231
2019-07-13 19:57:36,041 - [INFO] - Epoch:   14 | FVAL: 0.0847510
2019-07-13 19:57:36,954 - [INFO] - Epoch:   15 | FVAL: 0.0845175
2019-07-13 19:57:37,870 - [INFO] - Epoch:   16 | FVAL: 0.0843117
2019-07-13 19:57:38,839 - [INFO] - Epoch:   17 | FVAL: 0.0841314
2019-07-13 19:57:39,804 - [INFO] - Epoch:   18 | FVAL: 0.0839865
2019-07-13 19:57:40,709 - [INFO] - Epoch:   19 | FVAL: 0.0838549
2019-07-13 19:57:41,671 - [INFO] - Epoch:   20 | FVAL: 0.0837352
2019-07-13 19:57:42,578 - [INFO] - Epoch:   21 | FVAL: 0.0836262
2019-07-13 19:57:43,532 - [INFO] - Epoch:   22 | FVAL: 0.0835324
2019-07-13 19:57:44,497 - [INFO] - Epoch:   23 | FVAL: 0.0834430
2019-07-13 19:57:45,416 - [INFO] - Epoch:   24 | FVAL: 0.0833631
2019-07-13 19:57:46,332 - [INFO] - Epoch:   25 | FVAL: 0.0832976
2019-07-13 19:57:47,298 - [INFO] - Epoch:   26 | FVAL: 0.0832361
2019-07-13 19:57:48,266 - [INFO] - Epoch:   27 | FVAL: 0.0831786
2019-07-13 19:57:49,227 - [INFO] - Epoch:   28 | FVAL: 0.0831298
2019-07-13 19:57:50,137 - [INFO] - Epoch:   29 | FVAL: 0.0830856
2019-07-13 19:57:51,048 - [INFO] - Epoch:   30 | FVAL: 0.0830441
2019-07-13 19:57:52,010 - [INFO] - Epoch:   31 | FVAL: 0.0830036
2019-07-13 19:57:52,965 - [INFO] - Epoch:   32 | FVAL: 0.0829646
2019-07-13 19:57:53,869 - [INFO] - Epoch:   33 | FVAL: 0.0829281
2019-07-13 19:57:54,818 - [INFO] - Epoch:   34 | FVAL: 0.0828981
2019-07-13 19:57:55,733 - [INFO] - Epoch:   35 | FVAL: 0.0828712
2019-07-13 19:57:56,692 - [INFO] - Epoch:   36 | FVAL: 0.0828454
2019-07-13 19:57:57,645 - [INFO] - Epoch:   37 | FVAL: 0.0828208
2019-07-13 19:57:58,552 - [INFO] - Epoch:   38 | FVAL: 0.0827970
2019-07-13 19:57:59,462 - [INFO] - Epoch:   39 | FVAL: 0.0827742
2019-07-13 19:58:00,520 - [INFO] - Epoch:   40 | FVAL: 0.0827523
2019-07-13 19:58:01,499 - [INFO] - Epoch:   41 | FVAL: 0.0827315
2019-07-13 19:58:02,492 - [INFO] - Epoch:   42 | FVAL: 0.0827111
2019-07-13 19:58:03,419 - [INFO] - Epoch:   43 | FVAL: 0.0826914
2019-07-13 19:58:04,347 - [INFO] - Epoch:   44 | FVAL: 0.0826724
2019-07-13 19:58:05,344 - [INFO] - Epoch:   45 | FVAL: 0.0826538
2019-07-13 19:58:06,336 - [INFO] - Epoch:   46 | FVAL: 0.0826361
2019-07-13 19:58:07,310 - [INFO] - Epoch:   47 | FVAL: 0.0826187
2019-07-13 19:58:08,229 - [INFO] - Epoch:   48 | FVAL: 0.0826019
2019-07-13 19:58:09,141 - [INFO] - Epoch:   49 | FVAL: 0.0825850
2019-07-13 19:58:10,106 - [INFO] - Epoch:   50 | FVAL: 0.0825686
2019-07-13 19:58:11,062 - [INFO] - Epoch:   51 | FVAL: 0.0825524
2019-07-13 19:58:11,982 - [INFO] - Epoch:   52 | FVAL: 0.0825366
2019-07-13 19:58:12,946 - [INFO] - Epoch:   53 | FVAL: 0.0825212
2019-07-13 19:58:13,857 - [INFO] - Epoch:   54 | FVAL: 0.0825059
2019-07-13 19:58:14,824 - [INFO] - Epoch:   55 | FVAL: 0.0824909
2019-07-13 19:58:15,787 - [INFO] - Epoch:   56 | FVAL: 0.0824768
2019-07-13 19:58:16,702 - [INFO] - Epoch:   57 | FVAL: 0.0824649
2019-07-13 19:58:17,667 - [INFO] - Epoch:   58 | FVAL: 0.0824544
2019-07-13 19:58:18,583 - [INFO] - Epoch:   59 | FVAL: 0.0824445
2019-07-13 19:58:19,547 - [INFO] - Epoch:   60 | FVAL: 0.0824348
2019-07-13 19:58:20,541 - [INFO] - Epoch:   61 | FVAL: 0.0824268
2019-07-13 19:58:21,474 - [INFO] - Epoch:   62 | FVAL: 0.0824197
2019-07-13 19:58:22,394 - [INFO] - Epoch:   63 | FVAL: 0.0824129
2019-07-13 19:58:23,370 - [INFO] - Epoch:   64 | FVAL: 0.0824064
2019-07-13 19:58:24,356 - [INFO] - Epoch:   65 | FVAL: 0.0824001
2019-07-13 19:58:25,334 - [INFO] - Epoch:   66 | FVAL: 0.0823940
2019-07-13 19:58:26,264 - [INFO] - Epoch:   67 | FVAL: 0.0823882
2019-07-13 19:58:27,189 - [INFO] - Epoch:   68 | FVAL: 0.0823827
2019-07-13 19:58:28,173 - [INFO] - Epoch:   69 | FVAL: 0.0823774
2019-07-13 19:58:29,154 - [INFO] - Epoch:   70 | FVAL: 0.0823723
2019-07-13 19:58:30,143 - [INFO] - Epoch:   71 | FVAL: 0.0823673
2019-07-13 19:58:31,063 - [INFO] - Epoch:   72 | FVAL: 0.0823624
2019-07-13 19:58:31,985 - [INFO] - Epoch:   73 | FVAL: 0.0823577
2019-07-13 19:58:32,962 - [INFO] - Epoch:   74 | FVAL: 0.0823532
2019-07-13 19:58:33,949 - [INFO] - Epoch:   75 | FVAL: 0.0823492
2019-07-13 19:58:34,931 - [INFO] - Epoch:   76 | FVAL: 0.0823457
2019-07-13 19:58:35,855 - [INFO] - Epoch:   77 | FVAL: 0.0823425
2019-07-13 19:58:36,773 - [INFO] - Epoch:   78 | FVAL: 0.0823395
2019-07-13 19:58:37,757 - [INFO] - Epoch:   79 | FVAL: 0.0823366
2019-07-13 19:58:38,738 - [INFO] - Epoch:   80 | FVAL: 0.0823339
2019-07-13 19:58:39,710 - [INFO] - Epoch:   81 | FVAL: 0.0823314
2019-07-13 19:58:40,630 - [INFO] - Epoch:   82 | FVAL: 0.0823290
2019-07-13 19:58:41,550 - [INFO] - Epoch:   83 | FVAL: 0.0823267
2019-07-13 19:58:42,533 - [INFO] - Epoch:   84 | FVAL: 0.0823245
2019-07-13 19:58:43,518 - [INFO] - Epoch:   85 | FVAL: 0.0823225
2019-07-13 19:58:44,430 - [INFO] - Epoch:   86 | FVAL: 0.0823205
2019-07-13 19:58:45,414 - [INFO] - Epoch:   87 | FVAL: 0.0823186
2019-07-13 19:58:46,339 - [INFO] - Epoch:   88 | FVAL: 0.0823168
2019-07-13 19:58:47,324 - [INFO] - Epoch:   89 | FVAL: 0.0823152
2019-07-13 19:58:48,332 - [INFO] - Epoch:   90 | FVAL: 0.0823136
2019-07-13 19:58:49,257 - [INFO] - Epoch:   91 | FVAL: 0.0823121
2019-07-13 19:58:50,228 - [INFO] - Epoch:   92 | FVAL: 0.0823107
2019-07-13 19:58:51,180 - [INFO] - Epoch:   93 | FVAL: 0.0823093
2019-07-13 19:58:52,204 - [INFO] - Epoch:   94 | FVAL: 0.0823080
2019-07-13 19:58:53,224 - [INFO] - Epoch:   95 | FVAL: 0.0823067
2019-07-13 19:58:54,242 - [INFO] - Epoch:   96 | FVAL: 0.0823055
2019-07-13 19:58:55,169 - [INFO] - Epoch:   97 | FVAL: 0.0823043
2019-07-13 19:58:56,154 - [INFO] - Epoch:   98 | FVAL: 0.0823032
2019-07-13 19:58:57,081 - [INFO] - Epoch:   99 | FVAL: 0.0823021
2019-07-13 19:58:58,069 - [INFO] - Epoch:  100 | FVAL: 0.0823011
2019-07-13 19:58:59,036 - [INFO] - Epoch:  101 | FVAL: 0.0823001
2019-07-13 19:58:59,956 - [INFO] - Epoch:  102 | FVAL: 0.0822991
