2019-07-13 20:01:00,736 - [INFO] - rcsum-- N:44 | d:7129 | lambda:0.001
2019-07-13 20:01:00,737 - [INFO] - Function value sequence convergence criteria.
2019-07-13 20:01:00,737 - [INFO] - Epoch:    0 | FVAL: 0.3465736
2019-07-13 20:01:01,696 - [INFO] - Epoch:    1 | FVAL: 0.0288502
2019-07-13 20:01:02,606 - [INFO] - Epoch:    2 | FVAL: 0.0268231
2019-07-13 20:01:03,521 - [INFO] - Epoch:    3 | FVAL: 0.0254180
2019-07-13 20:01:04,486 - [INFO] - Epoch:    4 | FVAL: 0.0243141
2019-07-13 20:01:05,449 - [INFO] - Epoch:    5 | FVAL: 0.0234437
2019-07-13 20:01:06,421 - [INFO] - Epoch:    6 | FVAL: 0.0226922
2019-07-13 20:01:07,356 - [INFO] - Epoch:    7 | FVAL: 0.0220508
2019-07-13 20:01:08,270 - [INFO] - Epoch:    8 | FVAL: 0.0214854
2019-07-13 20:01:09,231 - [INFO] - Epoch:    9 | FVAL: 0.0209950
2019-07-13 20:01:10,216 - [INFO] - Epoch:   10 | FVAL: 0.0205519
2019-07-13 20:01:11,179 - [INFO] - Epoch:   11 | FVAL: 0.0201550
2019-07-13 20:01:12,123 - [INFO] - Epoch:   12 | FVAL: 0.0197968
2019-07-13 20:01:13,030 - [INFO] - Epoch:   13 | FVAL: 0.0194809
2019-07-13 20:01:13,990 - [INFO] - Epoch:   14 | FVAL: 0.0192309
2019-07-13 20:01:14,941 - [INFO] - Epoch:   15 | FVAL: 0.0190064
2019-07-13 20:01:15,848 - [INFO] - Epoch:   16 | FVAL: 0.0188032
2019-07-13 20:01:16,775 - [INFO] - Epoch:   17 | FVAL: 0.0186140
2019-07-13 20:01:17,719 - [INFO] - Epoch:   18 | FVAL: 0.0184295
2019-07-13 20:01:18,695 - [INFO] - Epoch:   19 | FVAL: 0.0182586
2019-07-13 20:01:19,678 - [INFO] - Epoch:   20 | FVAL: 0.0181001
2019-07-13 20:01:20,603 - [INFO] - Epoch:   21 | FVAL: 0.0179456
2019-07-13 20:01:21,516 - [INFO] - Epoch:   22 | FVAL: 0.0177953
2019-07-13 20:01:22,509 - [INFO] - Epoch:   23 | FVAL: 0.0176481
2019-07-13 20:01:23,498 - [INFO] - Epoch:   24 | FVAL: 0.0175187
2019-07-13 20:01:24,482 - [INFO] - Epoch:   25 | FVAL: 0.0174002
2019-07-13 20:01:25,404 - [INFO] - Epoch:   26 | FVAL: 0.0172909
2019-07-13 20:01:26,322 - [INFO] - Epoch:   27 | FVAL: 0.0171879
2019-07-13 20:01:27,306 - [INFO] - Epoch:   28 | FVAL: 0.0170889
2019-07-13 20:01:28,293 - [INFO] - Epoch:   29 | FVAL: 0.0169928
2019-07-13 20:01:29,275 - [INFO] - Epoch:   30 | FVAL: 0.0169029
2019-07-13 20:01:30,198 - [INFO] - Epoch:   31 | FVAL: 0.0168209
2019-07-13 20:01:31,114 - [INFO] - Epoch:   32 | FVAL: 0.0167424
2019-07-13 20:01:32,119 - [INFO] - Epoch:   33 | FVAL: 0.0166651
2019-07-13 20:01:33,109 - [INFO] - Epoch:   34 | FVAL: 0.0165901
2019-07-13 20:01:34,093 - [INFO] - Epoch:   35 | FVAL: 0.0165159
2019-07-13 20:01:35,043 - [INFO] - Epoch:   36 | FVAL: 0.0164457
2019-07-13 20:01:35,960 - [INFO] - Epoch:   37 | FVAL: 0.0163792
2019-07-13 20:01:36,943 - [INFO] - Epoch:   38 | FVAL: 0.0163137
2019-07-13 20:01:37,925 - [INFO] - Epoch:   39 | FVAL: 0.0162507
2019-07-13 20:01:38,906 - [INFO] - Epoch:   40 | FVAL: 0.0161902
2019-07-13 20:01:39,828 - [INFO] - Epoch:   41 | FVAL: 0.0161330
2019-07-13 20:01:40,749 - [INFO] - Epoch:   42 | FVAL: 0.0160775
2019-07-13 20:01:41,732 - [INFO] - Epoch:   43 | FVAL: 0.0160226
2019-07-13 20:01:42,705 - [INFO] - Epoch:   44 | FVAL: 0.0159683
2019-07-13 20:01:43,685 - [INFO] - Epoch:   45 | FVAL: 0.0159146
2019-07-13 20:01:44,606 - [INFO] - Epoch:   46 | FVAL: 0.0158613
2019-07-13 20:01:45,525 - [INFO] - Epoch:   47 | FVAL: 0.0158086
2019-07-13 20:01:46,502 - [INFO] - Epoch:   48 | FVAL: 0.0157566
2019-07-13 20:01:47,493 - [INFO] - Epoch:   49 | FVAL: 0.0157051
2019-07-13 20:01:48,482 - [INFO] - Epoch:   50 | FVAL: 0.0156539
2019-07-13 20:01:49,397 - [INFO] - Epoch:   51 | FVAL: 0.0156032
2019-07-13 20:01:50,308 - [INFO] - Epoch:   52 | FVAL: 0.0155528
2019-07-13 20:01:51,273 - [INFO] - Epoch:   53 | FVAL: 0.0155025
2019-07-13 20:01:52,241 - [INFO] - Epoch:   54 | FVAL: 0.0154565
2019-07-13 20:01:53,162 - [INFO] - Epoch:   55 | FVAL: 0.0154111
2019-07-13 20:01:54,150 - [INFO] - Epoch:   56 | FVAL: 0.0153665
2019-07-13 20:01:55,076 - [INFO] - Epoch:   57 | FVAL: 0.0153239
2019-07-13 20:01:56,074 - [INFO] - Epoch:   58 | FVAL: 0.0152829
2019-07-13 20:01:57,048 - [INFO] - Epoch:   59 | FVAL: 0.0152446
2019-07-13 20:01:57,960 - [INFO] - Epoch:   60 | FVAL: 0.0152087
2019-07-13 20:01:58,943 - [INFO] - Epoch:   61 | FVAL: 0.0151735
2019-07-13 20:01:59,858 - [INFO] - Epoch:   62 | FVAL: 0.0151397
2019-07-13 20:02:00,953 - [INFO] - Epoch:   63 | FVAL: 0.0151060
2019-07-13 20:02:01,938 - [INFO] - Epoch:   64 | FVAL: 0.0150728
2019-07-13 20:02:02,919 - [INFO] - Epoch:   65 | FVAL: 0.0150413
2019-07-13 20:02:03,837 - [INFO] - Epoch:   66 | FVAL: 0.0150107
2019-07-13 20:02:04,757 - [INFO] - Epoch:   67 | FVAL: 0.0149816
2019-07-13 20:02:05,741 - [INFO] - Epoch:   68 | FVAL: 0.0149531
2019-07-13 20:02:06,722 - [INFO] - Epoch:   69 | FVAL: 0.0149251
2019-07-13 20:02:07,625 - [INFO] - Epoch:   70 | FVAL: 0.0148972
2019-07-13 20:02:08,609 - [INFO] - Epoch:   71 | FVAL: 0.0148714
2019-07-13 20:02:09,534 - [INFO] - Epoch:   72 | FVAL: 0.0148472
2019-07-13 20:02:10,504 - [INFO] - Epoch:   73 | FVAL: 0.0148236
2019-07-13 20:02:11,463 - [INFO] - Epoch:   74 | FVAL: 0.0148013
2019-07-13 20:02:12,377 - [INFO] - Epoch:   75 | FVAL: 0.0147796
2019-07-13 20:02:13,334 - [INFO] - Epoch:   76 | FVAL: 0.0147582
2019-07-13 20:02:14,235 - [INFO] - Epoch:   77 | FVAL: 0.0147370
2019-07-13 20:02:15,197 - [INFO] - Epoch:   78 | FVAL: 0.0147161
2019-07-13 20:02:16,159 - [INFO] - Epoch:   79 | FVAL: 0.0146954
2019-07-13 20:02:17,064 - [INFO] - Epoch:   80 | FVAL: 0.0146748
2019-07-13 20:02:17,967 - [INFO] - Epoch:   81 | FVAL: 0.0146544
2019-07-13 20:02:18,928 - [INFO] - Epoch:   82 | FVAL: 0.0146348
2019-07-13 20:02:19,882 - [INFO] - Epoch:   83 | FVAL: 0.0146173
2019-07-13 20:02:20,786 - [INFO] - Epoch:   84 | FVAL: 0.0146000
2019-07-13 20:02:21,741 - [INFO] - Epoch:   85 | FVAL: 0.0145828
2019-07-13 20:02:22,646 - [INFO] - Epoch:   86 | FVAL: 0.0145660
2019-07-13 20:02:23,601 - [INFO] - Epoch:   87 | FVAL: 0.0145495
2019-07-13 20:02:24,560 - [INFO] - Epoch:   88 | FVAL: 0.0145331
2019-07-13 20:02:25,455 - [INFO] - Epoch:   89 | FVAL: 0.0145168
2019-07-13 20:02:26,360 - [INFO] - Epoch:   90 | FVAL: 0.0145006
2019-07-13 20:02:27,318 - [INFO] - Epoch:   91 | FVAL: 0.0144849
2019-07-13 20:02:28,281 - [INFO] - Epoch:   92 | FVAL: 0.0144697
2019-07-13 20:02:29,183 - [INFO] - Epoch:   93 | FVAL: 0.0144546
2019-07-13 20:02:30,164 - [INFO] - Epoch:   94 | FVAL: 0.0144396
2019-07-13 20:02:31,077 - [INFO] - Epoch:   95 | FVAL: 0.0144247
2019-07-13 20:02:32,053 - [INFO] - Epoch:   96 | FVAL: 0.0144098
2019-07-13 20:02:33,035 - [INFO] - Epoch:   97 | FVAL: 0.0143951
2019-07-13 20:02:33,950 - [INFO] - Epoch:   98 | FVAL: 0.0143818
2019-07-13 20:02:34,862 - [INFO] - Epoch:   99 | FVAL: 0.0143686
2019-07-13 20:02:35,812 - [INFO] - Epoch:  100 | FVAL: 0.0143556
2019-07-13 20:02:36,778 - [INFO] - Epoch:  101 | FVAL: 0.0143426
2019-07-13 20:02:37,773 - [INFO] - Epoch:  102 | FVAL: 0.0143299
2019-07-13 20:02:38,684 - [INFO] - Epoch:  103 | FVAL: 0.0143174
2019-07-13 20:02:39,603 - [INFO] - Epoch:  104 | FVAL: 0.0143049
2019-07-13 20:02:40,575 - [INFO] - Epoch:  105 | FVAL: 0.0142925
2019-07-13 20:02:41,558 - [INFO] - Epoch:  106 | FVAL: 0.0142805
2019-07-13 20:02:42,472 - [INFO] - Epoch:  107 | FVAL: 0.0142688
2019-07-13 20:02:43,441 - [INFO] - Epoch:  108 | FVAL: 0.0142572
2019-07-13 20:02:44,355 - [INFO] - Epoch:  109 | FVAL: 0.0142456
2019-07-13 20:02:45,328 - [INFO] - Epoch:  110 | FVAL: 0.0142342
2019-07-13 20:02:46,290 - [INFO] - Epoch:  111 | FVAL: 0.0142229
2019-07-13 20:02:47,197 - [INFO] - Epoch:  112 | FVAL: 0.0142119
2019-07-13 20:02:48,097 - [INFO] - Epoch:  113 | FVAL: 0.0142010
2019-07-13 20:02:49,053 - [INFO] - Epoch:  114 | FVAL: 0.0141901
2019-07-13 20:02:50,021 - [INFO] - Epoch:  115 | FVAL: 0.0141797
2019-07-13 20:02:50,978 - [INFO] - Epoch:  116 | FVAL: 0.0141699
2019-07-13 20:02:51,881 - [INFO] - Epoch:  117 | FVAL: 0.0141601
2019-07-13 20:02:52,790 - [INFO] - Epoch:  118 | FVAL: 0.0141504
2019-07-13 20:02:53,747 - [INFO] - Epoch:  119 | FVAL: 0.0141407
2019-07-13 20:02:54,723 - [INFO] - Epoch:  120 | FVAL: 0.0141312
2019-07-13 20:02:55,629 - [INFO] - Epoch:  121 | FVAL: 0.0141216
2019-07-13 20:02:56,589 - [INFO] - Epoch:  122 | FVAL: 0.0141122
2019-07-13 20:02:57,506 - [INFO] - Epoch:  123 | FVAL: 0.0141029
2019-07-13 20:02:58,465 - [INFO] - Epoch:  124 | FVAL: 0.0140938
2019-07-13 20:02:59,420 - [INFO] - Epoch:  125 | FVAL: 0.0140848
2019-07-13 20:03:00,445 - [INFO] - Epoch:  126 | FVAL: 0.0140758
2019-07-13 20:03:01,379 - [INFO] - Epoch:  127 | FVAL: 0.0140669
2019-07-13 20:03:02,314 - [INFO] - Epoch:  128 | FVAL: 0.0140580
2019-07-13 20:03:03,271 - [INFO] - Epoch:  129 | FVAL: 0.0140501
2019-07-13 20:03:04,230 - [INFO] - Epoch:  130 | FVAL: 0.0140426
2019-07-13 20:03:05,188 - [INFO] - Epoch:  131 | FVAL: 0.0140351
2019-07-13 20:03:06,122 - [INFO] - Epoch:  132 | FVAL: 0.0140278
2019-07-13 20:03:07,145 - [INFO] - Epoch:  133 | FVAL: 0.0140205
2019-07-13 20:03:08,167 - [INFO] - Epoch:  134 | FVAL: 0.0140135
2019-07-13 20:03:09,208 - [INFO] - Epoch:  135 | FVAL: 0.0140067
2019-07-13 20:03:10,139 - [INFO] - Epoch:  136 | FVAL: 0.0139999
2019-07-13 20:03:11,150 - [INFO] - Epoch:  137 | FVAL: 0.0139933
2019-07-13 20:03:12,082 - [INFO] - Epoch:  138 | FVAL: 0.0139867
2019-07-13 20:03:13,092 - [INFO] - Epoch:  139 | FVAL: 0.0139802
2019-07-13 20:03:14,092 - [INFO] - Epoch:  140 | FVAL: 0.0139737
2019-07-13 20:03:15,098 - [INFO] - Epoch:  141 | FVAL: 0.0139672
2019-07-13 20:03:16,026 - [INFO] - Epoch:  142 | FVAL: 0.0139608
2019-07-13 20:03:16,958 - [INFO] - Epoch:  143 | FVAL: 0.0139545
2019-07-13 20:03:17,975 - [INFO] - Epoch:  144 | FVAL: 0.0139482
2019-07-13 20:03:18,992 - [INFO] - Epoch:  145 | FVAL: 0.0139421
2019-07-13 20:03:20,014 - [INFO] - Epoch:  146 | FVAL: 0.0139359
2019-07-13 20:03:20,953 - [INFO] - Epoch:  147 | FVAL: 0.0139298
2019-07-13 20:03:21,949 - [INFO] - Epoch:  148 | FVAL: 0.0139237
2019-07-13 20:03:22,886 - [INFO] - Epoch:  149 | FVAL: 0.0139176
2019-07-13 20:03:23,895 - [INFO] - Epoch:  150 | FVAL: 0.0139116
2019-07-13 20:03:24,902 - [INFO] - Epoch:  151 | FVAL: 0.0139057
2019-07-13 20:03:25,905 - [INFO] - Epoch:  152 | FVAL: 0.0138997
2019-07-13 20:03:26,836 - [INFO] - Epoch:  153 | FVAL: 0.0138938
2019-07-13 20:03:27,768 - [INFO] - Epoch:  154 | FVAL: 0.0138879
2019-07-13 20:03:28,778 - [INFO] - Epoch:  155 | FVAL: 0.0138820
2019-07-13 20:03:29,769 - [INFO] - Epoch:  156 | FVAL: 0.0138763
2019-07-13 20:03:30,746 - [INFO] - Epoch:  157 | FVAL: 0.0138707
2019-07-13 20:03:31,660 - [INFO] - Epoch:  158 | FVAL: 0.0138650
2019-07-13 20:03:32,559 - [INFO] - Epoch:  159 | FVAL: 0.0138594
2019-07-13 20:03:33,510 - [INFO] - Epoch:  160 | FVAL: 0.0138539
2019-07-13 20:03:34,466 - [INFO] - Epoch:  161 | FVAL: 0.0138483
2019-07-13 20:03:35,369 - [INFO] - Epoch:  162 | FVAL: 0.0138428
2019-07-13 20:03:36,309 - [INFO] - Epoch:  163 | FVAL: 0.0138373
2019-07-13 20:03:37,208 - [INFO] - Epoch:  164 | FVAL: 0.0138320
2019-07-13 20:03:38,160 - [INFO] - Epoch:  165 | FVAL: 0.0138268
2019-07-13 20:03:39,120 - [INFO] - Epoch:  166 | FVAL: 0.0138215
2019-07-13 20:03:40,026 - [INFO] - Epoch:  167 | FVAL: 0.0138163
2019-07-13 20:03:40,930 - [INFO] - Epoch:  168 | FVAL: 0.0138114
2019-07-13 20:03:41,890 - [INFO] - Epoch:  169 | FVAL: 0.0138071
2019-07-13 20:03:42,856 - [INFO] - Epoch:  170 | FVAL: 0.0138030
2019-07-13 20:03:43,766 - [INFO] - Epoch:  171 | FVAL: 0.0137990
2019-07-13 20:03:44,744 - [INFO] - Epoch:  172 | FVAL: 0.0137953
2019-07-13 20:03:45,659 - [INFO] - Epoch:  173 | FVAL: 0.0137917
2019-07-13 20:03:46,624 - [INFO] - Epoch:  174 | FVAL: 0.0137880
2019-07-13 20:03:47,601 - [INFO] - Epoch:  175 | FVAL: 0.0137844
2019-07-13 20:03:48,522 - [INFO] - Epoch:  176 | FVAL: 0.0137808
2019-07-13 20:03:49,492 - [INFO] - Epoch:  177 | FVAL: 0.0137772
2019-07-13 20:03:50,417 - [INFO] - Epoch:  178 | FVAL: 0.0137737
2019-07-13 20:03:51,383 - [INFO] - Epoch:  179 | FVAL: 0.0137702
2019-07-13 20:03:52,362 - [INFO] - Epoch:  180 | FVAL: 0.0137666
2019-07-13 20:03:53,277 - [INFO] - Epoch:  181 | FVAL: 0.0137631
2019-07-13 20:03:54,197 - [INFO] - Epoch:  182 | FVAL: 0.0137596
2019-07-13 20:03:55,187 - [INFO] - Epoch:  183 | FVAL: 0.0137561
2019-07-13 20:03:56,162 - [INFO] - Epoch:  184 | FVAL: 0.0137527
2019-07-13 20:03:57,120 - [INFO] - Epoch:  185 | FVAL: 0.0137492
2019-07-13 20:03:58,038 - [INFO] - Epoch:  186 | FVAL: 0.0137459
2019-07-13 20:03:58,945 - [INFO] - Epoch:  187 | FVAL: 0.0137425
2019-07-13 20:03:59,897 - [INFO] - Epoch:  188 | FVAL: 0.0137392
2019-07-13 20:04:01,025 - [INFO] - Epoch:  189 | FVAL: 0.0137359
2019-07-13 20:04:01,989 - [INFO] - Epoch:  190 | FVAL: 0.0137326
2019-07-13 20:04:02,899 - [INFO] - Epoch:  191 | FVAL: 0.0137293
2019-07-13 20:04:03,810 - [INFO] - Epoch:  192 | FVAL: 0.0137261
2019-07-13 20:04:04,785 - [INFO] - Epoch:  193 | FVAL: 0.0137229
2019-07-13 20:04:05,751 - [INFO] - Epoch:  194 | FVAL: 0.0137197
2019-07-13 20:04:06,670 - [INFO] - Epoch:  195 | FVAL: 0.0137165
2019-07-13 20:04:07,644 - [INFO] - Epoch:  196 | FVAL: 0.0137134
2019-07-13 20:04:08,559 - [INFO] - Epoch:  197 | FVAL: 0.0137102
2019-07-13 20:04:09,554 - [INFO] - Epoch:  198 | FVAL: 0.0137071
2019-07-13 20:04:10,570 - [INFO] - Epoch:  199 | FVAL: 0.0137040
2019-07-13 20:04:11,488 - [INFO] - Epoch:  200 | FVAL: 0.0137009
2019-07-13 20:04:12,464 - [INFO] - Epoch:  201 | FVAL: 0.0136979
2019-07-13 20:04:13,388 - [INFO] - Epoch:  202 | FVAL: 0.0136949
2019-07-13 20:04:14,363 - [INFO] - Epoch:  203 | FVAL: 0.0136919
2019-07-13 20:04:15,328 - [INFO] - Epoch:  204 | FVAL: 0.0136889
2019-07-13 20:04:16,241 - [INFO] - Epoch:  205 | FVAL: 0.0136859
2019-07-13 20:04:17,210 - [INFO] - Epoch:  206 | FVAL: 0.0136829
2019-07-13 20:04:18,124 - [INFO] - Epoch:  207 | FVAL: 0.0136799
2019-07-13 20:04:19,084 - [INFO] - Epoch:  208 | FVAL: 0.0136770
2019-07-13 20:04:20,044 - [INFO] - Epoch:  209 | FVAL: 0.0136740
2019-07-13 20:04:20,952 - [INFO] - Epoch:  210 | FVAL: 0.0136711
2019-07-13 20:04:22,044 - [INFO] - Epoch:  211 | FVAL: 0.0136681
2019-07-13 20:04:22,953 - [INFO] - Epoch:  212 | FVAL: 0.0136652
2019-07-13 20:04:23,911 - [INFO] - Epoch:  213 | FVAL: 0.0136622
2019-07-13 20:04:24,875 - [INFO] - Epoch:  214 | FVAL: 0.0136593
2019-07-13 20:04:25,790 - [INFO] - Epoch:  215 | FVAL: 0.0136564
2019-07-13 20:04:26,697 - [INFO] - Epoch:  216 | FVAL: 0.0136535
2019-07-13 20:04:27,654 - [INFO] - Epoch:  217 | FVAL: 0.0136506
2019-07-13 20:04:28,616 - [INFO] - Epoch:  218 | FVAL: 0.0136478
2019-07-13 20:04:29,583 - [INFO] - Epoch:  219 | FVAL: 0.0136449
2019-07-13 20:04:30,494 - [INFO] - Epoch:  220 | FVAL: 0.0136421
2019-07-13 20:04:31,414 - [INFO] - Epoch:  221 | FVAL: 0.0136393
2019-07-13 20:04:32,381 - [INFO] - Epoch:  222 | FVAL: 0.0136365
2019-07-13 20:04:33,348 - [INFO] - Epoch:  223 | FVAL: 0.0136337
2019-07-13 20:04:34,263 - [INFO] - Epoch:  224 | FVAL: 0.0136309
2019-07-13 20:04:35,232 - [INFO] - Epoch:  225 | FVAL: 0.0136281
2019-07-13 20:04:36,139 - [INFO] - Epoch:  226 | FVAL: 0.0136253
2019-07-13 20:04:37,106 - [INFO] - Epoch:  227 | FVAL: 0.0136225
2019-07-13 20:04:38,069 - [INFO] - Epoch:  228 | FVAL: 0.0136198
2019-07-13 20:04:38,981 - [INFO] - Epoch:  229 | FVAL: 0.0136170
2019-07-13 20:04:39,890 - [INFO] - Epoch:  230 | FVAL: 0.0136142
2019-07-13 20:04:40,860 - [INFO] - Epoch:  231 | FVAL: 0.0136115
2019-07-13 20:04:41,828 - [INFO] - Epoch:  232 | FVAL: 0.0136087
2019-07-13 20:04:42,737 - [INFO] - Epoch:  233 | FVAL: 0.0136060
2019-07-13 20:04:43,733 - [INFO] - Epoch:  234 | FVAL: 0.0136033
2019-07-13 20:04:44,644 - [INFO] - Epoch:  235 | FVAL: 0.0136005
2019-07-13 20:04:45,614 - [INFO] - Epoch:  236 | FVAL: 0.0135978
2019-07-13 20:04:46,593 - [INFO] - Epoch:  237 | FVAL: 0.0135951
2019-07-13 20:04:47,508 - [INFO] - Epoch:  238 | FVAL: 0.0135924
2019-07-13 20:04:48,465 - [INFO] - Epoch:  239 | FVAL: 0.0135897
2019-07-13 20:04:49,372 - [INFO] - Epoch:  240 | FVAL: 0.0135871
2019-07-13 20:04:50,386 - [INFO] - Epoch:  241 | FVAL: 0.0135844
2019-07-13 20:04:51,399 - [INFO] - Epoch:  242 | FVAL: 0.0135817
2019-07-13 20:04:52,334 - [INFO] - Epoch:  243 | FVAL: 0.0135791
2019-07-13 20:04:53,362 - [INFO] - Epoch:  244 | FVAL: 0.0135764
2019-07-13 20:04:54,298 - [INFO] - Epoch:  245 | FVAL: 0.0135738
2019-07-13 20:04:55,310 - [INFO] - Epoch:  246 | FVAL: 0.0135712
2019-07-13 20:04:56,325 - [INFO] - Epoch:  247 | FVAL: 0.0135686
2019-07-13 20:04:57,325 - [INFO] - Epoch:  248 | FVAL: 0.0135660
2019-07-13 20:04:58,249 - [INFO] - Epoch:  249 | FVAL: 0.0135634
2019-07-13 20:04:59,166 - [INFO] - Epoch:  250 | FVAL: 0.0135609
2019-07-13 20:05:00,335 - [INFO] - Epoch:  251 | FVAL: 0.0135584
2019-07-13 20:05:01,309 - [INFO] - Epoch:  252 | FVAL: 0.0135559
2019-07-13 20:05:02,289 - [INFO] - Epoch:  253 | FVAL: 0.0135534
2019-07-13 20:05:03,264 - [INFO] - Epoch:  254 | FVAL: 0.0135509
2019-07-13 20:05:04,183 - [INFO] - Epoch:  255 | FVAL: 0.0135485
2019-07-13 20:05:05,108 - [INFO] - Epoch:  256 | FVAL: 0.0135460
2019-07-13 20:05:06,090 - [INFO] - Epoch:  257 | FVAL: 0.0135436
2019-07-13 20:05:07,072 - [INFO] - Epoch:  258 | FVAL: 0.0135411
2019-07-13 20:05:08,053 - [INFO] - Epoch:  259 | FVAL: 0.0135387
2019-07-13 20:05:08,975 - [INFO] - Epoch:  260 | FVAL: 0.0135363
2019-07-13 20:05:09,894 - [INFO] - Epoch:  261 | FVAL: 0.0135339
2019-07-13 20:05:10,878 - [INFO] - Epoch:  262 | FVAL: 0.0135315
2019-07-13 20:05:11,862 - [INFO] - Epoch:  263 | FVAL: 0.0135292
2019-07-13 20:05:12,856 - [INFO] - Epoch:  264 | FVAL: 0.0135268
2019-07-13 20:05:13,769 - [INFO] - Epoch:  265 | FVAL: 0.0135244
2019-07-13 20:05:14,676 - [INFO] - Epoch:  266 | FVAL: 0.0135220
2019-07-13 20:05:15,644 - [INFO] - Epoch:  267 | FVAL: 0.0135197
2019-07-13 20:05:16,603 - [INFO] - Epoch:  268 | FVAL: 0.0135173
2019-07-13 20:05:17,505 - [INFO] - Epoch:  269 | FVAL: 0.0135149
2019-07-13 20:05:18,465 - [INFO] - Epoch:  270 | FVAL: 0.0135126
2019-07-13 20:05:19,369 - [INFO] - Epoch:  271 | FVAL: 0.0135102
2019-07-13 20:05:20,328 - [INFO] - Epoch:  272 | FVAL: 0.0135079
2019-07-13 20:05:21,292 - [INFO] - Epoch:  273 | FVAL: 0.0135056
2019-07-13 20:05:22,197 - [INFO] - Epoch:  274 | FVAL: 0.0135033
2019-07-13 20:05:23,119 - [INFO] - Epoch:  275 | FVAL: 0.0135010
2019-07-13 20:05:24,107 - [INFO] - Epoch:  276 | FVAL: 0.0134987
2019-07-13 20:05:25,083 - [INFO] - Epoch:  277 | FVAL: 0.0134964
2019-07-13 20:05:26,001 - [INFO] - Epoch:  278 | FVAL: 0.0134941
2019-07-13 20:05:26,979 - [INFO] - Epoch:  279 | FVAL: 0.0134918
2019-07-13 20:05:27,896 - [INFO] - Epoch:  280 | FVAL: 0.0134895
2019-07-13 20:05:28,876 - [INFO] - Epoch:  281 | FVAL: 0.0134873
2019-07-13 20:05:29,859 - [INFO] - Epoch:  282 | FVAL: 0.0134850
2019-07-13 20:05:30,775 - [INFO] - Epoch:  283 | FVAL: 0.0134827
2019-07-13 20:05:31,740 - [INFO] - Epoch:  284 | FVAL: 0.0134805
2019-07-13 20:05:32,663 - [INFO] - Epoch:  285 | FVAL: 0.0134784
2019-07-13 20:05:33,642 - [INFO] - Epoch:  286 | FVAL: 0.0134763
2019-07-13 20:05:34,623 - [INFO] - Epoch:  287 | FVAL: 0.0134742
2019-07-13 20:05:35,533 - [INFO] - Epoch:  288 | FVAL: 0.0134721
2019-07-13 20:05:36,514 - [INFO] - Epoch:  289 | FVAL: 0.0134700
2019-07-13 20:05:37,423 - [INFO] - Epoch:  290 | FVAL: 0.0134679
2019-07-13 20:05:38,382 - [INFO] - Epoch:  291 | FVAL: 0.0134659
2019-07-13 20:05:39,344 - [INFO] - Epoch:  292 | FVAL: 0.0134638
2019-07-13 20:05:40,245 - [INFO] - Epoch:  293 | FVAL: 0.0134618
2019-07-13 20:05:41,155 - [INFO] - Epoch:  294 | FVAL: 0.0134597
2019-07-13 20:05:42,126 - [INFO] - Epoch:  295 | FVAL: 0.0134577
2019-07-13 20:05:43,088 - [INFO] - Epoch:  296 | FVAL: 0.0134557
2019-07-13 20:05:43,999 - [INFO] - Epoch:  297 | FVAL: 0.0134537
2019-07-13 20:05:44,972 - [INFO] - Epoch:  298 | FVAL: 0.0134517
2019-07-13 20:05:45,873 - [INFO] - Epoch:  299 | FVAL: 0.0134497
2019-07-13 20:05:46,871 - [INFO] - Epoch:  300 | FVAL: 0.0134477
2019-07-13 20:05:47,890 - [INFO] - Epoch:  301 | FVAL: 0.0134458
2019-07-13 20:05:48,824 - [INFO] - Epoch:  302 | FVAL: 0.0134438
2019-07-13 20:05:49,797 - [INFO] - Epoch:  303 | FVAL: 0.0134418
2019-07-13 20:05:50,714 - [INFO] - Epoch:  304 | FVAL: 0.0134399
2019-07-13 20:05:51,724 - [INFO] - Epoch:  305 | FVAL: 0.0134379
2019-07-13 20:05:52,747 - [INFO] - Epoch:  306 | FVAL: 0.0134360
2019-07-13 20:05:53,750 - [INFO] - Epoch:  307 | FVAL: 0.0134341
2019-07-13 20:05:54,687 - [INFO] - Epoch:  308 | FVAL: 0.0134323
2019-07-13 20:05:55,621 - [INFO] - Epoch:  309 | FVAL: 0.0134305
2019-07-13 20:05:56,644 - [INFO] - Epoch:  310 | FVAL: 0.0134286
2019-07-13 20:05:57,660 - [INFO] - Epoch:  311 | FVAL: 0.0134268
2019-07-13 20:05:58,659 - [INFO] - Epoch:  312 | FVAL: 0.0134250
2019-07-13 20:05:59,591 - [INFO] - Epoch:  313 | FVAL: 0.0134233
2019-07-13 20:06:00,798 - [INFO] - Epoch:  314 | FVAL: 0.0134215
2019-07-13 20:06:01,786 - [INFO] - Epoch:  315 | FVAL: 0.0134197
2019-07-13 20:06:02,707 - [INFO] - Epoch:  316 | FVAL: 0.0134179
2019-07-13 20:06:03,685 - [INFO] - Epoch:  317 | FVAL: 0.0134162
2019-07-13 20:06:04,660 - [INFO] - Epoch:  318 | FVAL: 0.0134144
2019-07-13 20:06:05,571 - [INFO] - Epoch:  319 | FVAL: 0.0134126
2019-07-13 20:06:06,534 - [INFO] - Epoch:  320 | FVAL: 0.0134109
2019-07-13 20:06:07,473 - [INFO] - Epoch:  321 | FVAL: 0.0134092
2019-07-13 20:06:08,442 - [INFO] - Epoch:  322 | FVAL: 0.0134074
2019-07-13 20:06:09,421 - [INFO] - Epoch:  323 | FVAL: 0.0134057
2019-07-13 20:06:10,339 - [INFO] - Epoch:  324 | FVAL: 0.0134040
2019-07-13 20:06:11,249 - [INFO] - Epoch:  325 | FVAL: 0.0134022
2019-07-13 20:06:12,227 - [INFO] - Epoch:  326 | FVAL: 0.0134005
2019-07-13 20:06:13,217 - [INFO] - Epoch:  327 | FVAL: 0.0133988
2019-07-13 20:06:14,205 - [INFO] - Epoch:  328 | FVAL: 0.0133972
2019-07-13 20:06:15,120 - [INFO] - Epoch:  329 | FVAL: 0.0133955
2019-07-13 20:06:16,036 - [INFO] - Epoch:  330 | FVAL: 0.0133938
2019-07-13 20:06:17,020 - [INFO] - Epoch:  331 | FVAL: 0.0133922
2019-07-13 20:06:17,998 - [INFO] - Epoch:  332 | FVAL: 0.0133905
2019-07-13 20:06:18,911 - [INFO] - Epoch:  333 | FVAL: 0.0133889
2019-07-13 20:06:19,884 - [INFO] - Epoch:  334 | FVAL: 0.0133873
2019-07-13 20:06:20,799 - [INFO] - Epoch:  335 | FVAL: 0.0133858
2019-07-13 20:06:21,774 - [INFO] - Epoch:  336 | FVAL: 0.0133842
2019-07-13 20:06:22,725 - [INFO] - Epoch:  337 | FVAL: 0.0133826
2019-07-13 20:06:23,630 - [INFO] - Epoch:  338 | FVAL: 0.0133810
2019-07-13 20:06:24,565 - [INFO] - Epoch:  339 | FVAL: 0.0133795
2019-07-13 20:06:25,497 - [INFO] - Epoch:  340 | FVAL: 0.0133779
2019-07-13 20:06:26,473 - [INFO] - Epoch:  341 | FVAL: 0.0133763
2019-07-13 20:06:27,468 - [INFO] - Epoch:  342 | FVAL: 0.0133748
2019-07-13 20:06:28,389 - [INFO] - Epoch:  343 | FVAL: 0.0133732
2019-07-13 20:06:29,310 - [INFO] - Epoch:  344 | FVAL: 0.0133717
2019-07-13 20:06:30,303 - [INFO] - Epoch:  345 | FVAL: 0.0133702
2019-07-13 20:06:31,309 - [INFO] - Epoch:  346 | FVAL: 0.0133686
2019-07-13 20:06:32,272 - [INFO] - Epoch:  347 | FVAL: 0.0133671
2019-07-13 20:06:33,180 - [INFO] - Epoch:  348 | FVAL: 0.0133656
2019-07-13 20:06:34,089 - [INFO] - Epoch:  349 | FVAL: 0.0133644
2019-07-13 20:06:35,043 - [INFO] - Epoch:  350 | FVAL: 0.0133634
2019-07-13 20:06:36,005 - [INFO] - Epoch:  351 | FVAL: 0.0133624
2019-07-13 20:06:36,917 - [INFO] - Epoch:  352 | FVAL: 0.0133614
2019-07-13 20:06:37,881 - [INFO] - Epoch:  353 | FVAL: 0.0133604
2019-07-13 20:06:38,790 - [INFO] - Epoch:  354 | FVAL: 0.0133594
