2019-07-12 00:35:14,739 - [INFO] - apcg-- N:271617 | d:8 | lambda:0.001
2019-07-12 00:35:14,744 - [INFO] - Function value sequence convergence criteria.
2019-07-12 00:35:14,744 - [INFO] - Epoch:    0 | FVAL: 0.3465736
2019-07-12 00:35:14,827 - [INFO] - Epoch:    1 | FVAL: 0.2088701
2019-07-12 00:35:14,908 - [INFO] - Epoch:    2 | FVAL: 0.1674675
2019-07-12 00:35:14,988 - [INFO] - Epoch:    3 | FVAL: 0.1611274
2019-07-12 00:35:15,069 - [INFO] - Epoch:    4 | FVAL: 0.1597156
2019-07-12 00:35:15,150 - [INFO] - Epoch:    5 | FVAL: 0.1396025
2019-07-12 00:35:15,291 - [INFO] - Epoch:    6 | FVAL: 0.1267069
2019-07-12 00:35:15,372 - [INFO] - Epoch:    7 | FVAL: 0.1229455
2019-07-12 00:35:15,453 - [INFO] - Epoch:    8 | FVAL: 0.1214902
2019-07-12 00:35:15,534 - [INFO] - Epoch:    9 | FVAL: 0.1202625
2019-07-12 00:35:15,616 - [INFO] - Epoch:   10 | FVAL: 0.1193571
2019-07-12 00:35:15,754 - [INFO] - Epoch:   11 | FVAL: 0.1191725
2019-07-12 00:35:15,836 - [INFO] - Epoch:   12 | FVAL: 0.1113706
2019-07-12 00:35:15,917 - [INFO] - Epoch:   13 | FVAL: 0.1098341
2019-07-12 00:35:15,998 - [INFO] - Epoch:   14 | FVAL: 0.1095538
2019-07-12 00:35:16,079 - [INFO] - Epoch:   15 | FVAL: 0.1064552
2019-07-12 00:35:16,160 - [INFO] - Epoch:   16 | FVAL: 0.1020471
2019-07-12 00:35:16,241 - [INFO] - Epoch:   17 | FVAL: 0.1016055
2019-07-12 00:35:16,322 - [INFO] - Epoch:   18 | FVAL: 0.0989266
2019-07-12 00:35:16,403 - [INFO] - Epoch:   19 | FVAL: 0.0986924
2019-07-12 00:35:16,544 - [INFO] - Epoch:   20 | FVAL: 0.0972987
2019-07-12 00:35:16,626 - [INFO] - Epoch:   21 | FVAL: 0.0969682
2019-07-12 00:35:16,707 - [INFO] - Epoch:   22 | FVAL: 0.0968472
2019-07-12 00:35:16,788 - [INFO] - Epoch:   23 | FVAL: 0.0956285
2019-07-12 00:35:16,925 - [INFO] - Epoch:   24 | FVAL: 0.0954199
2019-07-12 00:35:17,006 - [INFO] - Epoch:   25 | FVAL: 0.0942169
2019-07-12 00:35:17,087 - [INFO] - Epoch:   26 | FVAL: 0.0931598
2019-07-12 00:35:17,168 - [INFO] - Epoch:   27 | FVAL: 0.0921983
2019-07-12 00:35:17,249 - [INFO] - Epoch:   28 | FVAL: 0.0920898
2019-07-12 00:35:17,330 - [INFO] - Epoch:   29 | FVAL: 0.0920626
2019-07-12 00:35:17,411 - [INFO] - Epoch:   30 | FVAL: 0.0912234
2019-07-12 00:35:17,492 - [INFO] - Epoch:   31 | FVAL: 0.0908947
2019-07-12 00:35:17,574 - [INFO] - Epoch:   32 | FVAL: 0.0899177
2019-07-12 00:35:17,704 - [INFO] - Epoch:   33 | FVAL: 0.0890329
2019-07-12 00:35:17,785 - [INFO] - Epoch:   34 | FVAL: 0.0887258
2019-07-12 00:35:17,867 - [INFO] - Epoch:   35 | FVAL: 0.0878935
2019-07-12 00:35:17,948 - [INFO] - Epoch:   36 | FVAL: 0.0876221
2019-07-12 00:35:18,089 - [INFO] - Epoch:   37 | FVAL: 0.0872070
2019-07-12 00:35:18,170 - [INFO] - Epoch:   38 | FVAL: 0.0868408
2019-07-12 00:35:18,252 - [INFO] - Epoch:   39 | FVAL: 0.0864058
2019-07-12 00:35:18,333 - [INFO] - Epoch:   40 | FVAL: 0.0860728
2019-07-12 00:35:18,414 - [INFO] - Epoch:   41 | FVAL: 0.0857936
2019-07-12 00:35:18,495 - [INFO] - Epoch:   42 | FVAL: 0.0856036
2019-07-12 00:35:18,577 - [INFO] - Epoch:   43 | FVAL: 0.0853995
2019-07-12 00:35:18,658 - [INFO] - Epoch:   44 | FVAL: 0.0853554
2019-07-12 00:35:18,739 - [INFO] - Epoch:   45 | FVAL: 0.0849518
2019-07-12 00:35:18,821 - [INFO] - Epoch:   46 | FVAL: 0.0846042
2019-07-12 00:35:18,951 - [INFO] - Epoch:   47 | FVAL: 0.0843447
2019-07-12 00:35:19,032 - [INFO] - Epoch:   48 | FVAL: 0.0841616
2019-07-12 00:35:19,114 - [INFO] - Epoch:   49 | FVAL: 0.0839516
2019-07-12 00:35:19,195 - [INFO] - Epoch:   50 | FVAL: 0.0839116
2019-07-12 00:35:19,337 - [INFO] - Epoch:   51 | FVAL: 0.0838970
2019-07-12 00:35:19,418 - [INFO] - Epoch:   52 | FVAL: 0.0835862
2019-07-12 00:35:19,499 - [INFO] - Epoch:   53 | FVAL: 0.0833801
2019-07-12 00:35:19,581 - [INFO] - Epoch:   54 | FVAL: 0.0833267
2019-07-12 00:35:19,662 - [INFO] - Epoch:   55 | FVAL: 0.0831115
2019-07-12 00:35:19,743 - [INFO] - Epoch:   56 | FVAL: 0.0829689
2019-07-12 00:35:19,825 - [INFO] - Epoch:   57 | FVAL: 0.0828275
2019-07-12 00:35:19,906 - [INFO] - Epoch:   58 | FVAL: 0.0827117
2019-07-12 00:35:19,987 - [INFO] - Epoch:   59 | FVAL: 0.0825311
2019-07-12 00:35:20,127 - [INFO] - Epoch:   60 | FVAL: 0.0824326
2019-07-12 00:35:20,209 - [INFO] - Epoch:   61 | FVAL: 0.0823657
2019-07-12 00:35:20,290 - [INFO] - Epoch:   62 | FVAL: 0.0822467
2019-07-12 00:35:20,371 - [INFO] - Epoch:   63 | FVAL: 0.0821814
2019-07-12 00:35:20,513 - [INFO] - Epoch:   64 | FVAL: 0.0821421
2019-07-12 00:35:20,595 - [INFO] - Epoch:   65 | FVAL: 0.0819935
2019-07-12 00:35:20,676 - [INFO] - Epoch:   66 | FVAL: 0.0818836
2019-07-12 00:35:20,758 - [INFO] - Epoch:   67 | FVAL: 0.0818689
2019-07-12 00:35:20,839 - [INFO] - Epoch:   68 | FVAL: 0.0817883
2019-07-12 00:35:20,921 - [INFO] - Epoch:   69 | FVAL: 0.0816848
2019-07-12 00:35:21,002 - [INFO] - Epoch:   70 | FVAL: 0.0816081
2019-07-12 00:35:21,083 - [INFO] - Epoch:   71 | FVAL: 0.0815120
2019-07-12 00:35:21,165 - [INFO] - Epoch:   72 | FVAL: 0.0815028
2019-07-12 00:35:21,309 - [INFO] - Epoch:   73 | FVAL: 0.0815000
2019-07-12 00:35:21,390 - [INFO] - Epoch:   74 | FVAL: 0.0814837
2019-07-12 00:35:21,472 - [INFO] - Epoch:   75 | FVAL: 0.0813780
2019-07-12 00:35:21,553 - [INFO] - Epoch:   76 | FVAL: 0.0812842
2019-07-12 00:35:21,646 - [INFO] - Epoch:   77 | FVAL: 0.0812214
2019-07-12 00:35:21,773 - [INFO] - Epoch:   78 | FVAL: 0.0811718
2019-07-12 00:35:21,854 - [INFO] - Epoch:   79 | FVAL: 0.0811627
2019-07-12 00:35:21,935 - [INFO] - Epoch:   80 | FVAL: 0.0811212
2019-07-12 00:35:22,017 - [INFO] - Epoch:   81 | FVAL: 0.0811048
2019-07-12 00:35:22,098 - [INFO] - Epoch:   82 | FVAL: 0.0810554
2019-07-12 00:35:22,179 - [INFO] - Epoch:   83 | FVAL: 0.0810144
2019-07-12 00:35:22,260 - [INFO] - Epoch:   84 | FVAL: 0.0809626
2019-07-12 00:35:22,342 - [INFO] - Epoch:   85 | FVAL: 0.0809187
2019-07-12 00:35:22,423 - [INFO] - Epoch:   86 | FVAL: 0.0808826
2019-07-12 00:35:22,577 - [INFO] - Epoch:   87 | FVAL: 0.0808759
2019-07-12 00:35:22,659 - [INFO] - Epoch:   88 | FVAL: 0.0808349
2019-07-12 00:35:22,740 - [INFO] - Epoch:   89 | FVAL: 0.0808158
2019-07-12 00:35:22,822 - [INFO] - Epoch:   90 | FVAL: 0.0807860
2019-07-12 00:35:22,966 - [INFO] - Epoch:   91 | FVAL: 0.0807564
2019-07-12 00:35:23,047 - [INFO] - Epoch:   92 | FVAL: 0.0807517
2019-07-12 00:35:23,129 - [INFO] - Epoch:   93 | FVAL: 0.0807402
2019-07-12 00:35:23,210 - [INFO] - Epoch:   94 | FVAL: 0.0807175
2019-07-12 00:35:23,292 - [INFO] - Epoch:   95 | FVAL: 0.0806523
2019-07-12 00:35:23,373 - [INFO] - Epoch:   96 | FVAL: 0.0806219
2019-07-12 00:35:23,454 - [INFO] - Epoch:   97 | FVAL: 0.0805973
2019-07-12 00:35:23,536 - [INFO] - Epoch:   98 | FVAL: 0.0805868
2019-07-12 00:35:23,617 - [INFO] - Epoch:   99 | FVAL: 0.0805778
2019-07-12 00:35:23,771 - [INFO] - Epoch:  100 | FVAL: 0.0805649
2019-07-12 00:35:23,853 - [INFO] - Epoch:  101 | FVAL: 0.0805526
2019-07-12 00:35:23,934 - [INFO] - Epoch:  102 | FVAL: 0.0805195
2019-07-12 00:35:24,016 - [INFO] - Epoch:  103 | FVAL: 0.0805056
2019-07-12 00:35:24,168 - [INFO] - Epoch:  104 | FVAL: 0.0804638
2019-07-12 00:35:24,250 - [INFO] - Epoch:  105 | FVAL: 0.0804467
2019-07-12 00:35:24,332 - [INFO] - Epoch:  106 | FVAL: 0.0804398
2019-07-12 00:35:24,414 - [INFO] - Epoch:  107 | FVAL: 0.0804184
2019-07-12 00:35:24,495 - [INFO] - Epoch:  108 | FVAL: 0.0803872
2019-07-12 00:35:24,577 - [INFO] - Epoch:  109 | FVAL: 0.0803680
2019-07-12 00:35:24,658 - [INFO] - Epoch:  110 | FVAL: 0.0803565
2019-07-12 00:35:24,739 - [INFO] - Epoch:  111 | FVAL: 0.0803249
2019-07-12 00:35:24,821 - [INFO] - Epoch:  112 | FVAL: 0.0803134
2019-07-12 00:35:24,976 - [INFO] - Epoch:  113 | FVAL: 0.0802945
2019-07-12 00:35:25,057 - [INFO] - Epoch:  114 | FVAL: 0.0802872
2019-07-12 00:35:25,139 - [INFO] - Epoch:  115 | FVAL: 0.0802742
2019-07-12 00:35:25,220 - [INFO] - Epoch:  116 | FVAL: 0.0802717
2019-07-12 00:35:25,373 - [INFO] - Epoch:  117 | FVAL: 0.0802697
2019-07-12 00:35:25,454 - [INFO] - Epoch:  118 | FVAL: 0.0802679
2019-07-12 00:35:25,536 - [INFO] - Epoch:  119 | FVAL: 0.0802673
