2019-07-13 19:46:55,214 - [INFO] - csum-- N:271617 | d:8 | lambda:0.001
2019-07-13 19:46:55,218 - [INFO] - Function value sequence convergence criteria.
2019-07-13 19:46:55,218 - [INFO] - Epoch:    0 | FVAL: 0.3465736
2019-07-13 19:46:55,282 - [INFO] - Epoch:    1 | FVAL: 0.3465736
2019-07-13 19:46:55,350 - [INFO] - Epoch:    2 | FVAL: 0.2170845
2019-07-13 19:46:55,419 - [INFO] - Epoch:    3 | FVAL: 0.1767563
2019-07-13 19:46:55,487 - [INFO] - Epoch:    4 | FVAL: 0.1553136
2019-07-13 19:46:55,556 - [INFO] - Epoch:    5 | FVAL: 0.1416934
2019-07-13 19:46:55,624 - [INFO] - Epoch:    6 | FVAL: 0.1321881
2019-07-13 19:46:55,692 - [INFO] - Epoch:    7 | FVAL: 0.1251342
2019-07-13 19:46:55,813 - [INFO] - Epoch:    8 | FVAL: 0.1196697
2019-07-13 19:46:55,882 - [INFO] - Epoch:    9 | FVAL: 0.1153000
2019-07-13 19:46:55,951 - [INFO] - Epoch:   10 | FVAL: 0.1117197
2019-07-13 19:46:56,019 - [INFO] - Epoch:   11 | FVAL: 0.1087292
2019-07-13 19:46:56,088 - [INFO] - Epoch:   12 | FVAL: 0.1061919
2019-07-13 19:46:56,208 - [INFO] - Epoch:   13 | FVAL: 0.1040113
2019-07-13 19:46:56,276 - [INFO] - Epoch:   14 | FVAL: 0.1021157
2019-07-13 19:46:56,344 - [INFO] - Epoch:   15 | FVAL: 0.1004529
2019-07-13 19:46:56,413 - [INFO] - Epoch:   16 | FVAL: 0.0989834
2019-07-13 19:46:56,481 - [INFO] - Epoch:   17 | FVAL: 0.0976755
2019-07-13 19:46:56,550 - [INFO] - Epoch:   18 | FVAL: 0.0965044
2019-07-13 19:46:56,618 - [INFO] - Epoch:   19 | FVAL: 0.0954501
2019-07-13 19:46:56,687 - [INFO] - Epoch:   20 | FVAL: 0.0944962
2019-07-13 19:46:56,755 - [INFO] - Epoch:   21 | FVAL: 0.0936294
2019-07-13 19:46:56,824 - [INFO] - Epoch:   22 | FVAL: 0.0928386
2019-07-13 19:46:56,892 - [INFO] - Epoch:   23 | FVAL: 0.0921146
2019-07-13 19:46:56,998 - [INFO] - Epoch:   24 | FVAL: 0.0914495
2019-07-13 19:46:57,066 - [INFO] - Epoch:   25 | FVAL: 0.0908367
2019-07-13 19:46:57,135 - [INFO] - Epoch:   26 | FVAL: 0.0902705
2019-07-13 19:46:57,204 - [INFO] - Epoch:   27 | FVAL: 0.0897461
2019-07-13 19:46:57,272 - [INFO] - Epoch:   28 | FVAL: 0.0892593
2019-07-13 19:46:57,394 - [INFO] - Epoch:   29 | FVAL: 0.0888062
2019-07-13 19:46:57,462 - [INFO] - Epoch:   30 | FVAL: 0.0883839
2019-07-13 19:46:57,531 - [INFO] - Epoch:   31 | FVAL: 0.0879893
2019-07-13 19:46:57,599 - [INFO] - Epoch:   32 | FVAL: 0.0876201
2019-07-13 19:46:57,668 - [INFO] - Epoch:   33 | FVAL: 0.0872740
2019-07-13 19:46:57,736 - [INFO] - Epoch:   34 | FVAL: 0.0869490
2019-07-13 19:46:57,805 - [INFO] - Epoch:   35 | FVAL: 0.0866435
2019-07-13 19:46:57,874 - [INFO] - Epoch:   36 | FVAL: 0.0863559
2019-07-13 19:46:57,942 - [INFO] - Epoch:   37 | FVAL: 0.0860848
2019-07-13 19:46:58,011 - [INFO] - Epoch:   38 | FVAL: 0.0858288
2019-07-13 19:46:58,079 - [INFO] - Epoch:   39 | FVAL: 0.0855869
2019-07-13 19:46:58,199 - [INFO] - Epoch:   40 | FVAL: 0.0853581
2019-07-13 19:46:58,268 - [INFO] - Epoch:   41 | FVAL: 0.0851414
2019-07-13 19:46:58,336 - [INFO] - Epoch:   42 | FVAL: 0.0849360
2019-07-13 19:46:58,405 - [INFO] - Epoch:   43 | FVAL: 0.0847410
2019-07-13 19:46:58,474 - [INFO] - Epoch:   44 | FVAL: 0.0845558
2019-07-13 19:46:58,590 - [INFO] - Epoch:   45 | FVAL: 0.0843798
2019-07-13 19:46:58,658 - [INFO] - Epoch:   46 | FVAL: 0.0842123
2019-07-13 19:46:58,727 - [INFO] - Epoch:   47 | FVAL: 0.0840529
2019-07-13 19:46:58,796 - [INFO] - Epoch:   48 | FVAL: 0.0839009
2019-07-13 19:46:58,864 - [INFO] - Epoch:   49 | FVAL: 0.0837560
2019-07-13 19:46:58,933 - [INFO] - Epoch:   50 | FVAL: 0.0836178
2019-07-13 19:46:59,001 - [INFO] - Epoch:   51 | FVAL: 0.0834858
2019-07-13 19:46:59,070 - [INFO] - Epoch:   52 | FVAL: 0.0833596
2019-07-13 19:46:59,139 - [INFO] - Epoch:   53 | FVAL: 0.0832390
2019-07-13 19:46:59,207 - [INFO] - Epoch:   54 | FVAL: 0.0831236
2019-07-13 19:46:59,276 - [INFO] - Epoch:   55 | FVAL: 0.0830132
2019-07-13 19:46:59,392 - [INFO] - Epoch:   56 | FVAL: 0.0829074
2019-07-13 19:46:59,460 - [INFO] - Epoch:   57 | FVAL: 0.0828060
2019-07-13 19:46:59,529 - [INFO] - Epoch:   58 | FVAL: 0.0827088
2019-07-13 19:46:59,598 - [INFO] - Epoch:   59 | FVAL: 0.0826156
2019-07-13 19:46:59,666 - [INFO] - Epoch:   60 | FVAL: 0.0825262
2019-07-13 19:46:59,781 - [INFO] - Epoch:   61 | FVAL: 0.0824403
2019-07-13 19:46:59,849 - [INFO] - Epoch:   62 | FVAL: 0.0823578
2019-07-13 19:46:59,918 - [INFO] - Epoch:   63 | FVAL: 0.0822785
2019-07-13 19:46:59,987 - [INFO] - Epoch:   64 | FVAL: 0.0822023
2019-07-13 19:47:00,056 - [INFO] - Epoch:   65 | FVAL: 0.0821290
2019-07-13 19:47:00,258 - [INFO] - Epoch:   66 | FVAL: 0.0820585
2019-07-13 19:47:00,329 - [INFO] - Epoch:   67 | FVAL: 0.0819906
2019-07-13 19:47:00,397 - [INFO] - Epoch:   68 | FVAL: 0.0819252
2019-07-13 19:47:00,466 - [INFO] - Epoch:   69 | FVAL: 0.0818623
2019-07-13 19:47:00,535 - [INFO] - Epoch:   70 | FVAL: 0.0818016
2019-07-13 19:47:00,650 - [INFO] - Epoch:   71 | FVAL: 0.0817432
2019-07-13 19:47:00,718 - [INFO] - Epoch:   72 | FVAL: 0.0816868
2019-07-13 19:47:00,787 - [INFO] - Epoch:   73 | FVAL: 0.0816324
2019-07-13 19:47:00,856 - [INFO] - Epoch:   74 | FVAL: 0.0815800
2019-07-13 19:47:00,925 - [INFO] - Epoch:   75 | FVAL: 0.0815294
2019-07-13 19:47:01,046 - [INFO] - Epoch:   76 | FVAL: 0.0814805
2019-07-13 19:47:01,114 - [INFO] - Epoch:   77 | FVAL: 0.0814333
2019-07-13 19:47:01,183 - [INFO] - Epoch:   78 | FVAL: 0.0813878
2019-07-13 19:47:01,252 - [INFO] - Epoch:   79 | FVAL: 0.0813437
2019-07-13 19:47:01,321 - [INFO] - Epoch:   80 | FVAL: 0.0813012
2019-07-13 19:47:01,389 - [INFO] - Epoch:   81 | FVAL: 0.0812601
2019-07-13 19:47:01,458 - [INFO] - Epoch:   82 | FVAL: 0.0812203
2019-07-13 19:47:01,527 - [INFO] - Epoch:   83 | FVAL: 0.0811819
2019-07-13 19:47:01,596 - [INFO] - Epoch:   84 | FVAL: 0.0811447
2019-07-13 19:47:01,664 - [INFO] - Epoch:   85 | FVAL: 0.0811087
2019-07-13 19:47:01,733 - [INFO] - Epoch:   86 | FVAL: 0.0810738
2019-07-13 19:47:01,855 - [INFO] - Epoch:   87 | FVAL: 0.0810401
2019-07-13 19:47:01,924 - [INFO] - Epoch:   88 | FVAL: 0.0810075
2019-07-13 19:47:01,992 - [INFO] - Epoch:   89 | FVAL: 0.0809759
2019-07-13 19:47:02,061 - [INFO] - Epoch:   90 | FVAL: 0.0809452
2019-07-13 19:47:02,130 - [INFO] - Epoch:   91 | FVAL: 0.0809156
2019-07-13 19:47:02,254 - [INFO] - Epoch:   92 | FVAL: 0.0808868
2019-07-13 19:47:02,323 - [INFO] - Epoch:   93 | FVAL: 0.0808590
2019-07-13 19:47:02,392 - [INFO] - Epoch:   94 | FVAL: 0.0808320
2019-07-13 19:47:02,460 - [INFO] - Epoch:   95 | FVAL: 0.0808058
2019-07-13 19:47:02,529 - [INFO] - Epoch:   96 | FVAL: 0.0807804
2019-07-13 19:47:02,598 - [INFO] - Epoch:   97 | FVAL: 0.0807558
2019-07-13 19:47:02,667 - [INFO] - Epoch:   98 | FVAL: 0.0807319
2019-07-13 19:47:02,736 - [INFO] - Epoch:   99 | FVAL: 0.0807088
2019-07-13 19:47:02,805 - [INFO] - Epoch:  100 | FVAL: 0.0806863
2019-07-13 19:47:02,874 - [INFO] - Epoch:  101 | FVAL: 0.0806645
2019-07-13 19:47:02,942 - [INFO] - Epoch:  102 | FVAL: 0.0806433
2019-07-13 19:47:03,063 - [INFO] - Epoch:  103 | FVAL: 0.0806227
2019-07-13 19:47:03,132 - [INFO] - Epoch:  104 | FVAL: 0.0806028
2019-07-13 19:47:03,201 - [INFO] - Epoch:  105 | FVAL: 0.0805834
2019-07-13 19:47:03,270 - [INFO] - Epoch:  106 | FVAL: 0.0805646
2019-07-13 19:47:03,339 - [INFO] - Epoch:  107 | FVAL: 0.0805463
2019-07-13 19:47:03,458 - [INFO] - Epoch:  108 | FVAL: 0.0805285
2019-07-13 19:47:03,527 - [INFO] - Epoch:  109 | FVAL: 0.0805113
2019-07-13 19:47:03,596 - [INFO] - Epoch:  110 | FVAL: 0.0804945
2019-07-13 19:47:03,665 - [INFO] - Epoch:  111 | FVAL: 0.0804782
2019-07-13 19:47:03,734 - [INFO] - Epoch:  112 | FVAL: 0.0804624
2019-07-13 19:47:03,803 - [INFO] - Epoch:  113 | FVAL: 0.0804470
2019-07-13 19:47:03,872 - [INFO] - Epoch:  114 | FVAL: 0.0804320
2019-07-13 19:47:03,941 - [INFO] - Epoch:  115 | FVAL: 0.0804174
2019-07-13 19:47:04,010 - [INFO] - Epoch:  116 | FVAL: 0.0804033
2019-07-13 19:47:04,079 - [INFO] - Epoch:  117 | FVAL: 0.0803895
2019-07-13 19:47:04,148 - [INFO] - Epoch:  118 | FVAL: 0.0803761
2019-07-13 19:47:04,268 - [INFO] - Epoch:  119 | FVAL: 0.0803631
2019-07-13 19:47:04,337 - [INFO] - Epoch:  120 | FVAL: 0.0803504
2019-07-13 19:47:04,406 - [INFO] - Epoch:  121 | FVAL: 0.0803381
2019-07-13 19:47:04,474 - [INFO] - Epoch:  122 | FVAL: 0.0803261
2019-07-13 19:47:04,543 - [INFO] - Epoch:  123 | FVAL: 0.0803144
2019-07-13 19:47:04,662 - [INFO] - Epoch:  124 | FVAL: 0.0803031
2019-07-13 19:47:04,731 - [INFO] - Epoch:  125 | FVAL: 0.0802920
2019-07-13 19:47:04,801 - [INFO] - Epoch:  126 | FVAL: 0.0802812
2019-07-13 19:47:04,870 - [INFO] - Epoch:  127 | FVAL: 0.0802707
2019-07-13 19:47:04,939 - [INFO] - Epoch:  128 | FVAL: 0.0802605
2019-07-13 19:47:05,008 - [INFO] - Epoch:  129 | FVAL: 0.0802506
2019-07-13 19:47:05,077 - [INFO] - Epoch:  130 | FVAL: 0.0802409
2019-07-13 19:47:05,145 - [INFO] - Epoch:  131 | FVAL: 0.0802315
2019-07-13 19:47:05,214 - [INFO] - Epoch:  132 | FVAL: 0.0802223
2019-07-13 19:47:05,283 - [INFO] - Epoch:  133 | FVAL: 0.0802134
2019-07-13 19:47:05,352 - [INFO] - Epoch:  134 | FVAL: 0.0802046
2019-07-13 19:47:05,467 - [INFO] - Epoch:  135 | FVAL: 0.0801962
2019-07-13 19:47:05,536 - [INFO] - Epoch:  136 | FVAL: 0.0801879
2019-07-13 19:47:05,605 - [INFO] - Epoch:  137 | FVAL: 0.0801798
2019-07-13 19:47:05,674 - [INFO] - Epoch:  138 | FVAL: 0.0801720
2019-07-13 19:47:05,743 - [INFO] - Epoch:  139 | FVAL: 0.0801643
2019-07-13 19:47:05,860 - [INFO] - Epoch:  140 | FVAL: 0.0801569
2019-07-13 19:47:05,929 - [INFO] - Epoch:  141 | FVAL: 0.0801496
2019-07-13 19:47:05,999 - [INFO] - Epoch:  142 | FVAL: 0.0801425
2019-07-13 19:47:06,068 - [INFO] - Epoch:  143 | FVAL: 0.0801356
2019-07-13 19:47:06,137 - [INFO] - Epoch:  144 | FVAL: 0.0801288
2019-07-13 19:47:06,206 - [INFO] - Epoch:  145 | FVAL: 0.0801223
2019-07-13 19:47:06,275 - [INFO] - Epoch:  146 | FVAL: 0.0801159
2019-07-13 19:47:06,344 - [INFO] - Epoch:  147 | FVAL: 0.0801096
2019-07-13 19:47:06,414 - [INFO] - Epoch:  148 | FVAL: 0.0801035
2019-07-13 19:47:06,482 - [INFO] - Epoch:  149 | FVAL: 0.0800976
2019-07-13 19:47:06,552 - [INFO] - Epoch:  150 | FVAL: 0.0800918
2019-07-13 19:47:06,663 - [INFO] - Epoch:  151 | FVAL: 0.0800861
2019-07-13 19:47:06,732 - [INFO] - Epoch:  152 | FVAL: 0.0800806
2019-07-13 19:47:06,802 - [INFO] - Epoch:  153 | FVAL: 0.0800753
2019-07-13 19:47:06,870 - [INFO] - Epoch:  154 | FVAL: 0.0800700
2019-07-13 19:47:06,939 - [INFO] - Epoch:  155 | FVAL: 0.0800649
2019-07-13 19:47:07,093 - [INFO] - Epoch:  156 | FVAL: 0.0800599
2019-07-13 19:47:07,161 - [INFO] - Epoch:  157 | FVAL: 0.0800550
2019-07-13 19:47:07,230 - [INFO] - Epoch:  158 | FVAL: 0.0800503
2019-07-13 19:47:07,299 - [INFO] - Epoch:  159 | FVAL: 0.0800456
2019-07-13 19:47:07,368 - [INFO] - Epoch:  160 | FVAL: 0.0800411
2019-07-13 19:47:07,437 - [INFO] - Epoch:  161 | FVAL: 0.0800367
2019-07-13 19:47:07,506 - [INFO] - Epoch:  162 | FVAL: 0.0800324
2019-07-13 19:47:07,574 - [INFO] - Epoch:  163 | FVAL: 0.0800282
2019-07-13 19:47:07,643 - [INFO] - Epoch:  164 | FVAL: 0.0800241
2019-07-13 19:47:07,712 - [INFO] - Epoch:  165 | FVAL: 0.0800200
2019-07-13 19:47:07,841 - [INFO] - Epoch:  166 | FVAL: 0.0800161
2019-07-13 19:47:07,910 - [INFO] - Epoch:  167 | FVAL: 0.0800123
2019-07-13 19:47:07,979 - [INFO] - Epoch:  168 | FVAL: 0.0800086
2019-07-13 19:47:08,047 - [INFO] - Epoch:  169 | FVAL: 0.0800049
2019-07-13 19:47:08,116 - [INFO] - Epoch:  170 | FVAL: 0.0800014
2019-07-13 19:47:08,245 - [INFO] - Epoch:  171 | FVAL: 0.0799979
2019-07-13 19:47:08,314 - [INFO] - Epoch:  172 | FVAL: 0.0799945
2019-07-13 19:47:08,383 - [INFO] - Epoch:  173 | FVAL: 0.0799912
2019-07-13 19:47:08,452 - [INFO] - Epoch:  174 | FVAL: 0.0799880
2019-07-13 19:47:08,521 - [INFO] - Epoch:  175 | FVAL: 0.0799848
2019-07-13 19:47:08,589 - [INFO] - Epoch:  176 | FVAL: 0.0799817
2019-07-13 19:47:08,658 - [INFO] - Epoch:  177 | FVAL: 0.0799787
2019-07-13 19:47:08,727 - [INFO] - Epoch:  178 | FVAL: 0.0799757
2019-07-13 19:47:08,797 - [INFO] - Epoch:  179 | FVAL: 0.0799729
2019-07-13 19:47:08,866 - [INFO] - Epoch:  180 | FVAL: 0.0799701
2019-07-13 19:47:08,935 - [INFO] - Epoch:  181 | FVAL: 0.0799673
2019-07-13 19:47:09,063 - [INFO] - Epoch:  182 | FVAL: 0.0799646
2019-07-13 19:47:09,132 - [INFO] - Epoch:  183 | FVAL: 0.0799620
2019-07-13 19:47:09,201 - [INFO] - Epoch:  184 | FVAL: 0.0799595
2019-07-13 19:47:09,270 - [INFO] - Epoch:  185 | FVAL: 0.0799570
2019-07-13 19:47:09,339 - [INFO] - Epoch:  186 | FVAL: 0.0799545
2019-07-13 19:47:09,469 - [INFO] - Epoch:  187 | FVAL: 0.0799521
2019-07-13 19:47:09,538 - [INFO] - Epoch:  188 | FVAL: 0.0799498
2019-07-13 19:47:09,607 - [INFO] - Epoch:  189 | FVAL: 0.0799475
2019-07-13 19:47:09,676 - [INFO] - Epoch:  190 | FVAL: 0.0799453
2019-07-13 19:47:09,745 - [INFO] - Epoch:  191 | FVAL: 0.0799431
2019-07-13 19:47:09,814 - [INFO] - Epoch:  192 | FVAL: 0.0799410
2019-07-13 19:47:09,883 - [INFO] - Epoch:  193 | FVAL: 0.0799389
2019-07-13 19:47:09,952 - [INFO] - Epoch:  194 | FVAL: 0.0799369
2019-07-13 19:47:10,021 - [INFO] - Epoch:  195 | FVAL: 0.0799349
2019-07-13 19:47:10,090 - [INFO] - Epoch:  196 | FVAL: 0.0799329
2019-07-13 19:47:10,159 - [INFO] - Epoch:  197 | FVAL: 0.0799310
2019-07-13 19:47:10,289 - [INFO] - Epoch:  198 | FVAL: 0.0799292
2019-07-13 19:47:10,358 - [INFO] - Epoch:  199 | FVAL: 0.0799274
2019-07-13 19:47:10,427 - [INFO] - Epoch:  200 | FVAL: 0.0799256
2019-07-13 19:47:10,496 - [INFO] - Epoch:  201 | FVAL: 0.0799239
2019-07-13 19:47:10,565 - [INFO] - Epoch:  202 | FVAL: 0.0799222
2019-07-13 19:47:10,695 - [INFO] - Epoch:  203 | FVAL: 0.0799205
2019-07-13 19:47:10,764 - [INFO] - Epoch:  204 | FVAL: 0.0799189
2019-07-13 19:47:10,834 - [INFO] - Epoch:  205 | FVAL: 0.0799173
2019-07-13 19:47:10,903 - [INFO] - Epoch:  206 | FVAL: 0.0799158
2019-07-13 19:47:10,998 - [INFO] - Epoch:  207 | FVAL: 0.0799142
2019-07-13 19:47:11,085 - [INFO] - Epoch:  208 | FVAL: 0.0799128
2019-07-13 19:47:11,154 - [INFO] - Epoch:  209 | FVAL: 0.0799113
2019-07-13 19:47:11,223 - [INFO] - Epoch:  210 | FVAL: 0.0799099
2019-07-13 19:47:11,292 - [INFO] - Epoch:  211 | FVAL: 0.0799085
2019-07-13 19:47:11,361 - [INFO] - Epoch:  212 | FVAL: 0.0799072
2019-07-13 19:47:11,490 - [INFO] - Epoch:  213 | FVAL: 0.0799058
2019-07-13 19:47:11,559 - [INFO] - Epoch:  214 | FVAL: 0.0799045
2019-07-13 19:47:11,628 - [INFO] - Epoch:  215 | FVAL: 0.0799033
2019-07-13 19:47:11,697 - [INFO] - Epoch:  216 | FVAL: 0.0799020
2019-07-13 19:47:11,766 - [INFO] - Epoch:  217 | FVAL: 0.0799008
2019-07-13 19:47:11,891 - [INFO] - Epoch:  218 | FVAL: 0.0798996
2019-07-13 19:47:11,960 - [INFO] - Epoch:  219 | FVAL: 0.0798985
2019-07-13 19:47:12,029 - [INFO] - Epoch:  220 | FVAL: 0.0798974
2019-07-13 19:47:12,099 - [INFO] - Epoch:  221 | FVAL: 0.0798962
2019-07-13 19:47:12,168 - [INFO] - Epoch:  222 | FVAL: 0.0798952
2019-07-13 19:47:12,237 - [INFO] - Epoch:  223 | FVAL: 0.0798941
2019-07-13 19:47:12,306 - [INFO] - Epoch:  224 | FVAL: 0.0798931
2019-07-13 19:47:12,375 - [INFO] - Epoch:  225 | FVAL: 0.0798920
