2019-07-13 19:46:37,620 - [INFO] - rcsum-- N:271617 | d:8 | lambda:0.001
2019-07-13 19:46:37,624 - [INFO] - Function value sequence convergence criteria.
2019-07-13 19:46:37,624 - [INFO] - Epoch:    0 | FVAL: 0.3465736
2019-07-13 19:46:37,785 - [INFO] - Epoch:    1 | FVAL: 0.2189781
2019-07-13 19:46:37,853 - [INFO] - Epoch:    2 | FVAL: 0.1870644
2019-07-13 19:46:37,921 - [INFO] - Epoch:    3 | FVAL: 0.1610156
2019-07-13 19:46:37,989 - [INFO] - Epoch:    4 | FVAL: 0.1477232
2019-07-13 19:46:38,058 - [INFO] - Epoch:    5 | FVAL: 0.1373533
2019-07-13 19:46:38,184 - [INFO] - Epoch:    6 | FVAL: 0.1300759
2019-07-13 19:46:38,252 - [INFO] - Epoch:    7 | FVAL: 0.1243107
2019-07-13 19:46:38,321 - [INFO] - Epoch:    8 | FVAL: 0.1193658
2019-07-13 19:46:38,389 - [INFO] - Epoch:    9 | FVAL: 0.1153292
2019-07-13 19:46:38,458 - [INFO] - Epoch:   10 | FVAL: 0.1120433
2019-07-13 19:46:38,526 - [INFO] - Epoch:   11 | FVAL: 0.1091867
2019-07-13 19:46:38,594 - [INFO] - Epoch:   12 | FVAL: 0.1067244
2019-07-13 19:46:38,663 - [INFO] - Epoch:   13 | FVAL: 0.1045635
2019-07-13 19:46:38,731 - [INFO] - Epoch:   14 | FVAL: 0.1027060
2019-07-13 19:46:38,800 - [INFO] - Epoch:   15 | FVAL: 0.1010603
2019-07-13 19:46:38,924 - [INFO] - Epoch:   16 | FVAL: 0.0996105
2019-07-13 19:46:39,013 - [INFO] - Epoch:   17 | FVAL: 0.0983177
2019-07-13 19:46:39,081 - [INFO] - Epoch:   18 | FVAL: 0.0971469
2019-07-13 19:46:39,150 - [INFO] - Epoch:   19 | FVAL: 0.0960734
2019-07-13 19:46:39,218 - [INFO] - Epoch:   20 | FVAL: 0.0950870
2019-07-13 19:46:39,358 - [INFO] - Epoch:   21 | FVAL: 0.0942029
2019-07-13 19:46:39,426 - [INFO] - Epoch:   22 | FVAL: 0.0933959
2019-07-13 19:46:39,495 - [INFO] - Epoch:   23 | FVAL: 0.0926648
2019-07-13 19:46:39,563 - [INFO] - Epoch:   24 | FVAL: 0.0919845
2019-07-13 19:46:39,631 - [INFO] - Epoch:   25 | FVAL: 0.0913538
2019-07-13 19:46:39,700 - [INFO] - Epoch:   26 | FVAL: 0.0907694
2019-07-13 19:46:39,768 - [INFO] - Epoch:   27 | FVAL: 0.0902241
2019-07-13 19:46:39,837 - [INFO] - Epoch:   28 | FVAL: 0.0897160
2019-07-13 19:46:39,906 - [INFO] - Epoch:   29 | FVAL: 0.0892511
2019-07-13 19:46:39,974 - [INFO] - Epoch:   30 | FVAL: 0.0888142
2019-07-13 19:46:40,043 - [INFO] - Epoch:   31 | FVAL: 0.0883993
2019-07-13 19:46:40,194 - [INFO] - Epoch:   32 | FVAL: 0.0880102
2019-07-13 19:46:40,263 - [INFO] - Epoch:   33 | FVAL: 0.0876467
2019-07-13 19:46:40,332 - [INFO] - Epoch:   34 | FVAL: 0.0873053
2019-07-13 19:46:40,400 - [INFO] - Epoch:   35 | FVAL: 0.0869825
2019-07-13 19:46:40,511 - [INFO] - Epoch:   36 | FVAL: 0.0866804
2019-07-13 19:46:40,611 - [INFO] - Epoch:   37 | FVAL: 0.0864053
2019-07-13 19:46:40,680 - [INFO] - Epoch:   38 | FVAL: 0.0861332
2019-07-13 19:46:40,748 - [INFO] - Epoch:   39 | FVAL: 0.0858831
2019-07-13 19:46:40,818 - [INFO] - Epoch:   40 | FVAL: 0.0856417
2019-07-13 19:46:40,886 - [INFO] - Epoch:   41 | FVAL: 0.0854110
2019-07-13 19:46:40,955 - [INFO] - Epoch:   42 | FVAL: 0.0851943
2019-07-13 19:46:41,023 - [INFO] - Epoch:   43 | FVAL: 0.0849886
2019-07-13 19:46:41,092 - [INFO] - Epoch:   44 | FVAL: 0.0847924
2019-07-13 19:46:41,160 - [INFO] - Epoch:   45 | FVAL: 0.0846056
2019-07-13 19:46:41,229 - [INFO] - Epoch:   46 | FVAL: 0.0844270
2019-07-13 19:46:41,367 - [INFO] - Epoch:   47 | FVAL: 0.0842570
2019-07-13 19:46:41,436 - [INFO] - Epoch:   48 | FVAL: 0.0840973
2019-07-13 19:46:41,504 - [INFO] - Epoch:   49 | FVAL: 0.0839442
2019-07-13 19:46:41,573 - [INFO] - Epoch:   50 | FVAL: 0.0837994
2019-07-13 19:46:41,641 - [INFO] - Epoch:   51 | FVAL: 0.0836616
2019-07-13 19:46:41,782 - [INFO] - Epoch:   52 | FVAL: 0.0835287
2019-07-13 19:46:41,851 - [INFO] - Epoch:   53 | FVAL: 0.0834033
2019-07-13 19:46:41,920 - [INFO] - Epoch:   54 | FVAL: 0.0832821
2019-07-13 19:46:41,988 - [INFO] - Epoch:   55 | FVAL: 0.0831663
2019-07-13 19:46:42,057 - [INFO] - Epoch:   56 | FVAL: 0.0830553
2019-07-13 19:46:42,125 - [INFO] - Epoch:   57 | FVAL: 0.0829493
2019-07-13 19:46:42,194 - [INFO] - Epoch:   58 | FVAL: 0.0828469
2019-07-13 19:46:42,263 - [INFO] - Epoch:   59 | FVAL: 0.0827500
2019-07-13 19:46:42,332 - [INFO] - Epoch:   60 | FVAL: 0.0826565
2019-07-13 19:46:42,400 - [INFO] - Epoch:   61 | FVAL: 0.0825667
2019-07-13 19:46:42,534 - [INFO] - Epoch:   62 | FVAL: 0.0824800
2019-07-13 19:46:42,624 - [INFO] - Epoch:   63 | FVAL: 0.0823966
2019-07-13 19:46:42,692 - [INFO] - Epoch:   64 | FVAL: 0.0823166
2019-07-13 19:46:42,761 - [INFO] - Epoch:   65 | FVAL: 0.0822398
2019-07-13 19:46:42,830 - [INFO] - Epoch:   66 | FVAL: 0.0821652
2019-07-13 19:46:42,957 - [INFO] - Epoch:   67 | FVAL: 0.0820942
2019-07-13 19:46:43,026 - [INFO] - Epoch:   68 | FVAL: 0.0820261
2019-07-13 19:46:43,095 - [INFO] - Epoch:   69 | FVAL: 0.0819599
2019-07-13 19:46:43,163 - [INFO] - Epoch:   70 | FVAL: 0.0818967
2019-07-13 19:46:43,232 - [INFO] - Epoch:   71 | FVAL: 0.0818350
2019-07-13 19:46:43,301 - [INFO] - Epoch:   72 | FVAL: 0.0817761
2019-07-13 19:46:43,369 - [INFO] - Epoch:   73 | FVAL: 0.0817188
2019-07-13 19:46:43,438 - [INFO] - Epoch:   74 | FVAL: 0.0816643
2019-07-13 19:46:43,507 - [INFO] - Epoch:   75 | FVAL: 0.0816106
2019-07-13 19:46:43,576 - [INFO] - Epoch:   76 | FVAL: 0.0815596
2019-07-13 19:46:43,644 - [INFO] - Epoch:   77 | FVAL: 0.0815102
2019-07-13 19:46:43,763 - [INFO] - Epoch:   78 | FVAL: 0.0814624
2019-07-13 19:46:43,832 - [INFO] - Epoch:   79 | FVAL: 0.0814164
2019-07-13 19:46:43,901 - [INFO] - Epoch:   80 | FVAL: 0.0813722
2019-07-13 19:46:43,970 - [INFO] - Epoch:   81 | FVAL: 0.0813296
2019-07-13 19:46:44,039 - [INFO] - Epoch:   82 | FVAL: 0.0812880
2019-07-13 19:46:44,151 - [INFO] - Epoch:   83 | FVAL: 0.0812478
2019-07-13 19:46:44,220 - [INFO] - Epoch:   84 | FVAL: 0.0812089
2019-07-13 19:46:44,288 - [INFO] - Epoch:   85 | FVAL: 0.0811714
2019-07-13 19:46:44,357 - [INFO] - Epoch:   86 | FVAL: 0.0811348
2019-07-13 19:46:44,426 - [INFO] - Epoch:   87 | FVAL: 0.0810993
2019-07-13 19:46:44,495 - [INFO] - Epoch:   88 | FVAL: 0.0810651
2019-07-13 19:46:44,563 - [INFO] - Epoch:   89 | FVAL: 0.0810319
2019-07-13 19:46:44,632 - [INFO] - Epoch:   90 | FVAL: 0.0810001
2019-07-13 19:46:44,701 - [INFO] - Epoch:   91 | FVAL: 0.0809689
2019-07-13 19:46:44,770 - [INFO] - Epoch:   92 | FVAL: 0.0809387
2019-07-13 19:46:44,839 - [INFO] - Epoch:   93 | FVAL: 0.0809095
2019-07-13 19:46:44,959 - [INFO] - Epoch:   94 | FVAL: 0.0808812
2019-07-13 19:46:45,028 - [INFO] - Epoch:   95 | FVAL: 0.0808538
2019-07-13 19:46:45,096 - [INFO] - Epoch:   96 | FVAL: 0.0808272
2019-07-13 19:46:45,165 - [INFO] - Epoch:   97 | FVAL: 0.0808013
2019-07-13 19:46:45,234 - [INFO] - Epoch:   98 | FVAL: 0.0807766
2019-07-13 19:46:45,355 - [INFO] - Epoch:   99 | FVAL: 0.0807526
2019-07-13 19:46:45,423 - [INFO] - Epoch:  100 | FVAL: 0.0807291
2019-07-13 19:46:45,492 - [INFO] - Epoch:  101 | FVAL: 0.0807062
2019-07-13 19:46:45,561 - [INFO] - Epoch:  102 | FVAL: 0.0806839
2019-07-13 19:46:45,630 - [INFO] - Epoch:  103 | FVAL: 0.0806625
2019-07-13 19:46:45,699 - [INFO] - Epoch:  104 | FVAL: 0.0806416
2019-07-13 19:46:45,767 - [INFO] - Epoch:  105 | FVAL: 0.0806212
2019-07-13 19:46:45,837 - [INFO] - Epoch:  106 | FVAL: 0.0806016
2019-07-13 19:46:45,906 - [INFO] - Epoch:  107 | FVAL: 0.0805824
2019-07-13 19:46:45,975 - [INFO] - Epoch:  108 | FVAL: 0.0805637
2019-07-13 19:46:46,044 - [INFO] - Epoch:  109 | FVAL: 0.0805457
2019-07-13 19:46:46,167 - [INFO] - Epoch:  110 | FVAL: 0.0805280
2019-07-13 19:46:46,235 - [INFO] - Epoch:  111 | FVAL: 0.0805109
2019-07-13 19:46:46,304 - [INFO] - Epoch:  112 | FVAL: 0.0804943
2019-07-13 19:46:46,373 - [INFO] - Epoch:  113 | FVAL: 0.0804782
2019-07-13 19:46:46,442 - [INFO] - Epoch:  114 | FVAL: 0.0804624
2019-07-13 19:46:46,562 - [INFO] - Epoch:  115 | FVAL: 0.0804471
2019-07-13 19:46:46,631 - [INFO] - Epoch:  116 | FVAL: 0.0804322
2019-07-13 19:46:46,700 - [INFO] - Epoch:  117 | FVAL: 0.0804178
2019-07-13 19:46:46,768 - [INFO] - Epoch:  118 | FVAL: 0.0804038
2019-07-13 19:46:46,838 - [INFO] - Epoch:  119 | FVAL: 0.0803901
2019-07-13 19:46:46,907 - [INFO] - Epoch:  120 | FVAL: 0.0803767
2019-07-13 19:46:46,975 - [INFO] - Epoch:  121 | FVAL: 0.0803638
2019-07-13 19:46:47,044 - [INFO] - Epoch:  122 | FVAL: 0.0803512
2019-07-13 19:46:47,113 - [INFO] - Epoch:  123 | FVAL: 0.0803389
2019-07-13 19:46:47,182 - [INFO] - Epoch:  124 | FVAL: 0.0803270
2019-07-13 19:46:47,251 - [INFO] - Epoch:  125 | FVAL: 0.0803154
2019-07-13 19:46:47,366 - [INFO] - Epoch:  126 | FVAL: 0.0803041
2019-07-13 19:46:47,435 - [INFO] - Epoch:  127 | FVAL: 0.0802931
2019-07-13 19:46:47,504 - [INFO] - Epoch:  128 | FVAL: 0.0802825
2019-07-13 19:46:47,573 - [INFO] - Epoch:  129 | FVAL: 0.0802721
2019-07-13 19:46:47,642 - [INFO] - Epoch:  130 | FVAL: 0.0802620
2019-07-13 19:46:47,762 - [INFO] - Epoch:  131 | FVAL: 0.0802520
2019-07-13 19:46:47,831 - [INFO] - Epoch:  132 | FVAL: 0.0802425
2019-07-13 19:46:47,900 - [INFO] - Epoch:  133 | FVAL: 0.0802331
2019-07-13 19:46:47,969 - [INFO] - Epoch:  134 | FVAL: 0.0802239
2019-07-13 19:46:48,038 - [INFO] - Epoch:  135 | FVAL: 0.0802151
2019-07-13 19:46:48,107 - [INFO] - Epoch:  136 | FVAL: 0.0802064
2019-07-13 19:46:48,177 - [INFO] - Epoch:  137 | FVAL: 0.0801979
2019-07-13 19:46:48,246 - [INFO] - Epoch:  138 | FVAL: 0.0801897
2019-07-13 19:46:48,314 - [INFO] - Epoch:  139 | FVAL: 0.0801816
2019-07-13 19:46:48,383 - [INFO] - Epoch:  140 | FVAL: 0.0801738
2019-07-13 19:46:48,452 - [INFO] - Epoch:  141 | FVAL: 0.0801661
2019-07-13 19:46:48,575 - [INFO] - Epoch:  142 | FVAL: 0.0801587
2019-07-13 19:46:48,644 - [INFO] - Epoch:  143 | FVAL: 0.0801514
2019-07-13 19:46:48,713 - [INFO] - Epoch:  144 | FVAL: 0.0801444
2019-07-13 19:46:48,782 - [INFO] - Epoch:  145 | FVAL: 0.0801374
2019-07-13 19:46:48,851 - [INFO] - Epoch:  146 | FVAL: 0.0801307
2019-07-13 19:46:48,985 - [INFO] - Epoch:  147 | FVAL: 0.0801241
2019-07-13 19:46:49,054 - [INFO] - Epoch:  148 | FVAL: 0.0801177
2019-07-13 19:46:49,123 - [INFO] - Epoch:  149 | FVAL: 0.0801114
2019-07-13 19:46:49,192 - [INFO] - Epoch:  150 | FVAL: 0.0801053
2019-07-13 19:46:49,261 - [INFO] - Epoch:  151 | FVAL: 0.0800994
2019-07-13 19:46:49,330 - [INFO] - Epoch:  152 | FVAL: 0.0800936
2019-07-13 19:46:49,399 - [INFO] - Epoch:  153 | FVAL: 0.0800879
2019-07-13 19:46:49,468 - [INFO] - Epoch:  154 | FVAL: 0.0800825
2019-07-13 19:46:49,537 - [INFO] - Epoch:  155 | FVAL: 0.0800771
2019-07-13 19:46:49,606 - [INFO] - Epoch:  156 | FVAL: 0.0800718
2019-07-13 19:46:49,675 - [INFO] - Epoch:  157 | FVAL: 0.0800667
2019-07-13 19:46:49,805 - [INFO] - Epoch:  158 | FVAL: 0.0800617
2019-07-13 19:46:49,874 - [INFO] - Epoch:  159 | FVAL: 0.0800569
2019-07-13 19:46:49,943 - [INFO] - Epoch:  160 | FVAL: 0.0800521
2019-07-13 19:46:50,012 - [INFO] - Epoch:  161 | FVAL: 0.0800474
2019-07-13 19:46:50,081 - [INFO] - Epoch:  162 | FVAL: 0.0800429
2019-07-13 19:46:50,210 - [INFO] - Epoch:  163 | FVAL: 0.0800385
2019-07-13 19:46:50,279 - [INFO] - Epoch:  164 | FVAL: 0.0800341
2019-07-13 19:46:50,349 - [INFO] - Epoch:  165 | FVAL: 0.0800299
2019-07-13 19:46:50,418 - [INFO] - Epoch:  166 | FVAL: 0.0800258
2019-07-13 19:46:50,487 - [INFO] - Epoch:  167 | FVAL: 0.0800218
2019-07-13 19:46:50,556 - [INFO] - Epoch:  168 | FVAL: 0.0800178
2019-07-13 19:46:50,625 - [INFO] - Epoch:  169 | FVAL: 0.0800140
2019-07-13 19:46:50,694 - [INFO] - Epoch:  170 | FVAL: 0.0800103
2019-07-13 19:46:50,763 - [INFO] - Epoch:  171 | FVAL: 0.0800066
2019-07-13 19:46:50,832 - [INFO] - Epoch:  172 | FVAL: 0.0800030
2019-07-13 19:46:50,963 - [INFO] - Epoch:  173 | FVAL: 0.0799995
2019-07-13 19:46:51,033 - [INFO] - Epoch:  174 | FVAL: 0.0799961
2019-07-13 19:46:51,102 - [INFO] - Epoch:  175 | FVAL: 0.0799928
2019-07-13 19:46:51,171 - [INFO] - Epoch:  176 | FVAL: 0.0799896
2019-07-13 19:46:51,240 - [INFO] - Epoch:  177 | FVAL: 0.0799864
2019-07-13 19:46:51,368 - [INFO] - Epoch:  178 | FVAL: 0.0799833
2019-07-13 19:46:51,437 - [INFO] - Epoch:  179 | FVAL: 0.0799802
2019-07-13 19:46:51,506 - [INFO] - Epoch:  180 | FVAL: 0.0799773
2019-07-13 19:46:51,575 - [INFO] - Epoch:  181 | FVAL: 0.0799744
2019-07-13 19:46:51,644 - [INFO] - Epoch:  182 | FVAL: 0.0799716
2019-07-13 19:46:51,714 - [INFO] - Epoch:  183 | FVAL: 0.0799688
2019-07-13 19:46:51,783 - [INFO] - Epoch:  184 | FVAL: 0.0799661
2019-07-13 19:46:51,852 - [INFO] - Epoch:  185 | FVAL: 0.0799635
2019-07-13 19:46:51,921 - [INFO] - Epoch:  186 | FVAL: 0.0799609
2019-07-13 19:46:51,990 - [INFO] - Epoch:  187 | FVAL: 0.0799584
2019-07-13 19:46:52,060 - [INFO] - Epoch:  188 | FVAL: 0.0799559
2019-07-13 19:46:52,172 - [INFO] - Epoch:  189 | FVAL: 0.0799535
2019-07-13 19:46:52,242 - [INFO] - Epoch:  190 | FVAL: 0.0799512
2019-07-13 19:46:52,311 - [INFO] - Epoch:  191 | FVAL: 0.0799489
2019-07-13 19:46:52,380 - [INFO] - Epoch:  192 | FVAL: 0.0799466
2019-07-13 19:46:52,449 - [INFO] - Epoch:  193 | FVAL: 0.0799444
2019-07-13 19:46:52,572 - [INFO] - Epoch:  194 | FVAL: 0.0799423
2019-07-13 19:46:52,641 - [INFO] - Epoch:  195 | FVAL: 0.0799402
2019-07-13 19:46:52,710 - [INFO] - Epoch:  196 | FVAL: 0.0799381
2019-07-13 19:46:52,780 - [INFO] - Epoch:  197 | FVAL: 0.0799361
2019-07-13 19:46:52,849 - [INFO] - Epoch:  198 | FVAL: 0.0799342
2019-07-13 19:46:52,918 - [INFO] - Epoch:  199 | FVAL: 0.0799323
2019-07-13 19:46:52,987 - [INFO] - Epoch:  200 | FVAL: 0.0799304
2019-07-13 19:46:53,057 - [INFO] - Epoch:  201 | FVAL: 0.0799286
2019-07-13 19:46:53,126 - [INFO] - Epoch:  202 | FVAL: 0.0799268
2019-07-13 19:46:53,195 - [INFO] - Epoch:  203 | FVAL: 0.0799250
2019-07-13 19:46:53,264 - [INFO] - Epoch:  204 | FVAL: 0.0799233
2019-07-13 19:46:53,388 - [INFO] - Epoch:  205 | FVAL: 0.0799217
2019-07-13 19:46:53,457 - [INFO] - Epoch:  206 | FVAL: 0.0799200
2019-07-13 19:46:53,527 - [INFO] - Epoch:  207 | FVAL: 0.0799184
2019-07-13 19:46:53,596 - [INFO] - Epoch:  208 | FVAL: 0.0799169
2019-07-13 19:46:53,665 - [INFO] - Epoch:  209 | FVAL: 0.0799153
2019-07-13 19:46:53,787 - [INFO] - Epoch:  210 | FVAL: 0.0799138
2019-07-13 19:46:53,857 - [INFO] - Epoch:  211 | FVAL: 0.0799124
2019-07-13 19:46:53,926 - [INFO] - Epoch:  212 | FVAL: 0.0799109
2019-07-13 19:46:53,995 - [INFO] - Epoch:  213 | FVAL: 0.0799095
2019-07-13 19:46:54,065 - [INFO] - Epoch:  214 | FVAL: 0.0799082
2019-07-13 19:46:54,134 - [INFO] - Epoch:  215 | FVAL: 0.0799068
2019-07-13 19:46:54,204 - [INFO] - Epoch:  216 | FVAL: 0.0799055
2019-07-13 19:46:54,273 - [INFO] - Epoch:  217 | FVAL: 0.0799043
2019-07-13 19:46:54,342 - [INFO] - Epoch:  218 | FVAL: 0.0799030
2019-07-13 19:46:54,411 - [INFO] - Epoch:  219 | FVAL: 0.0799018
2019-07-13 19:46:54,481 - [INFO] - Epoch:  220 | FVAL: 0.0799006
2019-07-13 19:46:54,605 - [INFO] - Epoch:  221 | FVAL: 0.0798994
2019-07-13 19:46:54,674 - [INFO] - Epoch:  222 | FVAL: 0.0798983
2019-07-13 19:46:54,744 - [INFO] - Epoch:  223 | FVAL: 0.0798971
2019-07-13 19:46:54,813 - [INFO] - Epoch:  224 | FVAL: 0.0798961
2019-07-13 19:46:54,883 - [INFO] - Epoch:  225 | FVAL: 0.0798950
2019-07-13 19:46:55,004 - [INFO] - Epoch:  226 | FVAL: 0.0798939
2019-07-13 19:46:55,073 - [INFO] - Epoch:  227 | FVAL: 0.0798929
2019-07-13 19:46:55,143 - [INFO] - Epoch:  228 | FVAL: 0.0798919
2019-07-13 19:46:55,212 - [INFO] - Epoch:  229 | FVAL: 0.0798909
