2019-07-15 12:13:12,060 - [INFO] - cgd-- N:1000 | d:100 | lambda:0.001
2019-07-15 12:13:12,061 - [INFO] - Function value sequence convergence criteria.
2019-07-15 12:13:12,061 - [INFO] - Epoch:    0 | FVAL: 0.3465736
2019-07-15 12:13:12,102 - [INFO] - Epoch:    1 | FVAL: 0.2515910
2019-07-15 12:13:12,143 - [INFO] - Epoch:    2 | FVAL: 0.2324415
2019-07-15 12:13:12,243 - [INFO] - Epoch:    3 | FVAL: 0.2253924
2019-07-15 12:13:12,285 - [INFO] - Epoch:    4 | FVAL: 0.2223401
2019-07-15 12:13:12,326 - [INFO] - Epoch:    5 | FVAL: 0.2208744
2019-07-15 12:13:12,368 - [INFO] - Epoch:    6 | FVAL: 0.2201162
2019-07-15 12:13:12,409 - [INFO] - Epoch:    7 | FVAL: 0.2196922
2019-07-15 12:13:12,450 - [INFO] - Epoch:    8 | FVAL: 0.2194287
2019-07-15 12:13:12,491 - [INFO] - Epoch:    9 | FVAL: 0.2192491
2019-07-15 12:13:12,533 - [INFO] - Epoch:   10 | FVAL: 0.2191166
2019-07-15 12:13:12,631 - [INFO] - Epoch:   11 | FVAL: 0.2190113
2019-07-15 12:13:12,673 - [INFO] - Epoch:   12 | FVAL: 0.2189282
2019-07-15 12:13:12,714 - [INFO] - Epoch:   13 | FVAL: 0.2188578
2019-07-15 12:13:12,755 - [INFO] - Epoch:   14 | FVAL: 0.2187983
2019-07-15 12:13:12,797 - [INFO] - Epoch:   15 | FVAL: 0.2187472
2019-07-15 12:13:12,838 - [INFO] - Epoch:   16 | FVAL: 0.2187003
2019-07-15 12:13:12,881 - [INFO] - Epoch:   17 | FVAL: 0.2186590
2019-07-15 12:13:12,926 - [INFO] - Epoch:   18 | FVAL: 0.2186222
2019-07-15 12:13:12,967 - [INFO] - Epoch:   19 | FVAL: 0.2185885
2019-07-15 12:13:13,011 - [INFO] - Epoch:   20 | FVAL: 0.2185572
2019-07-15 12:13:13,052 - [INFO] - Epoch:   21 | FVAL: 0.2185288
2019-07-15 12:13:13,093 - [INFO] - Epoch:   22 | FVAL: 0.2185034
2019-07-15 12:13:13,135 - [INFO] - Epoch:   23 | FVAL: 0.2184804
2019-07-15 12:13:13,178 - [INFO] - Epoch:   24 | FVAL: 0.2184597
2019-07-15 12:13:13,223 - [INFO] - Epoch:   25 | FVAL: 0.2184408
2019-07-15 12:13:13,267 - [INFO] - Epoch:   26 | FVAL: 0.2184235
2019-07-15 12:13:13,312 - [INFO] - Epoch:   27 | FVAL: 0.2184073
2019-07-15 12:13:13,357 - [INFO] - Epoch:   28 | FVAL: 0.2183919
2019-07-15 12:13:13,461 - [INFO] - Epoch:   29 | FVAL: 0.2183767
2019-07-15 12:13:13,502 - [INFO] - Epoch:   30 | FVAL: 0.2183619
2019-07-15 12:13:13,545 - [INFO] - Epoch:   31 | FVAL: 0.2183479
2019-07-15 12:13:13,590 - [INFO] - Epoch:   32 | FVAL: 0.2183345
2019-07-15 12:13:13,634 - [INFO] - Epoch:   33 | FVAL: 0.2183216
2019-07-15 12:13:13,679 - [INFO] - Epoch:   34 | FVAL: 0.2183089
2019-07-15 12:13:13,724 - [INFO] - Epoch:   35 | FVAL: 0.2182969
2019-07-15 12:13:13,816 - [INFO] - Epoch:   36 | FVAL: 0.2182856
2019-07-15 12:13:13,875 - [INFO] - Epoch:   37 | FVAL: 0.2182747
2019-07-15 12:13:13,921 - [INFO] - Epoch:   38 | FVAL: 0.2182642
2019-07-15 12:13:13,962 - [INFO] - Epoch:   39 | FVAL: 0.2182544
2019-07-15 12:13:14,004 - [INFO] - Epoch:   40 | FVAL: 0.2182452
2019-07-15 12:13:14,047 - [INFO] - Epoch:   41 | FVAL: 0.2182366
2019-07-15 12:13:14,092 - [INFO] - Epoch:   42 | FVAL: 0.2182281
2019-07-15 12:13:14,137 - [INFO] - Epoch:   43 | FVAL: 0.2182200
2019-07-15 12:13:14,182 - [INFO] - Epoch:   44 | FVAL: 0.2182124
2019-07-15 12:13:14,227 - [INFO] - Epoch:   45 | FVAL: 0.2182055
2019-07-15 12:13:14,272 - [INFO] - Epoch:   46 | FVAL: 0.2181989
2019-07-15 12:13:14,317 - [INFO] - Epoch:   47 | FVAL: 0.2181927
2019-07-15 12:13:14,360 - [INFO] - Epoch:   48 | FVAL: 0.2181867
2019-07-15 12:13:14,402 - [INFO] - Epoch:   49 | FVAL: 0.2181810
2019-07-15 12:13:14,444 - [INFO] - Epoch:   50 | FVAL: 0.2181755
2019-07-15 12:13:14,488 - [INFO] - Epoch:   51 | FVAL: 0.2181701
2019-07-15 12:13:14,532 - [INFO] - Epoch:   52 | FVAL: 0.2181647
2019-07-15 12:13:14,625 - [INFO] - Epoch:   53 | FVAL: 0.2181595
2019-07-15 12:13:14,667 - [INFO] - Epoch:   54 | FVAL: 0.2181542
2019-07-15 12:13:14,709 - [INFO] - Epoch:   55 | FVAL: 0.2181491
2019-07-15 12:13:14,750 - [INFO] - Epoch:   56 | FVAL: 0.2181442
2019-07-15 12:13:14,792 - [INFO] - Epoch:   57 | FVAL: 0.2181396
2019-07-15 12:13:14,833 - [INFO] - Epoch:   58 | FVAL: 0.2181351
2019-07-15 12:13:14,875 - [INFO] - Epoch:   59 | FVAL: 0.2181308
2019-07-15 12:13:14,917 - [INFO] - Epoch:   60 | FVAL: 0.2181265
2019-07-15 12:13:14,959 - [INFO] - Epoch:   61 | FVAL: 0.2181224
2019-07-15 12:13:15,088 - [INFO] - Epoch:   62 | FVAL: 0.2181184
2019-07-15 12:13:15,129 - [INFO] - Epoch:   63 | FVAL: 0.2181145
2019-07-15 12:13:15,171 - [INFO] - Epoch:   64 | FVAL: 0.2181107
2019-07-15 12:13:15,213 - [INFO] - Epoch:   65 | FVAL: 0.2181071
2019-07-15 12:13:15,254 - [INFO] - Epoch:   66 | FVAL: 0.2181035
2019-07-15 12:13:15,296 - [INFO] - Epoch:   67 | FVAL: 0.2181001
2019-07-15 12:13:15,338 - [INFO] - Epoch:   68 | FVAL: 0.2180968
2019-07-15 12:13:15,379 - [INFO] - Epoch:   69 | FVAL: 0.2180936
2019-07-15 12:13:15,421 - [INFO] - Epoch:   70 | FVAL: 0.2180905
2019-07-15 12:13:15,463 - [INFO] - Epoch:   71 | FVAL: 0.2180876
2019-07-15 12:13:15,504 - [INFO] - Epoch:   72 | FVAL: 0.2180846
2019-07-15 12:13:15,546 - [INFO] - Epoch:   73 | FVAL: 0.2180818
2019-07-15 12:13:15,587 - [INFO] - Epoch:   74 | FVAL: 0.2180790
2019-07-15 12:13:15,629 - [INFO] - Epoch:   75 | FVAL: 0.2180764
2019-07-15 12:13:15,671 - [INFO] - Epoch:   76 | FVAL: 0.2180739
2019-07-15 12:13:15,713 - [INFO] - Epoch:   77 | FVAL: 0.2180714
2019-07-15 12:13:15,755 - [INFO] - Epoch:   78 | FVAL: 0.2180690
2019-07-15 12:13:15,871 - [INFO] - Epoch:   79 | FVAL: 0.2180667
2019-07-15 12:13:15,913 - [INFO] - Epoch:   80 | FVAL: 0.2180644
2019-07-15 12:13:15,956 - [INFO] - Epoch:   81 | FVAL: 0.2180622
2019-07-15 12:13:15,998 - [INFO] - Epoch:   82 | FVAL: 0.2180601
2019-07-15 12:13:16,040 - [INFO] - Epoch:   83 | FVAL: 0.2180579
2019-07-15 12:13:16,082 - [INFO] - Epoch:   84 | FVAL: 0.2180558
2019-07-15 12:13:16,124 - [INFO] - Epoch:   85 | FVAL: 0.2180538
2019-07-15 12:13:16,166 - [INFO] - Epoch:   86 | FVAL: 0.2180518
2019-07-15 12:13:16,282 - [INFO] - Epoch:   87 | FVAL: 0.2180498
2019-07-15 12:13:16,324 - [INFO] - Epoch:   88 | FVAL: 0.2180478
2019-07-15 12:13:16,369 - [INFO] - Epoch:   89 | FVAL: 0.2180459
2019-07-15 12:13:16,414 - [INFO] - Epoch:   90 | FVAL: 0.2180440
2019-07-15 12:13:16,459 - [INFO] - Epoch:   91 | FVAL: 0.2180421
2019-07-15 12:13:16,505 - [INFO] - Epoch:   92 | FVAL: 0.2180402
2019-07-15 12:13:16,550 - [INFO] - Epoch:   93 | FVAL: 0.2180383
2019-07-15 12:13:16,592 - [INFO] - Epoch:   94 | FVAL: 0.2180365
2019-07-15 12:13:16,634 - [INFO] - Epoch:   95 | FVAL: 0.2180347
2019-07-15 12:13:16,676 - [INFO] - Epoch:   96 | FVAL: 0.2180329
2019-07-15 12:13:16,719 - [INFO] - Epoch:   97 | FVAL: 0.2180311
2019-07-15 12:13:16,764 - [INFO] - Epoch:   98 | FVAL: 0.2180294
2019-07-15 12:13:16,810 - [INFO] - Epoch:   99 | FVAL: 0.2180277
2019-07-15 12:13:16,856 - [INFO] - Epoch:  100 | FVAL: 0.2180260
2019-07-15 12:13:16,901 - [INFO] - Epoch:  101 | FVAL: 0.2180243
2019-07-15 12:13:16,947 - [INFO] - Epoch:  102 | FVAL: 0.2180227
2019-07-15 12:13:17,066 - [INFO] - Epoch:  103 | FVAL: 0.2180210
2019-07-15 12:13:17,108 - [INFO] - Epoch:  104 | FVAL: 0.2180194
2019-07-15 12:13:17,150 - [INFO] - Epoch:  105 | FVAL: 0.2180178
2019-07-15 12:13:17,192 - [INFO] - Epoch:  106 | FVAL: 0.2180163
2019-07-15 12:13:17,234 - [INFO] - Epoch:  107 | FVAL: 0.2180147
2019-07-15 12:13:17,276 - [INFO] - Epoch:  108 | FVAL: 0.2180133
2019-07-15 12:13:17,318 - [INFO] - Epoch:  109 | FVAL: 0.2180118
2019-07-15 12:13:17,360 - [INFO] - Epoch:  110 | FVAL: 0.2180104
2019-07-15 12:13:17,480 - [INFO] - Epoch:  111 | FVAL: 0.2180091
2019-07-15 12:13:17,522 - [INFO] - Epoch:  112 | FVAL: 0.2180077
2019-07-15 12:13:17,564 - [INFO] - Epoch:  113 | FVAL: 0.2180063
2019-07-15 12:13:17,606 - [INFO] - Epoch:  114 | FVAL: 0.2180050
2019-07-15 12:13:17,648 - [INFO] - Epoch:  115 | FVAL: 0.2180037
2019-07-15 12:13:17,690 - [INFO] - Epoch:  116 | FVAL: 0.2180024
2019-07-15 12:13:17,732 - [INFO] - Epoch:  117 | FVAL: 0.2180012
2019-07-15 12:13:17,773 - [INFO] - Epoch:  118 | FVAL: 0.2179999
2019-07-15 12:13:17,815 - [INFO] - Epoch:  119 | FVAL: 0.2179986
2019-07-15 12:13:17,858 - [INFO] - Epoch:  120 | FVAL: 0.2179974
2019-07-15 12:13:17,900 - [INFO] - Epoch:  121 | FVAL: 0.2179961
2019-07-15 12:13:17,942 - [INFO] - Epoch:  122 | FVAL: 0.2179949
2019-07-15 12:13:17,984 - [INFO] - Epoch:  123 | FVAL: 0.2179937
2019-07-15 12:13:18,029 - [INFO] - Epoch:  124 | FVAL: 0.2179925
2019-07-15 12:13:18,071 - [INFO] - Epoch:  125 | FVAL: 0.2179913
2019-07-15 12:13:18,113 - [INFO] - Epoch:  126 | FVAL: 0.2179901
2019-07-15 12:13:18,154 - [INFO] - Epoch:  127 | FVAL: 0.2179889
2019-07-15 12:13:18,264 - [INFO] - Epoch:  128 | FVAL: 0.2179877
2019-07-15 12:13:18,310 - [INFO] - Epoch:  129 | FVAL: 0.2179865
2019-07-15 12:13:18,352 - [INFO] - Epoch:  130 | FVAL: 0.2179854
2019-07-15 12:13:18,393 - [INFO] - Epoch:  131 | FVAL: 0.2179842
2019-07-15 12:13:18,435 - [INFO] - Epoch:  132 | FVAL: 0.2179831
2019-07-15 12:13:18,477 - [INFO] - Epoch:  133 | FVAL: 0.2179820
2019-07-15 12:13:18,519 - [INFO] - Epoch:  134 | FVAL: 0.2179809
2019-07-15 12:13:18,561 - [INFO] - Epoch:  135 | FVAL: 0.2179799
2019-07-15 12:13:18,663 - [INFO] - Epoch:  136 | FVAL: 0.2179788
2019-07-15 12:13:18,705 - [INFO] - Epoch:  137 | FVAL: 0.2179778
2019-07-15 12:13:18,747 - [INFO] - Epoch:  138 | FVAL: 0.2179768
