2019-07-24 12:40:50,142 - [INFO] - apcg-- N:44 | d:7129 | lambda:0.001
2019-07-24 12:40:50,142 - [INFO] - Function value sequence convergence criteria.
2019-07-24 12:40:50,142 - [INFO] - Epoch:    0 | FVAL: 0.3465736
2019-07-24 12:40:52,606 - [INFO] - Epoch:    1 | FVAL: 0.0261591
2019-07-24 12:40:55,137 - [INFO] - Epoch:    2 | FVAL: 0.0250917
2019-07-24 12:40:57,558 - [INFO] - Epoch:    3 | FVAL: 0.0240506
2019-07-24 12:41:00,051 - [INFO] - Epoch:    4 | FVAL: 0.0231487
2019-07-24 12:41:02,585 - [INFO] - Epoch:    5 | FVAL: 0.0223809
2019-07-24 12:41:05,129 - [INFO] - Epoch:    6 | FVAL: 0.0217186
2019-07-24 12:41:07,528 - [INFO] - Epoch:    7 | FVAL: 0.0211531
2019-07-24 12:41:09,946 - [INFO] - Epoch:    8 | FVAL: 0.0206453
2019-07-24 12:41:12,388 - [INFO] - Epoch:    9 | FVAL: 0.0202749
2019-07-24 12:41:14,761 - [INFO] - Epoch:   10 | FVAL: 0.0198968
2019-07-24 12:41:17,119 - [INFO] - Epoch:   11 | FVAL: 0.0195365
2019-07-24 12:41:19,636 - [INFO] - Epoch:   12 | FVAL: 0.0192468
2019-07-24 12:41:22,242 - [INFO] - Epoch:   13 | FVAL: 0.0189054
2019-07-24 12:41:24,695 - [INFO] - Epoch:   14 | FVAL: 0.0186248
2019-07-24 12:41:27,120 - [INFO] - Epoch:   15 | FVAL: 0.0184037
2019-07-24 12:41:29,713 - [INFO] - Epoch:   16 | FVAL: 0.0182070
2019-07-24 12:41:32,106 - [INFO] - Epoch:   17 | FVAL: 0.0180300
2019-07-24 12:41:34,622 - [INFO] - Epoch:   18 | FVAL: 0.0178569
2019-07-24 12:41:37,208 - [INFO] - Epoch:   19 | FVAL: 0.0176994
2019-07-24 12:41:39,706 - [INFO] - Epoch:   20 | FVAL: 0.0175428
2019-07-24 12:41:42,093 - [INFO] - Epoch:   21 | FVAL: 0.0173928
2019-07-24 12:41:44,481 - [INFO] - Epoch:   22 | FVAL: 0.0172941
2019-07-24 12:41:47,039 - [INFO] - Epoch:   23 | FVAL: 0.0171946
2019-07-24 12:41:49,476 - [INFO] - Epoch:   24 | FVAL: 0.0170645
2019-07-24 12:41:51,924 - [INFO] - Epoch:   25 | FVAL: 0.0169712
2019-07-24 12:41:54,551 - [INFO] - Epoch:   26 | FVAL: 0.0168888
2019-07-24 12:41:57,186 - [INFO] - Epoch:   27 | FVAL: 0.0168055
2019-07-24 12:41:59,579 - [INFO] - Epoch:   28 | FVAL: 0.0167392
2019-07-24 12:42:02,170 - [INFO] - Epoch:   29 | FVAL: 0.0166692
2019-07-24 12:42:04,719 - [INFO] - Epoch:   30 | FVAL: 0.0165992
2019-07-24 12:42:07,216 - [INFO] - Epoch:   31 | FVAL: 0.0165092
2019-07-24 12:42:09,596 - [INFO] - Epoch:   32 | FVAL: 0.0164305
2019-07-24 12:42:12,108 - [INFO] - Epoch:   33 | FVAL: 0.0163662
2019-07-24 12:42:14,574 - [INFO] - Epoch:   34 | FVAL: 0.0163044
2019-07-24 12:42:16,985 - [INFO] - Epoch:   35 | FVAL: 0.0162211
2019-07-24 12:42:19,385 - [INFO] - Epoch:   36 | FVAL: 0.0161613
2019-07-24 12:42:21,927 - [INFO] - Epoch:   37 | FVAL: 0.0160999
2019-07-24 12:42:24,430 - [INFO] - Epoch:   38 | FVAL: 0.0160306
2019-07-24 12:42:26,988 - [INFO] - Epoch:   39 | FVAL: 0.0159802
2019-07-24 12:42:29,383 - [INFO] - Epoch:   40 | FVAL: 0.0159176
2019-07-24 12:42:31,855 - [INFO] - Epoch:   41 | FVAL: 0.0158561
2019-07-24 12:42:34,300 - [INFO] - Epoch:   42 | FVAL: 0.0158087
2019-07-24 12:42:36,818 - [INFO] - Epoch:   43 | FVAL: 0.0157750
2019-07-24 12:42:39,383 - [INFO] - Epoch:   44 | FVAL: 0.0157350
2019-07-24 12:42:41,934 - [INFO] - Epoch:   45 | FVAL: 0.0156919
2019-07-24 12:42:44,510 - [INFO] - Epoch:   46 | FVAL: 0.0156427
2019-07-24 12:42:46,945 - [INFO] - Epoch:   47 | FVAL: 0.0155998
2019-07-24 12:42:49,376 - [INFO] - Epoch:   48 | FVAL: 0.0155607
2019-07-24 12:42:51,871 - [INFO] - Epoch:   49 | FVAL: 0.0155196
2019-07-24 12:42:54,342 - [INFO] - Epoch:   50 | FVAL: 0.0154878
2019-07-24 12:42:56,740 - [INFO] - Epoch:   51 | FVAL: 0.0154547
2019-07-24 12:42:59,224 - [INFO] - Epoch:   52 | FVAL: 0.0154258
2019-07-24 12:43:01,782 - [INFO] - Epoch:   53 | FVAL: 0.0153904
2019-07-24 12:43:04,328 - [INFO] - Epoch:   54 | FVAL: 0.0153652
2019-07-24 12:43:06,752 - [INFO] - Epoch:   55 | FVAL: 0.0153408
2019-07-24 12:43:09,191 - [INFO] - Epoch:   56 | FVAL: 0.0153094
2019-07-24 12:43:11,733 - [INFO] - Epoch:   57 | FVAL: 0.0152844
2019-07-24 12:43:14,295 - [INFO] - Epoch:   58 | FVAL: 0.0152576
2019-07-24 12:43:16,773 - [INFO] - Epoch:   59 | FVAL: 0.0152316
2019-07-24 12:43:19,262 - [INFO] - Epoch:   60 | FVAL: 0.0152045
2019-07-24 12:43:21,824 - [INFO] - Epoch:   61 | FVAL: 0.0151775
2019-07-24 12:43:24,278 - [INFO] - Epoch:   62 | FVAL: 0.0151529
2019-07-24 12:43:26,881 - [INFO] - Epoch:   63 | FVAL: 0.0151212
2019-07-24 12:43:29,307 - [INFO] - Epoch:   64 | FVAL: 0.0150976
2019-07-24 12:43:31,799 - [INFO] - Epoch:   65 | FVAL: 0.0150736
2019-07-24 12:43:34,230 - [INFO] - Epoch:   66 | FVAL: 0.0150519
2019-07-24 12:43:36,767 - [INFO] - Epoch:   67 | FVAL: 0.0150314
2019-07-24 12:43:39,184 - [INFO] - Epoch:   68 | FVAL: 0.0150049
2019-07-24 12:43:41,597 - [INFO] - Epoch:   69 | FVAL: 0.0149726
2019-07-24 12:43:43,996 - [INFO] - Epoch:   70 | FVAL: 0.0149468
2019-07-24 12:43:46,518 - [INFO] - Epoch:   71 | FVAL: 0.0149217
2019-07-24 12:43:48,910 - [INFO] - Epoch:   72 | FVAL: 0.0149014
2019-07-24 12:43:51,299 - [INFO] - Epoch:   73 | FVAL: 0.0148722
2019-07-24 12:43:53,707 - [INFO] - Epoch:   74 | FVAL: 0.0148481
2019-07-24 12:43:56,211 - [INFO] - Epoch:   75 | FVAL: 0.0148246
2019-07-24 12:43:58,604 - [INFO] - Epoch:   76 | FVAL: 0.0148031
2019-07-24 12:44:01,231 - [INFO] - Epoch:   77 | FVAL: 0.0147787
2019-07-24 12:44:03,629 - [INFO] - Epoch:   78 | FVAL: 0.0147620
2019-07-24 12:44:06,023 - [INFO] - Epoch:   79 | FVAL: 0.0147445
2019-07-24 12:44:08,484 - [INFO] - Epoch:   80 | FVAL: 0.0147151
2019-07-24 12:44:11,042 - [INFO] - Epoch:   81 | FVAL: 0.0146943
2019-07-24 12:44:13,435 - [INFO] - Epoch:   82 | FVAL: 0.0146762
2019-07-24 12:44:16,027 - [INFO] - Epoch:   83 | FVAL: 0.0146548
2019-07-24 12:44:18,466 - [INFO] - Epoch:   84 | FVAL: 0.0146341
2019-07-24 12:44:20,853 - [INFO] - Epoch:   85 | FVAL: 0.0146182
2019-07-24 12:44:23,239 - [INFO] - Epoch:   86 | FVAL: 0.0146017
2019-07-24 12:44:25,631 - [INFO] - Epoch:   87 | FVAL: 0.0145783
2019-07-24 12:44:28,019 - [INFO] - Epoch:   88 | FVAL: 0.0145603
2019-07-24 12:44:30,524 - [INFO] - Epoch:   89 | FVAL: 0.0145446
2019-07-24 12:44:33,157 - [INFO] - Epoch:   90 | FVAL: 0.0145267
2019-07-24 12:44:35,632 - [INFO] - Epoch:   91 | FVAL: 0.0145133
2019-07-24 12:44:38,147 - [INFO] - Epoch:   92 | FVAL: 0.0145005
2019-07-24 12:44:40,561 - [INFO] - Epoch:   93 | FVAL: 0.0144889
2019-07-24 12:44:43,005 - [INFO] - Epoch:   94 | FVAL: 0.0144773
2019-07-24 12:44:45,491 - [INFO] - Epoch:   95 | FVAL: 0.0144653
2019-07-24 12:44:47,941 - [INFO] - Epoch:   96 | FVAL: 0.0144534
2019-07-24 12:44:50,470 - [INFO] - Epoch:   97 | FVAL: 0.0144423
2019-07-24 12:44:52,860 - [INFO] - Epoch:   98 | FVAL: 0.0144332
2019-07-24 12:44:55,255 - [INFO] - Epoch:   99 | FVAL: 0.0144213
2019-07-24 12:44:57,646 - [INFO] - Epoch:  100 | FVAL: 0.0144062
2019-07-24 12:45:00,371 - [INFO] - Epoch:  101 | FVAL: 0.0143963
2019-07-24 12:45:02,807 - [INFO] - Epoch:  102 | FVAL: 0.0143883
2019-07-24 12:45:05,342 - [INFO] - Epoch:  103 | FVAL: 0.0143747
2019-07-24 12:45:07,885 - [INFO] - Epoch:  104 | FVAL: 0.0143617
2019-07-24 12:45:10,288 - [INFO] - Epoch:  105 | FVAL: 0.0143559
2019-07-24 12:45:12,686 - [INFO] - Epoch:  106 | FVAL: 0.0143434
2019-07-24 12:45:15,123 - [INFO] - Epoch:  107 | FVAL: 0.0143301
2019-07-24 12:45:17,523 - [INFO] - Epoch:  108 | FVAL: 0.0143192
2019-07-24 12:45:20,107 - [INFO] - Epoch:  109 | FVAL: 0.0143083
2019-07-24 12:45:22,748 - [INFO] - Epoch:  110 | FVAL: 0.0142985
2019-07-24 12:45:25,274 - [INFO] - Epoch:  111 | FVAL: 0.0142867
2019-07-24 12:45:27,902 - [INFO] - Epoch:  112 | FVAL: 0.0142769
2019-07-24 12:45:30,406 - [INFO] - Epoch:  113 | FVAL: 0.0142671
2019-07-24 12:45:32,941 - [INFO] - Epoch:  114 | FVAL: 0.0142550
2019-07-24 12:45:35,334 - [INFO] - Epoch:  115 | FVAL: 0.0142440
2019-07-24 12:45:37,712 - [INFO] - Epoch:  116 | FVAL: 0.0142335
2019-07-24 12:45:40,110 - [INFO] - Epoch:  117 | FVAL: 0.0142255
2019-07-24 12:45:42,534 - [INFO] - Epoch:  118 | FVAL: 0.0142127
2019-07-24 12:45:44,944 - [INFO] - Epoch:  119 | FVAL: 0.0142043
2019-07-24 12:45:47,343 - [INFO] - Epoch:  120 | FVAL: 0.0141940
2019-07-24 12:45:49,742 - [INFO] - Epoch:  121 | FVAL: 0.0141854
2019-07-24 12:45:52,129 - [INFO] - Epoch:  122 | FVAL: 0.0141692
2019-07-24 12:45:54,510 - [INFO] - Epoch:  123 | FVAL: 0.0141608
2019-07-24 12:45:56,974 - [INFO] - Epoch:  124 | FVAL: 0.0141500
2019-07-24 12:45:59,453 - [INFO] - Epoch:  125 | FVAL: 0.0141394
2019-07-24 12:46:01,992 - [INFO] - Epoch:  126 | FVAL: 0.0141318
2019-07-24 12:46:04,420 - [INFO] - Epoch:  127 | FVAL: 0.0141230
2019-07-24 12:46:06,910 - [INFO] - Epoch:  128 | FVAL: 0.0141127
2019-07-24 12:46:09,283 - [INFO] - Epoch:  129 | FVAL: 0.0141061
2019-07-24 12:46:11,765 - [INFO] - Epoch:  130 | FVAL: 0.0140977
2019-07-24 12:46:14,143 - [INFO] - Epoch:  131 | FVAL: 0.0140855
2019-07-24 12:46:16,529 - [INFO] - Epoch:  132 | FVAL: 0.0140745
2019-07-24 12:46:18,989 - [INFO] - Epoch:  133 | FVAL: 0.0140635
2019-07-24 12:46:21,470 - [INFO] - Epoch:  134 | FVAL: 0.0140533
2019-07-24 12:46:23,989 - [INFO] - Epoch:  135 | FVAL: 0.0140413
2019-07-24 12:46:26,567 - [INFO] - Epoch:  136 | FVAL: 0.0140331
2019-07-24 12:46:29,060 - [INFO] - Epoch:  137 | FVAL: 0.0140256
2019-07-24 12:46:31,443 - [INFO] - Epoch:  138 | FVAL: 0.0140181
2019-07-24 12:46:33,840 - [INFO] - Epoch:  139 | FVAL: 0.0140094
2019-07-24 12:46:36,427 - [INFO] - Epoch:  140 | FVAL: 0.0140027
2019-07-24 12:46:38,809 - [INFO] - Epoch:  141 | FVAL: 0.0139938
2019-07-24 12:46:41,366 - [INFO] - Epoch:  142 | FVAL: 0.0139872
2019-07-24 12:46:43,822 - [INFO] - Epoch:  143 | FVAL: 0.0139805
2019-07-24 12:46:46,357 - [INFO] - Epoch:  144 | FVAL: 0.0139724
2019-07-24 12:46:48,978 - [INFO] - Epoch:  145 | FVAL: 0.0139612
2019-07-24 12:46:51,381 - [INFO] - Epoch:  146 | FVAL: 0.0139536
2019-07-24 12:46:53,757 - [INFO] - Epoch:  147 | FVAL: 0.0139431
2019-07-24 12:46:56,355 - [INFO] - Epoch:  148 | FVAL: 0.0139372
2019-07-24 12:46:58,895 - [INFO] - Epoch:  149 | FVAL: 0.0139313
2019-07-24 12:47:01,580 - [INFO] - Epoch:  150 | FVAL: 0.0139251
2019-07-24 12:47:04,141 - [INFO] - Epoch:  151 | FVAL: 0.0139180
2019-07-24 12:47:06,597 - [INFO] - Epoch:  152 | FVAL: 0.0139110
2019-07-24 12:47:09,010 - [INFO] - Epoch:  153 | FVAL: 0.0139000
2019-07-24 12:47:11,623 - [INFO] - Epoch:  154 | FVAL: 0.0138926
2019-07-24 12:47:14,094 - [INFO] - Epoch:  155 | FVAL: 0.0138869
2019-07-24 12:47:16,481 - [INFO] - Epoch:  156 | FVAL: 0.0138808
2019-07-24 12:47:18,865 - [INFO] - Epoch:  157 | FVAL: 0.0138752
2019-07-24 12:47:21,343 - [INFO] - Epoch:  158 | FVAL: 0.0138710
2019-07-24 12:47:23,787 - [INFO] - Epoch:  159 | FVAL: 0.0138670
2019-07-24 12:47:26,201 - [INFO] - Epoch:  160 | FVAL: 0.0138641
2019-07-24 12:47:28,579 - [INFO] - Epoch:  161 | FVAL: 0.0138605
2019-07-24 12:47:30,983 - [INFO] - Epoch:  162 | FVAL: 0.0138563
2019-07-24 12:47:33,362 - [INFO] - Epoch:  163 | FVAL: 0.0138534
2019-07-24 12:47:35,750 - [INFO] - Epoch:  164 | FVAL: 0.0138493
2019-07-24 12:47:38,178 - [INFO] - Epoch:  165 | FVAL: 0.0138446
2019-07-24 12:47:40,768 - [INFO] - Epoch:  166 | FVAL: 0.0138389
2019-07-24 12:47:43,388 - [INFO] - Epoch:  167 | FVAL: 0.0138360
2019-07-24 12:47:46,017 - [INFO] - Epoch:  168 | FVAL: 0.0138324
2019-07-24 12:47:48,558 - [INFO] - Epoch:  169 | FVAL: 0.0138265
2019-07-24 12:47:51,147 - [INFO] - Epoch:  170 | FVAL: 0.0138245
2019-07-24 12:47:53,696 - [INFO] - Epoch:  171 | FVAL: 0.0138214
2019-07-24 12:47:56,110 - [INFO] - Epoch:  172 | FVAL: 0.0138172
2019-07-24 12:47:58,485 - [INFO] - Epoch:  173 | FVAL: 0.0138145
2019-07-24 12:48:01,130 - [INFO] - Epoch:  174 | FVAL: 0.0138107
2019-07-24 12:48:03,676 - [INFO] - Epoch:  175 | FVAL: 0.0138079
2019-07-24 12:48:06,167 - [INFO] - Epoch:  176 | FVAL: 0.0138045
2019-07-24 12:48:08,540 - [INFO] - Epoch:  177 | FVAL: 0.0138010
2019-07-24 12:48:10,932 - [INFO] - Epoch:  178 | FVAL: 0.0137970
2019-07-24 12:48:13,411 - [INFO] - Epoch:  179 | FVAL: 0.0137948
2019-07-24 12:48:15,879 - [INFO] - Epoch:  180 | FVAL: 0.0137914
2019-07-24 12:48:18,440 - [INFO] - Epoch:  181 | FVAL: 0.0137881
2019-07-24 12:48:20,922 - [INFO] - Epoch:  182 | FVAL: 0.0137851
2019-07-24 12:48:23,402 - [INFO] - Epoch:  183 | FVAL: 0.0137821
2019-07-24 12:48:25,907 - [INFO] - Epoch:  184 | FVAL: 0.0137774
2019-07-24 12:48:28,530 - [INFO] - Epoch:  185 | FVAL: 0.0137741
2019-07-24 12:48:31,096 - [INFO] - Epoch:  186 | FVAL: 0.0137719
2019-07-24 12:48:33,712 - [INFO] - Epoch:  187 | FVAL: 0.0137700
2019-07-24 12:48:36,204 - [INFO] - Epoch:  188 | FVAL: 0.0137669
2019-07-24 12:48:38,667 - [INFO] - Epoch:  189 | FVAL: 0.0137639
2019-07-24 12:48:41,067 - [INFO] - Epoch:  190 | FVAL: 0.0137618
2019-07-24 12:48:43,492 - [INFO] - Epoch:  191 | FVAL: 0.0137586
2019-07-24 12:48:46,050 - [INFO] - Epoch:  192 | FVAL: 0.0137559
2019-07-24 12:48:48,513 - [INFO] - Epoch:  193 | FVAL: 0.0137528
2019-07-24 12:48:51,100 - [INFO] - Epoch:  194 | FVAL: 0.0137491
2019-07-24 12:48:53,512 - [INFO] - Epoch:  195 | FVAL: 0.0137457
2019-07-24 12:48:55,972 - [INFO] - Epoch:  196 | FVAL: 0.0137433
2019-07-24 12:48:58,495 - [INFO] - Epoch:  197 | FVAL: 0.0137398
2019-07-24 12:49:01,043 - [INFO] - Epoch:  198 | FVAL: 0.0137370
2019-07-24 12:49:03,441 - [INFO] - Epoch:  199 | FVAL: 0.0137344
2019-07-24 12:49:05,928 - [INFO] - Epoch:  200 | FVAL: 0.0137325
2019-07-24 12:49:08,307 - [INFO] - Epoch:  201 | FVAL: 0.0137293
2019-07-24 12:49:10,707 - [INFO] - Epoch:  202 | FVAL: 0.0137270
2019-07-24 12:49:13,300 - [INFO] - Epoch:  203 | FVAL: 0.0137246
2019-07-24 12:49:15,758 - [INFO] - Epoch:  204 | FVAL: 0.0137227
2019-07-24 12:49:18,213 - [INFO] - Epoch:  205 | FVAL: 0.0137200
2019-07-24 12:49:20,827 - [INFO] - Epoch:  206 | FVAL: 0.0137184
2019-07-24 12:49:23,200 - [INFO] - Epoch:  207 | FVAL: 0.0137151
2019-07-24 12:49:25,637 - [INFO] - Epoch:  208 | FVAL: 0.0137127
2019-07-24 12:49:28,206 - [INFO] - Epoch:  209 | FVAL: 0.0137108
2019-07-24 12:49:30,690 - [INFO] - Epoch:  210 | FVAL: 0.0137088
2019-07-24 12:49:33,119 - [INFO] - Epoch:  211 | FVAL: 0.0137068
2019-07-24 12:49:35,744 - [INFO] - Epoch:  212 | FVAL: 0.0137043
2019-07-24 12:49:38,188 - [INFO] - Epoch:  213 | FVAL: 0.0137024
2019-07-24 12:49:40,607 - [INFO] - Epoch:  214 | FVAL: 0.0136998
2019-07-24 12:49:42,982 - [INFO] - Epoch:  215 | FVAL: 0.0136975
2019-07-24 12:49:45,364 - [INFO] - Epoch:  216 | FVAL: 0.0136952
2019-07-24 12:49:47,943 - [INFO] - Epoch:  217 | FVAL: 0.0136936
2019-07-24 12:49:50,325 - [INFO] - Epoch:  218 | FVAL: 0.0136911
2019-07-24 12:49:52,776 - [INFO] - Epoch:  219 | FVAL: 0.0136880
2019-07-24 12:49:55,408 - [INFO] - Epoch:  220 | FVAL: 0.0136861
2019-07-24 12:49:57,858 - [INFO] - Epoch:  221 | FVAL: 0.0136838
2019-07-24 12:50:00,538 - [INFO] - Epoch:  222 | FVAL: 0.0136818
2019-07-24 12:50:02,977 - [INFO] - Epoch:  223 | FVAL: 0.0136797
2019-07-24 12:50:05,607 - [INFO] - Epoch:  224 | FVAL: 0.0136765
2019-07-24 12:50:08,170 - [INFO] - Epoch:  225 | FVAL: 0.0136747
2019-07-24 12:50:10,763 - [INFO] - Epoch:  226 | FVAL: 0.0136716
2019-07-24 12:50:13,149 - [INFO] - Epoch:  227 | FVAL: 0.0136685
2019-07-24 12:50:15,544 - [INFO] - Epoch:  228 | FVAL: 0.0136668
2019-07-24 12:50:18,078 - [INFO] - Epoch:  229 | FVAL: 0.0136647
2019-07-24 12:50:20,599 - [INFO] - Epoch:  230 | FVAL: 0.0136634
2019-07-24 12:50:23,209 - [INFO] - Epoch:  231 | FVAL: 0.0136606
2019-07-24 12:50:25,603 - [INFO] - Epoch:  232 | FVAL: 0.0136589
2019-07-24 12:50:27,996 - [INFO] - Epoch:  233 | FVAL: 0.0136567
2019-07-24 12:50:30,505 - [INFO] - Epoch:  234 | FVAL: 0.0136550
2019-07-24 12:50:32,995 - [INFO] - Epoch:  235 | FVAL: 0.0136527
2019-07-24 12:50:35,587 - [INFO] - Epoch:  236 | FVAL: 0.0136496
2019-07-24 12:50:37,972 - [INFO] - Epoch:  237 | FVAL: 0.0136466
2019-07-24 12:50:40,421 - [INFO] - Epoch:  238 | FVAL: 0.0136453
2019-07-24 12:50:43,021 - [INFO] - Epoch:  239 | FVAL: 0.0136432
2019-07-24 12:50:45,423 - [INFO] - Epoch:  240 | FVAL: 0.0136404
2019-07-24 12:50:48,006 - [INFO] - Epoch:  241 | FVAL: 0.0136381
2019-07-24 12:50:50,397 - [INFO] - Epoch:  242 | FVAL: 0.0136363
2019-07-24 12:50:52,813 - [INFO] - Epoch:  243 | FVAL: 0.0136348
2019-07-24 12:50:55,263 - [INFO] - Epoch:  244 | FVAL: 0.0136333
2019-07-24 12:50:57,883 - [INFO] - Epoch:  245 | FVAL: 0.0136299
2019-07-24 12:51:00,691 - [INFO] - Epoch:  246 | FVAL: 0.0136277
2019-07-24 12:51:03,073 - [INFO] - Epoch:  247 | FVAL: 0.0136267
2019-07-24 12:51:05,694 - [INFO] - Epoch:  248 | FVAL: 0.0136251
2019-07-24 12:51:08,160 - [INFO] - Epoch:  249 | FVAL: 0.0136233
2019-07-24 12:51:10,567 - [INFO] - Epoch:  250 | FVAL: 0.0136199
2019-07-24 12:51:13,001 - [INFO] - Epoch:  251 | FVAL: 0.0136177
2019-07-24 12:51:15,387 - [INFO] - Epoch:  252 | FVAL: 0.0136167
2019-07-24 12:51:17,909 - [INFO] - Epoch:  253 | FVAL: 0.0136146
2019-07-24 12:51:20,289 - [INFO] - Epoch:  254 | FVAL: 0.0136131
2019-07-24 12:51:22,758 - [INFO] - Epoch:  255 | FVAL: 0.0136115
2019-07-24 12:51:25,142 - [INFO] - Epoch:  256 | FVAL: 0.0136104
2019-07-24 12:51:27,681 - [INFO] - Epoch:  257 | FVAL: 0.0136079
2019-07-24 12:51:30,239 - [INFO] - Epoch:  258 | FVAL: 0.0136069
