2019-07-24 13:04:51,291 - [INFO] - apcg-- N:44 | d:7129 | lambda:0.0001
2019-07-24 13:04:51,291 - [INFO] - Function value sequence convergence criteria.
2019-07-24 13:04:51,291 - [INFO] - Epoch:    0 | FVAL: 0.3465736
2019-07-24 13:04:53,831 - [INFO] - Epoch:    1 | FVAL: 0.0044316
2019-07-24 13:04:56,447 - [INFO] - Epoch:    2 | FVAL: 0.0042602
2019-07-24 13:04:59,170 - [INFO] - Epoch:    3 | FVAL: 0.0041930
2019-07-24 13:05:01,888 - [INFO] - Epoch:    4 | FVAL: 0.0041324
2019-07-24 13:05:04,567 - [INFO] - Epoch:    5 | FVAL: 0.0040794
2019-07-24 13:05:07,292 - [INFO] - Epoch:    6 | FVAL: 0.0040287
2019-07-24 13:05:09,926 - [INFO] - Epoch:    7 | FVAL: 0.0039830
2019-07-24 13:05:12,659 - [INFO] - Epoch:    8 | FVAL: 0.0039404
2019-07-24 13:05:15,154 - [INFO] - Epoch:    9 | FVAL: 0.0039022
2019-07-24 13:05:17,762 - [INFO] - Epoch:   10 | FVAL: 0.0038656
2019-07-24 13:05:20,385 - [INFO] - Epoch:   11 | FVAL: 0.0038313
2019-07-24 13:05:22,995 - [INFO] - Epoch:   12 | FVAL: 0.0037997
2019-07-24 13:05:25,519 - [INFO] - Epoch:   13 | FVAL: 0.0037676
2019-07-24 13:05:28,172 - [INFO] - Epoch:   14 | FVAL: 0.0037375
2019-07-24 13:05:30,683 - [INFO] - Epoch:   15 | FVAL: 0.0037091
2019-07-24 13:05:33,398 - [INFO] - Epoch:   16 | FVAL: 0.0036838
2019-07-24 13:05:35,919 - [INFO] - Epoch:   17 | FVAL: 0.0036600
2019-07-24 13:05:38,613 - [INFO] - Epoch:   18 | FVAL: 0.0036362
2019-07-24 13:05:41,183 - [INFO] - Epoch:   19 | FVAL: 0.0036140
2019-07-24 13:05:43,750 - [INFO] - Epoch:   20 | FVAL: 0.0035935
2019-07-24 13:05:46,276 - [INFO] - Epoch:   21 | FVAL: 0.0035733
2019-07-24 13:05:48,794 - [INFO] - Epoch:   22 | FVAL: 0.0035547
2019-07-24 13:05:51,303 - [INFO] - Epoch:   23 | FVAL: 0.0035370
2019-07-24 13:05:54,019 - [INFO] - Epoch:   24 | FVAL: 0.0035187
2019-07-24 13:05:56,634 - [INFO] - Epoch:   25 | FVAL: 0.0035021
2019-07-24 13:05:59,280 - [INFO] - Epoch:   26 | FVAL: 0.0034853
2019-07-24 13:06:02,130 - [INFO] - Epoch:   27 | FVAL: 0.0034677
2019-07-24 13:06:04,866 - [INFO] - Epoch:   28 | FVAL: 0.0034515
2019-07-24 13:06:07,585 - [INFO] - Epoch:   29 | FVAL: 0.0034364
2019-07-24 13:06:10,271 - [INFO] - Epoch:   30 | FVAL: 0.0034206
2019-07-24 13:06:12,896 - [INFO] - Epoch:   31 | FVAL: 0.0034042
2019-07-24 13:06:15,622 - [INFO] - Epoch:   32 | FVAL: 0.0033911
2019-07-24 13:06:18,135 - [INFO] - Epoch:   33 | FVAL: 0.0033766
2019-07-24 13:06:20,844 - [INFO] - Epoch:   34 | FVAL: 0.0033643
2019-07-24 13:06:23,564 - [INFO] - Epoch:   35 | FVAL: 0.0033515
2019-07-24 13:06:26,215 - [INFO] - Epoch:   36 | FVAL: 0.0033388
2019-07-24 13:06:28,733 - [INFO] - Epoch:   37 | FVAL: 0.0033267
2019-07-24 13:06:31,302 - [INFO] - Epoch:   38 | FVAL: 0.0033156
2019-07-24 13:06:33,809 - [INFO] - Epoch:   39 | FVAL: 0.0033053
2019-07-24 13:06:36,428 - [INFO] - Epoch:   40 | FVAL: 0.0032930
2019-07-24 13:06:38,920 - [INFO] - Epoch:   41 | FVAL: 0.0032823
2019-07-24 13:06:41,624 - [INFO] - Epoch:   42 | FVAL: 0.0032713
2019-07-24 13:06:44,149 - [INFO] - Epoch:   43 | FVAL: 0.0032609
2019-07-24 13:06:46,649 - [INFO] - Epoch:   44 | FVAL: 0.0032506
2019-07-24 13:06:49,219 - [INFO] - Epoch:   45 | FVAL: 0.0032406
2019-07-24 13:06:51,789 - [INFO] - Epoch:   46 | FVAL: 0.0032307
2019-07-24 13:06:54,299 - [INFO] - Epoch:   47 | FVAL: 0.0032200
2019-07-24 13:06:56,801 - [INFO] - Epoch:   48 | FVAL: 0.0032098
2019-07-24 13:06:59,310 - [INFO] - Epoch:   49 | FVAL: 0.0032009
2019-07-24 13:07:01,989 - [INFO] - Epoch:   50 | FVAL: 0.0031925
2019-07-24 13:07:04,480 - [INFO] - Epoch:   51 | FVAL: 0.0031832
2019-07-24 13:07:07,109 - [INFO] - Epoch:   52 | FVAL: 0.0031749
2019-07-24 13:07:09,806 - [INFO] - Epoch:   53 | FVAL: 0.0031654
2019-07-24 13:07:12,469 - [INFO] - Epoch:   54 | FVAL: 0.0031567
2019-07-24 13:07:15,118 - [INFO] - Epoch:   55 | FVAL: 0.0031487
2019-07-24 13:07:17,803 - [INFO] - Epoch:   56 | FVAL: 0.0031414
2019-07-24 13:07:20,465 - [INFO] - Epoch:   57 | FVAL: 0.0031322
2019-07-24 13:07:22,968 - [INFO] - Epoch:   58 | FVAL: 0.0031241
2019-07-24 13:07:25,670 - [INFO] - Epoch:   59 | FVAL: 0.0031161
2019-07-24 13:07:28,381 - [INFO] - Epoch:   60 | FVAL: 0.0031083
2019-07-24 13:07:30,896 - [INFO] - Epoch:   61 | FVAL: 0.0031010
2019-07-24 13:07:33,408 - [INFO] - Epoch:   62 | FVAL: 0.0030933
2019-07-24 13:07:35,903 - [INFO] - Epoch:   63 | FVAL: 0.0030859
2019-07-24 13:07:38,465 - [INFO] - Epoch:   64 | FVAL: 0.0030790
2019-07-24 13:07:40,951 - [INFO] - Epoch:   65 | FVAL: 0.0030722
2019-07-24 13:07:43,443 - [INFO] - Epoch:   66 | FVAL: 0.0030638
2019-07-24 13:07:46,086 - [INFO] - Epoch:   67 | FVAL: 0.0030566
2019-07-24 13:07:48,779 - [INFO] - Epoch:   68 | FVAL: 0.0030493
2019-07-24 13:07:51,306 - [INFO] - Epoch:   69 | FVAL: 0.0030425
2019-07-24 13:07:53,901 - [INFO] - Epoch:   70 | FVAL: 0.0030354
2019-07-24 13:07:56,629 - [INFO] - Epoch:   71 | FVAL: 0.0030288
2019-07-24 13:07:59,357 - [INFO] - Epoch:   72 | FVAL: 0.0030218
2019-07-24 13:08:02,135 - [INFO] - Epoch:   73 | FVAL: 0.0030155
2019-07-24 13:08:04,692 - [INFO] - Epoch:   74 | FVAL: 0.0030084
2019-07-24 13:08:07,335 - [INFO] - Epoch:   75 | FVAL: 0.0030018
2019-07-24 13:08:09,827 - [INFO] - Epoch:   76 | FVAL: 0.0029951
2019-07-24 13:08:12,431 - [INFO] - Epoch:   77 | FVAL: 0.0029884
2019-07-24 13:08:15,150 - [INFO] - Epoch:   78 | FVAL: 0.0029810
2019-07-24 13:08:17,822 - [INFO] - Epoch:   79 | FVAL: 0.0029737
2019-07-24 13:08:20,489 - [INFO] - Epoch:   80 | FVAL: 0.0029668
2019-07-24 13:08:23,058 - [INFO] - Epoch:   81 | FVAL: 0.0029607
2019-07-24 13:08:25,586 - [INFO] - Epoch:   82 | FVAL: 0.0029550
2019-07-24 13:08:28,317 - [INFO] - Epoch:   83 | FVAL: 0.0029486
2019-07-24 13:08:30,993 - [INFO] - Epoch:   84 | FVAL: 0.0029423
2019-07-24 13:08:33,612 - [INFO] - Epoch:   85 | FVAL: 0.0029368
2019-07-24 13:08:36,125 - [INFO] - Epoch:   86 | FVAL: 0.0029307
2019-07-24 13:08:38,774 - [INFO] - Epoch:   87 | FVAL: 0.0029241
2019-07-24 13:08:41,391 - [INFO] - Epoch:   88 | FVAL: 0.0029190
2019-07-24 13:08:43,922 - [INFO] - Epoch:   89 | FVAL: 0.0029136
2019-07-24 13:08:46,489 - [INFO] - Epoch:   90 | FVAL: 0.0029068
2019-07-24 13:08:49,207 - [INFO] - Epoch:   91 | FVAL: 0.0029016
2019-07-24 13:08:51,706 - [INFO] - Epoch:   92 | FVAL: 0.0028963
2019-07-24 13:08:54,213 - [INFO] - Epoch:   93 | FVAL: 0.0028907
2019-07-24 13:08:56,790 - [INFO] - Epoch:   94 | FVAL: 0.0028853
2019-07-24 13:08:59,404 - [INFO] - Epoch:   95 | FVAL: 0.0028798
2019-07-24 13:09:02,136 - [INFO] - Epoch:   96 | FVAL: 0.0028740
2019-07-24 13:09:04,769 - [INFO] - Epoch:   97 | FVAL: 0.0028696
2019-07-24 13:09:07,378 - [INFO] - Epoch:   98 | FVAL: 0.0028642
2019-07-24 13:09:09,868 - [INFO] - Epoch:   99 | FVAL: 0.0028590
2019-07-24 13:09:12,370 - [INFO] - Epoch:  100 | FVAL: 0.0028540
2019-07-24 13:09:14,848 - [INFO] - Epoch:  101 | FVAL: 0.0028494
2019-07-24 13:09:17,337 - [INFO] - Epoch:  102 | FVAL: 0.0028447
2019-07-24 13:09:20,022 - [INFO] - Epoch:  103 | FVAL: 0.0028408
2019-07-24 13:09:22,641 - [INFO] - Epoch:  104 | FVAL: 0.0028361
2019-07-24 13:09:25,288 - [INFO] - Epoch:  105 | FVAL: 0.0028314
2019-07-24 13:09:28,014 - [INFO] - Epoch:  106 | FVAL: 0.0028259
2019-07-24 13:09:30,518 - [INFO] - Epoch:  107 | FVAL: 0.0028206
2019-07-24 13:09:33,202 - [INFO] - Epoch:  108 | FVAL: 0.0028156
2019-07-24 13:09:35,822 - [INFO] - Epoch:  109 | FVAL: 0.0028109
2019-07-24 13:09:38,325 - [INFO] - Epoch:  110 | FVAL: 0.0028069
2019-07-24 13:09:40,814 - [INFO] - Epoch:  111 | FVAL: 0.0028020
2019-07-24 13:09:43,528 - [INFO] - Epoch:  112 | FVAL: 0.0027971
2019-07-24 13:09:46,003 - [INFO] - Epoch:  113 | FVAL: 0.0027924
2019-07-24 13:09:48,588 - [INFO] - Epoch:  114 | FVAL: 0.0027874
2019-07-24 13:09:51,255 - [INFO] - Epoch:  115 | FVAL: 0.0027829
2019-07-24 13:09:53,979 - [INFO] - Epoch:  116 | FVAL: 0.0027782
2019-07-24 13:09:56,517 - [INFO] - Epoch:  117 | FVAL: 0.0027738
2019-07-24 13:09:59,044 - [INFO] - Epoch:  118 | FVAL: 0.0027693
2019-07-24 13:10:01,804 - [INFO] - Epoch:  119 | FVAL: 0.0027646
2019-07-24 13:10:04,365 - [INFO] - Epoch:  120 | FVAL: 0.0027606
2019-07-24 13:10:07,060 - [INFO] - Epoch:  121 | FVAL: 0.0027566
2019-07-24 13:10:09,623 - [INFO] - Epoch:  122 | FVAL: 0.0027523
2019-07-24 13:10:12,115 - [INFO] - Epoch:  123 | FVAL: 0.0027485
2019-07-24 13:10:14,660 - [INFO] - Epoch:  124 | FVAL: 0.0027445
2019-07-24 13:10:17,172 - [INFO] - Epoch:  125 | FVAL: 0.0027406
2019-07-24 13:10:19,791 - [INFO] - Epoch:  126 | FVAL: 0.0027366
2019-07-24 13:10:22,476 - [INFO] - Epoch:  127 | FVAL: 0.0027325
2019-07-24 13:10:25,075 - [INFO] - Epoch:  128 | FVAL: 0.0027280
2019-07-24 13:10:27,588 - [INFO] - Epoch:  129 | FVAL: 0.0027240
2019-07-24 13:10:30,260 - [INFO] - Epoch:  130 | FVAL: 0.0027203
2019-07-24 13:10:32,816 - [INFO] - Epoch:  131 | FVAL: 0.0027166
2019-07-24 13:10:35,413 - [INFO] - Epoch:  132 | FVAL: 0.0027129
2019-07-24 13:10:38,116 - [INFO] - Epoch:  133 | FVAL: 0.0027091
2019-07-24 13:10:40,850 - [INFO] - Epoch:  134 | FVAL: 0.0027047
2019-07-24 13:10:43,499 - [INFO] - Epoch:  135 | FVAL: 0.0027014
2019-07-24 13:10:46,112 - [INFO] - Epoch:  136 | FVAL: 0.0026980
2019-07-24 13:10:48,596 - [INFO] - Epoch:  137 | FVAL: 0.0026945
2019-07-24 13:10:51,122 - [INFO] - Epoch:  138 | FVAL: 0.0026918
2019-07-24 13:10:53,811 - [INFO] - Epoch:  139 | FVAL: 0.0026886
2019-07-24 13:10:56,535 - [INFO] - Epoch:  140 | FVAL: 0.0026856
2019-07-24 13:10:59,129 - [INFO] - Epoch:  141 | FVAL: 0.0026821
2019-07-24 13:11:01,856 - [INFO] - Epoch:  142 | FVAL: 0.0026785
2019-07-24 13:11:04,363 - [INFO] - Epoch:  143 | FVAL: 0.0026752
2019-07-24 13:11:06,857 - [INFO] - Epoch:  144 | FVAL: 0.0026717
2019-07-24 13:11:09,368 - [INFO] - Epoch:  145 | FVAL: 0.0026686
2019-07-24 13:11:12,027 - [INFO] - Epoch:  146 | FVAL: 0.0026656
2019-07-24 13:11:14,526 - [INFO] - Epoch:  147 | FVAL: 0.0026631
2019-07-24 13:11:17,075 - [INFO] - Epoch:  148 | FVAL: 0.0026598
2019-07-24 13:11:19,572 - [INFO] - Epoch:  149 | FVAL: 0.0026566
2019-07-24 13:11:22,090 - [INFO] - Epoch:  150 | FVAL: 0.0026532
2019-07-24 13:11:24,718 - [INFO] - Epoch:  151 | FVAL: 0.0026505
2019-07-24 13:11:27,220 - [INFO] - Epoch:  152 | FVAL: 0.0026480
2019-07-24 13:11:29,727 - [INFO] - Epoch:  153 | FVAL: 0.0026448
2019-07-24 13:11:32,232 - [INFO] - Epoch:  154 | FVAL: 0.0026419
2019-07-24 13:11:34,925 - [INFO] - Epoch:  155 | FVAL: 0.0026389
2019-07-24 13:11:37,488 - [INFO] - Epoch:  156 | FVAL: 0.0026355
2019-07-24 13:11:39,997 - [INFO] - Epoch:  157 | FVAL: 0.0026327
2019-07-24 13:11:42,511 - [INFO] - Epoch:  158 | FVAL: 0.0026294
2019-07-24 13:11:45,215 - [INFO] - Epoch:  159 | FVAL: 0.0026261
2019-07-24 13:11:47,912 - [INFO] - Epoch:  160 | FVAL: 0.0026232
2019-07-24 13:11:50,401 - [INFO] - Epoch:  161 | FVAL: 0.0026199
2019-07-24 13:11:53,107 - [INFO] - Epoch:  162 | FVAL: 0.0026166
2019-07-24 13:11:55,815 - [INFO] - Epoch:  163 | FVAL: 0.0026134
2019-07-24 13:11:58,339 - [INFO] - Epoch:  164 | FVAL: 0.0026107
2019-07-24 13:12:01,046 - [INFO] - Epoch:  165 | FVAL: 0.0026078
2019-07-24 13:12:03,549 - [INFO] - Epoch:  166 | FVAL: 0.0026050
2019-07-24 13:12:06,062 - [INFO] - Epoch:  167 | FVAL: 0.0026020
2019-07-24 13:12:08,562 - [INFO] - Epoch:  168 | FVAL: 0.0025988
2019-07-24 13:12:11,098 - [INFO] - Epoch:  169 | FVAL: 0.0025961
2019-07-24 13:12:13,604 - [INFO] - Epoch:  170 | FVAL: 0.0025935
2019-07-24 13:12:16,092 - [INFO] - Epoch:  171 | FVAL: 0.0025905
2019-07-24 13:12:18,657 - [INFO] - Epoch:  172 | FVAL: 0.0025874
2019-07-24 13:12:21,215 - [INFO] - Epoch:  173 | FVAL: 0.0025844
2019-07-24 13:12:23,866 - [INFO] - Epoch:  174 | FVAL: 0.0025819
2019-07-24 13:12:26,391 - [INFO] - Epoch:  175 | FVAL: 0.0025796
2019-07-24 13:12:29,108 - [INFO] - Epoch:  176 | FVAL: 0.0025773
2019-07-24 13:12:31,611 - [INFO] - Epoch:  177 | FVAL: 0.0025742
2019-07-24 13:12:34,104 - [INFO] - Epoch:  178 | FVAL: 0.0025715
2019-07-24 13:12:36,609 - [INFO] - Epoch:  179 | FVAL: 0.0025688
2019-07-24 13:12:39,163 - [INFO] - Epoch:  180 | FVAL: 0.0025668
2019-07-24 13:12:41,661 - [INFO] - Epoch:  181 | FVAL: 0.0025644
2019-07-24 13:12:44,368 - [INFO] - Epoch:  182 | FVAL: 0.0025617
2019-07-24 13:12:46,965 - [INFO] - Epoch:  183 | FVAL: 0.0025590
2019-07-24 13:12:49,455 - [INFO] - Epoch:  184 | FVAL: 0.0025569
2019-07-24 13:12:51,935 - [INFO] - Epoch:  185 | FVAL: 0.0025539
2019-07-24 13:12:54,502 - [INFO] - Epoch:  186 | FVAL: 0.0025511
2019-07-24 13:12:56,998 - [INFO] - Epoch:  187 | FVAL: 0.0025488
2019-07-24 13:12:59,491 - [INFO] - Epoch:  188 | FVAL: 0.0025462
2019-07-24 13:13:02,132 - [INFO] - Epoch:  189 | FVAL: 0.0025441
2019-07-24 13:13:04,679 - [INFO] - Epoch:  190 | FVAL: 0.0025409
2019-07-24 13:13:07,350 - [INFO] - Epoch:  191 | FVAL: 0.0025387
2019-07-24 13:13:09,991 - [INFO] - Epoch:  192 | FVAL: 0.0025361
2019-07-24 13:13:12,637 - [INFO] - Epoch:  193 | FVAL: 0.0025332
2019-07-24 13:13:15,141 - [INFO] - Epoch:  194 | FVAL: 0.0025307
2019-07-24 13:13:17,632 - [INFO] - Epoch:  195 | FVAL: 0.0025285
2019-07-24 13:13:20,172 - [INFO] - Epoch:  196 | FVAL: 0.0025261
2019-07-24 13:13:22,654 - [INFO] - Epoch:  197 | FVAL: 0.0025234
2019-07-24 13:13:25,149 - [INFO] - Epoch:  198 | FVAL: 0.0025208
2019-07-24 13:13:27,718 - [INFO] - Epoch:  199 | FVAL: 0.0025184
2019-07-24 13:13:30,311 - [INFO] - Epoch:  200 | FVAL: 0.0025163
2019-07-24 13:13:32,993 - [INFO] - Epoch:  201 | FVAL: 0.0025140
2019-07-24 13:13:35,557 - [INFO] - Epoch:  202 | FVAL: 0.0025111
2019-07-24 13:13:38,065 - [INFO] - Epoch:  203 | FVAL: 0.0025081
2019-07-24 13:13:40,556 - [INFO] - Epoch:  204 | FVAL: 0.0025057
2019-07-24 13:13:43,180 - [INFO] - Epoch:  205 | FVAL: 0.0025028
2019-07-24 13:13:45,685 - [INFO] - Epoch:  206 | FVAL: 0.0025001
2019-07-24 13:13:48,165 - [INFO] - Epoch:  207 | FVAL: 0.0024975
2019-07-24 13:13:50,677 - [INFO] - Epoch:  208 | FVAL: 0.0024951
2019-07-24 13:13:53,154 - [INFO] - Epoch:  209 | FVAL: 0.0024930
2019-07-24 13:13:55,748 - [INFO] - Epoch:  210 | FVAL: 0.0024905
2019-07-24 13:13:58,278 - [INFO] - Epoch:  211 | FVAL: 0.0024879
2019-07-24 13:14:01,129 - [INFO] - Epoch:  212 | FVAL: 0.0024860
2019-07-24 13:14:03,633 - [INFO] - Epoch:  213 | FVAL: 0.0024837
2019-07-24 13:14:06,272 - [INFO] - Epoch:  214 | FVAL: 0.0024818
2019-07-24 13:14:08,772 - [INFO] - Epoch:  215 | FVAL: 0.0024794
2019-07-24 13:14:11,268 - [INFO] - Epoch:  216 | FVAL: 0.0024774
2019-07-24 13:14:13,775 - [INFO] - Epoch:  217 | FVAL: 0.0024749
2019-07-24 13:14:16,397 - [INFO] - Epoch:  218 | FVAL: 0.0024725
2019-07-24 13:14:19,014 - [INFO] - Epoch:  219 | FVAL: 0.0024702
2019-07-24 13:14:21,548 - [INFO] - Epoch:  220 | FVAL: 0.0024679
2019-07-24 13:14:24,260 - [INFO] - Epoch:  221 | FVAL: 0.0024660
2019-07-24 13:14:26,917 - [INFO] - Epoch:  222 | FVAL: 0.0024640
2019-07-24 13:14:29,416 - [INFO] - Epoch:  223 | FVAL: 0.0024620
2019-07-24 13:14:31,947 - [INFO] - Epoch:  224 | FVAL: 0.0024601
2019-07-24 13:14:34,450 - [INFO] - Epoch:  225 | FVAL: 0.0024579
2019-07-24 13:14:37,068 - [INFO] - Epoch:  226 | FVAL: 0.0024557
2019-07-24 13:14:39,758 - [INFO] - Epoch:  227 | FVAL: 0.0024539
2019-07-24 13:14:42,330 - [INFO] - Epoch:  228 | FVAL: 0.0024516
2019-07-24 13:14:44,835 - [INFO] - Epoch:  229 | FVAL: 0.0024498
2019-07-24 13:14:47,489 - [INFO] - Epoch:  230 | FVAL: 0.0024481
2019-07-24 13:14:50,044 - [INFO] - Epoch:  231 | FVAL: 0.0024462
2019-07-24 13:14:52,647 - [INFO] - Epoch:  232 | FVAL: 0.0024440
2019-07-24 13:14:55,135 - [INFO] - Epoch:  233 | FVAL: 0.0024418
2019-07-24 13:14:57,710 - [INFO] - Epoch:  234 | FVAL: 0.0024396
2019-07-24 13:15:00,445 - [INFO] - Epoch:  235 | FVAL: 0.0024378
2019-07-24 13:15:02,980 - [INFO] - Epoch:  236 | FVAL: 0.0024358
2019-07-24 13:15:05,590 - [INFO] - Epoch:  237 | FVAL: 0.0024342
2019-07-24 13:15:08,205 - [INFO] - Epoch:  238 | FVAL: 0.0024320
2019-07-24 13:15:10,710 - [INFO] - Epoch:  239 | FVAL: 0.0024303
2019-07-24 13:15:13,203 - [INFO] - Epoch:  240 | FVAL: 0.0024285
2019-07-24 13:15:15,835 - [INFO] - Epoch:  241 | FVAL: 0.0024268
2019-07-24 13:15:18,478 - [INFO] - Epoch:  242 | FVAL: 0.0024246
2019-07-24 13:15:20,969 - [INFO] - Epoch:  243 | FVAL: 0.0024228
2019-07-24 13:15:23,456 - [INFO] - Epoch:  244 | FVAL: 0.0024210
2019-07-24 13:15:25,928 - [INFO] - Epoch:  245 | FVAL: 0.0024189
2019-07-24 13:15:28,417 - [INFO] - Epoch:  246 | FVAL: 0.0024169
2019-07-24 13:15:30,909 - [INFO] - Epoch:  247 | FVAL: 0.0024153
2019-07-24 13:15:33,396 - [INFO] - Epoch:  248 | FVAL: 0.0024132
2019-07-24 13:15:35,894 - [INFO] - Epoch:  249 | FVAL: 0.0024113
2019-07-24 13:15:38,389 - [INFO] - Epoch:  250 | FVAL: 0.0024095
2019-07-24 13:15:41,001 - [INFO] - Epoch:  251 | FVAL: 0.0024075
2019-07-24 13:15:43,486 - [INFO] - Epoch:  252 | FVAL: 0.0024057
2019-07-24 13:15:45,987 - [INFO] - Epoch:  253 | FVAL: 0.0024041
2019-07-24 13:15:48,494 - [INFO] - Epoch:  254 | FVAL: 0.0024026
2019-07-24 13:15:50,973 - [INFO] - Epoch:  255 | FVAL: 0.0024007
2019-07-24 13:15:53,466 - [INFO] - Epoch:  256 | FVAL: 0.0023989
2019-07-24 13:15:55,938 - [INFO] - Epoch:  257 | FVAL: 0.0023973
2019-07-24 13:15:58,420 - [INFO] - Epoch:  258 | FVAL: 0.0023957
2019-07-24 13:16:01,067 - [INFO] - Epoch:  259 | FVAL: 0.0023944
2019-07-24 13:16:03,553 - [INFO] - Epoch:  260 | FVAL: 0.0023931
2019-07-24 13:16:06,046 - [INFO] - Epoch:  261 | FVAL: 0.0023918
2019-07-24 13:16:08,569 - [INFO] - Epoch:  262 | FVAL: 0.0023905
2019-07-24 13:16:11,223 - [INFO] - Epoch:  263 | FVAL: 0.0023891
2019-07-24 13:16:13,796 - [INFO] - Epoch:  264 | FVAL: 0.0023875
2019-07-24 13:16:16,288 - [INFO] - Epoch:  265 | FVAL: 0.0023860
2019-07-24 13:16:18,785 - [INFO] - Epoch:  266 | FVAL: 0.0023849
2019-07-24 13:16:21,266 - [INFO] - Epoch:  267 | FVAL: 0.0023834
2019-07-24 13:16:23,756 - [INFO] - Epoch:  268 | FVAL: 0.0023820
2019-07-24 13:16:26,298 - [INFO] - Epoch:  269 | FVAL: 0.0023805
2019-07-24 13:16:28,774 - [INFO] - Epoch:  270 | FVAL: 0.0023791
2019-07-24 13:16:31,268 - [INFO] - Epoch:  271 | FVAL: 0.0023777
2019-07-24 13:16:33,755 - [INFO] - Epoch:  272 | FVAL: 0.0023762
2019-07-24 13:16:36,263 - [INFO] - Epoch:  273 | FVAL: 0.0023747
2019-07-24 13:16:38,866 - [INFO] - Epoch:  274 | FVAL: 0.0023729
2019-07-24 13:16:41,365 - [INFO] - Epoch:  275 | FVAL: 0.0023715
2019-07-24 13:16:43,848 - [INFO] - Epoch:  276 | FVAL: 0.0023702
2019-07-24 13:16:46,345 - [INFO] - Epoch:  277 | FVAL: 0.0023691
2019-07-24 13:16:48,846 - [INFO] - Epoch:  278 | FVAL: 0.0023676
2019-07-24 13:16:51,414 - [INFO] - Epoch:  279 | FVAL: 0.0023664
2019-07-24 13:16:53,909 - [INFO] - Epoch:  280 | FVAL: 0.0023649
2019-07-24 13:16:56,381 - [INFO] - Epoch:  281 | FVAL: 0.0023637
2019-07-24 13:16:58,857 - [INFO] - Epoch:  282 | FVAL: 0.0023625
2019-07-24 13:17:01,626 - [INFO] - Epoch:  283 | FVAL: 0.0023612
2019-07-24 13:17:04,112 - [INFO] - Epoch:  284 | FVAL: 0.0023601
2019-07-24 13:17:06,604 - [INFO] - Epoch:  285 | FVAL: 0.0023587
2019-07-24 13:17:09,096 - [INFO] - Epoch:  286 | FVAL: 0.0023570
2019-07-24 13:17:11,595 - [INFO] - Epoch:  287 | FVAL: 0.0023556
2019-07-24 13:17:14,080 - [INFO] - Epoch:  288 | FVAL: 0.0023544
2019-07-24 13:17:16,577 - [INFO] - Epoch:  289 | FVAL: 0.0023531
2019-07-24 13:17:19,073 - [INFO] - Epoch:  290 | FVAL: 0.0023517
2019-07-24 13:17:21,550 - [INFO] - Epoch:  291 | FVAL: 0.0023502
2019-07-24 13:17:24,037 - [INFO] - Epoch:  292 | FVAL: 0.0023488
2019-07-24 13:17:26,512 - [INFO] - Epoch:  293 | FVAL: 0.0023474
2019-07-24 13:17:29,107 - [INFO] - Epoch:  294 | FVAL: 0.0023464
