2019-07-24 12:59:25,253 - [INFO] - csum-- N:44 | d:7129 | lambda:0.0001
2019-07-24 12:59:25,254 - [INFO] - Function value sequence convergence criteria.
2019-07-24 12:59:25,254 - [INFO] - Epoch:    0 | FVAL: 0.3465736
2019-07-24 12:59:26,182 - [INFO] - Epoch:    1 | FVAL: 0.3465736
2019-07-24 12:59:27,104 - [INFO] - Epoch:    2 | FVAL: 0.0049694
2019-07-24 12:59:28,021 - [INFO] - Epoch:    3 | FVAL: 0.0046322
2019-07-24 12:59:28,938 - [INFO] - Epoch:    4 | FVAL: 0.0044979
2019-07-24 12:59:29,854 - [INFO] - Epoch:    5 | FVAL: 0.0044085
2019-07-24 12:59:30,766 - [INFO] - Epoch:    6 | FVAL: 0.0043386
2019-07-24 12:59:31,676 - [INFO] - Epoch:    7 | FVAL: 0.0042788
2019-07-24 12:59:32,584 - [INFO] - Epoch:    8 | FVAL: 0.0042259
2019-07-24 12:59:33,492 - [INFO] - Epoch:    9 | FVAL: 0.0041782
2019-07-24 12:59:34,396 - [INFO] - Epoch:   10 | FVAL: 0.0041347
2019-07-24 12:59:35,301 - [INFO] - Epoch:   11 | FVAL: 0.0040943
2019-07-24 12:59:36,207 - [INFO] - Epoch:   12 | FVAL: 0.0040569
2019-07-24 12:59:37,111 - [INFO] - Epoch:   13 | FVAL: 0.0040218
2019-07-24 12:59:38,021 - [INFO] - Epoch:   14 | FVAL: 0.0039889
2019-07-24 12:59:38,927 - [INFO] - Epoch:   15 | FVAL: 0.0039575
2019-07-24 12:59:39,833 - [INFO] - Epoch:   16 | FVAL: 0.0039276
2019-07-24 12:59:40,739 - [INFO] - Epoch:   17 | FVAL: 0.0038994
2019-07-24 12:59:41,645 - [INFO] - Epoch:   18 | FVAL: 0.0038725
2019-07-24 12:59:42,550 - [INFO] - Epoch:   19 | FVAL: 0.0038467
2019-07-24 12:59:43,453 - [INFO] - Epoch:   20 | FVAL: 0.0038217
2019-07-24 12:59:44,356 - [INFO] - Epoch:   21 | FVAL: 0.0037976
2019-07-24 12:59:45,261 - [INFO] - Epoch:   22 | FVAL: 0.0037744
2019-07-24 12:59:46,165 - [INFO] - Epoch:   23 | FVAL: 0.0037521
2019-07-24 12:59:47,069 - [INFO] - Epoch:   24 | FVAL: 0.0037306
2019-07-24 12:59:47,966 - [INFO] - Epoch:   25 | FVAL: 0.0037098
2019-07-24 12:59:48,864 - [INFO] - Epoch:   26 | FVAL: 0.0036895
2019-07-24 12:59:49,763 - [INFO] - Epoch:   27 | FVAL: 0.0036696
2019-07-24 12:59:50,665 - [INFO] - Epoch:   28 | FVAL: 0.0036503
2019-07-24 12:59:51,564 - [INFO] - Epoch:   29 | FVAL: 0.0036315
2019-07-24 12:59:52,466 - [INFO] - Epoch:   30 | FVAL: 0.0036130
2019-07-24 12:59:53,363 - [INFO] - Epoch:   31 | FVAL: 0.0035953
2019-07-24 12:59:54,260 - [INFO] - Epoch:   32 | FVAL: 0.0035781
2019-07-24 12:59:55,155 - [INFO] - Epoch:   33 | FVAL: 0.0035613
2019-07-24 12:59:56,054 - [INFO] - Epoch:   34 | FVAL: 0.0035449
2019-07-24 12:59:56,951 - [INFO] - Epoch:   35 | FVAL: 0.0035289
2019-07-24 12:59:57,851 - [INFO] - Epoch:   36 | FVAL: 0.0035132
2019-07-24 12:59:58,746 - [INFO] - Epoch:   37 | FVAL: 0.0034978
2019-07-24 12:59:59,645 - [INFO] - Epoch:   38 | FVAL: 0.0034827
2019-07-24 13:00:00,775 - [INFO] - Epoch:   39 | FVAL: 0.0034680
2019-07-24 13:00:01,680 - [INFO] - Epoch:   40 | FVAL: 0.0034537
2019-07-24 13:00:02,582 - [INFO] - Epoch:   41 | FVAL: 0.0034397
2019-07-24 13:00:03,483 - [INFO] - Epoch:   42 | FVAL: 0.0034260
2019-07-24 13:00:04,385 - [INFO] - Epoch:   43 | FVAL: 0.0034126
2019-07-24 13:00:05,285 - [INFO] - Epoch:   44 | FVAL: 0.0033994
2019-07-24 13:00:06,185 - [INFO] - Epoch:   45 | FVAL: 0.0033867
2019-07-24 13:00:07,088 - [INFO] - Epoch:   46 | FVAL: 0.0033743
2019-07-24 13:00:07,989 - [INFO] - Epoch:   47 | FVAL: 0.0033621
2019-07-24 13:00:08,889 - [INFO] - Epoch:   48 | FVAL: 0.0033500
2019-07-24 13:00:09,791 - [INFO] - Epoch:   49 | FVAL: 0.0033381
2019-07-24 13:00:10,693 - [INFO] - Epoch:   50 | FVAL: 0.0033263
2019-07-24 13:00:11,593 - [INFO] - Epoch:   51 | FVAL: 0.0033146
2019-07-24 13:00:12,493 - [INFO] - Epoch:   52 | FVAL: 0.0033032
2019-07-24 13:00:13,393 - [INFO] - Epoch:   53 | FVAL: 0.0032919
2019-07-24 13:00:14,296 - [INFO] - Epoch:   54 | FVAL: 0.0032808
2019-07-24 13:00:15,196 - [INFO] - Epoch:   55 | FVAL: 0.0032698
2019-07-24 13:00:16,097 - [INFO] - Epoch:   56 | FVAL: 0.0032591
2019-07-24 13:00:16,995 - [INFO] - Epoch:   57 | FVAL: 0.0032487
2019-07-24 13:00:17,896 - [INFO] - Epoch:   58 | FVAL: 0.0032384
2019-07-24 13:00:18,798 - [INFO] - Epoch:   59 | FVAL: 0.0032284
2019-07-24 13:00:19,699 - [INFO] - Epoch:   60 | FVAL: 0.0032184
2019-07-24 13:00:20,600 - [INFO] - Epoch:   61 | FVAL: 0.0032086
2019-07-24 13:00:21,504 - [INFO] - Epoch:   62 | FVAL: 0.0031989
2019-07-24 13:00:22,413 - [INFO] - Epoch:   63 | FVAL: 0.0031893
2019-07-24 13:00:23,315 - [INFO] - Epoch:   64 | FVAL: 0.0031798
2019-07-24 13:00:24,214 - [INFO] - Epoch:   65 | FVAL: 0.0031704
2019-07-24 13:00:25,114 - [INFO] - Epoch:   66 | FVAL: 0.0031612
2019-07-24 13:00:26,017 - [INFO] - Epoch:   67 | FVAL: 0.0031520
2019-07-24 13:00:26,918 - [INFO] - Epoch:   68 | FVAL: 0.0031429
2019-07-24 13:00:27,820 - [INFO] - Epoch:   69 | FVAL: 0.0031340
2019-07-24 13:00:28,723 - [INFO] - Epoch:   70 | FVAL: 0.0031252
2019-07-24 13:00:29,624 - [INFO] - Epoch:   71 | FVAL: 0.0031164
2019-07-24 13:00:30,524 - [INFO] - Epoch:   72 | FVAL: 0.0031079
2019-07-24 13:00:31,427 - [INFO] - Epoch:   73 | FVAL: 0.0030994
2019-07-24 13:00:32,326 - [INFO] - Epoch:   74 | FVAL: 0.0030910
2019-07-24 13:00:33,222 - [INFO] - Epoch:   75 | FVAL: 0.0030826
2019-07-24 13:00:34,120 - [INFO] - Epoch:   76 | FVAL: 0.0030744
2019-07-24 13:00:35,019 - [INFO] - Epoch:   77 | FVAL: 0.0030662
2019-07-24 13:00:35,919 - [INFO] - Epoch:   78 | FVAL: 0.0030580
2019-07-24 13:00:36,825 - [INFO] - Epoch:   79 | FVAL: 0.0030499
2019-07-24 13:00:37,723 - [INFO] - Epoch:   80 | FVAL: 0.0030418
2019-07-24 13:00:38,621 - [INFO] - Epoch:   81 | FVAL: 0.0030340
2019-07-24 13:00:39,524 - [INFO] - Epoch:   82 | FVAL: 0.0030262
2019-07-24 13:00:40,425 - [INFO] - Epoch:   83 | FVAL: 0.0030186
2019-07-24 13:00:41,323 - [INFO] - Epoch:   84 | FVAL: 0.0030110
2019-07-24 13:00:42,222 - [INFO] - Epoch:   85 | FVAL: 0.0030035
2019-07-24 13:00:43,119 - [INFO] - Epoch:   86 | FVAL: 0.0029959
2019-07-24 13:00:44,018 - [INFO] - Epoch:   87 | FVAL: 0.0029885
2019-07-24 13:00:44,916 - [INFO] - Epoch:   88 | FVAL: 0.0029811
2019-07-24 13:00:45,816 - [INFO] - Epoch:   89 | FVAL: 0.0029737
2019-07-24 13:00:46,716 - [INFO] - Epoch:   90 | FVAL: 0.0029664
2019-07-24 13:00:47,617 - [INFO] - Epoch:   91 | FVAL: 0.0029592
2019-07-24 13:00:48,515 - [INFO] - Epoch:   92 | FVAL: 0.0029521
2019-07-24 13:00:49,411 - [INFO] - Epoch:   93 | FVAL: 0.0029450
2019-07-24 13:00:50,309 - [INFO] - Epoch:   94 | FVAL: 0.0029379
2019-07-24 13:00:51,208 - [INFO] - Epoch:   95 | FVAL: 0.0029309
2019-07-24 13:00:52,102 - [INFO] - Epoch:   96 | FVAL: 0.0029238
2019-07-24 13:00:53,000 - [INFO] - Epoch:   97 | FVAL: 0.0029168
2019-07-24 13:00:53,899 - [INFO] - Epoch:   98 | FVAL: 0.0029099
2019-07-24 13:00:54,798 - [INFO] - Epoch:   99 | FVAL: 0.0029031
2019-07-24 13:00:55,694 - [INFO] - Epoch:  100 | FVAL: 0.0028964
2019-07-24 13:00:56,588 - [INFO] - Epoch:  101 | FVAL: 0.0028897
2019-07-24 13:00:57,485 - [INFO] - Epoch:  102 | FVAL: 0.0028830
2019-07-24 13:00:58,385 - [INFO] - Epoch:  103 | FVAL: 0.0028765
2019-07-24 13:00:59,283 - [INFO] - Epoch:  104 | FVAL: 0.0028700
2019-07-24 13:01:00,348 - [INFO] - Epoch:  105 | FVAL: 0.0028636
2019-07-24 13:01:01,250 - [INFO] - Epoch:  106 | FVAL: 0.0028571
2019-07-24 13:01:02,149 - [INFO] - Epoch:  107 | FVAL: 0.0028508
2019-07-24 13:01:03,048 - [INFO] - Epoch:  108 | FVAL: 0.0028444
2019-07-24 13:01:03,948 - [INFO] - Epoch:  109 | FVAL: 0.0028381
2019-07-24 13:01:04,849 - [INFO] - Epoch:  110 | FVAL: 0.0028318
2019-07-24 13:01:05,749 - [INFO] - Epoch:  111 | FVAL: 0.0028257
2019-07-24 13:01:06,647 - [INFO] - Epoch:  112 | FVAL: 0.0028196
2019-07-24 13:01:07,546 - [INFO] - Epoch:  113 | FVAL: 0.0028136
2019-07-24 13:01:08,446 - [INFO] - Epoch:  114 | FVAL: 0.0028076
2019-07-24 13:01:09,345 - [INFO] - Epoch:  115 | FVAL: 0.0028017
2019-07-24 13:01:10,245 - [INFO] - Epoch:  116 | FVAL: 0.0027959
2019-07-24 13:01:11,146 - [INFO] - Epoch:  117 | FVAL: 0.0027902
2019-07-24 13:01:12,046 - [INFO] - Epoch:  118 | FVAL: 0.0027845
2019-07-24 13:01:12,946 - [INFO] - Epoch:  119 | FVAL: 0.0027788
2019-07-24 13:01:13,846 - [INFO] - Epoch:  120 | FVAL: 0.0027732
2019-07-24 13:01:14,750 - [INFO] - Epoch:  121 | FVAL: 0.0027677
2019-07-24 13:01:15,651 - [INFO] - Epoch:  122 | FVAL: 0.0027623
2019-07-24 13:01:16,551 - [INFO] - Epoch:  123 | FVAL: 0.0027569
2019-07-24 13:01:17,451 - [INFO] - Epoch:  124 | FVAL: 0.0027515
2019-07-24 13:01:18,349 - [INFO] - Epoch:  125 | FVAL: 0.0027463
2019-07-24 13:01:19,250 - [INFO] - Epoch:  126 | FVAL: 0.0027412
2019-07-24 13:01:20,152 - [INFO] - Epoch:  127 | FVAL: 0.0027363
2019-07-24 13:01:21,056 - [INFO] - Epoch:  128 | FVAL: 0.0027314
2019-07-24 13:01:21,960 - [INFO] - Epoch:  129 | FVAL: 0.0027265
2019-07-24 13:01:22,860 - [INFO] - Epoch:  130 | FVAL: 0.0027219
2019-07-24 13:01:23,758 - [INFO] - Epoch:  131 | FVAL: 0.0027173
2019-07-24 13:01:24,657 - [INFO] - Epoch:  132 | FVAL: 0.0027127
2019-07-24 13:01:25,554 - [INFO] - Epoch:  133 | FVAL: 0.0027082
2019-07-24 13:01:26,453 - [INFO] - Epoch:  134 | FVAL: 0.0027037
2019-07-24 13:01:27,356 - [INFO] - Epoch:  135 | FVAL: 0.0026993
2019-07-24 13:01:28,256 - [INFO] - Epoch:  136 | FVAL: 0.0026949
2019-07-24 13:01:29,153 - [INFO] - Epoch:  137 | FVAL: 0.0026905
2019-07-24 13:01:30,053 - [INFO] - Epoch:  138 | FVAL: 0.0026862
2019-07-24 13:01:30,956 - [INFO] - Epoch:  139 | FVAL: 0.0026818
2019-07-24 13:01:31,853 - [INFO] - Epoch:  140 | FVAL: 0.0026775
2019-07-24 13:01:32,751 - [INFO] - Epoch:  141 | FVAL: 0.0026731
2019-07-24 13:01:33,651 - [INFO] - Epoch:  142 | FVAL: 0.0026688
2019-07-24 13:01:34,548 - [INFO] - Epoch:  143 | FVAL: 0.0026646
2019-07-24 13:01:35,448 - [INFO] - Epoch:  144 | FVAL: 0.0026605
2019-07-24 13:01:36,345 - [INFO] - Epoch:  145 | FVAL: 0.0026563
2019-07-24 13:01:37,243 - [INFO] - Epoch:  146 | FVAL: 0.0026521
2019-07-24 13:01:38,143 - [INFO] - Epoch:  147 | FVAL: 0.0026480
2019-07-24 13:01:39,043 - [INFO] - Epoch:  148 | FVAL: 0.0026439
2019-07-24 13:01:39,941 - [INFO] - Epoch:  149 | FVAL: 0.0026398
2019-07-24 13:01:40,841 - [INFO] - Epoch:  150 | FVAL: 0.0026359
2019-07-24 13:01:41,741 - [INFO] - Epoch:  151 | FVAL: 0.0026320
2019-07-24 13:01:42,640 - [INFO] - Epoch:  152 | FVAL: 0.0026281
2019-07-24 13:01:43,538 - [INFO] - Epoch:  153 | FVAL: 0.0026244
2019-07-24 13:01:44,439 - [INFO] - Epoch:  154 | FVAL: 0.0026207
2019-07-24 13:01:45,337 - [INFO] - Epoch:  155 | FVAL: 0.0026171
2019-07-24 13:01:46,238 - [INFO] - Epoch:  156 | FVAL: 0.0026134
2019-07-24 13:01:47,151 - [INFO] - Epoch:  157 | FVAL: 0.0026098
2019-07-24 13:01:48,053 - [INFO] - Epoch:  158 | FVAL: 0.0026062
2019-07-24 13:01:48,952 - [INFO] - Epoch:  159 | FVAL: 0.0026026
2019-07-24 13:01:49,853 - [INFO] - Epoch:  160 | FVAL: 0.0025989
2019-07-24 13:01:50,752 - [INFO] - Epoch:  161 | FVAL: 0.0025953
2019-07-24 13:01:51,654 - [INFO] - Epoch:  162 | FVAL: 0.0025917
2019-07-24 13:01:52,551 - [INFO] - Epoch:  163 | FVAL: 0.0025881
2019-07-24 13:01:53,448 - [INFO] - Epoch:  164 | FVAL: 0.0025846
2019-07-24 13:01:54,348 - [INFO] - Epoch:  165 | FVAL: 0.0025811
2019-07-24 13:01:55,247 - [INFO] - Epoch:  166 | FVAL: 0.0025776
2019-07-24 13:01:56,145 - [INFO] - Epoch:  167 | FVAL: 0.0025742
2019-07-24 13:01:57,045 - [INFO] - Epoch:  168 | FVAL: 0.0025707
2019-07-24 13:01:57,945 - [INFO] - Epoch:  169 | FVAL: 0.0025673
2019-07-24 13:01:58,844 - [INFO] - Epoch:  170 | FVAL: 0.0025640
2019-07-24 13:01:59,744 - [INFO] - Epoch:  171 | FVAL: 0.0025606
2019-07-24 13:02:00,813 - [INFO] - Epoch:  172 | FVAL: 0.0025574
2019-07-24 13:02:01,712 - [INFO] - Epoch:  173 | FVAL: 0.0025541
2019-07-24 13:02:02,614 - [INFO] - Epoch:  174 | FVAL: 0.0025509
2019-07-24 13:02:03,512 - [INFO] - Epoch:  175 | FVAL: 0.0025477
2019-07-24 13:02:04,408 - [INFO] - Epoch:  176 | FVAL: 0.0025445
2019-07-24 13:02:05,306 - [INFO] - Epoch:  177 | FVAL: 0.0025413
2019-07-24 13:02:06,207 - [INFO] - Epoch:  178 | FVAL: 0.0025383
2019-07-24 13:02:07,110 - [INFO] - Epoch:  179 | FVAL: 0.0025352
2019-07-24 13:02:08,008 - [INFO] - Epoch:  180 | FVAL: 0.0025321
2019-07-24 13:02:08,911 - [INFO] - Epoch:  181 | FVAL: 0.0025291
2019-07-24 13:02:09,809 - [INFO] - Epoch:  182 | FVAL: 0.0025260
2019-07-24 13:02:10,707 - [INFO] - Epoch:  183 | FVAL: 0.0025230
2019-07-24 13:02:11,605 - [INFO] - Epoch:  184 | FVAL: 0.0025200
2019-07-24 13:02:12,503 - [INFO] - Epoch:  185 | FVAL: 0.0025171
2019-07-24 13:02:13,397 - [INFO] - Epoch:  186 | FVAL: 0.0025141
2019-07-24 13:02:14,294 - [INFO] - Epoch:  187 | FVAL: 0.0025112
2019-07-24 13:02:15,193 - [INFO] - Epoch:  188 | FVAL: 0.0025082
2019-07-24 13:02:16,088 - [INFO] - Epoch:  189 | FVAL: 0.0025053
2019-07-24 13:02:16,985 - [INFO] - Epoch:  190 | FVAL: 0.0025025
2019-07-24 13:02:17,881 - [INFO] - Epoch:  191 | FVAL: 0.0024996
2019-07-24 13:02:18,780 - [INFO] - Epoch:  192 | FVAL: 0.0024968
2019-07-24 13:02:19,679 - [INFO] - Epoch:  193 | FVAL: 0.0024940
2019-07-24 13:02:20,575 - [INFO] - Epoch:  194 | FVAL: 0.0024913
2019-07-24 13:02:21,472 - [INFO] - Epoch:  195 | FVAL: 0.0024885
2019-07-24 13:02:22,371 - [INFO] - Epoch:  196 | FVAL: 0.0024859
2019-07-24 13:02:23,270 - [INFO] - Epoch:  197 | FVAL: 0.0024832
2019-07-24 13:02:24,169 - [INFO] - Epoch:  198 | FVAL: 0.0024806
2019-07-24 13:02:25,067 - [INFO] - Epoch:  199 | FVAL: 0.0024780
2019-07-24 13:02:25,965 - [INFO] - Epoch:  200 | FVAL: 0.0024754
2019-07-24 13:02:26,864 - [INFO] - Epoch:  201 | FVAL: 0.0024729
2019-07-24 13:02:27,762 - [INFO] - Epoch:  202 | FVAL: 0.0024704
2019-07-24 13:02:28,658 - [INFO] - Epoch:  203 | FVAL: 0.0024678
2019-07-24 13:02:29,559 - [INFO] - Epoch:  204 | FVAL: 0.0024653
2019-07-24 13:02:30,455 - [INFO] - Epoch:  205 | FVAL: 0.0024628
2019-07-24 13:02:31,346 - [INFO] - Epoch:  206 | FVAL: 0.0024603
2019-07-24 13:02:32,241 - [INFO] - Epoch:  207 | FVAL: 0.0024578
2019-07-24 13:02:33,135 - [INFO] - Epoch:  208 | FVAL: 0.0024553
2019-07-24 13:02:34,027 - [INFO] - Epoch:  209 | FVAL: 0.0024528
2019-07-24 13:02:34,920 - [INFO] - Epoch:  210 | FVAL: 0.0024504
2019-07-24 13:02:35,813 - [INFO] - Epoch:  211 | FVAL: 0.0024479
2019-07-24 13:02:36,705 - [INFO] - Epoch:  212 | FVAL: 0.0024454
2019-07-24 13:02:37,597 - [INFO] - Epoch:  213 | FVAL: 0.0024429
2019-07-24 13:02:38,491 - [INFO] - Epoch:  214 | FVAL: 0.0024405
2019-07-24 13:02:39,380 - [INFO] - Epoch:  215 | FVAL: 0.0024380
2019-07-24 13:02:40,273 - [INFO] - Epoch:  216 | FVAL: 0.0024355
2019-07-24 13:02:41,166 - [INFO] - Epoch:  217 | FVAL: 0.0024331
2019-07-24 13:02:42,062 - [INFO] - Epoch:  218 | FVAL: 0.0024307
2019-07-24 13:02:42,953 - [INFO] - Epoch:  219 | FVAL: 0.0024283
2019-07-24 13:02:43,844 - [INFO] - Epoch:  220 | FVAL: 0.0024260
2019-07-24 13:02:44,738 - [INFO] - Epoch:  221 | FVAL: 0.0024236
2019-07-24 13:02:45,628 - [INFO] - Epoch:  222 | FVAL: 0.0024213
2019-07-24 13:02:46,523 - [INFO] - Epoch:  223 | FVAL: 0.0024190
2019-07-24 13:02:47,418 - [INFO] - Epoch:  224 | FVAL: 0.0024166
2019-07-24 13:02:48,313 - [INFO] - Epoch:  225 | FVAL: 0.0024143
2019-07-24 13:02:49,208 - [INFO] - Epoch:  226 | FVAL: 0.0024122
2019-07-24 13:02:50,101 - [INFO] - Epoch:  227 | FVAL: 0.0024100
2019-07-24 13:02:50,993 - [INFO] - Epoch:  228 | FVAL: 0.0024080
2019-07-24 13:02:51,892 - [INFO] - Epoch:  229 | FVAL: 0.0024059
2019-07-24 13:02:52,786 - [INFO] - Epoch:  230 | FVAL: 0.0024038
2019-07-24 13:02:53,680 - [INFO] - Epoch:  231 | FVAL: 0.0024018
2019-07-24 13:02:54,572 - [INFO] - Epoch:  232 | FVAL: 0.0023998
2019-07-24 13:02:55,462 - [INFO] - Epoch:  233 | FVAL: 0.0023978
2019-07-24 13:02:56,355 - [INFO] - Epoch:  234 | FVAL: 0.0023958
2019-07-24 13:02:57,248 - [INFO] - Epoch:  235 | FVAL: 0.0023938
2019-07-24 13:02:58,137 - [INFO] - Epoch:  236 | FVAL: 0.0023918
2019-07-24 13:02:59,027 - [INFO] - Epoch:  237 | FVAL: 0.0023898
2019-07-24 13:02:59,918 - [INFO] - Epoch:  238 | FVAL: 0.0023879
2019-07-24 13:03:00,949 - [INFO] - Epoch:  239 | FVAL: 0.0023860
2019-07-24 13:03:01,842 - [INFO] - Epoch:  240 | FVAL: 0.0023841
2019-07-24 13:03:02,736 - [INFO] - Epoch:  241 | FVAL: 0.0023822
2019-07-24 13:03:03,630 - [INFO] - Epoch:  242 | FVAL: 0.0023803
2019-07-24 13:03:04,524 - [INFO] - Epoch:  243 | FVAL: 0.0023785
2019-07-24 13:03:05,418 - [INFO] - Epoch:  244 | FVAL: 0.0023767
2019-07-24 13:03:06,311 - [INFO] - Epoch:  245 | FVAL: 0.0023750
2019-07-24 13:03:07,207 - [INFO] - Epoch:  246 | FVAL: 0.0023732
2019-07-24 13:03:08,102 - [INFO] - Epoch:  247 | FVAL: 0.0023715
2019-07-24 13:03:08,995 - [INFO] - Epoch:  248 | FVAL: 0.0023698
2019-07-24 13:03:09,893 - [INFO] - Epoch:  249 | FVAL: 0.0023681
2019-07-24 13:03:10,790 - [INFO] - Epoch:  250 | FVAL: 0.0023664
2019-07-24 13:03:11,683 - [INFO] - Epoch:  251 | FVAL: 0.0023647
2019-07-24 13:03:12,573 - [INFO] - Epoch:  252 | FVAL: 0.0023630
2019-07-24 13:03:13,463 - [INFO] - Epoch:  253 | FVAL: 0.0023613
2019-07-24 13:03:14,353 - [INFO] - Epoch:  254 | FVAL: 0.0023596
2019-07-24 13:03:15,244 - [INFO] - Epoch:  255 | FVAL: 0.0023579
2019-07-24 13:03:16,135 - [INFO] - Epoch:  256 | FVAL: 0.0023563
2019-07-24 13:03:17,026 - [INFO] - Epoch:  257 | FVAL: 0.0023546
2019-07-24 13:03:17,917 - [INFO] - Epoch:  258 | FVAL: 0.0023529
2019-07-24 13:03:18,812 - [INFO] - Epoch:  259 | FVAL: 0.0023513
2019-07-24 13:03:19,704 - [INFO] - Epoch:  260 | FVAL: 0.0023496
2019-07-24 13:03:20,596 - [INFO] - Epoch:  261 | FVAL: 0.0023480
2019-07-24 13:03:21,489 - [INFO] - Epoch:  262 | FVAL: 0.0023464
2019-07-24 13:03:22,379 - [INFO] - Epoch:  263 | FVAL: 0.0023447
2019-07-24 13:03:23,267 - [INFO] - Epoch:  264 | FVAL: 0.0023431
2019-07-24 13:03:24,158 - [INFO] - Epoch:  265 | FVAL: 0.0023415
2019-07-24 13:03:25,050 - [INFO] - Epoch:  266 | FVAL: 0.0023399
2019-07-24 13:03:25,942 - [INFO] - Epoch:  267 | FVAL: 0.0023383
2019-07-24 13:03:26,834 - [INFO] - Epoch:  268 | FVAL: 0.0023367
2019-07-24 13:03:27,724 - [INFO] - Epoch:  269 | FVAL: 0.0023352
2019-07-24 13:03:28,616 - [INFO] - Epoch:  270 | FVAL: 0.0023336
2019-07-24 13:03:29,504 - [INFO] - Epoch:  271 | FVAL: 0.0023321
2019-07-24 13:03:30,393 - [INFO] - Epoch:  272 | FVAL: 0.0023306
2019-07-24 13:03:31,285 - [INFO] - Epoch:  273 | FVAL: 0.0023290
2019-07-24 13:03:32,179 - [INFO] - Epoch:  274 | FVAL: 0.0023275
2019-07-24 13:03:33,070 - [INFO] - Epoch:  275 | FVAL: 0.0023260
2019-07-24 13:03:33,958 - [INFO] - Epoch:  276 | FVAL: 0.0023244
2019-07-24 13:03:34,849 - [INFO] - Epoch:  277 | FVAL: 0.0023229
2019-07-24 13:03:35,740 - [INFO] - Epoch:  278 | FVAL: 0.0023214
2019-07-24 13:03:36,720 - [INFO] - Epoch:  279 | FVAL: 0.0023199
2019-07-24 13:03:37,609 - [INFO] - Epoch:  280 | FVAL: 0.0023184
2019-07-24 13:03:38,502 - [INFO] - Epoch:  281 | FVAL: 0.0023169
2019-07-24 13:03:39,393 - [INFO] - Epoch:  282 | FVAL: 0.0023154
2019-07-24 13:03:40,287 - [INFO] - Epoch:  283 | FVAL: 0.0023139
2019-07-24 13:03:41,179 - [INFO] - Epoch:  284 | FVAL: 0.0023124
2019-07-24 13:03:42,071 - [INFO] - Epoch:  285 | FVAL: 0.0023109
2019-07-24 13:03:42,963 - [INFO] - Epoch:  286 | FVAL: 0.0023094
2019-07-24 13:03:43,857 - [INFO] - Epoch:  287 | FVAL: 0.0023079
2019-07-24 13:03:44,752 - [INFO] - Epoch:  288 | FVAL: 0.0023064
2019-07-24 13:03:45,647 - [INFO] - Epoch:  289 | FVAL: 0.0023049
2019-07-24 13:03:46,541 - [INFO] - Epoch:  290 | FVAL: 0.0023034
2019-07-24 13:03:47,438 - [INFO] - Epoch:  291 | FVAL: 0.0023019
2019-07-24 13:03:48,333 - [INFO] - Epoch:  292 | FVAL: 0.0023005
2019-07-24 13:03:49,227 - [INFO] - Epoch:  293 | FVAL: 0.0022991
2019-07-24 13:03:50,123 - [INFO] - Epoch:  294 | FVAL: 0.0022977
2019-07-24 13:03:51,012 - [INFO] - Epoch:  295 | FVAL: 0.0022963
2019-07-24 13:03:51,906 - [INFO] - Epoch:  296 | FVAL: 0.0022949
2019-07-24 13:03:52,798 - [INFO] - Epoch:  297 | FVAL: 0.0022935
2019-07-24 13:03:53,692 - [INFO] - Epoch:  298 | FVAL: 0.0022921
2019-07-24 13:03:54,586 - [INFO] - Epoch:  299 | FVAL: 0.0022907
2019-07-24 13:03:55,478 - [INFO] - Epoch:  300 | FVAL: 0.0022893
2019-07-24 13:03:56,461 - [INFO] - Epoch:  301 | FVAL: 0.0022879
2019-07-24 13:03:57,441 - [INFO] - Epoch:  302 | FVAL: 0.0022865
2019-07-24 13:03:58,341 - [INFO] - Epoch:  303 | FVAL: 0.0022851
2019-07-24 13:03:59,234 - [INFO] - Epoch:  304 | FVAL: 0.0022838
2019-07-24 13:04:00,252 - [INFO] - Epoch:  305 | FVAL: 0.0022824
2019-07-24 13:04:01,172 - [INFO] - Epoch:  306 | FVAL: 0.0022810
2019-07-24 13:04:02,071 - [INFO] - Epoch:  307 | FVAL: 0.0022797
2019-07-24 13:04:02,966 - [INFO] - Epoch:  308 | FVAL: 0.0022783
2019-07-24 13:04:03,863 - [INFO] - Epoch:  309 | FVAL: 0.0022770
2019-07-24 13:04:04,765 - [INFO] - Epoch:  310 | FVAL: 0.0022756
2019-07-24 13:04:05,664 - [INFO] - Epoch:  311 | FVAL: 0.0022743
2019-07-24 13:04:06,564 - [INFO] - Epoch:  312 | FVAL: 0.0022729
2019-07-24 13:04:07,460 - [INFO] - Epoch:  313 | FVAL: 0.0022716
2019-07-24 13:04:08,353 - [INFO] - Epoch:  314 | FVAL: 0.0022703
2019-07-24 13:04:09,246 - [INFO] - Epoch:  315 | FVAL: 0.0022690
2019-07-24 13:04:10,138 - [INFO] - Epoch:  316 | FVAL: 0.0022677
2019-07-24 13:04:11,026 - [INFO] - Epoch:  317 | FVAL: 0.0022665
2019-07-24 13:04:11,919 - [INFO] - Epoch:  318 | FVAL: 0.0022652
2019-07-24 13:04:12,812 - [INFO] - Epoch:  319 | FVAL: 0.0022640
2019-07-24 13:04:13,710 - [INFO] - Epoch:  320 | FVAL: 0.0022629
2019-07-24 13:04:14,602 - [INFO] - Epoch:  321 | FVAL: 0.0022617
2019-07-24 13:04:15,496 - [INFO] - Epoch:  322 | FVAL: 0.0022606
2019-07-24 13:04:16,389 - [INFO] - Epoch:  323 | FVAL: 0.0022594
2019-07-24 13:04:17,281 - [INFO] - Epoch:  324 | FVAL: 0.0022583
2019-07-24 13:04:18,176 - [INFO] - Epoch:  325 | FVAL: 0.0022571
2019-07-24 13:04:19,071 - [INFO] - Epoch:  326 | FVAL: 0.0022559
2019-07-24 13:04:19,965 - [INFO] - Epoch:  327 | FVAL: 0.0022548
2019-07-24 13:04:20,861 - [INFO] - Epoch:  328 | FVAL: 0.0022537
2019-07-24 13:04:21,760 - [INFO] - Epoch:  329 | FVAL: 0.0022525
2019-07-24 13:04:22,653 - [INFO] - Epoch:  330 | FVAL: 0.0022514
2019-07-24 13:04:23,547 - [INFO] - Epoch:  331 | FVAL: 0.0022503
2019-07-24 13:04:24,440 - [INFO] - Epoch:  332 | FVAL: 0.0022492
2019-07-24 13:04:25,333 - [INFO] - Epoch:  333 | FVAL: 0.0022481
2019-07-24 13:04:26,226 - [INFO] - Epoch:  334 | FVAL: 0.0022470
2019-07-24 13:04:27,118 - [INFO] - Epoch:  335 | FVAL: 0.0022459
2019-07-24 13:04:28,010 - [INFO] - Epoch:  336 | FVAL: 0.0022448
2019-07-24 13:04:28,905 - [INFO] - Epoch:  337 | FVAL: 0.0022437
2019-07-24 13:04:29,802 - [INFO] - Epoch:  338 | FVAL: 0.0022426
2019-07-24 13:04:30,696 - [INFO] - Epoch:  339 | FVAL: 0.0022415
2019-07-24 13:04:31,590 - [INFO] - Epoch:  340 | FVAL: 0.0022404
2019-07-24 13:04:32,484 - [INFO] - Epoch:  341 | FVAL: 0.0022393
2019-07-24 13:04:33,375 - [INFO] - Epoch:  342 | FVAL: 0.0022383
2019-07-24 13:04:34,269 - [INFO] - Epoch:  343 | FVAL: 0.0022372
2019-07-24 13:04:35,167 - [INFO] - Epoch:  344 | FVAL: 0.0022361
2019-07-24 13:04:36,061 - [INFO] - Epoch:  345 | FVAL: 0.0022350
2019-07-24 13:04:36,957 - [INFO] - Epoch:  346 | FVAL: 0.0022340
2019-07-24 13:04:37,851 - [INFO] - Epoch:  347 | FVAL: 0.0022329
2019-07-24 13:04:38,746 - [INFO] - Epoch:  348 | FVAL: 0.0022318
2019-07-24 13:04:39,647 - [INFO] - Epoch:  349 | FVAL: 0.0022308
2019-07-24 13:04:40,544 - [INFO] - Epoch:  350 | FVAL: 0.0022297
2019-07-24 13:04:41,440 - [INFO] - Epoch:  351 | FVAL: 0.0022287
2019-07-24 13:04:42,334 - [INFO] - Epoch:  352 | FVAL: 0.0022276
2019-07-24 13:04:43,227 - [INFO] - Epoch:  353 | FVAL: 0.0022266
2019-07-24 13:04:44,119 - [INFO] - Epoch:  354 | FVAL: 0.0022255
2019-07-24 13:04:45,014 - [INFO] - Epoch:  355 | FVAL: 0.0022245
2019-07-24 13:04:45,909 - [INFO] - Epoch:  356 | FVAL: 0.0022235
2019-07-24 13:04:46,810 - [INFO] - Epoch:  357 | FVAL: 0.0022224
2019-07-24 13:04:47,707 - [INFO] - Epoch:  358 | FVAL: 0.0022214
2019-07-24 13:04:48,600 - [INFO] - Epoch:  359 | FVAL: 0.0022204
2019-07-24 13:04:49,498 - [INFO] - Epoch:  360 | FVAL: 0.0022193
2019-07-24 13:04:50,394 - [INFO] - Epoch:  361 | FVAL: 0.0022183
2019-07-24 13:04:51,288 - [INFO] - Epoch:  362 | FVAL: 0.0022173
