2019-07-24 12:36:20,197 - [INFO] - csum-- N:44 | d:7129 | lambda:0.001
2019-07-24 12:36:20,198 - [INFO] - Function value sequence convergence criteria.
2019-07-24 12:36:20,198 - [INFO] - Epoch:    0 | FVAL: 0.3465736
2019-07-24 12:36:21,045 - [INFO] - Epoch:    1 | FVAL: 0.3465736
2019-07-24 12:36:21,890 - [INFO] - Epoch:    2 | FVAL: 0.0319681
2019-07-24 12:36:22,732 - [INFO] - Epoch:    3 | FVAL: 0.0296938
2019-07-24 12:36:23,573 - [INFO] - Epoch:    4 | FVAL: 0.0280230
2019-07-24 12:36:24,413 - [INFO] - Epoch:    5 | FVAL: 0.0267183
2019-07-24 12:36:25,250 - [INFO] - Epoch:    6 | FVAL: 0.0256249
2019-07-24 12:36:26,091 - [INFO] - Epoch:    7 | FVAL: 0.0247018
2019-07-24 12:36:26,926 - [INFO] - Epoch:    8 | FVAL: 0.0239018
2019-07-24 12:36:27,765 - [INFO] - Epoch:    9 | FVAL: 0.0231733
2019-07-24 12:36:28,603 - [INFO] - Epoch:   10 | FVAL: 0.0224989
2019-07-24 12:36:29,441 - [INFO] - Epoch:   11 | FVAL: 0.0218909
2019-07-24 12:36:30,278 - [INFO] - Epoch:   12 | FVAL: 0.0213297
2019-07-24 12:36:31,118 - [INFO] - Epoch:   13 | FVAL: 0.0208218
2019-07-24 12:36:31,957 - [INFO] - Epoch:   14 | FVAL: 0.0203645
2019-07-24 12:36:32,796 - [INFO] - Epoch:   15 | FVAL: 0.0199526
2019-07-24 12:36:33,636 - [INFO] - Epoch:   16 | FVAL: 0.0195841
2019-07-24 12:36:34,473 - [INFO] - Epoch:   17 | FVAL: 0.0192450
2019-07-24 12:36:35,310 - [INFO] - Epoch:   18 | FVAL: 0.0189490
2019-07-24 12:36:36,144 - [INFO] - Epoch:   19 | FVAL: 0.0186815
2019-07-24 12:36:36,982 - [INFO] - Epoch:   20 | FVAL: 0.0184324
2019-07-24 12:36:37,820 - [INFO] - Epoch:   21 | FVAL: 0.0181943
2019-07-24 12:36:38,656 - [INFO] - Epoch:   22 | FVAL: 0.0179705
2019-07-24 12:36:39,492 - [INFO] - Epoch:   23 | FVAL: 0.0177607
2019-07-24 12:36:40,329 - [INFO] - Epoch:   24 | FVAL: 0.0175615
2019-07-24 12:36:41,165 - [INFO] - Epoch:   25 | FVAL: 0.0173803
2019-07-24 12:36:42,003 - [INFO] - Epoch:   26 | FVAL: 0.0172251
2019-07-24 12:36:42,838 - [INFO] - Epoch:   27 | FVAL: 0.0170810
2019-07-24 12:36:43,674 - [INFO] - Epoch:   28 | FVAL: 0.0169434
2019-07-24 12:36:44,510 - [INFO] - Epoch:   29 | FVAL: 0.0168136
2019-07-24 12:36:45,346 - [INFO] - Epoch:   30 | FVAL: 0.0166874
2019-07-24 12:36:46,184 - [INFO] - Epoch:   31 | FVAL: 0.0165695
2019-07-24 12:36:47,025 - [INFO] - Epoch:   32 | FVAL: 0.0164539
2019-07-24 12:36:47,867 - [INFO] - Epoch:   33 | FVAL: 0.0163530
2019-07-24 12:36:48,708 - [INFO] - Epoch:   34 | FVAL: 0.0162585
2019-07-24 12:36:49,550 - [INFO] - Epoch:   35 | FVAL: 0.0161691
2019-07-24 12:36:50,393 - [INFO] - Epoch:   36 | FVAL: 0.0160848
2019-07-24 12:36:51,231 - [INFO] - Epoch:   37 | FVAL: 0.0160030
2019-07-24 12:36:52,072 - [INFO] - Epoch:   38 | FVAL: 0.0159248
2019-07-24 12:36:52,909 - [INFO] - Epoch:   39 | FVAL: 0.0158482
2019-07-24 12:36:53,749 - [INFO] - Epoch:   40 | FVAL: 0.0157739
2019-07-24 12:36:54,588 - [INFO] - Epoch:   41 | FVAL: 0.0157067
2019-07-24 12:36:55,429 - [INFO] - Epoch:   42 | FVAL: 0.0156436
2019-07-24 12:36:56,277 - [INFO] - Epoch:   43 | FVAL: 0.0155818
2019-07-24 12:36:57,119 - [INFO] - Epoch:   44 | FVAL: 0.0155212
2019-07-24 12:36:57,959 - [INFO] - Epoch:   45 | FVAL: 0.0154614
2019-07-24 12:36:58,799 - [INFO] - Epoch:   46 | FVAL: 0.0154019
2019-07-24 12:36:59,642 - [INFO] - Epoch:   47 | FVAL: 0.0153494
2019-07-24 12:37:00,644 - [INFO] - Epoch:   48 | FVAL: 0.0153011
2019-07-24 12:37:01,481 - [INFO] - Epoch:   49 | FVAL: 0.0152549
2019-07-24 12:37:02,321 - [INFO] - Epoch:   50 | FVAL: 0.0152129
2019-07-24 12:37:03,156 - [INFO] - Epoch:   51 | FVAL: 0.0151724
2019-07-24 12:37:03,992 - [INFO] - Epoch:   52 | FVAL: 0.0151365
2019-07-24 12:37:04,829 - [INFO] - Epoch:   53 | FVAL: 0.0151012
2019-07-24 12:37:05,667 - [INFO] - Epoch:   54 | FVAL: 0.0150664
2019-07-24 12:37:06,505 - [INFO] - Epoch:   55 | FVAL: 0.0150320
2019-07-24 12:37:07,344 - [INFO] - Epoch:   56 | FVAL: 0.0149978
2019-07-24 12:37:08,184 - [INFO] - Epoch:   57 | FVAL: 0.0149638
2019-07-24 12:37:09,026 - [INFO] - Epoch:   58 | FVAL: 0.0149303
2019-07-24 12:37:09,865 - [INFO] - Epoch:   59 | FVAL: 0.0148973
2019-07-24 12:37:10,705 - [INFO] - Epoch:   60 | FVAL: 0.0148651
2019-07-24 12:37:11,545 - [INFO] - Epoch:   61 | FVAL: 0.0148339
2019-07-24 12:37:12,385 - [INFO] - Epoch:   62 | FVAL: 0.0148028
2019-07-24 12:37:13,225 - [INFO] - Epoch:   63 | FVAL: 0.0147721
2019-07-24 12:37:14,064 - [INFO] - Epoch:   64 | FVAL: 0.0147425
2019-07-24 12:37:14,904 - [INFO] - Epoch:   65 | FVAL: 0.0147138
2019-07-24 12:37:15,745 - [INFO] - Epoch:   66 | FVAL: 0.0146870
2019-07-24 12:37:16,586 - [INFO] - Epoch:   67 | FVAL: 0.0146639
2019-07-24 12:37:17,430 - [INFO] - Epoch:   68 | FVAL: 0.0146408
2019-07-24 12:37:18,270 - [INFO] - Epoch:   69 | FVAL: 0.0146183
2019-07-24 12:37:19,114 - [INFO] - Epoch:   70 | FVAL: 0.0145962
2019-07-24 12:37:19,954 - [INFO] - Epoch:   71 | FVAL: 0.0145742
2019-07-24 12:37:20,794 - [INFO] - Epoch:   72 | FVAL: 0.0145525
2019-07-24 12:37:21,634 - [INFO] - Epoch:   73 | FVAL: 0.0145316
2019-07-24 12:37:22,474 - [INFO] - Epoch:   74 | FVAL: 0.0145129
2019-07-24 12:37:23,313 - [INFO] - Epoch:   75 | FVAL: 0.0144946
2019-07-24 12:37:24,153 - [INFO] - Epoch:   76 | FVAL: 0.0144769
2019-07-24 12:37:24,997 - [INFO] - Epoch:   77 | FVAL: 0.0144597
2019-07-24 12:37:25,843 - [INFO] - Epoch:   78 | FVAL: 0.0144427
2019-07-24 12:37:26,679 - [INFO] - Epoch:   79 | FVAL: 0.0144259
2019-07-24 12:37:27,516 - [INFO] - Epoch:   80 | FVAL: 0.0144092
2019-07-24 12:37:28,355 - [INFO] - Epoch:   81 | FVAL: 0.0143933
2019-07-24 12:37:29,194 - [INFO] - Epoch:   82 | FVAL: 0.0143777
2019-07-24 12:37:30,034 - [INFO] - Epoch:   83 | FVAL: 0.0143622
2019-07-24 12:37:30,874 - [INFO] - Epoch:   84 | FVAL: 0.0143467
2019-07-24 12:37:31,713 - [INFO] - Epoch:   85 | FVAL: 0.0143325
2019-07-24 12:37:32,555 - [INFO] - Epoch:   86 | FVAL: 0.0143186
2019-07-24 12:37:33,394 - [INFO] - Epoch:   87 | FVAL: 0.0143047
2019-07-24 12:37:34,233 - [INFO] - Epoch:   88 | FVAL: 0.0142910
2019-07-24 12:37:35,073 - [INFO] - Epoch:   89 | FVAL: 0.0142788
2019-07-24 12:37:35,915 - [INFO] - Epoch:   90 | FVAL: 0.0142668
2019-07-24 12:37:36,751 - [INFO] - Epoch:   91 | FVAL: 0.0142554
2019-07-24 12:37:37,588 - [INFO] - Epoch:   92 | FVAL: 0.0142441
2019-07-24 12:37:38,427 - [INFO] - Epoch:   93 | FVAL: 0.0142329
2019-07-24 12:37:39,269 - [INFO] - Epoch:   94 | FVAL: 0.0142218
2019-07-24 12:37:40,108 - [INFO] - Epoch:   95 | FVAL: 0.0142109
2019-07-24 12:37:40,946 - [INFO] - Epoch:   96 | FVAL: 0.0142002
2019-07-24 12:37:41,785 - [INFO] - Epoch:   97 | FVAL: 0.0141903
2019-07-24 12:37:42,628 - [INFO] - Epoch:   98 | FVAL: 0.0141811
2019-07-24 12:37:43,466 - [INFO] - Epoch:   99 | FVAL: 0.0141719
2019-07-24 12:37:44,305 - [INFO] - Epoch:  100 | FVAL: 0.0141630
2019-07-24 12:37:45,142 - [INFO] - Epoch:  101 | FVAL: 0.0141543
2019-07-24 12:37:45,979 - [INFO] - Epoch:  102 | FVAL: 0.0141456
2019-07-24 12:37:46,819 - [INFO] - Epoch:  103 | FVAL: 0.0141373
2019-07-24 12:37:47,655 - [INFO] - Epoch:  104 | FVAL: 0.0141289
2019-07-24 12:37:48,492 - [INFO] - Epoch:  105 | FVAL: 0.0141207
2019-07-24 12:37:49,331 - [INFO] - Epoch:  106 | FVAL: 0.0141125
2019-07-24 12:37:50,170 - [INFO] - Epoch:  107 | FVAL: 0.0141043
2019-07-24 12:37:51,010 - [INFO] - Epoch:  108 | FVAL: 0.0140963
2019-07-24 12:37:51,849 - [INFO] - Epoch:  109 | FVAL: 0.0140884
2019-07-24 12:37:52,689 - [INFO] - Epoch:  110 | FVAL: 0.0140806
2019-07-24 12:37:53,527 - [INFO] - Epoch:  111 | FVAL: 0.0140728
2019-07-24 12:37:54,367 - [INFO] - Epoch:  112 | FVAL: 0.0140652
2019-07-24 12:37:55,203 - [INFO] - Epoch:  113 | FVAL: 0.0140576
2019-07-24 12:37:56,041 - [INFO] - Epoch:  114 | FVAL: 0.0140501
2019-07-24 12:37:56,887 - [INFO] - Epoch:  115 | FVAL: 0.0140427
2019-07-24 12:37:57,723 - [INFO] - Epoch:  116 | FVAL: 0.0140356
2019-07-24 12:37:58,559 - [INFO] - Epoch:  117 | FVAL: 0.0140285
2019-07-24 12:37:59,398 - [INFO] - Epoch:  118 | FVAL: 0.0140215
2019-07-24 12:38:00,461 - [INFO] - Epoch:  119 | FVAL: 0.0140145
2019-07-24 12:38:01,301 - [INFO] - Epoch:  120 | FVAL: 0.0140075
2019-07-24 12:38:02,142 - [INFO] - Epoch:  121 | FVAL: 0.0140006
2019-07-24 12:38:02,979 - [INFO] - Epoch:  122 | FVAL: 0.0139937
2019-07-24 12:38:03,819 - [INFO] - Epoch:  123 | FVAL: 0.0139869
2019-07-24 12:38:04,663 - [INFO] - Epoch:  124 | FVAL: 0.0139801
2019-07-24 12:38:05,502 - [INFO] - Epoch:  125 | FVAL: 0.0139734
2019-07-24 12:38:06,340 - [INFO] - Epoch:  126 | FVAL: 0.0139667
2019-07-24 12:38:07,178 - [INFO] - Epoch:  127 | FVAL: 0.0139602
2019-07-24 12:38:08,015 - [INFO] - Epoch:  128 | FVAL: 0.0139538
2019-07-24 12:38:08,848 - [INFO] - Epoch:  129 | FVAL: 0.0139475
2019-07-24 12:38:09,683 - [INFO] - Epoch:  130 | FVAL: 0.0139414
2019-07-24 12:38:10,517 - [INFO] - Epoch:  131 | FVAL: 0.0139357
2019-07-24 12:38:11,354 - [INFO] - Epoch:  132 | FVAL: 0.0139299
2019-07-24 12:38:12,189 - [INFO] - Epoch:  133 | FVAL: 0.0139242
2019-07-24 12:38:13,025 - [INFO] - Epoch:  134 | FVAL: 0.0139185
2019-07-24 12:38:13,860 - [INFO] - Epoch:  135 | FVAL: 0.0139128
2019-07-24 12:38:14,695 - [INFO] - Epoch:  136 | FVAL: 0.0139072
2019-07-24 12:38:15,531 - [INFO] - Epoch:  137 | FVAL: 0.0139016
2019-07-24 12:38:16,367 - [INFO] - Epoch:  138 | FVAL: 0.0138961
2019-07-24 12:38:17,204 - [INFO] - Epoch:  139 | FVAL: 0.0138907
2019-07-24 12:38:18,039 - [INFO] - Epoch:  140 | FVAL: 0.0138853
2019-07-24 12:38:18,873 - [INFO] - Epoch:  141 | FVAL: 0.0138801
2019-07-24 12:38:19,711 - [INFO] - Epoch:  142 | FVAL: 0.0138748
2019-07-24 12:38:20,550 - [INFO] - Epoch:  143 | FVAL: 0.0138696
2019-07-24 12:38:21,388 - [INFO] - Epoch:  144 | FVAL: 0.0138644
2019-07-24 12:38:22,220 - [INFO] - Epoch:  145 | FVAL: 0.0138592
2019-07-24 12:38:23,059 - [INFO] - Epoch:  146 | FVAL: 0.0138541
2019-07-24 12:38:23,893 - [INFO] - Epoch:  147 | FVAL: 0.0138490
2019-07-24 12:38:24,730 - [INFO] - Epoch:  148 | FVAL: 0.0138440
2019-07-24 12:38:25,565 - [INFO] - Epoch:  149 | FVAL: 0.0138390
2019-07-24 12:38:26,403 - [INFO] - Epoch:  150 | FVAL: 0.0138340
2019-07-24 12:38:27,239 - [INFO] - Epoch:  151 | FVAL: 0.0138290
2019-07-24 12:38:28,077 - [INFO] - Epoch:  152 | FVAL: 0.0138240
2019-07-24 12:38:28,913 - [INFO] - Epoch:  153 | FVAL: 0.0138191
2019-07-24 12:38:29,748 - [INFO] - Epoch:  154 | FVAL: 0.0138142
2019-07-24 12:38:30,586 - [INFO] - Epoch:  155 | FVAL: 0.0138093
2019-07-24 12:38:31,423 - [INFO] - Epoch:  156 | FVAL: 0.0138044
2019-07-24 12:38:32,257 - [INFO] - Epoch:  157 | FVAL: 0.0137996
2019-07-24 12:38:33,095 - [INFO] - Epoch:  158 | FVAL: 0.0137948
2019-07-24 12:38:33,932 - [INFO] - Epoch:  159 | FVAL: 0.0137901
2019-07-24 12:38:34,768 - [INFO] - Epoch:  160 | FVAL: 0.0137855
2019-07-24 12:38:35,602 - [INFO] - Epoch:  161 | FVAL: 0.0137809
2019-07-24 12:38:36,439 - [INFO] - Epoch:  162 | FVAL: 0.0137764
2019-07-24 12:38:37,278 - [INFO] - Epoch:  163 | FVAL: 0.0137718
2019-07-24 12:38:38,116 - [INFO] - Epoch:  164 | FVAL: 0.0137673
2019-07-24 12:38:38,952 - [INFO] - Epoch:  165 | FVAL: 0.0137628
2019-07-24 12:38:39,793 - [INFO] - Epoch:  166 | FVAL: 0.0137583
2019-07-24 12:38:40,630 - [INFO] - Epoch:  167 | FVAL: 0.0137538
2019-07-24 12:38:41,466 - [INFO] - Epoch:  168 | FVAL: 0.0137493
2019-07-24 12:38:42,302 - [INFO] - Epoch:  169 | FVAL: 0.0137448
2019-07-24 12:38:43,139 - [INFO] - Epoch:  170 | FVAL: 0.0137403
2019-07-24 12:38:43,978 - [INFO] - Epoch:  171 | FVAL: 0.0137359
2019-07-24 12:38:44,814 - [INFO] - Epoch:  172 | FVAL: 0.0137314
2019-07-24 12:38:45,654 - [INFO] - Epoch:  173 | FVAL: 0.0137270
2019-07-24 12:38:46,496 - [INFO] - Epoch:  174 | FVAL: 0.0137227
2019-07-24 12:38:47,335 - [INFO] - Epoch:  175 | FVAL: 0.0137184
2019-07-24 12:38:48,172 - [INFO] - Epoch:  176 | FVAL: 0.0137142
2019-07-24 12:38:49,007 - [INFO] - Epoch:  177 | FVAL: 0.0137100
2019-07-24 12:38:49,846 - [INFO] - Epoch:  178 | FVAL: 0.0137058
2019-07-24 12:38:50,684 - [INFO] - Epoch:  179 | FVAL: 0.0137016
2019-07-24 12:38:51,521 - [INFO] - Epoch:  180 | FVAL: 0.0136975
2019-07-24 12:38:52,356 - [INFO] - Epoch:  181 | FVAL: 0.0136935
2019-07-24 12:38:53,192 - [INFO] - Epoch:  182 | FVAL: 0.0136896
2019-07-24 12:38:54,031 - [INFO] - Epoch:  183 | FVAL: 0.0136856
2019-07-24 12:38:54,868 - [INFO] - Epoch:  184 | FVAL: 0.0136817
2019-07-24 12:38:55,705 - [INFO] - Epoch:  185 | FVAL: 0.0136778
2019-07-24 12:38:56,547 - [INFO] - Epoch:  186 | FVAL: 0.0136739
2019-07-24 12:38:57,385 - [INFO] - Epoch:  187 | FVAL: 0.0136701
2019-07-24 12:38:58,223 - [INFO] - Epoch:  188 | FVAL: 0.0136662
2019-07-24 12:38:59,061 - [INFO] - Epoch:  189 | FVAL: 0.0136624
2019-07-24 12:38:59,898 - [INFO] - Epoch:  190 | FVAL: 0.0136587
2019-07-24 12:39:00,915 - [INFO] - Epoch:  191 | FVAL: 0.0136549
2019-07-24 12:39:01,756 - [INFO] - Epoch:  192 | FVAL: 0.0136512
2019-07-24 12:39:02,594 - [INFO] - Epoch:  193 | FVAL: 0.0136475
2019-07-24 12:39:03,435 - [INFO] - Epoch:  194 | FVAL: 0.0136438
2019-07-24 12:39:04,274 - [INFO] - Epoch:  195 | FVAL: 0.0136402
2019-07-24 12:39:05,109 - [INFO] - Epoch:  196 | FVAL: 0.0136365
2019-07-24 12:39:05,946 - [INFO] - Epoch:  197 | FVAL: 0.0136328
2019-07-24 12:39:06,780 - [INFO] - Epoch:  198 | FVAL: 0.0136292
2019-07-24 12:39:07,624 - [INFO] - Epoch:  199 | FVAL: 0.0136258
2019-07-24 12:39:08,463 - [INFO] - Epoch:  200 | FVAL: 0.0136228
2019-07-24 12:39:09,303 - [INFO] - Epoch:  201 | FVAL: 0.0136198
2019-07-24 12:39:10,146 - [INFO] - Epoch:  202 | FVAL: 0.0136169
2019-07-24 12:39:10,988 - [INFO] - Epoch:  203 | FVAL: 0.0136140
2019-07-24 12:39:11,829 - [INFO] - Epoch:  204 | FVAL: 0.0136110
2019-07-24 12:39:12,668 - [INFO] - Epoch:  205 | FVAL: 0.0136081
2019-07-24 12:39:13,509 - [INFO] - Epoch:  206 | FVAL: 0.0136052
2019-07-24 12:39:14,344 - [INFO] - Epoch:  207 | FVAL: 0.0136024
2019-07-24 12:39:15,181 - [INFO] - Epoch:  208 | FVAL: 0.0135995
2019-07-24 12:39:16,016 - [INFO] - Epoch:  209 | FVAL: 0.0135967
2019-07-24 12:39:16,852 - [INFO] - Epoch:  210 | FVAL: 0.0135939
2019-07-24 12:39:17,689 - [INFO] - Epoch:  211 | FVAL: 0.0135912
2019-07-24 12:39:18,524 - [INFO] - Epoch:  212 | FVAL: 0.0135885
2019-07-24 12:39:19,359 - [INFO] - Epoch:  213 | FVAL: 0.0135858
2019-07-24 12:39:20,196 - [INFO] - Epoch:  214 | FVAL: 0.0135831
2019-07-24 12:39:21,034 - [INFO] - Epoch:  215 | FVAL: 0.0135805
2019-07-24 12:39:21,873 - [INFO] - Epoch:  216 | FVAL: 0.0135779
2019-07-24 12:39:22,710 - [INFO] - Epoch:  217 | FVAL: 0.0135753
2019-07-24 12:39:23,548 - [INFO] - Epoch:  218 | FVAL: 0.0135727
2019-07-24 12:39:24,388 - [INFO] - Epoch:  219 | FVAL: 0.0135701
2019-07-24 12:39:25,227 - [INFO] - Epoch:  220 | FVAL: 0.0135676
2019-07-24 12:39:26,066 - [INFO] - Epoch:  221 | FVAL: 0.0135650
2019-07-24 12:39:26,904 - [INFO] - Epoch:  222 | FVAL: 0.0135625
2019-07-24 12:39:27,744 - [INFO] - Epoch:  223 | FVAL: 0.0135600
2019-07-24 12:39:28,587 - [INFO] - Epoch:  224 | FVAL: 0.0135576
2019-07-24 12:39:29,422 - [INFO] - Epoch:  225 | FVAL: 0.0135552
2019-07-24 12:39:30,260 - [INFO] - Epoch:  226 | FVAL: 0.0135528
2019-07-24 12:39:31,099 - [INFO] - Epoch:  227 | FVAL: 0.0135505
2019-07-24 12:39:31,935 - [INFO] - Epoch:  228 | FVAL: 0.0135481
2019-07-24 12:39:32,772 - [INFO] - Epoch:  229 | FVAL: 0.0135458
2019-07-24 12:39:33,607 - [INFO] - Epoch:  230 | FVAL: 0.0135435
2019-07-24 12:39:34,443 - [INFO] - Epoch:  231 | FVAL: 0.0135412
2019-07-24 12:39:35,279 - [INFO] - Epoch:  232 | FVAL: 0.0135390
2019-07-24 12:39:36,114 - [INFO] - Epoch:  233 | FVAL: 0.0135367
2019-07-24 12:39:36,952 - [INFO] - Epoch:  234 | FVAL: 0.0135345
2019-07-24 12:39:37,787 - [INFO] - Epoch:  235 | FVAL: 0.0135322
2019-07-24 12:39:38,620 - [INFO] - Epoch:  236 | FVAL: 0.0135300
2019-07-24 12:39:39,455 - [INFO] - Epoch:  237 | FVAL: 0.0135278
2019-07-24 12:39:40,288 - [INFO] - Epoch:  238 | FVAL: 0.0135256
2019-07-24 12:39:41,123 - [INFO] - Epoch:  239 | FVAL: 0.0135234
2019-07-24 12:39:41,961 - [INFO] - Epoch:  240 | FVAL: 0.0135212
2019-07-24 12:39:42,794 - [INFO] - Epoch:  241 | FVAL: 0.0135190
2019-07-24 12:39:43,628 - [INFO] - Epoch:  242 | FVAL: 0.0135168
2019-07-24 12:39:44,464 - [INFO] - Epoch:  243 | FVAL: 0.0135147
2019-07-24 12:39:45,302 - [INFO] - Epoch:  244 | FVAL: 0.0135125
2019-07-24 12:39:46,138 - [INFO] - Epoch:  245 | FVAL: 0.0135103
2019-07-24 12:39:46,974 - [INFO] - Epoch:  246 | FVAL: 0.0135082
2019-07-24 12:39:47,809 - [INFO] - Epoch:  247 | FVAL: 0.0135061
2019-07-24 12:39:48,644 - [INFO] - Epoch:  248 | FVAL: 0.0135041
2019-07-24 12:39:49,480 - [INFO] - Epoch:  249 | FVAL: 0.0135020
2019-07-24 12:39:50,319 - [INFO] - Epoch:  250 | FVAL: 0.0134999
2019-07-24 12:39:51,156 - [INFO] - Epoch:  251 | FVAL: 0.0134978
2019-07-24 12:39:51,990 - [INFO] - Epoch:  252 | FVAL: 0.0134958
2019-07-24 12:39:52,825 - [INFO] - Epoch:  253 | FVAL: 0.0134938
2019-07-24 12:39:53,665 - [INFO] - Epoch:  254 | FVAL: 0.0134918
2019-07-24 12:39:54,499 - [INFO] - Epoch:  255 | FVAL: 0.0134898
2019-07-24 12:39:55,331 - [INFO] - Epoch:  256 | FVAL: 0.0134879
2019-07-24 12:39:56,167 - [INFO] - Epoch:  257 | FVAL: 0.0134859
2019-07-24 12:39:57,003 - [INFO] - Epoch:  258 | FVAL: 0.0134839
2019-07-24 12:39:57,839 - [INFO] - Epoch:  259 | FVAL: 0.0134820
2019-07-24 12:39:58,674 - [INFO] - Epoch:  260 | FVAL: 0.0134801
2019-07-24 12:39:59,514 - [INFO] - Epoch:  261 | FVAL: 0.0134781
2019-07-24 12:40:00,586 - [INFO] - Epoch:  262 | FVAL: 0.0134762
2019-07-24 12:40:01,419 - [INFO] - Epoch:  263 | FVAL: 0.0134743
2019-07-24 12:40:02,257 - [INFO] - Epoch:  264 | FVAL: 0.0134725
2019-07-24 12:40:03,093 - [INFO] - Epoch:  265 | FVAL: 0.0134706
2019-07-24 12:40:03,929 - [INFO] - Epoch:  266 | FVAL: 0.0134688
2019-07-24 12:40:04,767 - [INFO] - Epoch:  267 | FVAL: 0.0134670
2019-07-24 12:40:05,604 - [INFO] - Epoch:  268 | FVAL: 0.0134652
2019-07-24 12:40:06,443 - [INFO] - Epoch:  269 | FVAL: 0.0134633
2019-07-24 12:40:07,281 - [INFO] - Epoch:  270 | FVAL: 0.0134615
2019-07-24 12:40:08,117 - [INFO] - Epoch:  271 | FVAL: 0.0134597
2019-07-24 12:40:08,951 - [INFO] - Epoch:  272 | FVAL: 0.0134579
2019-07-24 12:40:09,791 - [INFO] - Epoch:  273 | FVAL: 0.0134561
2019-07-24 12:40:10,728 - [INFO] - Epoch:  274 | FVAL: 0.0134543
2019-07-24 12:40:11,566 - [INFO] - Epoch:  275 | FVAL: 0.0134525
2019-07-24 12:40:12,401 - [INFO] - Epoch:  276 | FVAL: 0.0134508
2019-07-24 12:40:13,236 - [INFO] - Epoch:  277 | FVAL: 0.0134490
2019-07-24 12:40:14,073 - [INFO] - Epoch:  278 | FVAL: 0.0134472
2019-07-24 12:40:14,909 - [INFO] - Epoch:  279 | FVAL: 0.0134454
2019-07-24 12:40:15,745 - [INFO] - Epoch:  280 | FVAL: 0.0134437
2019-07-24 12:40:16,582 - [INFO] - Epoch:  281 | FVAL: 0.0134419
2019-07-24 12:40:17,422 - [INFO] - Epoch:  282 | FVAL: 0.0134402
2019-07-24 12:40:18,256 - [INFO] - Epoch:  283 | FVAL: 0.0134384
2019-07-24 12:40:19,093 - [INFO] - Epoch:  284 | FVAL: 0.0134367
2019-07-24 12:40:19,928 - [INFO] - Epoch:  285 | FVAL: 0.0134349
2019-07-24 12:40:20,770 - [INFO] - Epoch:  286 | FVAL: 0.0134332
2019-07-24 12:40:21,604 - [INFO] - Epoch:  287 | FVAL: 0.0134315
2019-07-24 12:40:22,441 - [INFO] - Epoch:  288 | FVAL: 0.0134297
2019-07-24 12:40:23,281 - [INFO] - Epoch:  289 | FVAL: 0.0134280
2019-07-24 12:40:24,121 - [INFO] - Epoch:  290 | FVAL: 0.0134263
2019-07-24 12:40:24,959 - [INFO] - Epoch:  291 | FVAL: 0.0134246
2019-07-24 12:40:25,793 - [INFO] - Epoch:  292 | FVAL: 0.0134228
2019-07-24 12:40:26,629 - [INFO] - Epoch:  293 | FVAL: 0.0134211
2019-07-24 12:40:27,467 - [INFO] - Epoch:  294 | FVAL: 0.0134194
2019-07-24 12:40:28,303 - [INFO] - Epoch:  295 | FVAL: 0.0134177
2019-07-24 12:40:29,140 - [INFO] - Epoch:  296 | FVAL: 0.0134160
2019-07-24 12:40:29,975 - [INFO] - Epoch:  297 | FVAL: 0.0134143
2019-07-24 12:40:30,810 - [INFO] - Epoch:  298 | FVAL: 0.0134126
2019-07-24 12:40:31,644 - [INFO] - Epoch:  299 | FVAL: 0.0134109
2019-07-24 12:40:32,480 - [INFO] - Epoch:  300 | FVAL: 0.0134093
2019-07-24 12:40:33,315 - [INFO] - Epoch:  301 | FVAL: 0.0134076
2019-07-24 12:40:34,150 - [INFO] - Epoch:  302 | FVAL: 0.0134063
2019-07-24 12:40:34,990 - [INFO] - Epoch:  303 | FVAL: 0.0134051
2019-07-24 12:40:35,825 - [INFO] - Epoch:  304 | FVAL: 0.0134039
2019-07-24 12:40:36,659 - [INFO] - Epoch:  305 | FVAL: 0.0134027
2019-07-24 12:40:37,588 - [INFO] - Epoch:  306 | FVAL: 0.0134015
2019-07-24 12:40:38,426 - [INFO] - Epoch:  307 | FVAL: 0.0134003
2019-07-24 12:40:39,264 - [INFO] - Epoch:  308 | FVAL: 0.0133991
2019-07-24 12:40:40,097 - [INFO] - Epoch:  309 | FVAL: 0.0133979
2019-07-24 12:40:40,934 - [INFO] - Epoch:  310 | FVAL: 0.0133967
2019-07-24 12:40:41,770 - [INFO] - Epoch:  311 | FVAL: 0.0133956
2019-07-24 12:40:42,606 - [INFO] - Epoch:  312 | FVAL: 0.0133945
2019-07-24 12:40:43,446 - [INFO] - Epoch:  313 | FVAL: 0.0133934
2019-07-24 12:40:44,283 - [INFO] - Epoch:  314 | FVAL: 0.0133924
2019-07-24 12:40:45,118 - [INFO] - Epoch:  315 | FVAL: 0.0133913
2019-07-24 12:40:45,951 - [INFO] - Epoch:  316 | FVAL: 0.0133902
2019-07-24 12:40:46,787 - [INFO] - Epoch:  317 | FVAL: 0.0133892
2019-07-24 12:40:47,629 - [INFO] - Epoch:  318 | FVAL: 0.0133881
2019-07-24 12:40:48,465 - [INFO] - Epoch:  319 | FVAL: 0.0133870
2019-07-24 12:40:49,303 - [INFO] - Epoch:  320 | FVAL: 0.0133860
2019-07-24 12:40:50,140 - [INFO] - Epoch:  321 | FVAL: 0.0133849
