2019-07-24 12:30:57,342 - [INFO] - rcsum-- N:44 | d:7129 | lambda:0.001
2019-07-24 12:30:57,343 - [INFO] - Function value sequence convergence criteria.
2019-07-24 12:30:57,343 - [INFO] - Epoch:    0 | FVAL: 0.3465736
2019-07-24 12:30:58,190 - [INFO] - Epoch:    1 | FVAL: 0.0297786
2019-07-24 12:30:59,029 - [INFO] - Epoch:    2 | FVAL: 0.0277335
2019-07-24 12:30:59,866 - [INFO] - Epoch:    3 | FVAL: 0.0263103
2019-07-24 12:31:00,842 - [INFO] - Epoch:    4 | FVAL: 0.0251845
2019-07-24 12:31:01,683 - [INFO] - Epoch:    5 | FVAL: 0.0242352
2019-07-24 12:31:02,523 - [INFO] - Epoch:    6 | FVAL: 0.0234492
2019-07-24 12:31:03,364 - [INFO] - Epoch:    7 | FVAL: 0.0227784
2019-07-24 12:31:04,203 - [INFO] - Epoch:    8 | FVAL: 0.0221920
2019-07-24 12:31:05,040 - [INFO] - Epoch:    9 | FVAL: 0.0216763
2019-07-24 12:31:05,876 - [INFO] - Epoch:   10 | FVAL: 0.0212144
2019-07-24 12:31:06,715 - [INFO] - Epoch:   11 | FVAL: 0.0207977
2019-07-24 12:31:07,554 - [INFO] - Epoch:   12 | FVAL: 0.0204132
2019-07-24 12:31:08,394 - [INFO] - Epoch:   13 | FVAL: 0.0200590
2019-07-24 12:31:09,235 - [INFO] - Epoch:   14 | FVAL: 0.0197401
2019-07-24 12:31:10,073 - [INFO] - Epoch:   15 | FVAL: 0.0194529
2019-07-24 12:31:10,912 - [INFO] - Epoch:   16 | FVAL: 0.0191949
2019-07-24 12:31:11,751 - [INFO] - Epoch:   17 | FVAL: 0.0189576
2019-07-24 12:31:12,589 - [INFO] - Epoch:   18 | FVAL: 0.0187346
2019-07-24 12:31:13,425 - [INFO] - Epoch:   19 | FVAL: 0.0185189
2019-07-24 12:31:14,264 - [INFO] - Epoch:   20 | FVAL: 0.0183160
2019-07-24 12:31:15,100 - [INFO] - Epoch:   21 | FVAL: 0.0181203
2019-07-24 12:31:15,936 - [INFO] - Epoch:   22 | FVAL: 0.0179318
2019-07-24 12:31:16,773 - [INFO] - Epoch:   23 | FVAL: 0.0177566
2019-07-24 12:31:17,611 - [INFO] - Epoch:   24 | FVAL: 0.0175860
2019-07-24 12:31:18,450 - [INFO] - Epoch:   25 | FVAL: 0.0174282
2019-07-24 12:31:19,290 - [INFO] - Epoch:   26 | FVAL: 0.0172907
2019-07-24 12:31:20,128 - [INFO] - Epoch:   27 | FVAL: 0.0171589
2019-07-24 12:31:20,969 - [INFO] - Epoch:   28 | FVAL: 0.0170344
2019-07-24 12:31:21,807 - [INFO] - Epoch:   29 | FVAL: 0.0169122
2019-07-24 12:31:22,650 - [INFO] - Epoch:   30 | FVAL: 0.0168009
2019-07-24 12:31:23,489 - [INFO] - Epoch:   31 | FVAL: 0.0166996
2019-07-24 12:31:24,329 - [INFO] - Epoch:   32 | FVAL: 0.0166032
2019-07-24 12:31:25,168 - [INFO] - Epoch:   33 | FVAL: 0.0165137
2019-07-24 12:31:26,009 - [INFO] - Epoch:   34 | FVAL: 0.0164313
2019-07-24 12:31:26,849 - [INFO] - Epoch:   35 | FVAL: 0.0163523
2019-07-24 12:31:27,683 - [INFO] - Epoch:   36 | FVAL: 0.0162768
2019-07-24 12:31:28,517 - [INFO] - Epoch:   37 | FVAL: 0.0162025
2019-07-24 12:31:29,354 - [INFO] - Epoch:   38 | FVAL: 0.0161293
2019-07-24 12:31:30,191 - [INFO] - Epoch:   39 | FVAL: 0.0160578
2019-07-24 12:31:31,030 - [INFO] - Epoch:   40 | FVAL: 0.0159875
2019-07-24 12:31:31,869 - [INFO] - Epoch:   41 | FVAL: 0.0159215
2019-07-24 12:31:32,711 - [INFO] - Epoch:   42 | FVAL: 0.0158574
2019-07-24 12:31:33,552 - [INFO] - Epoch:   43 | FVAL: 0.0157979
2019-07-24 12:31:34,387 - [INFO] - Epoch:   44 | FVAL: 0.0157391
2019-07-24 12:31:35,226 - [INFO] - Epoch:   45 | FVAL: 0.0156812
2019-07-24 12:31:36,063 - [INFO] - Epoch:   46 | FVAL: 0.0156240
2019-07-24 12:31:36,899 - [INFO] - Epoch:   47 | FVAL: 0.0155678
2019-07-24 12:31:37,739 - [INFO] - Epoch:   48 | FVAL: 0.0155124
2019-07-24 12:31:38,577 - [INFO] - Epoch:   49 | FVAL: 0.0154615
2019-07-24 12:31:39,415 - [INFO] - Epoch:   50 | FVAL: 0.0154153
2019-07-24 12:31:40,252 - [INFO] - Epoch:   51 | FVAL: 0.0153715
2019-07-24 12:31:41,089 - [INFO] - Epoch:   52 | FVAL: 0.0153291
2019-07-24 12:31:41,929 - [INFO] - Epoch:   53 | FVAL: 0.0152895
2019-07-24 12:31:42,772 - [INFO] - Epoch:   54 | FVAL: 0.0152519
2019-07-24 12:31:43,607 - [INFO] - Epoch:   55 | FVAL: 0.0152171
2019-07-24 12:31:44,446 - [INFO] - Epoch:   56 | FVAL: 0.0151829
2019-07-24 12:31:45,286 - [INFO] - Epoch:   57 | FVAL: 0.0151490
2019-07-24 12:31:46,126 - [INFO] - Epoch:   58 | FVAL: 0.0151155
2019-07-24 12:31:47,006 - [INFO] - Epoch:   59 | FVAL: 0.0150823
2019-07-24 12:31:47,845 - [INFO] - Epoch:   60 | FVAL: 0.0150493
2019-07-24 12:31:48,685 - [INFO] - Epoch:   61 | FVAL: 0.0150170
2019-07-24 12:31:49,525 - [INFO] - Epoch:   62 | FVAL: 0.0149856
2019-07-24 12:31:50,360 - [INFO] - Epoch:   63 | FVAL: 0.0149568
2019-07-24 12:31:51,197 - [INFO] - Epoch:   64 | FVAL: 0.0149294
2019-07-24 12:31:52,035 - [INFO] - Epoch:   65 | FVAL: 0.0149025
2019-07-24 12:31:52,873 - [INFO] - Epoch:   66 | FVAL: 0.0148761
2019-07-24 12:31:53,710 - [INFO] - Epoch:   67 | FVAL: 0.0148499
2019-07-24 12:31:54,545 - [INFO] - Epoch:   68 | FVAL: 0.0148245
2019-07-24 12:31:55,379 - [INFO] - Epoch:   69 | FVAL: 0.0148010
2019-07-24 12:31:56,217 - [INFO] - Epoch:   70 | FVAL: 0.0147781
2019-07-24 12:31:57,054 - [INFO] - Epoch:   71 | FVAL: 0.0147555
2019-07-24 12:31:57,893 - [INFO] - Epoch:   72 | FVAL: 0.0147331
2019-07-24 12:31:58,730 - [INFO] - Epoch:   73 | FVAL: 0.0147110
2019-07-24 12:31:59,570 - [INFO] - Epoch:   74 | FVAL: 0.0146896
2019-07-24 12:32:00,539 - [INFO] - Epoch:   75 | FVAL: 0.0146699
2019-07-24 12:32:01,378 - [INFO] - Epoch:   76 | FVAL: 0.0146504
2019-07-24 12:32:02,215 - [INFO] - Epoch:   77 | FVAL: 0.0146311
2019-07-24 12:32:03,053 - [INFO] - Epoch:   78 | FVAL: 0.0146120
2019-07-24 12:32:03,889 - [INFO] - Epoch:   79 | FVAL: 0.0145933
2019-07-24 12:32:04,725 - [INFO] - Epoch:   80 | FVAL: 0.0145749
2019-07-24 12:32:05,559 - [INFO] - Epoch:   81 | FVAL: 0.0145566
2019-07-24 12:32:06,396 - [INFO] - Epoch:   82 | FVAL: 0.0145385
2019-07-24 12:32:07,237 - [INFO] - Epoch:   83 | FVAL: 0.0145218
2019-07-24 12:32:08,072 - [INFO] - Epoch:   84 | FVAL: 0.0145054
2019-07-24 12:32:08,905 - [INFO] - Epoch:   85 | FVAL: 0.0144891
2019-07-24 12:32:09,738 - [INFO] - Epoch:   86 | FVAL: 0.0144730
2019-07-24 12:32:10,571 - [INFO] - Epoch:   87 | FVAL: 0.0144570
2019-07-24 12:32:11,405 - [INFO] - Epoch:   88 | FVAL: 0.0144411
2019-07-24 12:32:12,240 - [INFO] - Epoch:   89 | FVAL: 0.0144253
2019-07-24 12:32:13,078 - [INFO] - Epoch:   90 | FVAL: 0.0144097
2019-07-24 12:32:13,916 - [INFO] - Epoch:   91 | FVAL: 0.0143942
2019-07-24 12:32:14,755 - [INFO] - Epoch:   92 | FVAL: 0.0143788
2019-07-24 12:32:15,593 - [INFO] - Epoch:   93 | FVAL: 0.0143634
2019-07-24 12:32:16,428 - [INFO] - Epoch:   94 | FVAL: 0.0143481
2019-07-24 12:32:17,266 - [INFO] - Epoch:   95 | FVAL: 0.0143328
2019-07-24 12:32:18,102 - [INFO] - Epoch:   96 | FVAL: 0.0143176
2019-07-24 12:32:18,940 - [INFO] - Epoch:   97 | FVAL: 0.0143030
2019-07-24 12:32:19,779 - [INFO] - Epoch:   98 | FVAL: 0.0142885
2019-07-24 12:32:20,615 - [INFO] - Epoch:   99 | FVAL: 0.0142741
2019-07-24 12:32:21,453 - [INFO] - Epoch:  100 | FVAL: 0.0142597
2019-07-24 12:32:22,295 - [INFO] - Epoch:  101 | FVAL: 0.0142454
2019-07-24 12:32:23,138 - [INFO] - Epoch:  102 | FVAL: 0.0142314
2019-07-24 12:32:23,975 - [INFO] - Epoch:  103 | FVAL: 0.0142175
2019-07-24 12:32:24,809 - [INFO] - Epoch:  104 | FVAL: 0.0142038
2019-07-24 12:32:25,646 - [INFO] - Epoch:  105 | FVAL: 0.0141903
2019-07-24 12:32:26,484 - [INFO] - Epoch:  106 | FVAL: 0.0141768
2019-07-24 12:32:27,325 - [INFO] - Epoch:  107 | FVAL: 0.0141634
2019-07-24 12:32:28,160 - [INFO] - Epoch:  108 | FVAL: 0.0141500
2019-07-24 12:32:28,998 - [INFO] - Epoch:  109 | FVAL: 0.0141367
2019-07-24 12:32:29,835 - [INFO] - Epoch:  110 | FVAL: 0.0141234
2019-07-24 12:32:30,669 - [INFO] - Epoch:  111 | FVAL: 0.0141103
2019-07-24 12:32:31,507 - [INFO] - Epoch:  112 | FVAL: 0.0140972
2019-07-24 12:32:32,345 - [INFO] - Epoch:  113 | FVAL: 0.0140842
2019-07-24 12:32:33,182 - [INFO] - Epoch:  114 | FVAL: 0.0140712
2019-07-24 12:32:34,019 - [INFO] - Epoch:  115 | FVAL: 0.0140583
2019-07-24 12:32:34,855 - [INFO] - Epoch:  116 | FVAL: 0.0140455
2019-07-24 12:32:35,692 - [INFO] - Epoch:  117 | FVAL: 0.0140326
2019-07-24 12:32:36,528 - [INFO] - Epoch:  118 | FVAL: 0.0140199
2019-07-24 12:32:37,369 - [INFO] - Epoch:  119 | FVAL: 0.0140071
2019-07-24 12:32:38,208 - [INFO] - Epoch:  120 | FVAL: 0.0139947
2019-07-24 12:32:39,044 - [INFO] - Epoch:  121 | FVAL: 0.0139826
2019-07-24 12:32:39,884 - [INFO] - Epoch:  122 | FVAL: 0.0139704
2019-07-24 12:32:40,720 - [INFO] - Epoch:  123 | FVAL: 0.0139584
2019-07-24 12:32:41,557 - [INFO] - Epoch:  124 | FVAL: 0.0139463
2019-07-24 12:32:42,399 - [INFO] - Epoch:  125 | FVAL: 0.0139344
2019-07-24 12:32:43,238 - [INFO] - Epoch:  126 | FVAL: 0.0139225
2019-07-24 12:32:44,078 - [INFO] - Epoch:  127 | FVAL: 0.0139106
2019-07-24 12:32:44,916 - [INFO] - Epoch:  128 | FVAL: 0.0138996
2019-07-24 12:32:45,753 - [INFO] - Epoch:  129 | FVAL: 0.0138895
2019-07-24 12:32:46,593 - [INFO] - Epoch:  130 | FVAL: 0.0138795
2019-07-24 12:32:47,434 - [INFO] - Epoch:  131 | FVAL: 0.0138695
2019-07-24 12:32:48,278 - [INFO] - Epoch:  132 | FVAL: 0.0138606
2019-07-24 12:32:49,121 - [INFO] - Epoch:  133 | FVAL: 0.0138529
2019-07-24 12:32:49,965 - [INFO] - Epoch:  134 | FVAL: 0.0138454
2019-07-24 12:32:50,808 - [INFO] - Epoch:  135 | FVAL: 0.0138379
2019-07-24 12:32:51,647 - [INFO] - Epoch:  136 | FVAL: 0.0138304
2019-07-24 12:32:52,490 - [INFO] - Epoch:  137 | FVAL: 0.0138230
2019-07-24 12:32:53,331 - [INFO] - Epoch:  138 | FVAL: 0.0138157
2019-07-24 12:32:54,169 - [INFO] - Epoch:  139 | FVAL: 0.0138084
2019-07-24 12:32:55,007 - [INFO] - Epoch:  140 | FVAL: 0.0138012
2019-07-24 12:32:55,848 - [INFO] - Epoch:  141 | FVAL: 0.0137941
2019-07-24 12:32:56,689 - [INFO] - Epoch:  142 | FVAL: 0.0137871
2019-07-24 12:32:57,534 - [INFO] - Epoch:  143 | FVAL: 0.0137802
2019-07-24 12:32:58,375 - [INFO] - Epoch:  144 | FVAL: 0.0137733
2019-07-24 12:32:59,213 - [INFO] - Epoch:  145 | FVAL: 0.0137665
2019-07-24 12:33:00,053 - [INFO] - Epoch:  146 | FVAL: 0.0137597
2019-07-24 12:33:01,026 - [INFO] - Epoch:  147 | FVAL: 0.0137542
2019-07-24 12:33:01,863 - [INFO] - Epoch:  148 | FVAL: 0.0137488
2019-07-24 12:33:02,702 - [INFO] - Epoch:  149 | FVAL: 0.0137437
2019-07-24 12:33:03,543 - [INFO] - Epoch:  150 | FVAL: 0.0137387
2019-07-24 12:33:04,379 - [INFO] - Epoch:  151 | FVAL: 0.0137337
2019-07-24 12:33:05,215 - [INFO] - Epoch:  152 | FVAL: 0.0137288
2019-07-24 12:33:06,053 - [INFO] - Epoch:  153 | FVAL: 0.0137240
2019-07-24 12:33:06,891 - [INFO] - Epoch:  154 | FVAL: 0.0137192
2019-07-24 12:33:07,727 - [INFO] - Epoch:  155 | FVAL: 0.0137145
2019-07-24 12:33:08,564 - [INFO] - Epoch:  156 | FVAL: 0.0137099
2019-07-24 12:33:09,399 - [INFO] - Epoch:  157 | FVAL: 0.0137053
2019-07-24 12:33:10,238 - [INFO] - Epoch:  158 | FVAL: 0.0137009
2019-07-24 12:33:11,075 - [INFO] - Epoch:  159 | FVAL: 0.0136965
2019-07-24 12:33:11,911 - [INFO] - Epoch:  160 | FVAL: 0.0136922
2019-07-24 12:33:12,750 - [INFO] - Epoch:  161 | FVAL: 0.0136880
2019-07-24 12:33:13,592 - [INFO] - Epoch:  162 | FVAL: 0.0136839
2019-07-24 12:33:14,428 - [INFO] - Epoch:  163 | FVAL: 0.0136798
2019-07-24 12:33:15,264 - [INFO] - Epoch:  164 | FVAL: 0.0136758
2019-07-24 12:33:16,101 - [INFO] - Epoch:  165 | FVAL: 0.0136718
2019-07-24 12:33:16,938 - [INFO] - Epoch:  166 | FVAL: 0.0136679
2019-07-24 12:33:17,779 - [INFO] - Epoch:  167 | FVAL: 0.0136639
2019-07-24 12:33:18,618 - [INFO] - Epoch:  168 | FVAL: 0.0136600
2019-07-24 12:33:19,455 - [INFO] - Epoch:  169 | FVAL: 0.0136561
2019-07-24 12:33:20,293 - [INFO] - Epoch:  170 | FVAL: 0.0136523
2019-07-24 12:33:21,130 - [INFO] - Epoch:  171 | FVAL: 0.0136485
2019-07-24 12:33:21,966 - [INFO] - Epoch:  172 | FVAL: 0.0136447
2019-07-24 12:33:22,802 - [INFO] - Epoch:  173 | FVAL: 0.0136411
2019-07-24 12:33:23,640 - [INFO] - Epoch:  174 | FVAL: 0.0136375
2019-07-24 12:33:24,479 - [INFO] - Epoch:  175 | FVAL: 0.0136339
2019-07-24 12:33:25,314 - [INFO] - Epoch:  176 | FVAL: 0.0136304
2019-07-24 12:33:26,151 - [INFO] - Epoch:  177 | FVAL: 0.0136270
2019-07-24 12:33:26,992 - [INFO] - Epoch:  178 | FVAL: 0.0136236
2019-07-24 12:33:27,834 - [INFO] - Epoch:  179 | FVAL: 0.0136203
2019-07-24 12:33:28,676 - [INFO] - Epoch:  180 | FVAL: 0.0136171
2019-07-24 12:33:29,519 - [INFO] - Epoch:  181 | FVAL: 0.0136138
2019-07-24 12:33:30,360 - [INFO] - Epoch:  182 | FVAL: 0.0136106
2019-07-24 12:33:31,272 - [INFO] - Epoch:  183 | FVAL: 0.0136075
2019-07-24 12:33:32,113 - [INFO] - Epoch:  184 | FVAL: 0.0136044
2019-07-24 12:33:32,953 - [INFO] - Epoch:  185 | FVAL: 0.0136014
2019-07-24 12:33:33,792 - [INFO] - Epoch:  186 | FVAL: 0.0135983
2019-07-24 12:33:34,630 - [INFO] - Epoch:  187 | FVAL: 0.0135953
2019-07-24 12:33:35,468 - [INFO] - Epoch:  188 | FVAL: 0.0135922
2019-07-24 12:33:36,306 - [INFO] - Epoch:  189 | FVAL: 0.0135892
2019-07-24 12:33:37,150 - [INFO] - Epoch:  190 | FVAL: 0.0135862
2019-07-24 12:33:37,993 - [INFO] - Epoch:  191 | FVAL: 0.0135832
2019-07-24 12:33:38,838 - [INFO] - Epoch:  192 | FVAL: 0.0135803
2019-07-24 12:33:39,677 - [INFO] - Epoch:  193 | FVAL: 0.0135773
2019-07-24 12:33:40,517 - [INFO] - Epoch:  194 | FVAL: 0.0135744
2019-07-24 12:33:41,356 - [INFO] - Epoch:  195 | FVAL: 0.0135714
2019-07-24 12:33:42,199 - [INFO] - Epoch:  196 | FVAL: 0.0135686
2019-07-24 12:33:43,039 - [INFO] - Epoch:  197 | FVAL: 0.0135657
2019-07-24 12:33:43,880 - [INFO] - Epoch:  198 | FVAL: 0.0135629
2019-07-24 12:33:44,721 - [INFO] - Epoch:  199 | FVAL: 0.0135601
2019-07-24 12:33:45,559 - [INFO] - Epoch:  200 | FVAL: 0.0135573
2019-07-24 12:33:46,400 - [INFO] - Epoch:  201 | FVAL: 0.0135545
2019-07-24 12:33:47,242 - [INFO] - Epoch:  202 | FVAL: 0.0135517
2019-07-24 12:33:48,083 - [INFO] - Epoch:  203 | FVAL: 0.0135490
2019-07-24 12:33:48,925 - [INFO] - Epoch:  204 | FVAL: 0.0135464
2019-07-24 12:33:49,764 - [INFO] - Epoch:  205 | FVAL: 0.0135437
2019-07-24 12:33:50,605 - [INFO] - Epoch:  206 | FVAL: 0.0135411
2019-07-24 12:33:51,445 - [INFO] - Epoch:  207 | FVAL: 0.0135385
2019-07-24 12:33:52,284 - [INFO] - Epoch:  208 | FVAL: 0.0135360
2019-07-24 12:33:53,124 - [INFO] - Epoch:  209 | FVAL: 0.0135335
2019-07-24 12:33:53,968 - [INFO] - Epoch:  210 | FVAL: 0.0135309
2019-07-24 12:33:54,811 - [INFO] - Epoch:  211 | FVAL: 0.0135284
2019-07-24 12:33:55,653 - [INFO] - Epoch:  212 | FVAL: 0.0135259
2019-07-24 12:33:56,494 - [INFO] - Epoch:  213 | FVAL: 0.0135234
2019-07-24 12:33:57,336 - [INFO] - Epoch:  214 | FVAL: 0.0135208
2019-07-24 12:33:58,175 - [INFO] - Epoch:  215 | FVAL: 0.0135183
2019-07-24 12:33:59,014 - [INFO] - Epoch:  216 | FVAL: 0.0135159
2019-07-24 12:33:59,853 - [INFO] - Epoch:  217 | FVAL: 0.0135134
2019-07-24 12:34:00,829 - [INFO] - Epoch:  218 | FVAL: 0.0135110
2019-07-24 12:34:01,668 - [INFO] - Epoch:  219 | FVAL: 0.0135086
2019-07-24 12:34:02,511 - [INFO] - Epoch:  220 | FVAL: 0.0135063
2019-07-24 12:34:03,350 - [INFO] - Epoch:  221 | FVAL: 0.0135039
2019-07-24 12:34:04,191 - [INFO] - Epoch:  222 | FVAL: 0.0135016
2019-07-24 12:34:05,029 - [INFO] - Epoch:  223 | FVAL: 0.0134993
2019-07-24 12:34:05,871 - [INFO] - Epoch:  224 | FVAL: 0.0134971
2019-07-24 12:34:06,712 - [INFO] - Epoch:  225 | FVAL: 0.0134948
2019-07-24 12:34:07,624 - [INFO] - Epoch:  226 | FVAL: 0.0134930
2019-07-24 12:34:08,465 - [INFO] - Epoch:  227 | FVAL: 0.0134913
2019-07-24 12:34:09,303 - [INFO] - Epoch:  228 | FVAL: 0.0134895
2019-07-24 12:34:10,142 - [INFO] - Epoch:  229 | FVAL: 0.0134878
2019-07-24 12:34:10,981 - [INFO] - Epoch:  230 | FVAL: 0.0134861
2019-07-24 12:34:11,817 - [INFO] - Epoch:  231 | FVAL: 0.0134844
2019-07-24 12:34:12,657 - [INFO] - Epoch:  232 | FVAL: 0.0134828
2019-07-24 12:34:13,498 - [INFO] - Epoch:  233 | FVAL: 0.0134813
2019-07-24 12:34:14,340 - [INFO] - Epoch:  234 | FVAL: 0.0134798
2019-07-24 12:34:15,180 - [INFO] - Epoch:  235 | FVAL: 0.0134783
2019-07-24 12:34:16,019 - [INFO] - Epoch:  236 | FVAL: 0.0134769
2019-07-24 12:34:16,857 - [INFO] - Epoch:  237 | FVAL: 0.0134754
2019-07-24 12:34:17,695 - [INFO] - Epoch:  238 | FVAL: 0.0134740
2019-07-24 12:34:18,532 - [INFO] - Epoch:  239 | FVAL: 0.0134726
2019-07-24 12:34:19,373 - [INFO] - Epoch:  240 | FVAL: 0.0134711
2019-07-24 12:34:20,209 - [INFO] - Epoch:  241 | FVAL: 0.0134697
2019-07-24 12:34:21,047 - [INFO] - Epoch:  242 | FVAL: 0.0134683
2019-07-24 12:34:21,885 - [INFO] - Epoch:  243 | FVAL: 0.0134669
2019-07-24 12:34:22,726 - [INFO] - Epoch:  244 | FVAL: 0.0134655
2019-07-24 12:34:23,563 - [INFO] - Epoch:  245 | FVAL: 0.0134641
2019-07-24 12:34:24,409 - [INFO] - Epoch:  246 | FVAL: 0.0134627
2019-07-24 12:34:25,248 - [INFO] - Epoch:  247 | FVAL: 0.0134614
2019-07-24 12:34:26,087 - [INFO] - Epoch:  248 | FVAL: 0.0134600
2019-07-24 12:34:26,924 - [INFO] - Epoch:  249 | FVAL: 0.0134586
2019-07-24 12:34:27,762 - [INFO] - Epoch:  250 | FVAL: 0.0134572
2019-07-24 12:34:28,602 - [INFO] - Epoch:  251 | FVAL: 0.0134559
2019-07-24 12:34:29,441 - [INFO] - Epoch:  252 | FVAL: 0.0134546
2019-07-24 12:34:30,277 - [INFO] - Epoch:  253 | FVAL: 0.0134533
2019-07-24 12:34:31,118 - [INFO] - Epoch:  254 | FVAL: 0.0134520
2019-07-24 12:34:31,957 - [INFO] - Epoch:  255 | FVAL: 0.0134507
2019-07-24 12:34:32,794 - [INFO] - Epoch:  256 | FVAL: 0.0134495
2019-07-24 12:34:33,632 - [INFO] - Epoch:  257 | FVAL: 0.0134482
2019-07-24 12:34:34,473 - [INFO] - Epoch:  258 | FVAL: 0.0134469
2019-07-24 12:34:35,310 - [INFO] - Epoch:  259 | FVAL: 0.0134457
2019-07-24 12:34:36,152 - [INFO] - Epoch:  260 | FVAL: 0.0134444
2019-07-24 12:34:36,991 - [INFO] - Epoch:  261 | FVAL: 0.0134432
2019-07-24 12:34:37,830 - [INFO] - Epoch:  262 | FVAL: 0.0134420
2019-07-24 12:34:38,669 - [INFO] - Epoch:  263 | FVAL: 0.0134408
2019-07-24 12:34:39,506 - [INFO] - Epoch:  264 | FVAL: 0.0134395
2019-07-24 12:34:40,343 - [INFO] - Epoch:  265 | FVAL: 0.0134383
2019-07-24 12:34:41,183 - [INFO] - Epoch:  266 | FVAL: 0.0134371
2019-07-24 12:34:42,021 - [INFO] - Epoch:  267 | FVAL: 0.0134360
2019-07-24 12:34:42,859 - [INFO] - Epoch:  268 | FVAL: 0.0134348
2019-07-24 12:34:43,696 - [INFO] - Epoch:  269 | FVAL: 0.0134337
2019-07-24 12:34:44,538 - [INFO] - Epoch:  270 | FVAL: 0.0134325
2019-07-24 12:34:45,375 - [INFO] - Epoch:  271 | FVAL: 0.0134314
2019-07-24 12:34:46,214 - [INFO] - Epoch:  272 | FVAL: 0.0134303
2019-07-24 12:34:47,053 - [INFO] - Epoch:  273 | FVAL: 0.0134293
2019-07-24 12:34:47,889 - [INFO] - Epoch:  274 | FVAL: 0.0134282
2019-07-24 12:34:48,724 - [INFO] - Epoch:  275 | FVAL: 0.0134271
2019-07-24 12:34:49,567 - [INFO] - Epoch:  276 | FVAL: 0.0134260
2019-07-24 12:34:50,404 - [INFO] - Epoch:  277 | FVAL: 0.0134249
2019-07-24 12:34:51,243 - [INFO] - Epoch:  278 | FVAL: 0.0134239
2019-07-24 12:34:52,079 - [INFO] - Epoch:  279 | FVAL: 0.0134229
2019-07-24 12:34:52,917 - [INFO] - Epoch:  280 | FVAL: 0.0134218
2019-07-24 12:34:53,756 - [INFO] - Epoch:  281 | FVAL: 0.0134208
2019-07-24 12:34:54,596 - [INFO] - Epoch:  282 | FVAL: 0.0134198
2019-07-24 12:34:55,435 - [INFO] - Epoch:  283 | FVAL: 0.0134188
