2019-07-24 12:53:03,986 - [INFO] - rcsum-- N:44 | d:7129 | lambda:0.0001
2019-07-24 12:53:03,987 - [INFO] - Function value sequence convergence criteria.
2019-07-24 12:53:03,988 - [INFO] - Epoch:    0 | FVAL: 0.3465736
2019-07-24 12:53:04,916 - [INFO] - Epoch:    1 | FVAL: 0.0045241
2019-07-24 12:53:05,838 - [INFO] - Epoch:    2 | FVAL: 0.0041911
2019-07-24 12:53:06,760 - [INFO] - Epoch:    3 | FVAL: 0.0040573
2019-07-24 12:53:07,672 - [INFO] - Epoch:    4 | FVAL: 0.0039694
2019-07-24 12:53:08,585 - [INFO] - Epoch:    5 | FVAL: 0.0039010
2019-07-24 12:53:09,500 - [INFO] - Epoch:    6 | FVAL: 0.0038440
2019-07-24 12:53:10,408 - [INFO] - Epoch:    7 | FVAL: 0.0037947
2019-07-24 12:53:11,320 - [INFO] - Epoch:    8 | FVAL: 0.0037509
2019-07-24 12:53:12,227 - [INFO] - Epoch:    9 | FVAL: 0.0037116
2019-07-24 12:53:13,133 - [INFO] - Epoch:   10 | FVAL: 0.0036754
2019-07-24 12:53:14,038 - [INFO] - Epoch:   11 | FVAL: 0.0036418
2019-07-24 12:53:14,942 - [INFO] - Epoch:   12 | FVAL: 0.0036109
2019-07-24 12:53:15,845 - [INFO] - Epoch:   13 | FVAL: 0.0035825
2019-07-24 12:53:16,747 - [INFO] - Epoch:   14 | FVAL: 0.0035561
2019-07-24 12:53:17,647 - [INFO] - Epoch:   15 | FVAL: 0.0035316
2019-07-24 12:53:18,547 - [INFO] - Epoch:   16 | FVAL: 0.0035085
2019-07-24 12:53:19,446 - [INFO] - Epoch:   17 | FVAL: 0.0034865
2019-07-24 12:53:20,347 - [INFO] - Epoch:   18 | FVAL: 0.0034656
2019-07-24 12:53:21,246 - [INFO] - Epoch:   19 | FVAL: 0.0034456
2019-07-24 12:53:22,149 - [INFO] - Epoch:   20 | FVAL: 0.0034265
2019-07-24 12:53:23,049 - [INFO] - Epoch:   21 | FVAL: 0.0034081
2019-07-24 12:53:23,949 - [INFO] - Epoch:   22 | FVAL: 0.0033904
2019-07-24 12:53:24,849 - [INFO] - Epoch:   23 | FVAL: 0.0033734
2019-07-24 12:53:25,748 - [INFO] - Epoch:   24 | FVAL: 0.0033572
2019-07-24 12:53:26,645 - [INFO] - Epoch:   25 | FVAL: 0.0033415
2019-07-24 12:53:27,547 - [INFO] - Epoch:   26 | FVAL: 0.0033265
2019-07-24 12:53:28,446 - [INFO] - Epoch:   27 | FVAL: 0.0033119
2019-07-24 12:53:29,340 - [INFO] - Epoch:   28 | FVAL: 0.0032977
2019-07-24 12:53:30,238 - [INFO] - Epoch:   29 | FVAL: 0.0032839
2019-07-24 12:53:31,135 - [INFO] - Epoch:   30 | FVAL: 0.0032705
2019-07-24 12:53:32,040 - [INFO] - Epoch:   31 | FVAL: 0.0032577
2019-07-24 12:53:32,937 - [INFO] - Epoch:   32 | FVAL: 0.0032453
2019-07-24 12:53:33,835 - [INFO] - Epoch:   33 | FVAL: 0.0032332
2019-07-24 12:53:34,732 - [INFO] - Epoch:   34 | FVAL: 0.0032214
2019-07-24 12:53:35,628 - [INFO] - Epoch:   35 | FVAL: 0.0032099
2019-07-24 12:53:36,526 - [INFO] - Epoch:   36 | FVAL: 0.0031989
2019-07-24 12:53:37,423 - [INFO] - Epoch:   37 | FVAL: 0.0031880
2019-07-24 12:53:38,319 - [INFO] - Epoch:   38 | FVAL: 0.0031775
2019-07-24 12:53:39,213 - [INFO] - Epoch:   39 | FVAL: 0.0031673
2019-07-24 12:53:40,106 - [INFO] - Epoch:   40 | FVAL: 0.0031573
2019-07-24 12:53:41,002 - [INFO] - Epoch:   41 | FVAL: 0.0031476
2019-07-24 12:53:41,896 - [INFO] - Epoch:   42 | FVAL: 0.0031382
2019-07-24 12:53:42,795 - [INFO] - Epoch:   43 | FVAL: 0.0031291
2019-07-24 12:53:43,689 - [INFO] - Epoch:   44 | FVAL: 0.0031202
2019-07-24 12:53:44,583 - [INFO] - Epoch:   45 | FVAL: 0.0031115
2019-07-24 12:53:45,480 - [INFO] - Epoch:   46 | FVAL: 0.0031028
2019-07-24 12:53:46,374 - [INFO] - Epoch:   47 | FVAL: 0.0030944
2019-07-24 12:53:47,272 - [INFO] - Epoch:   48 | FVAL: 0.0030862
2019-07-24 12:53:48,168 - [INFO] - Epoch:   49 | FVAL: 0.0030781
2019-07-24 12:53:49,061 - [INFO] - Epoch:   50 | FVAL: 0.0030702
2019-07-24 12:53:49,956 - [INFO] - Epoch:   51 | FVAL: 0.0030624
2019-07-24 12:53:50,849 - [INFO] - Epoch:   52 | FVAL: 0.0030547
2019-07-24 12:53:51,744 - [INFO] - Epoch:   53 | FVAL: 0.0030472
2019-07-24 12:53:52,638 - [INFO] - Epoch:   54 | FVAL: 0.0030397
2019-07-24 12:53:53,527 - [INFO] - Epoch:   55 | FVAL: 0.0030323
2019-07-24 12:53:54,418 - [INFO] - Epoch:   56 | FVAL: 0.0030250
2019-07-24 12:53:55,309 - [INFO] - Epoch:   57 | FVAL: 0.0030178
2019-07-24 12:53:56,201 - [INFO] - Epoch:   58 | FVAL: 0.0030108
2019-07-24 12:53:57,108 - [INFO] - Epoch:   59 | FVAL: 0.0030039
2019-07-24 12:53:58,005 - [INFO] - Epoch:   60 | FVAL: 0.0029971
2019-07-24 12:53:58,895 - [INFO] - Epoch:   61 | FVAL: 0.0029903
2019-07-24 12:53:59,788 - [INFO] - Epoch:   62 | FVAL: 0.0029837
2019-07-24 12:54:00,821 - [INFO] - Epoch:   63 | FVAL: 0.0029772
2019-07-24 12:54:01,714 - [INFO] - Epoch:   64 | FVAL: 0.0029707
2019-07-24 12:54:02,611 - [INFO] - Epoch:   65 | FVAL: 0.0029643
2019-07-24 12:54:03,507 - [INFO] - Epoch:   66 | FVAL: 0.0029580
2019-07-24 12:54:04,403 - [INFO] - Epoch:   67 | FVAL: 0.0029518
2019-07-24 12:54:05,295 - [INFO] - Epoch:   68 | FVAL: 0.0029458
2019-07-24 12:54:06,186 - [INFO] - Epoch:   69 | FVAL: 0.0029399
2019-07-24 12:54:07,076 - [INFO] - Epoch:   70 | FVAL: 0.0029340
2019-07-24 12:54:07,968 - [INFO] - Epoch:   71 | FVAL: 0.0029282
2019-07-24 12:54:08,860 - [INFO] - Epoch:   72 | FVAL: 0.0029225
2019-07-24 12:54:09,754 - [INFO] - Epoch:   73 | FVAL: 0.0029170
2019-07-24 12:54:10,650 - [INFO] - Epoch:   74 | FVAL: 0.0029115
2019-07-24 12:54:11,543 - [INFO] - Epoch:   75 | FVAL: 0.0029060
2019-07-24 12:54:12,438 - [INFO] - Epoch:   76 | FVAL: 0.0029006
2019-07-24 12:54:13,333 - [INFO] - Epoch:   77 | FVAL: 0.0028952
2019-07-24 12:54:14,227 - [INFO] - Epoch:   78 | FVAL: 0.0028898
2019-07-24 12:54:15,122 - [INFO] - Epoch:   79 | FVAL: 0.0028845
2019-07-24 12:54:16,016 - [INFO] - Epoch:   80 | FVAL: 0.0028792
2019-07-24 12:54:16,906 - [INFO] - Epoch:   81 | FVAL: 0.0028739
2019-07-24 12:54:17,801 - [INFO] - Epoch:   82 | FVAL: 0.0028687
2019-07-24 12:54:18,697 - [INFO] - Epoch:   83 | FVAL: 0.0028635
2019-07-24 12:54:19,590 - [INFO] - Epoch:   84 | FVAL: 0.0028584
2019-07-24 12:54:20,489 - [INFO] - Epoch:   85 | FVAL: 0.0028534
2019-07-24 12:54:21,384 - [INFO] - Epoch:   86 | FVAL: 0.0028484
2019-07-24 12:54:22,278 - [INFO] - Epoch:   87 | FVAL: 0.0028435
2019-07-24 12:54:23,172 - [INFO] - Epoch:   88 | FVAL: 0.0028387
2019-07-24 12:54:24,066 - [INFO] - Epoch:   89 | FVAL: 0.0028339
2019-07-24 12:54:24,957 - [INFO] - Epoch:   90 | FVAL: 0.0028291
2019-07-24 12:54:25,855 - [INFO] - Epoch:   91 | FVAL: 0.0028244
2019-07-24 12:54:26,752 - [INFO] - Epoch:   92 | FVAL: 0.0028198
2019-07-24 12:54:27,717 - [INFO] - Epoch:   93 | FVAL: 0.0028151
2019-07-24 12:54:28,703 - [INFO] - Epoch:   94 | FVAL: 0.0028105
2019-07-24 12:54:29,690 - [INFO] - Epoch:   95 | FVAL: 0.0028060
2019-07-24 12:54:30,636 - [INFO] - Epoch:   96 | FVAL: 0.0028015
2019-07-24 12:54:31,532 - [INFO] - Epoch:   97 | FVAL: 0.0027971
2019-07-24 12:54:32,427 - [INFO] - Epoch:   98 | FVAL: 0.0027927
2019-07-24 12:54:33,349 - [INFO] - Epoch:   99 | FVAL: 0.0027883
2019-07-24 12:54:34,243 - [INFO] - Epoch:  100 | FVAL: 0.0027841
2019-07-24 12:54:35,140 - [INFO] - Epoch:  101 | FVAL: 0.0027801
2019-07-24 12:54:36,033 - [INFO] - Epoch:  102 | FVAL: 0.0027761
2019-07-24 12:54:36,927 - [INFO] - Epoch:  103 | FVAL: 0.0027721
2019-07-24 12:54:37,825 - [INFO] - Epoch:  104 | FVAL: 0.0027682
2019-07-24 12:54:38,721 - [INFO] - Epoch:  105 | FVAL: 0.0027644
2019-07-24 12:54:39,617 - [INFO] - Epoch:  106 | FVAL: 0.0027606
2019-07-24 12:54:40,512 - [INFO] - Epoch:  107 | FVAL: 0.0027569
2019-07-24 12:54:41,406 - [INFO] - Epoch:  108 | FVAL: 0.0027532
2019-07-24 12:54:42,350 - [INFO] - Epoch:  109 | FVAL: 0.0027494
2019-07-24 12:54:43,333 - [INFO] - Epoch:  110 | FVAL: 0.0027458
2019-07-24 12:54:44,317 - [INFO] - Epoch:  111 | FVAL: 0.0027421
2019-07-24 12:54:45,300 - [INFO] - Epoch:  112 | FVAL: 0.0027384
2019-07-24 12:54:46,242 - [INFO] - Epoch:  113 | FVAL: 0.0027348
2019-07-24 12:54:47,137 - [INFO] - Epoch:  114 | FVAL: 0.0027312
2019-07-24 12:54:48,030 - [INFO] - Epoch:  115 | FVAL: 0.0027276
2019-07-24 12:54:48,924 - [INFO] - Epoch:  116 | FVAL: 0.0027240
2019-07-24 12:54:49,816 - [INFO] - Epoch:  117 | FVAL: 0.0027205
2019-07-24 12:54:50,706 - [INFO] - Epoch:  118 | FVAL: 0.0027170
2019-07-24 12:54:51,601 - [INFO] - Epoch:  119 | FVAL: 0.0027135
2019-07-24 12:54:52,490 - [INFO] - Epoch:  120 | FVAL: 0.0027101
2019-07-24 12:54:53,380 - [INFO] - Epoch:  121 | FVAL: 0.0027066
2019-07-24 12:54:54,273 - [INFO] - Epoch:  122 | FVAL: 0.0027032
2019-07-24 12:54:55,164 - [INFO] - Epoch:  123 | FVAL: 0.0026998
2019-07-24 12:54:56,057 - [INFO] - Epoch:  124 | FVAL: 0.0026964
2019-07-24 12:54:56,948 - [INFO] - Epoch:  125 | FVAL: 0.0026931
2019-07-24 12:54:57,837 - [INFO] - Epoch:  126 | FVAL: 0.0026898
2019-07-24 12:54:58,735 - [INFO] - Epoch:  127 | FVAL: 0.0026865
2019-07-24 12:54:59,625 - [INFO] - Epoch:  128 | FVAL: 0.0026832
2019-07-24 12:55:00,661 - [INFO] - Epoch:  129 | FVAL: 0.0026800
2019-07-24 12:55:01,557 - [INFO] - Epoch:  130 | FVAL: 0.0026768
2019-07-24 12:55:02,458 - [INFO] - Epoch:  131 | FVAL: 0.0026735
2019-07-24 12:55:03,358 - [INFO] - Epoch:  132 | FVAL: 0.0026703
2019-07-24 12:55:04,250 - [INFO] - Epoch:  133 | FVAL: 0.0026672
2019-07-24 12:55:05,146 - [INFO] - Epoch:  134 | FVAL: 0.0026640
2019-07-24 12:55:06,042 - [INFO] - Epoch:  135 | FVAL: 0.0026609
2019-07-24 12:55:06,936 - [INFO] - Epoch:  136 | FVAL: 0.0026578
2019-07-24 12:55:07,830 - [INFO] - Epoch:  137 | FVAL: 0.0026547
2019-07-24 12:55:08,727 - [INFO] - Epoch:  138 | FVAL: 0.0026516
2019-07-24 12:55:09,623 - [INFO] - Epoch:  139 | FVAL: 0.0026486
2019-07-24 12:55:10,520 - [INFO] - Epoch:  140 | FVAL: 0.0026455
2019-07-24 12:55:11,415 - [INFO] - Epoch:  141 | FVAL: 0.0026425
2019-07-24 12:55:12,307 - [INFO] - Epoch:  142 | FVAL: 0.0026396
2019-07-24 12:55:13,200 - [INFO] - Epoch:  143 | FVAL: 0.0026367
2019-07-24 12:55:14,096 - [INFO] - Epoch:  144 | FVAL: 0.0026338
2019-07-24 12:55:14,989 - [INFO] - Epoch:  145 | FVAL: 0.0026310
2019-07-24 12:55:15,883 - [INFO] - Epoch:  146 | FVAL: 0.0026282
2019-07-24 12:55:16,778 - [INFO] - Epoch:  147 | FVAL: 0.0026254
2019-07-24 12:55:17,673 - [INFO] - Epoch:  148 | FVAL: 0.0026227
2019-07-24 12:55:18,565 - [INFO] - Epoch:  149 | FVAL: 0.0026200
2019-07-24 12:55:19,458 - [INFO] - Epoch:  150 | FVAL: 0.0026172
2019-07-24 12:55:20,354 - [INFO] - Epoch:  151 | FVAL: 0.0026145
2019-07-24 12:55:21,349 - [INFO] - Epoch:  152 | FVAL: 0.0026118
2019-07-24 12:55:22,239 - [INFO] - Epoch:  153 | FVAL: 0.0026091
2019-07-24 12:55:23,132 - [INFO] - Epoch:  154 | FVAL: 0.0026064
2019-07-24 12:55:24,024 - [INFO] - Epoch:  155 | FVAL: 0.0026038
2019-07-24 12:55:24,917 - [INFO] - Epoch:  156 | FVAL: 0.0026011
2019-07-24 12:55:25,808 - [INFO] - Epoch:  157 | FVAL: 0.0025985
2019-07-24 12:55:26,699 - [INFO] - Epoch:  158 | FVAL: 0.0025959
2019-07-24 12:55:27,593 - [INFO] - Epoch:  159 | FVAL: 0.0025934
2019-07-24 12:55:28,486 - [INFO] - Epoch:  160 | FVAL: 0.0025908
2019-07-24 12:55:29,380 - [INFO] - Epoch:  161 | FVAL: 0.0025883
2019-07-24 12:55:30,275 - [INFO] - Epoch:  162 | FVAL: 0.0025858
2019-07-24 12:55:31,166 - [INFO] - Epoch:  163 | FVAL: 0.0025833
2019-07-24 12:55:32,058 - [INFO] - Epoch:  164 | FVAL: 0.0025808
2019-07-24 12:55:32,950 - [INFO] - Epoch:  165 | FVAL: 0.0025784
2019-07-24 12:55:33,845 - [INFO] - Epoch:  166 | FVAL: 0.0025759
2019-07-24 12:55:34,739 - [INFO] - Epoch:  167 | FVAL: 0.0025735
2019-07-24 12:55:35,643 - [INFO] - Epoch:  168 | FVAL: 0.0025712
2019-07-24 12:55:36,537 - [INFO] - Epoch:  169 | FVAL: 0.0025688
2019-07-24 12:55:37,429 - [INFO] - Epoch:  170 | FVAL: 0.0025664
2019-07-24 12:55:38,324 - [INFO] - Epoch:  171 | FVAL: 0.0025641
2019-07-24 12:55:39,218 - [INFO] - Epoch:  172 | FVAL: 0.0025618
2019-07-24 12:55:40,109 - [INFO] - Epoch:  173 | FVAL: 0.0025595
2019-07-24 12:55:41,001 - [INFO] - Epoch:  174 | FVAL: 0.0025572
2019-07-24 12:55:41,893 - [INFO] - Epoch:  175 | FVAL: 0.0025550
2019-07-24 12:55:42,786 - [INFO] - Epoch:  176 | FVAL: 0.0025527
2019-07-24 12:55:43,679 - [INFO] - Epoch:  177 | FVAL: 0.0025505
2019-07-24 12:55:44,571 - [INFO] - Epoch:  178 | FVAL: 0.0025483
2019-07-24 12:55:45,472 - [INFO] - Epoch:  179 | FVAL: 0.0025461
2019-07-24 12:55:46,365 - [INFO] - Epoch:  180 | FVAL: 0.0025439
2019-07-24 12:55:47,257 - [INFO] - Epoch:  181 | FVAL: 0.0025417
2019-07-24 12:55:48,149 - [INFO] - Epoch:  182 | FVAL: 0.0025395
2019-07-24 12:55:49,045 - [INFO] - Epoch:  183 | FVAL: 0.0025373
2019-07-24 12:55:49,937 - [INFO] - Epoch:  184 | FVAL: 0.0025351
2019-07-24 12:55:50,830 - [INFO] - Epoch:  185 | FVAL: 0.0025329
2019-07-24 12:55:51,727 - [INFO] - Epoch:  186 | FVAL: 0.0025307
2019-07-24 12:55:52,620 - [INFO] - Epoch:  187 | FVAL: 0.0025285
2019-07-24 12:55:53,515 - [INFO] - Epoch:  188 | FVAL: 0.0025263
2019-07-24 12:55:54,408 - [INFO] - Epoch:  189 | FVAL: 0.0025242
2019-07-24 12:55:55,305 - [INFO] - Epoch:  190 | FVAL: 0.0025222
2019-07-24 12:55:56,199 - [INFO] - Epoch:  191 | FVAL: 0.0025201
2019-07-24 12:55:57,093 - [INFO] - Epoch:  192 | FVAL: 0.0025180
2019-07-24 12:55:57,988 - [INFO] - Epoch:  193 | FVAL: 0.0025160
2019-07-24 12:55:58,883 - [INFO] - Epoch:  194 | FVAL: 0.0025139
2019-07-24 12:55:59,779 - [INFO] - Epoch:  195 | FVAL: 0.0025119
2019-07-24 12:56:00,817 - [INFO] - Epoch:  196 | FVAL: 0.0025099
2019-07-24 12:56:01,712 - [INFO] - Epoch:  197 | FVAL: 0.0025080
2019-07-24 12:56:02,606 - [INFO] - Epoch:  198 | FVAL: 0.0025061
2019-07-24 12:56:03,498 - [INFO] - Epoch:  199 | FVAL: 0.0025042
2019-07-24 12:56:04,394 - [INFO] - Epoch:  200 | FVAL: 0.0025023
2019-07-24 12:56:05,294 - [INFO] - Epoch:  201 | FVAL: 0.0025004
2019-07-24 12:56:06,190 - [INFO] - Epoch:  202 | FVAL: 0.0024985
2019-07-24 12:56:07,088 - [INFO] - Epoch:  203 | FVAL: 0.0024966
2019-07-24 12:56:07,988 - [INFO] - Epoch:  204 | FVAL: 0.0024947
2019-07-24 12:56:08,890 - [INFO] - Epoch:  205 | FVAL: 0.0024928
2019-07-24 12:56:09,789 - [INFO] - Epoch:  206 | FVAL: 0.0024910
2019-07-24 12:56:10,688 - [INFO] - Epoch:  207 | FVAL: 0.0024891
2019-07-24 12:56:11,587 - [INFO] - Epoch:  208 | FVAL: 0.0024873
2019-07-24 12:56:12,483 - [INFO] - Epoch:  209 | FVAL: 0.0024855
2019-07-24 12:56:13,381 - [INFO] - Epoch:  210 | FVAL: 0.0024837
2019-07-24 12:56:14,280 - [INFO] - Epoch:  211 | FVAL: 0.0024819
2019-07-24 12:56:15,182 - [INFO] - Epoch:  212 | FVAL: 0.0024802
2019-07-24 12:56:16,082 - [INFO] - Epoch:  213 | FVAL: 0.0024784
2019-07-24 12:56:16,979 - [INFO] - Epoch:  214 | FVAL: 0.0024767
2019-07-24 12:56:17,877 - [INFO] - Epoch:  215 | FVAL: 0.0024749
2019-07-24 12:56:18,776 - [INFO] - Epoch:  216 | FVAL: 0.0024732
2019-07-24 12:56:19,676 - [INFO] - Epoch:  217 | FVAL: 0.0024715
2019-07-24 12:56:20,578 - [INFO] - Epoch:  218 | FVAL: 0.0024699
2019-07-24 12:56:21,479 - [INFO] - Epoch:  219 | FVAL: 0.0024682
2019-07-24 12:56:22,379 - [INFO] - Epoch:  220 | FVAL: 0.0024665
2019-07-24 12:56:23,280 - [INFO] - Epoch:  221 | FVAL: 0.0024649
2019-07-24 12:56:24,179 - [INFO] - Epoch:  222 | FVAL: 0.0024632
2019-07-24 12:56:25,081 - [INFO] - Epoch:  223 | FVAL: 0.0024616
2019-07-24 12:56:25,980 - [INFO] - Epoch:  224 | FVAL: 0.0024600
2019-07-24 12:56:26,882 - [INFO] - Epoch:  225 | FVAL: 0.0024584
2019-07-24 12:56:27,782 - [INFO] - Epoch:  226 | FVAL: 0.0024568
2019-07-24 12:56:28,682 - [INFO] - Epoch:  227 | FVAL: 0.0024552
2019-07-24 12:56:29,582 - [INFO] - Epoch:  228 | FVAL: 0.0024536
2019-07-24 12:56:30,482 - [INFO] - Epoch:  229 | FVAL: 0.0024520
2019-07-24 12:56:31,379 - [INFO] - Epoch:  230 | FVAL: 0.0024504
2019-07-24 12:56:32,276 - [INFO] - Epoch:  231 | FVAL: 0.0024488
2019-07-24 12:56:33,174 - [INFO] - Epoch:  232 | FVAL: 0.0024472
2019-07-24 12:56:34,073 - [INFO] - Epoch:  233 | FVAL: 0.0024456
2019-07-24 12:56:34,971 - [INFO] - Epoch:  234 | FVAL: 0.0024441
2019-07-24 12:56:35,871 - [INFO] - Epoch:  235 | FVAL: 0.0024425
2019-07-24 12:56:36,772 - [INFO] - Epoch:  236 | FVAL: 0.0024409
2019-07-24 12:56:37,670 - [INFO] - Epoch:  237 | FVAL: 0.0024393
2019-07-24 12:56:38,570 - [INFO] - Epoch:  238 | FVAL: 0.0024378
2019-07-24 12:56:39,468 - [INFO] - Epoch:  239 | FVAL: 0.0024362
2019-07-24 12:56:40,368 - [INFO] - Epoch:  240 | FVAL: 0.0024346
2019-07-24 12:56:41,270 - [INFO] - Epoch:  241 | FVAL: 0.0024331
2019-07-24 12:56:42,169 - [INFO] - Epoch:  242 | FVAL: 0.0024315
2019-07-24 12:56:43,069 - [INFO] - Epoch:  243 | FVAL: 0.0024300
2019-07-24 12:56:43,967 - [INFO] - Epoch:  244 | FVAL: 0.0024284
2019-07-24 12:56:44,865 - [INFO] - Epoch:  245 | FVAL: 0.0024269
2019-07-24 12:56:45,762 - [INFO] - Epoch:  246 | FVAL: 0.0024255
2019-07-24 12:56:46,660 - [INFO] - Epoch:  247 | FVAL: 0.0024240
2019-07-24 12:56:47,560 - [INFO] - Epoch:  248 | FVAL: 0.0024226
2019-07-24 12:56:48,454 - [INFO] - Epoch:  249 | FVAL: 0.0024211
2019-07-24 12:56:49,349 - [INFO] - Epoch:  250 | FVAL: 0.0024196
2019-07-24 12:56:50,247 - [INFO] - Epoch:  251 | FVAL: 0.0024182
2019-07-24 12:56:51,146 - [INFO] - Epoch:  252 | FVAL: 0.0024167
2019-07-24 12:56:52,053 - [INFO] - Epoch:  253 | FVAL: 0.0024153
2019-07-24 12:56:52,951 - [INFO] - Epoch:  254 | FVAL: 0.0024139
2019-07-24 12:56:53,846 - [INFO] - Epoch:  255 | FVAL: 0.0024125
2019-07-24 12:56:54,788 - [INFO] - Epoch:  256 | FVAL: 0.0024112
2019-07-24 12:56:55,686 - [INFO] - Epoch:  257 | FVAL: 0.0024098
2019-07-24 12:56:56,581 - [INFO] - Epoch:  258 | FVAL: 0.0024085
2019-07-24 12:56:57,479 - [INFO] - Epoch:  259 | FVAL: 0.0024073
2019-07-24 12:56:58,379 - [INFO] - Epoch:  260 | FVAL: 0.0024060
2019-07-24 12:56:59,274 - [INFO] - Epoch:  261 | FVAL: 0.0024048
2019-07-24 12:57:00,411 - [INFO] - Epoch:  262 | FVAL: 0.0024035
2019-07-24 12:57:01,308 - [INFO] - Epoch:  263 | FVAL: 0.0024023
2019-07-24 12:57:02,201 - [INFO] - Epoch:  264 | FVAL: 0.0024010
2019-07-24 12:57:03,093 - [INFO] - Epoch:  265 | FVAL: 0.0023997
2019-07-24 12:57:03,988 - [INFO] - Epoch:  266 | FVAL: 0.0023985
2019-07-24 12:57:04,879 - [INFO] - Epoch:  267 | FVAL: 0.0023972
2019-07-24 12:57:05,771 - [INFO] - Epoch:  268 | FVAL: 0.0023960
2019-07-24 12:57:06,664 - [INFO] - Epoch:  269 | FVAL: 0.0023947
2019-07-24 12:57:07,556 - [INFO] - Epoch:  270 | FVAL: 0.0023935
2019-07-24 12:57:08,500 - [INFO] - Epoch:  271 | FVAL: 0.0023922
2019-07-24 12:57:09,482 - [INFO] - Epoch:  272 | FVAL: 0.0023910
2019-07-24 12:57:10,459 - [INFO] - Epoch:  273 | FVAL: 0.0023898
2019-07-24 12:57:11,401 - [INFO] - Epoch:  274 | FVAL: 0.0023885
2019-07-24 12:57:12,294 - [INFO] - Epoch:  275 | FVAL: 0.0023873
2019-07-24 12:57:13,185 - [INFO] - Epoch:  276 | FVAL: 0.0023861
2019-07-24 12:57:14,079 - [INFO] - Epoch:  277 | FVAL: 0.0023849
2019-07-24 12:57:14,969 - [INFO] - Epoch:  278 | FVAL: 0.0023837
2019-07-24 12:57:15,863 - [INFO] - Epoch:  279 | FVAL: 0.0023825
2019-07-24 12:57:16,758 - [INFO] - Epoch:  280 | FVAL: 0.0023813
2019-07-24 12:57:17,649 - [INFO] - Epoch:  281 | FVAL: 0.0023801
2019-07-24 12:57:18,542 - [INFO] - Epoch:  282 | FVAL: 0.0023789
2019-07-24 12:57:19,434 - [INFO] - Epoch:  283 | FVAL: 0.0023777
2019-07-24 12:57:20,325 - [INFO] - Epoch:  284 | FVAL: 0.0023765
2019-07-24 12:57:21,215 - [INFO] - Epoch:  285 | FVAL: 0.0023753
2019-07-24 12:57:22,107 - [INFO] - Epoch:  286 | FVAL: 0.0023741
2019-07-24 12:57:23,001 - [INFO] - Epoch:  287 | FVAL: 0.0023729
2019-07-24 12:57:23,892 - [INFO] - Epoch:  288 | FVAL: 0.0023717
2019-07-24 12:57:24,783 - [INFO] - Epoch:  289 | FVAL: 0.0023705
2019-07-24 12:57:25,675 - [INFO] - Epoch:  290 | FVAL: 0.0023693
2019-07-24 12:57:26,567 - [INFO] - Epoch:  291 | FVAL: 0.0023682
2019-07-24 12:57:27,460 - [INFO] - Epoch:  292 | FVAL: 0.0023670
2019-07-24 12:57:28,348 - [INFO] - Epoch:  293 | FVAL: 0.0023658
2019-07-24 12:57:29,240 - [INFO] - Epoch:  294 | FVAL: 0.0023647
2019-07-24 12:57:30,136 - [INFO] - Epoch:  295 | FVAL: 0.0023635
2019-07-24 12:57:31,027 - [INFO] - Epoch:  296 | FVAL: 0.0023623
2019-07-24 12:57:31,920 - [INFO] - Epoch:  297 | FVAL: 0.0023612
2019-07-24 12:57:32,811 - [INFO] - Epoch:  298 | FVAL: 0.0023601
2019-07-24 12:57:33,699 - [INFO] - Epoch:  299 | FVAL: 0.0023590
2019-07-24 12:57:34,588 - [INFO] - Epoch:  300 | FVAL: 0.0023579
2019-07-24 12:57:35,480 - [INFO] - Epoch:  301 | FVAL: 0.0023568
2019-07-24 12:57:36,371 - [INFO] - Epoch:  302 | FVAL: 0.0023557
2019-07-24 12:57:37,263 - [INFO] - Epoch:  303 | FVAL: 0.0023547
2019-07-24 12:57:38,157 - [INFO] - Epoch:  304 | FVAL: 0.0023536
2019-07-24 12:57:39,049 - [INFO] - Epoch:  305 | FVAL: 0.0023526
2019-07-24 12:57:39,941 - [INFO] - Epoch:  306 | FVAL: 0.0023515
2019-07-24 12:57:40,838 - [INFO] - Epoch:  307 | FVAL: 0.0023505
2019-07-24 12:57:41,729 - [INFO] - Epoch:  308 | FVAL: 0.0023495
2019-07-24 12:57:42,620 - [INFO] - Epoch:  309 | FVAL: 0.0023484
2019-07-24 12:57:43,510 - [INFO] - Epoch:  310 | FVAL: 0.0023474
2019-07-24 12:57:44,399 - [INFO] - Epoch:  311 | FVAL: 0.0023464
2019-07-24 12:57:45,289 - [INFO] - Epoch:  312 | FVAL: 0.0023453
2019-07-24 12:57:46,181 - [INFO] - Epoch:  313 | FVAL: 0.0023443
2019-07-24 12:57:47,073 - [INFO] - Epoch:  314 | FVAL: 0.0023433
2019-07-24 12:57:47,966 - [INFO] - Epoch:  315 | FVAL: 0.0023423
2019-07-24 12:57:48,857 - [INFO] - Epoch:  316 | FVAL: 0.0023413
2019-07-24 12:57:49,750 - [INFO] - Epoch:  317 | FVAL: 0.0023402
2019-07-24 12:57:50,647 - [INFO] - Epoch:  318 | FVAL: 0.0023392
2019-07-24 12:57:51,540 - [INFO] - Epoch:  319 | FVAL: 0.0023382
2019-07-24 12:57:52,430 - [INFO] - Epoch:  320 | FVAL: 0.0023372
