2019-07-12 08:46:47,458 - [INFO] - apcg-- N:100 | d:30 | lambda:0.001
2019-07-12 08:46:47,459 - [INFO] - Function value sequence convergence criteria.
2019-07-12 08:46:47,459 - [INFO] - Epoch:    0 | FVAL: 0.3465736
2019-07-12 08:46:47,464 - [INFO] - Epoch:    1 | FVAL: 0.1805749
2019-07-12 08:46:47,469 - [INFO] - Epoch:    2 | FVAL: 0.1259688
2019-07-12 08:46:47,474 - [INFO] - Epoch:    3 | FVAL: 0.1093651
2019-07-12 08:46:47,481 - [INFO] - Epoch:    4 | FVAL: 0.0963163
2019-07-12 08:46:47,485 - [INFO] - Epoch:    5 | FVAL: 0.0914169
2019-07-12 08:46:47,489 - [INFO] - Epoch:    6 | FVAL: 0.0878918
2019-07-12 08:46:47,494 - [INFO] - Epoch:    7 | FVAL: 0.0839637
2019-07-12 08:46:47,498 - [INFO] - Epoch:    8 | FVAL: 0.0819821
2019-07-12 08:46:47,502 - [INFO] - Epoch:    9 | FVAL: 0.0799040
2019-07-12 08:46:47,507 - [INFO] - Epoch:   10 | FVAL: 0.0781570
2019-07-12 08:46:47,513 - [INFO] - Epoch:   11 | FVAL: 0.0773632
2019-07-12 08:46:47,517 - [INFO] - Epoch:   12 | FVAL: 0.0758993
2019-07-12 08:46:47,522 - [INFO] - Epoch:   13 | FVAL: 0.0750898
2019-07-12 08:46:47,526 - [INFO] - Epoch:   14 | FVAL: 0.0741317
2019-07-12 08:46:47,531 - [INFO] - Epoch:   15 | FVAL: 0.0733577
2019-07-12 08:46:47,536 - [INFO] - Epoch:   16 | FVAL: 0.0724807
2019-07-12 08:46:47,541 - [INFO] - Epoch:   17 | FVAL: 0.0717679
2019-07-12 08:46:47,545 - [INFO] - Epoch:   18 | FVAL: 0.0710661
2019-07-12 08:46:47,550 - [INFO] - Epoch:   19 | FVAL: 0.0707879
2019-07-12 08:46:47,554 - [INFO] - Epoch:   20 | FVAL: 0.0702697
2019-07-12 08:46:47,558 - [INFO] - Epoch:   21 | FVAL: 0.0699222
2019-07-12 08:46:47,563 - [INFO] - Epoch:   22 | FVAL: 0.0696074
2019-07-12 08:46:47,568 - [INFO] - Epoch:   23 | FVAL: 0.0692286
2019-07-12 08:46:47,573 - [INFO] - Epoch:   24 | FVAL: 0.0687693
2019-07-12 08:46:47,577 - [INFO] - Epoch:   25 | FVAL: 0.0683660
2019-07-12 08:46:47,581 - [INFO] - Epoch:   26 | FVAL: 0.0680008
2019-07-12 08:46:47,585 - [INFO] - Epoch:   27 | FVAL: 0.0678127
2019-07-12 08:46:47,590 - [INFO] - Epoch:   28 | FVAL: 0.0675322
2019-07-12 08:46:47,595 - [INFO] - Epoch:   29 | FVAL: 0.0672463
2019-07-12 08:46:47,599 - [INFO] - Epoch:   30 | FVAL: 0.0668736
2019-07-12 08:46:47,604 - [INFO] - Epoch:   31 | FVAL: 0.0666106
2019-07-12 08:46:47,608 - [INFO] - Epoch:   32 | FVAL: 0.0663006
2019-07-12 08:46:47,612 - [INFO] - Epoch:   33 | FVAL: 0.0661623
2019-07-12 08:46:47,616 - [INFO] - Epoch:   34 | FVAL: 0.0659885
2019-07-12 08:46:47,621 - [INFO] - Epoch:   35 | FVAL: 0.0657926
2019-07-12 08:46:47,626 - [INFO] - Epoch:   36 | FVAL: 0.0656757
2019-07-12 08:46:47,630 - [INFO] - Epoch:   37 | FVAL: 0.0655398
2019-07-12 08:46:47,634 - [INFO] - Epoch:   38 | FVAL: 0.0654407
2019-07-12 08:46:47,639 - [INFO] - Epoch:   39 | FVAL: 0.0653281
2019-07-12 08:46:47,643 - [INFO] - Epoch:   40 | FVAL: 0.0652457
2019-07-12 08:46:47,647 - [INFO] - Epoch:   41 | FVAL: 0.0650544
2019-07-12 08:46:47,652 - [INFO] - Epoch:   42 | FVAL: 0.0648872
2019-07-12 08:46:47,657 - [INFO] - Epoch:   43 | FVAL: 0.0647228
2019-07-12 08:46:47,662 - [INFO] - Epoch:   44 | FVAL: 0.0646333
2019-07-12 08:46:47,666 - [INFO] - Epoch:   45 | FVAL: 0.0645037
2019-07-12 08:46:47,671 - [INFO] - Epoch:   46 | FVAL: 0.0643851
2019-07-12 08:46:47,675 - [INFO] - Epoch:   47 | FVAL: 0.0643149
2019-07-12 08:46:47,679 - [INFO] - Epoch:   48 | FVAL: 0.0642271
2019-07-12 08:46:47,684 - [INFO] - Epoch:   49 | FVAL: 0.0641286
2019-07-12 08:46:47,688 - [INFO] - Epoch:   50 | FVAL: 0.0640029
2019-07-12 08:46:47,692 - [INFO] - Epoch:   51 | FVAL: 0.0639338
2019-07-12 08:46:47,697 - [INFO] - Epoch:   52 | FVAL: 0.0638495
2019-07-12 08:46:47,702 - [INFO] - Epoch:   53 | FVAL: 0.0637350
2019-07-12 08:46:47,706 - [INFO] - Epoch:   54 | FVAL: 0.0636091
2019-07-12 08:46:47,710 - [INFO] - Epoch:   55 | FVAL: 0.0635168
2019-07-12 08:46:47,714 - [INFO] - Epoch:   56 | FVAL: 0.0634467
2019-07-12 08:46:47,719 - [INFO] - Epoch:   57 | FVAL: 0.0633845
2019-07-12 08:46:47,723 - [INFO] - Epoch:   58 | FVAL: 0.0632781
2019-07-12 08:46:47,728 - [INFO] - Epoch:   59 | FVAL: 0.0632136
2019-07-12 08:46:47,732 - [INFO] - Epoch:   60 | FVAL: 0.0631679
2019-07-12 08:46:47,736 - [INFO] - Epoch:   61 | FVAL: 0.0630984
2019-07-12 08:46:47,741 - [INFO] - Epoch:   62 | FVAL: 0.0630238
2019-07-12 08:46:47,745 - [INFO] - Epoch:   63 | FVAL: 0.0629545
2019-07-12 08:46:47,750 - [INFO] - Epoch:   64 | FVAL: 0.0628992
2019-07-12 08:46:47,754 - [INFO] - Epoch:   65 | FVAL: 0.0628450
2019-07-12 08:46:47,759 - [INFO] - Epoch:   66 | FVAL: 0.0627876
2019-07-12 08:46:47,763 - [INFO] - Epoch:   67 | FVAL: 0.0627537
2019-07-12 08:46:47,768 - [INFO] - Epoch:   68 | FVAL: 0.0626776
2019-07-12 08:46:47,772 - [INFO] - Epoch:   69 | FVAL: 0.0626258
2019-07-12 08:46:47,777 - [INFO] - Epoch:   70 | FVAL: 0.0625551
2019-07-12 08:46:47,782 - [INFO] - Epoch:   71 | FVAL: 0.0624996
2019-07-12 08:46:47,786 - [INFO] - Epoch:   72 | FVAL: 0.0624442
2019-07-12 08:46:47,790 - [INFO] - Epoch:   73 | FVAL: 0.0624119
2019-07-12 08:46:47,795 - [INFO] - Epoch:   74 | FVAL: 0.0623459
2019-07-12 08:46:47,799 - [INFO] - Epoch:   75 | FVAL: 0.0622856
2019-07-12 08:46:47,804 - [INFO] - Epoch:   76 | FVAL: 0.0622365
2019-07-12 08:46:47,808 - [INFO] - Epoch:   77 | FVAL: 0.0621624
2019-07-12 08:46:47,813 - [INFO] - Epoch:   78 | FVAL: 0.0621181
2019-07-12 08:46:47,817 - [INFO] - Epoch:   79 | FVAL: 0.0620821
2019-07-12 08:46:47,822 - [INFO] - Epoch:   80 | FVAL: 0.0620354
2019-07-12 08:46:47,827 - [INFO] - Epoch:   81 | FVAL: 0.0620010
2019-07-12 08:46:47,832 - [INFO] - Epoch:   82 | FVAL: 0.0619582
2019-07-12 08:46:47,837 - [INFO] - Epoch:   83 | FVAL: 0.0619188
2019-07-12 08:46:47,842 - [INFO] - Epoch:   84 | FVAL: 0.0618710
2019-07-12 08:46:47,848 - [INFO] - Epoch:   85 | FVAL: 0.0618285
2019-07-12 08:46:47,852 - [INFO] - Epoch:   86 | FVAL: 0.0617871
2019-07-12 08:46:47,857 - [INFO] - Epoch:   87 | FVAL: 0.0617438
2019-07-12 08:46:47,861 - [INFO] - Epoch:   88 | FVAL: 0.0617172
2019-07-12 08:46:47,866 - [INFO] - Epoch:   89 | FVAL: 0.0616804
2019-07-12 08:46:47,872 - [INFO] - Epoch:   90 | FVAL: 0.0616577
2019-07-12 08:46:47,877 - [INFO] - Epoch:   91 | FVAL: 0.0616165
2019-07-12 08:46:47,881 - [INFO] - Epoch:   92 | FVAL: 0.0615796
2019-07-12 08:46:47,886 - [INFO] - Epoch:   93 | FVAL: 0.0615545
2019-07-12 08:46:47,890 - [INFO] - Epoch:   94 | FVAL: 0.0615175
2019-07-12 08:46:47,895 - [INFO] - Epoch:   95 | FVAL: 0.0614836
2019-07-12 08:46:47,900 - [INFO] - Epoch:   96 | FVAL: 0.0614496
2019-07-12 08:46:47,904 - [INFO] - Epoch:   97 | FVAL: 0.0614215
2019-07-12 08:46:47,909 - [INFO] - Epoch:   98 | FVAL: 0.0613929
2019-07-12 08:46:47,913 - [INFO] - Epoch:   99 | FVAL: 0.0613686
2019-07-12 08:46:47,918 - [INFO] - Epoch:  100 | FVAL: 0.0613528
2019-07-12 08:46:47,922 - [INFO] - Epoch:  101 | FVAL: 0.0613292
2019-07-12 08:46:47,927 - [INFO] - Epoch:  102 | FVAL: 0.0613082
2019-07-12 08:46:47,932 - [INFO] - Epoch:  103 | FVAL: 0.0612872
2019-07-12 08:46:47,936 - [INFO] - Epoch:  104 | FVAL: 0.0612605
2019-07-12 08:46:47,941 - [INFO] - Epoch:  105 | FVAL: 0.0612367
2019-07-12 08:46:47,945 - [INFO] - Epoch:  106 | FVAL: 0.0612119
2019-07-12 08:46:47,950 - [INFO] - Epoch:  107 | FVAL: 0.0611925
2019-07-12 08:46:47,954 - [INFO] - Epoch:  108 | FVAL: 0.0611696
2019-07-12 08:46:47,959 - [INFO] - Epoch:  109 | FVAL: 0.0611431
2019-07-12 08:46:47,965 - [INFO] - Epoch:  110 | FVAL: 0.0611154
2019-07-12 08:46:47,970 - [INFO] - Epoch:  111 | FVAL: 0.0610964
2019-07-12 08:46:47,975 - [INFO] - Epoch:  112 | FVAL: 0.0610781
2019-07-12 08:46:47,979 - [INFO] - Epoch:  113 | FVAL: 0.0610602
2019-07-12 08:46:47,984 - [INFO] - Epoch:  114 | FVAL: 0.0610476
2019-07-12 08:46:47,988 - [INFO] - Epoch:  115 | FVAL: 0.0610284
2019-07-12 08:46:47,994 - [INFO] - Epoch:  116 | FVAL: 0.0610143
2019-07-12 08:46:47,998 - [INFO] - Epoch:  117 | FVAL: 0.0610023
2019-07-12 08:46:48,003 - [INFO] - Epoch:  118 | FVAL: 0.0609798
2019-07-12 08:46:48,008 - [INFO] - Epoch:  119 | FVAL: 0.0609641
2019-07-12 08:46:48,012 - [INFO] - Epoch:  120 | FVAL: 0.0609454
2019-07-12 08:46:48,017 - [INFO] - Epoch:  121 | FVAL: 0.0609348
2019-07-12 08:46:48,022 - [INFO] - Epoch:  122 | FVAL: 0.0609219
2019-07-12 08:46:48,027 - [INFO] - Epoch:  123 | FVAL: 0.0609058
2019-07-12 08:46:48,031 - [INFO] - Epoch:  124 | FVAL: 0.0608909
2019-07-12 08:46:48,036 - [INFO] - Epoch:  125 | FVAL: 0.0608780
2019-07-12 08:46:48,041 - [INFO] - Epoch:  126 | FVAL: 0.0608626
2019-07-12 08:46:48,046 - [INFO] - Epoch:  127 | FVAL: 0.0608518
2019-07-12 08:46:48,051 - [INFO] - Epoch:  128 | FVAL: 0.0608423
2019-07-12 08:46:48,055 - [INFO] - Epoch:  129 | FVAL: 0.0608329
2019-07-12 08:46:48,060 - [INFO] - Epoch:  130 | FVAL: 0.0608196
2019-07-12 08:46:48,065 - [INFO] - Epoch:  131 | FVAL: 0.0608124
2019-07-12 08:46:48,070 - [INFO] - Epoch:  132 | FVAL: 0.0608014
2019-07-12 08:46:48,074 - [INFO] - Epoch:  133 | FVAL: 0.0607898
2019-07-12 08:46:48,079 - [INFO] - Epoch:  134 | FVAL: 0.0607771
2019-07-12 08:46:48,084 - [INFO] - Epoch:  135 | FVAL: 0.0607677
2019-07-12 08:46:48,088 - [INFO] - Epoch:  136 | FVAL: 0.0607622
2019-07-12 08:46:48,095 - [INFO] - Epoch:  137 | FVAL: 0.0607461
2019-07-12 08:46:48,099 - [INFO] - Epoch:  138 | FVAL: 0.0607341
2019-07-12 08:46:48,104 - [INFO] - Epoch:  139 | FVAL: 0.0607293
2019-07-12 08:46:48,109 - [INFO] - Epoch:  140 | FVAL: 0.0607183
2019-07-12 08:46:48,113 - [INFO] - Epoch:  141 | FVAL: 0.0607098
2019-07-12 08:46:48,118 - [INFO] - Epoch:  142 | FVAL: 0.0607039
2019-07-12 08:46:48,124 - [INFO] - Epoch:  143 | FVAL: 0.0606975
2019-07-12 08:46:48,129 - [INFO] - Epoch:  144 | FVAL: 0.0606925
2019-07-12 08:46:48,134 - [INFO] - Epoch:  145 | FVAL: 0.0606827
2019-07-12 08:46:48,138 - [INFO] - Epoch:  146 | FVAL: 0.0606759
2019-07-12 08:46:48,143 - [INFO] - Epoch:  147 | FVAL: 0.0606688
2019-07-12 08:46:48,148 - [INFO] - Epoch:  148 | FVAL: 0.0606588
2019-07-12 08:46:48,154 - [INFO] - Epoch:  149 | FVAL: 0.0606515
2019-07-12 08:46:48,159 - [INFO] - Epoch:  150 | FVAL: 0.0606460
2019-07-12 08:46:48,163 - [INFO] - Epoch:  151 | FVAL: 0.0606403
2019-07-12 08:46:48,168 - [INFO] - Epoch:  152 | FVAL: 0.0606287
2019-07-12 08:46:48,172 - [INFO] - Epoch:  153 | FVAL: 0.0606212
2019-07-12 08:46:48,179 - [INFO] - Epoch:  154 | FVAL: 0.0606166
2019-07-12 08:46:48,184 - [INFO] - Epoch:  155 | FVAL: 0.0606139
2019-07-12 08:46:48,188 - [INFO] - Epoch:  156 | FVAL: 0.0606102
2019-07-12 08:46:48,193 - [INFO] - Epoch:  157 | FVAL: 0.0606036
2019-07-12 08:46:48,197 - [INFO] - Epoch:  158 | FVAL: 0.0605947
2019-07-12 08:46:48,203 - [INFO] - Epoch:  159 | FVAL: 0.0605894
2019-07-12 08:46:48,208 - [INFO] - Epoch:  160 | FVAL: 0.0605862
2019-07-12 08:46:48,212 - [INFO] - Epoch:  161 | FVAL: 0.0605795
2019-07-12 08:46:48,217 - [INFO] - Epoch:  162 | FVAL: 0.0605728
2019-07-12 08:46:48,222 - [INFO] - Epoch:  163 | FVAL: 0.0605659
2019-07-12 08:46:48,226 - [INFO] - Epoch:  164 | FVAL: 0.0605626
2019-07-12 08:46:48,231 - [INFO] - Epoch:  165 | FVAL: 0.0605566
2019-07-12 08:46:48,235 - [INFO] - Epoch:  166 | FVAL: 0.0605504
2019-07-12 08:46:48,240 - [INFO] - Epoch:  167 | FVAL: 0.0605453
2019-07-12 08:46:48,246 - [INFO] - Epoch:  168 | FVAL: 0.0605357
2019-07-12 08:46:48,251 - [INFO] - Epoch:  169 | FVAL: 0.0605296
2019-07-12 08:46:48,256 - [INFO] - Epoch:  170 | FVAL: 0.0605264
2019-07-12 08:46:48,263 - [INFO] - Epoch:  171 | FVAL: 0.0605206
2019-07-12 08:46:48,268 - [INFO] - Epoch:  172 | FVAL: 0.0605143
2019-07-12 08:46:48,274 - [INFO] - Epoch:  173 | FVAL: 0.0605052
2019-07-12 08:46:48,280 - [INFO] - Epoch:  174 | FVAL: 0.0604989
2019-07-12 08:46:48,284 - [INFO] - Epoch:  175 | FVAL: 0.0604927
2019-07-12 08:46:48,289 - [INFO] - Epoch:  176 | FVAL: 0.0604895
2019-07-12 08:46:48,294 - [INFO] - Epoch:  177 | FVAL: 0.0604838
2019-07-12 08:46:48,299 - [INFO] - Epoch:  178 | FVAL: 0.0604799
2019-07-12 08:46:48,304 - [INFO] - Epoch:  179 | FVAL: 0.0604765
2019-07-12 08:46:48,308 - [INFO] - Epoch:  180 | FVAL: 0.0604742
2019-07-12 08:46:48,313 - [INFO] - Epoch:  181 | FVAL: 0.0604692
2019-07-12 08:46:48,318 - [INFO] - Epoch:  182 | FVAL: 0.0604654
2019-07-12 08:46:48,323 - [INFO] - Epoch:  183 | FVAL: 0.0604611
2019-07-12 08:46:48,328 - [INFO] - Epoch:  184 | FVAL: 0.0604566
2019-07-12 08:46:48,335 - [INFO] - Epoch:  185 | FVAL: 0.0604523
2019-07-12 08:46:48,340 - [INFO] - Epoch:  186 | FVAL: 0.0604425
2019-07-12 08:46:48,344 - [INFO] - Epoch:  187 | FVAL: 0.0604366
2019-07-12 08:46:48,349 - [INFO] - Epoch:  188 | FVAL: 0.0604321
2019-07-12 08:46:48,353 - [INFO] - Epoch:  189 | FVAL: 0.0604278
2019-07-12 08:46:48,358 - [INFO] - Epoch:  190 | FVAL: 0.0604226
2019-07-12 08:46:48,363 - [INFO] - Epoch:  191 | FVAL: 0.0604173
2019-07-12 08:46:48,369 - [INFO] - Epoch:  192 | FVAL: 0.0604153
2019-07-12 08:46:48,377 - [INFO] - Epoch:  193 | FVAL: 0.0604116
2019-07-12 08:46:48,383 - [INFO] - Epoch:  194 | FVAL: 0.0604086
2019-07-12 08:46:48,388 - [INFO] - Epoch:  195 | FVAL: 0.0604055
2019-07-12 08:46:48,392 - [INFO] - Epoch:  196 | FVAL: 0.0604022
2019-07-12 08:46:48,397 - [INFO] - Epoch:  197 | FVAL: 0.0603973
2019-07-12 08:46:48,403 - [INFO] - Epoch:  198 | FVAL: 0.0603935
2019-07-12 08:46:48,408 - [INFO] - Epoch:  199 | FVAL: 0.0603890
2019-07-12 08:46:48,413 - [INFO] - Epoch:  200 | FVAL: 0.0603822
2019-07-12 08:46:48,417 - [INFO] - Epoch:  201 | FVAL: 0.0603786
2019-07-12 08:46:48,422 - [INFO] - Epoch:  202 | FVAL: 0.0603750
2019-07-12 08:46:48,427 - [INFO] - Epoch:  203 | FVAL: 0.0603720
2019-07-12 08:46:48,432 - [INFO] - Epoch:  204 | FVAL: 0.0603675
2019-07-12 08:46:48,437 - [INFO] - Epoch:  205 | FVAL: 0.0603656
2019-07-12 08:46:48,442 - [INFO] - Epoch:  206 | FVAL: 0.0603630
2019-07-12 08:46:48,447 - [INFO] - Epoch:  207 | FVAL: 0.0603604
2019-07-12 08:46:48,451 - [INFO] - Epoch:  208 | FVAL: 0.0603567
2019-07-12 08:46:48,457 - [INFO] - Epoch:  209 | FVAL: 0.0603521
2019-07-12 08:46:48,463 - [INFO] - Epoch:  210 | FVAL: 0.0603496
2019-07-12 08:46:48,468 - [INFO] - Epoch:  211 | FVAL: 0.0603478
2019-07-12 08:46:48,472 - [INFO] - Epoch:  212 | FVAL: 0.0603456
2019-07-12 08:46:48,477 - [INFO] - Epoch:  213 | FVAL: 0.0603437
2019-07-12 08:46:48,487 - [INFO] - Epoch:  214 | FVAL: 0.0603402
2019-07-12 08:46:48,497 - [INFO] - Epoch:  215 | FVAL: 0.0603356
2019-07-12 08:46:48,503 - [INFO] - Epoch:  216 | FVAL: 0.0603331
2019-07-12 08:46:48,508 - [INFO] - Epoch:  217 | FVAL: 0.0603299
2019-07-12 08:46:48,513 - [INFO] - Epoch:  218 | FVAL: 0.0603277
2019-07-12 08:46:48,517 - [INFO] - Epoch:  219 | FVAL: 0.0603260
2019-07-12 08:46:48,522 - [INFO] - Epoch:  220 | FVAL: 0.0603245
2019-07-12 08:46:48,527 - [INFO] - Epoch:  221 | FVAL: 0.0603230
2019-07-12 08:46:48,532 - [INFO] - Epoch:  222 | FVAL: 0.0603218
2019-07-12 08:46:48,537 - [INFO] - Epoch:  223 | FVAL: 0.0603186
2019-07-12 08:46:48,541 - [INFO] - Epoch:  224 | FVAL: 0.0603163
2019-07-12 08:46:48,546 - [INFO] - Epoch:  225 | FVAL: 0.0603140
2019-07-12 08:46:48,551 - [INFO] - Epoch:  226 | FVAL: 0.0603128
2019-07-12 08:46:48,556 - [INFO] - Epoch:  227 | FVAL: 0.0603113
2019-07-12 08:46:48,561 - [INFO] - Epoch:  228 | FVAL: 0.0603091
2019-07-12 08:46:48,566 - [INFO] - Epoch:  229 | FVAL: 0.0603068
2019-07-12 08:46:48,572 - [INFO] - Epoch:  230 | FVAL: 0.0603046
2019-07-12 08:46:48,577 - [INFO] - Epoch:  231 | FVAL: 0.0603029
2019-07-12 08:46:48,582 - [INFO] - Epoch:  232 | FVAL: 0.0603009
2019-07-12 08:46:48,588 - [INFO] - Epoch:  233 | FVAL: 0.0602993
2019-07-12 08:46:48,593 - [INFO] - Epoch:  234 | FVAL: 0.0602978
2019-07-12 08:46:48,598 - [INFO] - Epoch:  235 | FVAL: 0.0602966
2019-07-12 08:46:48,603 - [INFO] - Epoch:  236 | FVAL: 0.0602946
2019-07-12 08:46:48,610 - [INFO] - Epoch:  237 | FVAL: 0.0602924
2019-07-12 08:46:48,616 - [INFO] - Epoch:  238 | FVAL: 0.0602907
2019-07-12 08:46:48,621 - [INFO] - Epoch:  239 | FVAL: 0.0602896
2019-07-12 08:46:48,625 - [INFO] - Epoch:  240 | FVAL: 0.0602873
2019-07-12 08:46:48,630 - [INFO] - Epoch:  241 | FVAL: 0.0602853
2019-07-12 08:46:48,635 - [INFO] - Epoch:  242 | FVAL: 0.0602836
2019-07-12 08:46:48,640 - [INFO] - Epoch:  243 | FVAL: 0.0602816
2019-07-12 08:46:48,645 - [INFO] - Epoch:  244 | FVAL: 0.0602802
2019-07-12 08:46:48,650 - [INFO] - Epoch:  245 | FVAL: 0.0602782
2019-07-12 08:46:48,655 - [INFO] - Epoch:  246 | FVAL: 0.0602760
2019-07-12 08:46:48,660 - [INFO] - Epoch:  247 | FVAL: 0.0602743
2019-07-12 08:46:48,665 - [INFO] - Epoch:  248 | FVAL: 0.0602723
2019-07-12 08:46:48,670 - [INFO] - Epoch:  249 | FVAL: 0.0602710
2019-07-12 08:46:48,675 - [INFO] - Epoch:  250 | FVAL: 0.0602695
2019-07-12 08:46:48,680 - [INFO] - Epoch:  251 | FVAL: 0.0602678
2019-07-12 08:46:48,684 - [INFO] - Epoch:  252 | FVAL: 0.0602659
2019-07-12 08:46:48,689 - [INFO] - Epoch:  253 | FVAL: 0.0602644
2019-07-12 08:46:48,694 - [INFO] - Epoch:  254 | FVAL: 0.0602630
2019-07-12 08:46:48,699 - [INFO] - Epoch:  255 | FVAL: 0.0602617
2019-07-12 08:46:48,705 - [INFO] - Epoch:  256 | FVAL: 0.0602604
2019-07-12 08:46:48,710 - [INFO] - Epoch:  257 | FVAL: 0.0602594
2019-07-12 08:46:48,714 - [INFO] - Epoch:  258 | FVAL: 0.0602581
2019-07-12 08:46:48,719 - [INFO] - Epoch:  259 | FVAL: 0.0602569
2019-07-12 08:46:48,724 - [INFO] - Epoch:  260 | FVAL: 0.0602556
2019-07-12 08:46:48,730 - [INFO] - Epoch:  261 | FVAL: 0.0602539
2019-07-12 08:46:48,735 - [INFO] - Epoch:  262 | FVAL: 0.0602527
2019-07-12 08:46:48,740 - [INFO] - Epoch:  263 | FVAL: 0.0602514
2019-07-12 08:46:48,745 - [INFO] - Epoch:  264 | FVAL: 0.0602502
2019-07-12 08:46:48,750 - [INFO] - Epoch:  265 | FVAL: 0.0602488
2019-07-12 08:46:48,757 - [INFO] - Epoch:  266 | FVAL: 0.0602476
2019-07-12 08:46:48,762 - [INFO] - Epoch:  267 | FVAL: 0.0602463
2019-07-12 08:46:48,767 - [INFO] - Epoch:  268 | FVAL: 0.0602451
2019-07-12 08:46:48,772 - [INFO] - Epoch:  269 | FVAL: 0.0602437
2019-07-12 08:46:48,777 - [INFO] - Epoch:  270 | FVAL: 0.0602428
