2019-07-12 08:46:48,779 - [INFO] - csum-- N:100 | d:30 | lambda:0.001
2019-07-12 08:46:48,779 - [INFO] - Function value sequence convergence criteria.
2019-07-12 08:46:48,779 - [INFO] - Epoch:    0 | FVAL: 0.3465736
2019-07-12 08:46:48,783 - [INFO] - Epoch:    1 | FVAL: 0.3465736
2019-07-12 08:46:48,787 - [INFO] - Epoch:    2 | FVAL: 0.1384329
2019-07-12 08:46:48,790 - [INFO] - Epoch:    3 | FVAL: 0.1148279
2019-07-12 08:46:48,794 - [INFO] - Epoch:    4 | FVAL: 0.1034807
2019-07-12 08:46:48,798 - [INFO] - Epoch:    5 | FVAL: 0.0964506
2019-07-12 08:46:48,801 - [INFO] - Epoch:    6 | FVAL: 0.0916814
2019-07-12 08:46:48,804 - [INFO] - Epoch:    7 | FVAL: 0.0881390
2019-07-12 08:46:48,807 - [INFO] - Epoch:    8 | FVAL: 0.0853920
2019-07-12 08:46:48,810 - [INFO] - Epoch:    9 | FVAL: 0.0831745
2019-07-12 08:46:48,813 - [INFO] - Epoch:   10 | FVAL: 0.0813384
2019-07-12 08:46:48,816 - [INFO] - Epoch:   11 | FVAL: 0.0797877
2019-07-12 08:46:48,819 - [INFO] - Epoch:   12 | FVAL: 0.0784571
2019-07-12 08:46:48,822 - [INFO] - Epoch:   13 | FVAL: 0.0773001
2019-07-12 08:46:48,826 - [INFO] - Epoch:   14 | FVAL: 0.0762830
2019-07-12 08:46:48,829 - [INFO] - Epoch:   15 | FVAL: 0.0753802
2019-07-12 08:46:48,832 - [INFO] - Epoch:   16 | FVAL: 0.0745724
2019-07-12 08:46:48,835 - [INFO] - Epoch:   17 | FVAL: 0.0738444
2019-07-12 08:46:48,838 - [INFO] - Epoch:   18 | FVAL: 0.0731843
2019-07-12 08:46:48,841 - [INFO] - Epoch:   19 | FVAL: 0.0725823
2019-07-12 08:46:48,844 - [INFO] - Epoch:   20 | FVAL: 0.0720306
2019-07-12 08:46:48,848 - [INFO] - Epoch:   21 | FVAL: 0.0715228
2019-07-12 08:46:48,851 - [INFO] - Epoch:   22 | FVAL: 0.0710535
2019-07-12 08:46:48,854 - [INFO] - Epoch:   23 | FVAL: 0.0706181
2019-07-12 08:46:48,857 - [INFO] - Epoch:   24 | FVAL: 0.0702130
2019-07-12 08:46:48,860 - [INFO] - Epoch:   25 | FVAL: 0.0698349
2019-07-12 08:46:48,865 - [INFO] - Epoch:   26 | FVAL: 0.0694809
2019-07-12 08:46:48,868 - [INFO] - Epoch:   27 | FVAL: 0.0691488
2019-07-12 08:46:48,870 - [INFO] - Epoch:   28 | FVAL: 0.0688365
2019-07-12 08:46:48,873 - [INFO] - Epoch:   29 | FVAL: 0.0685421
2019-07-12 08:46:48,876 - [INFO] - Epoch:   30 | FVAL: 0.0682641
2019-07-12 08:46:48,879 - [INFO] - Epoch:   31 | FVAL: 0.0680010
2019-07-12 08:46:48,882 - [INFO] - Epoch:   32 | FVAL: 0.0677517
2019-07-12 08:46:48,886 - [INFO] - Epoch:   33 | FVAL: 0.0675151
2019-07-12 08:46:48,889 - [INFO] - Epoch:   34 | FVAL: 0.0672902
2019-07-12 08:46:48,892 - [INFO] - Epoch:   35 | FVAL: 0.0670760
2019-07-12 08:46:48,895 - [INFO] - Epoch:   36 | FVAL: 0.0668719
2019-07-12 08:46:48,898 - [INFO] - Epoch:   37 | FVAL: 0.0666771
2019-07-12 08:46:48,902 - [INFO] - Epoch:   38 | FVAL: 0.0664910
2019-07-12 08:46:48,905 - [INFO] - Epoch:   39 | FVAL: 0.0663129
2019-07-12 08:46:48,908 - [INFO] - Epoch:   40 | FVAL: 0.0661425
2019-07-12 08:46:48,912 - [INFO] - Epoch:   41 | FVAL: 0.0659791
2019-07-12 08:46:48,915 - [INFO] - Epoch:   42 | FVAL: 0.0658225
2019-07-12 08:46:48,918 - [INFO] - Epoch:   43 | FVAL: 0.0656720
2019-07-12 08:46:48,921 - [INFO] - Epoch:   44 | FVAL: 0.0655275
2019-07-12 08:46:48,924 - [INFO] - Epoch:   45 | FVAL: 0.0653885
2019-07-12 08:46:48,927 - [INFO] - Epoch:   46 | FVAL: 0.0652548
2019-07-12 08:46:48,930 - [INFO] - Epoch:   47 | FVAL: 0.0651260
2019-07-12 08:46:48,933 - [INFO] - Epoch:   48 | FVAL: 0.0650019
2019-07-12 08:46:48,937 - [INFO] - Epoch:   49 | FVAL: 0.0648822
2019-07-12 08:46:48,941 - [INFO] - Epoch:   50 | FVAL: 0.0647667
2019-07-12 08:46:48,944 - [INFO] - Epoch:   51 | FVAL: 0.0646553
2019-07-12 08:46:48,947 - [INFO] - Epoch:   52 | FVAL: 0.0645476
2019-07-12 08:46:48,950 - [INFO] - Epoch:   53 | FVAL: 0.0644436
2019-07-12 08:46:48,954 - [INFO] - Epoch:   54 | FVAL: 0.0643430
2019-07-12 08:46:48,957 - [INFO] - Epoch:   55 | FVAL: 0.0642457
2019-07-12 08:46:48,960 - [INFO] - Epoch:   56 | FVAL: 0.0641515
2019-07-12 08:46:48,963 - [INFO] - Epoch:   57 | FVAL: 0.0640603
2019-07-12 08:46:48,966 - [INFO] - Epoch:   58 | FVAL: 0.0639720
2019-07-12 08:46:48,970 - [INFO] - Epoch:   59 | FVAL: 0.0638863
2019-07-12 08:46:48,973 - [INFO] - Epoch:   60 | FVAL: 0.0638034
2019-07-12 08:46:48,976 - [INFO] - Epoch:   61 | FVAL: 0.0637229
2019-07-12 08:46:48,979 - [INFO] - Epoch:   62 | FVAL: 0.0636448
2019-07-12 08:46:48,982 - [INFO] - Epoch:   63 | FVAL: 0.0635690
2019-07-12 08:46:48,985 - [INFO] - Epoch:   64 | FVAL: 0.0634954
2019-07-12 08:46:48,989 - [INFO] - Epoch:   65 | FVAL: 0.0634239
2019-07-12 08:46:48,992 - [INFO] - Epoch:   66 | FVAL: 0.0633544
2019-07-12 08:46:48,995 - [INFO] - Epoch:   67 | FVAL: 0.0632869
2019-07-12 08:46:48,998 - [INFO] - Epoch:   68 | FVAL: 0.0632213
2019-07-12 08:46:49,001 - [INFO] - Epoch:   69 | FVAL: 0.0631575
2019-07-12 08:46:49,004 - [INFO] - Epoch:   70 | FVAL: 0.0630955
2019-07-12 08:46:49,008 - [INFO] - Epoch:   71 | FVAL: 0.0630351
2019-07-12 08:46:49,011 - [INFO] - Epoch:   72 | FVAL: 0.0629763
2019-07-12 08:46:49,014 - [INFO] - Epoch:   73 | FVAL: 0.0629191
2019-07-12 08:46:49,017 - [INFO] - Epoch:   74 | FVAL: 0.0628634
2019-07-12 08:46:49,020 - [INFO] - Epoch:   75 | FVAL: 0.0628092
2019-07-12 08:46:49,023 - [INFO] - Epoch:   76 | FVAL: 0.0627563
2019-07-12 08:46:49,026 - [INFO] - Epoch:   77 | FVAL: 0.0627048
2019-07-12 08:46:49,030 - [INFO] - Epoch:   78 | FVAL: 0.0626546
2019-07-12 08:46:49,033 - [INFO] - Epoch:   79 | FVAL: 0.0626057
2019-07-12 08:46:49,036 - [INFO] - Epoch:   80 | FVAL: 0.0625580
2019-07-12 08:46:49,039 - [INFO] - Epoch:   81 | FVAL: 0.0625114
2019-07-12 08:46:49,043 - [INFO] - Epoch:   82 | FVAL: 0.0624660
2019-07-12 08:46:49,047 - [INFO] - Epoch:   83 | FVAL: 0.0624217
2019-07-12 08:46:49,050 - [INFO] - Epoch:   84 | FVAL: 0.0623785
2019-07-12 08:46:49,054 - [INFO] - Epoch:   85 | FVAL: 0.0623364
2019-07-12 08:46:49,057 - [INFO] - Epoch:   86 | FVAL: 0.0622952
2019-07-12 08:46:49,060 - [INFO] - Epoch:   87 | FVAL: 0.0622550
2019-07-12 08:46:49,063 - [INFO] - Epoch:   88 | FVAL: 0.0622157
2019-07-12 08:46:49,066 - [INFO] - Epoch:   89 | FVAL: 0.0621774
2019-07-12 08:46:49,070 - [INFO] - Epoch:   90 | FVAL: 0.0621399
2019-07-12 08:46:49,073 - [INFO] - Epoch:   91 | FVAL: 0.0621033
2019-07-12 08:46:49,076 - [INFO] - Epoch:   92 | FVAL: 0.0620676
2019-07-12 08:46:49,081 - [INFO] - Epoch:   93 | FVAL: 0.0620326
2019-07-12 08:46:49,084 - [INFO] - Epoch:   94 | FVAL: 0.0619985
2019-07-12 08:46:49,087 - [INFO] - Epoch:   95 | FVAL: 0.0619651
2019-07-12 08:46:49,091 - [INFO] - Epoch:   96 | FVAL: 0.0619324
2019-07-12 08:46:49,094 - [INFO] - Epoch:   97 | FVAL: 0.0619005
2019-07-12 08:46:49,097 - [INFO] - Epoch:   98 | FVAL: 0.0618693
2019-07-12 08:46:49,102 - [INFO] - Epoch:   99 | FVAL: 0.0618388
2019-07-12 08:46:49,105 - [INFO] - Epoch:  100 | FVAL: 0.0618089
2019-07-12 08:46:49,109 - [INFO] - Epoch:  101 | FVAL: 0.0617797
2019-07-12 08:46:49,112 - [INFO] - Epoch:  102 | FVAL: 0.0617511
2019-07-12 08:46:49,115 - [INFO] - Epoch:  103 | FVAL: 0.0617231
2019-07-12 08:46:49,118 - [INFO] - Epoch:  104 | FVAL: 0.0616957
2019-07-12 08:46:49,121 - [INFO] - Epoch:  105 | FVAL: 0.0616689
2019-07-12 08:46:49,124 - [INFO] - Epoch:  106 | FVAL: 0.0616426
2019-07-12 08:46:49,128 - [INFO] - Epoch:  107 | FVAL: 0.0616169
2019-07-12 08:46:49,132 - [INFO] - Epoch:  108 | FVAL: 0.0615917
2019-07-12 08:46:49,135 - [INFO] - Epoch:  109 | FVAL: 0.0615671
2019-07-12 08:46:49,139 - [INFO] - Epoch:  110 | FVAL: 0.0615430
2019-07-12 08:46:49,142 - [INFO] - Epoch:  111 | FVAL: 0.0615193
2019-07-12 08:46:49,145 - [INFO] - Epoch:  112 | FVAL: 0.0614962
2019-07-12 08:46:49,148 - [INFO] - Epoch:  113 | FVAL: 0.0614735
2019-07-12 08:46:49,151 - [INFO] - Epoch:  114 | FVAL: 0.0614512
2019-07-12 08:46:49,156 - [INFO] - Epoch:  115 | FVAL: 0.0614295
2019-07-12 08:46:49,160 - [INFO] - Epoch:  116 | FVAL: 0.0614081
2019-07-12 08:46:49,163 - [INFO] - Epoch:  117 | FVAL: 0.0613872
2019-07-12 08:46:49,166 - [INFO] - Epoch:  118 | FVAL: 0.0613667
2019-07-12 08:46:49,169 - [INFO] - Epoch:  119 | FVAL: 0.0613466
2019-07-12 08:46:49,173 - [INFO] - Epoch:  120 | FVAL: 0.0613269
2019-07-12 08:46:49,176 - [INFO] - Epoch:  121 | FVAL: 0.0613076
2019-07-12 08:46:49,179 - [INFO] - Epoch:  122 | FVAL: 0.0612886
2019-07-12 08:46:49,183 - [INFO] - Epoch:  123 | FVAL: 0.0612701
2019-07-12 08:46:49,186 - [INFO] - Epoch:  124 | FVAL: 0.0612518
2019-07-12 08:46:49,189 - [INFO] - Epoch:  125 | FVAL: 0.0612340
2019-07-12 08:46:49,193 - [INFO] - Epoch:  126 | FVAL: 0.0612165
2019-07-12 08:46:49,197 - [INFO] - Epoch:  127 | FVAL: 0.0611993
2019-07-12 08:46:49,200 - [INFO] - Epoch:  128 | FVAL: 0.0611824
2019-07-12 08:46:49,204 - [INFO] - Epoch:  129 | FVAL: 0.0611659
2019-07-12 08:46:49,208 - [INFO] - Epoch:  130 | FVAL: 0.0611496
2019-07-12 08:46:49,211 - [INFO] - Epoch:  131 | FVAL: 0.0611337
2019-07-12 08:46:49,215 - [INFO] - Epoch:  132 | FVAL: 0.0611181
2019-07-12 08:46:49,218 - [INFO] - Epoch:  133 | FVAL: 0.0611028
2019-07-12 08:46:49,221 - [INFO] - Epoch:  134 | FVAL: 0.0610877
2019-07-12 08:46:49,225 - [INFO] - Epoch:  135 | FVAL: 0.0610729
2019-07-12 08:46:49,228 - [INFO] - Epoch:  136 | FVAL: 0.0610584
2019-07-12 08:46:49,231 - [INFO] - Epoch:  137 | FVAL: 0.0610442
2019-07-12 08:46:49,235 - [INFO] - Epoch:  138 | FVAL: 0.0610303
2019-07-12 08:46:49,238 - [INFO] - Epoch:  139 | FVAL: 0.0610165
2019-07-12 08:46:49,241 - [INFO] - Epoch:  140 | FVAL: 0.0610031
2019-07-12 08:46:49,245 - [INFO] - Epoch:  141 | FVAL: 0.0609899
2019-07-12 08:46:49,249 - [INFO] - Epoch:  142 | FVAL: 0.0609769
2019-07-12 08:46:49,253 - [INFO] - Epoch:  143 | FVAL: 0.0609641
2019-07-12 08:46:49,259 - [INFO] - Epoch:  144 | FVAL: 0.0609516
2019-07-12 08:46:49,262 - [INFO] - Epoch:  145 | FVAL: 0.0609393
2019-07-12 08:46:49,265 - [INFO] - Epoch:  146 | FVAL: 0.0609272
2019-07-12 08:46:49,269 - [INFO] - Epoch:  147 | FVAL: 0.0609154
2019-07-12 08:46:49,273 - [INFO] - Epoch:  148 | FVAL: 0.0609037
2019-07-12 08:46:49,277 - [INFO] - Epoch:  149 | FVAL: 0.0608923
2019-07-12 08:46:49,280 - [INFO] - Epoch:  150 | FVAL: 0.0608811
2019-07-12 08:46:49,283 - [INFO] - Epoch:  151 | FVAL: 0.0608700
2019-07-12 08:46:49,287 - [INFO] - Epoch:  152 | FVAL: 0.0608592
2019-07-12 08:46:49,290 - [INFO] - Epoch:  153 | FVAL: 0.0608485
2019-07-12 08:46:49,293 - [INFO] - Epoch:  154 | FVAL: 0.0608380
2019-07-12 08:46:49,297 - [INFO] - Epoch:  155 | FVAL: 0.0608277
2019-07-12 08:46:49,300 - [INFO] - Epoch:  156 | FVAL: 0.0608176
2019-07-12 08:46:49,304 - [INFO] - Epoch:  157 | FVAL: 0.0608077
2019-07-12 08:46:49,307 - [INFO] - Epoch:  158 | FVAL: 0.0607979
2019-07-12 08:46:49,310 - [INFO] - Epoch:  159 | FVAL: 0.0607883
2019-07-12 08:46:49,314 - [INFO] - Epoch:  160 | FVAL: 0.0607789
2019-07-12 08:46:49,317 - [INFO] - Epoch:  161 | FVAL: 0.0607696
2019-07-12 08:46:49,320 - [INFO] - Epoch:  162 | FVAL: 0.0607605
2019-07-12 08:46:49,323 - [INFO] - Epoch:  163 | FVAL: 0.0607515
2019-07-12 08:46:49,327 - [INFO] - Epoch:  164 | FVAL: 0.0607427
2019-07-12 08:46:49,331 - [INFO] - Epoch:  165 | FVAL: 0.0607340
2019-07-12 08:46:49,334 - [INFO] - Epoch:  166 | FVAL: 0.0607255
2019-07-12 08:46:49,338 - [INFO] - Epoch:  167 | FVAL: 0.0607171
2019-07-12 08:46:49,341 - [INFO] - Epoch:  168 | FVAL: 0.0607089
2019-07-12 08:46:49,344 - [INFO] - Epoch:  169 | FVAL: 0.0607008
2019-07-12 08:46:49,348 - [INFO] - Epoch:  170 | FVAL: 0.0606928
2019-07-12 08:46:49,353 - [INFO] - Epoch:  171 | FVAL: 0.0606850
2019-07-12 08:46:49,357 - [INFO] - Epoch:  172 | FVAL: 0.0606773
2019-07-12 08:46:49,361 - [INFO] - Epoch:  173 | FVAL: 0.0606697
2019-07-12 08:46:49,364 - [INFO] - Epoch:  174 | FVAL: 0.0606623
2019-07-12 08:46:49,368 - [INFO] - Epoch:  175 | FVAL: 0.0606549
2019-07-12 08:46:49,371 - [INFO] - Epoch:  176 | FVAL: 0.0606477
2019-07-12 08:46:49,375 - [INFO] - Epoch:  177 | FVAL: 0.0606406
2019-07-12 08:46:49,379 - [INFO] - Epoch:  178 | FVAL: 0.0606337
2019-07-12 08:46:49,383 - [INFO] - Epoch:  179 | FVAL: 0.0606268
2019-07-12 08:46:49,388 - [INFO] - Epoch:  180 | FVAL: 0.0606200
2019-07-12 08:46:49,395 - [INFO] - Epoch:  181 | FVAL: 0.0606134
2019-07-12 08:46:49,398 - [INFO] - Epoch:  182 | FVAL: 0.0606069
2019-07-12 08:46:49,402 - [INFO] - Epoch:  183 | FVAL: 0.0606004
2019-07-12 08:46:49,405 - [INFO] - Epoch:  184 | FVAL: 0.0605941
2019-07-12 08:46:49,409 - [INFO] - Epoch:  185 | FVAL: 0.0605879
2019-07-12 08:46:49,412 - [INFO] - Epoch:  186 | FVAL: 0.0605818
2019-07-12 08:46:49,416 - [INFO] - Epoch:  187 | FVAL: 0.0605757
2019-07-12 08:46:49,419 - [INFO] - Epoch:  188 | FVAL: 0.0605698
2019-07-12 08:46:49,423 - [INFO] - Epoch:  189 | FVAL: 0.0605640
2019-07-12 08:46:49,426 - [INFO] - Epoch:  190 | FVAL: 0.0605582
2019-07-12 08:46:49,430 - [INFO] - Epoch:  191 | FVAL: 0.0605526
2019-07-12 08:46:49,433 - [INFO] - Epoch:  192 | FVAL: 0.0605470
2019-07-12 08:46:49,437 - [INFO] - Epoch:  193 | FVAL: 0.0605415
2019-07-12 08:46:49,440 - [INFO] - Epoch:  194 | FVAL: 0.0605361
2019-07-12 08:46:49,444 - [INFO] - Epoch:  195 | FVAL: 0.0605308
2019-07-12 08:46:49,447 - [INFO] - Epoch:  196 | FVAL: 0.0605256
2019-07-12 08:46:49,451 - [INFO] - Epoch:  197 | FVAL: 0.0605205
2019-07-12 08:46:49,454 - [INFO] - Epoch:  198 | FVAL: 0.0605154
2019-07-12 08:46:49,457 - [INFO] - Epoch:  199 | FVAL: 0.0605104
2019-07-12 08:46:49,461 - [INFO] - Epoch:  200 | FVAL: 0.0605055
2019-07-12 08:46:49,466 - [INFO] - Epoch:  201 | FVAL: 0.0605007
2019-07-12 08:46:49,470 - [INFO] - Epoch:  202 | FVAL: 0.0604959
2019-07-12 08:46:49,473 - [INFO] - Epoch:  203 | FVAL: 0.0604913
2019-07-12 08:46:49,477 - [INFO] - Epoch:  204 | FVAL: 0.0604867
2019-07-12 08:46:49,482 - [INFO] - Epoch:  205 | FVAL: 0.0604821
2019-07-12 08:46:49,486 - [INFO] - Epoch:  206 | FVAL: 0.0604776
2019-07-12 08:46:49,490 - [INFO] - Epoch:  207 | FVAL: 0.0604732
2019-07-12 08:46:49,493 - [INFO] - Epoch:  208 | FVAL: 0.0604689
2019-07-12 08:46:49,497 - [INFO] - Epoch:  209 | FVAL: 0.0604647
2019-07-12 08:46:49,500 - [INFO] - Epoch:  210 | FVAL: 0.0604605
2019-07-12 08:46:49,506 - [INFO] - Epoch:  211 | FVAL: 0.0604564
2019-07-12 08:46:49,514 - [INFO] - Epoch:  212 | FVAL: 0.0604524
2019-07-12 08:46:49,520 - [INFO] - Epoch:  213 | FVAL: 0.0604484
2019-07-12 08:46:49,523 - [INFO] - Epoch:  214 | FVAL: 0.0604445
2019-07-12 08:46:49,527 - [INFO] - Epoch:  215 | FVAL: 0.0604407
2019-07-12 08:46:49,531 - [INFO] - Epoch:  216 | FVAL: 0.0604369
2019-07-12 08:46:49,535 - [INFO] - Epoch:  217 | FVAL: 0.0604331
2019-07-12 08:46:49,538 - [INFO] - Epoch:  218 | FVAL: 0.0604295
2019-07-12 08:46:49,542 - [INFO] - Epoch:  219 | FVAL: 0.0604258
2019-07-12 08:46:49,547 - [INFO] - Epoch:  220 | FVAL: 0.0604223
2019-07-12 08:46:49,550 - [INFO] - Epoch:  221 | FVAL: 0.0604188
2019-07-12 08:46:49,554 - [INFO] - Epoch:  222 | FVAL: 0.0604153
2019-07-12 08:46:49,557 - [INFO] - Epoch:  223 | FVAL: 0.0604119
2019-07-12 08:46:49,561 - [INFO] - Epoch:  224 | FVAL: 0.0604086
2019-07-12 08:46:49,564 - [INFO] - Epoch:  225 | FVAL: 0.0604053
2019-07-12 08:46:49,568 - [INFO] - Epoch:  226 | FVAL: 0.0604020
2019-07-12 08:46:49,571 - [INFO] - Epoch:  227 | FVAL: 0.0603988
2019-07-12 08:46:49,575 - [INFO] - Epoch:  228 | FVAL: 0.0603957
2019-07-12 08:46:49,578 - [INFO] - Epoch:  229 | FVAL: 0.0603926
2019-07-12 08:46:49,583 - [INFO] - Epoch:  230 | FVAL: 0.0603895
2019-07-12 08:46:49,586 - [INFO] - Epoch:  231 | FVAL: 0.0603865
2019-07-12 08:46:49,590 - [INFO] - Epoch:  232 | FVAL: 0.0603835
2019-07-12 08:46:49,594 - [INFO] - Epoch:  233 | FVAL: 0.0603806
2019-07-12 08:46:49,598 - [INFO] - Epoch:  234 | FVAL: 0.0603777
2019-07-12 08:46:49,601 - [INFO] - Epoch:  235 | FVAL: 0.0603749
2019-07-12 08:46:49,605 - [INFO] - Epoch:  236 | FVAL: 0.0603721
2019-07-12 08:46:49,608 - [INFO] - Epoch:  237 | FVAL: 0.0603694
2019-07-12 08:46:49,612 - [INFO] - Epoch:  238 | FVAL: 0.0603667
2019-07-12 08:46:49,616 - [INFO] - Epoch:  239 | FVAL: 0.0603640
2019-07-12 08:46:49,619 - [INFO] - Epoch:  240 | FVAL: 0.0603614
2019-07-12 08:46:49,623 - [INFO] - Epoch:  241 | FVAL: 0.0603588
2019-07-12 08:46:49,626 - [INFO] - Epoch:  242 | FVAL: 0.0603562
2019-07-12 08:46:49,630 - [INFO] - Epoch:  243 | FVAL: 0.0603537
2019-07-12 08:46:49,634 - [INFO] - Epoch:  244 | FVAL: 0.0603512
2019-07-12 08:46:49,637 - [INFO] - Epoch:  245 | FVAL: 0.0603488
2019-07-12 08:46:49,641 - [INFO] - Epoch:  246 | FVAL: 0.0603464
2019-07-12 08:46:49,645 - [INFO] - Epoch:  247 | FVAL: 0.0603440
2019-07-12 08:46:49,648 - [INFO] - Epoch:  248 | FVAL: 0.0603417
2019-07-12 08:46:49,652 - [INFO] - Epoch:  249 | FVAL: 0.0603394
2019-07-12 08:46:49,655 - [INFO] - Epoch:  250 | FVAL: 0.0603371
2019-07-12 08:46:49,659 - [INFO] - Epoch:  251 | FVAL: 0.0603349
2019-07-12 08:46:49,663 - [INFO] - Epoch:  252 | FVAL: 0.0603327
2019-07-12 08:46:49,667 - [INFO] - Epoch:  253 | FVAL: 0.0603305
2019-07-12 08:46:49,670 - [INFO] - Epoch:  254 | FVAL: 0.0603284
2019-07-12 08:46:49,674 - [INFO] - Epoch:  255 | FVAL: 0.0603263
2019-07-12 08:46:49,678 - [INFO] - Epoch:  256 | FVAL: 0.0603242
2019-07-12 08:46:49,682 - [INFO] - Epoch:  257 | FVAL: 0.0603222
2019-07-12 08:46:49,685 - [INFO] - Epoch:  258 | FVAL: 0.0603201
2019-07-12 08:46:49,689 - [INFO] - Epoch:  259 | FVAL: 0.0603182
2019-07-12 08:46:49,693 - [INFO] - Epoch:  260 | FVAL: 0.0603162
2019-07-12 08:46:49,696 - [INFO] - Epoch:  261 | FVAL: 0.0603143
2019-07-12 08:46:49,700 - [INFO] - Epoch:  262 | FVAL: 0.0603124
2019-07-12 08:46:49,704 - [INFO] - Epoch:  263 | FVAL: 0.0603105
2019-07-12 08:46:49,707 - [INFO] - Epoch:  264 | FVAL: 0.0603087
2019-07-12 08:46:49,711 - [INFO] - Epoch:  265 | FVAL: 0.0603068
2019-07-12 08:46:49,715 - [INFO] - Epoch:  266 | FVAL: 0.0603050
2019-07-12 08:46:49,718 - [INFO] - Epoch:  267 | FVAL: 0.0603033
2019-07-12 08:46:49,722 - [INFO] - Epoch:  268 | FVAL: 0.0603015
2019-07-12 08:46:49,726 - [INFO] - Epoch:  269 | FVAL: 0.0602998
2019-07-12 08:46:49,729 - [INFO] - Epoch:  270 | FVAL: 0.0602981
2019-07-12 08:46:49,733 - [INFO] - Epoch:  271 | FVAL: 0.0602964
2019-07-12 08:46:49,737 - [INFO] - Epoch:  272 | FVAL: 0.0602948
2019-07-12 08:46:49,741 - [INFO] - Epoch:  273 | FVAL: 0.0602932
2019-07-12 08:46:49,745 - [INFO] - Epoch:  274 | FVAL: 0.0602916
2019-07-12 08:46:49,749 - [INFO] - Epoch:  275 | FVAL: 0.0602900
2019-07-12 08:46:49,752 - [INFO] - Epoch:  276 | FVAL: 0.0602884
2019-07-12 08:46:49,756 - [INFO] - Epoch:  277 | FVAL: 0.0602869
2019-07-12 08:46:49,760 - [INFO] - Epoch:  278 | FVAL: 0.0602854
2019-07-12 08:46:49,763 - [INFO] - Epoch:  279 | FVAL: 0.0602839
2019-07-12 08:46:49,768 - [INFO] - Epoch:  280 | FVAL: 0.0602824
2019-07-12 08:46:49,772 - [INFO] - Epoch:  281 | FVAL: 0.0602810
2019-07-12 08:46:49,775 - [INFO] - Epoch:  282 | FVAL: 0.0602796
2019-07-12 08:46:49,779 - [INFO] - Epoch:  283 | FVAL: 0.0602782
2019-07-12 08:46:49,784 - [INFO] - Epoch:  284 | FVAL: 0.0602768
2019-07-12 08:46:49,789 - [INFO] - Epoch:  285 | FVAL: 0.0602754
2019-07-12 08:46:49,793 - [INFO] - Epoch:  286 | FVAL: 0.0602741
2019-07-12 08:46:49,797 - [INFO] - Epoch:  287 | FVAL: 0.0602727
2019-07-12 08:46:49,801 - [INFO] - Epoch:  288 | FVAL: 0.0602714
2019-07-12 08:46:49,805 - [INFO] - Epoch:  289 | FVAL: 0.0602701
2019-07-12 08:46:49,810 - [INFO] - Epoch:  290 | FVAL: 0.0602688
2019-07-12 08:46:49,814 - [INFO] - Epoch:  291 | FVAL: 0.0602676
2019-07-12 08:46:49,818 - [INFO] - Epoch:  292 | FVAL: 0.0602664
2019-07-12 08:46:49,822 - [INFO] - Epoch:  293 | FVAL: 0.0602651
2019-07-12 08:46:49,825 - [INFO] - Epoch:  294 | FVAL: 0.0602639
2019-07-12 08:46:49,829 - [INFO] - Epoch:  295 | FVAL: 0.0602627
2019-07-12 08:46:49,833 - [INFO] - Epoch:  296 | FVAL: 0.0602616
2019-07-12 08:46:49,837 - [INFO] - Epoch:  297 | FVAL: 0.0602604
2019-07-12 08:46:49,841 - [INFO] - Epoch:  298 | FVAL: 0.0602593
2019-07-12 08:46:49,845 - [INFO] - Epoch:  299 | FVAL: 0.0602581
2019-07-12 08:46:49,848 - [INFO] - Epoch:  300 | FVAL: 0.0602570
2019-07-12 08:46:49,852 - [INFO] - Epoch:  301 | FVAL: 0.0602559
2019-07-12 08:46:49,856 - [INFO] - Epoch:  302 | FVAL: 0.0602549
2019-07-12 08:46:49,862 - [INFO] - Epoch:  303 | FVAL: 0.0602538
2019-07-12 08:46:49,866 - [INFO] - Epoch:  304 | FVAL: 0.0602528
2019-07-12 08:46:49,870 - [INFO] - Epoch:  305 | FVAL: 0.0602517
2019-07-12 08:46:49,874 - [INFO] - Epoch:  306 | FVAL: 0.0602507
2019-07-12 08:46:49,878 - [INFO] - Epoch:  307 | FVAL: 0.0602497
