2019-07-12 08:46:46,248 - [INFO] - rcsum-- N:100 | d:30 | lambda:0.001
2019-07-12 08:46:46,249 - [INFO] - Function value sequence convergence criteria.
2019-07-12 08:46:46,249 - [INFO] - Epoch:    0 | FVAL: 0.3465736
2019-07-12 08:46:46,252 - [INFO] - Epoch:    1 | FVAL: 0.1458843
2019-07-12 08:46:46,261 - [INFO] - Epoch:    2 | FVAL: 0.1189558
2019-07-12 08:46:46,264 - [INFO] - Epoch:    3 | FVAL: 0.1060361
2019-07-12 08:46:46,267 - [INFO] - Epoch:    4 | FVAL: 0.0984928
2019-07-12 08:46:46,270 - [INFO] - Epoch:    5 | FVAL: 0.0932816
2019-07-12 08:46:46,275 - [INFO] - Epoch:    6 | FVAL: 0.0894456
2019-07-12 08:46:46,280 - [INFO] - Epoch:    7 | FVAL: 0.0864912
2019-07-12 08:46:46,283 - [INFO] - Epoch:    8 | FVAL: 0.0841051
2019-07-12 08:46:46,286 - [INFO] - Epoch:    9 | FVAL: 0.0821397
2019-07-12 08:46:46,289 - [INFO] - Epoch:   10 | FVAL: 0.0804913
2019-07-12 08:46:46,292 - [INFO] - Epoch:   11 | FVAL: 0.0790935
2019-07-12 08:46:46,295 - [INFO] - Epoch:   12 | FVAL: 0.0778749
2019-07-12 08:46:46,298 - [INFO] - Epoch:   13 | FVAL: 0.0768024
2019-07-12 08:46:46,301 - [INFO] - Epoch:   14 | FVAL: 0.0758552
2019-07-12 08:46:46,305 - [INFO] - Epoch:   15 | FVAL: 0.0750069
2019-07-12 08:46:46,308 - [INFO] - Epoch:   16 | FVAL: 0.0742458
2019-07-12 08:46:46,311 - [INFO] - Epoch:   17 | FVAL: 0.0735545
2019-07-12 08:46:46,315 - [INFO] - Epoch:   18 | FVAL: 0.0729292
2019-07-12 08:46:46,321 - [INFO] - Epoch:   19 | FVAL: 0.0723553
2019-07-12 08:46:46,324 - [INFO] - Epoch:   20 | FVAL: 0.0718282
2019-07-12 08:46:46,328 - [INFO] - Epoch:   21 | FVAL: 0.0713398
2019-07-12 08:46:46,331 - [INFO] - Epoch:   22 | FVAL: 0.0708902
2019-07-12 08:46:46,334 - [INFO] - Epoch:   23 | FVAL: 0.0704687
2019-07-12 08:46:46,339 - [INFO] - Epoch:   24 | FVAL: 0.0700780
2019-07-12 08:46:46,345 - [INFO] - Epoch:   25 | FVAL: 0.0697113
2019-07-12 08:46:46,352 - [INFO] - Epoch:   26 | FVAL: 0.0693670
2019-07-12 08:46:46,355 - [INFO] - Epoch:   27 | FVAL: 0.0690433
2019-07-12 08:46:46,358 - [INFO] - Epoch:   28 | FVAL: 0.0687393
2019-07-12 08:46:46,361 - [INFO] - Epoch:   29 | FVAL: 0.0684526
2019-07-12 08:46:46,365 - [INFO] - Epoch:   30 | FVAL: 0.0681804
2019-07-12 08:46:46,368 - [INFO] - Epoch:   31 | FVAL: 0.0679248
2019-07-12 08:46:46,372 - [INFO] - Epoch:   32 | FVAL: 0.0676803
2019-07-12 08:46:46,376 - [INFO] - Epoch:   33 | FVAL: 0.0674483
2019-07-12 08:46:46,379 - [INFO] - Epoch:   34 | FVAL: 0.0672275
2019-07-12 08:46:46,382 - [INFO] - Epoch:   35 | FVAL: 0.0670177
2019-07-12 08:46:46,385 - [INFO] - Epoch:   36 | FVAL: 0.0668174
2019-07-12 08:46:46,388 - [INFO] - Epoch:   37 | FVAL: 0.0666260
2019-07-12 08:46:46,391 - [INFO] - Epoch:   38 | FVAL: 0.0664433
2019-07-12 08:46:46,394 - [INFO] - Epoch:   39 | FVAL: 0.0662685
2019-07-12 08:46:46,398 - [INFO] - Epoch:   40 | FVAL: 0.0661012
2019-07-12 08:46:46,401 - [INFO] - Epoch:   41 | FVAL: 0.0659411
2019-07-12 08:46:46,404 - [INFO] - Epoch:   42 | FVAL: 0.0657870
2019-07-12 08:46:46,407 - [INFO] - Epoch:   43 | FVAL: 0.0656393
2019-07-12 08:46:46,410 - [INFO] - Epoch:   44 | FVAL: 0.0654977
2019-07-12 08:46:46,414 - [INFO] - Epoch:   45 | FVAL: 0.0653612
2019-07-12 08:46:46,418 - [INFO] - Epoch:   46 | FVAL: 0.0652294
2019-07-12 08:46:46,421 - [INFO] - Epoch:   47 | FVAL: 0.0651026
2019-07-12 08:46:46,424 - [INFO] - Epoch:   48 | FVAL: 0.0649807
2019-07-12 08:46:46,428 - [INFO] - Epoch:   49 | FVAL: 0.0648623
2019-07-12 08:46:46,431 - [INFO] - Epoch:   50 | FVAL: 0.0647484
2019-07-12 08:46:46,434 - [INFO] - Epoch:   51 | FVAL: 0.0646384
2019-07-12 08:46:46,437 - [INFO] - Epoch:   52 | FVAL: 0.0645322
2019-07-12 08:46:46,441 - [INFO] - Epoch:   53 | FVAL: 0.0644296
2019-07-12 08:46:46,444 - [INFO] - Epoch:   54 | FVAL: 0.0643305
2019-07-12 08:46:46,447 - [INFO] - Epoch:   55 | FVAL: 0.0642345
2019-07-12 08:46:46,450 - [INFO] - Epoch:   56 | FVAL: 0.0641411
2019-07-12 08:46:46,454 - [INFO] - Epoch:   57 | FVAL: 0.0640507
2019-07-12 08:46:46,458 - [INFO] - Epoch:   58 | FVAL: 0.0639636
2019-07-12 08:46:46,461 - [INFO] - Epoch:   59 | FVAL: 0.0638791
2019-07-12 08:46:46,464 - [INFO] - Epoch:   60 | FVAL: 0.0637968
2019-07-12 08:46:46,467 - [INFO] - Epoch:   61 | FVAL: 0.0637172
2019-07-12 08:46:46,470 - [INFO] - Epoch:   62 | FVAL: 0.0636397
2019-07-12 08:46:46,474 - [INFO] - Epoch:   63 | FVAL: 0.0635645
2019-07-12 08:46:46,477 - [INFO] - Epoch:   64 | FVAL: 0.0634921
2019-07-12 08:46:46,480 - [INFO] - Epoch:   65 | FVAL: 0.0634210
2019-07-12 08:46:46,483 - [INFO] - Epoch:   66 | FVAL: 0.0633522
2019-07-12 08:46:46,487 - [INFO] - Epoch:   67 | FVAL: 0.0632855
2019-07-12 08:46:46,490 - [INFO] - Epoch:   68 | FVAL: 0.0632204
2019-07-12 08:46:46,493 - [INFO] - Epoch:   69 | FVAL: 0.0631575
2019-07-12 08:46:46,496 - [INFO] - Epoch:   70 | FVAL: 0.0630960
2019-07-12 08:46:46,500 - [INFO] - Epoch:   71 | FVAL: 0.0630360
2019-07-12 08:46:46,503 - [INFO] - Epoch:   72 | FVAL: 0.0629777
2019-07-12 08:46:46,506 - [INFO] - Epoch:   73 | FVAL: 0.0629211
2019-07-12 08:46:46,510 - [INFO] - Epoch:   74 | FVAL: 0.0628656
2019-07-12 08:46:46,514 - [INFO] - Epoch:   75 | FVAL: 0.0628117
2019-07-12 08:46:46,517 - [INFO] - Epoch:   76 | FVAL: 0.0627596
2019-07-12 08:46:46,521 - [INFO] - Epoch:   77 | FVAL: 0.0627085
2019-07-12 08:46:46,524 - [INFO] - Epoch:   78 | FVAL: 0.0626586
2019-07-12 08:46:46,527 - [INFO] - Epoch:   79 | FVAL: 0.0626099
2019-07-12 08:46:46,530 - [INFO] - Epoch:   80 | FVAL: 0.0625626
2019-07-12 08:46:46,534 - [INFO] - Epoch:   81 | FVAL: 0.0625166
2019-07-12 08:46:46,537 - [INFO] - Epoch:   82 | FVAL: 0.0624715
2019-07-12 08:46:46,540 - [INFO] - Epoch:   83 | FVAL: 0.0624275
2019-07-12 08:46:46,544 - [INFO] - Epoch:   84 | FVAL: 0.0623848
2019-07-12 08:46:46,547 - [INFO] - Epoch:   85 | FVAL: 0.0623430
2019-07-12 08:46:46,550 - [INFO] - Epoch:   86 | FVAL: 0.0623021
2019-07-12 08:46:46,554 - [INFO] - Epoch:   87 | FVAL: 0.0622621
2019-07-12 08:46:46,557 - [INFO] - Epoch:   88 | FVAL: 0.0622230
2019-07-12 08:46:46,560 - [INFO] - Epoch:   89 | FVAL: 0.0621850
2019-07-12 08:46:46,563 - [INFO] - Epoch:   90 | FVAL: 0.0621477
2019-07-12 08:46:46,567 - [INFO] - Epoch:   91 | FVAL: 0.0621112
2019-07-12 08:46:46,570 - [INFO] - Epoch:   92 | FVAL: 0.0620758
2019-07-12 08:46:46,573 - [INFO] - Epoch:   93 | FVAL: 0.0620410
2019-07-12 08:46:46,576 - [INFO] - Epoch:   94 | FVAL: 0.0620069
2019-07-12 08:46:46,580 - [INFO] - Epoch:   95 | FVAL: 0.0619735
2019-07-12 08:46:46,583 - [INFO] - Epoch:   96 | FVAL: 0.0619410
2019-07-12 08:46:46,586 - [INFO] - Epoch:   97 | FVAL: 0.0619091
2019-07-12 08:46:46,590 - [INFO] - Epoch:   98 | FVAL: 0.0618779
2019-07-12 08:46:46,594 - [INFO] - Epoch:   99 | FVAL: 0.0618474
2019-07-12 08:46:46,597 - [INFO] - Epoch:  100 | FVAL: 0.0618176
2019-07-12 08:46:46,600 - [INFO] - Epoch:  101 | FVAL: 0.0617884
2019-07-12 08:46:46,604 - [INFO] - Epoch:  102 | FVAL: 0.0617599
2019-07-12 08:46:46,607 - [INFO] - Epoch:  103 | FVAL: 0.0617319
2019-07-12 08:46:46,610 - [INFO] - Epoch:  104 | FVAL: 0.0617047
2019-07-12 08:46:46,614 - [INFO] - Epoch:  105 | FVAL: 0.0616779
2019-07-12 08:46:46,617 - [INFO] - Epoch:  106 | FVAL: 0.0616517
2019-07-12 08:46:46,623 - [INFO] - Epoch:  107 | FVAL: 0.0616262
2019-07-12 08:46:46,627 - [INFO] - Epoch:  108 | FVAL: 0.0616011
2019-07-12 08:46:46,630 - [INFO] - Epoch:  109 | FVAL: 0.0615765
2019-07-12 08:46:46,634 - [INFO] - Epoch:  110 | FVAL: 0.0615524
2019-07-12 08:46:46,637 - [INFO] - Epoch:  111 | FVAL: 0.0615287
2019-07-12 08:46:46,642 - [INFO] - Epoch:  112 | FVAL: 0.0615055
2019-07-12 08:46:46,645 - [INFO] - Epoch:  113 | FVAL: 0.0614828
2019-07-12 08:46:46,648 - [INFO] - Epoch:  114 | FVAL: 0.0614606
2019-07-12 08:46:46,652 - [INFO] - Epoch:  115 | FVAL: 0.0614389
2019-07-12 08:46:46,655 - [INFO] - Epoch:  116 | FVAL: 0.0614176
2019-07-12 08:46:46,659 - [INFO] - Epoch:  117 | FVAL: 0.0613966
2019-07-12 08:46:46,662 - [INFO] - Epoch:  118 | FVAL: 0.0613761
2019-07-12 08:46:46,665 - [INFO] - Epoch:  119 | FVAL: 0.0613561
2019-07-12 08:46:46,669 - [INFO] - Epoch:  120 | FVAL: 0.0613364
2019-07-12 08:46:46,672 - [INFO] - Epoch:  121 | FVAL: 0.0613170
2019-07-12 08:46:46,676 - [INFO] - Epoch:  122 | FVAL: 0.0612981
2019-07-12 08:46:46,679 - [INFO] - Epoch:  123 | FVAL: 0.0612795
2019-07-12 08:46:46,683 - [INFO] - Epoch:  124 | FVAL: 0.0612613
2019-07-12 08:46:46,686 - [INFO] - Epoch:  125 | FVAL: 0.0612434
2019-07-12 08:46:46,692 - [INFO] - Epoch:  126 | FVAL: 0.0612258
2019-07-12 08:46:46,696 - [INFO] - Epoch:  127 | FVAL: 0.0612086
2019-07-12 08:46:46,700 - [INFO] - Epoch:  128 | FVAL: 0.0611917
2019-07-12 08:46:46,704 - [INFO] - Epoch:  129 | FVAL: 0.0611751
2019-07-12 08:46:46,708 - [INFO] - Epoch:  130 | FVAL: 0.0611588
2019-07-12 08:46:46,712 - [INFO] - Epoch:  131 | FVAL: 0.0611429
2019-07-12 08:46:46,716 - [INFO] - Epoch:  132 | FVAL: 0.0611273
2019-07-12 08:46:46,721 - [INFO] - Epoch:  133 | FVAL: 0.0611119
2019-07-12 08:46:46,727 - [INFO] - Epoch:  134 | FVAL: 0.0610968
2019-07-12 08:46:46,733 - [INFO] - Epoch:  135 | FVAL: 0.0610820
2019-07-12 08:46:46,738 - [INFO] - Epoch:  136 | FVAL: 0.0610675
2019-07-12 08:46:46,742 - [INFO] - Epoch:  137 | FVAL: 0.0610532
2019-07-12 08:46:46,748 - [INFO] - Epoch:  138 | FVAL: 0.0610392
2019-07-12 08:46:46,752 - [INFO] - Epoch:  139 | FVAL: 0.0610254
2019-07-12 08:46:46,758 - [INFO] - Epoch:  140 | FVAL: 0.0610119
2019-07-12 08:46:46,762 - [INFO] - Epoch:  141 | FVAL: 0.0609987
2019-07-12 08:46:46,766 - [INFO] - Epoch:  142 | FVAL: 0.0609857
2019-07-12 08:46:46,770 - [INFO] - Epoch:  143 | FVAL: 0.0609729
2019-07-12 08:46:46,773 - [INFO] - Epoch:  144 | FVAL: 0.0609603
2019-07-12 08:46:46,778 - [INFO] - Epoch:  145 | FVAL: 0.0609480
2019-07-12 08:46:46,782 - [INFO] - Epoch:  146 | FVAL: 0.0609359
2019-07-12 08:46:46,785 - [INFO] - Epoch:  147 | FVAL: 0.0609240
2019-07-12 08:46:46,789 - [INFO] - Epoch:  148 | FVAL: 0.0609122
2019-07-12 08:46:46,793 - [INFO] - Epoch:  149 | FVAL: 0.0609008
2019-07-12 08:46:46,797 - [INFO] - Epoch:  150 | FVAL: 0.0608895
2019-07-12 08:46:46,800 - [INFO] - Epoch:  151 | FVAL: 0.0608784
2019-07-12 08:46:46,804 - [INFO] - Epoch:  152 | FVAL: 0.0608676
2019-07-12 08:46:46,808 - [INFO] - Epoch:  153 | FVAL: 0.0608569
2019-07-12 08:46:46,812 - [INFO] - Epoch:  154 | FVAL: 0.0608463
2019-07-12 08:46:46,817 - [INFO] - Epoch:  155 | FVAL: 0.0608360
2019-07-12 08:46:46,821 - [INFO] - Epoch:  156 | FVAL: 0.0608258
2019-07-12 08:46:46,825 - [INFO] - Epoch:  157 | FVAL: 0.0608158
2019-07-12 08:46:46,829 - [INFO] - Epoch:  158 | FVAL: 0.0608060
2019-07-12 08:46:46,834 - [INFO] - Epoch:  159 | FVAL: 0.0607964
2019-07-12 08:46:46,837 - [INFO] - Epoch:  160 | FVAL: 0.0607869
2019-07-12 08:46:46,841 - [INFO] - Epoch:  161 | FVAL: 0.0607776
2019-07-12 08:46:46,845 - [INFO] - Epoch:  162 | FVAL: 0.0607684
2019-07-12 08:46:46,849 - [INFO] - Epoch:  163 | FVAL: 0.0607594
2019-07-12 08:46:46,852 - [INFO] - Epoch:  164 | FVAL: 0.0607505
2019-07-12 08:46:46,857 - [INFO] - Epoch:  165 | FVAL: 0.0607419
2019-07-12 08:46:46,861 - [INFO] - Epoch:  166 | FVAL: 0.0607333
2019-07-12 08:46:46,865 - [INFO] - Epoch:  167 | FVAL: 0.0607249
2019-07-12 08:46:46,869 - [INFO] - Epoch:  168 | FVAL: 0.0607166
2019-07-12 08:46:46,873 - [INFO] - Epoch:  169 | FVAL: 0.0607085
2019-07-12 08:46:46,877 - [INFO] - Epoch:  170 | FVAL: 0.0607005
2019-07-12 08:46:46,880 - [INFO] - Epoch:  171 | FVAL: 0.0606926
2019-07-12 08:46:46,884 - [INFO] - Epoch:  172 | FVAL: 0.0606849
2019-07-12 08:46:46,888 - [INFO] - Epoch:  173 | FVAL: 0.0606773
2019-07-12 08:46:46,892 - [INFO] - Epoch:  174 | FVAL: 0.0606698
2019-07-12 08:46:46,896 - [INFO] - Epoch:  175 | FVAL: 0.0606624
2019-07-12 08:46:46,900 - [INFO] - Epoch:  176 | FVAL: 0.0606551
2019-07-12 08:46:46,903 - [INFO] - Epoch:  177 | FVAL: 0.0606480
2019-07-12 08:46:46,907 - [INFO] - Epoch:  178 | FVAL: 0.0606409
2019-07-12 08:46:46,911 - [INFO] - Epoch:  179 | FVAL: 0.0606340
2019-07-12 08:46:46,916 - [INFO] - Epoch:  180 | FVAL: 0.0606272
2019-07-12 08:46:46,921 - [INFO] - Epoch:  181 | FVAL: 0.0606205
2019-07-12 08:46:46,926 - [INFO] - Epoch:  182 | FVAL: 0.0606139
2019-07-12 08:46:46,930 - [INFO] - Epoch:  183 | FVAL: 0.0606075
2019-07-12 08:46:46,934 - [INFO] - Epoch:  184 | FVAL: 0.0606011
2019-07-12 08:46:46,938 - [INFO] - Epoch:  185 | FVAL: 0.0605948
2019-07-12 08:46:46,942 - [INFO] - Epoch:  186 | FVAL: 0.0605887
2019-07-12 08:46:46,945 - [INFO] - Epoch:  187 | FVAL: 0.0605826
2019-07-12 08:46:46,949 - [INFO] - Epoch:  188 | FVAL: 0.0605766
2019-07-12 08:46:46,953 - [INFO] - Epoch:  189 | FVAL: 0.0605708
2019-07-12 08:46:46,957 - [INFO] - Epoch:  190 | FVAL: 0.0605649
2019-07-12 08:46:46,960 - [INFO] - Epoch:  191 | FVAL: 0.0605592
2019-07-12 08:46:46,964 - [INFO] - Epoch:  192 | FVAL: 0.0605536
2019-07-12 08:46:46,968 - [INFO] - Epoch:  193 | FVAL: 0.0605481
2019-07-12 08:46:46,972 - [INFO] - Epoch:  194 | FVAL: 0.0605427
2019-07-12 08:46:46,976 - [INFO] - Epoch:  195 | FVAL: 0.0605373
2019-07-12 08:46:46,980 - [INFO] - Epoch:  196 | FVAL: 0.0605320
2019-07-12 08:46:46,983 - [INFO] - Epoch:  197 | FVAL: 0.0605268
2019-07-12 08:46:46,987 - [INFO] - Epoch:  198 | FVAL: 0.0605217
2019-07-12 08:46:46,991 - [INFO] - Epoch:  199 | FVAL: 0.0605167
2019-07-12 08:46:46,995 - [INFO] - Epoch:  200 | FVAL: 0.0605117
2019-07-12 08:46:46,999 - [INFO] - Epoch:  201 | FVAL: 0.0605069
2019-07-12 08:46:47,004 - [INFO] - Epoch:  202 | FVAL: 0.0605021
2019-07-12 08:46:47,007 - [INFO] - Epoch:  203 | FVAL: 0.0604974
2019-07-12 08:46:47,011 - [INFO] - Epoch:  204 | FVAL: 0.0604927
2019-07-12 08:46:47,015 - [INFO] - Epoch:  205 | FVAL: 0.0604882
2019-07-12 08:46:47,020 - [INFO] - Epoch:  206 | FVAL: 0.0604837
2019-07-12 08:46:47,024 - [INFO] - Epoch:  207 | FVAL: 0.0604792
2019-07-12 08:46:47,028 - [INFO] - Epoch:  208 | FVAL: 0.0604749
2019-07-12 08:46:47,031 - [INFO] - Epoch:  209 | FVAL: 0.0604706
2019-07-12 08:46:47,035 - [INFO] - Epoch:  210 | FVAL: 0.0604664
2019-07-12 08:46:47,039 - [INFO] - Epoch:  211 | FVAL: 0.0604622
2019-07-12 08:46:47,044 - [INFO] - Epoch:  212 | FVAL: 0.0604582
2019-07-12 08:46:47,047 - [INFO] - Epoch:  213 | FVAL: 0.0604541
2019-07-12 08:46:47,051 - [INFO] - Epoch:  214 | FVAL: 0.0604502
2019-07-12 08:46:47,055 - [INFO] - Epoch:  215 | FVAL: 0.0604463
2019-07-12 08:46:47,059 - [INFO] - Epoch:  216 | FVAL: 0.0604424
2019-07-12 08:46:47,063 - [INFO] - Epoch:  217 | FVAL: 0.0604387
2019-07-12 08:46:47,067 - [INFO] - Epoch:  218 | FVAL: 0.0604349
2019-07-12 08:46:47,071 - [INFO] - Epoch:  219 | FVAL: 0.0604313
2019-07-12 08:46:47,075 - [INFO] - Epoch:  220 | FVAL: 0.0604276
2019-07-12 08:46:47,079 - [INFO] - Epoch:  221 | FVAL: 0.0604241
2019-07-12 08:46:47,083 - [INFO] - Epoch:  222 | FVAL: 0.0604206
2019-07-12 08:46:47,087 - [INFO] - Epoch:  223 | FVAL: 0.0604171
2019-07-12 08:46:47,092 - [INFO] - Epoch:  224 | FVAL: 0.0604137
2019-07-12 08:46:47,096 - [INFO] - Epoch:  225 | FVAL: 0.0604104
2019-07-12 08:46:47,100 - [INFO] - Epoch:  226 | FVAL: 0.0604071
2019-07-12 08:46:47,104 - [INFO] - Epoch:  227 | FVAL: 0.0604039
2019-07-12 08:46:47,108 - [INFO] - Epoch:  228 | FVAL: 0.0604007
2019-07-12 08:46:47,112 - [INFO] - Epoch:  229 | FVAL: 0.0603975
2019-07-12 08:46:47,117 - [INFO] - Epoch:  230 | FVAL: 0.0603944
2019-07-12 08:46:47,121 - [INFO] - Epoch:  231 | FVAL: 0.0603913
2019-07-12 08:46:47,125 - [INFO] - Epoch:  232 | FVAL: 0.0603883
2019-07-12 08:46:47,129 - [INFO] - Epoch:  233 | FVAL: 0.0603854
2019-07-12 08:46:47,133 - [INFO] - Epoch:  234 | FVAL: 0.0603825
2019-07-12 08:46:47,138 - [INFO] - Epoch:  235 | FVAL: 0.0603796
2019-07-12 08:46:47,143 - [INFO] - Epoch:  236 | FVAL: 0.0603767
2019-07-12 08:46:47,146 - [INFO] - Epoch:  237 | FVAL: 0.0603739
2019-07-12 08:46:47,151 - [INFO] - Epoch:  238 | FVAL: 0.0603712
2019-07-12 08:46:47,159 - [INFO] - Epoch:  239 | FVAL: 0.0603685
2019-07-12 08:46:47,164 - [INFO] - Epoch:  240 | FVAL: 0.0603658
2019-07-12 08:46:47,168 - [INFO] - Epoch:  241 | FVAL: 0.0603632
2019-07-12 08:46:47,171 - [INFO] - Epoch:  242 | FVAL: 0.0603606
2019-07-12 08:46:47,177 - [INFO] - Epoch:  243 | FVAL: 0.0603580
2019-07-12 08:46:47,183 - [INFO] - Epoch:  244 | FVAL: 0.0603555
2019-07-12 08:46:47,187 - [INFO] - Epoch:  245 | FVAL: 0.0603530
2019-07-12 08:46:47,191 - [INFO] - Epoch:  246 | FVAL: 0.0603506
2019-07-12 08:46:47,195 - [INFO] - Epoch:  247 | FVAL: 0.0603482
2019-07-12 08:46:47,199 - [INFO] - Epoch:  248 | FVAL: 0.0603458
2019-07-12 08:46:47,203 - [INFO] - Epoch:  249 | FVAL: 0.0603435
2019-07-12 08:46:47,206 - [INFO] - Epoch:  250 | FVAL: 0.0603412
2019-07-12 08:46:47,212 - [INFO] - Epoch:  251 | FVAL: 0.0603389
2019-07-12 08:46:47,217 - [INFO] - Epoch:  252 | FVAL: 0.0603367
2019-07-12 08:46:47,222 - [INFO] - Epoch:  253 | FVAL: 0.0603345
2019-07-12 08:46:47,226 - [INFO] - Epoch:  254 | FVAL: 0.0603323
2019-07-12 08:46:47,230 - [INFO] - Epoch:  255 | FVAL: 0.0603302
2019-07-12 08:46:47,234 - [INFO] - Epoch:  256 | FVAL: 0.0603280
2019-07-12 08:46:47,238 - [INFO] - Epoch:  257 | FVAL: 0.0603260
2019-07-12 08:46:47,242 - [INFO] - Epoch:  258 | FVAL: 0.0603239
2019-07-12 08:46:47,246 - [INFO] - Epoch:  259 | FVAL: 0.0603219
2019-07-12 08:46:47,252 - [INFO] - Epoch:  260 | FVAL: 0.0603199
2019-07-12 08:46:47,259 - [INFO] - Epoch:  261 | FVAL: 0.0603179
2019-07-12 08:46:47,264 - [INFO] - Epoch:  262 | FVAL: 0.0603160
2019-07-12 08:46:47,268 - [INFO] - Epoch:  263 | FVAL: 0.0603141
2019-07-12 08:46:47,271 - [INFO] - Epoch:  264 | FVAL: 0.0603122
2019-07-12 08:46:47,276 - [INFO] - Epoch:  265 | FVAL: 0.0603104
2019-07-12 08:46:47,281 - [INFO] - Epoch:  266 | FVAL: 0.0603085
2019-07-12 08:46:47,286 - [INFO] - Epoch:  267 | FVAL: 0.0603067
2019-07-12 08:46:47,290 - [INFO] - Epoch:  268 | FVAL: 0.0603049
2019-07-12 08:46:47,294 - [INFO] - Epoch:  269 | FVAL: 0.0603032
2019-07-12 08:46:47,298 - [INFO] - Epoch:  270 | FVAL: 0.0603015
2019-07-12 08:46:47,303 - [INFO] - Epoch:  271 | FVAL: 0.0602998
2019-07-12 08:46:47,306 - [INFO] - Epoch:  272 | FVAL: 0.0602981
2019-07-12 08:46:47,310 - [INFO] - Epoch:  273 | FVAL: 0.0602964
2019-07-12 08:46:47,314 - [INFO] - Epoch:  274 | FVAL: 0.0602948
2019-07-12 08:46:47,318 - [INFO] - Epoch:  275 | FVAL: 0.0602932
2019-07-12 08:46:47,322 - [INFO] - Epoch:  276 | FVAL: 0.0602916
2019-07-12 08:46:47,326 - [INFO] - Epoch:  277 | FVAL: 0.0602900
2019-07-12 08:46:47,330 - [INFO] - Epoch:  278 | FVAL: 0.0602885
2019-07-12 08:46:47,334 - [INFO] - Epoch:  279 | FVAL: 0.0602870
2019-07-12 08:46:47,337 - [INFO] - Epoch:  280 | FVAL: 0.0602855
2019-07-12 08:46:47,341 - [INFO] - Epoch:  281 | FVAL: 0.0602840
2019-07-12 08:46:47,345 - [INFO] - Epoch:  282 | FVAL: 0.0602825
2019-07-12 08:46:47,349 - [INFO] - Epoch:  283 | FVAL: 0.0602811
2019-07-12 08:46:47,354 - [INFO] - Epoch:  284 | FVAL: 0.0602797
2019-07-12 08:46:47,359 - [INFO] - Epoch:  285 | FVAL: 0.0602783
2019-07-12 08:46:47,364 - [INFO] - Epoch:  286 | FVAL: 0.0602769
2019-07-12 08:46:47,369 - [INFO] - Epoch:  287 | FVAL: 0.0602756
2019-07-12 08:46:47,373 - [INFO] - Epoch:  288 | FVAL: 0.0602742
2019-07-12 08:46:47,377 - [INFO] - Epoch:  289 | FVAL: 0.0602729
2019-07-12 08:46:47,381 - [INFO] - Epoch:  290 | FVAL: 0.0602716
2019-07-12 08:46:47,384 - [INFO] - Epoch:  291 | FVAL: 0.0602703
2019-07-12 08:46:47,388 - [INFO] - Epoch:  292 | FVAL: 0.0602691
2019-07-12 08:46:47,392 - [INFO] - Epoch:  293 | FVAL: 0.0602678
2019-07-12 08:46:47,396 - [INFO] - Epoch:  294 | FVAL: 0.0602666
2019-07-12 08:46:47,400 - [INFO] - Epoch:  295 | FVAL: 0.0602654
2019-07-12 08:46:47,404 - [INFO] - Epoch:  296 | FVAL: 0.0602642
2019-07-12 08:46:47,408 - [INFO] - Epoch:  297 | FVAL: 0.0602630
2019-07-12 08:46:47,412 - [INFO] - Epoch:  298 | FVAL: 0.0602618
2019-07-12 08:46:47,416 - [INFO] - Epoch:  299 | FVAL: 0.0602607
2019-07-12 08:46:47,420 - [INFO] - Epoch:  300 | FVAL: 0.0602595
2019-07-12 08:46:47,424 - [INFO] - Epoch:  301 | FVAL: 0.0602584
2019-07-12 08:46:47,429 - [INFO] - Epoch:  302 | FVAL: 0.0602573
2019-07-12 08:46:47,433 - [INFO] - Epoch:  303 | FVAL: 0.0602562
2019-07-12 08:46:47,437 - [INFO] - Epoch:  304 | FVAL: 0.0602552
2019-07-12 08:46:47,441 - [INFO] - Epoch:  305 | FVAL: 0.0602541
2019-07-12 08:46:47,445 - [INFO] - Epoch:  306 | FVAL: 0.0602531
2019-07-12 08:46:47,449 - [INFO] - Epoch:  307 | FVAL: 0.0602520
2019-07-12 08:46:47,453 - [INFO] - Epoch:  308 | FVAL: 0.0602510
2019-07-12 08:46:47,457 - [INFO] - Epoch:  309 | FVAL: 0.0602500
