2019-07-24 14:10:53,960 - [INFO] - apcg-- N:271617 | d:8 | lambda:0.01
2019-07-24 14:10:53,964 - [INFO] - Function value sequence convergence criteria.
2019-07-24 14:10:53,964 - [INFO] - Epoch:    0 | FVAL: 0.3465736
2019-07-24 14:10:54,047 - [INFO] - Epoch:    1 | FVAL: 0.2228397
2019-07-24 14:10:54,132 - [INFO] - Epoch:    2 | FVAL: 0.2151772
2019-07-24 14:10:54,217 - [INFO] - Epoch:    3 | FVAL: 0.1977961
2019-07-24 14:10:54,302 - [INFO] - Epoch:    4 | FVAL: 0.1910532
2019-07-24 14:10:54,386 - [INFO] - Epoch:    5 | FVAL: 0.1870794
2019-07-24 14:10:54,471 - [INFO] - Epoch:    6 | FVAL: 0.1846386
2019-07-24 14:10:54,556 - [INFO] - Epoch:    7 | FVAL: 0.1830006
2019-07-24 14:10:54,641 - [INFO] - Epoch:    8 | FVAL: 0.1814299
2019-07-24 14:10:54,726 - [INFO] - Epoch:    9 | FVAL: 0.1796883
2019-07-24 14:10:54,810 - [INFO] - Epoch:   10 | FVAL: 0.1787168
2019-07-24 14:10:54,895 - [INFO] - Epoch:   11 | FVAL: 0.1780343
2019-07-24 14:10:54,980 - [INFO] - Epoch:   12 | FVAL: 0.1772721
2019-07-24 14:10:55,065 - [INFO] - Epoch:   13 | FVAL: 0.1764977
2019-07-24 14:10:55,150 - [INFO] - Epoch:   14 | FVAL: 0.1762535
2019-07-24 14:10:55,235 - [INFO] - Epoch:   15 | FVAL: 0.1759729
2019-07-24 14:10:55,319 - [INFO] - Epoch:   16 | FVAL: 0.1756919
2019-07-24 14:10:55,404 - [INFO] - Epoch:   17 | FVAL: 0.1756284
2019-07-24 14:10:55,490 - [INFO] - Epoch:   18 | FVAL: 0.1754720
2019-07-24 14:10:55,574 - [INFO] - Epoch:   19 | FVAL: 0.1753397
2019-07-24 14:10:55,659 - [INFO] - Epoch:   20 | FVAL: 0.1752757
2019-07-24 14:10:55,744 - [INFO] - Epoch:   21 | FVAL: 0.1752432
2019-07-24 14:10:55,829 - [INFO] - Epoch:   22 | FVAL: 0.1751320
2019-07-24 14:10:55,914 - [INFO] - Epoch:   23 | FVAL: 0.1750762
2019-07-24 14:10:55,999 - [INFO] - Epoch:   24 | FVAL: 0.1750309
2019-07-24 14:10:56,084 - [INFO] - Epoch:   25 | FVAL: 0.1749945
2019-07-24 14:10:56,169 - [INFO] - Epoch:   26 | FVAL: 0.1749635
2019-07-24 14:10:56,254 - [INFO] - Epoch:   27 | FVAL: 0.1749561
2019-07-24 14:10:56,339 - [INFO] - Epoch:   28 | FVAL: 0.1749369
2019-07-24 14:10:56,424 - [INFO] - Epoch:   29 | FVAL: 0.1749133
2019-07-24 14:10:56,509 - [INFO] - Epoch:   30 | FVAL: 0.1748985
2019-07-24 14:10:56,594 - [INFO] - Epoch:   31 | FVAL: 0.1748787
2019-07-24 14:10:56,679 - [INFO] - Epoch:   32 | FVAL: 0.1748662
2019-07-24 14:10:56,764 - [INFO] - Epoch:   33 | FVAL: 0.1748509
2019-07-24 14:10:56,849 - [INFO] - Epoch:   34 | FVAL: 0.1748378
2019-07-24 14:10:56,934 - [INFO] - Epoch:   35 | FVAL: 0.1748284
2019-07-24 14:10:57,019 - [INFO] - Epoch:   36 | FVAL: 0.1748239
2019-07-24 14:10:57,104 - [INFO] - Epoch:   37 | FVAL: 0.1748093
2019-07-24 14:10:57,189 - [INFO] - Epoch:   38 | FVAL: 0.1748015
2019-07-24 14:10:57,274 - [INFO] - Epoch:   39 | FVAL: 0.1747929
2019-07-24 14:10:57,358 - [INFO] - Epoch:   40 | FVAL: 0.1747874
2019-07-24 14:10:57,443 - [INFO] - Epoch:   41 | FVAL: 0.1747830
2019-07-24 14:10:57,528 - [INFO] - Epoch:   42 | FVAL: 0.1747809
2019-07-24 14:10:57,613 - [INFO] - Epoch:   43 | FVAL: 0.1747768
2019-07-24 14:10:57,698 - [INFO] - Epoch:   44 | FVAL: 0.1747759
2019-07-24 14:11:20,758 - [INFO] - apcg-- N:271617 | d:8 | lambda:0.001
2019-07-24 14:11:20,763 - [INFO] - Function value sequence convergence criteria.
2019-07-24 14:11:20,763 - [INFO] - Epoch:    0 | FVAL: 0.3465736
2019-07-24 14:11:20,846 - [INFO] - Epoch:    1 | FVAL: 0.2271084
2019-07-24 14:11:20,930 - [INFO] - Epoch:    2 | FVAL: 0.2170942
2019-07-24 14:11:21,015 - [INFO] - Epoch:    3 | FVAL: 0.1837199
2019-07-24 14:11:21,099 - [INFO] - Epoch:    4 | FVAL: 0.1519682
2019-07-24 14:11:21,184 - [INFO] - Epoch:    5 | FVAL: 0.1364151
2019-07-24 14:11:21,268 - [INFO] - Epoch:    6 | FVAL: 0.1260760
2019-07-24 14:11:21,353 - [INFO] - Epoch:    7 | FVAL: 0.1193613
2019-07-24 14:11:21,437 - [INFO] - Epoch:    8 | FVAL: 0.1160688
2019-07-24 14:11:21,522 - [INFO] - Epoch:    9 | FVAL: 0.1099947
2019-07-24 14:11:21,607 - [INFO] - Epoch:   10 | FVAL: 0.1062962
2019-07-24 14:11:21,691 - [INFO] - Epoch:   11 | FVAL: 0.1021266
2019-07-24 14:11:21,776 - [INFO] - Epoch:   12 | FVAL: 0.0997247
2019-07-24 14:11:21,860 - [INFO] - Epoch:   13 | FVAL: 0.0972168
2019-07-24 14:11:21,945 - [INFO] - Epoch:   14 | FVAL: 0.0953470
2019-07-24 14:11:22,029 - [INFO] - Epoch:   15 | FVAL: 0.0947905
2019-07-24 14:11:22,114 - [INFO] - Epoch:   16 | FVAL: 0.0935902
2019-07-24 14:11:22,198 - [INFO] - Epoch:   17 | FVAL: 0.0922133
2019-07-24 14:11:22,283 - [INFO] - Epoch:   18 | FVAL: 0.0912538
2019-07-24 14:11:22,367 - [INFO] - Epoch:   19 | FVAL: 0.0904402
2019-07-24 14:11:22,452 - [INFO] - Epoch:   20 | FVAL: 0.0900102
2019-07-24 14:11:22,537 - [INFO] - Epoch:   21 | FVAL: 0.0897110
2019-07-24 14:11:22,621 - [INFO] - Epoch:   22 | FVAL: 0.0889064
2019-07-24 14:11:22,706 - [INFO] - Epoch:   23 | FVAL: 0.0878689
2019-07-24 14:11:22,790 - [INFO] - Epoch:   24 | FVAL: 0.0871716
2019-07-24 14:11:22,875 - [INFO] - Epoch:   25 | FVAL: 0.0867627
2019-07-24 14:11:22,960 - [INFO] - Epoch:   26 | FVAL: 0.0866174
2019-07-24 14:11:23,044 - [INFO] - Epoch:   27 | FVAL: 0.0865038
2019-07-24 14:11:23,129 - [INFO] - Epoch:   28 | FVAL: 0.0864532
2019-07-24 14:11:23,214 - [INFO] - Epoch:   29 | FVAL: 0.0864130
2019-07-24 14:11:23,298 - [INFO] - Epoch:   30 | FVAL: 0.0863685
2019-07-24 14:11:23,383 - [INFO] - Epoch:   31 | FVAL: 0.0860130
2019-07-24 14:11:23,467 - [INFO] - Epoch:   32 | FVAL: 0.0855775
2019-07-24 14:11:23,552 - [INFO] - Epoch:   33 | FVAL: 0.0854857
2019-07-24 14:11:23,637 - [INFO] - Epoch:   34 | FVAL: 0.0852272
2019-07-24 14:11:23,721 - [INFO] - Epoch:   35 | FVAL: 0.0851301
2019-07-24 14:11:23,806 - [INFO] - Epoch:   36 | FVAL: 0.0851161
2019-07-24 14:11:23,891 - [INFO] - Epoch:   37 | FVAL: 0.0849294
2019-07-24 14:11:23,976 - [INFO] - Epoch:   38 | FVAL: 0.0847030
2019-07-24 14:11:24,060 - [INFO] - Epoch:   39 | FVAL: 0.0842913
2019-07-24 14:11:24,145 - [INFO] - Epoch:   40 | FVAL: 0.0839499
2019-07-24 14:11:24,230 - [INFO] - Epoch:   41 | FVAL: 0.0837534
2019-07-24 14:11:24,315 - [INFO] - Epoch:   42 | FVAL: 0.0835784
2019-07-24 14:11:24,399 - [INFO] - Epoch:   43 | FVAL: 0.0834587
2019-07-24 14:11:24,484 - [INFO] - Epoch:   44 | FVAL: 0.0832201
2019-07-24 14:11:24,569 - [INFO] - Epoch:   45 | FVAL: 0.0830212
2019-07-24 14:11:24,653 - [INFO] - Epoch:   46 | FVAL: 0.0828837
2019-07-24 14:11:24,738 - [INFO] - Epoch:   47 | FVAL: 0.0828490
2019-07-24 14:11:24,823 - [INFO] - Epoch:   48 | FVAL: 0.0825777
2019-07-24 14:11:24,908 - [INFO] - Epoch:   49 | FVAL: 0.0824173
2019-07-24 14:11:24,992 - [INFO] - Epoch:   50 | FVAL: 0.0823030
2019-07-24 14:11:25,077 - [INFO] - Epoch:   51 | FVAL: 0.0821956
2019-07-24 14:11:25,162 - [INFO] - Epoch:   52 | FVAL: 0.0820640
2019-07-24 14:11:25,246 - [INFO] - Epoch:   53 | FVAL: 0.0819994
2019-07-24 14:11:25,331 - [INFO] - Epoch:   54 | FVAL: 0.0819204
2019-07-24 14:11:25,416 - [INFO] - Epoch:   55 | FVAL: 0.0817880
2019-07-24 14:11:25,501 - [INFO] - Epoch:   56 | FVAL: 0.0817079
2019-07-24 14:11:25,585 - [INFO] - Epoch:   57 | FVAL: 0.0816977
2019-07-24 14:11:25,670 - [INFO] - Epoch:   58 | FVAL: 0.0816373
2019-07-24 14:11:25,755 - [INFO] - Epoch:   59 | FVAL: 0.0815915
2019-07-24 14:11:25,840 - [INFO] - Epoch:   60 | FVAL: 0.0815027
2019-07-24 14:11:25,925 - [INFO] - Epoch:   61 | FVAL: 0.0814689
2019-07-24 14:11:26,010 - [INFO] - Epoch:   62 | FVAL: 0.0814384
2019-07-24 14:11:26,095 - [INFO] - Epoch:   63 | FVAL: 0.0813826
2019-07-24 14:11:26,179 - [INFO] - Epoch:   64 | FVAL: 0.0813653
2019-07-24 14:11:26,264 - [INFO] - Epoch:   65 | FVAL: 0.0812730
2019-07-24 14:11:26,349 - [INFO] - Epoch:   66 | FVAL: 0.0812032
2019-07-24 14:11:26,434 - [INFO] - Epoch:   67 | FVAL: 0.0811443
2019-07-24 14:11:26,519 - [INFO] - Epoch:   68 | FVAL: 0.0811298
2019-07-24 14:11:26,604 - [INFO] - Epoch:   69 | FVAL: 0.0811216
2019-07-24 14:11:26,689 - [INFO] - Epoch:   70 | FVAL: 0.0810528
2019-07-24 14:11:26,774 - [INFO] - Epoch:   71 | FVAL: 0.0810136
2019-07-24 14:11:26,859 - [INFO] - Epoch:   72 | FVAL: 0.0809956
2019-07-24 14:11:26,944 - [INFO] - Epoch:   73 | FVAL: 0.0809882
2019-07-24 14:11:27,028 - [INFO] - Epoch:   74 | FVAL: 0.0809832
2019-07-24 14:11:27,113 - [INFO] - Epoch:   75 | FVAL: 0.0809813
2019-07-24 14:11:27,198 - [INFO] - Epoch:   76 | FVAL: 0.0809125
2019-07-24 14:11:27,283 - [INFO] - Epoch:   77 | FVAL: 0.0808714
2019-07-24 14:11:27,368 - [INFO] - Epoch:   78 | FVAL: 0.0808313
2019-07-24 14:11:27,453 - [INFO] - Epoch:   79 | FVAL: 0.0807947
2019-07-24 14:11:27,537 - [INFO] - Epoch:   80 | FVAL: 0.0807901
2019-07-24 14:11:27,622 - [INFO] - Epoch:   81 | FVAL: 0.0807837
2019-07-24 14:11:27,707 - [INFO] - Epoch:   82 | FVAL: 0.0807344
2019-07-24 14:11:27,792 - [INFO] - Epoch:   83 | FVAL: 0.0807002
2019-07-24 14:11:27,877 - [INFO] - Epoch:   84 | FVAL: 0.0806790
2019-07-24 14:11:27,962 - [INFO] - Epoch:   85 | FVAL: 0.0806744
2019-07-24 14:11:28,047 - [INFO] - Epoch:   86 | FVAL: 0.0806617
2019-07-24 14:11:28,132 - [INFO] - Epoch:   87 | FVAL: 0.0806588
2019-07-24 14:11:28,217 - [INFO] - Epoch:   88 | FVAL: 0.0806409
2019-07-24 14:11:28,301 - [INFO] - Epoch:   89 | FVAL: 0.0806212
2019-07-24 14:11:28,386 - [INFO] - Epoch:   90 | FVAL: 0.0805991
2019-07-24 14:11:28,471 - [INFO] - Epoch:   91 | FVAL: 0.0805763
2019-07-24 14:11:28,556 - [INFO] - Epoch:   92 | FVAL: 0.0805719
2019-07-24 14:11:28,641 - [INFO] - Epoch:   93 | FVAL: 0.0805557
2019-07-24 14:11:28,726 - [INFO] - Epoch:   94 | FVAL: 0.0805167
2019-07-24 14:11:28,811 - [INFO] - Epoch:   95 | FVAL: 0.0804931
2019-07-24 14:11:28,896 - [INFO] - Epoch:   96 | FVAL: 0.0804725
2019-07-24 14:11:28,981 - [INFO] - Epoch:   97 | FVAL: 0.0804414
2019-07-24 14:11:29,066 - [INFO] - Epoch:   98 | FVAL: 0.0804293
2019-07-24 14:11:29,151 - [INFO] - Epoch:   99 | FVAL: 0.0804206
2019-07-24 14:11:29,236 - [INFO] - Epoch:  100 | FVAL: 0.0804152
2019-07-24 14:11:29,321 - [INFO] - Epoch:  101 | FVAL: 0.0804016
2019-07-24 14:11:29,406 - [INFO] - Epoch:  102 | FVAL: 0.0803764
2019-07-24 14:11:29,491 - [INFO] - Epoch:  103 | FVAL: 0.0803524
2019-07-24 14:11:29,576 - [INFO] - Epoch:  104 | FVAL: 0.0803411
2019-07-24 14:11:29,661 - [INFO] - Epoch:  105 | FVAL: 0.0803366
2019-07-24 14:11:29,746 - [INFO] - Epoch:  106 | FVAL: 0.0803224
2019-07-24 14:11:29,831 - [INFO] - Epoch:  107 | FVAL: 0.0803213
2019-07-24 14:11:29,916 - [INFO] - Epoch:  108 | FVAL: 0.0803092
2019-07-24 14:11:30,001 - [INFO] - Epoch:  109 | FVAL: 0.0803046
2019-07-24 14:11:30,086 - [INFO] - Epoch:  110 | FVAL: 0.0803037
2019-07-24 14:12:16,077 - [INFO] - apcg-- N:271617 | d:8 | lambda:0.0001
2019-07-24 14:12:16,081 - [INFO] - Function value sequence convergence criteria.
2019-07-24 14:12:16,082 - [INFO] - Epoch:    0 | FVAL: 0.3465736
2019-07-24 14:12:16,157 - [INFO] - Epoch:    1 | FVAL: 0.2095912
2019-07-24 14:12:16,235 - [INFO] - Epoch:    2 | FVAL: 0.2004625
2019-07-24 14:12:16,312 - [INFO] - Epoch:    3 | FVAL: 0.1985881
2019-07-24 14:12:16,389 - [INFO] - Epoch:    4 | FVAL: 0.1980674
2019-07-24 14:12:16,466 - [INFO] - Epoch:    5 | FVAL: 0.1648550
2019-07-24 14:12:16,544 - [INFO] - Epoch:    6 | FVAL: 0.1568511
2019-07-24 14:12:16,620 - [INFO] - Epoch:    7 | FVAL: 0.1402020
2019-07-24 14:12:16,698 - [INFO] - Epoch:    8 | FVAL: 0.1265322
2019-07-24 14:12:16,776 - [INFO] - Epoch:    9 | FVAL: 0.1170864
2019-07-24 14:12:16,852 - [INFO] - Epoch:   10 | FVAL: 0.1153194
2019-07-24 14:12:16,930 - [INFO] - Epoch:   11 | FVAL: 0.1092478
2019-07-24 14:12:17,008 - [INFO] - Epoch:   12 | FVAL: 0.1032902
2019-07-24 14:12:17,084 - [INFO] - Epoch:   13 | FVAL: 0.0974892
2019-07-24 14:12:17,162 - [INFO] - Epoch:   14 | FVAL: 0.0960519
2019-07-24 14:12:17,239 - [INFO] - Epoch:   15 | FVAL: 0.0955469
2019-07-24 14:12:17,316 - [INFO] - Epoch:   16 | FVAL: 0.0933956
2019-07-24 14:12:17,393 - [INFO] - Epoch:   17 | FVAL: 0.0911874
2019-07-24 14:12:17,471 - [INFO] - Epoch:   18 | FVAL: 0.0880957
2019-07-24 14:12:17,548 - [INFO] - Epoch:   19 | FVAL: 0.0868475
2019-07-24 14:12:17,625 - [INFO] - Epoch:   20 | FVAL: 0.0860319
2019-07-24 14:12:17,703 - [INFO] - Epoch:   21 | FVAL: 0.0844165
2019-07-24 14:12:17,780 - [INFO] - Epoch:   22 | FVAL: 0.0840060
2019-07-24 14:12:17,857 - [INFO] - Epoch:   23 | FVAL: 0.0816845
2019-07-24 14:12:17,934 - [INFO] - Epoch:   24 | FVAL: 0.0808137
2019-07-24 14:12:18,011 - [INFO] - Epoch:   25 | FVAL: 0.0805571
2019-07-24 14:12:18,088 - [INFO] - Epoch:   26 | FVAL: 0.0800230
2019-07-24 14:12:18,166 - [INFO] - Epoch:   27 | FVAL: 0.0799247
2019-07-24 14:12:18,243 - [INFO] - Epoch:   28 | FVAL: 0.0791642
2019-07-24 14:12:18,320 - [INFO] - Epoch:   29 | FVAL: 0.0786535
2019-07-24 14:12:18,398 - [INFO] - Epoch:   30 | FVAL: 0.0782191
2019-07-24 14:12:18,475 - [INFO] - Epoch:   31 | FVAL: 0.0775848
2019-07-24 14:12:18,552 - [INFO] - Epoch:   32 | FVAL: 0.0761981
2019-07-24 14:12:18,630 - [INFO] - Epoch:   33 | FVAL: 0.0755926
2019-07-24 14:12:18,707 - [INFO] - Epoch:   34 | FVAL: 0.0753754
2019-07-24 14:12:18,784 - [INFO] - Epoch:   35 | FVAL: 0.0748157
2019-07-24 14:12:18,862 - [INFO] - Epoch:   36 | FVAL: 0.0740332
2019-07-24 14:12:18,939 - [INFO] - Epoch:   37 | FVAL: 0.0738461
2019-07-24 14:12:19,016 - [INFO] - Epoch:   38 | FVAL: 0.0734459
2019-07-24 14:12:19,094 - [INFO] - Epoch:   39 | FVAL: 0.0733415
2019-07-24 14:12:19,171 - [INFO] - Epoch:   40 | FVAL: 0.0726891
2019-07-24 14:12:19,248 - [INFO] - Epoch:   41 | FVAL: 0.0723618
2019-07-24 14:12:19,326 - [INFO] - Epoch:   42 | FVAL: 0.0722255
2019-07-24 14:12:19,403 - [INFO] - Epoch:   43 | FVAL: 0.0716965
2019-07-24 14:12:19,480 - [INFO] - Epoch:   44 | FVAL: 0.0713647
2019-07-24 14:12:19,558 - [INFO] - Epoch:   45 | FVAL: 0.0711344
2019-07-24 14:12:19,635 - [INFO] - Epoch:   46 | FVAL: 0.0708449
2019-07-24 14:12:19,713 - [INFO] - Epoch:   47 | FVAL: 0.0707823
2019-07-24 14:12:19,791 - [INFO] - Epoch:   48 | FVAL: 0.0705539
2019-07-24 14:12:19,867 - [INFO] - Epoch:   49 | FVAL: 0.0703838
2019-07-24 14:12:19,945 - [INFO] - Epoch:   50 | FVAL: 0.0701807
2019-07-24 14:12:20,023 - [INFO] - Epoch:   51 | FVAL: 0.0698633
2019-07-24 14:12:20,100 - [INFO] - Epoch:   52 | FVAL: 0.0695299
2019-07-24 14:12:20,177 - [INFO] - Epoch:   53 | FVAL: 0.0693781
2019-07-24 14:12:20,255 - [INFO] - Epoch:   54 | FVAL: 0.0693419
2019-07-24 14:12:20,332 - [INFO] - Epoch:   55 | FVAL: 0.0692399
2019-07-24 14:12:20,410 - [INFO] - Epoch:   56 | FVAL: 0.0692056
2019-07-24 14:12:20,487 - [INFO] - Epoch:   57 | FVAL: 0.0689341
2019-07-24 14:12:20,564 - [INFO] - Epoch:   58 | FVAL: 0.0687005
2019-07-24 14:12:20,642 - [INFO] - Epoch:   59 | FVAL: 0.0685313
2019-07-24 14:12:20,719 - [INFO] - Epoch:   60 | FVAL: 0.0684560
2019-07-24 14:12:20,796 - [INFO] - Epoch:   61 | FVAL: 0.0683041
2019-07-24 14:12:20,874 - [INFO] - Epoch:   62 | FVAL: 0.0681300
2019-07-24 14:12:20,952 - [INFO] - Epoch:   63 | FVAL: 0.0680384
2019-07-24 14:12:21,029 - [INFO] - Epoch:   64 | FVAL: 0.0679103
2019-07-24 14:12:21,107 - [INFO] - Epoch:   65 | FVAL: 0.0677031
2019-07-24 14:12:21,185 - [INFO] - Epoch:   66 | FVAL: 0.0675508
2019-07-24 14:12:21,262 - [INFO] - Epoch:   67 | FVAL: 0.0674828
2019-07-24 14:12:21,339 - [INFO] - Epoch:   68 | FVAL: 0.0672953
2019-07-24 14:12:21,417 - [INFO] - Epoch:   69 | FVAL: 0.0672125
2019-07-24 14:12:21,494 - [INFO] - Epoch:   70 | FVAL: 0.0670614
2019-07-24 14:12:21,572 - [INFO] - Epoch:   71 | FVAL: 0.0669629
2019-07-24 14:12:21,649 - [INFO] - Epoch:   72 | FVAL: 0.0668976
2019-07-24 14:12:21,726 - [INFO] - Epoch:   73 | FVAL: 0.0668397
2019-07-24 14:12:21,804 - [INFO] - Epoch:   74 | FVAL: 0.0667748
2019-07-24 14:12:21,882 - [INFO] - Epoch:   75 | FVAL: 0.0666846
2019-07-24 14:12:21,959 - [INFO] - Epoch:   76 | FVAL: 0.0666342
2019-07-24 14:12:22,036 - [INFO] - Epoch:   77 | FVAL: 0.0665626
2019-07-24 14:12:22,114 - [INFO] - Epoch:   78 | FVAL: 0.0664550
2019-07-24 14:12:22,191 - [INFO] - Epoch:   79 | FVAL: 0.0663818
2019-07-24 14:12:22,269 - [INFO] - Epoch:   80 | FVAL: 0.0662808
2019-07-24 14:12:22,347 - [INFO] - Epoch:   81 | FVAL: 0.0662277
2019-07-24 14:12:22,424 - [INFO] - Epoch:   82 | FVAL: 0.0661428
2019-07-24 14:12:22,501 - [INFO] - Epoch:   83 | FVAL: 0.0660662
2019-07-24 14:12:22,579 - [INFO] - Epoch:   84 | FVAL: 0.0659836
2019-07-24 14:12:22,656 - [INFO] - Epoch:   85 | FVAL: 0.0659060
2019-07-24 14:12:22,734 - [INFO] - Epoch:   86 | FVAL: 0.0658758
2019-07-24 14:12:22,812 - [INFO] - Epoch:   87 | FVAL: 0.0658559
2019-07-24 14:12:22,889 - [INFO] - Epoch:   88 | FVAL: 0.0658501
2019-07-24 14:12:22,966 - [INFO] - Epoch:   89 | FVAL: 0.0658033
2019-07-24 14:12:23,044 - [INFO] - Epoch:   90 | FVAL: 0.0657444
2019-07-24 14:12:23,121 - [INFO] - Epoch:   91 | FVAL: 0.0656813
2019-07-24 14:12:23,199 - [INFO] - Epoch:   92 | FVAL: 0.0656670
2019-07-24 14:12:23,277 - [INFO] - Epoch:   93 | FVAL: 0.0656359
2019-07-24 14:12:23,354 - [INFO] - Epoch:   94 | FVAL: 0.0655952
2019-07-24 14:12:23,431 - [INFO] - Epoch:   95 | FVAL: 0.0655223
2019-07-24 14:12:23,509 - [INFO] - Epoch:   96 | FVAL: 0.0654667
2019-07-24 14:12:23,587 - [INFO] - Epoch:   97 | FVAL: 0.0654188
2019-07-24 14:12:23,664 - [INFO] - Epoch:   98 | FVAL: 0.0653808
2019-07-24 14:12:23,742 - [INFO] - Epoch:   99 | FVAL: 0.0653269
2019-07-24 14:12:23,820 - [INFO] - Epoch:  100 | FVAL: 0.0652768
2019-07-24 14:12:23,897 - [INFO] - Epoch:  101 | FVAL: 0.0652552
2019-07-24 14:12:23,975 - [INFO] - Epoch:  102 | FVAL: 0.0652307
2019-07-24 14:12:24,052 - [INFO] - Epoch:  103 | FVAL: 0.0652113
2019-07-24 14:12:24,130 - [INFO] - Epoch:  104 | FVAL: 0.0651784
2019-07-24 14:12:24,208 - [INFO] - Epoch:  105 | FVAL: 0.0651527
2019-07-24 14:12:24,285 - [INFO] - Epoch:  106 | FVAL: 0.0651076
2019-07-24 14:12:24,363 - [INFO] - Epoch:  107 | FVAL: 0.0650999
2019-07-24 14:12:24,441 - [INFO] - Epoch:  108 | FVAL: 0.0650486
2019-07-24 14:12:24,518 - [INFO] - Epoch:  109 | FVAL: 0.0650193
2019-07-24 14:12:24,596 - [INFO] - Epoch:  110 | FVAL: 0.0650009
2019-07-24 14:12:24,674 - [INFO] - Epoch:  111 | FVAL: 0.0649666
2019-07-24 14:12:24,751 - [INFO] - Epoch:  112 | FVAL: 0.0649415
2019-07-24 14:12:24,829 - [INFO] - Epoch:  113 | FVAL: 0.0649231
2019-07-24 14:12:24,907 - [INFO] - Epoch:  114 | FVAL: 0.0648941
2019-07-24 14:12:24,984 - [INFO] - Epoch:  115 | FVAL: 0.0648836
2019-07-24 14:12:25,062 - [INFO] - Epoch:  116 | FVAL: 0.0648667
2019-07-24 14:12:25,140 - [INFO] - Epoch:  117 | FVAL: 0.0648281
2019-07-24 14:12:25,217 - [INFO] - Epoch:  118 | FVAL: 0.0648038
2019-07-24 14:12:25,295 - [INFO] - Epoch:  119 | FVAL: 0.0647790
2019-07-24 14:12:25,373 - [INFO] - Epoch:  120 | FVAL: 0.0647489
2019-07-24 14:12:25,450 - [INFO] - Epoch:  121 | FVAL: 0.0647335
2019-07-24 14:12:25,527 - [INFO] - Epoch:  122 | FVAL: 0.0647134
2019-07-24 14:12:25,605 - [INFO] - Epoch:  123 | FVAL: 0.0646917
2019-07-24 14:12:25,683 - [INFO] - Epoch:  124 | FVAL: 0.0646832
2019-07-24 14:12:25,760 - [INFO] - Epoch:  125 | FVAL: 0.0646814
2019-07-24 14:12:25,838 - [INFO] - Epoch:  126 | FVAL: 0.0646628
2019-07-24 14:12:25,916 - [INFO] - Epoch:  127 | FVAL: 0.0646524
2019-07-24 14:12:25,993 - [INFO] - Epoch:  128 | FVAL: 0.0646217
2019-07-24 14:12:26,071 - [INFO] - Epoch:  129 | FVAL: 0.0645972
2019-07-24 14:12:26,153 - [INFO] - Epoch:  130 | FVAL: 0.0645867
2019-07-24 14:12:26,231 - [INFO] - Epoch:  131 | FVAL: 0.0645685
2019-07-24 14:12:26,309 - [INFO] - Epoch:  132 | FVAL: 0.0645604
2019-07-24 14:12:26,386 - [INFO] - Epoch:  133 | FVAL: 0.0645374
2019-07-24 14:12:26,464 - [INFO] - Epoch:  134 | FVAL: 0.0645200
2019-07-24 14:12:26,542 - [INFO] - Epoch:  135 | FVAL: 0.0645137
2019-07-24 14:12:26,620 - [INFO] - Epoch:  136 | FVAL: 0.0644966
2019-07-24 14:12:26,698 - [INFO] - Epoch:  137 | FVAL: 0.0644915
2019-07-24 14:12:26,776 - [INFO] - Epoch:  138 | FVAL: 0.0644885
2019-07-24 14:12:26,854 - [INFO] - Epoch:  139 | FVAL: 0.0644735
2019-07-24 14:12:26,931 - [INFO] - Epoch:  140 | FVAL: 0.0644528
2019-07-24 14:12:27,010 - [INFO] - Epoch:  141 | FVAL: 0.0644313
2019-07-24 14:12:27,087 - [INFO] - Epoch:  142 | FVAL: 0.0644100
2019-07-24 14:12:27,165 - [INFO] - Epoch:  143 | FVAL: 0.0643875
2019-07-24 14:12:27,243 - [INFO] - Epoch:  144 | FVAL: 0.0643774
2019-07-24 14:12:27,320 - [INFO] - Epoch:  145 | FVAL: 0.0643668
2019-07-24 14:12:27,398 - [INFO] - Epoch:  146 | FVAL: 0.0643540
2019-07-24 14:12:27,476 - [INFO] - Epoch:  147 | FVAL: 0.0643490
2019-07-24 14:12:27,553 - [INFO] - Epoch:  148 | FVAL: 0.0643477
2019-07-24 14:12:27,631 - [INFO] - Epoch:  149 | FVAL: 0.0643471
2019-07-24 14:13:23,928 - [INFO] - apcg-- N:271617 | d:8 | lambda:1e-05
2019-07-24 14:13:23,932 - [INFO] - Function value sequence convergence criteria.
2019-07-24 14:13:23,933 - [INFO] - Epoch:    0 | FVAL: 0.3465736
2019-07-24 14:13:24,008 - [INFO] - Epoch:    1 | FVAL: 0.3182571
2019-07-24 14:13:24,086 - [INFO] - Epoch:    2 | FVAL: 0.2329909
2019-07-24 14:13:24,163 - [INFO] - Epoch:    3 | FVAL: 0.2121205
2019-07-24 14:13:24,240 - [INFO] - Epoch:    4 | FVAL: 0.1710425
2019-07-24 14:13:24,317 - [INFO] - Epoch:    5 | FVAL: 0.1572034
2019-07-24 14:13:24,395 - [INFO] - Epoch:    6 | FVAL: 0.1479640
2019-07-24 14:13:24,472 - [INFO] - Epoch:    7 | FVAL: 0.1366562
2019-07-24 14:13:24,549 - [INFO] - Epoch:    8 | FVAL: 0.1356556
2019-07-24 14:13:24,627 - [INFO] - Epoch:    9 | FVAL: 0.1216270
2019-07-24 14:13:24,704 - [INFO] - Epoch:   10 | FVAL: 0.1082276
2019-07-24 14:13:24,781 - [INFO] - Epoch:   11 | FVAL: 0.1046183
2019-07-24 14:13:24,859 - [INFO] - Epoch:   12 | FVAL: 0.1007006
2019-07-24 14:13:24,936 - [INFO] - Epoch:   13 | FVAL: 0.0982649
2019-07-24 14:13:25,013 - [INFO] - Epoch:   14 | FVAL: 0.0959353
2019-07-24 14:13:25,091 - [INFO] - Epoch:   15 | FVAL: 0.0937931
2019-07-24 14:13:25,167 - [INFO] - Epoch:   16 | FVAL: 0.0927631
2019-07-24 14:13:25,245 - [INFO] - Epoch:   17 | FVAL: 0.0911339
2019-07-24 14:13:25,322 - [INFO] - Epoch:   18 | FVAL: 0.0899041
2019-07-24 14:13:25,399 - [INFO] - Epoch:   19 | FVAL: 0.0884489
2019-07-24 14:13:25,477 - [INFO] - Epoch:   20 | FVAL: 0.0881568
2019-07-24 14:13:25,554 - [INFO] - Epoch:   21 | FVAL: 0.0856950
2019-07-24 14:13:25,631 - [INFO] - Epoch:   22 | FVAL: 0.0849273
2019-07-24 14:13:25,709 - [INFO] - Epoch:   23 | FVAL: 0.0833836
2019-07-24 14:13:25,787 - [INFO] - Epoch:   24 | FVAL: 0.0816486
2019-07-24 14:13:25,863 - [INFO] - Epoch:   25 | FVAL: 0.0809652
2019-07-24 14:13:25,941 - [INFO] - Epoch:   26 | FVAL: 0.0788579
2019-07-24 14:13:26,019 - [INFO] - Epoch:   27 | FVAL: 0.0782074
2019-07-24 14:13:26,096 - [INFO] - Epoch:   28 | FVAL: 0.0775398
2019-07-24 14:13:26,173 - [INFO] - Epoch:   29 | FVAL: 0.0774335
2019-07-24 14:13:26,251 - [INFO] - Epoch:   30 | FVAL: 0.0767084
2019-07-24 14:13:26,328 - [INFO] - Epoch:   31 | FVAL: 0.0759305
2019-07-24 14:13:26,405 - [INFO] - Epoch:   32 | FVAL: 0.0752312
2019-07-24 14:13:26,483 - [INFO] - Epoch:   33 | FVAL: 0.0740703
2019-07-24 14:13:26,560 - [INFO] - Epoch:   34 | FVAL: 0.0733961
2019-07-24 14:13:26,638 - [INFO] - Epoch:   35 | FVAL: 0.0728491
2019-07-24 14:13:26,716 - [INFO] - Epoch:   36 | FVAL: 0.0726324
2019-07-24 14:13:26,793 - [INFO] - Epoch:   37 | FVAL: 0.0722145
2019-07-24 14:13:26,870 - [INFO] - Epoch:   38 | FVAL: 0.0717466
2019-07-24 14:13:26,948 - [INFO] - Epoch:   39 | FVAL: 0.0716527
2019-07-24 14:13:27,026 - [INFO] - Epoch:   40 | FVAL: 0.0716258
2019-07-24 14:13:27,103 - [INFO] - Epoch:   41 | FVAL: 0.0709005
2019-07-24 14:13:27,181 - [INFO] - Epoch:   42 | FVAL: 0.0704540
2019-07-24 14:13:27,258 - [INFO] - Epoch:   43 | FVAL: 0.0703391
2019-07-24 14:13:27,335 - [INFO] - Epoch:   44 | FVAL: 0.0700352
2019-07-24 14:13:27,413 - [INFO] - Epoch:   45 | FVAL: 0.0699914
2019-07-24 14:13:27,490 - [INFO] - Epoch:   46 | FVAL: 0.0695844
2019-07-24 14:13:27,568 - [INFO] - Epoch:   47 | FVAL: 0.0692883
2019-07-24 14:13:27,646 - [INFO] - Epoch:   48 | FVAL: 0.0689346
2019-07-24 14:13:27,722 - [INFO] - Epoch:   49 | FVAL: 0.0688071
2019-07-24 14:13:27,800 - [INFO] - Epoch:   50 | FVAL: 0.0686597
2019-07-24 14:13:27,878 - [INFO] - Epoch:   51 | FVAL: 0.0685733
2019-07-24 14:13:27,955 - [INFO] - Epoch:   52 | FVAL: 0.0682532
2019-07-24 14:13:28,032 - [INFO] - Epoch:   53 | FVAL: 0.0680517
2019-07-24 14:13:28,110 - [INFO] - Epoch:   54 | FVAL: 0.0678325
2019-07-24 14:13:28,187 - [INFO] - Epoch:   55 | FVAL: 0.0676973
2019-07-24 14:13:28,265 - [INFO] - Epoch:   56 | FVAL: 0.0676322
2019-07-24 14:13:28,342 - [INFO] - Epoch:   57 | FVAL: 0.0674241
2019-07-24 14:13:28,419 - [INFO] - Epoch:   58 | FVAL: 0.0673388
2019-07-24 14:13:28,497 - [INFO] - Epoch:   59 | FVAL: 0.0672402
2019-07-24 14:13:28,575 - [INFO] - Epoch:   60 | FVAL: 0.0672155
2019-07-24 14:13:28,651 - [INFO] - Epoch:   61 | FVAL: 0.0668908
2019-07-24 14:13:28,729 - [INFO] - Epoch:   62 | FVAL: 0.0667415
2019-07-24 14:13:28,807 - [INFO] - Epoch:   63 | FVAL: 0.0665716
2019-07-24 14:13:28,884 - [INFO] - Epoch:   64 | FVAL: 0.0665012
2019-07-24 14:13:28,961 - [INFO] - Epoch:   65 | FVAL: 0.0664023
2019-07-24 14:13:29,040 - [INFO] - Epoch:   66 | FVAL: 0.0663518
2019-07-24 14:13:29,117 - [INFO] - Epoch:   67 | FVAL: 0.0663001
2019-07-24 14:13:29,194 - [INFO] - Epoch:   68 | FVAL: 0.0662438
2019-07-24 14:13:29,272 - [INFO] - Epoch:   69 | FVAL: 0.0661012
2019-07-24 14:13:29,349 - [INFO] - Epoch:   70 | FVAL: 0.0659784
2019-07-24 14:13:29,427 - [INFO] - Epoch:   71 | FVAL: 0.0658577
2019-07-24 14:13:29,505 - [INFO] - Epoch:   72 | FVAL: 0.0657106
2019-07-24 14:13:29,582 - [INFO] - Epoch:   73 | FVAL: 0.0656402
2019-07-24 14:13:29,659 - [INFO] - Epoch:   74 | FVAL: 0.0655485
2019-07-24 14:13:29,737 - [INFO] - Epoch:   75 | FVAL: 0.0655074
2019-07-24 14:13:29,814 - [INFO] - Epoch:   76 | FVAL: 0.0654681
2019-07-24 14:13:29,892 - [INFO] - Epoch:   77 | FVAL: 0.0653898
2019-07-24 14:13:29,970 - [INFO] - Epoch:   78 | FVAL: 0.0653721
2019-07-24 14:13:30,047 - [INFO] - Epoch:   79 | FVAL: 0.0653652
2019-07-24 14:13:30,124 - [INFO] - Epoch:   80 | FVAL: 0.0653465
2019-07-24 14:13:30,202 - [INFO] - Epoch:   81 | FVAL: 0.0652042
2019-07-24 14:13:30,279 - [INFO] - Epoch:   82 | FVAL: 0.0651821
2019-07-24 14:13:30,357 - [INFO] - Epoch:   83 | FVAL: 0.0651563
2019-07-24 14:13:30,435 - [INFO] - Epoch:   84 | FVAL: 0.0650850
2019-07-24 14:13:30,512 - [INFO] - Epoch:   85 | FVAL: 0.0650316
2019-07-24 14:13:30,589 - [INFO] - Epoch:   86 | FVAL: 0.0650185
2019-07-24 14:13:30,667 - [INFO] - Epoch:   87 | FVAL: 0.0650136
2019-07-24 14:13:30,744 - [INFO] - Epoch:   88 | FVAL: 0.0649446
2019-07-24 14:13:30,822 - [INFO] - Epoch:   89 | FVAL: 0.0648602
2019-07-24 14:13:30,900 - [INFO] - Epoch:   90 | FVAL: 0.0647332
2019-07-24 14:13:30,977 - [INFO] - Epoch:   91 | FVAL: 0.0646936
2019-07-24 14:13:31,055 - [INFO] - Epoch:   92 | FVAL: 0.0646733
2019-07-24 14:13:31,133 - [INFO] - Epoch:   93 | FVAL: 0.0646688
2019-07-24 14:13:31,210 - [INFO] - Epoch:   94 | FVAL: 0.0645907
2019-07-24 14:13:31,288 - [INFO] - Epoch:   95 | FVAL: 0.0645000
2019-07-24 14:13:31,365 - [INFO] - Epoch:   96 | FVAL: 0.0644400
2019-07-24 14:13:31,443 - [INFO] - Epoch:   97 | FVAL: 0.0643964
2019-07-24 14:13:31,521 - [INFO] - Epoch:   98 | FVAL: 0.0643725
2019-07-24 14:13:31,599 - [INFO] - Epoch:   99 | FVAL: 0.0643291
2019-07-24 14:13:31,676 - [INFO] - Epoch:  100 | FVAL: 0.0642689
2019-07-24 14:13:31,754 - [INFO] - Epoch:  101 | FVAL: 0.0642415
2019-07-24 14:13:31,832 - [INFO] - Epoch:  102 | FVAL: 0.0641537
2019-07-24 14:13:31,909 - [INFO] - Epoch:  103 | FVAL: 0.0641324
2019-07-24 14:13:31,987 - [INFO] - Epoch:  104 | FVAL: 0.0641140
2019-07-24 14:13:32,065 - [INFO] - Epoch:  105 | FVAL: 0.0640293
2019-07-24 14:13:32,142 - [INFO] - Epoch:  106 | FVAL: 0.0639410
2019-07-24 14:13:32,220 - [INFO] - Epoch:  107 | FVAL: 0.0638894
2019-07-24 14:13:32,298 - [INFO] - Epoch:  108 | FVAL: 0.0638455
2019-07-24 14:13:32,375 - [INFO] - Epoch:  109 | FVAL: 0.0638316
2019-07-24 14:13:32,453 - [INFO] - Epoch:  110 | FVAL: 0.0637580
2019-07-24 14:13:32,531 - [INFO] - Epoch:  111 | FVAL: 0.0637422
2019-07-24 14:13:32,609 - [INFO] - Epoch:  112 | FVAL: 0.0637356
2019-07-24 14:13:32,687 - [INFO] - Epoch:  113 | FVAL: 0.0637331
2019-07-24 14:13:32,765 - [INFO] - Epoch:  114 | FVAL: 0.0637282
2019-07-24 14:13:32,843 - [INFO] - Epoch:  115 | FVAL: 0.0636893
2019-07-24 14:13:32,920 - [INFO] - Epoch:  116 | FVAL: 0.0636526
2019-07-24 14:13:32,998 - [INFO] - Epoch:  117 | FVAL: 0.0635759
2019-07-24 14:13:33,075 - [INFO] - Epoch:  118 | FVAL: 0.0635396
2019-07-24 14:13:33,153 - [INFO] - Epoch:  119 | FVAL: 0.0635163
2019-07-24 14:13:33,231 - [INFO] - Epoch:  120 | FVAL: 0.0635111
2019-07-24 14:13:33,308 - [INFO] - Epoch:  121 | FVAL: 0.0634621
2019-07-24 14:13:33,386 - [INFO] - Epoch:  122 | FVAL: 0.0634161
2019-07-24 14:13:33,464 - [INFO] - Epoch:  123 | FVAL: 0.0633697
2019-07-24 14:13:33,542 - [INFO] - Epoch:  124 | FVAL: 0.0633622
2019-07-24 14:13:33,619 - [INFO] - Epoch:  125 | FVAL: 0.0633335
2019-07-24 14:13:33,698 - [INFO] - Epoch:  126 | FVAL: 0.0633180
2019-07-24 14:13:33,775 - [INFO] - Epoch:  127 | FVAL: 0.0632943
2019-07-24 14:13:33,853 - [INFO] - Epoch:  128 | FVAL: 0.0632896
2019-07-24 14:13:33,931 - [INFO] - Epoch:  129 | FVAL: 0.0632429
2019-07-24 14:13:34,009 - [INFO] - Epoch:  130 | FVAL: 0.0632360
2019-07-24 14:13:34,086 - [INFO] - Epoch:  131 | FVAL: 0.0632299
2019-07-24 14:13:34,165 - [INFO] - Epoch:  132 | FVAL: 0.0632041
2019-07-24 14:13:34,242 - [INFO] - Epoch:  133 | FVAL: 0.0631498
2019-07-24 14:13:34,320 - [INFO] - Epoch:  134 | FVAL: 0.0631371
2019-07-24 14:13:34,398 - [INFO] - Epoch:  135 | FVAL: 0.0631075
2019-07-24 14:13:34,475 - [INFO] - Epoch:  136 | FVAL: 0.0630867
2019-07-24 14:13:34,553 - [INFO] - Epoch:  137 | FVAL: 0.0630622
2019-07-24 14:13:34,631 - [INFO] - Epoch:  138 | FVAL: 0.0630142
2019-07-24 14:13:34,708 - [INFO] - Epoch:  139 | FVAL: 0.0629885
2019-07-24 14:13:34,786 - [INFO] - Epoch:  140 | FVAL: 0.0629599
2019-07-24 14:13:34,864 - [INFO] - Epoch:  141 | FVAL: 0.0629360
2019-07-24 14:13:34,942 - [INFO] - Epoch:  142 | FVAL: 0.0628989
2019-07-24 14:13:35,020 - [INFO] - Epoch:  143 | FVAL: 0.0628710
2019-07-24 14:13:35,098 - [INFO] - Epoch:  144 | FVAL: 0.0628515
2019-07-24 14:13:35,175 - [INFO] - Epoch:  145 | FVAL: 0.0628337
2019-07-24 14:13:35,253 - [INFO] - Epoch:  146 | FVAL: 0.0628070
2019-07-24 14:13:35,331 - [INFO] - Epoch:  147 | FVAL: 0.0627931
2019-07-24 14:13:35,409 - [INFO] - Epoch:  148 | FVAL: 0.0627768
2019-07-24 14:13:35,486 - [INFO] - Epoch:  149 | FVAL: 0.0627614
2019-07-24 14:13:35,564 - [INFO] - Epoch:  150 | FVAL: 0.0627499
2019-07-24 14:13:35,642 - [INFO] - Epoch:  151 | FVAL: 0.0627336
2019-07-24 14:13:35,720 - [INFO] - Epoch:  152 | FVAL: 0.0627116
2019-07-24 14:13:35,798 - [INFO] - Epoch:  153 | FVAL: 0.0626963
2019-07-24 14:13:35,875 - [INFO] - Epoch:  154 | FVAL: 0.0626902
2019-07-24 14:13:35,953 - [INFO] - Epoch:  155 | FVAL: 0.0626863
2019-07-24 14:13:36,032 - [INFO] - Epoch:  156 | FVAL: 0.0626851
2019-07-24 14:13:36,109 - [INFO] - Epoch:  157 | FVAL: 0.0626666
2019-07-24 14:13:36,187 - [INFO] - Epoch:  158 | FVAL: 0.0626397
2019-07-24 14:13:36,265 - [INFO] - Epoch:  159 | FVAL: 0.0626124
2019-07-24 14:13:36,342 - [INFO] - Epoch:  160 | FVAL: 0.0625933
2019-07-24 14:13:36,420 - [INFO] - Epoch:  161 | FVAL: 0.0625798
2019-07-24 14:13:36,499 - [INFO] - Epoch:  162 | FVAL: 0.0625652
2019-07-24 14:13:36,576 - [INFO] - Epoch:  163 | FVAL: 0.0625622
2019-07-24 14:13:36,655 - [INFO] - Epoch:  164 | FVAL: 0.0625589
2019-07-24 14:13:36,733 - [INFO] - Epoch:  165 | FVAL: 0.0625580
2019-07-24 14:14:35,206 - [INFO] - apcg-- N:271617 | d:8 | lambda:1e-06
2019-07-24 14:14:35,211 - [INFO] - Function value sequence convergence criteria.
2019-07-24 14:14:35,211 - [INFO] - Epoch:    0 | FVAL: 0.3465736
2019-07-24 14:14:35,294 - [INFO] - Epoch:    1 | FVAL: 0.2373276
2019-07-24 14:14:35,379 - [INFO] - Epoch:    2 | FVAL: 0.2162389
2019-07-24 14:14:35,463 - [INFO] - Epoch:    3 | FVAL: 0.1768669
2019-07-24 14:14:35,548 - [INFO] - Epoch:    4 | FVAL: 0.1461301
2019-07-24 14:14:35,633 - [INFO] - Epoch:    5 | FVAL: 0.1438709
2019-07-24 14:14:35,717 - [INFO] - Epoch:    6 | FVAL: 0.1288691
2019-07-24 14:14:35,802 - [INFO] - Epoch:    7 | FVAL: 0.1278670
2019-07-24 14:14:35,887 - [INFO] - Epoch:    8 | FVAL: 0.1275398
2019-07-24 14:14:35,971 - [INFO] - Epoch:    9 | FVAL: 0.1184960
2019-07-24 14:14:36,056 - [INFO] - Epoch:   10 | FVAL: 0.1161610
2019-07-24 14:14:36,141 - [INFO] - Epoch:   11 | FVAL: 0.1041347
2019-07-24 14:14:36,225 - [INFO] - Epoch:   12 | FVAL: 0.0997306
2019-07-24 14:14:36,310 - [INFO] - Epoch:   13 | FVAL: 0.0935605
2019-07-24 14:14:36,395 - [INFO] - Epoch:   14 | FVAL: 0.0921315
2019-07-24 14:14:36,479 - [INFO] - Epoch:   15 | FVAL: 0.0896843
2019-07-24 14:14:36,564 - [INFO] - Epoch:   16 | FVAL: 0.0875793
2019-07-24 14:14:36,649 - [INFO] - Epoch:   17 | FVAL: 0.0861314
2019-07-24 14:14:36,733 - [INFO] - Epoch:   18 | FVAL: 0.0853883
2019-07-24 14:14:36,818 - [INFO] - Epoch:   19 | FVAL: 0.0852482
2019-07-24 14:14:36,903 - [INFO] - Epoch:   20 | FVAL: 0.0852052
2019-07-24 14:14:36,988 - [INFO] - Epoch:   21 | FVAL: 0.0851816
2019-07-24 14:14:37,072 - [INFO] - Epoch:   22 | FVAL: 0.0836309
2019-07-24 14:14:37,158 - [INFO] - Epoch:   23 | FVAL: 0.0818425
2019-07-24 14:14:37,242 - [INFO] - Epoch:   24 | FVAL: 0.0812098
2019-07-24 14:14:37,327 - [INFO] - Epoch:   25 | FVAL: 0.0803275
2019-07-24 14:14:37,412 - [INFO] - Epoch:   26 | FVAL: 0.0800029
2019-07-24 14:14:37,496 - [INFO] - Epoch:   27 | FVAL: 0.0790573
2019-07-24 14:14:37,581 - [INFO] - Epoch:   28 | FVAL: 0.0789348
2019-07-24 14:14:37,666 - [INFO] - Epoch:   29 | FVAL: 0.0777008
2019-07-24 14:14:37,750 - [INFO] - Epoch:   30 | FVAL: 0.0772775
2019-07-24 14:14:37,835 - [INFO] - Epoch:   31 | FVAL: 0.0764048
2019-07-24 14:14:37,920 - [INFO] - Epoch:   32 | FVAL: 0.0757043
2019-07-24 14:14:38,005 - [INFO] - Epoch:   33 | FVAL: 0.0747997
2019-07-24 14:14:38,090 - [INFO] - Epoch:   34 | FVAL: 0.0737490
2019-07-24 14:14:38,175 - [INFO] - Epoch:   35 | FVAL: 0.0731936
2019-07-24 14:14:38,259 - [INFO] - Epoch:   36 | FVAL: 0.0727833
2019-07-24 14:14:38,344 - [INFO] - Epoch:   37 | FVAL: 0.0720045
2019-07-24 14:14:38,429 - [INFO] - Epoch:   38 | FVAL: 0.0711636
2019-07-24 14:14:38,514 - [INFO] - Epoch:   39 | FVAL: 0.0707887
2019-07-24 14:14:38,598 - [INFO] - Epoch:   40 | FVAL: 0.0704139
2019-07-24 14:14:38,683 - [INFO] - Epoch:   41 | FVAL: 0.0699918
2019-07-24 14:14:38,768 - [INFO] - Epoch:   42 | FVAL: 0.0698750
2019-07-24 14:14:38,853 - [INFO] - Epoch:   43 | FVAL: 0.0698400
2019-07-24 14:14:38,938 - [INFO] - Epoch:   44 | FVAL: 0.0696716
2019-07-24 14:14:39,022 - [INFO] - Epoch:   45 | FVAL: 0.0692859
2019-07-24 14:14:39,107 - [INFO] - Epoch:   46 | FVAL: 0.0688684
2019-07-24 14:14:39,192 - [INFO] - Epoch:   47 | FVAL: 0.0686733
2019-07-24 14:14:39,277 - [INFO] - Epoch:   48 | FVAL: 0.0684914
2019-07-24 14:14:39,361 - [INFO] - Epoch:   49 | FVAL: 0.0683069
2019-07-24 14:14:39,446 - [INFO] - Epoch:   50 | FVAL: 0.0681475
2019-07-24 14:14:39,531 - [INFO] - Epoch:   51 | FVAL: 0.0679703
2019-07-24 14:14:39,616 - [INFO] - Epoch:   52 | FVAL: 0.0679430
2019-07-24 14:14:39,701 - [INFO] - Epoch:   53 | FVAL: 0.0677678
2019-07-24 14:14:39,786 - [INFO] - Epoch:   54 | FVAL: 0.0675779
2019-07-24 14:14:39,871 - [INFO] - Epoch:   55 | FVAL: 0.0674192
2019-07-24 14:14:39,956 - [INFO] - Epoch:   56 | FVAL: 0.0673436
2019-07-24 14:14:40,041 - [INFO] - Epoch:   57 | FVAL: 0.0672059
2019-07-24 14:14:40,126 - [INFO] - Epoch:   58 | FVAL: 0.0671463
2019-07-24 14:14:40,211 - [INFO] - Epoch:   59 | FVAL: 0.0671276
2019-07-24 14:14:40,295 - [INFO] - Epoch:   60 | FVAL: 0.0671200
2019-07-24 14:14:40,380 - [INFO] - Epoch:   61 | FVAL: 0.0671152
2019-07-24 14:14:40,465 - [INFO] - Epoch:   62 | FVAL: 0.0671029
2019-07-24 14:14:40,550 - [INFO] - Epoch:   63 | FVAL: 0.0667642
2019-07-24 14:14:40,635 - [INFO] - Epoch:   64 | FVAL: 0.0665754
2019-07-24 14:14:40,720 - [INFO] - Epoch:   65 | FVAL: 0.0664476
2019-07-24 14:14:40,805 - [INFO] - Epoch:   66 | FVAL: 0.0663041
2019-07-24 14:14:40,889 - [INFO] - Epoch:   67 | FVAL: 0.0660617
2019-07-24 14:14:40,974 - [INFO] - Epoch:   68 | FVAL: 0.0659851
2019-07-24 14:14:41,059 - [INFO] - Epoch:   69 | FVAL: 0.0658986
2019-07-24 14:14:41,144 - [INFO] - Epoch:   70 | FVAL: 0.0657741
2019-07-24 14:14:41,229 - [INFO] - Epoch:   71 | FVAL: 0.0656885
2019-07-24 14:14:41,314 - [INFO] - Epoch:   72 | FVAL: 0.0655828
2019-07-24 14:14:41,399 - [INFO] - Epoch:   73 | FVAL: 0.0654823
2019-07-24 14:14:41,484 - [INFO] - Epoch:   74 | FVAL: 0.0653905
2019-07-24 14:14:41,569 - [INFO] - Epoch:   75 | FVAL: 0.0652662
2019-07-24 14:14:41,654 - [INFO] - Epoch:   76 | FVAL: 0.0651356
2019-07-24 14:14:41,739 - [INFO] - Epoch:   77 | FVAL: 0.0650450
2019-07-24 14:14:41,824 - [INFO] - Epoch:   78 | FVAL: 0.0650138
2019-07-24 14:14:41,909 - [INFO] - Epoch:   79 | FVAL: 0.0650069
2019-07-24 14:14:41,994 - [INFO] - Epoch:   80 | FVAL: 0.0649856
2019-07-24 14:14:42,079 - [INFO] - Epoch:   81 | FVAL: 0.0648253
2019-07-24 14:14:42,164 - [INFO] - Epoch:   82 | FVAL: 0.0647217
2019-07-24 14:14:42,249 - [INFO] - Epoch:   83 | FVAL: 0.0645750
2019-07-24 14:14:42,334 - [INFO] - Epoch:   84 | FVAL: 0.0644890
2019-07-24 14:14:42,419 - [INFO] - Epoch:   85 | FVAL: 0.0644453
2019-07-24 14:14:42,504 - [INFO] - Epoch:   86 | FVAL: 0.0644323
2019-07-24 14:14:42,589 - [INFO] - Epoch:   87 | FVAL: 0.0643863
2019-07-24 14:14:42,674 - [INFO] - Epoch:   88 | FVAL: 0.0643642
2019-07-24 14:14:42,759 - [INFO] - Epoch:   89 | FVAL: 0.0642711
2019-07-24 14:14:42,844 - [INFO] - Epoch:   90 | FVAL: 0.0641957
2019-07-24 14:14:42,929 - [INFO] - Epoch:   91 | FVAL: 0.0640858
2019-07-24 14:14:43,014 - [INFO] - Epoch:   92 | FVAL: 0.0640523
2019-07-24 14:14:43,101 - [INFO] - Epoch:   93 | FVAL: 0.0640011
2019-07-24 14:14:43,186 - [INFO] - Epoch:   94 | FVAL: 0.0639789
2019-07-24 14:14:43,271 - [INFO] - Epoch:   95 | FVAL: 0.0638871
2019-07-24 14:14:43,356 - [INFO] - Epoch:   96 | FVAL: 0.0638745
2019-07-24 14:14:43,441 - [INFO] - Epoch:   97 | FVAL: 0.0638687
2019-07-24 14:14:43,526 - [INFO] - Epoch:   98 | FVAL: 0.0637964
2019-07-24 14:14:43,611 - [INFO] - Epoch:   99 | FVAL: 0.0637715
2019-07-24 14:14:43,697 - [INFO] - Epoch:  100 | FVAL: 0.0637268
2019-07-24 14:14:43,782 - [INFO] - Epoch:  101 | FVAL: 0.0637216
2019-07-24 14:14:43,867 - [INFO] - Epoch:  102 | FVAL: 0.0636798
2019-07-24 14:14:43,952 - [INFO] - Epoch:  103 | FVAL: 0.0636743
2019-07-24 14:14:44,037 - [INFO] - Epoch:  104 | FVAL: 0.0636675
2019-07-24 14:14:44,122 - [INFO] - Epoch:  105 | FVAL: 0.0636339
2019-07-24 14:14:44,207 - [INFO] - Epoch:  106 | FVAL: 0.0636186
2019-07-24 14:14:44,292 - [INFO] - Epoch:  107 | FVAL: 0.0636144
2019-07-24 14:14:44,377 - [INFO] - Epoch:  108 | FVAL: 0.0636092
2019-07-24 14:14:44,462 - [INFO] - Epoch:  109 | FVAL: 0.0636046
2019-07-24 14:14:44,547 - [INFO] - Epoch:  110 | FVAL: 0.0635630
2019-07-24 14:14:44,633 - [INFO] - Epoch:  111 | FVAL: 0.0635206
2019-07-24 14:14:44,718 - [INFO] - Epoch:  112 | FVAL: 0.0634549
2019-07-24 14:14:44,803 - [INFO] - Epoch:  113 | FVAL: 0.0634404
2019-07-24 14:14:44,888 - [INFO] - Epoch:  114 | FVAL: 0.0634067
2019-07-24 14:14:44,973 - [INFO] - Epoch:  115 | FVAL: 0.0633679
2019-07-24 14:14:45,058 - [INFO] - Epoch:  116 | FVAL: 0.0633381
2019-07-24 14:14:45,143 - [INFO] - Epoch:  117 | FVAL: 0.0632715
2019-07-24 14:14:45,228 - [INFO] - Epoch:  118 | FVAL: 0.0632467
2019-07-24 14:14:45,313 - [INFO] - Epoch:  119 | FVAL: 0.0632253
2019-07-24 14:14:45,398 - [INFO] - Epoch:  120 | FVAL: 0.0632182
2019-07-24 14:14:45,484 - [INFO] - Epoch:  121 | FVAL: 0.0632139
2019-07-24 14:14:45,569 - [INFO] - Epoch:  122 | FVAL: 0.0631686
2019-07-24 14:14:45,654 - [INFO] - Epoch:  123 | FVAL: 0.0631554
2019-07-24 14:14:45,739 - [INFO] - Epoch:  124 | FVAL: 0.0631145
2019-07-24 14:14:45,824 - [INFO] - Epoch:  125 | FVAL: 0.0631088
2019-07-24 14:14:45,910 - [INFO] - Epoch:  126 | FVAL: 0.0630901
2019-07-24 14:14:45,995 - [INFO] - Epoch:  127 | FVAL: 0.0630526
2019-07-24 14:14:46,080 - [INFO] - Epoch:  128 | FVAL: 0.0630111
2019-07-24 14:14:46,165 - [INFO] - Epoch:  129 | FVAL: 0.0629989
2019-07-24 14:14:46,250 - [INFO] - Epoch:  130 | FVAL: 0.0629959
2019-07-24 14:14:46,335 - [INFO] - Epoch:  131 | FVAL: 0.0629944
2019-07-24 14:14:46,420 - [INFO] - Epoch:  132 | FVAL: 0.0629761
2019-07-24 14:14:46,506 - [INFO] - Epoch:  133 | FVAL: 0.0629486
2019-07-24 14:14:46,591 - [INFO] - Epoch:  134 | FVAL: 0.0629450
2019-07-24 14:14:46,676 - [INFO] - Epoch:  135 | FVAL: 0.0629138
2019-07-24 14:14:46,761 - [INFO] - Epoch:  136 | FVAL: 0.0628612
2019-07-24 14:14:46,846 - [INFO] - Epoch:  137 | FVAL: 0.0628321
2019-07-24 14:14:46,932 - [INFO] - Epoch:  138 | FVAL: 0.0628155
2019-07-24 14:14:47,017 - [INFO] - Epoch:  139 | FVAL: 0.0627857
2019-07-24 14:14:47,102 - [INFO] - Epoch:  140 | FVAL: 0.0627683
2019-07-24 14:14:47,188 - [INFO] - Epoch:  141 | FVAL: 0.0627389
2019-07-24 14:14:47,273 - [INFO] - Epoch:  142 | FVAL: 0.0627164
2019-07-24 14:14:47,358 - [INFO] - Epoch:  143 | FVAL: 0.0627010
2019-07-24 14:14:47,444 - [INFO] - Epoch:  144 | FVAL: 0.0626806
2019-07-24 14:14:47,529 - [INFO] - Epoch:  145 | FVAL: 0.0626661
2019-07-24 14:14:47,614 - [INFO] - Epoch:  146 | FVAL: 0.0626478
2019-07-24 14:14:47,700 - [INFO] - Epoch:  147 | FVAL: 0.0626449
2019-07-24 14:14:47,785 - [INFO] - Epoch:  148 | FVAL: 0.0626255
2019-07-24 14:14:47,870 - [INFO] - Epoch:  149 | FVAL: 0.0626031
2019-07-24 14:14:47,956 - [INFO] - Epoch:  150 | FVAL: 0.0625844
2019-07-24 14:14:48,041 - [INFO] - Epoch:  151 | FVAL: 0.0625670
2019-07-24 14:14:48,126 - [INFO] - Epoch:  152 | FVAL: 0.0625458
2019-07-24 14:14:48,211 - [INFO] - Epoch:  153 | FVAL: 0.0625286
2019-07-24 14:14:48,296 - [INFO] - Epoch:  154 | FVAL: 0.0625147
2019-07-24 14:14:48,382 - [INFO] - Epoch:  155 | FVAL: 0.0624913
2019-07-24 14:14:48,467 - [INFO] - Epoch:  156 | FVAL: 0.0624866
2019-07-24 14:14:48,552 - [INFO] - Epoch:  157 | FVAL: 0.0624780
2019-07-24 14:14:48,638 - [INFO] - Epoch:  158 | FVAL: 0.0624668
2019-07-24 14:14:48,723 - [INFO] - Epoch:  159 | FVAL: 0.0624652
2019-07-24 14:14:48,809 - [INFO] - Epoch:  160 | FVAL: 0.0624645
