2019-07-24 14:14:35,206 - [INFO] - apcg-- N:271617 | d:8 | lambda:1e-06
2019-07-24 14:14:35,211 - [INFO] - Function value sequence convergence criteria.
2019-07-24 14:14:35,211 - [INFO] - Epoch:    0 | FVAL: 0.3465736
2019-07-24 14:14:35,294 - [INFO] - Epoch:    1 | FVAL: 0.2373276
2019-07-24 14:14:35,379 - [INFO] - Epoch:    2 | FVAL: 0.2162389
2019-07-24 14:14:35,463 - [INFO] - Epoch:    3 | FVAL: 0.1768669
2019-07-24 14:14:35,548 - [INFO] - Epoch:    4 | FVAL: 0.1461301
2019-07-24 14:14:35,633 - [INFO] - Epoch:    5 | FVAL: 0.1438709
2019-07-24 14:14:35,717 - [INFO] - Epoch:    6 | FVAL: 0.1288691
2019-07-24 14:14:35,802 - [INFO] - Epoch:    7 | FVAL: 0.1278670
2019-07-24 14:14:35,887 - [INFO] - Epoch:    8 | FVAL: 0.1275398
2019-07-24 14:14:35,971 - [INFO] - Epoch:    9 | FVAL: 0.1184960
2019-07-24 14:14:36,056 - [INFO] - Epoch:   10 | FVAL: 0.1161610
2019-07-24 14:14:36,141 - [INFO] - Epoch:   11 | FVAL: 0.1041347
2019-07-24 14:14:36,225 - [INFO] - Epoch:   12 | FVAL: 0.0997306
2019-07-24 14:14:36,310 - [INFO] - Epoch:   13 | FVAL: 0.0935605
2019-07-24 14:14:36,395 - [INFO] - Epoch:   14 | FVAL: 0.0921315
2019-07-24 14:14:36,479 - [INFO] - Epoch:   15 | FVAL: 0.0896843
2019-07-24 14:14:36,564 - [INFO] - Epoch:   16 | FVAL: 0.0875793
2019-07-24 14:14:36,649 - [INFO] - Epoch:   17 | FVAL: 0.0861314
2019-07-24 14:14:36,733 - [INFO] - Epoch:   18 | FVAL: 0.0853883
2019-07-24 14:14:36,818 - [INFO] - Epoch:   19 | FVAL: 0.0852482
2019-07-24 14:14:36,903 - [INFO] - Epoch:   20 | FVAL: 0.0852052
2019-07-24 14:14:36,988 - [INFO] - Epoch:   21 | FVAL: 0.0851816
2019-07-24 14:14:37,072 - [INFO] - Epoch:   22 | FVAL: 0.0836309
2019-07-24 14:14:37,158 - [INFO] - Epoch:   23 | FVAL: 0.0818425
2019-07-24 14:14:37,242 - [INFO] - Epoch:   24 | FVAL: 0.0812098
2019-07-24 14:14:37,327 - [INFO] - Epoch:   25 | FVAL: 0.0803275
2019-07-24 14:14:37,412 - [INFO] - Epoch:   26 | FVAL: 0.0800029
2019-07-24 14:14:37,496 - [INFO] - Epoch:   27 | FVAL: 0.0790573
2019-07-24 14:14:37,581 - [INFO] - Epoch:   28 | FVAL: 0.0789348
2019-07-24 14:14:37,666 - [INFO] - Epoch:   29 | FVAL: 0.0777008
2019-07-24 14:14:37,750 - [INFO] - Epoch:   30 | FVAL: 0.0772775
2019-07-24 14:14:37,835 - [INFO] - Epoch:   31 | FVAL: 0.0764048
2019-07-24 14:14:37,920 - [INFO] - Epoch:   32 | FVAL: 0.0757043
2019-07-24 14:14:38,005 - [INFO] - Epoch:   33 | FVAL: 0.0747997
2019-07-24 14:14:38,090 - [INFO] - Epoch:   34 | FVAL: 0.0737490
2019-07-24 14:14:38,175 - [INFO] - Epoch:   35 | FVAL: 0.0731936
2019-07-24 14:14:38,259 - [INFO] - Epoch:   36 | FVAL: 0.0727833
2019-07-24 14:14:38,344 - [INFO] - Epoch:   37 | FVAL: 0.0720045
2019-07-24 14:14:38,429 - [INFO] - Epoch:   38 | FVAL: 0.0711636
2019-07-24 14:14:38,514 - [INFO] - Epoch:   39 | FVAL: 0.0707887
2019-07-24 14:14:38,598 - [INFO] - Epoch:   40 | FVAL: 0.0704139
2019-07-24 14:14:38,683 - [INFO] - Epoch:   41 | FVAL: 0.0699918
2019-07-24 14:14:38,768 - [INFO] - Epoch:   42 | FVAL: 0.0698750
2019-07-24 14:14:38,853 - [INFO] - Epoch:   43 | FVAL: 0.0698400
2019-07-24 14:14:38,938 - [INFO] - Epoch:   44 | FVAL: 0.0696716
2019-07-24 14:14:39,022 - [INFO] - Epoch:   45 | FVAL: 0.0692859
2019-07-24 14:14:39,107 - [INFO] - Epoch:   46 | FVAL: 0.0688684
2019-07-24 14:14:39,192 - [INFO] - Epoch:   47 | FVAL: 0.0686733
2019-07-24 14:14:39,277 - [INFO] - Epoch:   48 | FVAL: 0.0684914
2019-07-24 14:14:39,361 - [INFO] - Epoch:   49 | FVAL: 0.0683069
2019-07-24 14:14:39,446 - [INFO] - Epoch:   50 | FVAL: 0.0681475
2019-07-24 14:14:39,531 - [INFO] - Epoch:   51 | FVAL: 0.0679703
2019-07-24 14:14:39,616 - [INFO] - Epoch:   52 | FVAL: 0.0679430
2019-07-24 14:14:39,701 - [INFO] - Epoch:   53 | FVAL: 0.0677678
2019-07-24 14:14:39,786 - [INFO] - Epoch:   54 | FVAL: 0.0675779
2019-07-24 14:14:39,871 - [INFO] - Epoch:   55 | FVAL: 0.0674192
2019-07-24 14:14:39,956 - [INFO] - Epoch:   56 | FVAL: 0.0673436
2019-07-24 14:14:40,041 - [INFO] - Epoch:   57 | FVAL: 0.0672059
2019-07-24 14:14:40,126 - [INFO] - Epoch:   58 | FVAL: 0.0671463
2019-07-24 14:14:40,211 - [INFO] - Epoch:   59 | FVAL: 0.0671276
2019-07-24 14:14:40,295 - [INFO] - Epoch:   60 | FVAL: 0.0671200
2019-07-24 14:14:40,380 - [INFO] - Epoch:   61 | FVAL: 0.0671152
2019-07-24 14:14:40,465 - [INFO] - Epoch:   62 | FVAL: 0.0671029
2019-07-24 14:14:40,550 - [INFO] - Epoch:   63 | FVAL: 0.0667642
2019-07-24 14:14:40,635 - [INFO] - Epoch:   64 | FVAL: 0.0665754
2019-07-24 14:14:40,720 - [INFO] - Epoch:   65 | FVAL: 0.0664476
2019-07-24 14:14:40,805 - [INFO] - Epoch:   66 | FVAL: 0.0663041
2019-07-24 14:14:40,889 - [INFO] - Epoch:   67 | FVAL: 0.0660617
2019-07-24 14:14:40,974 - [INFO] - Epoch:   68 | FVAL: 0.0659851
2019-07-24 14:14:41,059 - [INFO] - Epoch:   69 | FVAL: 0.0658986
2019-07-24 14:14:41,144 - [INFO] - Epoch:   70 | FVAL: 0.0657741
2019-07-24 14:14:41,229 - [INFO] - Epoch:   71 | FVAL: 0.0656885
2019-07-24 14:14:41,314 - [INFO] - Epoch:   72 | FVAL: 0.0655828
2019-07-24 14:14:41,399 - [INFO] - Epoch:   73 | FVAL: 0.0654823
2019-07-24 14:14:41,484 - [INFO] - Epoch:   74 | FVAL: 0.0653905
2019-07-24 14:14:41,569 - [INFO] - Epoch:   75 | FVAL: 0.0652662
2019-07-24 14:14:41,654 - [INFO] - Epoch:   76 | FVAL: 0.0651356
2019-07-24 14:14:41,739 - [INFO] - Epoch:   77 | FVAL: 0.0650450
2019-07-24 14:14:41,824 - [INFO] - Epoch:   78 | FVAL: 0.0650138
2019-07-24 14:14:41,909 - [INFO] - Epoch:   79 | FVAL: 0.0650069
2019-07-24 14:14:41,994 - [INFO] - Epoch:   80 | FVAL: 0.0649856
2019-07-24 14:14:42,079 - [INFO] - Epoch:   81 | FVAL: 0.0648253
2019-07-24 14:14:42,164 - [INFO] - Epoch:   82 | FVAL: 0.0647217
2019-07-24 14:14:42,249 - [INFO] - Epoch:   83 | FVAL: 0.0645750
2019-07-24 14:14:42,334 - [INFO] - Epoch:   84 | FVAL: 0.0644890
2019-07-24 14:14:42,419 - [INFO] - Epoch:   85 | FVAL: 0.0644453
2019-07-24 14:14:42,504 - [INFO] - Epoch:   86 | FVAL: 0.0644323
2019-07-24 14:14:42,589 - [INFO] - Epoch:   87 | FVAL: 0.0643863
2019-07-24 14:14:42,674 - [INFO] - Epoch:   88 | FVAL: 0.0643642
2019-07-24 14:14:42,759 - [INFO] - Epoch:   89 | FVAL: 0.0642711
2019-07-24 14:14:42,844 - [INFO] - Epoch:   90 | FVAL: 0.0641957
2019-07-24 14:14:42,929 - [INFO] - Epoch:   91 | FVAL: 0.0640858
2019-07-24 14:14:43,014 - [INFO] - Epoch:   92 | FVAL: 0.0640523
2019-07-24 14:14:43,101 - [INFO] - Epoch:   93 | FVAL: 0.0640011
2019-07-24 14:14:43,186 - [INFO] - Epoch:   94 | FVAL: 0.0639789
2019-07-24 14:14:43,271 - [INFO] - Epoch:   95 | FVAL: 0.0638871
2019-07-24 14:14:43,356 - [INFO] - Epoch:   96 | FVAL: 0.0638745
2019-07-24 14:14:43,441 - [INFO] - Epoch:   97 | FVAL: 0.0638687
2019-07-24 14:14:43,526 - [INFO] - Epoch:   98 | FVAL: 0.0637964
2019-07-24 14:14:43,611 - [INFO] - Epoch:   99 | FVAL: 0.0637715
2019-07-24 14:14:43,697 - [INFO] - Epoch:  100 | FVAL: 0.0637268
2019-07-24 14:14:43,782 - [INFO] - Epoch:  101 | FVAL: 0.0637216
2019-07-24 14:14:43,867 - [INFO] - Epoch:  102 | FVAL: 0.0636798
2019-07-24 14:14:43,952 - [INFO] - Epoch:  103 | FVAL: 0.0636743
2019-07-24 14:14:44,037 - [INFO] - Epoch:  104 | FVAL: 0.0636675
2019-07-24 14:14:44,122 - [INFO] - Epoch:  105 | FVAL: 0.0636339
2019-07-24 14:14:44,207 - [INFO] - Epoch:  106 | FVAL: 0.0636186
2019-07-24 14:14:44,292 - [INFO] - Epoch:  107 | FVAL: 0.0636144
2019-07-24 14:14:44,377 - [INFO] - Epoch:  108 | FVAL: 0.0636092
2019-07-24 14:14:44,462 - [INFO] - Epoch:  109 | FVAL: 0.0636046
2019-07-24 14:14:44,547 - [INFO] - Epoch:  110 | FVAL: 0.0635630
2019-07-24 14:14:44,633 - [INFO] - Epoch:  111 | FVAL: 0.0635206
2019-07-24 14:14:44,718 - [INFO] - Epoch:  112 | FVAL: 0.0634549
2019-07-24 14:14:44,803 - [INFO] - Epoch:  113 | FVAL: 0.0634404
2019-07-24 14:14:44,888 - [INFO] - Epoch:  114 | FVAL: 0.0634067
2019-07-24 14:14:44,973 - [INFO] - Epoch:  115 | FVAL: 0.0633679
2019-07-24 14:14:45,058 - [INFO] - Epoch:  116 | FVAL: 0.0633381
2019-07-24 14:14:45,143 - [INFO] - Epoch:  117 | FVAL: 0.0632715
2019-07-24 14:14:45,228 - [INFO] - Epoch:  118 | FVAL: 0.0632467
2019-07-24 14:14:45,313 - [INFO] - Epoch:  119 | FVAL: 0.0632253
2019-07-24 14:14:45,398 - [INFO] - Epoch:  120 | FVAL: 0.0632182
2019-07-24 14:14:45,484 - [INFO] - Epoch:  121 | FVAL: 0.0632139
2019-07-24 14:14:45,569 - [INFO] - Epoch:  122 | FVAL: 0.0631686
2019-07-24 14:14:45,654 - [INFO] - Epoch:  123 | FVAL: 0.0631554
2019-07-24 14:14:45,739 - [INFO] - Epoch:  124 | FVAL: 0.0631145
2019-07-24 14:14:45,824 - [INFO] - Epoch:  125 | FVAL: 0.0631088
2019-07-24 14:14:45,910 - [INFO] - Epoch:  126 | FVAL: 0.0630901
2019-07-24 14:14:45,995 - [INFO] - Epoch:  127 | FVAL: 0.0630526
2019-07-24 14:14:46,080 - [INFO] - Epoch:  128 | FVAL: 0.0630111
2019-07-24 14:14:46,165 - [INFO] - Epoch:  129 | FVAL: 0.0629989
2019-07-24 14:14:46,250 - [INFO] - Epoch:  130 | FVAL: 0.0629959
2019-07-24 14:14:46,335 - [INFO] - Epoch:  131 | FVAL: 0.0629944
2019-07-24 14:14:46,420 - [INFO] - Epoch:  132 | FVAL: 0.0629761
2019-07-24 14:14:46,506 - [INFO] - Epoch:  133 | FVAL: 0.0629486
2019-07-24 14:14:46,591 - [INFO] - Epoch:  134 | FVAL: 0.0629450
2019-07-24 14:14:46,676 - [INFO] - Epoch:  135 | FVAL: 0.0629138
2019-07-24 14:14:46,761 - [INFO] - Epoch:  136 | FVAL: 0.0628612
2019-07-24 14:14:46,846 - [INFO] - Epoch:  137 | FVAL: 0.0628321
2019-07-24 14:14:46,932 - [INFO] - Epoch:  138 | FVAL: 0.0628155
2019-07-24 14:14:47,017 - [INFO] - Epoch:  139 | FVAL: 0.0627857
2019-07-24 14:14:47,102 - [INFO] - Epoch:  140 | FVAL: 0.0627683
2019-07-24 14:14:47,188 - [INFO] - Epoch:  141 | FVAL: 0.0627389
2019-07-24 14:14:47,273 - [INFO] - Epoch:  142 | FVAL: 0.0627164
2019-07-24 14:14:47,358 - [INFO] - Epoch:  143 | FVAL: 0.0627010
2019-07-24 14:14:47,444 - [INFO] - Epoch:  144 | FVAL: 0.0626806
2019-07-24 14:14:47,529 - [INFO] - Epoch:  145 | FVAL: 0.0626661
2019-07-24 14:14:47,614 - [INFO] - Epoch:  146 | FVAL: 0.0626478
2019-07-24 14:14:47,700 - [INFO] - Epoch:  147 | FVAL: 0.0626449
2019-07-24 14:14:47,785 - [INFO] - Epoch:  148 | FVAL: 0.0626255
2019-07-24 14:14:47,870 - [INFO] - Epoch:  149 | FVAL: 0.0626031
2019-07-24 14:14:47,956 - [INFO] - Epoch:  150 | FVAL: 0.0625844
2019-07-24 14:14:48,041 - [INFO] - Epoch:  151 | FVAL: 0.0625670
2019-07-24 14:14:48,126 - [INFO] - Epoch:  152 | FVAL: 0.0625458
2019-07-24 14:14:48,211 - [INFO] - Epoch:  153 | FVAL: 0.0625286
2019-07-24 14:14:48,296 - [INFO] - Epoch:  154 | FVAL: 0.0625147
2019-07-24 14:14:48,382 - [INFO] - Epoch:  155 | FVAL: 0.0624913
2019-07-24 14:14:48,467 - [INFO] - Epoch:  156 | FVAL: 0.0624866
2019-07-24 14:14:48,552 - [INFO] - Epoch:  157 | FVAL: 0.0624780
2019-07-24 14:14:48,638 - [INFO] - Epoch:  158 | FVAL: 0.0624668
2019-07-24 14:14:48,723 - [INFO] - Epoch:  159 | FVAL: 0.0624652
2019-07-24 14:14:48,809 - [INFO] - Epoch:  160 | FVAL: 0.0624645
