2019-07-24 14:11:46,768 - [INFO] - cgd-- N:271617 | d:8 | lambda:0.001
2019-07-24 14:11:46,775 - [INFO] - Function value sequence convergence criteria.
2019-07-24 14:11:46,775 - [INFO] - Epoch:    0 | FVAL: 0.3465736
2019-07-24 14:11:46,908 - [INFO] - Epoch:    1 | FVAL: 0.2085148
2019-07-24 14:11:47,040 - [INFO] - Epoch:    2 | FVAL: 0.1604806
2019-07-24 14:11:47,172 - [INFO] - Epoch:    3 | FVAL: 0.1325466
2019-07-24 14:11:47,304 - [INFO] - Epoch:    4 | FVAL: 0.1151511
2019-07-24 14:11:47,436 - [INFO] - Epoch:    5 | FVAL: 0.1038852
2019-07-24 14:11:47,568 - [INFO] - Epoch:    6 | FVAL: 0.0965278
2019-07-24 14:11:47,700 - [INFO] - Epoch:    7 | FVAL: 0.0915803
2019-07-24 14:11:47,832 - [INFO] - Epoch:    8 | FVAL: 0.0881768
2019-07-24 14:11:47,965 - [INFO] - Epoch:    9 | FVAL: 0.0858088
2019-07-24 14:11:48,096 - [INFO] - Epoch:   10 | FVAL: 0.0841447
2019-07-24 14:11:48,229 - [INFO] - Epoch:   11 | FVAL: 0.0829648
2019-07-24 14:11:48,360 - [INFO] - Epoch:   12 | FVAL: 0.0821216
2019-07-24 14:11:48,493 - [INFO] - Epoch:   13 | FVAL: 0.0815149
2019-07-24 14:11:48,624 - [INFO] - Epoch:   14 | FVAL: 0.0810753
2019-07-24 14:11:48,757 - [INFO] - Epoch:   15 | FVAL: 0.0807533
2019-07-24 14:11:48,889 - [INFO] - Epoch:   16 | FVAL: 0.0805168
2019-07-24 14:11:49,021 - [INFO] - Epoch:   17 | FVAL: 0.0803427
2019-07-24 14:11:49,154 - [INFO] - Epoch:   18 | FVAL: 0.0802142
2019-07-24 14:11:49,286 - [INFO] - Epoch:   19 | FVAL: 0.0801191
2019-07-24 14:11:49,418 - [INFO] - Epoch:   20 | FVAL: 0.0800487
2019-07-24 14:11:49,551 - [INFO] - Epoch:   21 | FVAL: 0.0799965
2019-07-24 14:11:49,682 - [INFO] - Epoch:   22 | FVAL: 0.0799577
2019-07-24 14:11:49,815 - [INFO] - Epoch:   23 | FVAL: 0.0799289
2019-07-24 14:11:49,946 - [INFO] - Epoch:   24 | FVAL: 0.0799074
2019-07-24 14:11:50,079 - [INFO] - Epoch:   25 | FVAL: 0.0798914
2019-07-24 14:11:50,210 - [INFO] - Epoch:   26 | FVAL: 0.0798796
2019-07-24 14:11:50,343 - [INFO] - Epoch:   27 | FVAL: 0.0798707
2019-07-24 14:11:50,475 - [INFO] - Epoch:   28 | FVAL: 0.0798641
2019-07-24 14:11:50,608 - [INFO] - Epoch:   29 | FVAL: 0.0798592
2019-07-24 14:11:50,739 - [INFO] - Epoch:   30 | FVAL: 0.0798555
2019-07-24 14:11:50,872 - [INFO] - Epoch:   31 | FVAL: 0.0798528
2019-07-24 14:11:51,013 - [INFO] - Epoch:   32 | FVAL: 0.0798508
2019-07-24 14:11:51,145 - [INFO] - Epoch:   33 | FVAL: 0.0798493
2019-07-24 14:11:51,277 - [INFO] - Epoch:   34 | FVAL: 0.0798482
2019-07-24 14:11:51,410 - [INFO] - Epoch:   35 | FVAL: 0.0798473
2019-07-24 14:12:51,894 - [INFO] - cgd-- N:271617 | d:8 | lambda:0.0001
2019-07-24 14:12:51,901 - [INFO] - Function value sequence convergence criteria.
2019-07-24 14:12:51,901 - [INFO] - Epoch:    0 | FVAL: 0.3465736
2019-07-24 14:12:52,034 - [INFO] - Epoch:    1 | FVAL: 0.2056647
2019-07-24 14:12:52,165 - [INFO] - Epoch:    2 | FVAL: 0.1558508
2019-07-24 14:12:52,298 - [INFO] - Epoch:    3 | FVAL: 0.1263679
2019-07-24 14:12:52,430 - [INFO] - Epoch:    4 | FVAL: 0.1076382
2019-07-24 14:12:52,563 - [INFO] - Epoch:    5 | FVAL: 0.0952145
2019-07-24 14:12:52,694 - [INFO] - Epoch:    6 | FVAL: 0.0867195
2019-07-24 14:12:52,827 - [INFO] - Epoch:    7 | FVAL: 0.0807697
2019-07-24 14:12:52,958 - [INFO] - Epoch:    8 | FVAL: 0.0765186
2019-07-24 14:12:53,091 - [INFO] - Epoch:    9 | FVAL: 0.0734294
2019-07-24 14:12:53,222 - [INFO] - Epoch:   10 | FVAL: 0.0711516
2019-07-24 14:12:53,355 - [INFO] - Epoch:   11 | FVAL: 0.0694508
2019-07-24 14:12:53,486 - [INFO] - Epoch:   12 | FVAL: 0.0681671
2019-07-24 14:12:53,619 - [INFO] - Epoch:   13 | FVAL: 0.0671889
2019-07-24 14:12:53,751 - [INFO] - Epoch:   14 | FVAL: 0.0664375
2019-07-24 14:12:53,884 - [INFO] - Epoch:   15 | FVAL: 0.0658561
2019-07-24 14:12:54,015 - [INFO] - Epoch:   16 | FVAL: 0.0654035
2019-07-24 14:12:54,148 - [INFO] - Epoch:   17 | FVAL: 0.0650506
2019-07-24 14:12:54,279 - [INFO] - Epoch:   18 | FVAL: 0.0647833
2019-07-24 14:12:54,412 - [INFO] - Epoch:   19 | FVAL: 0.0645708
2019-07-24 14:12:54,544 - [INFO] - Epoch:   20 | FVAL: 0.0644012
2019-07-24 14:12:54,677 - [INFO] - Epoch:   21 | FVAL: 0.0642658
2019-07-24 14:12:54,808 - [INFO] - Epoch:   22 | FVAL: 0.0641574
2019-07-24 14:12:54,941 - [INFO] - Epoch:   23 | FVAL: 0.0640705
2019-07-24 14:12:55,073 - [INFO] - Epoch:   24 | FVAL: 0.0640007
2019-07-24 14:12:55,206 - [INFO] - Epoch:   25 | FVAL: 0.0639445
2019-07-24 14:12:55,337 - [INFO] - Epoch:   26 | FVAL: 0.0638992
2019-07-24 14:12:55,470 - [INFO] - Epoch:   27 | FVAL: 0.0638628
2019-07-24 14:12:55,601 - [INFO] - Epoch:   28 | FVAL: 0.0638333
2019-07-24 14:12:55,734 - [INFO] - Epoch:   29 | FVAL: 0.0638095
2019-07-24 14:12:55,866 - [INFO] - Epoch:   30 | FVAL: 0.0637902
2019-07-24 14:12:55,999 - [INFO] - Epoch:   31 | FVAL: 0.0637746
2019-07-24 14:12:56,131 - [INFO] - Epoch:   32 | FVAL: 0.0637620
2019-07-24 14:12:56,264 - [INFO] - Epoch:   33 | FVAL: 0.0637518
2019-07-24 14:12:56,411 - [INFO] - Epoch:   34 | FVAL: 0.0637435
2019-07-24 14:12:56,544 - [INFO] - Epoch:   35 | FVAL: 0.0637367
2019-07-24 14:12:56,675 - [INFO] - Epoch:   36 | FVAL: 0.0637313
2019-07-24 14:12:56,808 - [INFO] - Epoch:   37 | FVAL: 0.0637268
2019-07-24 14:12:56,940 - [INFO] - Epoch:   38 | FVAL: 0.0637232
2019-07-24 14:12:57,073 - [INFO] - Epoch:   39 | FVAL: 0.0637203
2019-07-24 14:12:57,204 - [INFO] - Epoch:   40 | FVAL: 0.0637179
2019-07-24 14:12:57,337 - [INFO] - Epoch:   41 | FVAL: 0.0637160
2019-07-24 14:12:57,469 - [INFO] - Epoch:   42 | FVAL: 0.0637145
2019-07-24 14:12:57,602 - [INFO] - Epoch:   43 | FVAL: 0.0637132
2019-07-24 14:12:57,733 - [INFO] - Epoch:   44 | FVAL: 0.0637122
2019-07-24 14:12:57,866 - [INFO] - Epoch:   45 | FVAL: 0.0637113
2019-07-24 14:14:02,488 - [INFO] - cgd-- N:271617 | d:8 | lambda:1e-05
2019-07-24 14:14:02,496 - [INFO] - Function value sequence convergence criteria.
2019-07-24 14:14:02,496 - [INFO] - Epoch:    0 | FVAL: 0.3465736
2019-07-24 14:14:02,629 - [INFO] - Epoch:    1 | FVAL: 0.2053729
2019-07-24 14:14:02,760 - [INFO] - Epoch:    2 | FVAL: 0.1553721
2019-07-24 14:14:02,893 - [INFO] - Epoch:    3 | FVAL: 0.1257248
2019-07-24 14:14:03,025 - [INFO] - Epoch:    4 | FVAL: 0.1068513
2019-07-24 14:14:03,158 - [INFO] - Epoch:    5 | FVAL: 0.0943010
2019-07-24 14:14:03,289 - [INFO] - Epoch:    6 | FVAL: 0.0856939
2019-07-24 14:14:03,422 - [INFO] - Epoch:    7 | FVAL: 0.0796450
2019-07-24 14:14:03,553 - [INFO] - Epoch:    8 | FVAL: 0.0753063
2019-07-24 14:14:03,686 - [INFO] - Epoch:    9 | FVAL: 0.0721399
2019-07-24 14:14:03,818 - [INFO] - Epoch:   10 | FVAL: 0.0697941
2019-07-24 14:14:03,951 - [INFO] - Epoch:   11 | FVAL: 0.0680336
2019-07-24 14:14:04,082 - [INFO] - Epoch:   12 | FVAL: 0.0666976
2019-07-24 14:14:04,215 - [INFO] - Epoch:   13 | FVAL: 0.0656737
2019-07-24 14:14:04,346 - [INFO] - Epoch:   14 | FVAL: 0.0648823
2019-07-24 14:14:04,479 - [INFO] - Epoch:   15 | FVAL: 0.0642661
2019-07-24 14:14:04,611 - [INFO] - Epoch:   16 | FVAL: 0.0637832
2019-07-24 14:14:04,744 - [INFO] - Epoch:   17 | FVAL: 0.0634026
2019-07-24 14:14:04,875 - [INFO] - Epoch:   18 | FVAL: 0.0631011
2019-07-24 14:14:05,008 - [INFO] - Epoch:   19 | FVAL: 0.0628612
2019-07-24 14:14:05,140 - [INFO] - Epoch:   20 | FVAL: 0.0626697
2019-07-24 14:14:05,273 - [INFO] - Epoch:   21 | FVAL: 0.0625172
2019-07-24 14:14:05,404 - [INFO] - Epoch:   22 | FVAL: 0.0623945
2019-07-24 14:14:05,537 - [INFO] - Epoch:   23 | FVAL: 0.0622955
2019-07-24 14:14:05,669 - [INFO] - Epoch:   24 | FVAL: 0.0622156
2019-07-24 14:14:05,802 - [INFO] - Epoch:   25 | FVAL: 0.0621508
2019-07-24 14:14:05,933 - [INFO] - Epoch:   26 | FVAL: 0.0620982
2019-07-24 14:14:06,066 - [INFO] - Epoch:   27 | FVAL: 0.0620556
2019-07-24 14:14:06,198 - [INFO] - Epoch:   28 | FVAL: 0.0620209
2019-07-24 14:14:06,331 - [INFO] - Epoch:   29 | FVAL: 0.0619926
2019-07-24 14:14:06,462 - [INFO] - Epoch:   30 | FVAL: 0.0619695
2019-07-24 14:14:06,595 - [INFO] - Epoch:   31 | FVAL: 0.0619507
2019-07-24 14:14:06,727 - [INFO] - Epoch:   32 | FVAL: 0.0619353
2019-07-24 14:14:06,861 - [INFO] - Epoch:   33 | FVAL: 0.0619228
2019-07-24 14:14:06,993 - [INFO] - Epoch:   34 | FVAL: 0.0619125
2019-07-24 14:14:07,127 - [INFO] - Epoch:   35 | FVAL: 0.0619041
2019-07-24 14:14:07,258 - [INFO] - Epoch:   36 | FVAL: 0.0618972
2019-07-24 14:14:07,391 - [INFO] - Epoch:   37 | FVAL: 0.0618916
2019-07-24 14:14:07,523 - [INFO] - Epoch:   38 | FVAL: 0.0618869
2019-07-24 14:14:07,656 - [INFO] - Epoch:   39 | FVAL: 0.0618832
2019-07-24 14:14:07,788 - [INFO] - Epoch:   40 | FVAL: 0.0618801
2019-07-24 14:14:07,921 - [INFO] - Epoch:   41 | FVAL: 0.0618775
2019-07-24 14:14:08,053 - [INFO] - Epoch:   42 | FVAL: 0.0618754
2019-07-24 14:14:08,186 - [INFO] - Epoch:   43 | FVAL: 0.0618737
2019-07-24 14:14:08,317 - [INFO] - Epoch:   44 | FVAL: 0.0618723
2019-07-24 14:14:08,450 - [INFO] - Epoch:   45 | FVAL: 0.0618711
2019-07-24 14:14:08,582 - [INFO] - Epoch:   46 | FVAL: 0.0618702
2019-07-24 14:15:15,483 - [INFO] - cgd-- N:271617 | d:8 | lambda:1e-06
2019-07-24 14:15:15,491 - [INFO] - Function value sequence convergence criteria.
2019-07-24 14:15:15,491 - [INFO] - Epoch:    0 | FVAL: 0.3465736
2019-07-24 14:15:15,624 - [INFO] - Epoch:    1 | FVAL: 0.2053437
2019-07-24 14:15:15,756 - [INFO] - Epoch:    2 | FVAL: 0.1553241
2019-07-24 14:15:15,889 - [INFO] - Epoch:    3 | FVAL: 0.1256603
2019-07-24 14:15:16,020 - [INFO] - Epoch:    4 | FVAL: 0.1067722
2019-07-24 14:15:16,153 - [INFO] - Epoch:    5 | FVAL: 0.0942091
2019-07-24 14:15:16,284 - [INFO] - Epoch:    6 | FVAL: 0.0855907
2019-07-24 14:15:16,417 - [INFO] - Epoch:    7 | FVAL: 0.0795318
2019-07-24 14:15:16,549 - [INFO] - Epoch:    8 | FVAL: 0.0751842
2019-07-24 14:15:16,682 - [INFO] - Epoch:    9 | FVAL: 0.0720099
2019-07-24 14:15:16,813 - [INFO] - Epoch:   10 | FVAL: 0.0696571
2019-07-24 14:15:16,946 - [INFO] - Epoch:   11 | FVAL: 0.0678906
2019-07-24 14:15:17,078 - [INFO] - Epoch:   12 | FVAL: 0.0665491
2019-07-24 14:15:17,211 - [INFO] - Epoch:   13 | FVAL: 0.0655205
2019-07-24 14:15:17,342 - [INFO] - Epoch:   14 | FVAL: 0.0647250
2019-07-24 14:15:17,476 - [INFO] - Epoch:   15 | FVAL: 0.0641052
2019-07-24 14:15:17,608 - [INFO] - Epoch:   16 | FVAL: 0.0636191
2019-07-24 14:15:17,740 - [INFO] - Epoch:   17 | FVAL: 0.0632357
2019-07-24 14:15:17,872 - [INFO] - Epoch:   18 | FVAL: 0.0629318
2019-07-24 14:15:18,005 - [INFO] - Epoch:   19 | FVAL: 0.0626898
2019-07-24 14:15:18,137 - [INFO] - Epoch:   20 | FVAL: 0.0624965
2019-07-24 14:15:18,270 - [INFO] - Epoch:   21 | FVAL: 0.0623414
2019-07-24 14:15:18,401 - [INFO] - Epoch:   22 | FVAL: 0.0622168
2019-07-24 14:15:18,534 - [INFO] - Epoch:   23 | FVAL: 0.0621162
2019-07-24 14:15:18,665 - [INFO] - Epoch:   24 | FVAL: 0.0620350
2019-07-24 14:15:18,798 - [INFO] - Epoch:   25 | FVAL: 0.0619691
2019-07-24 14:15:18,930 - [INFO] - Epoch:   26 | FVAL: 0.0619157
2019-07-24 14:15:19,063 - [INFO] - Epoch:   27 | FVAL: 0.0618723
2019-07-24 14:15:19,194 - [INFO] - Epoch:   28 | FVAL: 0.0618370
2019-07-24 14:15:19,327 - [INFO] - Epoch:   29 | FVAL: 0.0618082
2019-07-24 14:15:19,459 - [INFO] - Epoch:   30 | FVAL: 0.0617847
2019-07-24 14:15:19,592 - [INFO] - Epoch:   31 | FVAL: 0.0617655
2019-07-24 14:15:19,724 - [INFO] - Epoch:   32 | FVAL: 0.0617498
2019-07-24 14:15:19,856 - [INFO] - Epoch:   33 | FVAL: 0.0617370
2019-07-24 14:15:19,988 - [INFO] - Epoch:   34 | FVAL: 0.0617265
2019-07-24 14:15:20,121 - [INFO] - Epoch:   35 | FVAL: 0.0617179
2019-07-24 14:15:20,253 - [INFO] - Epoch:   36 | FVAL: 0.0617108
2019-07-24 14:15:20,386 - [INFO] - Epoch:   37 | FVAL: 0.0617051
2019-07-24 14:15:20,517 - [INFO] - Epoch:   38 | FVAL: 0.0617003
2019-07-24 14:15:20,651 - [INFO] - Epoch:   39 | FVAL: 0.0616964
2019-07-24 14:15:20,782 - [INFO] - Epoch:   40 | FVAL: 0.0616932
2019-07-24 14:15:21,003 - [INFO] - Epoch:   41 | FVAL: 0.0616906
2019-07-24 14:15:21,139 - [INFO] - Epoch:   42 | FVAL: 0.0616885
2019-07-24 14:15:21,272 - [INFO] - Epoch:   43 | FVAL: 0.0616867
2019-07-24 14:15:21,404 - [INFO] - Epoch:   44 | FVAL: 0.0616853
2019-07-24 14:15:21,537 - [INFO] - Epoch:   45 | FVAL: 0.0616841
2019-07-24 14:15:21,669 - [INFO] - Epoch:   46 | FVAL: 0.0616831
