2019-07-24 14:11:30,087 - [INFO] - csum-- N:271617 | d:8 | lambda:0.001
2019-07-24 14:11:30,092 - [INFO] - Function value sequence convergence criteria.
2019-07-24 14:11:30,092 - [INFO] - Epoch:    0 | FVAL: 0.3465736
2019-07-24 14:11:30,161 - [INFO] - Epoch:    1 | FVAL: 0.3465736
2019-07-24 14:11:30,234 - [INFO] - Epoch:    2 | FVAL: 0.2170845
2019-07-24 14:11:30,308 - [INFO] - Epoch:    3 | FVAL: 0.1767563
2019-07-24 14:11:30,382 - [INFO] - Epoch:    4 | FVAL: 0.1553136
2019-07-24 14:11:30,456 - [INFO] - Epoch:    5 | FVAL: 0.1416934
2019-07-24 14:11:30,530 - [INFO] - Epoch:    6 | FVAL: 0.1321881
2019-07-24 14:11:30,603 - [INFO] - Epoch:    7 | FVAL: 0.1251342
2019-07-24 14:11:30,677 - [INFO] - Epoch:    8 | FVAL: 0.1196697
2019-07-24 14:11:30,752 - [INFO] - Epoch:    9 | FVAL: 0.1153000
2019-07-24 14:11:30,826 - [INFO] - Epoch:   10 | FVAL: 0.1117197
2019-07-24 14:11:30,900 - [INFO] - Epoch:   11 | FVAL: 0.1087292
2019-07-24 14:11:30,973 - [INFO] - Epoch:   12 | FVAL: 0.1061919
2019-07-24 14:11:31,047 - [INFO] - Epoch:   13 | FVAL: 0.1040113
2019-07-24 14:11:31,121 - [INFO] - Epoch:   14 | FVAL: 0.1021157
2019-07-24 14:11:31,195 - [INFO] - Epoch:   15 | FVAL: 0.1004529
2019-07-24 14:11:31,269 - [INFO] - Epoch:   16 | FVAL: 0.0989834
2019-07-24 14:11:31,343 - [INFO] - Epoch:   17 | FVAL: 0.0976755
2019-07-24 14:11:31,416 - [INFO] - Epoch:   18 | FVAL: 0.0965044
2019-07-24 14:11:31,490 - [INFO] - Epoch:   19 | FVAL: 0.0954501
2019-07-24 14:11:31,564 - [INFO] - Epoch:   20 | FVAL: 0.0944962
2019-07-24 14:11:31,638 - [INFO] - Epoch:   21 | FVAL: 0.0936294
2019-07-24 14:11:31,712 - [INFO] - Epoch:   22 | FVAL: 0.0928386
2019-07-24 14:11:31,786 - [INFO] - Epoch:   23 | FVAL: 0.0921146
2019-07-24 14:11:31,860 - [INFO] - Epoch:   24 | FVAL: 0.0914495
2019-07-24 14:11:31,933 - [INFO] - Epoch:   25 | FVAL: 0.0908367
2019-07-24 14:11:32,008 - [INFO] - Epoch:   26 | FVAL: 0.0902705
2019-07-24 14:11:32,081 - [INFO] - Epoch:   27 | FVAL: 0.0897461
2019-07-24 14:11:32,155 - [INFO] - Epoch:   28 | FVAL: 0.0892593
2019-07-24 14:11:32,229 - [INFO] - Epoch:   29 | FVAL: 0.0888062
2019-07-24 14:11:32,303 - [INFO] - Epoch:   30 | FVAL: 0.0883839
2019-07-24 14:11:32,377 - [INFO] - Epoch:   31 | FVAL: 0.0879893
2019-07-24 14:11:32,451 - [INFO] - Epoch:   32 | FVAL: 0.0876201
2019-07-24 14:11:32,525 - [INFO] - Epoch:   33 | FVAL: 0.0872740
2019-07-24 14:11:32,599 - [INFO] - Epoch:   34 | FVAL: 0.0869490
2019-07-24 14:11:32,673 - [INFO] - Epoch:   35 | FVAL: 0.0866435
2019-07-24 14:11:32,747 - [INFO] - Epoch:   36 | FVAL: 0.0863559
2019-07-24 14:11:32,821 - [INFO] - Epoch:   37 | FVAL: 0.0860848
2019-07-24 14:11:32,894 - [INFO] - Epoch:   38 | FVAL: 0.0858288
2019-07-24 14:11:32,968 - [INFO] - Epoch:   39 | FVAL: 0.0855869
2019-07-24 14:11:33,042 - [INFO] - Epoch:   40 | FVAL: 0.0853581
2019-07-24 14:11:33,116 - [INFO] - Epoch:   41 | FVAL: 0.0851414
2019-07-24 14:11:33,190 - [INFO] - Epoch:   42 | FVAL: 0.0849360
2019-07-24 14:11:33,264 - [INFO] - Epoch:   43 | FVAL: 0.0847410
2019-07-24 14:11:33,338 - [INFO] - Epoch:   44 | FVAL: 0.0845558
2019-07-24 14:11:33,412 - [INFO] - Epoch:   45 | FVAL: 0.0843798
2019-07-24 14:11:33,486 - [INFO] - Epoch:   46 | FVAL: 0.0842123
2019-07-24 14:11:33,560 - [INFO] - Epoch:   47 | FVAL: 0.0840529
2019-07-24 14:11:33,634 - [INFO] - Epoch:   48 | FVAL: 0.0839009
2019-07-24 14:11:33,708 - [INFO] - Epoch:   49 | FVAL: 0.0837560
2019-07-24 14:11:33,782 - [INFO] - Epoch:   50 | FVAL: 0.0836178
2019-07-24 14:11:33,856 - [INFO] - Epoch:   51 | FVAL: 0.0834858
2019-07-24 14:11:33,930 - [INFO] - Epoch:   52 | FVAL: 0.0833596
2019-07-24 14:11:34,004 - [INFO] - Epoch:   53 | FVAL: 0.0832390
2019-07-24 14:11:34,078 - [INFO] - Epoch:   54 | FVAL: 0.0831236
2019-07-24 14:11:34,152 - [INFO] - Epoch:   55 | FVAL: 0.0830132
2019-07-24 14:11:34,226 - [INFO] - Epoch:   56 | FVAL: 0.0829074
2019-07-24 14:11:34,301 - [INFO] - Epoch:   57 | FVAL: 0.0828060
2019-07-24 14:11:34,375 - [INFO] - Epoch:   58 | FVAL: 0.0827088
2019-07-24 14:11:34,449 - [INFO] - Epoch:   59 | FVAL: 0.0826156
2019-07-24 14:11:34,523 - [INFO] - Epoch:   60 | FVAL: 0.0825262
2019-07-24 14:11:34,597 - [INFO] - Epoch:   61 | FVAL: 0.0824403
2019-07-24 14:11:34,671 - [INFO] - Epoch:   62 | FVAL: 0.0823578
2019-07-24 14:11:34,745 - [INFO] - Epoch:   63 | FVAL: 0.0822785
2019-07-24 14:11:34,819 - [INFO] - Epoch:   64 | FVAL: 0.0822023
2019-07-24 14:11:34,893 - [INFO] - Epoch:   65 | FVAL: 0.0821290
2019-07-24 14:11:34,967 - [INFO] - Epoch:   66 | FVAL: 0.0820585
2019-07-24 14:11:35,042 - [INFO] - Epoch:   67 | FVAL: 0.0819906
2019-07-24 14:11:35,116 - [INFO] - Epoch:   68 | FVAL: 0.0819252
2019-07-24 14:11:35,190 - [INFO] - Epoch:   69 | FVAL: 0.0818623
2019-07-24 14:11:35,264 - [INFO] - Epoch:   70 | FVAL: 0.0818016
2019-07-24 14:11:35,338 - [INFO] - Epoch:   71 | FVAL: 0.0817432
2019-07-24 14:11:35,412 - [INFO] - Epoch:   72 | FVAL: 0.0816868
2019-07-24 14:11:35,487 - [INFO] - Epoch:   73 | FVAL: 0.0816324
2019-07-24 14:11:35,561 - [INFO] - Epoch:   74 | FVAL: 0.0815800
2019-07-24 14:11:35,635 - [INFO] - Epoch:   75 | FVAL: 0.0815294
2019-07-24 14:11:35,709 - [INFO] - Epoch:   76 | FVAL: 0.0814805
2019-07-24 14:11:35,784 - [INFO] - Epoch:   77 | FVAL: 0.0814333
2019-07-24 14:11:35,858 - [INFO] - Epoch:   78 | FVAL: 0.0813878
2019-07-24 14:11:35,932 - [INFO] - Epoch:   79 | FVAL: 0.0813437
2019-07-24 14:11:36,007 - [INFO] - Epoch:   80 | FVAL: 0.0813012
2019-07-24 14:11:36,081 - [INFO] - Epoch:   81 | FVAL: 0.0812601
2019-07-24 14:11:36,155 - [INFO] - Epoch:   82 | FVAL: 0.0812203
2019-07-24 14:11:36,229 - [INFO] - Epoch:   83 | FVAL: 0.0811819
2019-07-24 14:11:36,303 - [INFO] - Epoch:   84 | FVAL: 0.0811447
2019-07-24 14:11:36,377 - [INFO] - Epoch:   85 | FVAL: 0.0811087
2019-07-24 14:11:36,452 - [INFO] - Epoch:   86 | FVAL: 0.0810738
2019-07-24 14:11:36,526 - [INFO] - Epoch:   87 | FVAL: 0.0810401
2019-07-24 14:11:36,600 - [INFO] - Epoch:   88 | FVAL: 0.0810075
2019-07-24 14:11:36,674 - [INFO] - Epoch:   89 | FVAL: 0.0809759
2019-07-24 14:11:36,749 - [INFO] - Epoch:   90 | FVAL: 0.0809452
2019-07-24 14:11:36,823 - [INFO] - Epoch:   91 | FVAL: 0.0809156
2019-07-24 14:11:36,897 - [INFO] - Epoch:   92 | FVAL: 0.0808868
2019-07-24 14:11:36,971 - [INFO] - Epoch:   93 | FVAL: 0.0808590
2019-07-24 14:11:37,046 - [INFO] - Epoch:   94 | FVAL: 0.0808320
2019-07-24 14:11:37,120 - [INFO] - Epoch:   95 | FVAL: 0.0808058
2019-07-24 14:11:37,194 - [INFO] - Epoch:   96 | FVAL: 0.0807804
2019-07-24 14:11:37,268 - [INFO] - Epoch:   97 | FVAL: 0.0807558
2019-07-24 14:11:37,342 - [INFO] - Epoch:   98 | FVAL: 0.0807319
2019-07-24 14:11:37,416 - [INFO] - Epoch:   99 | FVAL: 0.0807088
2019-07-24 14:11:37,490 - [INFO] - Epoch:  100 | FVAL: 0.0806863
2019-07-24 14:11:37,565 - [INFO] - Epoch:  101 | FVAL: 0.0806645
2019-07-24 14:11:37,638 - [INFO] - Epoch:  102 | FVAL: 0.0806433
2019-07-24 14:11:37,712 - [INFO] - Epoch:  103 | FVAL: 0.0806227
2019-07-24 14:11:37,786 - [INFO] - Epoch:  104 | FVAL: 0.0806028
2019-07-24 14:11:37,860 - [INFO] - Epoch:  105 | FVAL: 0.0805834
2019-07-24 14:11:37,934 - [INFO] - Epoch:  106 | FVAL: 0.0805646
2019-07-24 14:11:38,008 - [INFO] - Epoch:  107 | FVAL: 0.0805463
2019-07-24 14:11:38,082 - [INFO] - Epoch:  108 | FVAL: 0.0805285
2019-07-24 14:11:38,156 - [INFO] - Epoch:  109 | FVAL: 0.0805113
2019-07-24 14:11:38,230 - [INFO] - Epoch:  110 | FVAL: 0.0804945
2019-07-24 14:11:38,304 - [INFO] - Epoch:  111 | FVAL: 0.0804782
2019-07-24 14:11:38,378 - [INFO] - Epoch:  112 | FVAL: 0.0804624
2019-07-24 14:11:38,452 - [INFO] - Epoch:  113 | FVAL: 0.0804470
2019-07-24 14:11:38,526 - [INFO] - Epoch:  114 | FVAL: 0.0804320
2019-07-24 14:11:38,600 - [INFO] - Epoch:  115 | FVAL: 0.0804174
2019-07-24 14:11:38,674 - [INFO] - Epoch:  116 | FVAL: 0.0804033
2019-07-24 14:11:38,748 - [INFO] - Epoch:  117 | FVAL: 0.0803895
2019-07-24 14:11:38,822 - [INFO] - Epoch:  118 | FVAL: 0.0803761
2019-07-24 14:11:38,896 - [INFO] - Epoch:  119 | FVAL: 0.0803631
2019-07-24 14:11:38,970 - [INFO] - Epoch:  120 | FVAL: 0.0803504
2019-07-24 14:11:39,043 - [INFO] - Epoch:  121 | FVAL: 0.0803381
2019-07-24 14:11:39,117 - [INFO] - Epoch:  122 | FVAL: 0.0803261
2019-07-24 14:11:39,192 - [INFO] - Epoch:  123 | FVAL: 0.0803144
2019-07-24 14:11:39,265 - [INFO] - Epoch:  124 | FVAL: 0.0803031
2019-07-24 14:11:39,339 - [INFO] - Epoch:  125 | FVAL: 0.0802920
2019-07-24 14:11:39,413 - [INFO] - Epoch:  126 | FVAL: 0.0802812
2019-07-24 14:11:39,487 - [INFO] - Epoch:  127 | FVAL: 0.0802707
2019-07-24 14:11:39,562 - [INFO] - Epoch:  128 | FVAL: 0.0802605
2019-07-24 14:11:39,636 - [INFO] - Epoch:  129 | FVAL: 0.0802506
2019-07-24 14:11:39,709 - [INFO] - Epoch:  130 | FVAL: 0.0802409
2019-07-24 14:11:39,784 - [INFO] - Epoch:  131 | FVAL: 0.0802315
2019-07-24 14:11:39,858 - [INFO] - Epoch:  132 | FVAL: 0.0802223
2019-07-24 14:11:39,932 - [INFO] - Epoch:  133 | FVAL: 0.0802134
2019-07-24 14:11:40,006 - [INFO] - Epoch:  134 | FVAL: 0.0802046
2019-07-24 14:11:40,080 - [INFO] - Epoch:  135 | FVAL: 0.0801962
2019-07-24 14:11:40,154 - [INFO] - Epoch:  136 | FVAL: 0.0801879
2019-07-24 14:11:40,228 - [INFO] - Epoch:  137 | FVAL: 0.0801798
2019-07-24 14:11:40,302 - [INFO] - Epoch:  138 | FVAL: 0.0801720
2019-07-24 14:11:40,376 - [INFO] - Epoch:  139 | FVAL: 0.0801643
2019-07-24 14:11:40,450 - [INFO] - Epoch:  140 | FVAL: 0.0801569
2019-07-24 14:11:40,524 - [INFO] - Epoch:  141 | FVAL: 0.0801496
2019-07-24 14:11:40,598 - [INFO] - Epoch:  142 | FVAL: 0.0801425
2019-07-24 14:11:40,672 - [INFO] - Epoch:  143 | FVAL: 0.0801356
2019-07-24 14:11:40,746 - [INFO] - Epoch:  144 | FVAL: 0.0801288
2019-07-24 14:11:40,821 - [INFO] - Epoch:  145 | FVAL: 0.0801223
2019-07-24 14:11:40,895 - [INFO] - Epoch:  146 | FVAL: 0.0801159
2019-07-24 14:11:40,969 - [INFO] - Epoch:  147 | FVAL: 0.0801096
2019-07-24 14:11:41,043 - [INFO] - Epoch:  148 | FVAL: 0.0801035
2019-07-24 14:11:41,117 - [INFO] - Epoch:  149 | FVAL: 0.0800976
2019-07-24 14:11:41,191 - [INFO] - Epoch:  150 | FVAL: 0.0800918
2019-07-24 14:11:41,265 - [INFO] - Epoch:  151 | FVAL: 0.0800861
2019-07-24 14:11:41,339 - [INFO] - Epoch:  152 | FVAL: 0.0800806
2019-07-24 14:11:41,413 - [INFO] - Epoch:  153 | FVAL: 0.0800753
2019-07-24 14:11:41,487 - [INFO] - Epoch:  154 | FVAL: 0.0800700
2019-07-24 14:11:41,561 - [INFO] - Epoch:  155 | FVAL: 0.0800649
2019-07-24 14:11:41,635 - [INFO] - Epoch:  156 | FVAL: 0.0800599
2019-07-24 14:11:41,709 - [INFO] - Epoch:  157 | FVAL: 0.0800550
2019-07-24 14:11:41,784 - [INFO] - Epoch:  158 | FVAL: 0.0800503
2019-07-24 14:11:41,858 - [INFO] - Epoch:  159 | FVAL: 0.0800456
2019-07-24 14:11:41,932 - [INFO] - Epoch:  160 | FVAL: 0.0800411
2019-07-24 14:11:42,006 - [INFO] - Epoch:  161 | FVAL: 0.0800367
2019-07-24 14:11:42,080 - [INFO] - Epoch:  162 | FVAL: 0.0800324
2019-07-24 14:11:42,155 - [INFO] - Epoch:  163 | FVAL: 0.0800282
2019-07-24 14:11:42,229 - [INFO] - Epoch:  164 | FVAL: 0.0800241
2019-07-24 14:11:42,303 - [INFO] - Epoch:  165 | FVAL: 0.0800200
2019-07-24 14:11:42,377 - [INFO] - Epoch:  166 | FVAL: 0.0800161
2019-07-24 14:11:42,451 - [INFO] - Epoch:  167 | FVAL: 0.0800123
2019-07-24 14:11:42,525 - [INFO] - Epoch:  168 | FVAL: 0.0800086
2019-07-24 14:11:42,599 - [INFO] - Epoch:  169 | FVAL: 0.0800049
2019-07-24 14:11:42,673 - [INFO] - Epoch:  170 | FVAL: 0.0800014
2019-07-24 14:11:42,748 - [INFO] - Epoch:  171 | FVAL: 0.0799979
2019-07-24 14:11:42,822 - [INFO] - Epoch:  172 | FVAL: 0.0799945
2019-07-24 14:11:42,896 - [INFO] - Epoch:  173 | FVAL: 0.0799912
2019-07-24 14:11:42,970 - [INFO] - Epoch:  174 | FVAL: 0.0799880
2019-07-24 14:11:43,044 - [INFO] - Epoch:  175 | FVAL: 0.0799848
2019-07-24 14:11:43,118 - [INFO] - Epoch:  176 | FVAL: 0.0799817
2019-07-24 14:11:43,193 - [INFO] - Epoch:  177 | FVAL: 0.0799787
2019-07-24 14:11:43,267 - [INFO] - Epoch:  178 | FVAL: 0.0799757
2019-07-24 14:11:43,341 - [INFO] - Epoch:  179 | FVAL: 0.0799729
2019-07-24 14:11:43,415 - [INFO] - Epoch:  180 | FVAL: 0.0799701
2019-07-24 14:11:43,489 - [INFO] - Epoch:  181 | FVAL: 0.0799673
2019-07-24 14:11:43,564 - [INFO] - Epoch:  182 | FVAL: 0.0799646
2019-07-24 14:11:43,638 - [INFO] - Epoch:  183 | FVAL: 0.0799620
2019-07-24 14:11:43,712 - [INFO] - Epoch:  184 | FVAL: 0.0799595
2019-07-24 14:11:43,786 - [INFO] - Epoch:  185 | FVAL: 0.0799570
2019-07-24 14:11:43,861 - [INFO] - Epoch:  186 | FVAL: 0.0799545
2019-07-24 14:11:43,935 - [INFO] - Epoch:  187 | FVAL: 0.0799521
2019-07-24 14:11:44,009 - [INFO] - Epoch:  188 | FVAL: 0.0799498
2019-07-24 14:11:44,083 - [INFO] - Epoch:  189 | FVAL: 0.0799475
2019-07-24 14:11:44,158 - [INFO] - Epoch:  190 | FVAL: 0.0799453
2019-07-24 14:11:44,232 - [INFO] - Epoch:  191 | FVAL: 0.0799431
2019-07-24 14:11:44,306 - [INFO] - Epoch:  192 | FVAL: 0.0799410
2019-07-24 14:11:44,380 - [INFO] - Epoch:  193 | FVAL: 0.0799389
2019-07-24 14:11:44,454 - [INFO] - Epoch:  194 | FVAL: 0.0799369
2019-07-24 14:11:44,529 - [INFO] - Epoch:  195 | FVAL: 0.0799349
2019-07-24 14:11:44,603 - [INFO] - Epoch:  196 | FVAL: 0.0799329
2019-07-24 14:11:44,677 - [INFO] - Epoch:  197 | FVAL: 0.0799310
2019-07-24 14:11:44,752 - [INFO] - Epoch:  198 | FVAL: 0.0799292
2019-07-24 14:11:44,826 - [INFO] - Epoch:  199 | FVAL: 0.0799274
2019-07-24 14:11:44,901 - [INFO] - Epoch:  200 | FVAL: 0.0799256
2019-07-24 14:11:44,975 - [INFO] - Epoch:  201 | FVAL: 0.0799239
2019-07-24 14:11:45,049 - [INFO] - Epoch:  202 | FVAL: 0.0799222
2019-07-24 14:11:45,124 - [INFO] - Epoch:  203 | FVAL: 0.0799205
2019-07-24 14:11:45,198 - [INFO] - Epoch:  204 | FVAL: 0.0799189
2019-07-24 14:11:45,272 - [INFO] - Epoch:  205 | FVAL: 0.0799173
2019-07-24 14:11:45,347 - [INFO] - Epoch:  206 | FVAL: 0.0799158
2019-07-24 14:11:45,421 - [INFO] - Epoch:  207 | FVAL: 0.0799142
2019-07-24 14:11:45,495 - [INFO] - Epoch:  208 | FVAL: 0.0799128
2019-07-24 14:11:45,570 - [INFO] - Epoch:  209 | FVAL: 0.0799113
2019-07-24 14:11:45,644 - [INFO] - Epoch:  210 | FVAL: 0.0799099
2019-07-24 14:11:45,719 - [INFO] - Epoch:  211 | FVAL: 0.0799085
2019-07-24 14:11:45,793 - [INFO] - Epoch:  212 | FVAL: 0.0799072
2019-07-24 14:11:45,868 - [INFO] - Epoch:  213 | FVAL: 0.0799058
2019-07-24 14:11:45,943 - [INFO] - Epoch:  214 | FVAL: 0.0799045
2019-07-24 14:11:46,017 - [INFO] - Epoch:  215 | FVAL: 0.0799033
2019-07-24 14:11:46,092 - [INFO] - Epoch:  216 | FVAL: 0.0799020
2019-07-24 14:11:46,166 - [INFO] - Epoch:  217 | FVAL: 0.0799008
2019-07-24 14:11:46,240 - [INFO] - Epoch:  218 | FVAL: 0.0798996
2019-07-24 14:11:46,315 - [INFO] - Epoch:  219 | FVAL: 0.0798985
2019-07-24 14:11:46,389 - [INFO] - Epoch:  220 | FVAL: 0.0798974
2019-07-24 14:11:46,464 - [INFO] - Epoch:  221 | FVAL: 0.0798962
2019-07-24 14:11:46,538 - [INFO] - Epoch:  222 | FVAL: 0.0798952
2019-07-24 14:11:46,613 - [INFO] - Epoch:  223 | FVAL: 0.0798941
2019-07-24 14:11:46,687 - [INFO] - Epoch:  224 | FVAL: 0.0798931
2019-07-24 14:11:46,762 - [INFO] - Epoch:  225 | FVAL: 0.0798920
2019-07-24 14:12:27,633 - [INFO] - csum-- N:271617 | d:8 | lambda:0.0001
2019-07-24 14:12:27,637 - [INFO] - Function value sequence convergence criteria.
2019-07-24 14:12:27,637 - [INFO] - Epoch:    0 | FVAL: 0.3465736
2019-07-24 14:12:27,705 - [INFO] - Epoch:    1 | FVAL: 0.3465736
2019-07-24 14:12:27,776 - [INFO] - Epoch:    2 | FVAL: 0.2145207
2019-07-24 14:12:27,847 - [INFO] - Epoch:    3 | FVAL: 0.1726775
2019-07-24 14:12:27,919 - [INFO] - Epoch:    4 | FVAL: 0.1500291
2019-07-24 14:12:27,991 - [INFO] - Epoch:    5 | FVAL: 0.1356338
2019-07-24 14:12:28,062 - [INFO] - Epoch:    6 | FVAL: 0.1255441
2019-07-24 14:12:28,134 - [INFO] - Epoch:    7 | FVAL: 0.1180081
2019-07-24 14:12:28,206 - [INFO] - Epoch:    8 | FVAL: 0.1121311
2019-07-24 14:12:28,278 - [INFO] - Epoch:    9 | FVAL: 0.1073999
2019-07-24 14:12:28,349 - [INFO] - Epoch:   10 | FVAL: 0.1034973
2019-07-24 14:12:28,421 - [INFO] - Epoch:   11 | FVAL: 0.1002158
2019-07-24 14:12:28,493 - [INFO] - Epoch:   12 | FVAL: 0.0974131
2019-07-24 14:12:28,565 - [INFO] - Epoch:   13 | FVAL: 0.0949880
2019-07-24 14:12:28,637 - [INFO] - Epoch:   14 | FVAL: 0.0928663
2019-07-24 14:12:28,709 - [INFO] - Epoch:   15 | FVAL: 0.0909937
2019-07-24 14:12:28,780 - [INFO] - Epoch:   16 | FVAL: 0.0893281
2019-07-24 14:12:28,852 - [INFO] - Epoch:   17 | FVAL: 0.0878362
2019-07-24 14:12:28,924 - [INFO] - Epoch:   18 | FVAL: 0.0864918
2019-07-24 14:12:28,996 - [INFO] - Epoch:   19 | FVAL: 0.0852735
2019-07-24 14:12:29,068 - [INFO] - Epoch:   20 | FVAL: 0.0841642
2019-07-24 14:12:29,140 - [INFO] - Epoch:   21 | FVAL: 0.0831496
2019-07-24 14:12:29,212 - [INFO] - Epoch:   22 | FVAL: 0.0822182
2019-07-24 14:12:29,284 - [INFO] - Epoch:   23 | FVAL: 0.0813598
2019-07-24 14:12:29,356 - [INFO] - Epoch:   24 | FVAL: 0.0805664
2019-07-24 14:12:29,427 - [INFO] - Epoch:   25 | FVAL: 0.0798307
2019-07-24 14:12:29,500 - [INFO] - Epoch:   26 | FVAL: 0.0791466
2019-07-24 14:12:29,571 - [INFO] - Epoch:   27 | FVAL: 0.0785090
2019-07-24 14:12:29,643 - [INFO] - Epoch:   28 | FVAL: 0.0779133
2019-07-24 14:12:29,715 - [INFO] - Epoch:   29 | FVAL: 0.0773555
2019-07-24 14:12:29,788 - [INFO] - Epoch:   30 | FVAL: 0.0768321
2019-07-24 14:12:29,859 - [INFO] - Epoch:   31 | FVAL: 0.0763402
2019-07-24 14:12:29,931 - [INFO] - Epoch:   32 | FVAL: 0.0758769
2019-07-24 14:12:30,003 - [INFO] - Epoch:   33 | FVAL: 0.0754400
2019-07-24 14:12:30,075 - [INFO] - Epoch:   34 | FVAL: 0.0750272
2019-07-24 14:12:30,147 - [INFO] - Epoch:   35 | FVAL: 0.0746367
2019-07-24 14:12:30,219 - [INFO] - Epoch:   36 | FVAL: 0.0742667
2019-07-24 14:12:30,291 - [INFO] - Epoch:   37 | FVAL: 0.0739157
2019-07-24 14:12:30,363 - [INFO] - Epoch:   38 | FVAL: 0.0735824
2019-07-24 14:12:30,435 - [INFO] - Epoch:   39 | FVAL: 0.0732654
2019-07-24 14:12:30,507 - [INFO] - Epoch:   40 | FVAL: 0.0729637
2019-07-24 14:12:30,579 - [INFO] - Epoch:   41 | FVAL: 0.0726761
2019-07-24 14:12:30,651 - [INFO] - Epoch:   42 | FVAL: 0.0724018
2019-07-24 14:12:30,723 - [INFO] - Epoch:   43 | FVAL: 0.0721400
2019-07-24 14:12:30,796 - [INFO] - Epoch:   44 | FVAL: 0.0718897
2019-07-24 14:12:30,868 - [INFO] - Epoch:   45 | FVAL: 0.0716503
2019-07-24 14:12:30,940 - [INFO] - Epoch:   46 | FVAL: 0.0714211
2019-07-24 14:12:31,012 - [INFO] - Epoch:   47 | FVAL: 0.0712016
2019-07-24 14:12:31,084 - [INFO] - Epoch:   48 | FVAL: 0.0709911
2019-07-24 14:12:31,156 - [INFO] - Epoch:   49 | FVAL: 0.0707891
2019-07-24 14:12:31,228 - [INFO] - Epoch:   50 | FVAL: 0.0705952
2019-07-24 14:12:31,300 - [INFO] - Epoch:   51 | FVAL: 0.0704089
2019-07-24 14:12:31,372 - [INFO] - Epoch:   52 | FVAL: 0.0702297
2019-07-24 14:12:31,445 - [INFO] - Epoch:   53 | FVAL: 0.0700574
2019-07-24 14:12:31,517 - [INFO] - Epoch:   54 | FVAL: 0.0698915
2019-07-24 14:12:31,589 - [INFO] - Epoch:   55 | FVAL: 0.0697318
2019-07-24 14:12:31,661 - [INFO] - Epoch:   56 | FVAL: 0.0695778
2019-07-24 14:12:31,733 - [INFO] - Epoch:   57 | FVAL: 0.0694294
2019-07-24 14:12:31,805 - [INFO] - Epoch:   58 | FVAL: 0.0692862
2019-07-24 14:12:31,877 - [INFO] - Epoch:   59 | FVAL: 0.0691481
2019-07-24 14:12:31,949 - [INFO] - Epoch:   60 | FVAL: 0.0690146
2019-07-24 14:12:32,021 - [INFO] - Epoch:   61 | FVAL: 0.0688857
2019-07-24 14:12:32,093 - [INFO] - Epoch:   62 | FVAL: 0.0687611
2019-07-24 14:12:32,166 - [INFO] - Epoch:   63 | FVAL: 0.0686407
2019-07-24 14:12:32,238 - [INFO] - Epoch:   64 | FVAL: 0.0685242
2019-07-24 14:12:32,310 - [INFO] - Epoch:   65 | FVAL: 0.0684114
2019-07-24 14:12:32,382 - [INFO] - Epoch:   66 | FVAL: 0.0683022
2019-07-24 14:12:32,454 - [INFO] - Epoch:   67 | FVAL: 0.0681965
2019-07-24 14:12:32,526 - [INFO] - Epoch:   68 | FVAL: 0.0680941
2019-07-24 14:12:32,599 - [INFO] - Epoch:   69 | FVAL: 0.0679949
2019-07-24 14:12:32,671 - [INFO] - Epoch:   70 | FVAL: 0.0678986
2019-07-24 14:12:32,743 - [INFO] - Epoch:   71 | FVAL: 0.0678053
2019-07-24 14:12:32,815 - [INFO] - Epoch:   72 | FVAL: 0.0677148
2019-07-24 14:12:32,887 - [INFO] - Epoch:   73 | FVAL: 0.0676269
2019-07-24 14:12:32,959 - [INFO] - Epoch:   74 | FVAL: 0.0675416
2019-07-24 14:12:33,032 - [INFO] - Epoch:   75 | FVAL: 0.0674588
2019-07-24 14:12:33,104 - [INFO] - Epoch:   76 | FVAL: 0.0673784
2019-07-24 14:12:33,176 - [INFO] - Epoch:   77 | FVAL: 0.0673002
2019-07-24 14:12:33,248 - [INFO] - Epoch:   78 | FVAL: 0.0672243
2019-07-24 14:12:33,321 - [INFO] - Epoch:   79 | FVAL: 0.0671504
2019-07-24 14:12:33,393 - [INFO] - Epoch:   80 | FVAL: 0.0670786
2019-07-24 14:12:33,465 - [INFO] - Epoch:   81 | FVAL: 0.0670088
2019-07-24 14:12:33,537 - [INFO] - Epoch:   82 | FVAL: 0.0669408
2019-07-24 14:12:33,609 - [INFO] - Epoch:   83 | FVAL: 0.0668747
2019-07-24 14:12:33,682 - [INFO] - Epoch:   84 | FVAL: 0.0668103
2019-07-24 14:12:33,754 - [INFO] - Epoch:   85 | FVAL: 0.0667477
2019-07-24 14:12:33,826 - [INFO] - Epoch:   86 | FVAL: 0.0666867
2019-07-24 14:12:33,899 - [INFO] - Epoch:   87 | FVAL: 0.0666272
2019-07-24 14:12:33,971 - [INFO] - Epoch:   88 | FVAL: 0.0665693
2019-07-24 14:12:34,043 - [INFO] - Epoch:   89 | FVAL: 0.0665129
2019-07-24 14:12:34,115 - [INFO] - Epoch:   90 | FVAL: 0.0664579
2019-07-24 14:12:34,187 - [INFO] - Epoch:   91 | FVAL: 0.0664043
2019-07-24 14:12:34,260 - [INFO] - Epoch:   92 | FVAL: 0.0663520
2019-07-24 14:12:34,332 - [INFO] - Epoch:   93 | FVAL: 0.0663010
2019-07-24 14:12:34,404 - [INFO] - Epoch:   94 | FVAL: 0.0662513
2019-07-24 14:12:34,477 - [INFO] - Epoch:   95 | FVAL: 0.0662028
2019-07-24 14:12:34,549 - [INFO] - Epoch:   96 | FVAL: 0.0661554
2019-07-24 14:12:34,621 - [INFO] - Epoch:   97 | FVAL: 0.0661092
2019-07-24 14:12:34,693 - [INFO] - Epoch:   98 | FVAL: 0.0660641
2019-07-24 14:12:34,766 - [INFO] - Epoch:   99 | FVAL: 0.0660201
2019-07-24 14:12:34,838 - [INFO] - Epoch:  100 | FVAL: 0.0659771
2019-07-24 14:12:34,910 - [INFO] - Epoch:  101 | FVAL: 0.0659351
2019-07-24 14:12:34,983 - [INFO] - Epoch:  102 | FVAL: 0.0658941
2019-07-24 14:12:35,055 - [INFO] - Epoch:  103 | FVAL: 0.0658540
2019-07-24 14:12:35,127 - [INFO] - Epoch:  104 | FVAL: 0.0658149
2019-07-24 14:12:35,200 - [INFO] - Epoch:  105 | FVAL: 0.0657766
2019-07-24 14:12:35,272 - [INFO] - Epoch:  106 | FVAL: 0.0657392
2019-07-24 14:12:35,344 - [INFO] - Epoch:  107 | FVAL: 0.0657027
2019-07-24 14:12:35,417 - [INFO] - Epoch:  108 | FVAL: 0.0656669
2019-07-24 14:12:35,489 - [INFO] - Epoch:  109 | FVAL: 0.0656320
2019-07-24 14:12:35,562 - [INFO] - Epoch:  110 | FVAL: 0.0655978
2019-07-24 14:12:35,634 - [INFO] - Epoch:  111 | FVAL: 0.0655644
2019-07-24 14:12:35,707 - [INFO] - Epoch:  112 | FVAL: 0.0655317
2019-07-24 14:12:35,779 - [INFO] - Epoch:  113 | FVAL: 0.0654997
2019-07-24 14:12:35,851 - [INFO] - Epoch:  114 | FVAL: 0.0654685
2019-07-24 14:12:35,923 - [INFO] - Epoch:  115 | FVAL: 0.0654378
2019-07-24 14:12:35,996 - [INFO] - Epoch:  116 | FVAL: 0.0654079
2019-07-24 14:12:36,068 - [INFO] - Epoch:  117 | FVAL: 0.0653785
2019-07-24 14:12:36,141 - [INFO] - Epoch:  118 | FVAL: 0.0653498
2019-07-24 14:12:36,214 - [INFO] - Epoch:  119 | FVAL: 0.0653217
2019-07-24 14:12:36,286 - [INFO] - Epoch:  120 | FVAL: 0.0652942
2019-07-24 14:12:36,358 - [INFO] - Epoch:  121 | FVAL: 0.0652672
2019-07-24 14:12:36,431 - [INFO] - Epoch:  122 | FVAL: 0.0652408
2019-07-24 14:12:36,503 - [INFO] - Epoch:  123 | FVAL: 0.0652150
2019-07-24 14:12:36,576 - [INFO] - Epoch:  124 | FVAL: 0.0651896
2019-07-24 14:12:36,648 - [INFO] - Epoch:  125 | FVAL: 0.0651648
2019-07-24 14:12:36,721 - [INFO] - Epoch:  126 | FVAL: 0.0651405
2019-07-24 14:12:36,793 - [INFO] - Epoch:  127 | FVAL: 0.0651167
2019-07-24 14:12:36,866 - [INFO] - Epoch:  128 | FVAL: 0.0650933
2019-07-24 14:12:36,938 - [INFO] - Epoch:  129 | FVAL: 0.0650705
2019-07-24 14:12:37,010 - [INFO] - Epoch:  130 | FVAL: 0.0650480
2019-07-24 14:12:37,083 - [INFO] - Epoch:  131 | FVAL: 0.0650261
2019-07-24 14:12:37,155 - [INFO] - Epoch:  132 | FVAL: 0.0650045
2019-07-24 14:12:37,228 - [INFO] - Epoch:  133 | FVAL: 0.0649834
2019-07-24 14:12:37,300 - [INFO] - Epoch:  134 | FVAL: 0.0649627
2019-07-24 14:12:37,373 - [INFO] - Epoch:  135 | FVAL: 0.0649423
2019-07-24 14:12:37,445 - [INFO] - Epoch:  136 | FVAL: 0.0649224
2019-07-24 14:12:37,518 - [INFO] - Epoch:  137 | FVAL: 0.0649029
2019-07-24 14:12:37,590 - [INFO] - Epoch:  138 | FVAL: 0.0648837
2019-07-24 14:12:37,662 - [INFO] - Epoch:  139 | FVAL: 0.0648649
2019-07-24 14:12:37,735 - [INFO] - Epoch:  140 | FVAL: 0.0648464
2019-07-24 14:12:37,807 - [INFO] - Epoch:  141 | FVAL: 0.0648283
2019-07-24 14:12:37,880 - [INFO] - Epoch:  142 | FVAL: 0.0648106
2019-07-24 14:12:37,952 - [INFO] - Epoch:  143 | FVAL: 0.0647932
2019-07-24 14:12:38,025 - [INFO] - Epoch:  144 | FVAL: 0.0647761
2019-07-24 14:12:38,097 - [INFO] - Epoch:  145 | FVAL: 0.0647593
2019-07-24 14:12:38,170 - [INFO] - Epoch:  146 | FVAL: 0.0647428
2019-07-24 14:12:38,242 - [INFO] - Epoch:  147 | FVAL: 0.0647266
2019-07-24 14:12:38,315 - [INFO] - Epoch:  148 | FVAL: 0.0647107
2019-07-24 14:12:38,387 - [INFO] - Epoch:  149 | FVAL: 0.0646952
2019-07-24 14:12:38,460 - [INFO] - Epoch:  150 | FVAL: 0.0646799
2019-07-24 14:12:38,532 - [INFO] - Epoch:  151 | FVAL: 0.0646648
2019-07-24 14:12:38,605 - [INFO] - Epoch:  152 | FVAL: 0.0646501
2019-07-24 14:12:38,677 - [INFO] - Epoch:  153 | FVAL: 0.0646356
2019-07-24 14:12:38,750 - [INFO] - Epoch:  154 | FVAL: 0.0646214
2019-07-24 14:12:38,823 - [INFO] - Epoch:  155 | FVAL: 0.0646074
2019-07-24 14:12:38,895 - [INFO] - Epoch:  156 | FVAL: 0.0645937
2019-07-24 14:12:38,968 - [INFO] - Epoch:  157 | FVAL: 0.0645802
2019-07-24 14:12:39,041 - [INFO] - Epoch:  158 | FVAL: 0.0645669
2019-07-24 14:12:39,113 - [INFO] - Epoch:  159 | FVAL: 0.0645539
2019-07-24 14:12:39,186 - [INFO] - Epoch:  160 | FVAL: 0.0645412
2019-07-24 14:12:39,258 - [INFO] - Epoch:  161 | FVAL: 0.0645286
2019-07-24 14:12:39,331 - [INFO] - Epoch:  162 | FVAL: 0.0645163
2019-07-24 14:12:39,403 - [INFO] - Epoch:  163 | FVAL: 0.0645041
2019-07-24 14:12:39,476 - [INFO] - Epoch:  164 | FVAL: 0.0644922
2019-07-24 14:12:39,549 - [INFO] - Epoch:  165 | FVAL: 0.0644805
2019-07-24 14:12:39,621 - [INFO] - Epoch:  166 | FVAL: 0.0644690
2019-07-24 14:12:39,694 - [INFO] - Epoch:  167 | FVAL: 0.0644577
2019-07-24 14:12:39,766 - [INFO] - Epoch:  168 | FVAL: 0.0644466
2019-07-24 14:12:39,839 - [INFO] - Epoch:  169 | FVAL: 0.0644356
2019-07-24 14:12:39,912 - [INFO] - Epoch:  170 | FVAL: 0.0644249
2019-07-24 14:12:39,984 - [INFO] - Epoch:  171 | FVAL: 0.0644143
2019-07-24 14:12:40,057 - [INFO] - Epoch:  172 | FVAL: 0.0644040
2019-07-24 14:12:40,129 - [INFO] - Epoch:  173 | FVAL: 0.0643937
2019-07-24 14:12:40,202 - [INFO] - Epoch:  174 | FVAL: 0.0643837
2019-07-24 14:12:40,275 - [INFO] - Epoch:  175 | FVAL: 0.0643738
2019-07-24 14:12:40,347 - [INFO] - Epoch:  176 | FVAL: 0.0643641
2019-07-24 14:12:40,420 - [INFO] - Epoch:  177 | FVAL: 0.0643546
2019-07-24 14:12:40,493 - [INFO] - Epoch:  178 | FVAL: 0.0643452
2019-07-24 14:12:40,565 - [INFO] - Epoch:  179 | FVAL: 0.0643360
2019-07-24 14:12:40,638 - [INFO] - Epoch:  180 | FVAL: 0.0643269
2019-07-24 14:12:40,710 - [INFO] - Epoch:  181 | FVAL: 0.0643180
2019-07-24 14:12:40,783 - [INFO] - Epoch:  182 | FVAL: 0.0643092
2019-07-24 14:12:40,856 - [INFO] - Epoch:  183 | FVAL: 0.0643005
2019-07-24 14:12:40,929 - [INFO] - Epoch:  184 | FVAL: 0.0642920
2019-07-24 14:12:41,001 - [INFO] - Epoch:  185 | FVAL: 0.0642837
2019-07-24 14:12:41,074 - [INFO] - Epoch:  186 | FVAL: 0.0642754
2019-07-24 14:12:41,147 - [INFO] - Epoch:  187 | FVAL: 0.0642674
2019-07-24 14:12:41,220 - [INFO] - Epoch:  188 | FVAL: 0.0642594
2019-07-24 14:12:41,293 - [INFO] - Epoch:  189 | FVAL: 0.0642516
2019-07-24 14:12:41,365 - [INFO] - Epoch:  190 | FVAL: 0.0642438
2019-07-24 14:12:41,438 - [INFO] - Epoch:  191 | FVAL: 0.0642363
2019-07-24 14:12:41,511 - [INFO] - Epoch:  192 | FVAL: 0.0642288
2019-07-24 14:12:41,584 - [INFO] - Epoch:  193 | FVAL: 0.0642214
2019-07-24 14:12:41,656 - [INFO] - Epoch:  194 | FVAL: 0.0642142
2019-07-24 14:12:41,729 - [INFO] - Epoch:  195 | FVAL: 0.0642071
2019-07-24 14:12:41,802 - [INFO] - Epoch:  196 | FVAL: 0.0642001
2019-07-24 14:12:41,874 - [INFO] - Epoch:  197 | FVAL: 0.0641932
2019-07-24 14:12:41,947 - [INFO] - Epoch:  198 | FVAL: 0.0641864
2019-07-24 14:12:42,020 - [INFO] - Epoch:  199 | FVAL: 0.0641797
2019-07-24 14:12:42,094 - [INFO] - Epoch:  200 | FVAL: 0.0641732
2019-07-24 14:12:42,167 - [INFO] - Epoch:  201 | FVAL: 0.0641667
2019-07-24 14:12:42,240 - [INFO] - Epoch:  202 | FVAL: 0.0641603
2019-07-24 14:12:42,312 - [INFO] - Epoch:  203 | FVAL: 0.0641540
2019-07-24 14:12:42,385 - [INFO] - Epoch:  204 | FVAL: 0.0641479
2019-07-24 14:12:42,458 - [INFO] - Epoch:  205 | FVAL: 0.0641418
2019-07-24 14:12:42,531 - [INFO] - Epoch:  206 | FVAL: 0.0641358
2019-07-24 14:12:42,603 - [INFO] - Epoch:  207 | FVAL: 0.0641299
2019-07-24 14:12:42,676 - [INFO] - Epoch:  208 | FVAL: 0.0641241
2019-07-24 14:12:42,749 - [INFO] - Epoch:  209 | FVAL: 0.0641184
2019-07-24 14:12:42,822 - [INFO] - Epoch:  210 | FVAL: 0.0641127
2019-07-24 14:12:42,894 - [INFO] - Epoch:  211 | FVAL: 0.0641072
2019-07-24 14:12:42,967 - [INFO] - Epoch:  212 | FVAL: 0.0641017
2019-07-24 14:12:43,040 - [INFO] - Epoch:  213 | FVAL: 0.0640964
2019-07-24 14:12:43,113 - [INFO] - Epoch:  214 | FVAL: 0.0640911
2019-07-24 14:12:43,185 - [INFO] - Epoch:  215 | FVAL: 0.0640858
2019-07-24 14:12:43,258 - [INFO] - Epoch:  216 | FVAL: 0.0640807
2019-07-24 14:12:43,331 - [INFO] - Epoch:  217 | FVAL: 0.0640756
2019-07-24 14:12:43,404 - [INFO] - Epoch:  218 | FVAL: 0.0640707
2019-07-24 14:12:43,477 - [INFO] - Epoch:  219 | FVAL: 0.0640658
2019-07-24 14:12:43,550 - [INFO] - Epoch:  220 | FVAL: 0.0640609
2019-07-24 14:12:43,622 - [INFO] - Epoch:  221 | FVAL: 0.0640562
2019-07-24 14:12:43,695 - [INFO] - Epoch:  222 | FVAL: 0.0640515
2019-07-24 14:12:43,768 - [INFO] - Epoch:  223 | FVAL: 0.0640468
2019-07-24 14:12:43,841 - [INFO] - Epoch:  224 | FVAL: 0.0640423
2019-07-24 14:12:43,914 - [INFO] - Epoch:  225 | FVAL: 0.0640378
2019-07-24 14:12:43,987 - [INFO] - Epoch:  226 | FVAL: 0.0640334
2019-07-24 14:12:44,060 - [INFO] - Epoch:  227 | FVAL: 0.0640290
2019-07-24 14:12:44,133 - [INFO] - Epoch:  228 | FVAL: 0.0640247
2019-07-24 14:12:44,206 - [INFO] - Epoch:  229 | FVAL: 0.0640205
2019-07-24 14:12:44,278 - [INFO] - Epoch:  230 | FVAL: 0.0640163
2019-07-24 14:12:44,351 - [INFO] - Epoch:  231 | FVAL: 0.0640122
2019-07-24 14:12:44,424 - [INFO] - Epoch:  232 | FVAL: 0.0640082
2019-07-24 14:12:44,497 - [INFO] - Epoch:  233 | FVAL: 0.0640042
2019-07-24 14:12:44,570 - [INFO] - Epoch:  234 | FVAL: 0.0640002
2019-07-24 14:12:44,643 - [INFO] - Epoch:  235 | FVAL: 0.0639964
2019-07-24 14:12:44,716 - [INFO] - Epoch:  236 | FVAL: 0.0639926
2019-07-24 14:12:44,789 - [INFO] - Epoch:  237 | FVAL: 0.0639888
2019-07-24 14:12:44,862 - [INFO] - Epoch:  238 | FVAL: 0.0639851
2019-07-24 14:12:44,935 - [INFO] - Epoch:  239 | FVAL: 0.0639814
2019-07-24 14:12:45,008 - [INFO] - Epoch:  240 | FVAL: 0.0639778
2019-07-24 14:12:45,081 - [INFO] - Epoch:  241 | FVAL: 0.0639743
2019-07-24 14:12:45,154 - [INFO] - Epoch:  242 | FVAL: 0.0639708
2019-07-24 14:12:45,227 - [INFO] - Epoch:  243 | FVAL: 0.0639673
2019-07-24 14:12:45,299 - [INFO] - Epoch:  244 | FVAL: 0.0639639
2019-07-24 14:12:45,372 - [INFO] - Epoch:  245 | FVAL: 0.0639606
2019-07-24 14:12:45,445 - [INFO] - Epoch:  246 | FVAL: 0.0639573
2019-07-24 14:12:45,519 - [INFO] - Epoch:  247 | FVAL: 0.0639540
2019-07-24 14:12:45,592 - [INFO] - Epoch:  248 | FVAL: 0.0639508
2019-07-24 14:12:45,665 - [INFO] - Epoch:  249 | FVAL: 0.0639476
2019-07-24 14:12:45,738 - [INFO] - Epoch:  250 | FVAL: 0.0639445
2019-07-24 14:12:45,810 - [INFO] - Epoch:  251 | FVAL: 0.0639414
2019-07-24 14:12:45,883 - [INFO] - Epoch:  252 | FVAL: 0.0639384
2019-07-24 14:12:45,956 - [INFO] - Epoch:  253 | FVAL: 0.0639354
2019-07-24 14:12:46,029 - [INFO] - Epoch:  254 | FVAL: 0.0639325
2019-07-24 14:12:46,102 - [INFO] - Epoch:  255 | FVAL: 0.0639296
2019-07-24 14:12:46,175 - [INFO] - Epoch:  256 | FVAL: 0.0639267
2019-07-24 14:12:46,249 - [INFO] - Epoch:  257 | FVAL: 0.0639239
2019-07-24 14:12:46,322 - [INFO] - Epoch:  258 | FVAL: 0.0639211
2019-07-24 14:12:46,395 - [INFO] - Epoch:  259 | FVAL: 0.0639183
2019-07-24 14:12:46,468 - [INFO] - Epoch:  260 | FVAL: 0.0639156
2019-07-24 14:12:46,541 - [INFO] - Epoch:  261 | FVAL: 0.0639129
2019-07-24 14:12:46,614 - [INFO] - Epoch:  262 | FVAL: 0.0639103
2019-07-24 14:12:46,687 - [INFO] - Epoch:  263 | FVAL: 0.0639077
2019-07-24 14:12:46,760 - [INFO] - Epoch:  264 | FVAL: 0.0639051
2019-07-24 14:12:46,833 - [INFO] - Epoch:  265 | FVAL: 0.0639026
2019-07-24 14:12:46,906 - [INFO] - Epoch:  266 | FVAL: 0.0639001
2019-07-24 14:12:46,980 - [INFO] - Epoch:  267 | FVAL: 0.0638977
2019-07-24 14:12:47,053 - [INFO] - Epoch:  268 | FVAL: 0.0638952
2019-07-24 14:12:47,126 - [INFO] - Epoch:  269 | FVAL: 0.0638928
2019-07-24 14:12:47,199 - [INFO] - Epoch:  270 | FVAL: 0.0638905
2019-07-24 14:12:47,272 - [INFO] - Epoch:  271 | FVAL: 0.0638882
2019-07-24 14:12:47,345 - [INFO] - Epoch:  272 | FVAL: 0.0638859
2019-07-24 14:12:47,419 - [INFO] - Epoch:  273 | FVAL: 0.0638836
2019-07-24 14:12:47,492 - [INFO] - Epoch:  274 | FVAL: 0.0638814
2019-07-24 14:12:47,565 - [INFO] - Epoch:  275 | FVAL: 0.0638792
2019-07-24 14:12:47,638 - [INFO] - Epoch:  276 | FVAL: 0.0638770
2019-07-24 14:12:47,711 - [INFO] - Epoch:  277 | FVAL: 0.0638748
2019-07-24 14:12:47,785 - [INFO] - Epoch:  278 | FVAL: 0.0638727
2019-07-24 14:12:47,858 - [INFO] - Epoch:  279 | FVAL: 0.0638706
2019-07-24 14:12:47,931 - [INFO] - Epoch:  280 | FVAL: 0.0638686
2019-07-24 14:12:48,004 - [INFO] - Epoch:  281 | FVAL: 0.0638666
2019-07-24 14:12:48,077 - [INFO] - Epoch:  282 | FVAL: 0.0638646
2019-07-24 14:12:48,150 - [INFO] - Epoch:  283 | FVAL: 0.0638626
2019-07-24 14:12:48,224 - [INFO] - Epoch:  284 | FVAL: 0.0638606
2019-07-24 14:12:48,297 - [INFO] - Epoch:  285 | FVAL: 0.0638587
2019-07-24 14:12:48,370 - [INFO] - Epoch:  286 | FVAL: 0.0638568
2019-07-24 14:12:48,443 - [INFO] - Epoch:  287 | FVAL: 0.0638549
2019-07-24 14:12:48,516 - [INFO] - Epoch:  288 | FVAL: 0.0638531
2019-07-24 14:12:48,589 - [INFO] - Epoch:  289 | FVAL: 0.0638513
2019-07-24 14:12:48,662 - [INFO] - Epoch:  290 | FVAL: 0.0638495
2019-07-24 14:12:48,735 - [INFO] - Epoch:  291 | FVAL: 0.0638477
2019-07-24 14:12:48,809 - [INFO] - Epoch:  292 | FVAL: 0.0638460
2019-07-24 14:12:48,882 - [INFO] - Epoch:  293 | FVAL: 0.0638442
2019-07-24 14:12:48,955 - [INFO] - Epoch:  294 | FVAL: 0.0638425
2019-07-24 14:12:49,028 - [INFO] - Epoch:  295 | FVAL: 0.0638408
2019-07-24 14:12:49,101 - [INFO] - Epoch:  296 | FVAL: 0.0638392
2019-07-24 14:12:49,174 - [INFO] - Epoch:  297 | FVAL: 0.0638376
2019-07-24 14:12:49,248 - [INFO] - Epoch:  298 | FVAL: 0.0638359
2019-07-24 14:12:49,321 - [INFO] - Epoch:  299 | FVAL: 0.0638343
2019-07-24 14:12:49,394 - [INFO] - Epoch:  300 | FVAL: 0.0638328
2019-07-24 14:12:49,467 - [INFO] - Epoch:  301 | FVAL: 0.0638312
2019-07-24 14:12:49,540 - [INFO] - Epoch:  302 | FVAL: 0.0638297
2019-07-24 14:12:49,614 - [INFO] - Epoch:  303 | FVAL: 0.0638282
2019-07-24 14:12:49,687 - [INFO] - Epoch:  304 | FVAL: 0.0638267
2019-07-24 14:12:49,760 - [INFO] - Epoch:  305 | FVAL: 0.0638252
2019-07-24 14:12:49,833 - [INFO] - Epoch:  306 | FVAL: 0.0638238
2019-07-24 14:12:49,907 - [INFO] - Epoch:  307 | FVAL: 0.0638223
2019-07-24 14:12:49,980 - [INFO] - Epoch:  308 | FVAL: 0.0638209
2019-07-24 14:12:50,053 - [INFO] - Epoch:  309 | FVAL: 0.0638195
2019-07-24 14:12:50,126 - [INFO] - Epoch:  310 | FVAL: 0.0638181
2019-07-24 14:12:50,200 - [INFO] - Epoch:  311 | FVAL: 0.0638168
2019-07-24 14:12:50,273 - [INFO] - Epoch:  312 | FVAL: 0.0638154
2019-07-24 14:12:50,346 - [INFO] - Epoch:  313 | FVAL: 0.0638141
2019-07-24 14:12:50,419 - [INFO] - Epoch:  314 | FVAL: 0.0638128
2019-07-24 14:12:50,492 - [INFO] - Epoch:  315 | FVAL: 0.0638115
2019-07-24 14:12:50,566 - [INFO] - Epoch:  316 | FVAL: 0.0638102
2019-07-24 14:12:50,639 - [INFO] - Epoch:  317 | FVAL: 0.0638090
2019-07-24 14:12:50,712 - [INFO] - Epoch:  318 | FVAL: 0.0638077
2019-07-24 14:12:50,786 - [INFO] - Epoch:  319 | FVAL: 0.0638065
2019-07-24 14:12:50,859 - [INFO] - Epoch:  320 | FVAL: 0.0638053
2019-07-24 14:12:50,932 - [INFO] - Epoch:  321 | FVAL: 0.0638041
2019-07-24 14:12:51,005 - [INFO] - Epoch:  322 | FVAL: 0.0638029
2019-07-24 14:12:51,079 - [INFO] - Epoch:  323 | FVAL: 0.0638018
2019-07-24 14:12:51,152 - [INFO] - Epoch:  324 | FVAL: 0.0638006
2019-07-24 14:12:51,225 - [INFO] - Epoch:  325 | FVAL: 0.0637995
2019-07-24 14:12:51,301 - [INFO] - Epoch:  326 | FVAL: 0.0637984
2019-07-24 14:12:51,374 - [INFO] - Epoch:  327 | FVAL: 0.0637973
2019-07-24 14:12:51,447 - [INFO] - Epoch:  328 | FVAL: 0.0637962
2019-07-24 14:12:51,521 - [INFO] - Epoch:  329 | FVAL: 0.0637951
2019-07-24 14:12:51,594 - [INFO] - Epoch:  330 | FVAL: 0.0637940
2019-07-24 14:12:51,668 - [INFO] - Epoch:  331 | FVAL: 0.0637930
2019-07-24 14:12:51,741 - [INFO] - Epoch:  332 | FVAL: 0.0637920
2019-07-24 14:12:51,814 - [INFO] - Epoch:  333 | FVAL: 0.0637909
2019-07-24 14:12:51,887 - [INFO] - Epoch:  334 | FVAL: 0.0637899
2019-07-24 14:13:36,735 - [INFO] - csum-- N:271617 | d:8 | lambda:1e-05
2019-07-24 14:13:36,739 - [INFO] - Function value sequence convergence criteria.
2019-07-24 14:13:36,739 - [INFO] - Epoch:    0 | FVAL: 0.3465736
2019-07-24 14:13:36,807 - [INFO] - Epoch:    1 | FVAL: 0.3465736
2019-07-24 14:13:36,877 - [INFO] - Epoch:    2 | FVAL: 0.2142595
2019-07-24 14:13:36,949 - [INFO] - Epoch:    3 | FVAL: 0.1722796
2019-07-24 14:13:37,021 - [INFO] - Epoch:    4 | FVAL: 0.1495284
2019-07-24 14:13:37,093 - [INFO] - Epoch:    5 | FVAL: 0.1350426
2019-07-24 14:13:37,165 - [INFO] - Epoch:    6 | FVAL: 0.1248793
2019-07-24 14:13:37,236 - [INFO] - Epoch:    7 | FVAL: 0.1172876
2019-07-24 14:13:37,308 - [INFO] - Epoch:    8 | FVAL: 0.1113655
2019-07-24 14:13:37,380 - [INFO] - Epoch:    9 | FVAL: 0.1065957
2019-07-24 14:13:37,452 - [INFO] - Epoch:   10 | FVAL: 0.1026589
2019-07-24 14:13:37,524 - [INFO] - Epoch:   11 | FVAL: 0.0993464
2019-07-24 14:13:37,596 - [INFO] - Epoch:   12 | FVAL: 0.0965157
2019-07-24 14:13:37,668 - [INFO] - Epoch:   13 | FVAL: 0.0940653
2019-07-24 14:13:37,739 - [INFO] - Epoch:   14 | FVAL: 0.0919211
2019-07-24 14:13:37,811 - [INFO] - Epoch:   15 | FVAL: 0.0900273
2019-07-24 14:13:37,883 - [INFO] - Epoch:   16 | FVAL: 0.0883414
2019-07-24 14:13:37,955 - [INFO] - Epoch:   17 | FVAL: 0.0868300
2019-07-24 14:13:38,028 - [INFO] - Epoch:   18 | FVAL: 0.0854669
2019-07-24 14:13:38,100 - [INFO] - Epoch:   19 | FVAL: 0.0842307
2019-07-24 14:13:38,171 - [INFO] - Epoch:   20 | FVAL: 0.0831043
2019-07-24 14:13:38,243 - [INFO] - Epoch:   21 | FVAL: 0.0820733
2019-07-24 14:13:38,315 - [INFO] - Epoch:   22 | FVAL: 0.0811261
2019-07-24 14:13:38,387 - [INFO] - Epoch:   23 | FVAL: 0.0802527
2019-07-24 14:13:38,459 - [INFO] - Epoch:   24 | FVAL: 0.0794448
2019-07-24 14:13:38,531 - [INFO] - Epoch:   25 | FVAL: 0.0786951
2019-07-24 14:13:38,603 - [INFO] - Epoch:   26 | FVAL: 0.0779976
2019-07-24 14:13:38,675 - [INFO] - Epoch:   27 | FVAL: 0.0773470
2019-07-24 14:13:38,747 - [INFO] - Epoch:   28 | FVAL: 0.0767388
2019-07-24 14:13:38,819 - [INFO] - Epoch:   29 | FVAL: 0.0761689
2019-07-24 14:13:38,891 - [INFO] - Epoch:   30 | FVAL: 0.0756339
2019-07-24 14:13:38,963 - [INFO] - Epoch:   31 | FVAL: 0.0751306
2019-07-24 14:13:39,035 - [INFO] - Epoch:   32 | FVAL: 0.0746564
2019-07-24 14:13:39,107 - [INFO] - Epoch:   33 | FVAL: 0.0742089
2019-07-24 14:13:39,179 - [INFO] - Epoch:   34 | FVAL: 0.0737858
2019-07-24 14:13:39,251 - [INFO] - Epoch:   35 | FVAL: 0.0733853
2019-07-24 14:13:39,323 - [INFO] - Epoch:   36 | FVAL: 0.0730056
2019-07-24 14:13:39,395 - [INFO] - Epoch:   37 | FVAL: 0.0726452
2019-07-24 14:13:39,467 - [INFO] - Epoch:   38 | FVAL: 0.0723027
2019-07-24 14:13:39,539 - [INFO] - Epoch:   39 | FVAL: 0.0719768
2019-07-24 14:13:39,611 - [INFO] - Epoch:   40 | FVAL: 0.0716664
2019-07-24 14:13:39,683 - [INFO] - Epoch:   41 | FVAL: 0.0713704
2019-07-24 14:13:39,755 - [INFO] - Epoch:   42 | FVAL: 0.0710878
2019-07-24 14:13:39,827 - [INFO] - Epoch:   43 | FVAL: 0.0708179
2019-07-24 14:13:39,899 - [INFO] - Epoch:   44 | FVAL: 0.0705598
2019-07-24 14:13:39,971 - [INFO] - Epoch:   45 | FVAL: 0.0703128
2019-07-24 14:13:40,043 - [INFO] - Epoch:   46 | FVAL: 0.0700761
2019-07-24 14:13:40,115 - [INFO] - Epoch:   47 | FVAL: 0.0698493
2019-07-24 14:13:40,187 - [INFO] - Epoch:   48 | FVAL: 0.0696316
2019-07-24 14:13:40,259 - [INFO] - Epoch:   49 | FVAL: 0.0694227
2019-07-24 14:13:40,331 - [INFO] - Epoch:   50 | FVAL: 0.0692220
2019-07-24 14:13:40,403 - [INFO] - Epoch:   51 | FVAL: 0.0690290
2019-07-24 14:13:40,475 - [INFO] - Epoch:   52 | FVAL: 0.0688434
2019-07-24 14:13:40,547 - [INFO] - Epoch:   53 | FVAL: 0.0686647
2019-07-24 14:13:40,620 - [INFO] - Epoch:   54 | FVAL: 0.0684926
2019-07-24 14:13:40,692 - [INFO] - Epoch:   55 | FVAL: 0.0683267
2019-07-24 14:13:40,764 - [INFO] - Epoch:   56 | FVAL: 0.0681668
2019-07-24 14:13:40,836 - [INFO] - Epoch:   57 | FVAL: 0.0680125
2019-07-24 14:13:40,908 - [INFO] - Epoch:   58 | FVAL: 0.0678636
2019-07-24 14:13:40,981 - [INFO] - Epoch:   59 | FVAL: 0.0677197
2019-07-24 14:13:41,053 - [INFO] - Epoch:   60 | FVAL: 0.0675808
2019-07-24 14:13:41,125 - [INFO] - Epoch:   61 | FVAL: 0.0674465
2019-07-24 14:13:41,197 - [INFO] - Epoch:   62 | FVAL: 0.0673166
2019-07-24 14:13:41,269 - [INFO] - Epoch:   63 | FVAL: 0.0671909
2019-07-24 14:13:41,341 - [INFO] - Epoch:   64 | FVAL: 0.0670693
2019-07-24 14:13:41,413 - [INFO] - Epoch:   65 | FVAL: 0.0669515
2019-07-24 14:13:41,486 - [INFO] - Epoch:   66 | FVAL: 0.0668375
2019-07-24 14:13:41,558 - [INFO] - Epoch:   67 | FVAL: 0.0667269
2019-07-24 14:13:41,630 - [INFO] - Epoch:   68 | FVAL: 0.0666198
2019-07-24 14:13:41,703 - [INFO] - Epoch:   69 | FVAL: 0.0665158
2019-07-24 14:13:41,775 - [INFO] - Epoch:   70 | FVAL: 0.0664150
2019-07-24 14:13:41,847 - [INFO] - Epoch:   71 | FVAL: 0.0663172
2019-07-24 14:13:41,919 - [INFO] - Epoch:   72 | FVAL: 0.0662223
2019-07-24 14:13:41,992 - [INFO] - Epoch:   73 | FVAL: 0.0661301
2019-07-24 14:13:42,064 - [INFO] - Epoch:   74 | FVAL: 0.0660405
2019-07-24 14:13:42,136 - [INFO] - Epoch:   75 | FVAL: 0.0659535
2019-07-24 14:13:42,208 - [INFO] - Epoch:   76 | FVAL: 0.0658689
2019-07-24 14:13:42,280 - [INFO] - Epoch:   77 | FVAL: 0.0657867
2019-07-24 14:13:42,353 - [INFO] - Epoch:   78 | FVAL: 0.0657068
2019-07-24 14:13:42,425 - [INFO] - Epoch:   79 | FVAL: 0.0656290
2019-07-24 14:13:42,497 - [INFO] - Epoch:   80 | FVAL: 0.0655533
2019-07-24 14:13:42,569 - [INFO] - Epoch:   81 | FVAL: 0.0654797
2019-07-24 14:13:42,641 - [INFO] - Epoch:   82 | FVAL: 0.0654080
2019-07-24 14:13:42,714 - [INFO] - Epoch:   83 | FVAL: 0.0653382
2019-07-24 14:13:42,786 - [INFO] - Epoch:   84 | FVAL: 0.0652702
2019-07-24 14:13:42,859 - [INFO] - Epoch:   85 | FVAL: 0.0652040
2019-07-24 14:13:42,931 - [INFO] - Epoch:   86 | FVAL: 0.0651395
2019-07-24 14:13:43,003 - [INFO] - Epoch:   87 | FVAL: 0.0650766
2019-07-24 14:13:43,075 - [INFO] - Epoch:   88 | FVAL: 0.0650153
2019-07-24 14:13:43,147 - [INFO] - Epoch:   89 | FVAL: 0.0649555
2019-07-24 14:13:43,220 - [INFO] - Epoch:   90 | FVAL: 0.0648972
2019-07-24 14:13:43,292 - [INFO] - Epoch:   91 | FVAL: 0.0648403
2019-07-24 14:13:43,364 - [INFO] - Epoch:   92 | FVAL: 0.0647849
2019-07-24 14:13:43,437 - [INFO] - Epoch:   93 | FVAL: 0.0647307
2019-07-24 14:13:43,509 - [INFO] - Epoch:   94 | FVAL: 0.0646779
2019-07-24 14:13:43,581 - [INFO] - Epoch:   95 | FVAL: 0.0646263
2019-07-24 14:13:43,654 - [INFO] - Epoch:   96 | FVAL: 0.0645760
2019-07-24 14:13:43,726 - [INFO] - Epoch:   97 | FVAL: 0.0645268
2019-07-24 14:13:43,798 - [INFO] - Epoch:   98 | FVAL: 0.0644788
2019-07-24 14:13:43,871 - [INFO] - Epoch:   99 | FVAL: 0.0644318
2019-07-24 14:13:43,943 - [INFO] - Epoch:  100 | FVAL: 0.0643860
2019-07-24 14:13:44,016 - [INFO] - Epoch:  101 | FVAL: 0.0643412
2019-07-24 14:13:44,088 - [INFO] - Epoch:  102 | FVAL: 0.0642974
2019-07-24 14:13:44,160 - [INFO] - Epoch:  103 | FVAL: 0.0642546
2019-07-24 14:13:44,233 - [INFO] - Epoch:  104 | FVAL: 0.0642128
2019-07-24 14:13:44,305 - [INFO] - Epoch:  105 | FVAL: 0.0641719
2019-07-24 14:13:44,377 - [INFO] - Epoch:  106 | FVAL: 0.0641319
2019-07-24 14:13:44,450 - [INFO] - Epoch:  107 | FVAL: 0.0640927
2019-07-24 14:13:44,522 - [INFO] - Epoch:  108 | FVAL: 0.0640544
2019-07-24 14:13:44,594 - [INFO] - Epoch:  109 | FVAL: 0.0640170
2019-07-24 14:13:44,667 - [INFO] - Epoch:  110 | FVAL: 0.0639804
2019-07-24 14:13:44,739 - [INFO] - Epoch:  111 | FVAL: 0.0639445
2019-07-24 14:13:44,811 - [INFO] - Epoch:  112 | FVAL: 0.0639094
2019-07-24 14:13:44,884 - [INFO] - Epoch:  113 | FVAL: 0.0638750
2019-07-24 14:13:44,956 - [INFO] - Epoch:  114 | FVAL: 0.0638414
2019-07-24 14:13:45,029 - [INFO] - Epoch:  115 | FVAL: 0.0638084
2019-07-24 14:13:45,101 - [INFO] - Epoch:  116 | FVAL: 0.0637762
2019-07-24 14:13:45,173 - [INFO] - Epoch:  117 | FVAL: 0.0637446
2019-07-24 14:13:45,246 - [INFO] - Epoch:  118 | FVAL: 0.0637137
2019-07-24 14:13:45,318 - [INFO] - Epoch:  119 | FVAL: 0.0636833
2019-07-24 14:13:45,390 - [INFO] - Epoch:  120 | FVAL: 0.0636536
2019-07-24 14:13:45,463 - [INFO] - Epoch:  121 | FVAL: 0.0636245
2019-07-24 14:13:45,535 - [INFO] - Epoch:  122 | FVAL: 0.0635960
2019-07-24 14:13:45,608 - [INFO] - Epoch:  123 | FVAL: 0.0635681
2019-07-24 14:13:45,680 - [INFO] - Epoch:  124 | FVAL: 0.0635407
2019-07-24 14:13:45,752 - [INFO] - Epoch:  125 | FVAL: 0.0635138
2019-07-24 14:13:45,825 - [INFO] - Epoch:  126 | FVAL: 0.0634875
2019-07-24 14:13:45,897 - [INFO] - Epoch:  127 | FVAL: 0.0634617
2019-07-24 14:13:45,970 - [INFO] - Epoch:  128 | FVAL: 0.0634364
2019-07-24 14:13:46,042 - [INFO] - Epoch:  129 | FVAL: 0.0634116
2019-07-24 14:13:46,115 - [INFO] - Epoch:  130 | FVAL: 0.0633873
2019-07-24 14:13:46,187 - [INFO] - Epoch:  131 | FVAL: 0.0633634
2019-07-24 14:13:46,259 - [INFO] - Epoch:  132 | FVAL: 0.0633400
2019-07-24 14:13:46,332 - [INFO] - Epoch:  133 | FVAL: 0.0633170
2019-07-24 14:13:46,404 - [INFO] - Epoch:  134 | FVAL: 0.0632944
2019-07-24 14:13:46,477 - [INFO] - Epoch:  135 | FVAL: 0.0632723
2019-07-24 14:13:46,549 - [INFO] - Epoch:  136 | FVAL: 0.0632506
2019-07-24 14:13:46,622 - [INFO] - Epoch:  137 | FVAL: 0.0632293
2019-07-24 14:13:46,694 - [INFO] - Epoch:  138 | FVAL: 0.0632084
2019-07-24 14:13:46,767 - [INFO] - Epoch:  139 | FVAL: 0.0631879
2019-07-24 14:13:46,840 - [INFO] - Epoch:  140 | FVAL: 0.0631678
2019-07-24 14:13:46,912 - [INFO] - Epoch:  141 | FVAL: 0.0631480
2019-07-24 14:13:46,985 - [INFO] - Epoch:  142 | FVAL: 0.0631286
2019-07-24 14:13:47,057 - [INFO] - Epoch:  143 | FVAL: 0.0631095
2019-07-24 14:13:47,130 - [INFO] - Epoch:  144 | FVAL: 0.0630908
2019-07-24 14:13:47,202 - [INFO] - Epoch:  145 | FVAL: 0.0630724
2019-07-24 14:13:47,275 - [INFO] - Epoch:  146 | FVAL: 0.0630544
2019-07-24 14:13:47,347 - [INFO] - Epoch:  147 | FVAL: 0.0630366
2019-07-24 14:13:47,420 - [INFO] - Epoch:  148 | FVAL: 0.0630192
2019-07-24 14:13:47,492 - [INFO] - Epoch:  149 | FVAL: 0.0630021
2019-07-24 14:13:47,565 - [INFO] - Epoch:  150 | FVAL: 0.0629853
2019-07-24 14:13:47,638 - [INFO] - Epoch:  151 | FVAL: 0.0629688
2019-07-24 14:13:47,710 - [INFO] - Epoch:  152 | FVAL: 0.0629526
2019-07-24 14:13:47,783 - [INFO] - Epoch:  153 | FVAL: 0.0629366
2019-07-24 14:13:47,856 - [INFO] - Epoch:  154 | FVAL: 0.0629210
2019-07-24 14:13:47,928 - [INFO] - Epoch:  155 | FVAL: 0.0629056
2019-07-24 14:13:48,001 - [INFO] - Epoch:  156 | FVAL: 0.0628905
2019-07-24 14:13:48,073 - [INFO] - Epoch:  157 | FVAL: 0.0628756
2019-07-24 14:13:48,146 - [INFO] - Epoch:  158 | FVAL: 0.0628610
2019-07-24 14:13:48,218 - [INFO] - Epoch:  159 | FVAL: 0.0628466
2019-07-24 14:13:48,291 - [INFO] - Epoch:  160 | FVAL: 0.0628325
2019-07-24 14:13:48,363 - [INFO] - Epoch:  161 | FVAL: 0.0628186
2019-07-24 14:13:48,436 - [INFO] - Epoch:  162 | FVAL: 0.0628049
2019-07-24 14:13:48,509 - [INFO] - Epoch:  163 | FVAL: 0.0627915
2019-07-24 14:13:48,581 - [INFO] - Epoch:  164 | FVAL: 0.0627783
2019-07-24 14:13:48,654 - [INFO] - Epoch:  165 | FVAL: 0.0627654
2019-07-24 14:13:48,726 - [INFO] - Epoch:  166 | FVAL: 0.0627526
2019-07-24 14:13:48,799 - [INFO] - Epoch:  167 | FVAL: 0.0627400
2019-07-24 14:13:48,872 - [INFO] - Epoch:  168 | FVAL: 0.0627277
2019-07-24 14:13:48,944 - [INFO] - Epoch:  169 | FVAL: 0.0627156
2019-07-24 14:13:49,017 - [INFO] - Epoch:  170 | FVAL: 0.0627036
2019-07-24 14:13:49,090 - [INFO] - Epoch:  171 | FVAL: 0.0626919
2019-07-24 14:13:49,163 - [INFO] - Epoch:  172 | FVAL: 0.0626803
2019-07-24 14:13:49,235 - [INFO] - Epoch:  173 | FVAL: 0.0626689
2019-07-24 14:13:49,308 - [INFO] - Epoch:  174 | FVAL: 0.0626578
2019-07-24 14:13:49,381 - [INFO] - Epoch:  175 | FVAL: 0.0626468
2019-07-24 14:13:49,453 - [INFO] - Epoch:  176 | FVAL: 0.0626359
2019-07-24 14:13:49,526 - [INFO] - Epoch:  177 | FVAL: 0.0626253
2019-07-24 14:13:49,599 - [INFO] - Epoch:  178 | FVAL: 0.0626148
2019-07-24 14:13:49,671 - [INFO] - Epoch:  179 | FVAL: 0.0626045
2019-07-24 14:13:49,744 - [INFO] - Epoch:  180 | FVAL: 0.0625943
2019-07-24 14:13:49,817 - [INFO] - Epoch:  181 | FVAL: 0.0625843
2019-07-24 14:13:49,889 - [INFO] - Epoch:  182 | FVAL: 0.0625745
2019-07-24 14:13:49,962 - [INFO] - Epoch:  183 | FVAL: 0.0625648
2019-07-24 14:13:50,035 - [INFO] - Epoch:  184 | FVAL: 0.0625553
2019-07-24 14:13:50,107 - [INFO] - Epoch:  185 | FVAL: 0.0625459
2019-07-24 14:13:50,180 - [INFO] - Epoch:  186 | FVAL: 0.0625367
2019-07-24 14:13:50,253 - [INFO] - Epoch:  187 | FVAL: 0.0625276
2019-07-24 14:13:50,325 - [INFO] - Epoch:  188 | FVAL: 0.0625186
2019-07-24 14:13:50,398 - [INFO] - Epoch:  189 | FVAL: 0.0625098
2019-07-24 14:13:50,471 - [INFO] - Epoch:  190 | FVAL: 0.0625011
2019-07-24 14:13:50,544 - [INFO] - Epoch:  191 | FVAL: 0.0624926
2019-07-24 14:13:50,616 - [INFO] - Epoch:  192 | FVAL: 0.0624842
2019-07-24 14:13:50,689 - [INFO] - Epoch:  193 | FVAL: 0.0624759
2019-07-24 14:13:50,762 - [INFO] - Epoch:  194 | FVAL: 0.0624677
2019-07-24 14:13:50,835 - [INFO] - Epoch:  195 | FVAL: 0.0624597
2019-07-24 14:13:50,907 - [INFO] - Epoch:  196 | FVAL: 0.0624518
2019-07-24 14:13:50,980 - [INFO] - Epoch:  197 | FVAL: 0.0624440
2019-07-24 14:13:51,053 - [INFO] - Epoch:  198 | FVAL: 0.0624363
2019-07-24 14:13:51,125 - [INFO] - Epoch:  199 | FVAL: 0.0624288
2019-07-24 14:13:51,198 - [INFO] - Epoch:  200 | FVAL: 0.0624213
2019-07-24 14:13:51,271 - [INFO] - Epoch:  201 | FVAL: 0.0624140
2019-07-24 14:13:51,344 - [INFO] - Epoch:  202 | FVAL: 0.0624068
2019-07-24 14:13:51,416 - [INFO] - Epoch:  203 | FVAL: 0.0623996
2019-07-24 14:13:51,489 - [INFO] - Epoch:  204 | FVAL: 0.0623926
2019-07-24 14:13:51,562 - [INFO] - Epoch:  205 | FVAL: 0.0623857
2019-07-24 14:13:51,635 - [INFO] - Epoch:  206 | FVAL: 0.0623789
2019-07-24 14:13:51,708 - [INFO] - Epoch:  207 | FVAL: 0.0623722
2019-07-24 14:13:51,781 - [INFO] - Epoch:  208 | FVAL: 0.0623656
2019-07-24 14:13:51,854 - [INFO] - Epoch:  209 | FVAL: 0.0623591
2019-07-24 14:13:51,927 - [INFO] - Epoch:  210 | FVAL: 0.0623527
2019-07-24 14:13:51,999 - [INFO] - Epoch:  211 | FVAL: 0.0623464
2019-07-24 14:13:52,072 - [INFO] - Epoch:  212 | FVAL: 0.0623401
2019-07-24 14:13:52,145 - [INFO] - Epoch:  213 | FVAL: 0.0623340
2019-07-24 14:13:52,218 - [INFO] - Epoch:  214 | FVAL: 0.0623279
2019-07-24 14:13:52,291 - [INFO] - Epoch:  215 | FVAL: 0.0623220
2019-07-24 14:13:52,364 - [INFO] - Epoch:  216 | FVAL: 0.0623161
2019-07-24 14:13:52,436 - [INFO] - Epoch:  217 | FVAL: 0.0623103
2019-07-24 14:13:52,509 - [INFO] - Epoch:  218 | FVAL: 0.0623046
2019-07-24 14:13:52,582 - [INFO] - Epoch:  219 | FVAL: 0.0622990
2019-07-24 14:13:52,655 - [INFO] - Epoch:  220 | FVAL: 0.0622934
2019-07-24 14:13:52,728 - [INFO] - Epoch:  221 | FVAL: 0.0622880
2019-07-24 14:13:52,801 - [INFO] - Epoch:  222 | FVAL: 0.0622826
2019-07-24 14:13:52,874 - [INFO] - Epoch:  223 | FVAL: 0.0622773
2019-07-24 14:13:52,946 - [INFO] - Epoch:  224 | FVAL: 0.0622720
2019-07-24 14:13:53,020 - [INFO] - Epoch:  225 | FVAL: 0.0622669
2019-07-24 14:13:53,093 - [INFO] - Epoch:  226 | FVAL: 0.0622618
2019-07-24 14:13:53,165 - [INFO] - Epoch:  227 | FVAL: 0.0622568
2019-07-24 14:13:53,238 - [INFO] - Epoch:  228 | FVAL: 0.0622518
2019-07-24 14:13:53,311 - [INFO] - Epoch:  229 | FVAL: 0.0622470
2019-07-24 14:13:53,384 - [INFO] - Epoch:  230 | FVAL: 0.0622421
2019-07-24 14:13:53,457 - [INFO] - Epoch:  231 | FVAL: 0.0622374
2019-07-24 14:13:53,530 - [INFO] - Epoch:  232 | FVAL: 0.0622327
2019-07-24 14:13:53,603 - [INFO] - Epoch:  233 | FVAL: 0.0622281
2019-07-24 14:13:53,676 - [INFO] - Epoch:  234 | FVAL: 0.0622236
2019-07-24 14:13:53,749 - [INFO] - Epoch:  235 | FVAL: 0.0622191
2019-07-24 14:13:53,823 - [INFO] - Epoch:  236 | FVAL: 0.0622147
2019-07-24 14:13:53,896 - [INFO] - Epoch:  237 | FVAL: 0.0622103
2019-07-24 14:13:53,969 - [INFO] - Epoch:  238 | FVAL: 0.0622060
2019-07-24 14:13:54,042 - [INFO] - Epoch:  239 | FVAL: 0.0622018
2019-07-24 14:13:54,114 - [INFO] - Epoch:  240 | FVAL: 0.0621976
2019-07-24 14:13:54,187 - [INFO] - Epoch:  241 | FVAL: 0.0621935
2019-07-24 14:13:54,260 - [INFO] - Epoch:  242 | FVAL: 0.0621894
2019-07-24 14:13:54,333 - [INFO] - Epoch:  243 | FVAL: 0.0621854
2019-07-24 14:13:54,406 - [INFO] - Epoch:  244 | FVAL: 0.0621814
2019-07-24 14:13:54,479 - [INFO] - Epoch:  245 | FVAL: 0.0621775
2019-07-24 14:13:54,553 - [INFO] - Epoch:  246 | FVAL: 0.0621737
2019-07-24 14:13:54,625 - [INFO] - Epoch:  247 | FVAL: 0.0621699
2019-07-24 14:13:54,699 - [INFO] - Epoch:  248 | FVAL: 0.0621661
2019-07-24 14:13:54,772 - [INFO] - Epoch:  249 | FVAL: 0.0621624
2019-07-24 14:13:54,845 - [INFO] - Epoch:  250 | FVAL: 0.0621588
2019-07-24 14:13:54,918 - [INFO] - Epoch:  251 | FVAL: 0.0621552
2019-07-24 14:13:54,991 - [INFO] - Epoch:  252 | FVAL: 0.0621516
2019-07-24 14:13:55,064 - [INFO] - Epoch:  253 | FVAL: 0.0621481
2019-07-24 14:13:55,137 - [INFO] - Epoch:  254 | FVAL: 0.0621447
2019-07-24 14:13:55,210 - [INFO] - Epoch:  255 | FVAL: 0.0621413
2019-07-24 14:13:55,283 - [INFO] - Epoch:  256 | FVAL: 0.0621379
2019-07-24 14:13:55,356 - [INFO] - Epoch:  257 | FVAL: 0.0621346
2019-07-24 14:13:55,429 - [INFO] - Epoch:  258 | FVAL: 0.0621313
2019-07-24 14:13:55,502 - [INFO] - Epoch:  259 | FVAL: 0.0621281
2019-07-24 14:13:55,575 - [INFO] - Epoch:  260 | FVAL: 0.0621249
2019-07-24 14:13:55,648 - [INFO] - Epoch:  261 | FVAL: 0.0621217
2019-07-24 14:13:55,721 - [INFO] - Epoch:  262 | FVAL: 0.0621186
2019-07-24 14:13:55,794 - [INFO] - Epoch:  263 | FVAL: 0.0621156
2019-07-24 14:13:55,867 - [INFO] - Epoch:  264 | FVAL: 0.0621126
2019-07-24 14:13:55,940 - [INFO] - Epoch:  265 | FVAL: 0.0621096
2019-07-24 14:13:56,013 - [INFO] - Epoch:  266 | FVAL: 0.0621066
2019-07-24 14:13:56,087 - [INFO] - Epoch:  267 | FVAL: 0.0621037
2019-07-24 14:13:56,160 - [INFO] - Epoch:  268 | FVAL: 0.0621009
2019-07-24 14:13:56,233 - [INFO] - Epoch:  269 | FVAL: 0.0620980
2019-07-24 14:13:56,306 - [INFO] - Epoch:  270 | FVAL: 0.0620952
2019-07-24 14:13:56,379 - [INFO] - Epoch:  271 | FVAL: 0.0620925
2019-07-24 14:13:56,452 - [INFO] - Epoch:  272 | FVAL: 0.0620898
2019-07-24 14:13:56,525 - [INFO] - Epoch:  273 | FVAL: 0.0620871
2019-07-24 14:13:56,598 - [INFO] - Epoch:  274 | FVAL: 0.0620844
2019-07-24 14:13:56,671 - [INFO] - Epoch:  275 | FVAL: 0.0620818
2019-07-24 14:13:56,745 - [INFO] - Epoch:  276 | FVAL: 0.0620792
2019-07-24 14:13:56,819 - [INFO] - Epoch:  277 | FVAL: 0.0620767
2019-07-24 14:13:56,892 - [INFO] - Epoch:  278 | FVAL: 0.0620742
2019-07-24 14:13:56,965 - [INFO] - Epoch:  279 | FVAL: 0.0620717
2019-07-24 14:13:57,038 - [INFO] - Epoch:  280 | FVAL: 0.0620692
2019-07-24 14:13:57,111 - [INFO] - Epoch:  281 | FVAL: 0.0620668
2019-07-24 14:13:57,185 - [INFO] - Epoch:  282 | FVAL: 0.0620644
2019-07-24 14:13:57,258 - [INFO] - Epoch:  283 | FVAL: 0.0620621
2019-07-24 14:13:57,331 - [INFO] - Epoch:  284 | FVAL: 0.0620597
2019-07-24 14:13:57,404 - [INFO] - Epoch:  285 | FVAL: 0.0620574
2019-07-24 14:13:57,477 - [INFO] - Epoch:  286 | FVAL: 0.0620552
2019-07-24 14:13:57,551 - [INFO] - Epoch:  287 | FVAL: 0.0620529
2019-07-24 14:13:57,624 - [INFO] - Epoch:  288 | FVAL: 0.0620507
2019-07-24 14:13:57,697 - [INFO] - Epoch:  289 | FVAL: 0.0620485
2019-07-24 14:13:57,770 - [INFO] - Epoch:  290 | FVAL: 0.0620464
2019-07-24 14:13:57,843 - [INFO] - Epoch:  291 | FVAL: 0.0620443
2019-07-24 14:13:57,916 - [INFO] - Epoch:  292 | FVAL: 0.0620422
2019-07-24 14:13:57,990 - [INFO] - Epoch:  293 | FVAL: 0.0620401
2019-07-24 14:13:58,063 - [INFO] - Epoch:  294 | FVAL: 0.0620380
2019-07-24 14:13:58,136 - [INFO] - Epoch:  295 | FVAL: 0.0620360
2019-07-24 14:13:58,209 - [INFO] - Epoch:  296 | FVAL: 0.0620340
2019-07-24 14:13:58,282 - [INFO] - Epoch:  297 | FVAL: 0.0620320
2019-07-24 14:13:58,356 - [INFO] - Epoch:  298 | FVAL: 0.0620301
2019-07-24 14:13:58,429 - [INFO] - Epoch:  299 | FVAL: 0.0620282
2019-07-24 14:13:58,502 - [INFO] - Epoch:  300 | FVAL: 0.0620263
2019-07-24 14:13:58,575 - [INFO] - Epoch:  301 | FVAL: 0.0620244
2019-07-24 14:13:58,648 - [INFO] - Epoch:  302 | FVAL: 0.0620225
2019-07-24 14:13:58,722 - [INFO] - Epoch:  303 | FVAL: 0.0620207
2019-07-24 14:13:58,795 - [INFO] - Epoch:  304 | FVAL: 0.0620189
2019-07-24 14:13:58,868 - [INFO] - Epoch:  305 | FVAL: 0.0620171
2019-07-24 14:13:58,942 - [INFO] - Epoch:  306 | FVAL: 0.0620154
2019-07-24 14:13:59,015 - [INFO] - Epoch:  307 | FVAL: 0.0620136
2019-07-24 14:13:59,089 - [INFO] - Epoch:  308 | FVAL: 0.0620119
2019-07-24 14:13:59,162 - [INFO] - Epoch:  309 | FVAL: 0.0620102
2019-07-24 14:13:59,235 - [INFO] - Epoch:  310 | FVAL: 0.0620085
2019-07-24 14:13:59,308 - [INFO] - Epoch:  311 | FVAL: 0.0620069
2019-07-24 14:13:59,382 - [INFO] - Epoch:  312 | FVAL: 0.0620053
2019-07-24 14:13:59,455 - [INFO] - Epoch:  313 | FVAL: 0.0620036
2019-07-24 14:13:59,528 - [INFO] - Epoch:  314 | FVAL: 0.0620020
2019-07-24 14:13:59,602 - [INFO] - Epoch:  315 | FVAL: 0.0620005
2019-07-24 14:13:59,675 - [INFO] - Epoch:  316 | FVAL: 0.0619989
2019-07-24 14:13:59,748 - [INFO] - Epoch:  317 | FVAL: 0.0619974
2019-07-24 14:13:59,822 - [INFO] - Epoch:  318 | FVAL: 0.0619959
2019-07-24 14:13:59,895 - [INFO] - Epoch:  319 | FVAL: 0.0619944
2019-07-24 14:13:59,968 - [INFO] - Epoch:  320 | FVAL: 0.0619929
2019-07-24 14:14:00,042 - [INFO] - Epoch:  321 | FVAL: 0.0619914
2019-07-24 14:14:00,200 - [INFO] - Epoch:  322 | FVAL: 0.0619900
2019-07-24 14:14:00,353 - [INFO] - Epoch:  323 | FVAL: 0.0619886
2019-07-24 14:14:00,427 - [INFO] - Epoch:  324 | FVAL: 0.0619871
2019-07-24 14:14:00,500 - [INFO] - Epoch:  325 | FVAL: 0.0619858
2019-07-24 14:14:00,573 - [INFO] - Epoch:  326 | FVAL: 0.0619844
2019-07-24 14:14:00,646 - [INFO] - Epoch:  327 | FVAL: 0.0619830
2019-07-24 14:14:00,720 - [INFO] - Epoch:  328 | FVAL: 0.0619817
2019-07-24 14:14:00,793 - [INFO] - Epoch:  329 | FVAL: 0.0619804
2019-07-24 14:14:00,867 - [INFO] - Epoch:  330 | FVAL: 0.0619791
2019-07-24 14:14:00,940 - [INFO] - Epoch:  331 | FVAL: 0.0619778
2019-07-24 14:14:01,013 - [INFO] - Epoch:  332 | FVAL: 0.0619765
2019-07-24 14:14:01,087 - [INFO] - Epoch:  333 | FVAL: 0.0619752
2019-07-24 14:14:01,160 - [INFO] - Epoch:  334 | FVAL: 0.0619740
2019-07-24 14:14:01,233 - [INFO] - Epoch:  335 | FVAL: 0.0619727
2019-07-24 14:14:01,307 - [INFO] - Epoch:  336 | FVAL: 0.0619715
2019-07-24 14:14:01,380 - [INFO] - Epoch:  337 | FVAL: 0.0619703
2019-07-24 14:14:01,453 - [INFO] - Epoch:  338 | FVAL: 0.0619691
2019-07-24 14:14:01,527 - [INFO] - Epoch:  339 | FVAL: 0.0619680
2019-07-24 14:14:01,600 - [INFO] - Epoch:  340 | FVAL: 0.0619668
2019-07-24 14:14:01,674 - [INFO] - Epoch:  341 | FVAL: 0.0619657
2019-07-24 14:14:01,747 - [INFO] - Epoch:  342 | FVAL: 0.0619645
2019-07-24 14:14:01,821 - [INFO] - Epoch:  343 | FVAL: 0.0619634
2019-07-24 14:14:01,895 - [INFO] - Epoch:  344 | FVAL: 0.0619623
2019-07-24 14:14:01,968 - [INFO] - Epoch:  345 | FVAL: 0.0619612
2019-07-24 14:14:02,041 - [INFO] - Epoch:  346 | FVAL: 0.0619601
2019-07-24 14:14:02,115 - [INFO] - Epoch:  347 | FVAL: 0.0619591
2019-07-24 14:14:02,188 - [INFO] - Epoch:  348 | FVAL: 0.0619580
2019-07-24 14:14:02,262 - [INFO] - Epoch:  349 | FVAL: 0.0619570
2019-07-24 14:14:02,335 - [INFO] - Epoch:  350 | FVAL: 0.0619559
2019-07-24 14:14:02,408 - [INFO] - Epoch:  351 | FVAL: 0.0619549
2019-07-24 14:14:02,482 - [INFO] - Epoch:  352 | FVAL: 0.0619539
2019-07-24 14:14:48,810 - [INFO] - csum-- N:271617 | d:8 | lambda:1e-06
2019-07-24 14:14:48,815 - [INFO] - Function value sequence convergence criteria.
2019-07-24 14:14:48,815 - [INFO] - Epoch:    0 | FVAL: 0.3465736
2019-07-24 14:14:48,884 - [INFO] - Epoch:    1 | FVAL: 0.3465736
2019-07-24 14:14:48,958 - [INFO] - Epoch:    2 | FVAL: 0.2142333
2019-07-24 14:14:49,032 - [INFO] - Epoch:    3 | FVAL: 0.1722397
2019-07-24 14:14:49,106 - [INFO] - Epoch:    4 | FVAL: 0.1494782
2019-07-24 14:14:49,180 - [INFO] - Epoch:    5 | FVAL: 0.1349846
2019-07-24 14:14:49,253 - [INFO] - Epoch:    6 | FVAL: 0.1248141
2019-07-24 14:14:49,327 - [INFO] - Epoch:    7 | FVAL: 0.1172168
2019-07-24 14:14:49,401 - [INFO] - Epoch:    8 | FVAL: 0.1112896
2019-07-24 14:14:49,475 - [INFO] - Epoch:    9 | FVAL: 0.1065155
2019-07-24 14:14:49,549 - [INFO] - Epoch:   10 | FVAL: 0.1025751
2019-07-24 14:14:49,623 - [INFO] - Epoch:   11 | FVAL: 0.0992596
2019-07-24 14:14:49,697 - [INFO] - Epoch:   12 | FVAL: 0.0964262
2019-07-24 14:14:49,771 - [INFO] - Epoch:   13 | FVAL: 0.0939732
2019-07-24 14:14:49,845 - [INFO] - Epoch:   14 | FVAL: 0.0918265
2019-07-24 14:14:49,919 - [INFO] - Epoch:   15 | FVAL: 0.0899304
2019-07-24 14:14:49,993 - [INFO] - Epoch:   16 | FVAL: 0.0882423
2019-07-24 14:14:50,067 - [INFO] - Epoch:   17 | FVAL: 0.0867289
2019-07-24 14:14:50,141 - [INFO] - Epoch:   18 | FVAL: 0.0853638
2019-07-24 14:14:50,215 - [INFO] - Epoch:   19 | FVAL: 0.0841258
2019-07-24 14:14:50,289 - [INFO] - Epoch:   20 | FVAL: 0.0829976
2019-07-24 14:14:50,363 - [INFO] - Epoch:   21 | FVAL: 0.0819650
2019-07-24 14:14:50,437 - [INFO] - Epoch:   22 | FVAL: 0.0810162
2019-07-24 14:14:50,511 - [INFO] - Epoch:   23 | FVAL: 0.0801413
2019-07-24 14:14:50,585 - [INFO] - Epoch:   24 | FVAL: 0.0793318
2019-07-24 14:14:50,659 - [INFO] - Epoch:   25 | FVAL: 0.0785808
2019-07-24 14:14:50,733 - [INFO] - Epoch:   26 | FVAL: 0.0778819
2019-07-24 14:14:50,807 - [INFO] - Epoch:   27 | FVAL: 0.0772300
2019-07-24 14:14:50,881 - [INFO] - Epoch:   28 | FVAL: 0.0766205
2019-07-24 14:14:50,955 - [INFO] - Epoch:   29 | FVAL: 0.0760494
2019-07-24 14:14:51,029 - [INFO] - Epoch:   30 | FVAL: 0.0755132
2019-07-24 14:14:51,103 - [INFO] - Epoch:   31 | FVAL: 0.0750088
2019-07-24 14:14:51,177 - [INFO] - Epoch:   32 | FVAL: 0.0745335
2019-07-24 14:14:51,251 - [INFO] - Epoch:   33 | FVAL: 0.0740849
2019-07-24 14:14:51,325 - [INFO] - Epoch:   34 | FVAL: 0.0736608
2019-07-24 14:14:51,399 - [INFO] - Epoch:   35 | FVAL: 0.0732592
2019-07-24 14:14:51,473 - [INFO] - Epoch:   36 | FVAL: 0.0728786
2019-07-24 14:14:51,547 - [INFO] - Epoch:   37 | FVAL: 0.0725172
2019-07-24 14:14:51,621 - [INFO] - Epoch:   38 | FVAL: 0.0721738
2019-07-24 14:14:51,695 - [INFO] - Epoch:   39 | FVAL: 0.0718470
2019-07-24 14:14:51,769 - [INFO] - Epoch:   40 | FVAL: 0.0715357
2019-07-24 14:14:51,843 - [INFO] - Epoch:   41 | FVAL: 0.0712388
2019-07-24 14:14:51,917 - [INFO] - Epoch:   42 | FVAL: 0.0709555
2019-07-24 14:14:51,991 - [INFO] - Epoch:   43 | FVAL: 0.0706847
2019-07-24 14:14:52,065 - [INFO] - Epoch:   44 | FVAL: 0.0704258
2019-07-24 14:14:52,140 - [INFO] - Epoch:   45 | FVAL: 0.0701780
2019-07-24 14:14:52,214 - [INFO] - Epoch:   46 | FVAL: 0.0699406
2019-07-24 14:14:52,288 - [INFO] - Epoch:   47 | FVAL: 0.0697130
2019-07-24 14:14:52,362 - [INFO] - Epoch:   48 | FVAL: 0.0694946
2019-07-24 14:14:52,436 - [INFO] - Epoch:   49 | FVAL: 0.0692850
2019-07-24 14:14:52,511 - [INFO] - Epoch:   50 | FVAL: 0.0690836
2019-07-24 14:14:52,585 - [INFO] - Epoch:   51 | FVAL: 0.0688899
2019-07-24 14:14:52,659 - [INFO] - Epoch:   52 | FVAL: 0.0687036
2019-07-24 14:14:52,733 - [INFO] - Epoch:   53 | FVAL: 0.0685243
2019-07-24 14:14:52,807 - [INFO] - Epoch:   54 | FVAL: 0.0683516
2019-07-24 14:14:52,882 - [INFO] - Epoch:   55 | FVAL: 0.0681851
2019-07-24 14:14:52,956 - [INFO] - Epoch:   56 | FVAL: 0.0680245
2019-07-24 14:14:53,030 - [INFO] - Epoch:   57 | FVAL: 0.0678697
2019-07-24 14:14:53,105 - [INFO] - Epoch:   58 | FVAL: 0.0677202
2019-07-24 14:14:53,179 - [INFO] - Epoch:   59 | FVAL: 0.0675758
2019-07-24 14:14:53,253 - [INFO] - Epoch:   60 | FVAL: 0.0674363
2019-07-24 14:14:53,327 - [INFO] - Epoch:   61 | FVAL: 0.0673014
2019-07-24 14:14:53,401 - [INFO] - Epoch:   62 | FVAL: 0.0671710
2019-07-24 14:14:53,475 - [INFO] - Epoch:   63 | FVAL: 0.0670448
2019-07-24 14:14:53,550 - [INFO] - Epoch:   64 | FVAL: 0.0669226
2019-07-24 14:14:53,624 - [INFO] - Epoch:   65 | FVAL: 0.0668043
2019-07-24 14:14:53,698 - [INFO] - Epoch:   66 | FVAL: 0.0666898
2019-07-24 14:14:53,772 - [INFO] - Epoch:   67 | FVAL: 0.0665787
2019-07-24 14:14:53,847 - [INFO] - Epoch:   68 | FVAL: 0.0664711
2019-07-24 14:14:53,921 - [INFO] - Epoch:   69 | FVAL: 0.0663667
2019-07-24 14:14:53,995 - [INFO] - Epoch:   70 | FVAL: 0.0662654
2019-07-24 14:14:54,069 - [INFO] - Epoch:   71 | FVAL: 0.0661672
2019-07-24 14:14:54,143 - [INFO] - Epoch:   72 | FVAL: 0.0660718
2019-07-24 14:14:54,218 - [INFO] - Epoch:   73 | FVAL: 0.0659791
2019-07-24 14:14:54,292 - [INFO] - Epoch:   74 | FVAL: 0.0658891
2019-07-24 14:14:54,366 - [INFO] - Epoch:   75 | FVAL: 0.0658017
2019-07-24 14:14:54,440 - [INFO] - Epoch:   76 | FVAL: 0.0657167
2019-07-24 14:14:54,515 - [INFO] - Epoch:   77 | FVAL: 0.0656341
2019-07-24 14:14:54,589 - [INFO] - Epoch:   78 | FVAL: 0.0655537
2019-07-24 14:14:54,663 - [INFO] - Epoch:   79 | FVAL: 0.0654755
2019-07-24 14:14:54,737 - [INFO] - Epoch:   80 | FVAL: 0.0653995
2019-07-24 14:14:54,812 - [INFO] - Epoch:   81 | FVAL: 0.0653255
2019-07-24 14:14:54,886 - [INFO] - Epoch:   82 | FVAL: 0.0652534
2019-07-24 14:14:54,960 - [INFO] - Epoch:   83 | FVAL: 0.0651832
2019-07-24 14:14:55,035 - [INFO] - Epoch:   84 | FVAL: 0.0651149
2019-07-24 14:14:55,109 - [INFO] - Epoch:   85 | FVAL: 0.0650483
2019-07-24 14:14:55,183 - [INFO] - Epoch:   86 | FVAL: 0.0649834
2019-07-24 14:14:55,258 - [INFO] - Epoch:   87 | FVAL: 0.0649201
2019-07-24 14:14:55,332 - [INFO] - Epoch:   88 | FVAL: 0.0648585
2019-07-24 14:14:55,407 - [INFO] - Epoch:   89 | FVAL: 0.0647984
2019-07-24 14:14:55,481 - [INFO] - Epoch:   90 | FVAL: 0.0647397
2019-07-24 14:14:55,555 - [INFO] - Epoch:   91 | FVAL: 0.0646825
2019-07-24 14:14:55,630 - [INFO] - Epoch:   92 | FVAL: 0.0646267
2019-07-24 14:14:55,704 - [INFO] - Epoch:   93 | FVAL: 0.0645723
2019-07-24 14:14:55,778 - [INFO] - Epoch:   94 | FVAL: 0.0645191
2019-07-24 14:14:55,853 - [INFO] - Epoch:   95 | FVAL: 0.0644672
2019-07-24 14:14:55,927 - [INFO] - Epoch:   96 | FVAL: 0.0644165
2019-07-24 14:14:56,001 - [INFO] - Epoch:   97 | FVAL: 0.0643671
2019-07-24 14:14:56,076 - [INFO] - Epoch:   98 | FVAL: 0.0643187
2019-07-24 14:14:56,150 - [INFO] - Epoch:   99 | FVAL: 0.0642715
2019-07-24 14:14:56,224 - [INFO] - Epoch:  100 | FVAL: 0.0642254
2019-07-24 14:14:56,299 - [INFO] - Epoch:  101 | FVAL: 0.0641803
2019-07-24 14:14:56,373 - [INFO] - Epoch:  102 | FVAL: 0.0641362
2019-07-24 14:14:56,448 - [INFO] - Epoch:  103 | FVAL: 0.0640932
2019-07-24 14:14:56,522 - [INFO] - Epoch:  104 | FVAL: 0.0640510
2019-07-24 14:14:56,596 - [INFO] - Epoch:  105 | FVAL: 0.0640098
2019-07-24 14:14:56,671 - [INFO] - Epoch:  106 | FVAL: 0.0639696
2019-07-24 14:14:56,745 - [INFO] - Epoch:  107 | FVAL: 0.0639302
2019-07-24 14:14:56,820 - [INFO] - Epoch:  108 | FVAL: 0.0638916
2019-07-24 14:14:56,894 - [INFO] - Epoch:  109 | FVAL: 0.0638539
2019-07-24 14:14:56,968 - [INFO] - Epoch:  110 | FVAL: 0.0638170
2019-07-24 14:14:57,043 - [INFO] - Epoch:  111 | FVAL: 0.0637809
2019-07-24 14:14:57,117 - [INFO] - Epoch:  112 | FVAL: 0.0637455
2019-07-24 14:14:57,191 - [INFO] - Epoch:  113 | FVAL: 0.0637109
2019-07-24 14:14:57,266 - [INFO] - Epoch:  114 | FVAL: 0.0636771
2019-07-24 14:14:57,341 - [INFO] - Epoch:  115 | FVAL: 0.0636439
2019-07-24 14:14:57,415 - [INFO] - Epoch:  116 | FVAL: 0.0636114
2019-07-24 14:14:57,490 - [INFO] - Epoch:  117 | FVAL: 0.0635796
2019-07-24 14:14:57,564 - [INFO] - Epoch:  118 | FVAL: 0.0635484
2019-07-24 14:14:57,639 - [INFO] - Epoch:  119 | FVAL: 0.0635178
2019-07-24 14:14:57,713 - [INFO] - Epoch:  120 | FVAL: 0.0634879
2019-07-24 14:14:57,788 - [INFO] - Epoch:  121 | FVAL: 0.0634586
2019-07-24 14:14:57,862 - [INFO] - Epoch:  122 | FVAL: 0.0634299
2019-07-24 14:14:57,937 - [INFO] - Epoch:  123 | FVAL: 0.0634017
2019-07-24 14:14:58,011 - [INFO] - Epoch:  124 | FVAL: 0.0633741
2019-07-24 14:14:58,085 - [INFO] - Epoch:  125 | FVAL: 0.0633470
2019-07-24 14:14:58,160 - [INFO] - Epoch:  126 | FVAL: 0.0633205
2019-07-24 14:14:58,234 - [INFO] - Epoch:  127 | FVAL: 0.0632945
2019-07-24 14:14:58,309 - [INFO] - Epoch:  128 | FVAL: 0.0632690
2019-07-24 14:14:58,383 - [INFO] - Epoch:  129 | FVAL: 0.0632440
2019-07-24 14:14:58,458 - [INFO] - Epoch:  130 | FVAL: 0.0632194
2019-07-24 14:14:58,532 - [INFO] - Epoch:  131 | FVAL: 0.0631954
2019-07-24 14:14:58,607 - [INFO] - Epoch:  132 | FVAL: 0.0631718
2019-07-24 14:14:58,681 - [INFO] - Epoch:  133 | FVAL: 0.0631486
2019-07-24 14:14:58,755 - [INFO] - Epoch:  134 | FVAL: 0.0631259
2019-07-24 14:14:58,830 - [INFO] - Epoch:  135 | FVAL: 0.0631036
2019-07-24 14:14:58,904 - [INFO] - Epoch:  136 | FVAL: 0.0630817
2019-07-24 14:14:58,979 - [INFO] - Epoch:  137 | FVAL: 0.0630602
2019-07-24 14:14:59,054 - [INFO] - Epoch:  138 | FVAL: 0.0630391
2019-07-24 14:14:59,128 - [INFO] - Epoch:  139 | FVAL: 0.0630184
2019-07-24 14:14:59,203 - [INFO] - Epoch:  140 | FVAL: 0.0629981
2019-07-24 14:14:59,277 - [INFO] - Epoch:  141 | FVAL: 0.0629781
2019-07-24 14:14:59,352 - [INFO] - Epoch:  142 | FVAL: 0.0629586
2019-07-24 14:14:59,426 - [INFO] - Epoch:  143 | FVAL: 0.0629393
2019-07-24 14:14:59,501 - [INFO] - Epoch:  144 | FVAL: 0.0629204
2019-07-24 14:14:59,576 - [INFO] - Epoch:  145 | FVAL: 0.0629019
2019-07-24 14:14:59,650 - [INFO] - Epoch:  146 | FVAL: 0.0628837
2019-07-24 14:14:59,725 - [INFO] - Epoch:  147 | FVAL: 0.0628658
2019-07-24 14:14:59,799 - [INFO] - Epoch:  148 | FVAL: 0.0628482
2019-07-24 14:14:59,874 - [INFO] - Epoch:  149 | FVAL: 0.0628309
2019-07-24 14:14:59,949 - [INFO] - Epoch:  150 | FVAL: 0.0628140
2019-07-24 14:15:00,024 - [INFO] - Epoch:  151 | FVAL: 0.0627973
2019-07-24 14:15:00,175 - [INFO] - Epoch:  152 | FVAL: 0.0627809
2019-07-24 14:15:00,385 - [INFO] - Epoch:  153 | FVAL: 0.0627648
2019-07-24 14:15:00,459 - [INFO] - Epoch:  154 | FVAL: 0.0627490
2019-07-24 14:15:00,534 - [INFO] - Epoch:  155 | FVAL: 0.0627335
2019-07-24 14:15:00,609 - [INFO] - Epoch:  156 | FVAL: 0.0627182
2019-07-24 14:15:00,683 - [INFO] - Epoch:  157 | FVAL: 0.0627032
2019-07-24 14:15:00,758 - [INFO] - Epoch:  158 | FVAL: 0.0626884
2019-07-24 14:15:00,836 - [INFO] - Epoch:  159 | FVAL: 0.0626739
2019-07-24 14:15:00,910 - [INFO] - Epoch:  160 | FVAL: 0.0626597
2019-07-24 14:15:00,985 - [INFO] - Epoch:  161 | FVAL: 0.0626456
2019-07-24 14:15:01,060 - [INFO] - Epoch:  162 | FVAL: 0.0626319
2019-07-24 14:15:01,134 - [INFO] - Epoch:  163 | FVAL: 0.0626183
2019-07-24 14:15:01,209 - [INFO] - Epoch:  164 | FVAL: 0.0626050
2019-07-24 14:15:01,284 - [INFO] - Epoch:  165 | FVAL: 0.0625919
2019-07-24 14:15:01,358 - [INFO] - Epoch:  166 | FVAL: 0.0625790
2019-07-24 14:15:01,433 - [INFO] - Epoch:  167 | FVAL: 0.0625663
2019-07-24 14:15:01,508 - [INFO] - Epoch:  168 | FVAL: 0.0625538
2019-07-24 14:15:01,582 - [INFO] - Epoch:  169 | FVAL: 0.0625415
2019-07-24 14:15:01,657 - [INFO] - Epoch:  170 | FVAL: 0.0625295
2019-07-24 14:15:01,731 - [INFO] - Epoch:  171 | FVAL: 0.0625176
2019-07-24 14:15:01,806 - [INFO] - Epoch:  172 | FVAL: 0.0625059
2019-07-24 14:15:01,881 - [INFO] - Epoch:  173 | FVAL: 0.0624944
2019-07-24 14:15:01,956 - [INFO] - Epoch:  174 | FVAL: 0.0624831
2019-07-24 14:15:02,031 - [INFO] - Epoch:  175 | FVAL: 0.0624720
2019-07-24 14:15:02,105 - [INFO] - Epoch:  176 | FVAL: 0.0624611
2019-07-24 14:15:02,180 - [INFO] - Epoch:  177 | FVAL: 0.0624503
2019-07-24 14:15:02,255 - [INFO] - Epoch:  178 | FVAL: 0.0624397
2019-07-24 14:15:02,330 - [INFO] - Epoch:  179 | FVAL: 0.0624293
2019-07-24 14:15:02,405 - [INFO] - Epoch:  180 | FVAL: 0.0624190
2019-07-24 14:15:02,479 - [INFO] - Epoch:  181 | FVAL: 0.0624089
2019-07-24 14:15:02,554 - [INFO] - Epoch:  182 | FVAL: 0.0623989
2019-07-24 14:15:02,629 - [INFO] - Epoch:  183 | FVAL: 0.0623891
2019-07-24 14:15:02,704 - [INFO] - Epoch:  184 | FVAL: 0.0623795
2019-07-24 14:15:02,778 - [INFO] - Epoch:  185 | FVAL: 0.0623700
2019-07-24 14:15:02,853 - [INFO] - Epoch:  186 | FVAL: 0.0623607
2019-07-24 14:15:02,928 - [INFO] - Epoch:  187 | FVAL: 0.0623515
2019-07-24 14:15:03,003 - [INFO] - Epoch:  188 | FVAL: 0.0623424
2019-07-24 14:15:03,078 - [INFO] - Epoch:  189 | FVAL: 0.0623335
2019-07-24 14:15:03,152 - [INFO] - Epoch:  190 | FVAL: 0.0623247
2019-07-24 14:15:03,227 - [INFO] - Epoch:  191 | FVAL: 0.0623161
2019-07-24 14:15:03,302 - [INFO] - Epoch:  192 | FVAL: 0.0623076
2019-07-24 14:15:03,376 - [INFO] - Epoch:  193 | FVAL: 0.0622992
2019-07-24 14:15:03,451 - [INFO] - Epoch:  194 | FVAL: 0.0622909
2019-07-24 14:15:03,526 - [INFO] - Epoch:  195 | FVAL: 0.0622828
2019-07-24 14:15:03,601 - [INFO] - Epoch:  196 | FVAL: 0.0622748
2019-07-24 14:15:03,676 - [INFO] - Epoch:  197 | FVAL: 0.0622669
2019-07-24 14:15:03,750 - [INFO] - Epoch:  198 | FVAL: 0.0622591
2019-07-24 14:15:03,825 - [INFO] - Epoch:  199 | FVAL: 0.0622515
2019-07-24 14:15:03,900 - [INFO] - Epoch:  200 | FVAL: 0.0622440
2019-07-24 14:15:03,975 - [INFO] - Epoch:  201 | FVAL: 0.0622365
2019-07-24 14:15:04,050 - [INFO] - Epoch:  202 | FVAL: 0.0622292
2019-07-24 14:15:04,125 - [INFO] - Epoch:  203 | FVAL: 0.0622220
2019-07-24 14:15:04,200 - [INFO] - Epoch:  204 | FVAL: 0.0622149
2019-07-24 14:15:04,274 - [INFO] - Epoch:  205 | FVAL: 0.0622079
2019-07-24 14:15:04,349 - [INFO] - Epoch:  206 | FVAL: 0.0622010
2019-07-24 14:15:04,424 - [INFO] - Epoch:  207 | FVAL: 0.0621942
2019-07-24 14:15:04,499 - [INFO] - Epoch:  208 | FVAL: 0.0621875
2019-07-24 14:15:04,574 - [INFO] - Epoch:  209 | FVAL: 0.0621809
2019-07-24 14:15:04,648 - [INFO] - Epoch:  210 | FVAL: 0.0621744
2019-07-24 14:15:04,723 - [INFO] - Epoch:  211 | FVAL: 0.0621680
2019-07-24 14:15:04,798 - [INFO] - Epoch:  212 | FVAL: 0.0621617
2019-07-24 14:15:04,873 - [INFO] - Epoch:  213 | FVAL: 0.0621555
2019-07-24 14:15:04,948 - [INFO] - Epoch:  214 | FVAL: 0.0621494
2019-07-24 14:15:05,023 - [INFO] - Epoch:  215 | FVAL: 0.0621433
2019-07-24 14:15:05,098 - [INFO] - Epoch:  216 | FVAL: 0.0621374
2019-07-24 14:15:05,173 - [INFO] - Epoch:  217 | FVAL: 0.0621315
2019-07-24 14:15:05,248 - [INFO] - Epoch:  218 | FVAL: 0.0621257
2019-07-24 14:15:05,322 - [INFO] - Epoch:  219 | FVAL: 0.0621200
2019-07-24 14:15:05,397 - [INFO] - Epoch:  220 | FVAL: 0.0621144
2019-07-24 14:15:05,472 - [INFO] - Epoch:  221 | FVAL: 0.0621089
2019-07-24 14:15:05,547 - [INFO] - Epoch:  222 | FVAL: 0.0621034
2019-07-24 14:15:05,622 - [INFO] - Epoch:  223 | FVAL: 0.0620980
2019-07-24 14:15:05,697 - [INFO] - Epoch:  224 | FVAL: 0.0620927
2019-07-24 14:15:05,772 - [INFO] - Epoch:  225 | FVAL: 0.0620875
2019-07-24 14:15:05,847 - [INFO] - Epoch:  226 | FVAL: 0.0620823
2019-07-24 14:15:05,922 - [INFO] - Epoch:  227 | FVAL: 0.0620772
2019-07-24 14:15:05,997 - [INFO] - Epoch:  228 | FVAL: 0.0620722
2019-07-24 14:15:06,072 - [INFO] - Epoch:  229 | FVAL: 0.0620673
2019-07-24 14:15:06,147 - [INFO] - Epoch:  230 | FVAL: 0.0620624
2019-07-24 14:15:06,222 - [INFO] - Epoch:  231 | FVAL: 0.0620576
2019-07-24 14:15:06,297 - [INFO] - Epoch:  232 | FVAL: 0.0620528
2019-07-24 14:15:06,372 - [INFO] - Epoch:  233 | FVAL: 0.0620482
2019-07-24 14:15:06,447 - [INFO] - Epoch:  234 | FVAL: 0.0620436
2019-07-24 14:15:06,522 - [INFO] - Epoch:  235 | FVAL: 0.0620390
2019-07-24 14:15:06,597 - [INFO] - Epoch:  236 | FVAL: 0.0620345
2019-07-24 14:15:06,672 - [INFO] - Epoch:  237 | FVAL: 0.0620301
2019-07-24 14:15:06,746 - [INFO] - Epoch:  238 | FVAL: 0.0620257
2019-07-24 14:15:06,822 - [INFO] - Epoch:  239 | FVAL: 0.0620214
2019-07-24 14:15:06,897 - [INFO] - Epoch:  240 | FVAL: 0.0620172
2019-07-24 14:15:06,972 - [INFO] - Epoch:  241 | FVAL: 0.0620130
2019-07-24 14:15:07,047 - [INFO] - Epoch:  242 | FVAL: 0.0620089
2019-07-24 14:15:07,122 - [INFO] - Epoch:  243 | FVAL: 0.0620048
2019-07-24 14:15:07,197 - [INFO] - Epoch:  244 | FVAL: 0.0620008
2019-07-24 14:15:07,272 - [INFO] - Epoch:  245 | FVAL: 0.0619968
2019-07-24 14:15:07,348 - [INFO] - Epoch:  246 | FVAL: 0.0619929
2019-07-24 14:15:07,423 - [INFO] - Epoch:  247 | FVAL: 0.0619891
2019-07-24 14:15:07,498 - [INFO] - Epoch:  248 | FVAL: 0.0619852
2019-07-24 14:15:07,573 - [INFO] - Epoch:  249 | FVAL: 0.0619815
2019-07-24 14:15:07,648 - [INFO] - Epoch:  250 | FVAL: 0.0619778
2019-07-24 14:15:07,723 - [INFO] - Epoch:  251 | FVAL: 0.0619741
2019-07-24 14:15:07,798 - [INFO] - Epoch:  252 | FVAL: 0.0619705
2019-07-24 14:15:07,873 - [INFO] - Epoch:  253 | FVAL: 0.0619670
2019-07-24 14:15:07,948 - [INFO] - Epoch:  254 | FVAL: 0.0619635
2019-07-24 14:15:08,023 - [INFO] - Epoch:  255 | FVAL: 0.0619600
2019-07-24 14:15:08,098 - [INFO] - Epoch:  256 | FVAL: 0.0619566
2019-07-24 14:15:08,173 - [INFO] - Epoch:  257 | FVAL: 0.0619532
2019-07-24 14:15:08,248 - [INFO] - Epoch:  258 | FVAL: 0.0619499
2019-07-24 14:15:08,323 - [INFO] - Epoch:  259 | FVAL: 0.0619466
2019-07-24 14:15:08,399 - [INFO] - Epoch:  260 | FVAL: 0.0619434
2019-07-24 14:15:08,474 - [INFO] - Epoch:  261 | FVAL: 0.0619402
2019-07-24 14:15:08,549 - [INFO] - Epoch:  262 | FVAL: 0.0619370
2019-07-24 14:15:08,624 - [INFO] - Epoch:  263 | FVAL: 0.0619339
2019-07-24 14:15:08,699 - [INFO] - Epoch:  264 | FVAL: 0.0619308
2019-07-24 14:15:08,774 - [INFO] - Epoch:  265 | FVAL: 0.0619278
2019-07-24 14:15:08,850 - [INFO] - Epoch:  266 | FVAL: 0.0619248
2019-07-24 14:15:08,925 - [INFO] - Epoch:  267 | FVAL: 0.0619219
2019-07-24 14:15:09,000 - [INFO] - Epoch:  268 | FVAL: 0.0619189
2019-07-24 14:15:09,075 - [INFO] - Epoch:  269 | FVAL: 0.0619161
2019-07-24 14:15:09,150 - [INFO] - Epoch:  270 | FVAL: 0.0619132
2019-07-24 14:15:09,225 - [INFO] - Epoch:  271 | FVAL: 0.0619104
2019-07-24 14:15:09,300 - [INFO] - Epoch:  272 | FVAL: 0.0619077
2019-07-24 14:15:09,376 - [INFO] - Epoch:  273 | FVAL: 0.0619049
2019-07-24 14:15:09,451 - [INFO] - Epoch:  274 | FVAL: 0.0619022
2019-07-24 14:15:09,526 - [INFO] - Epoch:  275 | FVAL: 0.0618996
2019-07-24 14:15:09,601 - [INFO] - Epoch:  276 | FVAL: 0.0618969
2019-07-24 14:15:09,676 - [INFO] - Epoch:  277 | FVAL: 0.0618943
2019-07-24 14:15:09,751 - [INFO] - Epoch:  278 | FVAL: 0.0618918
2019-07-24 14:15:09,827 - [INFO] - Epoch:  279 | FVAL: 0.0618893
2019-07-24 14:15:09,902 - [INFO] - Epoch:  280 | FVAL: 0.0618868
2019-07-24 14:15:09,977 - [INFO] - Epoch:  281 | FVAL: 0.0618843
2019-07-24 14:15:10,053 - [INFO] - Epoch:  282 | FVAL: 0.0618819
2019-07-24 14:15:10,128 - [INFO] - Epoch:  283 | FVAL: 0.0618795
2019-07-24 14:15:10,203 - [INFO] - Epoch:  284 | FVAL: 0.0618771
2019-07-24 14:15:10,278 - [INFO] - Epoch:  285 | FVAL: 0.0618748
2019-07-24 14:15:10,353 - [INFO] - Epoch:  286 | FVAL: 0.0618725
2019-07-24 14:15:10,428 - [INFO] - Epoch:  287 | FVAL: 0.0618702
2019-07-24 14:15:10,504 - [INFO] - Epoch:  288 | FVAL: 0.0618679
2019-07-24 14:15:10,579 - [INFO] - Epoch:  289 | FVAL: 0.0618657
2019-07-24 14:15:10,654 - [INFO] - Epoch:  290 | FVAL: 0.0618635
2019-07-24 14:15:10,729 - [INFO] - Epoch:  291 | FVAL: 0.0618613
2019-07-24 14:15:10,805 - [INFO] - Epoch:  292 | FVAL: 0.0618592
2019-07-24 14:15:10,880 - [INFO] - Epoch:  293 | FVAL: 0.0618571
2019-07-24 14:15:10,955 - [INFO] - Epoch:  294 | FVAL: 0.0618550
2019-07-24 14:15:11,030 - [INFO] - Epoch:  295 | FVAL: 0.0618530
2019-07-24 14:15:11,106 - [INFO] - Epoch:  296 | FVAL: 0.0618509
2019-07-24 14:15:11,181 - [INFO] - Epoch:  297 | FVAL: 0.0618489
2019-07-24 14:15:11,256 - [INFO] - Epoch:  298 | FVAL: 0.0618469
2019-07-24 14:15:11,331 - [INFO] - Epoch:  299 | FVAL: 0.0618450
2019-07-24 14:15:11,406 - [INFO] - Epoch:  300 | FVAL: 0.0618430
2019-07-24 14:15:11,482 - [INFO] - Epoch:  301 | FVAL: 0.0618411
2019-07-24 14:15:11,557 - [INFO] - Epoch:  302 | FVAL: 0.0618392
2019-07-24 14:15:11,632 - [INFO] - Epoch:  303 | FVAL: 0.0618374
2019-07-24 14:15:11,708 - [INFO] - Epoch:  304 | FVAL: 0.0618355
2019-07-24 14:15:11,783 - [INFO] - Epoch:  305 | FVAL: 0.0618337
2019-07-24 14:15:11,859 - [INFO] - Epoch:  306 | FVAL: 0.0618319
2019-07-24 14:15:11,934 - [INFO] - Epoch:  307 | FVAL: 0.0618302
2019-07-24 14:15:12,009 - [INFO] - Epoch:  308 | FVAL: 0.0618284
2019-07-24 14:15:12,085 - [INFO] - Epoch:  309 | FVAL: 0.0618267
2019-07-24 14:15:12,160 - [INFO] - Epoch:  310 | FVAL: 0.0618250
2019-07-24 14:15:12,235 - [INFO] - Epoch:  311 | FVAL: 0.0618233
2019-07-24 14:15:12,311 - [INFO] - Epoch:  312 | FVAL: 0.0618216
2019-07-24 14:15:12,386 - [INFO] - Epoch:  313 | FVAL: 0.0618200
2019-07-24 14:15:12,462 - [INFO] - Epoch:  314 | FVAL: 0.0618183
2019-07-24 14:15:12,537 - [INFO] - Epoch:  315 | FVAL: 0.0618167
2019-07-24 14:15:12,612 - [INFO] - Epoch:  316 | FVAL: 0.0618152
2019-07-24 14:15:12,688 - [INFO] - Epoch:  317 | FVAL: 0.0618136
2019-07-24 14:15:12,763 - [INFO] - Epoch:  318 | FVAL: 0.0618120
2019-07-24 14:15:12,838 - [INFO] - Epoch:  319 | FVAL: 0.0618105
2019-07-24 14:15:12,914 - [INFO] - Epoch:  320 | FVAL: 0.0618090
2019-07-24 14:15:12,989 - [INFO] - Epoch:  321 | FVAL: 0.0618075
2019-07-24 14:15:13,064 - [INFO] - Epoch:  322 | FVAL: 0.0618060
2019-07-24 14:15:13,140 - [INFO] - Epoch:  323 | FVAL: 0.0618046
2019-07-24 14:15:13,215 - [INFO] - Epoch:  324 | FVAL: 0.0618031
2019-07-24 14:15:13,290 - [INFO] - Epoch:  325 | FVAL: 0.0618017
2019-07-24 14:15:13,365 - [INFO] - Epoch:  326 | FVAL: 0.0618003
2019-07-24 14:15:13,441 - [INFO] - Epoch:  327 | FVAL: 0.0617989
2019-07-24 14:15:13,516 - [INFO] - Epoch:  328 | FVAL: 0.0617976
2019-07-24 14:15:13,592 - [INFO] - Epoch:  329 | FVAL: 0.0617962
2019-07-24 14:15:13,667 - [INFO] - Epoch:  330 | FVAL: 0.0617949
2019-07-24 14:15:13,742 - [INFO] - Epoch:  331 | FVAL: 0.0617936
2019-07-24 14:15:13,818 - [INFO] - Epoch:  332 | FVAL: 0.0617923
2019-07-24 14:15:13,893 - [INFO] - Epoch:  333 | FVAL: 0.0617910
2019-07-24 14:15:13,969 - [INFO] - Epoch:  334 | FVAL: 0.0617897
2019-07-24 14:15:14,044 - [INFO] - Epoch:  335 | FVAL: 0.0617884
2019-07-24 14:15:14,119 - [INFO] - Epoch:  336 | FVAL: 0.0617872
2019-07-24 14:15:14,195 - [INFO] - Epoch:  337 | FVAL: 0.0617860
2019-07-24 14:15:14,270 - [INFO] - Epoch:  338 | FVAL: 0.0617847
2019-07-24 14:15:14,346 - [INFO] - Epoch:  339 | FVAL: 0.0617836
2019-07-24 14:15:14,421 - [INFO] - Epoch:  340 | FVAL: 0.0617824
2019-07-24 14:15:14,496 - [INFO] - Epoch:  341 | FVAL: 0.0617812
2019-07-24 14:15:14,572 - [INFO] - Epoch:  342 | FVAL: 0.0617800
2019-07-24 14:15:14,647 - [INFO] - Epoch:  343 | FVAL: 0.0617789
2019-07-24 14:15:14,723 - [INFO] - Epoch:  344 | FVAL: 0.0617778
2019-07-24 14:15:14,798 - [INFO] - Epoch:  345 | FVAL: 0.0617767
2019-07-24 14:15:14,873 - [INFO] - Epoch:  346 | FVAL: 0.0617755
2019-07-24 14:15:14,949 - [INFO] - Epoch:  347 | FVAL: 0.0617745
2019-07-24 14:15:15,024 - [INFO] - Epoch:  348 | FVAL: 0.0617734
2019-07-24 14:15:15,100 - [INFO] - Epoch:  349 | FVAL: 0.0617723
2019-07-24 14:15:15,175 - [INFO] - Epoch:  350 | FVAL: 0.0617713
2019-07-24 14:15:15,251 - [INFO] - Epoch:  351 | FVAL: 0.0617702
2019-07-24 14:15:15,326 - [INFO] - Epoch:  352 | FVAL: 0.0617692
2019-07-24 14:15:15,402 - [INFO] - Epoch:  353 | FVAL: 0.0617682
2019-07-24 14:15:15,477 - [INFO] - Epoch:  354 | FVAL: 0.0617672
