2019-07-24 14:14:48,810 - [INFO] - csum-- N:271617 | d:8 | lambda:1e-06
2019-07-24 14:14:48,815 - [INFO] - Function value sequence convergence criteria.
2019-07-24 14:14:48,815 - [INFO] - Epoch:    0 | FVAL: 0.3465736
2019-07-24 14:14:48,884 - [INFO] - Epoch:    1 | FVAL: 0.3465736
2019-07-24 14:14:48,958 - [INFO] - Epoch:    2 | FVAL: 0.2142333
2019-07-24 14:14:49,032 - [INFO] - Epoch:    3 | FVAL: 0.1722397
2019-07-24 14:14:49,106 - [INFO] - Epoch:    4 | FVAL: 0.1494782
2019-07-24 14:14:49,180 - [INFO] - Epoch:    5 | FVAL: 0.1349846
2019-07-24 14:14:49,253 - [INFO] - Epoch:    6 | FVAL: 0.1248141
2019-07-24 14:14:49,327 - [INFO] - Epoch:    7 | FVAL: 0.1172168
2019-07-24 14:14:49,401 - [INFO] - Epoch:    8 | FVAL: 0.1112896
2019-07-24 14:14:49,475 - [INFO] - Epoch:    9 | FVAL: 0.1065155
2019-07-24 14:14:49,549 - [INFO] - Epoch:   10 | FVAL: 0.1025751
2019-07-24 14:14:49,623 - [INFO] - Epoch:   11 | FVAL: 0.0992596
2019-07-24 14:14:49,697 - [INFO] - Epoch:   12 | FVAL: 0.0964262
2019-07-24 14:14:49,771 - [INFO] - Epoch:   13 | FVAL: 0.0939732
2019-07-24 14:14:49,845 - [INFO] - Epoch:   14 | FVAL: 0.0918265
2019-07-24 14:14:49,919 - [INFO] - Epoch:   15 | FVAL: 0.0899304
2019-07-24 14:14:49,993 - [INFO] - Epoch:   16 | FVAL: 0.0882423
2019-07-24 14:14:50,067 - [INFO] - Epoch:   17 | FVAL: 0.0867289
2019-07-24 14:14:50,141 - [INFO] - Epoch:   18 | FVAL: 0.0853638
2019-07-24 14:14:50,215 - [INFO] - Epoch:   19 | FVAL: 0.0841258
2019-07-24 14:14:50,289 - [INFO] - Epoch:   20 | FVAL: 0.0829976
2019-07-24 14:14:50,363 - [INFO] - Epoch:   21 | FVAL: 0.0819650
2019-07-24 14:14:50,437 - [INFO] - Epoch:   22 | FVAL: 0.0810162
2019-07-24 14:14:50,511 - [INFO] - Epoch:   23 | FVAL: 0.0801413
2019-07-24 14:14:50,585 - [INFO] - Epoch:   24 | FVAL: 0.0793318
2019-07-24 14:14:50,659 - [INFO] - Epoch:   25 | FVAL: 0.0785808
2019-07-24 14:14:50,733 - [INFO] - Epoch:   26 | FVAL: 0.0778819
2019-07-24 14:14:50,807 - [INFO] - Epoch:   27 | FVAL: 0.0772300
2019-07-24 14:14:50,881 - [INFO] - Epoch:   28 | FVAL: 0.0766205
2019-07-24 14:14:50,955 - [INFO] - Epoch:   29 | FVAL: 0.0760494
2019-07-24 14:14:51,029 - [INFO] - Epoch:   30 | FVAL: 0.0755132
2019-07-24 14:14:51,103 - [INFO] - Epoch:   31 | FVAL: 0.0750088
2019-07-24 14:14:51,177 - [INFO] - Epoch:   32 | FVAL: 0.0745335
2019-07-24 14:14:51,251 - [INFO] - Epoch:   33 | FVAL: 0.0740849
2019-07-24 14:14:51,325 - [INFO] - Epoch:   34 | FVAL: 0.0736608
2019-07-24 14:14:51,399 - [INFO] - Epoch:   35 | FVAL: 0.0732592
2019-07-24 14:14:51,473 - [INFO] - Epoch:   36 | FVAL: 0.0728786
2019-07-24 14:14:51,547 - [INFO] - Epoch:   37 | FVAL: 0.0725172
2019-07-24 14:14:51,621 - [INFO] - Epoch:   38 | FVAL: 0.0721738
2019-07-24 14:14:51,695 - [INFO] - Epoch:   39 | FVAL: 0.0718470
2019-07-24 14:14:51,769 - [INFO] - Epoch:   40 | FVAL: 0.0715357
2019-07-24 14:14:51,843 - [INFO] - Epoch:   41 | FVAL: 0.0712388
2019-07-24 14:14:51,917 - [INFO] - Epoch:   42 | FVAL: 0.0709555
2019-07-24 14:14:51,991 - [INFO] - Epoch:   43 | FVAL: 0.0706847
2019-07-24 14:14:52,065 - [INFO] - Epoch:   44 | FVAL: 0.0704258
2019-07-24 14:14:52,140 - [INFO] - Epoch:   45 | FVAL: 0.0701780
2019-07-24 14:14:52,214 - [INFO] - Epoch:   46 | FVAL: 0.0699406
2019-07-24 14:14:52,288 - [INFO] - Epoch:   47 | FVAL: 0.0697130
2019-07-24 14:14:52,362 - [INFO] - Epoch:   48 | FVAL: 0.0694946
2019-07-24 14:14:52,436 - [INFO] - Epoch:   49 | FVAL: 0.0692850
2019-07-24 14:14:52,511 - [INFO] - Epoch:   50 | FVAL: 0.0690836
2019-07-24 14:14:52,585 - [INFO] - Epoch:   51 | FVAL: 0.0688899
2019-07-24 14:14:52,659 - [INFO] - Epoch:   52 | FVAL: 0.0687036
2019-07-24 14:14:52,733 - [INFO] - Epoch:   53 | FVAL: 0.0685243
2019-07-24 14:14:52,807 - [INFO] - Epoch:   54 | FVAL: 0.0683516
2019-07-24 14:14:52,882 - [INFO] - Epoch:   55 | FVAL: 0.0681851
2019-07-24 14:14:52,956 - [INFO] - Epoch:   56 | FVAL: 0.0680245
2019-07-24 14:14:53,030 - [INFO] - Epoch:   57 | FVAL: 0.0678697
2019-07-24 14:14:53,105 - [INFO] - Epoch:   58 | FVAL: 0.0677202
2019-07-24 14:14:53,179 - [INFO] - Epoch:   59 | FVAL: 0.0675758
2019-07-24 14:14:53,253 - [INFO] - Epoch:   60 | FVAL: 0.0674363
2019-07-24 14:14:53,327 - [INFO] - Epoch:   61 | FVAL: 0.0673014
2019-07-24 14:14:53,401 - [INFO] - Epoch:   62 | FVAL: 0.0671710
2019-07-24 14:14:53,475 - [INFO] - Epoch:   63 | FVAL: 0.0670448
2019-07-24 14:14:53,550 - [INFO] - Epoch:   64 | FVAL: 0.0669226
2019-07-24 14:14:53,624 - [INFO] - Epoch:   65 | FVAL: 0.0668043
2019-07-24 14:14:53,698 - [INFO] - Epoch:   66 | FVAL: 0.0666898
2019-07-24 14:14:53,772 - [INFO] - Epoch:   67 | FVAL: 0.0665787
2019-07-24 14:14:53,847 - [INFO] - Epoch:   68 | FVAL: 0.0664711
2019-07-24 14:14:53,921 - [INFO] - Epoch:   69 | FVAL: 0.0663667
2019-07-24 14:14:53,995 - [INFO] - Epoch:   70 | FVAL: 0.0662654
2019-07-24 14:14:54,069 - [INFO] - Epoch:   71 | FVAL: 0.0661672
2019-07-24 14:14:54,143 - [INFO] - Epoch:   72 | FVAL: 0.0660718
2019-07-24 14:14:54,218 - [INFO] - Epoch:   73 | FVAL: 0.0659791
2019-07-24 14:14:54,292 - [INFO] - Epoch:   74 | FVAL: 0.0658891
2019-07-24 14:14:54,366 - [INFO] - Epoch:   75 | FVAL: 0.0658017
2019-07-24 14:14:54,440 - [INFO] - Epoch:   76 | FVAL: 0.0657167
2019-07-24 14:14:54,515 - [INFO] - Epoch:   77 | FVAL: 0.0656341
2019-07-24 14:14:54,589 - [INFO] - Epoch:   78 | FVAL: 0.0655537
2019-07-24 14:14:54,663 - [INFO] - Epoch:   79 | FVAL: 0.0654755
2019-07-24 14:14:54,737 - [INFO] - Epoch:   80 | FVAL: 0.0653995
2019-07-24 14:14:54,812 - [INFO] - Epoch:   81 | FVAL: 0.0653255
2019-07-24 14:14:54,886 - [INFO] - Epoch:   82 | FVAL: 0.0652534
2019-07-24 14:14:54,960 - [INFO] - Epoch:   83 | FVAL: 0.0651832
2019-07-24 14:14:55,035 - [INFO] - Epoch:   84 | FVAL: 0.0651149
2019-07-24 14:14:55,109 - [INFO] - Epoch:   85 | FVAL: 0.0650483
2019-07-24 14:14:55,183 - [INFO] - Epoch:   86 | FVAL: 0.0649834
2019-07-24 14:14:55,258 - [INFO] - Epoch:   87 | FVAL: 0.0649201
2019-07-24 14:14:55,332 - [INFO] - Epoch:   88 | FVAL: 0.0648585
2019-07-24 14:14:55,407 - [INFO] - Epoch:   89 | FVAL: 0.0647984
2019-07-24 14:14:55,481 - [INFO] - Epoch:   90 | FVAL: 0.0647397
2019-07-24 14:14:55,555 - [INFO] - Epoch:   91 | FVAL: 0.0646825
2019-07-24 14:14:55,630 - [INFO] - Epoch:   92 | FVAL: 0.0646267
2019-07-24 14:14:55,704 - [INFO] - Epoch:   93 | FVAL: 0.0645723
2019-07-24 14:14:55,778 - [INFO] - Epoch:   94 | FVAL: 0.0645191
2019-07-24 14:14:55,853 - [INFO] - Epoch:   95 | FVAL: 0.0644672
2019-07-24 14:14:55,927 - [INFO] - Epoch:   96 | FVAL: 0.0644165
2019-07-24 14:14:56,001 - [INFO] - Epoch:   97 | FVAL: 0.0643671
2019-07-24 14:14:56,076 - [INFO] - Epoch:   98 | FVAL: 0.0643187
2019-07-24 14:14:56,150 - [INFO] - Epoch:   99 | FVAL: 0.0642715
2019-07-24 14:14:56,224 - [INFO] - Epoch:  100 | FVAL: 0.0642254
2019-07-24 14:14:56,299 - [INFO] - Epoch:  101 | FVAL: 0.0641803
2019-07-24 14:14:56,373 - [INFO] - Epoch:  102 | FVAL: 0.0641362
2019-07-24 14:14:56,448 - [INFO] - Epoch:  103 | FVAL: 0.0640932
2019-07-24 14:14:56,522 - [INFO] - Epoch:  104 | FVAL: 0.0640510
2019-07-24 14:14:56,596 - [INFO] - Epoch:  105 | FVAL: 0.0640098
2019-07-24 14:14:56,671 - [INFO] - Epoch:  106 | FVAL: 0.0639696
2019-07-24 14:14:56,745 - [INFO] - Epoch:  107 | FVAL: 0.0639302
2019-07-24 14:14:56,820 - [INFO] - Epoch:  108 | FVAL: 0.0638916
2019-07-24 14:14:56,894 - [INFO] - Epoch:  109 | FVAL: 0.0638539
2019-07-24 14:14:56,968 - [INFO] - Epoch:  110 | FVAL: 0.0638170
2019-07-24 14:14:57,043 - [INFO] - Epoch:  111 | FVAL: 0.0637809
2019-07-24 14:14:57,117 - [INFO] - Epoch:  112 | FVAL: 0.0637455
2019-07-24 14:14:57,191 - [INFO] - Epoch:  113 | FVAL: 0.0637109
2019-07-24 14:14:57,266 - [INFO] - Epoch:  114 | FVAL: 0.0636771
2019-07-24 14:14:57,341 - [INFO] - Epoch:  115 | FVAL: 0.0636439
2019-07-24 14:14:57,415 - [INFO] - Epoch:  116 | FVAL: 0.0636114
2019-07-24 14:14:57,490 - [INFO] - Epoch:  117 | FVAL: 0.0635796
2019-07-24 14:14:57,564 - [INFO] - Epoch:  118 | FVAL: 0.0635484
2019-07-24 14:14:57,639 - [INFO] - Epoch:  119 | FVAL: 0.0635178
2019-07-24 14:14:57,713 - [INFO] - Epoch:  120 | FVAL: 0.0634879
2019-07-24 14:14:57,788 - [INFO] - Epoch:  121 | FVAL: 0.0634586
2019-07-24 14:14:57,862 - [INFO] - Epoch:  122 | FVAL: 0.0634299
2019-07-24 14:14:57,937 - [INFO] - Epoch:  123 | FVAL: 0.0634017
2019-07-24 14:14:58,011 - [INFO] - Epoch:  124 | FVAL: 0.0633741
2019-07-24 14:14:58,085 - [INFO] - Epoch:  125 | FVAL: 0.0633470
2019-07-24 14:14:58,160 - [INFO] - Epoch:  126 | FVAL: 0.0633205
2019-07-24 14:14:58,234 - [INFO] - Epoch:  127 | FVAL: 0.0632945
2019-07-24 14:14:58,309 - [INFO] - Epoch:  128 | FVAL: 0.0632690
2019-07-24 14:14:58,383 - [INFO] - Epoch:  129 | FVAL: 0.0632440
2019-07-24 14:14:58,458 - [INFO] - Epoch:  130 | FVAL: 0.0632194
2019-07-24 14:14:58,532 - [INFO] - Epoch:  131 | FVAL: 0.0631954
2019-07-24 14:14:58,607 - [INFO] - Epoch:  132 | FVAL: 0.0631718
2019-07-24 14:14:58,681 - [INFO] - Epoch:  133 | FVAL: 0.0631486
2019-07-24 14:14:58,755 - [INFO] - Epoch:  134 | FVAL: 0.0631259
2019-07-24 14:14:58,830 - [INFO] - Epoch:  135 | FVAL: 0.0631036
2019-07-24 14:14:58,904 - [INFO] - Epoch:  136 | FVAL: 0.0630817
2019-07-24 14:14:58,979 - [INFO] - Epoch:  137 | FVAL: 0.0630602
2019-07-24 14:14:59,054 - [INFO] - Epoch:  138 | FVAL: 0.0630391
2019-07-24 14:14:59,128 - [INFO] - Epoch:  139 | FVAL: 0.0630184
2019-07-24 14:14:59,203 - [INFO] - Epoch:  140 | FVAL: 0.0629981
2019-07-24 14:14:59,277 - [INFO] - Epoch:  141 | FVAL: 0.0629781
2019-07-24 14:14:59,352 - [INFO] - Epoch:  142 | FVAL: 0.0629586
2019-07-24 14:14:59,426 - [INFO] - Epoch:  143 | FVAL: 0.0629393
2019-07-24 14:14:59,501 - [INFO] - Epoch:  144 | FVAL: 0.0629204
2019-07-24 14:14:59,576 - [INFO] - Epoch:  145 | FVAL: 0.0629019
2019-07-24 14:14:59,650 - [INFO] - Epoch:  146 | FVAL: 0.0628837
2019-07-24 14:14:59,725 - [INFO] - Epoch:  147 | FVAL: 0.0628658
2019-07-24 14:14:59,799 - [INFO] - Epoch:  148 | FVAL: 0.0628482
2019-07-24 14:14:59,874 - [INFO] - Epoch:  149 | FVAL: 0.0628309
2019-07-24 14:14:59,949 - [INFO] - Epoch:  150 | FVAL: 0.0628140
2019-07-24 14:15:00,024 - [INFO] - Epoch:  151 | FVAL: 0.0627973
2019-07-24 14:15:00,175 - [INFO] - Epoch:  152 | FVAL: 0.0627809
2019-07-24 14:15:00,385 - [INFO] - Epoch:  153 | FVAL: 0.0627648
2019-07-24 14:15:00,459 - [INFO] - Epoch:  154 | FVAL: 0.0627490
2019-07-24 14:15:00,534 - [INFO] - Epoch:  155 | FVAL: 0.0627335
2019-07-24 14:15:00,609 - [INFO] - Epoch:  156 | FVAL: 0.0627182
2019-07-24 14:15:00,683 - [INFO] - Epoch:  157 | FVAL: 0.0627032
2019-07-24 14:15:00,758 - [INFO] - Epoch:  158 | FVAL: 0.0626884
2019-07-24 14:15:00,836 - [INFO] - Epoch:  159 | FVAL: 0.0626739
2019-07-24 14:15:00,910 - [INFO] - Epoch:  160 | FVAL: 0.0626597
2019-07-24 14:15:00,985 - [INFO] - Epoch:  161 | FVAL: 0.0626456
2019-07-24 14:15:01,060 - [INFO] - Epoch:  162 | FVAL: 0.0626319
2019-07-24 14:15:01,134 - [INFO] - Epoch:  163 | FVAL: 0.0626183
2019-07-24 14:15:01,209 - [INFO] - Epoch:  164 | FVAL: 0.0626050
2019-07-24 14:15:01,284 - [INFO] - Epoch:  165 | FVAL: 0.0625919
2019-07-24 14:15:01,358 - [INFO] - Epoch:  166 | FVAL: 0.0625790
2019-07-24 14:15:01,433 - [INFO] - Epoch:  167 | FVAL: 0.0625663
2019-07-24 14:15:01,508 - [INFO] - Epoch:  168 | FVAL: 0.0625538
2019-07-24 14:15:01,582 - [INFO] - Epoch:  169 | FVAL: 0.0625415
2019-07-24 14:15:01,657 - [INFO] - Epoch:  170 | FVAL: 0.0625295
2019-07-24 14:15:01,731 - [INFO] - Epoch:  171 | FVAL: 0.0625176
2019-07-24 14:15:01,806 - [INFO] - Epoch:  172 | FVAL: 0.0625059
2019-07-24 14:15:01,881 - [INFO] - Epoch:  173 | FVAL: 0.0624944
2019-07-24 14:15:01,956 - [INFO] - Epoch:  174 | FVAL: 0.0624831
2019-07-24 14:15:02,031 - [INFO] - Epoch:  175 | FVAL: 0.0624720
2019-07-24 14:15:02,105 - [INFO] - Epoch:  176 | FVAL: 0.0624611
2019-07-24 14:15:02,180 - [INFO] - Epoch:  177 | FVAL: 0.0624503
2019-07-24 14:15:02,255 - [INFO] - Epoch:  178 | FVAL: 0.0624397
2019-07-24 14:15:02,330 - [INFO] - Epoch:  179 | FVAL: 0.0624293
2019-07-24 14:15:02,405 - [INFO] - Epoch:  180 | FVAL: 0.0624190
2019-07-24 14:15:02,479 - [INFO] - Epoch:  181 | FVAL: 0.0624089
2019-07-24 14:15:02,554 - [INFO] - Epoch:  182 | FVAL: 0.0623989
2019-07-24 14:15:02,629 - [INFO] - Epoch:  183 | FVAL: 0.0623891
2019-07-24 14:15:02,704 - [INFO] - Epoch:  184 | FVAL: 0.0623795
2019-07-24 14:15:02,778 - [INFO] - Epoch:  185 | FVAL: 0.0623700
2019-07-24 14:15:02,853 - [INFO] - Epoch:  186 | FVAL: 0.0623607
2019-07-24 14:15:02,928 - [INFO] - Epoch:  187 | FVAL: 0.0623515
2019-07-24 14:15:03,003 - [INFO] - Epoch:  188 | FVAL: 0.0623424
2019-07-24 14:15:03,078 - [INFO] - Epoch:  189 | FVAL: 0.0623335
2019-07-24 14:15:03,152 - [INFO] - Epoch:  190 | FVAL: 0.0623247
2019-07-24 14:15:03,227 - [INFO] - Epoch:  191 | FVAL: 0.0623161
2019-07-24 14:15:03,302 - [INFO] - Epoch:  192 | FVAL: 0.0623076
2019-07-24 14:15:03,376 - [INFO] - Epoch:  193 | FVAL: 0.0622992
2019-07-24 14:15:03,451 - [INFO] - Epoch:  194 | FVAL: 0.0622909
2019-07-24 14:15:03,526 - [INFO] - Epoch:  195 | FVAL: 0.0622828
2019-07-24 14:15:03,601 - [INFO] - Epoch:  196 | FVAL: 0.0622748
2019-07-24 14:15:03,676 - [INFO] - Epoch:  197 | FVAL: 0.0622669
2019-07-24 14:15:03,750 - [INFO] - Epoch:  198 | FVAL: 0.0622591
2019-07-24 14:15:03,825 - [INFO] - Epoch:  199 | FVAL: 0.0622515
2019-07-24 14:15:03,900 - [INFO] - Epoch:  200 | FVAL: 0.0622440
2019-07-24 14:15:03,975 - [INFO] - Epoch:  201 | FVAL: 0.0622365
2019-07-24 14:15:04,050 - [INFO] - Epoch:  202 | FVAL: 0.0622292
2019-07-24 14:15:04,125 - [INFO] - Epoch:  203 | FVAL: 0.0622220
2019-07-24 14:15:04,200 - [INFO] - Epoch:  204 | FVAL: 0.0622149
2019-07-24 14:15:04,274 - [INFO] - Epoch:  205 | FVAL: 0.0622079
2019-07-24 14:15:04,349 - [INFO] - Epoch:  206 | FVAL: 0.0622010
2019-07-24 14:15:04,424 - [INFO] - Epoch:  207 | FVAL: 0.0621942
2019-07-24 14:15:04,499 - [INFO] - Epoch:  208 | FVAL: 0.0621875
2019-07-24 14:15:04,574 - [INFO] - Epoch:  209 | FVAL: 0.0621809
2019-07-24 14:15:04,648 - [INFO] - Epoch:  210 | FVAL: 0.0621744
2019-07-24 14:15:04,723 - [INFO] - Epoch:  211 | FVAL: 0.0621680
2019-07-24 14:15:04,798 - [INFO] - Epoch:  212 | FVAL: 0.0621617
2019-07-24 14:15:04,873 - [INFO] - Epoch:  213 | FVAL: 0.0621555
2019-07-24 14:15:04,948 - [INFO] - Epoch:  214 | FVAL: 0.0621494
2019-07-24 14:15:05,023 - [INFO] - Epoch:  215 | FVAL: 0.0621433
2019-07-24 14:15:05,098 - [INFO] - Epoch:  216 | FVAL: 0.0621374
2019-07-24 14:15:05,173 - [INFO] - Epoch:  217 | FVAL: 0.0621315
2019-07-24 14:15:05,248 - [INFO] - Epoch:  218 | FVAL: 0.0621257
2019-07-24 14:15:05,322 - [INFO] - Epoch:  219 | FVAL: 0.0621200
2019-07-24 14:15:05,397 - [INFO] - Epoch:  220 | FVAL: 0.0621144
2019-07-24 14:15:05,472 - [INFO] - Epoch:  221 | FVAL: 0.0621089
2019-07-24 14:15:05,547 - [INFO] - Epoch:  222 | FVAL: 0.0621034
2019-07-24 14:15:05,622 - [INFO] - Epoch:  223 | FVAL: 0.0620980
2019-07-24 14:15:05,697 - [INFO] - Epoch:  224 | FVAL: 0.0620927
2019-07-24 14:15:05,772 - [INFO] - Epoch:  225 | FVAL: 0.0620875
2019-07-24 14:15:05,847 - [INFO] - Epoch:  226 | FVAL: 0.0620823
2019-07-24 14:15:05,922 - [INFO] - Epoch:  227 | FVAL: 0.0620772
2019-07-24 14:15:05,997 - [INFO] - Epoch:  228 | FVAL: 0.0620722
2019-07-24 14:15:06,072 - [INFO] - Epoch:  229 | FVAL: 0.0620673
2019-07-24 14:15:06,147 - [INFO] - Epoch:  230 | FVAL: 0.0620624
2019-07-24 14:15:06,222 - [INFO] - Epoch:  231 | FVAL: 0.0620576
2019-07-24 14:15:06,297 - [INFO] - Epoch:  232 | FVAL: 0.0620528
2019-07-24 14:15:06,372 - [INFO] - Epoch:  233 | FVAL: 0.0620482
2019-07-24 14:15:06,447 - [INFO] - Epoch:  234 | FVAL: 0.0620436
2019-07-24 14:15:06,522 - [INFO] - Epoch:  235 | FVAL: 0.0620390
2019-07-24 14:15:06,597 - [INFO] - Epoch:  236 | FVAL: 0.0620345
2019-07-24 14:15:06,672 - [INFO] - Epoch:  237 | FVAL: 0.0620301
2019-07-24 14:15:06,746 - [INFO] - Epoch:  238 | FVAL: 0.0620257
2019-07-24 14:15:06,822 - [INFO] - Epoch:  239 | FVAL: 0.0620214
2019-07-24 14:15:06,897 - [INFO] - Epoch:  240 | FVAL: 0.0620172
2019-07-24 14:15:06,972 - [INFO] - Epoch:  241 | FVAL: 0.0620130
2019-07-24 14:15:07,047 - [INFO] - Epoch:  242 | FVAL: 0.0620089
2019-07-24 14:15:07,122 - [INFO] - Epoch:  243 | FVAL: 0.0620048
2019-07-24 14:15:07,197 - [INFO] - Epoch:  244 | FVAL: 0.0620008
2019-07-24 14:15:07,272 - [INFO] - Epoch:  245 | FVAL: 0.0619968
2019-07-24 14:15:07,348 - [INFO] - Epoch:  246 | FVAL: 0.0619929
2019-07-24 14:15:07,423 - [INFO] - Epoch:  247 | FVAL: 0.0619891
2019-07-24 14:15:07,498 - [INFO] - Epoch:  248 | FVAL: 0.0619852
2019-07-24 14:15:07,573 - [INFO] - Epoch:  249 | FVAL: 0.0619815
2019-07-24 14:15:07,648 - [INFO] - Epoch:  250 | FVAL: 0.0619778
2019-07-24 14:15:07,723 - [INFO] - Epoch:  251 | FVAL: 0.0619741
2019-07-24 14:15:07,798 - [INFO] - Epoch:  252 | FVAL: 0.0619705
2019-07-24 14:15:07,873 - [INFO] - Epoch:  253 | FVAL: 0.0619670
2019-07-24 14:15:07,948 - [INFO] - Epoch:  254 | FVAL: 0.0619635
2019-07-24 14:15:08,023 - [INFO] - Epoch:  255 | FVAL: 0.0619600
2019-07-24 14:15:08,098 - [INFO] - Epoch:  256 | FVAL: 0.0619566
2019-07-24 14:15:08,173 - [INFO] - Epoch:  257 | FVAL: 0.0619532
2019-07-24 14:15:08,248 - [INFO] - Epoch:  258 | FVAL: 0.0619499
2019-07-24 14:15:08,323 - [INFO] - Epoch:  259 | FVAL: 0.0619466
2019-07-24 14:15:08,399 - [INFO] - Epoch:  260 | FVAL: 0.0619434
2019-07-24 14:15:08,474 - [INFO] - Epoch:  261 | FVAL: 0.0619402
2019-07-24 14:15:08,549 - [INFO] - Epoch:  262 | FVAL: 0.0619370
2019-07-24 14:15:08,624 - [INFO] - Epoch:  263 | FVAL: 0.0619339
2019-07-24 14:15:08,699 - [INFO] - Epoch:  264 | FVAL: 0.0619308
2019-07-24 14:15:08,774 - [INFO] - Epoch:  265 | FVAL: 0.0619278
2019-07-24 14:15:08,850 - [INFO] - Epoch:  266 | FVAL: 0.0619248
2019-07-24 14:15:08,925 - [INFO] - Epoch:  267 | FVAL: 0.0619219
2019-07-24 14:15:09,000 - [INFO] - Epoch:  268 | FVAL: 0.0619189
2019-07-24 14:15:09,075 - [INFO] - Epoch:  269 | FVAL: 0.0619161
2019-07-24 14:15:09,150 - [INFO] - Epoch:  270 | FVAL: 0.0619132
2019-07-24 14:15:09,225 - [INFO] - Epoch:  271 | FVAL: 0.0619104
2019-07-24 14:15:09,300 - [INFO] - Epoch:  272 | FVAL: 0.0619077
2019-07-24 14:15:09,376 - [INFO] - Epoch:  273 | FVAL: 0.0619049
2019-07-24 14:15:09,451 - [INFO] - Epoch:  274 | FVAL: 0.0619022
2019-07-24 14:15:09,526 - [INFO] - Epoch:  275 | FVAL: 0.0618996
2019-07-24 14:15:09,601 - [INFO] - Epoch:  276 | FVAL: 0.0618969
2019-07-24 14:15:09,676 - [INFO] - Epoch:  277 | FVAL: 0.0618943
2019-07-24 14:15:09,751 - [INFO] - Epoch:  278 | FVAL: 0.0618918
2019-07-24 14:15:09,827 - [INFO] - Epoch:  279 | FVAL: 0.0618893
2019-07-24 14:15:09,902 - [INFO] - Epoch:  280 | FVAL: 0.0618868
2019-07-24 14:15:09,977 - [INFO] - Epoch:  281 | FVAL: 0.0618843
2019-07-24 14:15:10,053 - [INFO] - Epoch:  282 | FVAL: 0.0618819
2019-07-24 14:15:10,128 - [INFO] - Epoch:  283 | FVAL: 0.0618795
2019-07-24 14:15:10,203 - [INFO] - Epoch:  284 | FVAL: 0.0618771
2019-07-24 14:15:10,278 - [INFO] - Epoch:  285 | FVAL: 0.0618748
2019-07-24 14:15:10,353 - [INFO] - Epoch:  286 | FVAL: 0.0618725
2019-07-24 14:15:10,428 - [INFO] - Epoch:  287 | FVAL: 0.0618702
2019-07-24 14:15:10,504 - [INFO] - Epoch:  288 | FVAL: 0.0618679
2019-07-24 14:15:10,579 - [INFO] - Epoch:  289 | FVAL: 0.0618657
2019-07-24 14:15:10,654 - [INFO] - Epoch:  290 | FVAL: 0.0618635
2019-07-24 14:15:10,729 - [INFO] - Epoch:  291 | FVAL: 0.0618613
2019-07-24 14:15:10,805 - [INFO] - Epoch:  292 | FVAL: 0.0618592
2019-07-24 14:15:10,880 - [INFO] - Epoch:  293 | FVAL: 0.0618571
2019-07-24 14:15:10,955 - [INFO] - Epoch:  294 | FVAL: 0.0618550
2019-07-24 14:15:11,030 - [INFO] - Epoch:  295 | FVAL: 0.0618530
2019-07-24 14:15:11,106 - [INFO] - Epoch:  296 | FVAL: 0.0618509
2019-07-24 14:15:11,181 - [INFO] - Epoch:  297 | FVAL: 0.0618489
2019-07-24 14:15:11,256 - [INFO] - Epoch:  298 | FVAL: 0.0618469
2019-07-24 14:15:11,331 - [INFO] - Epoch:  299 | FVAL: 0.0618450
2019-07-24 14:15:11,406 - [INFO] - Epoch:  300 | FVAL: 0.0618430
2019-07-24 14:15:11,482 - [INFO] - Epoch:  301 | FVAL: 0.0618411
2019-07-24 14:15:11,557 - [INFO] - Epoch:  302 | FVAL: 0.0618392
2019-07-24 14:15:11,632 - [INFO] - Epoch:  303 | FVAL: 0.0618374
2019-07-24 14:15:11,708 - [INFO] - Epoch:  304 | FVAL: 0.0618355
2019-07-24 14:15:11,783 - [INFO] - Epoch:  305 | FVAL: 0.0618337
2019-07-24 14:15:11,859 - [INFO] - Epoch:  306 | FVAL: 0.0618319
2019-07-24 14:15:11,934 - [INFO] - Epoch:  307 | FVAL: 0.0618302
2019-07-24 14:15:12,009 - [INFO] - Epoch:  308 | FVAL: 0.0618284
2019-07-24 14:15:12,085 - [INFO] - Epoch:  309 | FVAL: 0.0618267
2019-07-24 14:15:12,160 - [INFO] - Epoch:  310 | FVAL: 0.0618250
2019-07-24 14:15:12,235 - [INFO] - Epoch:  311 | FVAL: 0.0618233
2019-07-24 14:15:12,311 - [INFO] - Epoch:  312 | FVAL: 0.0618216
2019-07-24 14:15:12,386 - [INFO] - Epoch:  313 | FVAL: 0.0618200
2019-07-24 14:15:12,462 - [INFO] - Epoch:  314 | FVAL: 0.0618183
2019-07-24 14:15:12,537 - [INFO] - Epoch:  315 | FVAL: 0.0618167
2019-07-24 14:15:12,612 - [INFO] - Epoch:  316 | FVAL: 0.0618152
2019-07-24 14:15:12,688 - [INFO] - Epoch:  317 | FVAL: 0.0618136
2019-07-24 14:15:12,763 - [INFO] - Epoch:  318 | FVAL: 0.0618120
2019-07-24 14:15:12,838 - [INFO] - Epoch:  319 | FVAL: 0.0618105
2019-07-24 14:15:12,914 - [INFO] - Epoch:  320 | FVAL: 0.0618090
2019-07-24 14:15:12,989 - [INFO] - Epoch:  321 | FVAL: 0.0618075
2019-07-24 14:15:13,064 - [INFO] - Epoch:  322 | FVAL: 0.0618060
2019-07-24 14:15:13,140 - [INFO] - Epoch:  323 | FVAL: 0.0618046
2019-07-24 14:15:13,215 - [INFO] - Epoch:  324 | FVAL: 0.0618031
2019-07-24 14:15:13,290 - [INFO] - Epoch:  325 | FVAL: 0.0618017
2019-07-24 14:15:13,365 - [INFO] - Epoch:  326 | FVAL: 0.0618003
2019-07-24 14:15:13,441 - [INFO] - Epoch:  327 | FVAL: 0.0617989
2019-07-24 14:15:13,516 - [INFO] - Epoch:  328 | FVAL: 0.0617976
2019-07-24 14:15:13,592 - [INFO] - Epoch:  329 | FVAL: 0.0617962
2019-07-24 14:15:13,667 - [INFO] - Epoch:  330 | FVAL: 0.0617949
2019-07-24 14:15:13,742 - [INFO] - Epoch:  331 | FVAL: 0.0617936
2019-07-24 14:15:13,818 - [INFO] - Epoch:  332 | FVAL: 0.0617923
2019-07-24 14:15:13,893 - [INFO] - Epoch:  333 | FVAL: 0.0617910
2019-07-24 14:15:13,969 - [INFO] - Epoch:  334 | FVAL: 0.0617897
2019-07-24 14:15:14,044 - [INFO] - Epoch:  335 | FVAL: 0.0617884
2019-07-24 14:15:14,119 - [INFO] - Epoch:  336 | FVAL: 0.0617872
2019-07-24 14:15:14,195 - [INFO] - Epoch:  337 | FVAL: 0.0617860
2019-07-24 14:15:14,270 - [INFO] - Epoch:  338 | FVAL: 0.0617847
2019-07-24 14:15:14,346 - [INFO] - Epoch:  339 | FVAL: 0.0617836
2019-07-24 14:15:14,421 - [INFO] - Epoch:  340 | FVAL: 0.0617824
2019-07-24 14:15:14,496 - [INFO] - Epoch:  341 | FVAL: 0.0617812
2019-07-24 14:15:14,572 - [INFO] - Epoch:  342 | FVAL: 0.0617800
2019-07-24 14:15:14,647 - [INFO] - Epoch:  343 | FVAL: 0.0617789
2019-07-24 14:15:14,723 - [INFO] - Epoch:  344 | FVAL: 0.0617778
2019-07-24 14:15:14,798 - [INFO] - Epoch:  345 | FVAL: 0.0617767
2019-07-24 14:15:14,873 - [INFO] - Epoch:  346 | FVAL: 0.0617755
2019-07-24 14:15:14,949 - [INFO] - Epoch:  347 | FVAL: 0.0617745
2019-07-24 14:15:15,024 - [INFO] - Epoch:  348 | FVAL: 0.0617734
2019-07-24 14:15:15,100 - [INFO] - Epoch:  349 | FVAL: 0.0617723
2019-07-24 14:15:15,175 - [INFO] - Epoch:  350 | FVAL: 0.0617713
2019-07-24 14:15:15,251 - [INFO] - Epoch:  351 | FVAL: 0.0617702
2019-07-24 14:15:15,326 - [INFO] - Epoch:  352 | FVAL: 0.0617692
2019-07-24 14:15:15,402 - [INFO] - Epoch:  353 | FVAL: 0.0617682
2019-07-24 14:15:15,477 - [INFO] - Epoch:  354 | FVAL: 0.0617672
