2019-07-24 14:14:08,584 - [INFO] - rcsum-- N:271617 | d:8 | lambda:1e-06
2019-07-24 14:14:08,588 - [INFO] - Function value sequence convergence criteria.
2019-07-24 14:14:08,588 - [INFO] - Epoch:    0 | FVAL: 0.3465736
2019-07-24 14:14:08,660 - [INFO] - Epoch:    1 | FVAL: 0.2444523
2019-07-24 14:14:08,734 - [INFO] - Epoch:    2 | FVAL: 0.1834919
2019-07-24 14:14:08,808 - [INFO] - Epoch:    3 | FVAL: 0.1604129
2019-07-24 14:14:08,882 - [INFO] - Epoch:    4 | FVAL: 0.1443166
2019-07-24 14:14:08,956 - [INFO] - Epoch:    5 | FVAL: 0.1326327
2019-07-24 14:14:09,030 - [INFO] - Epoch:    6 | FVAL: 0.1241612
2019-07-24 14:14:09,103 - [INFO] - Epoch:    7 | FVAL: 0.1170256
2019-07-24 14:14:09,177 - [INFO] - Epoch:    8 | FVAL: 0.1115401
2019-07-24 14:14:09,251 - [INFO] - Epoch:    9 | FVAL: 0.1069406
2019-07-24 14:14:09,325 - [INFO] - Epoch:   10 | FVAL: 0.1033254
2019-07-24 14:14:09,399 - [INFO] - Epoch:   11 | FVAL: 0.1001620
2019-07-24 14:14:09,473 - [INFO] - Epoch:   12 | FVAL: 0.0974146
2019-07-24 14:14:09,547 - [INFO] - Epoch:   13 | FVAL: 0.0949727
2019-07-24 14:14:09,621 - [INFO] - Epoch:   14 | FVAL: 0.0928346
2019-07-24 14:14:09,695 - [INFO] - Epoch:   15 | FVAL: 0.0908736
2019-07-24 14:14:09,769 - [INFO] - Epoch:   16 | FVAL: 0.0891377
2019-07-24 14:14:09,843 - [INFO] - Epoch:   17 | FVAL: 0.0875880
2019-07-24 14:14:09,917 - [INFO] - Epoch:   18 | FVAL: 0.0862121
2019-07-24 14:14:09,991 - [INFO] - Epoch:   19 | FVAL: 0.0849293
2019-07-24 14:14:10,065 - [INFO] - Epoch:   20 | FVAL: 0.0837622
2019-07-24 14:14:10,139 - [INFO] - Epoch:   21 | FVAL: 0.0826924
2019-07-24 14:14:10,213 - [INFO] - Epoch:   22 | FVAL: 0.0817123
2019-07-24 14:14:10,286 - [INFO] - Epoch:   23 | FVAL: 0.0808105
2019-07-24 14:14:10,360 - [INFO] - Epoch:   24 | FVAL: 0.0799828
2019-07-24 14:14:10,434 - [INFO] - Epoch:   25 | FVAL: 0.0792065
2019-07-24 14:14:10,508 - [INFO] - Epoch:   26 | FVAL: 0.0784851
2019-07-24 14:14:10,582 - [INFO] - Epoch:   27 | FVAL: 0.0778195
2019-07-24 14:14:10,656 - [INFO] - Epoch:   28 | FVAL: 0.0771854
2019-07-24 14:14:10,730 - [INFO] - Epoch:   29 | FVAL: 0.0765936
2019-07-24 14:14:10,804 - [INFO] - Epoch:   30 | FVAL: 0.0760375
2019-07-24 14:14:10,878 - [INFO] - Epoch:   31 | FVAL: 0.0755130
2019-07-24 14:14:10,952 - [INFO] - Epoch:   32 | FVAL: 0.0750212
2019-07-24 14:14:11,026 - [INFO] - Epoch:   33 | FVAL: 0.0745610
2019-07-24 14:14:11,100 - [INFO] - Epoch:   34 | FVAL: 0.0741285
2019-07-24 14:14:11,174 - [INFO] - Epoch:   35 | FVAL: 0.0737081
2019-07-24 14:14:11,248 - [INFO] - Epoch:   36 | FVAL: 0.0733170
2019-07-24 14:14:11,322 - [INFO] - Epoch:   37 | FVAL: 0.0729398
2019-07-24 14:14:11,396 - [INFO] - Epoch:   38 | FVAL: 0.0725813
2019-07-24 14:14:11,470 - [INFO] - Epoch:   39 | FVAL: 0.0722444
2019-07-24 14:14:11,545 - [INFO] - Epoch:   40 | FVAL: 0.0719222
2019-07-24 14:14:11,619 - [INFO] - Epoch:   41 | FVAL: 0.0716128
2019-07-24 14:14:11,693 - [INFO] - Epoch:   42 | FVAL: 0.0713176
2019-07-24 14:14:11,767 - [INFO] - Epoch:   43 | FVAL: 0.0710382
2019-07-24 14:14:11,841 - [INFO] - Epoch:   44 | FVAL: 0.0707680
2019-07-24 14:14:11,915 - [INFO] - Epoch:   45 | FVAL: 0.0705087
2019-07-24 14:14:11,990 - [INFO] - Epoch:   46 | FVAL: 0.0702630
2019-07-24 14:14:12,064 - [INFO] - Epoch:   47 | FVAL: 0.0700253
2019-07-24 14:14:12,138 - [INFO] - Epoch:   48 | FVAL: 0.0698010
2019-07-24 14:14:12,212 - [INFO] - Epoch:   49 | FVAL: 0.0695816
2019-07-24 14:14:12,286 - [INFO] - Epoch:   50 | FVAL: 0.0693759
2019-07-24 14:14:12,359 - [INFO] - Epoch:   51 | FVAL: 0.0691728
2019-07-24 14:14:12,433 - [INFO] - Epoch:   52 | FVAL: 0.0689779
2019-07-24 14:14:12,507 - [INFO] - Epoch:   53 | FVAL: 0.0687912
2019-07-24 14:14:12,581 - [INFO] - Epoch:   54 | FVAL: 0.0686150
2019-07-24 14:14:12,654 - [INFO] - Epoch:   55 | FVAL: 0.0684411
2019-07-24 14:14:12,728 - [INFO] - Epoch:   56 | FVAL: 0.0682744
2019-07-24 14:14:12,802 - [INFO] - Epoch:   57 | FVAL: 0.0681160
2019-07-24 14:14:12,875 - [INFO] - Epoch:   58 | FVAL: 0.0679614
2019-07-24 14:14:12,949 - [INFO] - Epoch:   59 | FVAL: 0.0678107
2019-07-24 14:14:13,023 - [INFO] - Epoch:   60 | FVAL: 0.0676661
2019-07-24 14:14:13,097 - [INFO] - Epoch:   61 | FVAL: 0.0675262
2019-07-24 14:14:13,170 - [INFO] - Epoch:   62 | FVAL: 0.0673895
2019-07-24 14:14:13,244 - [INFO] - Epoch:   63 | FVAL: 0.0672577
2019-07-24 14:14:13,318 - [INFO] - Epoch:   64 | FVAL: 0.0671306
2019-07-24 14:14:13,391 - [INFO] - Epoch:   65 | FVAL: 0.0670082
2019-07-24 14:14:13,465 - [INFO] - Epoch:   66 | FVAL: 0.0668882
2019-07-24 14:14:13,539 - [INFO] - Epoch:   67 | FVAL: 0.0667729
2019-07-24 14:14:13,613 - [INFO] - Epoch:   68 | FVAL: 0.0666615
2019-07-24 14:14:13,687 - [INFO] - Epoch:   69 | FVAL: 0.0665527
2019-07-24 14:14:13,760 - [INFO] - Epoch:   70 | FVAL: 0.0664472
2019-07-24 14:14:13,834 - [INFO] - Epoch:   71 | FVAL: 0.0663448
2019-07-24 14:14:13,908 - [INFO] - Epoch:   72 | FVAL: 0.0662462
2019-07-24 14:14:13,982 - [INFO] - Epoch:   73 | FVAL: 0.0661494
2019-07-24 14:14:14,056 - [INFO] - Epoch:   74 | FVAL: 0.0660552
2019-07-24 14:14:14,129 - [INFO] - Epoch:   75 | FVAL: 0.0659645
2019-07-24 14:14:14,203 - [INFO] - Epoch:   76 | FVAL: 0.0658757
2019-07-24 14:14:14,277 - [INFO] - Epoch:   77 | FVAL: 0.0657906
2019-07-24 14:14:14,351 - [INFO] - Epoch:   78 | FVAL: 0.0657066
2019-07-24 14:14:14,425 - [INFO] - Epoch:   79 | FVAL: 0.0656251
2019-07-24 14:14:14,499 - [INFO] - Epoch:   80 | FVAL: 0.0655462
2019-07-24 14:14:14,573 - [INFO] - Epoch:   81 | FVAL: 0.0654688
2019-07-24 14:14:14,647 - [INFO] - Epoch:   82 | FVAL: 0.0653937
2019-07-24 14:14:14,720 - [INFO] - Epoch:   83 | FVAL: 0.0653204
2019-07-24 14:14:14,794 - [INFO] - Epoch:   84 | FVAL: 0.0652496
2019-07-24 14:14:14,868 - [INFO] - Epoch:   85 | FVAL: 0.0651804
2019-07-24 14:14:14,942 - [INFO] - Epoch:   86 | FVAL: 0.0651131
2019-07-24 14:14:15,016 - [INFO] - Epoch:   87 | FVAL: 0.0650475
2019-07-24 14:14:15,090 - [INFO] - Epoch:   88 | FVAL: 0.0649831
2019-07-24 14:14:15,164 - [INFO] - Epoch:   89 | FVAL: 0.0649206
2019-07-24 14:14:15,238 - [INFO] - Epoch:   90 | FVAL: 0.0648599
2019-07-24 14:14:15,312 - [INFO] - Epoch:   91 | FVAL: 0.0648006
2019-07-24 14:14:15,385 - [INFO] - Epoch:   92 | FVAL: 0.0647426
2019-07-24 14:14:15,459 - [INFO] - Epoch:   93 | FVAL: 0.0646857
2019-07-24 14:14:15,533 - [INFO] - Epoch:   94 | FVAL: 0.0646301
2019-07-24 14:14:15,607 - [INFO] - Epoch:   95 | FVAL: 0.0645764
2019-07-24 14:14:15,681 - [INFO] - Epoch:   96 | FVAL: 0.0645237
2019-07-24 14:14:15,755 - [INFO] - Epoch:   97 | FVAL: 0.0644721
2019-07-24 14:14:15,829 - [INFO] - Epoch:   98 | FVAL: 0.0644218
2019-07-24 14:14:15,903 - [INFO] - Epoch:   99 | FVAL: 0.0643730
2019-07-24 14:14:15,977 - [INFO] - Epoch:  100 | FVAL: 0.0643249
2019-07-24 14:14:16,051 - [INFO] - Epoch:  101 | FVAL: 0.0642778
2019-07-24 14:14:16,125 - [INFO] - Epoch:  102 | FVAL: 0.0642323
2019-07-24 14:14:16,199 - [INFO] - Epoch:  103 | FVAL: 0.0641878
2019-07-24 14:14:16,273 - [INFO] - Epoch:  104 | FVAL: 0.0641442
2019-07-24 14:14:16,346 - [INFO] - Epoch:  105 | FVAL: 0.0641012
2019-07-24 14:14:16,420 - [INFO] - Epoch:  106 | FVAL: 0.0640591
2019-07-24 14:14:16,494 - [INFO] - Epoch:  107 | FVAL: 0.0640179
2019-07-24 14:14:16,568 - [INFO] - Epoch:  108 | FVAL: 0.0639781
2019-07-24 14:14:16,642 - [INFO] - Epoch:  109 | FVAL: 0.0639388
2019-07-24 14:14:16,716 - [INFO] - Epoch:  110 | FVAL: 0.0639003
2019-07-24 14:14:16,790 - [INFO] - Epoch:  111 | FVAL: 0.0638628
2019-07-24 14:14:16,864 - [INFO] - Epoch:  112 | FVAL: 0.0638260
2019-07-24 14:14:16,938 - [INFO] - Epoch:  113 | FVAL: 0.0637901
2019-07-24 14:14:17,013 - [INFO] - Epoch:  114 | FVAL: 0.0637548
2019-07-24 14:14:17,087 - [INFO] - Epoch:  115 | FVAL: 0.0637206
2019-07-24 14:14:17,161 - [INFO] - Epoch:  116 | FVAL: 0.0636867
2019-07-24 14:14:17,235 - [INFO] - Epoch:  117 | FVAL: 0.0636539
2019-07-24 14:14:17,309 - [INFO] - Epoch:  118 | FVAL: 0.0636216
2019-07-24 14:14:17,383 - [INFO] - Epoch:  119 | FVAL: 0.0635897
2019-07-24 14:14:17,457 - [INFO] - Epoch:  120 | FVAL: 0.0635586
2019-07-24 14:14:17,531 - [INFO] - Epoch:  121 | FVAL: 0.0635280
2019-07-24 14:14:17,605 - [INFO] - Epoch:  122 | FVAL: 0.0634981
2019-07-24 14:14:17,679 - [INFO] - Epoch:  123 | FVAL: 0.0634687
2019-07-24 14:14:17,753 - [INFO] - Epoch:  124 | FVAL: 0.0634401
2019-07-24 14:14:17,827 - [INFO] - Epoch:  125 | FVAL: 0.0634119
2019-07-24 14:14:17,901 - [INFO] - Epoch:  126 | FVAL: 0.0633845
2019-07-24 14:14:17,975 - [INFO] - Epoch:  127 | FVAL: 0.0633574
2019-07-24 14:14:18,049 - [INFO] - Epoch:  128 | FVAL: 0.0633308
2019-07-24 14:14:18,123 - [INFO] - Epoch:  129 | FVAL: 0.0633048
2019-07-24 14:14:18,197 - [INFO] - Epoch:  130 | FVAL: 0.0632793
2019-07-24 14:14:18,271 - [INFO] - Epoch:  131 | FVAL: 0.0632542
2019-07-24 14:14:18,345 - [INFO] - Epoch:  132 | FVAL: 0.0632296
2019-07-24 14:14:18,419 - [INFO] - Epoch:  133 | FVAL: 0.0632055
2019-07-24 14:14:18,493 - [INFO] - Epoch:  134 | FVAL: 0.0631819
2019-07-24 14:14:18,567 - [INFO] - Epoch:  135 | FVAL: 0.0631588
2019-07-24 14:14:18,641 - [INFO] - Epoch:  136 | FVAL: 0.0631360
2019-07-24 14:14:18,715 - [INFO] - Epoch:  137 | FVAL: 0.0631136
2019-07-24 14:14:18,790 - [INFO] - Epoch:  138 | FVAL: 0.0630918
2019-07-24 14:14:18,864 - [INFO] - Epoch:  139 | FVAL: 0.0630702
2019-07-24 14:14:18,938 - [INFO] - Epoch:  140 | FVAL: 0.0630491
2019-07-24 14:14:19,012 - [INFO] - Epoch:  141 | FVAL: 0.0630283
2019-07-24 14:14:19,086 - [INFO] - Epoch:  142 | FVAL: 0.0630079
2019-07-24 14:14:19,160 - [INFO] - Epoch:  143 | FVAL: 0.0629879
2019-07-24 14:14:19,234 - [INFO] - Epoch:  144 | FVAL: 0.0629683
2019-07-24 14:14:19,308 - [INFO] - Epoch:  145 | FVAL: 0.0629490
2019-07-24 14:14:19,382 - [INFO] - Epoch:  146 | FVAL: 0.0629301
2019-07-24 14:14:19,456 - [INFO] - Epoch:  147 | FVAL: 0.0629115
2019-07-24 14:14:19,531 - [INFO] - Epoch:  148 | FVAL: 0.0628932
2019-07-24 14:14:19,605 - [INFO] - Epoch:  149 | FVAL: 0.0628753
2019-07-24 14:14:19,679 - [INFO] - Epoch:  150 | FVAL: 0.0628577
2019-07-24 14:14:19,753 - [INFO] - Epoch:  151 | FVAL: 0.0628404
2019-07-24 14:14:19,827 - [INFO] - Epoch:  152 | FVAL: 0.0628233
2019-07-24 14:14:19,901 - [INFO] - Epoch:  153 | FVAL: 0.0628067
2019-07-24 14:14:19,976 - [INFO] - Epoch:  154 | FVAL: 0.0627904
2019-07-24 14:14:20,050 - [INFO] - Epoch:  155 | FVAL: 0.0627743
2019-07-24 14:14:20,124 - [INFO] - Epoch:  156 | FVAL: 0.0627584
2019-07-24 14:14:20,198 - [INFO] - Epoch:  157 | FVAL: 0.0627428
2019-07-24 14:14:20,273 - [INFO] - Epoch:  158 | FVAL: 0.0627275
2019-07-24 14:14:20,347 - [INFO] - Epoch:  159 | FVAL: 0.0627124
2019-07-24 14:14:20,421 - [INFO] - Epoch:  160 | FVAL: 0.0626975
2019-07-24 14:14:20,495 - [INFO] - Epoch:  161 | FVAL: 0.0626829
2019-07-24 14:14:20,569 - [INFO] - Epoch:  162 | FVAL: 0.0626686
2019-07-24 14:14:20,643 - [INFO] - Epoch:  163 | FVAL: 0.0626545
2019-07-24 14:14:20,718 - [INFO] - Epoch:  164 | FVAL: 0.0626407
2019-07-24 14:14:20,792 - [INFO] - Epoch:  165 | FVAL: 0.0626272
2019-07-24 14:14:20,866 - [INFO] - Epoch:  166 | FVAL: 0.0626138
2019-07-24 14:14:20,941 - [INFO] - Epoch:  167 | FVAL: 0.0626006
2019-07-24 14:14:21,015 - [INFO] - Epoch:  168 | FVAL: 0.0625877
2019-07-24 14:14:21,089 - [INFO] - Epoch:  169 | FVAL: 0.0625749
2019-07-24 14:14:21,163 - [INFO] - Epoch:  170 | FVAL: 0.0625623
2019-07-24 14:14:21,237 - [INFO] - Epoch:  171 | FVAL: 0.0625500
2019-07-24 14:14:21,311 - [INFO] - Epoch:  172 | FVAL: 0.0625378
2019-07-24 14:14:21,386 - [INFO] - Epoch:  173 | FVAL: 0.0625259
2019-07-24 14:14:21,460 - [INFO] - Epoch:  174 | FVAL: 0.0625141
2019-07-24 14:14:21,534 - [INFO] - Epoch:  175 | FVAL: 0.0625026
2019-07-24 14:14:21,608 - [INFO] - Epoch:  176 | FVAL: 0.0624913
2019-07-24 14:14:21,683 - [INFO] - Epoch:  177 | FVAL: 0.0624801
2019-07-24 14:14:21,757 - [INFO] - Epoch:  178 | FVAL: 0.0624691
2019-07-24 14:14:21,831 - [INFO] - Epoch:  179 | FVAL: 0.0624583
2019-07-24 14:14:21,906 - [INFO] - Epoch:  180 | FVAL: 0.0624476
2019-07-24 14:14:21,980 - [INFO] - Epoch:  181 | FVAL: 0.0624371
2019-07-24 14:14:22,055 - [INFO] - Epoch:  182 | FVAL: 0.0624268
2019-07-24 14:14:22,129 - [INFO] - Epoch:  183 | FVAL: 0.0624166
2019-07-24 14:14:22,203 - [INFO] - Epoch:  184 | FVAL: 0.0624066
2019-07-24 14:14:22,278 - [INFO] - Epoch:  185 | FVAL: 0.0623967
2019-07-24 14:14:22,352 - [INFO] - Epoch:  186 | FVAL: 0.0623870
2019-07-24 14:14:22,426 - [INFO] - Epoch:  187 | FVAL: 0.0623774
2019-07-24 14:14:22,501 - [INFO] - Epoch:  188 | FVAL: 0.0623681
2019-07-24 14:14:22,575 - [INFO] - Epoch:  189 | FVAL: 0.0623588
2019-07-24 14:14:22,649 - [INFO] - Epoch:  190 | FVAL: 0.0623497
2019-07-24 14:14:22,724 - [INFO] - Epoch:  191 | FVAL: 0.0623407
2019-07-24 14:14:22,798 - [INFO] - Epoch:  192 | FVAL: 0.0623319
2019-07-24 14:14:22,872 - [INFO] - Epoch:  193 | FVAL: 0.0623232
2019-07-24 14:14:22,947 - [INFO] - Epoch:  194 | FVAL: 0.0623146
2019-07-24 14:14:23,021 - [INFO] - Epoch:  195 | FVAL: 0.0623062
2019-07-24 14:14:23,095 - [INFO] - Epoch:  196 | FVAL: 0.0622979
2019-07-24 14:14:23,169 - [INFO] - Epoch:  197 | FVAL: 0.0622897
2019-07-24 14:14:23,244 - [INFO] - Epoch:  198 | FVAL: 0.0622816
2019-07-24 14:14:23,318 - [INFO] - Epoch:  199 | FVAL: 0.0622737
2019-07-24 14:14:23,392 - [INFO] - Epoch:  200 | FVAL: 0.0622659
2019-07-24 14:14:23,467 - [INFO] - Epoch:  201 | FVAL: 0.0622581
2019-07-24 14:14:23,541 - [INFO] - Epoch:  202 | FVAL: 0.0622505
2019-07-24 14:14:23,615 - [INFO] - Epoch:  203 | FVAL: 0.0622430
2019-07-24 14:14:23,690 - [INFO] - Epoch:  204 | FVAL: 0.0622357
2019-07-24 14:14:23,764 - [INFO] - Epoch:  205 | FVAL: 0.0622284
2019-07-24 14:14:23,838 - [INFO] - Epoch:  206 | FVAL: 0.0622213
2019-07-24 14:14:23,913 - [INFO] - Epoch:  207 | FVAL: 0.0622142
2019-07-24 14:14:23,987 - [INFO] - Epoch:  208 | FVAL: 0.0622073
2019-07-24 14:14:24,061 - [INFO] - Epoch:  209 | FVAL: 0.0622005
2019-07-24 14:14:24,136 - [INFO] - Epoch:  210 | FVAL: 0.0621937
2019-07-24 14:14:24,210 - [INFO] - Epoch:  211 | FVAL: 0.0621870
2019-07-24 14:14:24,284 - [INFO] - Epoch:  212 | FVAL: 0.0621805
2019-07-24 14:14:24,359 - [INFO] - Epoch:  213 | FVAL: 0.0621740
2019-07-24 14:14:24,433 - [INFO] - Epoch:  214 | FVAL: 0.0621677
2019-07-24 14:14:24,508 - [INFO] - Epoch:  215 | FVAL: 0.0621614
2019-07-24 14:14:24,582 - [INFO] - Epoch:  216 | FVAL: 0.0621553
2019-07-24 14:14:24,657 - [INFO] - Epoch:  217 | FVAL: 0.0621492
2019-07-24 14:14:24,731 - [INFO] - Epoch:  218 | FVAL: 0.0621431
2019-07-24 14:14:24,805 - [INFO] - Epoch:  219 | FVAL: 0.0621372
2019-07-24 14:14:24,880 - [INFO] - Epoch:  220 | FVAL: 0.0621314
2019-07-24 14:14:24,954 - [INFO] - Epoch:  221 | FVAL: 0.0621257
2019-07-24 14:14:25,029 - [INFO] - Epoch:  222 | FVAL: 0.0621200
2019-07-24 14:14:25,103 - [INFO] - Epoch:  223 | FVAL: 0.0621144
2019-07-24 14:14:25,177 - [INFO] - Epoch:  224 | FVAL: 0.0621089
2019-07-24 14:14:25,252 - [INFO] - Epoch:  225 | FVAL: 0.0621035
2019-07-24 14:14:25,326 - [INFO] - Epoch:  226 | FVAL: 0.0620982
2019-07-24 14:14:25,401 - [INFO] - Epoch:  227 | FVAL: 0.0620929
2019-07-24 14:14:25,475 - [INFO] - Epoch:  228 | FVAL: 0.0620877
2019-07-24 14:14:25,550 - [INFO] - Epoch:  229 | FVAL: 0.0620825
2019-07-24 14:14:25,624 - [INFO] - Epoch:  230 | FVAL: 0.0620775
2019-07-24 14:14:25,699 - [INFO] - Epoch:  231 | FVAL: 0.0620725
2019-07-24 14:14:25,773 - [INFO] - Epoch:  232 | FVAL: 0.0620676
2019-07-24 14:14:25,848 - [INFO] - Epoch:  233 | FVAL: 0.0620627
2019-07-24 14:14:25,923 - [INFO] - Epoch:  234 | FVAL: 0.0620579
2019-07-24 14:14:25,997 - [INFO] - Epoch:  235 | FVAL: 0.0620532
2019-07-24 14:14:26,072 - [INFO] - Epoch:  236 | FVAL: 0.0620485
2019-07-24 14:14:26,146 - [INFO] - Epoch:  237 | FVAL: 0.0620439
2019-07-24 14:14:26,221 - [INFO] - Epoch:  238 | FVAL: 0.0620394
2019-07-24 14:14:26,295 - [INFO] - Epoch:  239 | FVAL: 0.0620349
2019-07-24 14:14:26,370 - [INFO] - Epoch:  240 | FVAL: 0.0620305
2019-07-24 14:14:26,444 - [INFO] - Epoch:  241 | FVAL: 0.0620262
2019-07-24 14:14:26,519 - [INFO] - Epoch:  242 | FVAL: 0.0620219
2019-07-24 14:14:26,594 - [INFO] - Epoch:  243 | FVAL: 0.0620177
2019-07-24 14:14:26,668 - [INFO] - Epoch:  244 | FVAL: 0.0620135
2019-07-24 14:14:26,743 - [INFO] - Epoch:  245 | FVAL: 0.0620094
2019-07-24 14:14:26,818 - [INFO] - Epoch:  246 | FVAL: 0.0620053
2019-07-24 14:14:26,892 - [INFO] - Epoch:  247 | FVAL: 0.0620013
2019-07-24 14:14:26,967 - [INFO] - Epoch:  248 | FVAL: 0.0619974
2019-07-24 14:14:27,042 - [INFO] - Epoch:  249 | FVAL: 0.0619935
2019-07-24 14:14:27,117 - [INFO] - Epoch:  250 | FVAL: 0.0619897
2019-07-24 14:14:27,191 - [INFO] - Epoch:  251 | FVAL: 0.0619859
2019-07-24 14:14:27,266 - [INFO] - Epoch:  252 | FVAL: 0.0619822
2019-07-24 14:14:27,340 - [INFO] - Epoch:  253 | FVAL: 0.0619785
2019-07-24 14:14:27,415 - [INFO] - Epoch:  254 | FVAL: 0.0619748
2019-07-24 14:14:27,490 - [INFO] - Epoch:  255 | FVAL: 0.0619712
2019-07-24 14:14:27,564 - [INFO] - Epoch:  256 | FVAL: 0.0619677
2019-07-24 14:14:27,639 - [INFO] - Epoch:  257 | FVAL: 0.0619642
2019-07-24 14:14:27,714 - [INFO] - Epoch:  258 | FVAL: 0.0619608
2019-07-24 14:14:27,788 - [INFO] - Epoch:  259 | FVAL: 0.0619574
2019-07-24 14:14:27,863 - [INFO] - Epoch:  260 | FVAL: 0.0619540
2019-07-24 14:14:27,937 - [INFO] - Epoch:  261 | FVAL: 0.0619507
2019-07-24 14:14:28,012 - [INFO] - Epoch:  262 | FVAL: 0.0619474
2019-07-24 14:14:28,087 - [INFO] - Epoch:  263 | FVAL: 0.0619442
2019-07-24 14:14:28,161 - [INFO] - Epoch:  264 | FVAL: 0.0619410
2019-07-24 14:14:28,236 - [INFO] - Epoch:  265 | FVAL: 0.0619379
2019-07-24 14:14:28,311 - [INFO] - Epoch:  266 | FVAL: 0.0619348
2019-07-24 14:14:28,385 - [INFO] - Epoch:  267 | FVAL: 0.0619317
2019-07-24 14:14:28,460 - [INFO] - Epoch:  268 | FVAL: 0.0619287
2019-07-24 14:14:28,535 - [INFO] - Epoch:  269 | FVAL: 0.0619257
2019-07-24 14:14:28,609 - [INFO] - Epoch:  270 | FVAL: 0.0619228
2019-07-24 14:14:28,684 - [INFO] - Epoch:  271 | FVAL: 0.0619199
2019-07-24 14:14:28,759 - [INFO] - Epoch:  272 | FVAL: 0.0619170
2019-07-24 14:14:28,834 - [INFO] - Epoch:  273 | FVAL: 0.0619141
2019-07-24 14:14:28,908 - [INFO] - Epoch:  274 | FVAL: 0.0619113
2019-07-24 14:14:28,983 - [INFO] - Epoch:  275 | FVAL: 0.0619086
2019-07-24 14:14:29,058 - [INFO] - Epoch:  276 | FVAL: 0.0619059
2019-07-24 14:14:29,133 - [INFO] - Epoch:  277 | FVAL: 0.0619032
2019-07-24 14:14:29,207 - [INFO] - Epoch:  278 | FVAL: 0.0619005
2019-07-24 14:14:29,282 - [INFO] - Epoch:  279 | FVAL: 0.0618979
2019-07-24 14:14:29,357 - [INFO] - Epoch:  280 | FVAL: 0.0618953
2019-07-24 14:14:29,431 - [INFO] - Epoch:  281 | FVAL: 0.0618927
2019-07-24 14:14:29,506 - [INFO] - Epoch:  282 | FVAL: 0.0618902
2019-07-24 14:14:29,581 - [INFO] - Epoch:  283 | FVAL: 0.0618877
2019-07-24 14:14:29,656 - [INFO] - Epoch:  284 | FVAL: 0.0618852
2019-07-24 14:14:29,730 - [INFO] - Epoch:  285 | FVAL: 0.0618828
2019-07-24 14:14:29,805 - [INFO] - Epoch:  286 | FVAL: 0.0618804
2019-07-24 14:14:29,880 - [INFO] - Epoch:  287 | FVAL: 0.0618780
2019-07-24 14:14:29,955 - [INFO] - Epoch:  288 | FVAL: 0.0618757
2019-07-24 14:14:30,029 - [INFO] - Epoch:  289 | FVAL: 0.0618734
2019-07-24 14:14:30,104 - [INFO] - Epoch:  290 | FVAL: 0.0618711
2019-07-24 14:14:30,179 - [INFO] - Epoch:  291 | FVAL: 0.0618689
2019-07-24 14:14:30,254 - [INFO] - Epoch:  292 | FVAL: 0.0618667
2019-07-24 14:14:30,329 - [INFO] - Epoch:  293 | FVAL: 0.0618645
2019-07-24 14:14:30,403 - [INFO] - Epoch:  294 | FVAL: 0.0618623
2019-07-24 14:14:30,478 - [INFO] - Epoch:  295 | FVAL: 0.0618602
2019-07-24 14:14:30,553 - [INFO] - Epoch:  296 | FVAL: 0.0618581
2019-07-24 14:14:30,628 - [INFO] - Epoch:  297 | FVAL: 0.0618560
2019-07-24 14:14:30,703 - [INFO] - Epoch:  298 | FVAL: 0.0618539
2019-07-24 14:14:30,777 - [INFO] - Epoch:  299 | FVAL: 0.0618519
2019-07-24 14:14:30,852 - [INFO] - Epoch:  300 | FVAL: 0.0618498
2019-07-24 14:14:30,927 - [INFO] - Epoch:  301 | FVAL: 0.0618479
2019-07-24 14:14:31,002 - [INFO] - Epoch:  302 | FVAL: 0.0618459
2019-07-24 14:14:31,077 - [INFO] - Epoch:  303 | FVAL: 0.0618440
2019-07-24 14:14:31,152 - [INFO] - Epoch:  304 | FVAL: 0.0618421
2019-07-24 14:14:31,226 - [INFO] - Epoch:  305 | FVAL: 0.0618402
2019-07-24 14:14:31,301 - [INFO] - Epoch:  306 | FVAL: 0.0618383
2019-07-24 14:14:31,376 - [INFO] - Epoch:  307 | FVAL: 0.0618365
2019-07-24 14:14:31,451 - [INFO] - Epoch:  308 | FVAL: 0.0618346
2019-07-24 14:14:31,526 - [INFO] - Epoch:  309 | FVAL: 0.0618328
2019-07-24 14:14:31,601 - [INFO] - Epoch:  310 | FVAL: 0.0618311
2019-07-24 14:14:31,675 - [INFO] - Epoch:  311 | FVAL: 0.0618293
2019-07-24 14:14:31,750 - [INFO] - Epoch:  312 | FVAL: 0.0618276
2019-07-24 14:14:31,825 - [INFO] - Epoch:  313 | FVAL: 0.0618259
2019-07-24 14:14:31,900 - [INFO] - Epoch:  314 | FVAL: 0.0618242
2019-07-24 14:14:31,975 - [INFO] - Epoch:  315 | FVAL: 0.0618225
2019-07-24 14:14:32,050 - [INFO] - Epoch:  316 | FVAL: 0.0618209
2019-07-24 14:14:32,126 - [INFO] - Epoch:  317 | FVAL: 0.0618193
2019-07-24 14:14:32,201 - [INFO] - Epoch:  318 | FVAL: 0.0618176
2019-07-24 14:14:32,275 - [INFO] - Epoch:  319 | FVAL: 0.0618161
2019-07-24 14:14:32,350 - [INFO] - Epoch:  320 | FVAL: 0.0618145
2019-07-24 14:14:32,425 - [INFO] - Epoch:  321 | FVAL: 0.0618129
2019-07-24 14:14:32,500 - [INFO] - Epoch:  322 | FVAL: 0.0618114
2019-07-24 14:14:32,575 - [INFO] - Epoch:  323 | FVAL: 0.0618099
2019-07-24 14:14:32,650 - [INFO] - Epoch:  324 | FVAL: 0.0618084
2019-07-24 14:14:32,725 - [INFO] - Epoch:  325 | FVAL: 0.0618069
2019-07-24 14:14:32,800 - [INFO] - Epoch:  326 | FVAL: 0.0618055
2019-07-24 14:14:32,874 - [INFO] - Epoch:  327 | FVAL: 0.0618040
2019-07-24 14:14:32,949 - [INFO] - Epoch:  328 | FVAL: 0.0618026
2019-07-24 14:14:33,024 - [INFO] - Epoch:  329 | FVAL: 0.0618012
2019-07-24 14:14:33,099 - [INFO] - Epoch:  330 | FVAL: 0.0617998
2019-07-24 14:14:33,174 - [INFO] - Epoch:  331 | FVAL: 0.0617984
2019-07-24 14:14:33,249 - [INFO] - Epoch:  332 | FVAL: 0.0617971
2019-07-24 14:14:33,324 - [INFO] - Epoch:  333 | FVAL: 0.0617957
2019-07-24 14:14:33,399 - [INFO] - Epoch:  334 | FVAL: 0.0617944
2019-07-24 14:14:33,474 - [INFO] - Epoch:  335 | FVAL: 0.0617931
2019-07-24 14:14:33,549 - [INFO] - Epoch:  336 | FVAL: 0.0617918
2019-07-24 14:14:33,624 - [INFO] - Epoch:  337 | FVAL: 0.0617905
2019-07-24 14:14:33,699 - [INFO] - Epoch:  338 | FVAL: 0.0617893
2019-07-24 14:14:33,774 - [INFO] - Epoch:  339 | FVAL: 0.0617880
2019-07-24 14:14:33,849 - [INFO] - Epoch:  340 | FVAL: 0.0617868
2019-07-24 14:14:33,923 - [INFO] - Epoch:  341 | FVAL: 0.0617856
2019-07-24 14:14:33,998 - [INFO] - Epoch:  342 | FVAL: 0.0617844
2019-07-24 14:14:34,073 - [INFO] - Epoch:  343 | FVAL: 0.0617832
2019-07-24 14:14:34,148 - [INFO] - Epoch:  344 | FVAL: 0.0617820
2019-07-24 14:14:34,223 - [INFO] - Epoch:  345 | FVAL: 0.0617809
2019-07-24 14:14:34,298 - [INFO] - Epoch:  346 | FVAL: 0.0617797
2019-07-24 14:14:34,373 - [INFO] - Epoch:  347 | FVAL: 0.0617786
2019-07-24 14:14:34,449 - [INFO] - Epoch:  348 | FVAL: 0.0617775
2019-07-24 14:14:34,524 - [INFO] - Epoch:  349 | FVAL: 0.0617764
2019-07-24 14:14:34,600 - [INFO] - Epoch:  350 | FVAL: 0.0617753
2019-07-24 14:14:34,675 - [INFO] - Epoch:  351 | FVAL: 0.0617742
2019-07-24 14:14:34,750 - [INFO] - Epoch:  352 | FVAL: 0.0617731
2019-07-24 14:14:34,826 - [INFO] - Epoch:  353 | FVAL: 0.0617721
2019-07-24 14:14:34,901 - [INFO] - Epoch:  354 | FVAL: 0.0617710
2019-07-24 14:14:34,977 - [INFO] - Epoch:  355 | FVAL: 0.0617700
2019-07-24 14:14:35,053 - [INFO] - Epoch:  356 | FVAL: 0.0617690
2019-07-24 14:14:35,128 - [INFO] - Epoch:  357 | FVAL: 0.0617680
2019-07-24 14:14:35,204 - [INFO] - Epoch:  358 | FVAL: 0.0617670
