2019-07-24 14:37:54,731 - [INFO] - apcg-- N:38 | d:7129 | lambda:0.001
2019-07-24 14:37:54,732 - [INFO] - Function value sequence convergence criteria.
2019-07-24 14:37:54,732 - [INFO] - Epoch:    0 | FVAL: 0.3465736
2019-07-24 14:37:57,267 - [INFO] - Epoch:    1 | FVAL: 0.0206319
2019-07-24 14:37:59,914 - [INFO] - Epoch:    2 | FVAL: 0.0198999
2019-07-24 14:38:02,493 - [INFO] - Epoch:    3 | FVAL: 0.0191587
2019-07-24 14:38:04,885 - [INFO] - Epoch:    4 | FVAL: 0.0184807
2019-07-24 14:38:07,297 - [INFO] - Epoch:    5 | FVAL: 0.0179062
2019-07-24 14:38:09,710 - [INFO] - Epoch:    6 | FVAL: 0.0174201
2019-07-24 14:38:12,145 - [INFO] - Epoch:    7 | FVAL: 0.0170653
2019-07-24 14:38:14,552 - [INFO] - Epoch:    8 | FVAL: 0.0166692
2019-07-24 14:38:17,059 - [INFO] - Epoch:    9 | FVAL: 0.0163509
2019-07-24 14:38:19,594 - [INFO] - Epoch:   10 | FVAL: 0.0160266
2019-07-24 14:38:22,022 - [INFO] - Epoch:   11 | FVAL: 0.0157239
2019-07-24 14:38:24,480 - [INFO] - Epoch:   12 | FVAL: 0.0154370
2019-07-24 14:38:27,107 - [INFO] - Epoch:   13 | FVAL: 0.0152224
2019-07-24 14:38:29,704 - [INFO] - Epoch:   14 | FVAL: 0.0149726
2019-07-24 14:38:32,130 - [INFO] - Epoch:   15 | FVAL: 0.0147829
2019-07-24 14:38:34,515 - [INFO] - Epoch:   16 | FVAL: 0.0146105
2019-07-24 14:38:36,923 - [INFO] - Epoch:   17 | FVAL: 0.0144317
2019-07-24 14:38:39,305 - [INFO] - Epoch:   18 | FVAL: 0.0142828
2019-07-24 14:38:41,888 - [INFO] - Epoch:   19 | FVAL: 0.0141008
2019-07-24 14:38:44,258 - [INFO] - Epoch:   20 | FVAL: 0.0139453
2019-07-24 14:38:46,673 - [INFO] - Epoch:   21 | FVAL: 0.0138113
2019-07-24 14:38:49,081 - [INFO] - Epoch:   22 | FVAL: 0.0136640
2019-07-24 14:38:51,503 - [INFO] - Epoch:   23 | FVAL: 0.0135099
2019-07-24 14:38:53,904 - [INFO] - Epoch:   24 | FVAL: 0.0133753
2019-07-24 14:38:56,351 - [INFO] - Epoch:   25 | FVAL: 0.0132063
2019-07-24 14:38:58,874 - [INFO] - Epoch:   26 | FVAL: 0.0130971
2019-07-24 14:39:01,432 - [INFO] - Epoch:   27 | FVAL: 0.0129614
2019-07-24 14:39:03,825 - [INFO] - Epoch:   28 | FVAL: 0.0128573
2019-07-24 14:39:06,427 - [INFO] - Epoch:   29 | FVAL: 0.0127546
2019-07-24 14:39:08,943 - [INFO] - Epoch:   30 | FVAL: 0.0126077
2019-07-24 14:39:11,419 - [INFO] - Epoch:   31 | FVAL: 0.0125299
2019-07-24 14:39:13,782 - [INFO] - Epoch:   32 | FVAL: 0.0124556
2019-07-24 14:39:16,204 - [INFO] - Epoch:   33 | FVAL: 0.0123694
2019-07-24 14:39:18,764 - [INFO] - Epoch:   34 | FVAL: 0.0122655
2019-07-24 14:39:21,403 - [INFO] - Epoch:   35 | FVAL: 0.0121822
2019-07-24 14:39:23,981 - [INFO] - Epoch:   36 | FVAL: 0.0121056
2019-07-24 14:39:26,590 - [INFO] - Epoch:   37 | FVAL: 0.0120285
2019-07-24 14:39:28,988 - [INFO] - Epoch:   38 | FVAL: 0.0119559
2019-07-24 14:39:31,393 - [INFO] - Epoch:   39 | FVAL: 0.0118753
2019-07-24 14:39:33,894 - [INFO] - Epoch:   40 | FVAL: 0.0117983
2019-07-24 14:39:36,322 - [INFO] - Epoch:   41 | FVAL: 0.0117217
2019-07-24 14:39:38,891 - [INFO] - Epoch:   42 | FVAL: 0.0116426
2019-07-24 14:39:41,530 - [INFO] - Epoch:   43 | FVAL: 0.0115779
2019-07-24 14:39:44,132 - [INFO] - Epoch:   44 | FVAL: 0.0115278
2019-07-24 14:39:46,616 - [INFO] - Epoch:   45 | FVAL: 0.0114674
2019-07-24 14:39:49,243 - [INFO] - Epoch:   46 | FVAL: 0.0114123
2019-07-24 14:39:51,851 - [INFO] - Epoch:   47 | FVAL: 0.0113689
2019-07-24 14:39:54,472 - [INFO] - Epoch:   48 | FVAL: 0.0113265
2019-07-24 14:39:56,964 - [INFO] - Epoch:   49 | FVAL: 0.0112619
2019-07-24 14:39:59,346 - [INFO] - Epoch:   50 | FVAL: 0.0112151
2019-07-24 14:40:01,994 - [INFO] - Epoch:   51 | FVAL: 0.0111633
2019-07-24 14:40:04,388 - [INFO] - Epoch:   52 | FVAL: 0.0111196
2019-07-24 14:40:07,027 - [INFO] - Epoch:   53 | FVAL: 0.0110653
2019-07-24 14:40:09,637 - [INFO] - Epoch:   54 | FVAL: 0.0110224
2019-07-24 14:40:12,245 - [INFO] - Epoch:   55 | FVAL: 0.0109775
2019-07-24 14:40:14,595 - [INFO] - Epoch:   56 | FVAL: 0.0109070
2019-07-24 14:40:17,121 - [INFO] - Epoch:   57 | FVAL: 0.0108809
2019-07-24 14:40:19,630 - [INFO] - Epoch:   58 | FVAL: 0.0108397
2019-07-24 14:40:22,221 - [INFO] - Epoch:   59 | FVAL: 0.0107962
2019-07-24 14:40:24,844 - [INFO] - Epoch:   60 | FVAL: 0.0107648
2019-07-24 14:40:27,436 - [INFO] - Epoch:   61 | FVAL: 0.0107249
2019-07-24 14:40:29,816 - [INFO] - Epoch:   62 | FVAL: 0.0106946
2019-07-24 14:40:32,377 - [INFO] - Epoch:   63 | FVAL: 0.0106670
2019-07-24 14:40:34,861 - [INFO] - Epoch:   64 | FVAL: 0.0106403
2019-07-24 14:40:37,409 - [INFO] - Epoch:   65 | FVAL: 0.0106206
2019-07-24 14:40:39,944 - [INFO] - Epoch:   66 | FVAL: 0.0105874
2019-07-24 14:40:42,581 - [INFO] - Epoch:   67 | FVAL: 0.0105631
2019-07-24 14:40:45,184 - [INFO] - Epoch:   68 | FVAL: 0.0105254
2019-07-24 14:40:47,614 - [INFO] - Epoch:   69 | FVAL: 0.0104831
2019-07-24 14:40:50,052 - [INFO] - Epoch:   70 | FVAL: 0.0104486
2019-07-24 14:40:52,639 - [INFO] - Epoch:   71 | FVAL: 0.0104283
2019-07-24 14:40:55,262 - [INFO] - Epoch:   72 | FVAL: 0.0104141
2019-07-24 14:40:57,894 - [INFO] - Epoch:   73 | FVAL: 0.0103859
2019-07-24 14:41:00,484 - [INFO] - Epoch:   74 | FVAL: 0.0103564
2019-07-24 14:41:03,001 - [INFO] - Epoch:   75 | FVAL: 0.0103257
2019-07-24 14:41:05,452 - [INFO] - Epoch:   76 | FVAL: 0.0103023
2019-07-24 14:41:08,092 - [INFO] - Epoch:   77 | FVAL: 0.0102829
2019-07-24 14:41:10,615 - [INFO] - Epoch:   78 | FVAL: 0.0102608
2019-07-24 14:41:13,247 - [INFO] - Epoch:   79 | FVAL: 0.0102341
2019-07-24 14:41:15,609 - [INFO] - Epoch:   80 | FVAL: 0.0102119
2019-07-24 14:41:18,208 - [INFO] - Epoch:   81 | FVAL: 0.0101960
2019-07-24 14:41:20,811 - [INFO] - Epoch:   82 | FVAL: 0.0101702
2019-07-24 14:41:23,449 - [INFO] - Epoch:   83 | FVAL: 0.0101559
2019-07-24 14:41:26,065 - [INFO] - Epoch:   84 | FVAL: 0.0101338
2019-07-24 14:41:28,629 - [INFO] - Epoch:   85 | FVAL: 0.0101151
2019-07-24 14:41:31,025 - [INFO] - Epoch:   86 | FVAL: 0.0100997
2019-07-24 14:41:33,507 - [INFO] - Epoch:   87 | FVAL: 0.0100832
2019-07-24 14:41:36,089 - [INFO] - Epoch:   88 | FVAL: 0.0100607
2019-07-24 14:41:38,717 - [INFO] - Epoch:   89 | FVAL: 0.0100471
2019-07-24 14:41:41,276 - [INFO] - Epoch:   90 | FVAL: 0.0100396
2019-07-24 14:41:43,896 - [INFO] - Epoch:   91 | FVAL: 0.0100116
2019-07-24 14:41:46,252 - [INFO] - Epoch:   92 | FVAL: 0.0099898
2019-07-24 14:41:48,656 - [INFO] - Epoch:   93 | FVAL: 0.0099732
2019-07-24 14:41:51,238 - [INFO] - Epoch:   94 | FVAL: 0.0099382
2019-07-24 14:41:53,881 - [INFO] - Epoch:   95 | FVAL: 0.0099219
2019-07-24 14:41:56,503 - [INFO] - Epoch:   96 | FVAL: 0.0099076
2019-07-24 14:41:59,130 - [INFO] - Epoch:   97 | FVAL: 0.0098737
2019-07-24 14:42:01,713 - [INFO] - Epoch:   98 | FVAL: 0.0098613
2019-07-24 14:42:04,203 - [INFO] - Epoch:   99 | FVAL: 0.0098413
2019-07-24 14:42:06,587 - [INFO] - Epoch:  100 | FVAL: 0.0098261
2019-07-24 14:42:09,187 - [INFO] - Epoch:  101 | FVAL: 0.0098096
2019-07-24 14:42:11,803 - [INFO] - Epoch:  102 | FVAL: 0.0097928
2019-07-24 14:42:14,442 - [INFO] - Epoch:  103 | FVAL: 0.0097793
2019-07-24 14:42:16,790 - [INFO] - Epoch:  104 | FVAL: 0.0097675
2019-07-24 14:42:19,315 - [INFO] - Epoch:  105 | FVAL: 0.0097523
2019-07-24 14:42:21,936 - [INFO] - Epoch:  106 | FVAL: 0.0097459
2019-07-24 14:42:24,498 - [INFO] - Epoch:  107 | FVAL: 0.0097276
2019-07-24 14:42:27,123 - [INFO] - Epoch:  108 | FVAL: 0.0097133
2019-07-24 14:42:29,746 - [INFO] - Epoch:  109 | FVAL: 0.0097028
2019-07-24 14:42:32,163 - [INFO] - Epoch:  110 | FVAL: 0.0096907
2019-07-24 14:42:34,663 - [INFO] - Epoch:  111 | FVAL: 0.0096798
2019-07-24 14:42:37,280 - [INFO] - Epoch:  112 | FVAL: 0.0096666
2019-07-24 14:42:39,898 - [INFO] - Epoch:  113 | FVAL: 0.0096464
2019-07-24 14:42:42,365 - [INFO] - Epoch:  114 | FVAL: 0.0096247
2019-07-24 14:42:44,872 - [INFO] - Epoch:  115 | FVAL: 0.0096086
2019-07-24 14:42:47,408 - [INFO] - Epoch:  116 | FVAL: 0.0095914
2019-07-24 14:42:49,951 - [INFO] - Epoch:  117 | FVAL: 0.0095745
2019-07-24 14:42:52,576 - [INFO] - Epoch:  118 | FVAL: 0.0095667
2019-07-24 14:42:55,115 - [INFO] - Epoch:  119 | FVAL: 0.0095561
2019-07-24 14:42:57,556 - [INFO] - Epoch:  120 | FVAL: 0.0095464
2019-07-24 14:43:00,301 - [INFO] - Epoch:  121 | FVAL: 0.0095366
2019-07-24 14:43:02,800 - [INFO] - Epoch:  122 | FVAL: 0.0095289
2019-07-24 14:43:05,289 - [INFO] - Epoch:  123 | FVAL: 0.0095176
2019-07-24 14:43:07,734 - [INFO] - Epoch:  124 | FVAL: 0.0095104
2019-07-24 14:43:10,357 - [INFO] - Epoch:  125 | FVAL: 0.0095038
2019-07-24 14:43:12,935 - [INFO] - Epoch:  126 | FVAL: 0.0094904
2019-07-24 14:43:15,560 - [INFO] - Epoch:  127 | FVAL: 0.0094831
2019-07-24 14:43:18,001 - [INFO] - Epoch:  128 | FVAL: 0.0094736
2019-07-24 14:43:20,567 - [INFO] - Epoch:  129 | FVAL: 0.0094696
2019-07-24 14:43:23,189 - [INFO] - Epoch:  130 | FVAL: 0.0094650
2019-07-24 14:43:25,738 - [INFO] - Epoch:  131 | FVAL: 0.0094611
2019-07-24 14:43:28,321 - [INFO] - Epoch:  132 | FVAL: 0.0094569
2019-07-24 14:43:30,919 - [INFO] - Epoch:  133 | FVAL: 0.0094530
2019-07-24 14:43:33,474 - [INFO] - Epoch:  134 | FVAL: 0.0094466
2019-07-24 14:43:36,053 - [INFO] - Epoch:  135 | FVAL: 0.0094426
2019-07-24 14:43:38,430 - [INFO] - Epoch:  136 | FVAL: 0.0094388
2019-07-24 14:43:41,031 - [INFO] - Epoch:  137 | FVAL: 0.0094344
2019-07-24 14:43:43,601 - [INFO] - Epoch:  138 | FVAL: 0.0094298
2019-07-24 14:43:46,208 - [INFO] - Epoch:  139 | FVAL: 0.0094268
2019-07-24 14:43:48,564 - [INFO] - Epoch:  140 | FVAL: 0.0094227
2019-07-24 14:43:51,007 - [INFO] - Epoch:  141 | FVAL: 0.0094190
2019-07-24 14:43:53,581 - [INFO] - Epoch:  142 | FVAL: 0.0094136
2019-07-24 14:43:56,161 - [INFO] - Epoch:  143 | FVAL: 0.0094090
2019-07-24 14:43:58,786 - [INFO] - Epoch:  144 | FVAL: 0.0094051
2019-07-24 14:44:01,480 - [INFO] - Epoch:  145 | FVAL: 0.0094024
2019-07-24 14:44:04,038 - [INFO] - Epoch:  146 | FVAL: 0.0093992
2019-07-24 14:44:06,602 - [INFO] - Epoch:  147 | FVAL: 0.0093952
2019-07-24 14:44:09,122 - [INFO] - Epoch:  148 | FVAL: 0.0093909
2019-07-24 14:44:11,766 - [INFO] - Epoch:  149 | FVAL: 0.0093872
2019-07-24 14:44:14,371 - [INFO] - Epoch:  150 | FVAL: 0.0093839
2019-07-24 14:44:16,996 - [INFO] - Epoch:  151 | FVAL: 0.0093816
2019-07-24 14:44:19,585 - [INFO] - Epoch:  152 | FVAL: 0.0093767
2019-07-24 14:44:22,214 - [INFO] - Epoch:  153 | FVAL: 0.0093736
2019-07-24 14:44:24,839 - [INFO] - Epoch:  154 | FVAL: 0.0093705
2019-07-24 14:44:27,378 - [INFO] - Epoch:  155 | FVAL: 0.0093677
2019-07-24 14:44:29,974 - [INFO] - Epoch:  156 | FVAL: 0.0093636
2019-07-24 14:44:32,569 - [INFO] - Epoch:  157 | FVAL: 0.0093618
2019-07-24 14:44:34,950 - [INFO] - Epoch:  158 | FVAL: 0.0093565
2019-07-24 14:44:37,556 - [INFO] - Epoch:  159 | FVAL: 0.0093522
2019-07-24 14:44:40,129 - [INFO] - Epoch:  160 | FVAL: 0.0093498
2019-07-24 14:44:42,695 - [INFO] - Epoch:  161 | FVAL: 0.0093466
2019-07-24 14:44:45,299 - [INFO] - Epoch:  162 | FVAL: 0.0093441
2019-07-24 14:44:47,933 - [INFO] - Epoch:  163 | FVAL: 0.0093409
2019-07-24 14:44:50,289 - [INFO] - Epoch:  164 | FVAL: 0.0093377
2019-07-24 14:44:52,679 - [INFO] - Epoch:  165 | FVAL: 0.0093340
2019-07-24 14:44:55,276 - [INFO] - Epoch:  166 | FVAL: 0.0093304
2019-07-24 14:44:57,837 - [INFO] - Epoch:  167 | FVAL: 0.0093271
2019-07-24 14:45:00,644 - [INFO] - Epoch:  168 | FVAL: 0.0093247
2019-07-24 14:45:03,158 - [INFO] - Epoch:  169 | FVAL: 0.0093211
2019-07-24 14:45:05,740 - [INFO] - Epoch:  170 | FVAL: 0.0093191
2019-07-24 14:45:08,325 - [INFO] - Epoch:  171 | FVAL: 0.0093161
2019-07-24 14:45:10,707 - [INFO] - Epoch:  172 | FVAL: 0.0093146
2019-07-24 14:45:13,235 - [INFO] - Epoch:  173 | FVAL: 0.0093118
2019-07-24 14:45:15,835 - [INFO] - Epoch:  174 | FVAL: 0.0093093
2019-07-24 14:45:18,277 - [INFO] - Epoch:  175 | FVAL: 0.0093067
2019-07-24 14:45:20,638 - [INFO] - Epoch:  176 | FVAL: 0.0093037
2019-07-24 14:45:23,229 - [INFO] - Epoch:  177 | FVAL: 0.0093008
2019-07-24 14:45:25,818 - [INFO] - Epoch:  178 | FVAL: 0.0092980
2019-07-24 14:45:28,457 - [INFO] - Epoch:  179 | FVAL: 0.0092946
2019-07-24 14:45:31,083 - [INFO] - Epoch:  180 | FVAL: 0.0092929
2019-07-24 14:45:33,656 - [INFO] - Epoch:  181 | FVAL: 0.0092894
2019-07-24 14:45:36,046 - [INFO] - Epoch:  182 | FVAL: 0.0092872
2019-07-24 14:45:38,609 - [INFO] - Epoch:  183 | FVAL: 0.0092849
2019-07-24 14:45:40,993 - [INFO] - Epoch:  184 | FVAL: 0.0092815
2019-07-24 14:45:43,600 - [INFO] - Epoch:  185 | FVAL: 0.0092791
2019-07-24 14:45:46,160 - [INFO] - Epoch:  186 | FVAL: 0.0092764
2019-07-24 14:45:48,786 - [INFO] - Epoch:  187 | FVAL: 0.0092739
2019-07-24 14:45:51,293 - [INFO] - Epoch:  188 | FVAL: 0.0092711
2019-07-24 14:45:53,900 - [INFO] - Epoch:  189 | FVAL: 0.0092680
2019-07-24 14:45:56,469 - [INFO] - Epoch:  190 | FVAL: 0.0092663
2019-07-24 14:45:59,110 - [INFO] - Epoch:  191 | FVAL: 0.0092630
2019-07-24 14:46:01,803 - [INFO] - Epoch:  192 | FVAL: 0.0092598
2019-07-24 14:46:04,436 - [INFO] - Epoch:  193 | FVAL: 0.0092581
2019-07-24 14:46:06,985 - [INFO] - Epoch:  194 | FVAL: 0.0092557
2019-07-24 14:46:09,491 - [INFO] - Epoch:  195 | FVAL: 0.0092540
2019-07-24 14:46:12,016 - [INFO] - Epoch:  196 | FVAL: 0.0092512
2019-07-24 14:46:14,657 - [INFO] - Epoch:  197 | FVAL: 0.0092481
2019-07-24 14:46:17,205 - [INFO] - Epoch:  198 | FVAL: 0.0092454
2019-07-24 14:46:19,652 - [INFO] - Epoch:  199 | FVAL: 0.0092434
2019-07-24 14:46:22,222 - [INFO] - Epoch:  200 | FVAL: 0.0092402
2019-07-24 14:46:24,721 - [INFO] - Epoch:  201 | FVAL: 0.0092372
2019-07-24 14:46:27,348 - [INFO] - Epoch:  202 | FVAL: 0.0092356
2019-07-24 14:46:29,938 - [INFO] - Epoch:  203 | FVAL: 0.0092343
2019-07-24 14:46:32,542 - [INFO] - Epoch:  204 | FVAL: 0.0092315
2019-07-24 14:46:35,107 - [INFO] - Epoch:  205 | FVAL: 0.0092297
2019-07-24 14:46:37,735 - [INFO] - Epoch:  206 | FVAL: 0.0092266
2019-07-24 14:46:40,320 - [INFO] - Epoch:  207 | FVAL: 0.0092251
2019-07-24 14:46:42,760 - [INFO] - Epoch:  208 | FVAL: 0.0092222
2019-07-24 14:46:45,381 - [INFO] - Epoch:  209 | FVAL: 0.0092209
2019-07-24 14:46:47,880 - [INFO] - Epoch:  210 | FVAL: 0.0092192
2019-07-24 14:46:50,508 - [INFO] - Epoch:  211 | FVAL: 0.0092177
2019-07-24 14:46:52,938 - [INFO] - Epoch:  212 | FVAL: 0.0092142
2019-07-24 14:46:55,453 - [INFO] - Epoch:  213 | FVAL: 0.0092122
2019-07-24 14:46:57,967 - [INFO] - Epoch:  214 | FVAL: 0.0092111
2019-07-24 14:47:00,587 - [INFO] - Epoch:  215 | FVAL: 0.0092088
2019-07-24 14:47:03,188 - [INFO] - Epoch:  216 | FVAL: 0.0092063
2019-07-24 14:47:05,808 - [INFO] - Epoch:  217 | FVAL: 0.0092042
2019-07-24 14:47:08,438 - [INFO] - Epoch:  218 | FVAL: 0.0092025
2019-07-24 14:47:11,030 - [INFO] - Epoch:  219 | FVAL: 0.0092013
2019-07-24 14:47:13,432 - [INFO] - Epoch:  220 | FVAL: 0.0091985
2019-07-24 14:47:16,017 - [INFO] - Epoch:  221 | FVAL: 0.0091966
2019-07-24 14:47:18,561 - [INFO] - Epoch:  222 | FVAL: 0.0091952
2019-07-24 14:47:21,150 - [INFO] - Epoch:  223 | FVAL: 0.0091930
2019-07-24 14:47:23,516 - [INFO] - Epoch:  224 | FVAL: 0.0091916
2019-07-24 14:47:26,149 - [INFO] - Epoch:  225 | FVAL: 0.0091893
2019-07-24 14:47:28,751 - [INFO] - Epoch:  226 | FVAL: 0.0091877
2019-07-24 14:47:31,386 - [INFO] - Epoch:  227 | FVAL: 0.0091859
2019-07-24 14:47:33,970 - [INFO] - Epoch:  228 | FVAL: 0.0091842
2019-07-24 14:47:36,569 - [INFO] - Epoch:  229 | FVAL: 0.0091822
2019-07-24 14:47:38,968 - [INFO] - Epoch:  230 | FVAL: 0.0091802
2019-07-24 14:47:41,447 - [INFO] - Epoch:  231 | FVAL: 0.0091783
2019-07-24 14:47:43,852 - [INFO] - Epoch:  232 | FVAL: 0.0091765
2019-07-24 14:47:46,434 - [INFO] - Epoch:  233 | FVAL: 0.0091751
2019-07-24 14:47:48,868 - [INFO] - Epoch:  234 | FVAL: 0.0091729
2019-07-24 14:47:51,420 - [INFO] - Epoch:  235 | FVAL: 0.0091707
2019-07-24 14:47:53,767 - [INFO] - Epoch:  236 | FVAL: 0.0091692
2019-07-24 14:47:56,374 - [INFO] - Epoch:  237 | FVAL: 0.0091674
2019-07-24 14:47:58,898 - [INFO] - Epoch:  238 | FVAL: 0.0091661
2019-07-24 14:48:01,637 - [INFO] - Epoch:  239 | FVAL: 0.0091650
2019-07-24 14:48:04,260 - [INFO] - Epoch:  240 | FVAL: 0.0091638
2019-07-24 14:48:06,883 - [INFO] - Epoch:  241 | FVAL: 0.0091623
2019-07-24 14:48:09,499 - [INFO] - Epoch:  242 | FVAL: 0.0091606
2019-07-24 14:48:12,027 - [INFO] - Epoch:  243 | FVAL: 0.0091596
2019-07-24 15:02:36,149 - [INFO] - apcg-- N:38 | d:7129 | lambda:0.0001
2019-07-24 15:02:36,149 - [INFO] - Function value sequence convergence criteria.
2019-07-24 15:02:36,149 - [INFO] - Epoch:    0 | FVAL: 0.3465736
2019-07-24 15:02:38,704 - [INFO] - Epoch:    1 | FVAL: 0.0030602
2019-07-24 15:02:41,359 - [INFO] - Epoch:    2 | FVAL: 0.0030160
2019-07-24 15:02:43,824 - [INFO] - Epoch:    3 | FVAL: 0.0029796
2019-07-24 15:02:46,247 - [INFO] - Epoch:    4 | FVAL: 0.0029424
2019-07-24 15:02:48,645 - [INFO] - Epoch:    5 | FVAL: 0.0029088
2019-07-24 15:02:51,251 - [INFO] - Epoch:    6 | FVAL: 0.0028785
2019-07-24 15:02:53,654 - [INFO] - Epoch:    7 | FVAL: 0.0028490
2019-07-24 15:02:56,059 - [INFO] - Epoch:    8 | FVAL: 0.0028227
2019-07-24 15:02:58,475 - [INFO] - Epoch:    9 | FVAL: 0.0027993
2019-07-24 15:03:01,015 - [INFO] - Epoch:   10 | FVAL: 0.0027741
2019-07-24 15:03:03,416 - [INFO] - Epoch:   11 | FVAL: 0.0027531
2019-07-24 15:03:05,840 - [INFO] - Epoch:   12 | FVAL: 0.0027334
2019-07-24 15:03:08,255 - [INFO] - Epoch:   13 | FVAL: 0.0027137
2019-07-24 15:03:10,797 - [INFO] - Epoch:   14 | FVAL: 0.0026961
2019-07-24 15:03:13,465 - [INFO] - Epoch:   15 | FVAL: 0.0026794
2019-07-24 15:03:16,113 - [INFO] - Epoch:   16 | FVAL: 0.0026629
2019-07-24 15:03:18,523 - [INFO] - Epoch:   17 | FVAL: 0.0026469
2019-07-24 15:03:20,965 - [INFO] - Epoch:   18 | FVAL: 0.0026316
2019-07-24 15:03:23,362 - [INFO] - Epoch:   19 | FVAL: 0.0026168
2019-07-24 15:03:25,834 - [INFO] - Epoch:   20 | FVAL: 0.0026021
2019-07-24 15:03:28,254 - [INFO] - Epoch:   21 | FVAL: 0.0025883
2019-07-24 15:03:30,660 - [INFO] - Epoch:   22 | FVAL: 0.0025750
2019-07-24 15:03:33,073 - [INFO] - Epoch:   23 | FVAL: 0.0025612
2019-07-24 15:03:35,587 - [INFO] - Epoch:   24 | FVAL: 0.0025469
2019-07-24 15:03:37,993 - [INFO] - Epoch:   25 | FVAL: 0.0025343
2019-07-24 15:03:40,387 - [INFO] - Epoch:   26 | FVAL: 0.0025223
2019-07-24 15:03:42,819 - [INFO] - Epoch:   27 | FVAL: 0.0025092
2019-07-24 15:03:45,402 - [INFO] - Epoch:   28 | FVAL: 0.0024976
2019-07-24 15:03:47,822 - [INFO] - Epoch:   29 | FVAL: 0.0024864
2019-07-24 15:03:50,232 - [INFO] - Epoch:   30 | FVAL: 0.0024764
2019-07-24 15:03:52,689 - [INFO] - Epoch:   31 | FVAL: 0.0024649
2019-07-24 15:03:55,147 - [INFO] - Epoch:   32 | FVAL: 0.0024542
2019-07-24 15:03:57,741 - [INFO] - Epoch:   33 | FVAL: 0.0024432
2019-07-24 15:04:00,285 - [INFO] - Epoch:   34 | FVAL: 0.0024329
2019-07-24 15:04:02,701 - [INFO] - Epoch:   35 | FVAL: 0.0024232
2019-07-24 15:04:05,109 - [INFO] - Epoch:   36 | FVAL: 0.0024135
2019-07-24 15:04:07,507 - [INFO] - Epoch:   37 | FVAL: 0.0024049
2019-07-24 15:04:09,909 - [INFO] - Epoch:   38 | FVAL: 0.0023962
2019-07-24 15:04:12,323 - [INFO] - Epoch:   39 | FVAL: 0.0023882
2019-07-24 15:04:14,878 - [INFO] - Epoch:   40 | FVAL: 0.0023790
2019-07-24 15:04:17,531 - [INFO] - Epoch:   41 | FVAL: 0.0023710
2019-07-24 15:04:19,950 - [INFO] - Epoch:   42 | FVAL: 0.0023616
2019-07-24 15:04:22,348 - [INFO] - Epoch:   43 | FVAL: 0.0023534
2019-07-24 15:04:24,741 - [INFO] - Epoch:   44 | FVAL: 0.0023444
2019-07-24 15:04:27,152 - [INFO] - Epoch:   45 | FVAL: 0.0023367
2019-07-24 15:04:29,599 - [INFO] - Epoch:   46 | FVAL: 0.0023286
2019-07-24 15:04:32,111 - [INFO] - Epoch:   47 | FVAL: 0.0023213
2019-07-24 15:04:34,564 - [INFO] - Epoch:   48 | FVAL: 0.0023135
2019-07-24 15:04:36,951 - [INFO] - Epoch:   49 | FVAL: 0.0023058
2019-07-24 15:04:39,348 - [INFO] - Epoch:   50 | FVAL: 0.0022986
2019-07-24 15:04:41,951 - [INFO] - Epoch:   51 | FVAL: 0.0022913
2019-07-24 15:04:44,560 - [INFO] - Epoch:   52 | FVAL: 0.0022842
2019-07-24 15:04:47,191 - [INFO] - Epoch:   53 | FVAL: 0.0022771
2019-07-24 15:04:49,840 - [INFO] - Epoch:   54 | FVAL: 0.0022703
2019-07-24 15:04:52,401 - [INFO] - Epoch:   55 | FVAL: 0.0022638
2019-07-24 15:04:55,044 - [INFO] - Epoch:   56 | FVAL: 0.0022573
2019-07-24 15:04:57,461 - [INFO] - Epoch:   57 | FVAL: 0.0022510
2019-07-24 15:05:00,209 - [INFO] - Epoch:   58 | FVAL: 0.0022446
2019-07-24 15:05:02,910 - [INFO] - Epoch:   59 | FVAL: 0.0022386
2019-07-24 15:05:05,348 - [INFO] - Epoch:   60 | FVAL: 0.0022323
2019-07-24 15:05:07,922 - [INFO] - Epoch:   61 | FVAL: 0.0022263
2019-07-24 15:05:10,560 - [INFO] - Epoch:   62 | FVAL: 0.0022199
2019-07-24 15:05:12,985 - [INFO] - Epoch:   63 | FVAL: 0.0022146
2019-07-24 15:05:15,436 - [INFO] - Epoch:   64 | FVAL: 0.0022087
2019-07-24 15:05:18,011 - [INFO] - Epoch:   65 | FVAL: 0.0022027
2019-07-24 15:05:20,672 - [INFO] - Epoch:   66 | FVAL: 0.0021975
2019-07-24 15:05:23,419 - [INFO] - Epoch:   67 | FVAL: 0.0021917
2019-07-24 15:05:25,822 - [INFO] - Epoch:   68 | FVAL: 0.0021865
2019-07-24 15:05:28,350 - [INFO] - Epoch:   69 | FVAL: 0.0021814
2019-07-24 15:05:30,985 - [INFO] - Epoch:   70 | FVAL: 0.0021770
2019-07-24 15:05:33,611 - [INFO] - Epoch:   71 | FVAL: 0.0021722
2019-07-24 15:05:36,023 - [INFO] - Epoch:   72 | FVAL: 0.0021669
2019-07-24 15:05:38,415 - [INFO] - Epoch:   73 | FVAL: 0.0021624
2019-07-24 15:05:40,938 - [INFO] - Epoch:   74 | FVAL: 0.0021572
2019-07-24 15:05:43,574 - [INFO] - Epoch:   75 | FVAL: 0.0021528
2019-07-24 15:05:46,125 - [INFO] - Epoch:   76 | FVAL: 0.0021478
2019-07-24 15:05:48,727 - [INFO] - Epoch:   77 | FVAL: 0.0021436
2019-07-24 15:05:51,155 - [INFO] - Epoch:   78 | FVAL: 0.0021391
2019-07-24 15:05:53,721 - [INFO] - Epoch:   79 | FVAL: 0.0021345
2019-07-24 15:05:56,208 - [INFO] - Epoch:   80 | FVAL: 0.0021296
2019-07-24 15:05:58,639 - [INFO] - Epoch:   81 | FVAL: 0.0021252
2019-07-24 15:06:01,230 - [INFO] - Epoch:   82 | FVAL: 0.0021205
2019-07-24 15:06:03,772 - [INFO] - Epoch:   83 | FVAL: 0.0021161
2019-07-24 15:06:06,331 - [INFO] - Epoch:   84 | FVAL: 0.0021120
2019-07-24 15:06:08,836 - [INFO] - Epoch:   85 | FVAL: 0.0021078
2019-07-24 15:06:11,471 - [INFO] - Epoch:   86 | FVAL: 0.0021033
2019-07-24 15:06:13,969 - [INFO] - Epoch:   87 | FVAL: 0.0020993
2019-07-24 15:06:16,606 - [INFO] - Epoch:   88 | FVAL: 0.0020950
2019-07-24 15:06:19,181 - [INFO] - Epoch:   89 | FVAL: 0.0020907
2019-07-24 15:06:21,694 - [INFO] - Epoch:   90 | FVAL: 0.0020871
2019-07-24 15:06:24,229 - [INFO] - Epoch:   91 | FVAL: 0.0020828
2019-07-24 15:06:26,881 - [INFO] - Epoch:   92 | FVAL: 0.0020790
2019-07-24 15:06:29,396 - [INFO] - Epoch:   93 | FVAL: 0.0020754
2019-07-24 15:06:32,042 - [INFO] - Epoch:   94 | FVAL: 0.0020717
2019-07-24 15:06:34,524 - [INFO] - Epoch:   95 | FVAL: 0.0020684
2019-07-24 15:06:36,955 - [INFO] - Epoch:   96 | FVAL: 0.0020654
2019-07-24 15:06:39,470 - [INFO] - Epoch:   97 | FVAL: 0.0020620
2019-07-24 15:06:42,111 - [INFO] - Epoch:   98 | FVAL: 0.0020586
2019-07-24 15:06:44,627 - [INFO] - Epoch:   99 | FVAL: 0.0020551
2019-07-24 15:06:47,271 - [INFO] - Epoch:  100 | FVAL: 0.0020517
2019-07-24 15:06:49,877 - [INFO] - Epoch:  101 | FVAL: 0.0020487
2019-07-24 15:06:52,374 - [INFO] - Epoch:  102 | FVAL: 0.0020457
2019-07-24 15:06:54,752 - [INFO] - Epoch:  103 | FVAL: 0.0020431
2019-07-24 15:06:57,191 - [INFO] - Epoch:  104 | FVAL: 0.0020399
2019-07-24 15:06:59,775 - [INFO] - Epoch:  105 | FVAL: 0.0020364
2019-07-24 15:07:02,475 - [INFO] - Epoch:  106 | FVAL: 0.0020335
2019-07-24 15:07:04,865 - [INFO] - Epoch:  107 | FVAL: 0.0020298
2019-07-24 15:07:07,443 - [INFO] - Epoch:  108 | FVAL: 0.0020267
2019-07-24 15:07:09,944 - [INFO] - Epoch:  109 | FVAL: 0.0020236
2019-07-24 15:07:12,585 - [INFO] - Epoch:  110 | FVAL: 0.0020202
2019-07-24 15:07:15,131 - [INFO] - Epoch:  111 | FVAL: 0.0020174
2019-07-24 15:07:17,745 - [INFO] - Epoch:  112 | FVAL: 0.0020146
2019-07-24 15:07:20,349 - [INFO] - Epoch:  113 | FVAL: 0.0020117
2019-07-24 15:07:22,877 - [INFO] - Epoch:  114 | FVAL: 0.0020088
2019-07-24 15:07:25,476 - [INFO] - Epoch:  115 | FVAL: 0.0020063
2019-07-24 15:07:27,880 - [INFO] - Epoch:  116 | FVAL: 0.0020034
2019-07-24 15:07:30,336 - [INFO] - Epoch:  117 | FVAL: 0.0020001
2019-07-24 15:07:32,857 - [INFO] - Epoch:  118 | FVAL: 0.0019973
2019-07-24 15:07:35,392 - [INFO] - Epoch:  119 | FVAL: 0.0019944
2019-07-24 15:07:37,872 - [INFO] - Epoch:  120 | FVAL: 0.0019920
2019-07-24 15:07:40,394 - [INFO] - Epoch:  121 | FVAL: 0.0019895
2019-07-24 15:07:42,913 - [INFO] - Epoch:  122 | FVAL: 0.0019866
2019-07-24 15:07:45,461 - [INFO] - Epoch:  123 | FVAL: 0.0019840
2019-07-24 15:07:47,937 - [INFO] - Epoch:  124 | FVAL: 0.0019813
2019-07-24 15:07:50,498 - [INFO] - Epoch:  125 | FVAL: 0.0019788
2019-07-24 15:07:53,141 - [INFO] - Epoch:  126 | FVAL: 0.0019759
2019-07-24 15:07:55,522 - [INFO] - Epoch:  127 | FVAL: 0.0019728
2019-07-24 15:07:58,072 - [INFO] - Epoch:  128 | FVAL: 0.0019696
2019-07-24 15:08:00,840 - [INFO] - Epoch:  129 | FVAL: 0.0019669
2019-07-24 15:08:03,421 - [INFO] - Epoch:  130 | FVAL: 0.0019636
2019-07-24 15:08:06,049 - [INFO] - Epoch:  131 | FVAL: 0.0019600
2019-07-24 15:08:08,651 - [INFO] - Epoch:  132 | FVAL: 0.0019572
2019-07-24 15:08:11,241 - [INFO] - Epoch:  133 | FVAL: 0.0019543
2019-07-24 15:08:13,817 - [INFO] - Epoch:  134 | FVAL: 0.0019518
2019-07-24 15:08:16,204 - [INFO] - Epoch:  135 | FVAL: 0.0019492
2019-07-24 15:08:18,810 - [INFO] - Epoch:  136 | FVAL: 0.0019468
2019-07-24 15:08:21,390 - [INFO] - Epoch:  137 | FVAL: 0.0019436
2019-07-24 15:08:23,930 - [INFO] - Epoch:  138 | FVAL: 0.0019412
2019-07-24 15:08:26,555 - [INFO] - Epoch:  139 | FVAL: 0.0019385
2019-07-24 15:08:29,174 - [INFO] - Epoch:  140 | FVAL: 0.0019359
2019-07-24 15:08:31,769 - [INFO] - Epoch:  141 | FVAL: 0.0019337
2019-07-24 15:08:34,401 - [INFO] - Epoch:  142 | FVAL: 0.0019309
2019-07-24 15:08:36,864 - [INFO] - Epoch:  143 | FVAL: 0.0019279
2019-07-24 15:08:39,505 - [INFO] - Epoch:  144 | FVAL: 0.0019252
2019-07-24 15:08:42,076 - [INFO] - Epoch:  145 | FVAL: 0.0019224
2019-07-24 15:08:44,704 - [INFO] - Epoch:  146 | FVAL: 0.0019200
2019-07-24 15:08:47,249 - [INFO] - Epoch:  147 | FVAL: 0.0019180
2019-07-24 15:08:49,831 - [INFO] - Epoch:  148 | FVAL: 0.0019153
2019-07-24 15:08:52,360 - [INFO] - Epoch:  149 | FVAL: 0.0019131
2019-07-24 15:08:54,914 - [INFO] - Epoch:  150 | FVAL: 0.0019101
2019-07-24 15:08:57,549 - [INFO] - Epoch:  151 | FVAL: 0.0019073
2019-07-24 15:09:00,050 - [INFO] - Epoch:  152 | FVAL: 0.0019045
2019-07-24 15:09:02,778 - [INFO] - Epoch:  153 | FVAL: 0.0019017
2019-07-24 15:09:05,414 - [INFO] - Epoch:  154 | FVAL: 0.0018991
2019-07-24 15:09:08,036 - [INFO] - Epoch:  155 | FVAL: 0.0018966
2019-07-24 15:09:10,677 - [INFO] - Epoch:  156 | FVAL: 0.0018943
2019-07-24 15:09:13,260 - [INFO] - Epoch:  157 | FVAL: 0.0018920
2019-07-24 15:09:15,890 - [INFO] - Epoch:  158 | FVAL: 0.0018894
2019-07-24 15:09:18,472 - [INFO] - Epoch:  159 | FVAL: 0.0018869
2019-07-24 15:09:21,083 - [INFO] - Epoch:  160 | FVAL: 0.0018846
2019-07-24 15:09:23,688 - [INFO] - Epoch:  161 | FVAL: 0.0018823
2019-07-24 15:09:26,329 - [INFO] - Epoch:  162 | FVAL: 0.0018801
2019-07-24 15:09:28,947 - [INFO] - Epoch:  163 | FVAL: 0.0018783
2019-07-24 15:09:31,486 - [INFO] - Epoch:  164 | FVAL: 0.0018763
2019-07-24 15:09:34,093 - [INFO] - Epoch:  165 | FVAL: 0.0018743
2019-07-24 15:09:36,711 - [INFO] - Epoch:  166 | FVAL: 0.0018720
2019-07-24 15:09:39,312 - [INFO] - Epoch:  167 | FVAL: 0.0018703
2019-07-24 15:09:41,955 - [INFO] - Epoch:  168 | FVAL: 0.0018682
2019-07-24 15:09:44,527 - [INFO] - Epoch:  169 | FVAL: 0.0018661
2019-07-24 15:09:47,158 - [INFO] - Epoch:  170 | FVAL: 0.0018641
2019-07-24 15:09:49,768 - [INFO] - Epoch:  171 | FVAL: 0.0018622
2019-07-24 15:09:52,342 - [INFO] - Epoch:  172 | FVAL: 0.0018602
2019-07-24 15:09:54,926 - [INFO] - Epoch:  173 | FVAL: 0.0018583
2019-07-24 15:09:57,517 - [INFO] - Epoch:  174 | FVAL: 0.0018567
2019-07-24 15:10:00,220 - [INFO] - Epoch:  175 | FVAL: 0.0018544
2019-07-24 15:10:02,878 - [INFO] - Epoch:  176 | FVAL: 0.0018520
2019-07-24 15:10:05,437 - [INFO] - Epoch:  177 | FVAL: 0.0018501
2019-07-24 15:10:08,042 - [INFO] - Epoch:  178 | FVAL: 0.0018476
2019-07-24 15:10:10,647 - [INFO] - Epoch:  179 | FVAL: 0.0018456
2019-07-24 15:10:13,226 - [INFO] - Epoch:  180 | FVAL: 0.0018437
2019-07-24 15:10:15,833 - [INFO] - Epoch:  181 | FVAL: 0.0018409
2019-07-24 15:10:18,470 - [INFO] - Epoch:  182 | FVAL: 0.0018383
2019-07-24 15:10:21,092 - [INFO] - Epoch:  183 | FVAL: 0.0018363
2019-07-24 15:10:23,705 - [INFO] - Epoch:  184 | FVAL: 0.0018342
2019-07-24 15:10:26,244 - [INFO] - Epoch:  185 | FVAL: 0.0018317
2019-07-24 15:10:28,875 - [INFO] - Epoch:  186 | FVAL: 0.0018293
2019-07-24 15:10:31,451 - [INFO] - Epoch:  187 | FVAL: 0.0018274
2019-07-24 15:10:34,048 - [INFO] - Epoch:  188 | FVAL: 0.0018253
2019-07-24 15:10:36,633 - [INFO] - Epoch:  189 | FVAL: 0.0018234
2019-07-24 15:10:39,271 - [INFO] - Epoch:  190 | FVAL: 0.0018216
2019-07-24 15:10:41,827 - [INFO] - Epoch:  191 | FVAL: 0.0018196
2019-07-24 15:10:44,412 - [INFO] - Epoch:  192 | FVAL: 0.0018178
2019-07-24 15:10:47,015 - [INFO] - Epoch:  193 | FVAL: 0.0018158
2019-07-24 15:10:49,648 - [INFO] - Epoch:  194 | FVAL: 0.0018138
2019-07-24 15:10:52,201 - [INFO] - Epoch:  195 | FVAL: 0.0018116
2019-07-24 15:10:54,745 - [INFO] - Epoch:  196 | FVAL: 0.0018097
2019-07-24 15:10:57,357 - [INFO] - Epoch:  197 | FVAL: 0.0018082
2019-07-24 15:10:59,954 - [INFO] - Epoch:  198 | FVAL: 0.0018064
2019-07-24 15:11:02,715 - [INFO] - Epoch:  199 | FVAL: 0.0018046
2019-07-24 15:11:05,130 - [INFO] - Epoch:  200 | FVAL: 0.0018029
2019-07-24 15:11:07,682 - [INFO] - Epoch:  201 | FVAL: 0.0018013
2019-07-24 15:11:10,292 - [INFO] - Epoch:  202 | FVAL: 0.0017991
2019-07-24 15:11:12,670 - [INFO] - Epoch:  203 | FVAL: 0.0017973
2019-07-24 15:11:15,272 - [INFO] - Epoch:  204 | FVAL: 0.0017957
2019-07-24 15:11:17,860 - [INFO] - Epoch:  205 | FVAL: 0.0017943
2019-07-24 15:11:20,477 - [INFO] - Epoch:  206 | FVAL: 0.0017926
2019-07-24 15:11:23,104 - [INFO] - Epoch:  207 | FVAL: 0.0017909
2019-07-24 15:11:25,624 - [INFO] - Epoch:  208 | FVAL: 0.0017894
2019-07-24 15:11:28,204 - [INFO] - Epoch:  209 | FVAL: 0.0017879
2019-07-24 15:11:30,825 - [INFO] - Epoch:  210 | FVAL: 0.0017863
2019-07-24 15:11:33,388 - [INFO] - Epoch:  211 | FVAL: 0.0017845
2019-07-24 15:11:35,774 - [INFO] - Epoch:  212 | FVAL: 0.0017829
2019-07-24 15:11:38,369 - [INFO] - Epoch:  213 | FVAL: 0.0017815
2019-07-24 15:11:40,766 - [INFO] - Epoch:  214 | FVAL: 0.0017799
2019-07-24 15:11:43,193 - [INFO] - Epoch:  215 | FVAL: 0.0017784
2019-07-24 15:11:45,584 - [INFO] - Epoch:  216 | FVAL: 0.0017769
2019-07-24 15:11:48,190 - [INFO] - Epoch:  217 | FVAL: 0.0017754
2019-07-24 15:11:50,653 - [INFO] - Epoch:  218 | FVAL: 0.0017738
2019-07-24 15:11:53,288 - [INFO] - Epoch:  219 | FVAL: 0.0017724
2019-07-24 15:11:55,820 - [INFO] - Epoch:  220 | FVAL: 0.0017706
2019-07-24 15:11:58,236 - [INFO] - Epoch:  221 | FVAL: 0.0017689
2019-07-24 15:12:00,930 - [INFO] - Epoch:  222 | FVAL: 0.0017675
2019-07-24 15:12:03,550 - [INFO] - Epoch:  223 | FVAL: 0.0017658
2019-07-24 15:12:06,092 - [INFO] - Epoch:  224 | FVAL: 0.0017641
2019-07-24 15:12:08,697 - [INFO] - Epoch:  225 | FVAL: 0.0017623
2019-07-24 15:12:11,265 - [INFO] - Epoch:  226 | FVAL: 0.0017608
2019-07-24 15:12:13,865 - [INFO] - Epoch:  227 | FVAL: 0.0017592
2019-07-24 15:12:16,439 - [INFO] - Epoch:  228 | FVAL: 0.0017577
2019-07-24 15:12:19,015 - [INFO] - Epoch:  229 | FVAL: 0.0017562
2019-07-24 15:12:21,654 - [INFO] - Epoch:  230 | FVAL: 0.0017548
2019-07-24 15:12:24,241 - [INFO] - Epoch:  231 | FVAL: 0.0017533
2019-07-24 15:12:26,869 - [INFO] - Epoch:  232 | FVAL: 0.0017518
2019-07-24 15:12:29,482 - [INFO] - Epoch:  233 | FVAL: 0.0017503
2019-07-24 15:12:32,117 - [INFO] - Epoch:  234 | FVAL: 0.0017486
2019-07-24 15:12:34,665 - [INFO] - Epoch:  235 | FVAL: 0.0017470
2019-07-24 15:12:37,268 - [INFO] - Epoch:  236 | FVAL: 0.0017455
2019-07-24 15:12:39,873 - [INFO] - Epoch:  237 | FVAL: 0.0017441
2019-07-24 15:12:42,504 - [INFO] - Epoch:  238 | FVAL: 0.0017426
2019-07-24 15:12:45,135 - [INFO] - Epoch:  239 | FVAL: 0.0017412
2019-07-24 15:12:47,755 - [INFO] - Epoch:  240 | FVAL: 0.0017399
2019-07-24 15:12:50,351 - [INFO] - Epoch:  241 | FVAL: 0.0017385
2019-07-24 15:12:52,993 - [INFO] - Epoch:  242 | FVAL: 0.0017369
2019-07-24 15:12:55,633 - [INFO] - Epoch:  243 | FVAL: 0.0017354
2019-07-24 15:12:58,272 - [INFO] - Epoch:  244 | FVAL: 0.0017337
2019-07-24 15:13:01,045 - [INFO] - Epoch:  245 | FVAL: 0.0017319
2019-07-24 15:13:03,675 - [INFO] - Epoch:  246 | FVAL: 0.0017304
2019-07-24 15:13:06,193 - [INFO] - Epoch:  247 | FVAL: 0.0017289
2019-07-24 15:13:08,790 - [INFO] - Epoch:  248 | FVAL: 0.0017279
2019-07-24 15:13:11,398 - [INFO] - Epoch:  249 | FVAL: 0.0017263
2019-07-24 15:13:14,035 - [INFO] - Epoch:  250 | FVAL: 0.0017249
2019-07-24 15:13:16,649 - [INFO] - Epoch:  251 | FVAL: 0.0017237
2019-07-24 15:13:19,228 - [INFO] - Epoch:  252 | FVAL: 0.0017221
2019-07-24 15:13:21,797 - [INFO] - Epoch:  253 | FVAL: 0.0017206
2019-07-24 15:13:24,435 - [INFO] - Epoch:  254 | FVAL: 0.0017191
2019-07-24 15:13:27,024 - [INFO] - Epoch:  255 | FVAL: 0.0017177
2019-07-24 15:13:29,633 - [INFO] - Epoch:  256 | FVAL: 0.0017165
2019-07-24 15:13:31,979 - [INFO] - Epoch:  257 | FVAL: 0.0017154
2019-07-24 15:13:34,461 - [INFO] - Epoch:  258 | FVAL: 0.0017141
2019-07-24 15:13:37,055 - [INFO] - Epoch:  259 | FVAL: 0.0017128
2019-07-24 15:13:39,667 - [INFO] - Epoch:  260 | FVAL: 0.0017117
2019-07-24 15:13:42,280 - [INFO] - Epoch:  261 | FVAL: 0.0017103
2019-07-24 15:13:44,823 - [INFO] - Epoch:  262 | FVAL: 0.0017091
2019-07-24 15:13:47,345 - [INFO] - Epoch:  263 | FVAL: 0.0017079
2019-07-24 15:13:49,928 - [INFO] - Epoch:  264 | FVAL: 0.0017065
2019-07-24 15:13:52,529 - [INFO] - Epoch:  265 | FVAL: 0.0017053
2019-07-24 15:13:55,098 - [INFO] - Epoch:  266 | FVAL: 0.0017040
2019-07-24 15:13:57,740 - [INFO] - Epoch:  267 | FVAL: 0.0017028
2019-07-24 15:14:00,423 - [INFO] - Epoch:  268 | FVAL: 0.0017018
2019-07-24 15:14:02,978 - [INFO] - Epoch:  269 | FVAL: 0.0017005
2019-07-24 15:14:05,573 - [INFO] - Epoch:  270 | FVAL: 0.0016995
2019-07-24 15:14:08,160 - [INFO] - Epoch:  271 | FVAL: 0.0016981
2019-07-24 15:14:10,723 - [INFO] - Epoch:  272 | FVAL: 0.0016971
2019-07-24 15:24:59,142 - [INFO] - apcg-- N:38 | d:7129 | lambda:1e-05
2019-07-24 15:24:59,143 - [INFO] - Function value sequence convergence criteria.
2019-07-24 15:24:59,143 - [INFO] - Epoch:    0 | FVAL: 0.3465736
2019-07-24 15:25:01,870 - [INFO] - Epoch:    1 | FVAL: 0.0005516
2019-07-24 15:25:04,330 - [INFO] - Epoch:    2 | FVAL: 0.0004476
2019-07-24 15:25:06,798 - [INFO] - Epoch:    3 | FVAL: 0.0004235
2019-07-24 15:25:09,332 - [INFO] - Epoch:    4 | FVAL: 0.0004132
2019-07-24 15:25:11,882 - [INFO] - Epoch:    5 | FVAL: 0.0004066
2019-07-24 15:25:14,501 - [INFO] - Epoch:    6 | FVAL: 0.0004020
2019-07-24 15:25:16,942 - [INFO] - Epoch:    7 | FVAL: 0.0003986
2019-07-24 15:25:19,418 - [INFO] - Epoch:    8 | FVAL: 0.0003959
2019-07-24 15:25:22,218 - [INFO] - Epoch:    9 | FVAL: 0.0003935
2019-07-24 15:25:24,699 - [INFO] - Epoch:   10 | FVAL: 0.0003915
2019-07-24 15:25:27,396 - [INFO] - Epoch:   11 | FVAL: 0.0003897
2019-07-24 15:25:29,833 - [INFO] - Epoch:   12 | FVAL: 0.0003882
2019-07-24 15:25:32,257 - [INFO] - Epoch:   13 | FVAL: 0.0003867
2019-07-24 15:25:34,698 - [INFO] - Epoch:   14 | FVAL: 0.0003854
2019-07-24 15:25:37,182 - [INFO] - Epoch:   15 | FVAL: 0.0003841
2019-07-24 15:25:39,686 - [INFO] - Epoch:   16 | FVAL: 0.0003829
2019-07-24 15:25:42,127 - [INFO] - Epoch:   17 | FVAL: 0.0003819
2019-07-24 15:25:44,623 - [INFO] - Epoch:   18 | FVAL: 0.0003808
2019-07-24 15:25:47,055 - [INFO] - Epoch:   19 | FVAL: 0.0003798
2019-07-24 15:27:59,626 - [INFO] - apcg-- N:38 | d:7129 | lambda:1e-06
2019-07-24 15:27:59,627 - [INFO] - Function value sequence convergence criteria.
2019-07-24 15:27:59,627 - [INFO] - Epoch:    0 | FVAL: 0.3465736
2019-07-24 15:28:02,399 - [INFO] - Epoch:    1 | FVAL: 0.0002841
2019-07-24 15:28:04,984 - [INFO] - Epoch:    2 | FVAL: 0.0001503
2019-07-24 15:28:07,618 - [INFO] - Epoch:    3 | FVAL: 0.0001146
2019-07-24 15:28:10,178 - [INFO] - Epoch:    4 | FVAL: 0.0000986
2019-07-24 15:28:12,726 - [INFO] - Epoch:    5 | FVAL: 0.0000890
2019-07-24 15:28:15,221 - [INFO] - Epoch:    6 | FVAL: 0.0000822
2019-07-24 15:28:17,951 - [INFO] - Epoch:    7 | FVAL: 0.0000773
2019-07-24 15:28:20,523 - [INFO] - Epoch:    8 | FVAL: 0.0000734
2019-07-24 15:28:23,263 - [INFO] - Epoch:    9 | FVAL: 0.0000704
2019-07-24 15:28:25,826 - [INFO] - Epoch:   10 | FVAL: 0.0000679
2019-07-24 15:28:28,466 - [INFO] - Epoch:   11 | FVAL: 0.0000659
2019-07-24 15:28:31,173 - [INFO] - Epoch:   12 | FVAL: 0.0000642
2019-07-24 15:28:33,908 - [INFO] - Epoch:   13 | FVAL: 0.0000628
2019-07-24 15:28:36,358 - [INFO] - Epoch:   14 | FVAL: 0.0000615
2019-07-24 15:28:38,959 - [INFO] - Epoch:   15 | FVAL: 0.0000605
2019-07-24 15:28:41,524 - [INFO] - Epoch:   16 | FVAL: 0.0000595
