2019-07-24 15:22:53,470 - [INFO] - cgd-- N:38 | d:7129 | lambda:0.0001
2019-07-24 15:22:53,470 - [INFO] - Function value sequence convergence criteria.
2019-07-24 15:22:53,471 - [INFO] - Epoch:    0 | FVAL: 0.3465736
2019-07-24 15:22:55,699 - [INFO] - Epoch:    1 | FVAL: 0.0050207
2019-07-24 15:22:57,895 - [INFO] - Epoch:    2 | FVAL: 0.0028782
2019-07-24 15:23:00,223 - [INFO] - Epoch:    3 | FVAL: 0.0023209
2019-07-24 15:23:02,600 - [INFO] - Epoch:    4 | FVAL: 0.0020107
2019-07-24 15:23:05,049 - [INFO] - Epoch:    5 | FVAL: 0.0018380
2019-07-24 15:23:07,427 - [INFO] - Epoch:    6 | FVAL: 0.0017405
2019-07-24 15:23:09,653 - [INFO] - Epoch:    7 | FVAL: 0.0016738
2019-07-24 15:23:11,943 - [INFO] - Epoch:    8 | FVAL: 0.0016122
2019-07-24 15:23:14,155 - [INFO] - Epoch:    9 | FVAL: 0.0015757
2019-07-24 15:23:16,349 - [INFO] - Epoch:   10 | FVAL: 0.0015431
2019-07-24 15:23:18,563 - [INFO] - Epoch:   11 | FVAL: 0.0015139
2019-07-24 15:23:20,753 - [INFO] - Epoch:   12 | FVAL: 0.0014848
2019-07-24 15:23:22,968 - [INFO] - Epoch:   13 | FVAL: 0.0014611
2019-07-24 15:23:25,167 - [INFO] - Epoch:   14 | FVAL: 0.0014356
2019-07-24 15:23:27,386 - [INFO] - Epoch:   15 | FVAL: 0.0014143
2019-07-24 15:23:29,589 - [INFO] - Epoch:   16 | FVAL: 0.0013985
2019-07-24 15:23:31,820 - [INFO] - Epoch:   17 | FVAL: 0.0013844
2019-07-24 15:23:34,029 - [INFO] - Epoch:   18 | FVAL: 0.0013704
2019-07-24 15:23:36,264 - [INFO] - Epoch:   19 | FVAL: 0.0013537
2019-07-24 15:23:38,462 - [INFO] - Epoch:   20 | FVAL: 0.0013394
2019-07-24 15:23:40,682 - [INFO] - Epoch:   21 | FVAL: 0.0013275
2019-07-24 15:23:42,881 - [INFO] - Epoch:   22 | FVAL: 0.0013142
2019-07-24 15:23:45,104 - [INFO] - Epoch:   23 | FVAL: 0.0013020
2019-07-24 15:23:47,313 - [INFO] - Epoch:   24 | FVAL: 0.0012905
2019-07-24 15:23:49,543 - [INFO] - Epoch:   25 | FVAL: 0.0012809
2019-07-24 15:23:51,742 - [INFO] - Epoch:   26 | FVAL: 0.0012724
2019-07-24 15:23:53,963 - [INFO] - Epoch:   27 | FVAL: 0.0012651
2019-07-24 15:23:56,170 - [INFO] - Epoch:   28 | FVAL: 0.0012565
2019-07-24 15:23:58,388 - [INFO] - Epoch:   29 | FVAL: 0.0012473
2019-07-24 15:24:00,753 - [INFO] - Epoch:   30 | FVAL: 0.0012408
2019-07-24 15:24:02,972 - [INFO] - Epoch:   31 | FVAL: 0.0012376
2019-07-24 15:24:05,173 - [INFO] - Epoch:   32 | FVAL: 0.0012347
2019-07-24 15:24:07,396 - [INFO] - Epoch:   33 | FVAL: 0.0012322
2019-07-24 15:24:09,645 - [INFO] - Epoch:   34 | FVAL: 0.0012301
2019-07-24 15:24:12,084 - [INFO] - Epoch:   35 | FVAL: 0.0012282
2019-07-24 15:24:14,298 - [INFO] - Epoch:   36 | FVAL: 0.0012266
2019-07-24 15:24:16,537 - [INFO] - Epoch:   37 | FVAL: 0.0012251
2019-07-24 15:24:18,753 - [INFO] - Epoch:   38 | FVAL: 0.0012237
2019-07-24 15:24:20,992 - [INFO] - Epoch:   39 | FVAL: 0.0012225
2019-07-24 15:24:23,206 - [INFO] - Epoch:   40 | FVAL: 0.0012214
2019-07-24 15:24:25,437 - [INFO] - Epoch:   41 | FVAL: 0.0012206
2019-07-24 15:26:19,343 - [INFO] - cgd-- N:38 | d:7129 | lambda:1e-05
2019-07-24 15:26:19,344 - [INFO] - Function value sequence convergence criteria.
2019-07-24 15:26:19,344 - [INFO] - Epoch:    0 | FVAL: 0.3465736
2019-07-24 15:26:21,578 - [INFO] - Epoch:    1 | FVAL: 0.0006489
2019-07-24 15:26:23,806 - [INFO] - Epoch:    2 | FVAL: 0.0003723
2019-07-24 15:26:26,037 - [INFO] - Epoch:    3 | FVAL: 0.0003019
2019-07-24 15:26:28,264 - [INFO] - Epoch:    4 | FVAL: 0.0002644
2019-07-24 15:26:30,487 - [INFO] - Epoch:    5 | FVAL: 0.0002420
2019-07-24 15:26:32,710 - [INFO] - Epoch:    6 | FVAL: 0.0002282
2019-07-24 15:26:34,926 - [INFO] - Epoch:    7 | FVAL: 0.0002200
2019-07-24 15:26:37,151 - [INFO] - Epoch:    8 | FVAL: 0.0002138
2019-07-24 15:26:39,378 - [INFO] - Epoch:    9 | FVAL: 0.0002086
2019-07-24 15:26:41,604 - [INFO] - Epoch:   10 | FVAL: 0.0002042
2019-07-24 15:26:43,832 - [INFO] - Epoch:   11 | FVAL: 0.0001993
2019-07-24 15:26:46,057 - [INFO] - Epoch:   12 | FVAL: 0.0001958
2019-07-24 15:26:48,279 - [INFO] - Epoch:   13 | FVAL: 0.0001933
2019-07-24 15:26:50,498 - [INFO] - Epoch:   14 | FVAL: 0.0001909
2019-07-24 15:26:52,716 - [INFO] - Epoch:   15 | FVAL: 0.0001886
2019-07-24 15:26:54,936 - [INFO] - Epoch:   16 | FVAL: 0.0001864
2019-07-24 15:26:57,161 - [INFO] - Epoch:   17 | FVAL: 0.0001842
2019-07-24 15:26:59,381 - [INFO] - Epoch:   18 | FVAL: 0.0001823
2019-07-24 15:27:01,788 - [INFO] - Epoch:   19 | FVAL: 0.0001807
2019-07-24 15:27:04,003 - [INFO] - Epoch:   20 | FVAL: 0.0001789
2019-07-24 15:27:06,357 - [INFO] - Epoch:   21 | FVAL: 0.0001771
2019-07-24 15:27:08,582 - [INFO] - Epoch:   22 | FVAL: 0.0001755
2019-07-24 15:27:10,800 - [INFO] - Epoch:   23 | FVAL: 0.0001738
2019-07-24 15:27:13,016 - [INFO] - Epoch:   24 | FVAL: 0.0001724
2019-07-24 15:27:15,353 - [INFO] - Epoch:   25 | FVAL: 0.0001710
2019-07-24 15:27:17,770 - [INFO] - Epoch:   26 | FVAL: 0.0001697
2019-07-24 15:27:20,164 - [INFO] - Epoch:   27 | FVAL: 0.0001684
2019-07-24 15:27:22,551 - [INFO] - Epoch:   28 | FVAL: 0.0001674
2019-07-24 15:27:24,794 - [INFO] - Epoch:   29 | FVAL: 0.0001662
2019-07-24 15:27:27,022 - [INFO] - Epoch:   30 | FVAL: 0.0001649
2019-07-24 15:27:29,257 - [INFO] - Epoch:   31 | FVAL: 0.0001636
2019-07-24 15:27:31,485 - [INFO] - Epoch:   32 | FVAL: 0.0001623
2019-07-24 15:27:33,719 - [INFO] - Epoch:   33 | FVAL: 0.0001615
2019-07-24 15:29:07,819 - [INFO] - cgd-- N:38 | d:7129 | lambda:1e-06
2019-07-24 15:29:07,820 - [INFO] - Function value sequence convergence criteria.
2019-07-24 15:29:07,820 - [INFO] - Epoch:    0 | FVAL: 0.3465736
2019-07-24 15:29:10,084 - [INFO] - Epoch:    1 | FVAL: 0.0000797
2019-07-24 15:29:12,314 - [INFO] - Epoch:    2 | FVAL: 0.0000463
2019-07-24 15:29:14,566 - [INFO] - Epoch:    3 | FVAL: 0.0000377
2019-07-24 15:29:16,776 - [INFO] - Epoch:    4 | FVAL: 0.0000328
2019-07-24 15:29:19,132 - [INFO] - Epoch:    5 | FVAL: 0.0000303
2019-07-24 15:29:21,347 - [INFO] - Epoch:    6 | FVAL: 0.0000282
2019-07-24 15:29:23,591 - [INFO] - Epoch:    7 | FVAL: 0.0000271
2019-07-24 15:29:25,805 - [INFO] - Epoch:    8 | FVAL: 0.0000263
