2019-07-24 14:31:38,979 - [INFO] - cgd-- N:38 | d:7129 | lambda:0.01
2019-07-24 14:31:38,979 - [INFO] - Function value sequence convergence criteria.
2019-07-24 14:31:38,979 - [INFO] - Epoch:    0 | FVAL: 0.3465736
2019-07-24 14:31:41,219 - [INFO] - Epoch:    1 | FVAL: 0.1460765
2019-07-24 14:31:43,448 - [INFO] - Epoch:    2 | FVAL: 0.0939163
2019-07-24 14:31:45,669 - [INFO] - Epoch:    3 | FVAL: 0.0821151
2019-07-24 14:31:47,893 - [INFO] - Epoch:    4 | FVAL: 0.0753988
2019-07-24 14:31:50,111 - [INFO] - Epoch:    5 | FVAL: 0.0715278
2019-07-24 14:31:52,437 - [INFO] - Epoch:    6 | FVAL: 0.0688022
2019-07-24 14:31:54,659 - [INFO] - Epoch:    7 | FVAL: 0.0667319
2019-07-24 14:31:56,873 - [INFO] - Epoch:    8 | FVAL: 0.0650831
2019-07-24 14:31:59,092 - [INFO] - Epoch:    9 | FVAL: 0.0638073
2019-07-24 14:32:01,493 - [INFO] - Epoch:   10 | FVAL: 0.0625794
2019-07-24 14:32:03,722 - [INFO] - Epoch:   11 | FVAL: 0.0614178
2019-07-24 14:32:05,947 - [INFO] - Epoch:   12 | FVAL: 0.0607054
2019-07-24 14:32:08,176 - [INFO] - Epoch:   13 | FVAL: 0.0600831
2019-07-24 14:32:10,412 - [INFO] - Epoch:   14 | FVAL: 0.0593210
2019-07-24 14:32:12,636 - [INFO] - Epoch:   15 | FVAL: 0.0590819
2019-07-24 14:32:14,871 - [INFO] - Epoch:   16 | FVAL: 0.0589316
2019-07-24 14:32:17,097 - [INFO] - Epoch:   17 | FVAL: 0.0588061
2019-07-24 14:32:19,328 - [INFO] - Epoch:   18 | FVAL: 0.0587118
2019-07-24 14:32:21,557 - [INFO] - Epoch:   19 | FVAL: 0.0586349
2019-07-24 14:32:23,788 - [INFO] - Epoch:   20 | FVAL: 0.0585710
2019-07-24 14:32:26,011 - [INFO] - Epoch:   21 | FVAL: 0.0585172
2019-07-24 14:32:28,250 - [INFO] - Epoch:   22 | FVAL: 0.0584749
2019-07-24 14:32:30,486 - [INFO] - Epoch:   23 | FVAL: 0.0584329
2019-07-24 14:32:32,723 - [INFO] - Epoch:   24 | FVAL: 0.0583899
2019-07-24 14:32:34,994 - [INFO] - Epoch:   25 | FVAL: 0.0583466
2019-07-24 14:32:37,277 - [INFO] - Epoch:   26 | FVAL: 0.0583052
2019-07-24 14:32:39,511 - [INFO] - Epoch:   27 | FVAL: 0.0582645
2019-07-24 14:32:41,745 - [INFO] - Epoch:   28 | FVAL: 0.0582248
2019-07-24 14:32:44,111 - [INFO] - Epoch:   29 | FVAL: 0.0581856
2019-07-24 14:32:46,359 - [INFO] - Epoch:   30 | FVAL: 0.0581469
2019-07-24 14:32:48,585 - [INFO] - Epoch:   31 | FVAL: 0.0581148
2019-07-24 14:32:50,817 - [INFO] - Epoch:   32 | FVAL: 0.0580886
2019-07-24 14:32:53,039 - [INFO] - Epoch:   33 | FVAL: 0.0580678
2019-07-24 14:32:55,276 - [INFO] - Epoch:   34 | FVAL: 0.0580517
2019-07-24 14:32:57,578 - [INFO] - Epoch:   35 | FVAL: 0.0580392
2019-07-24 14:32:59,823 - [INFO] - Epoch:   36 | FVAL: 0.0580295
2019-07-24 14:33:02,210 - [INFO] - Epoch:   37 | FVAL: 0.0580216
2019-07-24 14:33:04,440 - [INFO] - Epoch:   38 | FVAL: 0.0580152
2019-07-24 14:33:06,669 - [INFO] - Epoch:   39 | FVAL: 0.0580099
2019-07-24 14:33:09,109 - [INFO] - Epoch:   40 | FVAL: 0.0580054
2019-07-24 14:33:11,336 - [INFO] - Epoch:   41 | FVAL: 0.0580018
2019-07-24 14:33:13,564 - [INFO] - Epoch:   42 | FVAL: 0.0579994
2019-07-24 14:33:15,793 - [INFO] - Epoch:   43 | FVAL: 0.0579977
2019-07-24 14:33:18,048 - [INFO] - Epoch:   44 | FVAL: 0.0579964
2019-07-24 14:33:20,280 - [INFO] - Epoch:   45 | FVAL: 0.0579955
2019-07-24 14:52:55,471 - [INFO] - cgd-- N:38 | d:7129 | lambda:0.001
2019-07-24 14:52:55,471 - [INFO] - Function value sequence convergence criteria.
2019-07-24 14:52:55,471 - [INFO] - Epoch:    0 | FVAL: 0.3465736
2019-07-24 14:52:57,709 - [INFO] - Epoch:    1 | FVAL: 0.0342459
2019-07-24 14:52:59,936 - [INFO] - Epoch:    2 | FVAL: 0.0190015
2019-07-24 14:53:02,360 - [INFO] - Epoch:    3 | FVAL: 0.0154257
2019-07-24 14:53:04,584 - [INFO] - Epoch:    4 | FVAL: 0.0136957
2019-07-24 14:53:06,813 - [INFO] - Epoch:    5 | FVAL: 0.0127207
2019-07-24 14:53:09,043 - [INFO] - Epoch:    6 | FVAL: 0.0121506
2019-07-24 14:53:11,273 - [INFO] - Epoch:    7 | FVAL: 0.0116090
2019-07-24 14:53:13,505 - [INFO] - Epoch:    8 | FVAL: 0.0112439
2019-07-24 14:53:15,728 - [INFO] - Epoch:    9 | FVAL: 0.0109728
2019-07-24 14:53:17,954 - [INFO] - Epoch:   10 | FVAL: 0.0107117
2019-07-24 14:53:20,369 - [INFO] - Epoch:   11 | FVAL: 0.0105000
2019-07-24 14:53:22,689 - [INFO] - Epoch:   12 | FVAL: 0.0102986
2019-07-24 14:53:24,925 - [INFO] - Epoch:   13 | FVAL: 0.0101518
2019-07-24 14:53:27,160 - [INFO] - Epoch:   14 | FVAL: 0.0100093
2019-07-24 14:53:29,396 - [INFO] - Epoch:   15 | FVAL: 0.0098797
2019-07-24 14:53:31,628 - [INFO] - Epoch:   16 | FVAL: 0.0097635
2019-07-24 14:53:33,860 - [INFO] - Epoch:   17 | FVAL: 0.0096241
2019-07-24 14:53:36,134 - [INFO] - Epoch:   18 | FVAL: 0.0095125
2019-07-24 14:53:38,362 - [INFO] - Epoch:   19 | FVAL: 0.0094275
2019-07-24 14:53:40,594 - [INFO] - Epoch:   20 | FVAL: 0.0093572
2019-07-24 14:53:42,821 - [INFO] - Epoch:   21 | FVAL: 0.0092855
2019-07-24 14:53:45,044 - [INFO] - Epoch:   22 | FVAL: 0.0091940
2019-07-24 14:53:47,269 - [INFO] - Epoch:   23 | FVAL: 0.0091470
2019-07-24 14:53:49,494 - [INFO] - Epoch:   24 | FVAL: 0.0091246
2019-07-24 14:53:51,714 - [INFO] - Epoch:   25 | FVAL: 0.0091051
2019-07-24 14:53:53,937 - [INFO] - Epoch:   26 | FVAL: 0.0090877
2019-07-24 14:53:56,161 - [INFO] - Epoch:   27 | FVAL: 0.0090722
2019-07-24 14:53:58,394 - [INFO] - Epoch:   28 | FVAL: 0.0090589
2019-07-24 14:54:00,822 - [INFO] - Epoch:   29 | FVAL: 0.0090470
2019-07-24 14:54:03,049 - [INFO] - Epoch:   30 | FVAL: 0.0090390
2019-07-24 14:54:05,281 - [INFO] - Epoch:   31 | FVAL: 0.0090330
2019-07-24 14:54:07,510 - [INFO] - Epoch:   32 | FVAL: 0.0090278
2019-07-24 14:54:09,740 - [INFO] - Epoch:   33 | FVAL: 0.0090228
2019-07-24 14:54:11,969 - [INFO] - Epoch:   34 | FVAL: 0.0090173
2019-07-24 14:54:14,208 - [INFO] - Epoch:   35 | FVAL: 0.0090118
2019-07-24 14:54:16,443 - [INFO] - Epoch:   36 | FVAL: 0.0090063
2019-07-24 14:54:18,682 - [INFO] - Epoch:   37 | FVAL: 0.0090008
2019-07-24 14:54:21,038 - [INFO] - Epoch:   38 | FVAL: 0.0089958
2019-07-24 14:54:23,383 - [INFO] - Epoch:   39 | FVAL: 0.0089911
2019-07-24 14:54:25,623 - [INFO] - Epoch:   40 | FVAL: 0.0089866
2019-07-24 14:54:27,870 - [INFO] - Epoch:   41 | FVAL: 0.0089821
2019-07-24 14:54:30,175 - [INFO] - Epoch:   42 | FVAL: 0.0089779
2019-07-24 14:54:32,407 - [INFO] - Epoch:   43 | FVAL: 0.0089738
2019-07-24 14:54:34,637 - [INFO] - Epoch:   44 | FVAL: 0.0089700
2019-07-24 14:54:36,993 - [INFO] - Epoch:   45 | FVAL: 0.0089663
2019-07-24 14:54:39,230 - [INFO] - Epoch:   46 | FVAL: 0.0089627
2019-07-24 14:54:41,465 - [INFO] - Epoch:   47 | FVAL: 0.0089588
2019-07-24 14:54:43,694 - [INFO] - Epoch:   48 | FVAL: 0.0089554
2019-07-24 14:54:45,936 - [INFO] - Epoch:   49 | FVAL: 0.0089525
2019-07-24 14:54:48,171 - [INFO] - Epoch:   50 | FVAL: 0.0089500
2019-07-24 14:54:50,402 - [INFO] - Epoch:   51 | FVAL: 0.0089479
2019-07-24 14:54:52,639 - [INFO] - Epoch:   52 | FVAL: 0.0089460
2019-07-24 14:54:54,874 - [INFO] - Epoch:   53 | FVAL: 0.0089443
2019-07-24 14:54:57,231 - [INFO] - Epoch:   54 | FVAL: 0.0089429
2019-07-24 14:54:59,545 - [INFO] - Epoch:   55 | FVAL: 0.0089416
2019-07-24 14:55:01,984 - [INFO] - Epoch:   56 | FVAL: 0.0089405
2019-07-24 14:55:04,209 - [INFO] - Epoch:   57 | FVAL: 0.0089394
2019-07-24 14:55:06,439 - [INFO] - Epoch:   58 | FVAL: 0.0089385
2019-07-24 15:22:53,470 - [INFO] - cgd-- N:38 | d:7129 | lambda:0.0001
2019-07-24 15:22:53,470 - [INFO] - Function value sequence convergence criteria.
2019-07-24 15:22:53,471 - [INFO] - Epoch:    0 | FVAL: 0.3465736
2019-07-24 15:22:55,699 - [INFO] - Epoch:    1 | FVAL: 0.0050207
2019-07-24 15:22:57,895 - [INFO] - Epoch:    2 | FVAL: 0.0028782
2019-07-24 15:23:00,223 - [INFO] - Epoch:    3 | FVAL: 0.0023209
2019-07-24 15:23:02,600 - [INFO] - Epoch:    4 | FVAL: 0.0020107
2019-07-24 15:23:05,049 - [INFO] - Epoch:    5 | FVAL: 0.0018380
2019-07-24 15:23:07,427 - [INFO] - Epoch:    6 | FVAL: 0.0017405
2019-07-24 15:23:09,653 - [INFO] - Epoch:    7 | FVAL: 0.0016738
2019-07-24 15:23:11,943 - [INFO] - Epoch:    8 | FVAL: 0.0016122
2019-07-24 15:23:14,155 - [INFO] - Epoch:    9 | FVAL: 0.0015757
2019-07-24 15:23:16,349 - [INFO] - Epoch:   10 | FVAL: 0.0015431
2019-07-24 15:23:18,563 - [INFO] - Epoch:   11 | FVAL: 0.0015139
2019-07-24 15:23:20,753 - [INFO] - Epoch:   12 | FVAL: 0.0014848
2019-07-24 15:23:22,968 - [INFO] - Epoch:   13 | FVAL: 0.0014611
2019-07-24 15:23:25,167 - [INFO] - Epoch:   14 | FVAL: 0.0014356
2019-07-24 15:23:27,386 - [INFO] - Epoch:   15 | FVAL: 0.0014143
2019-07-24 15:23:29,589 - [INFO] - Epoch:   16 | FVAL: 0.0013985
2019-07-24 15:23:31,820 - [INFO] - Epoch:   17 | FVAL: 0.0013844
2019-07-24 15:23:34,029 - [INFO] - Epoch:   18 | FVAL: 0.0013704
2019-07-24 15:23:36,264 - [INFO] - Epoch:   19 | FVAL: 0.0013537
2019-07-24 15:23:38,462 - [INFO] - Epoch:   20 | FVAL: 0.0013394
2019-07-24 15:23:40,682 - [INFO] - Epoch:   21 | FVAL: 0.0013275
2019-07-24 15:23:42,881 - [INFO] - Epoch:   22 | FVAL: 0.0013142
2019-07-24 15:23:45,104 - [INFO] - Epoch:   23 | FVAL: 0.0013020
2019-07-24 15:23:47,313 - [INFO] - Epoch:   24 | FVAL: 0.0012905
2019-07-24 15:23:49,543 - [INFO] - Epoch:   25 | FVAL: 0.0012809
2019-07-24 15:23:51,742 - [INFO] - Epoch:   26 | FVAL: 0.0012724
2019-07-24 15:23:53,963 - [INFO] - Epoch:   27 | FVAL: 0.0012651
2019-07-24 15:23:56,170 - [INFO] - Epoch:   28 | FVAL: 0.0012565
2019-07-24 15:23:58,388 - [INFO] - Epoch:   29 | FVAL: 0.0012473
2019-07-24 15:24:00,753 - [INFO] - Epoch:   30 | FVAL: 0.0012408
2019-07-24 15:24:02,972 - [INFO] - Epoch:   31 | FVAL: 0.0012376
2019-07-24 15:24:05,173 - [INFO] - Epoch:   32 | FVAL: 0.0012347
2019-07-24 15:24:07,396 - [INFO] - Epoch:   33 | FVAL: 0.0012322
2019-07-24 15:24:09,645 - [INFO] - Epoch:   34 | FVAL: 0.0012301
2019-07-24 15:24:12,084 - [INFO] - Epoch:   35 | FVAL: 0.0012282
2019-07-24 15:24:14,298 - [INFO] - Epoch:   36 | FVAL: 0.0012266
2019-07-24 15:24:16,537 - [INFO] - Epoch:   37 | FVAL: 0.0012251
2019-07-24 15:24:18,753 - [INFO] - Epoch:   38 | FVAL: 0.0012237
2019-07-24 15:24:20,992 - [INFO] - Epoch:   39 | FVAL: 0.0012225
2019-07-24 15:24:23,206 - [INFO] - Epoch:   40 | FVAL: 0.0012214
2019-07-24 15:24:25,437 - [INFO] - Epoch:   41 | FVAL: 0.0012206
2019-07-24 15:26:19,343 - [INFO] - cgd-- N:38 | d:7129 | lambda:1e-05
2019-07-24 15:26:19,344 - [INFO] - Function value sequence convergence criteria.
2019-07-24 15:26:19,344 - [INFO] - Epoch:    0 | FVAL: 0.3465736
2019-07-24 15:26:21,578 - [INFO] - Epoch:    1 | FVAL: 0.0006489
2019-07-24 15:26:23,806 - [INFO] - Epoch:    2 | FVAL: 0.0003723
2019-07-24 15:26:26,037 - [INFO] - Epoch:    3 | FVAL: 0.0003019
2019-07-24 15:26:28,264 - [INFO] - Epoch:    4 | FVAL: 0.0002644
2019-07-24 15:26:30,487 - [INFO] - Epoch:    5 | FVAL: 0.0002420
2019-07-24 15:26:32,710 - [INFO] - Epoch:    6 | FVAL: 0.0002282
2019-07-24 15:26:34,926 - [INFO] - Epoch:    7 | FVAL: 0.0002200
2019-07-24 15:26:37,151 - [INFO] - Epoch:    8 | FVAL: 0.0002138
2019-07-24 15:26:39,378 - [INFO] - Epoch:    9 | FVAL: 0.0002086
2019-07-24 15:26:41,604 - [INFO] - Epoch:   10 | FVAL: 0.0002042
2019-07-24 15:26:43,832 - [INFO] - Epoch:   11 | FVAL: 0.0001993
2019-07-24 15:26:46,057 - [INFO] - Epoch:   12 | FVAL: 0.0001958
2019-07-24 15:26:48,279 - [INFO] - Epoch:   13 | FVAL: 0.0001933
2019-07-24 15:26:50,498 - [INFO] - Epoch:   14 | FVAL: 0.0001909
2019-07-24 15:26:52,716 - [INFO] - Epoch:   15 | FVAL: 0.0001886
2019-07-24 15:26:54,936 - [INFO] - Epoch:   16 | FVAL: 0.0001864
2019-07-24 15:26:57,161 - [INFO] - Epoch:   17 | FVAL: 0.0001842
2019-07-24 15:26:59,381 - [INFO] - Epoch:   18 | FVAL: 0.0001823
2019-07-24 15:27:01,788 - [INFO] - Epoch:   19 | FVAL: 0.0001807
2019-07-24 15:27:04,003 - [INFO] - Epoch:   20 | FVAL: 0.0001789
2019-07-24 15:27:06,357 - [INFO] - Epoch:   21 | FVAL: 0.0001771
2019-07-24 15:27:08,582 - [INFO] - Epoch:   22 | FVAL: 0.0001755
2019-07-24 15:27:10,800 - [INFO] - Epoch:   23 | FVAL: 0.0001738
2019-07-24 15:27:13,016 - [INFO] - Epoch:   24 | FVAL: 0.0001724
2019-07-24 15:27:15,353 - [INFO] - Epoch:   25 | FVAL: 0.0001710
2019-07-24 15:27:17,770 - [INFO] - Epoch:   26 | FVAL: 0.0001697
2019-07-24 15:27:20,164 - [INFO] - Epoch:   27 | FVAL: 0.0001684
2019-07-24 15:27:22,551 - [INFO] - Epoch:   28 | FVAL: 0.0001674
2019-07-24 15:27:24,794 - [INFO] - Epoch:   29 | FVAL: 0.0001662
2019-07-24 15:27:27,022 - [INFO] - Epoch:   30 | FVAL: 0.0001649
2019-07-24 15:27:29,257 - [INFO] - Epoch:   31 | FVAL: 0.0001636
2019-07-24 15:27:31,485 - [INFO] - Epoch:   32 | FVAL: 0.0001623
2019-07-24 15:27:33,719 - [INFO] - Epoch:   33 | FVAL: 0.0001615
2019-07-24 15:29:07,819 - [INFO] - cgd-- N:38 | d:7129 | lambda:1e-06
2019-07-24 15:29:07,820 - [INFO] - Function value sequence convergence criteria.
2019-07-24 15:29:07,820 - [INFO] - Epoch:    0 | FVAL: 0.3465736
2019-07-24 15:29:10,084 - [INFO] - Epoch:    1 | FVAL: 0.0000797
2019-07-24 15:29:12,314 - [INFO] - Epoch:    2 | FVAL: 0.0000463
2019-07-24 15:29:14,566 - [INFO] - Epoch:    3 | FVAL: 0.0000377
2019-07-24 15:29:16,776 - [INFO] - Epoch:    4 | FVAL: 0.0000328
2019-07-24 15:29:19,132 - [INFO] - Epoch:    5 | FVAL: 0.0000303
2019-07-24 15:29:21,347 - [INFO] - Epoch:    6 | FVAL: 0.0000282
2019-07-24 15:29:23,591 - [INFO] - Epoch:    7 | FVAL: 0.0000271
2019-07-24 15:29:25,805 - [INFO] - Epoch:    8 | FVAL: 0.0000263
