2019-07-24 15:14:10,726 - [INFO] - csum-- N:38 | d:7129 | lambda:0.0001
2019-07-24 15:14:10,726 - [INFO] - Function value sequence convergence criteria.
2019-07-24 15:14:10,726 - [INFO] - Epoch:    0 | FVAL: 0.3465736
2019-07-24 15:14:11,697 - [INFO] - Epoch:    1 | FVAL: 0.3465736
2019-07-24 15:14:12,645 - [INFO] - Epoch:    2 | FVAL: 0.0047033
2019-07-24 15:14:13,517 - [INFO] - Epoch:    3 | FVAL: 0.0044226
2019-07-24 15:14:14,394 - [INFO] - Epoch:    4 | FVAL: 0.0043113
2019-07-24 15:14:15,265 - [INFO] - Epoch:    5 | FVAL: 0.0042364
2019-07-24 15:14:16,133 - [INFO] - Epoch:    6 | FVAL: 0.0041760
2019-07-24 15:14:16,997 - [INFO] - Epoch:    7 | FVAL: 0.0041235
2019-07-24 15:14:17,861 - [INFO] - Epoch:    8 | FVAL: 0.0040768
2019-07-24 15:14:18,726 - [INFO] - Epoch:    9 | FVAL: 0.0040350
2019-07-24 15:14:19,587 - [INFO] - Epoch:   10 | FVAL: 0.0039970
2019-07-24 15:14:20,450 - [INFO] - Epoch:   11 | FVAL: 0.0039618
2019-07-24 15:14:21,308 - [INFO] - Epoch:   12 | FVAL: 0.0039290
2019-07-24 15:14:22,167 - [INFO] - Epoch:   13 | FVAL: 0.0038982
2019-07-24 15:14:23,026 - [INFO] - Epoch:   14 | FVAL: 0.0038692
2019-07-24 15:14:23,884 - [INFO] - Epoch:   15 | FVAL: 0.0038420
2019-07-24 15:14:24,744 - [INFO] - Epoch:   16 | FVAL: 0.0038160
2019-07-24 15:14:25,598 - [INFO] - Epoch:   17 | FVAL: 0.0037914
2019-07-24 15:14:26,455 - [INFO] - Epoch:   18 | FVAL: 0.0037680
2019-07-24 15:14:27,313 - [INFO] - Epoch:   19 | FVAL: 0.0037459
2019-07-24 15:14:28,169 - [INFO] - Epoch:   20 | FVAL: 0.0037247
2019-07-24 15:14:29,026 - [INFO] - Epoch:   21 | FVAL: 0.0037043
2019-07-24 15:14:29,882 - [INFO] - Epoch:   22 | FVAL: 0.0036847
2019-07-24 15:14:30,737 - [INFO] - Epoch:   23 | FVAL: 0.0036656
2019-07-24 15:14:31,591 - [INFO] - Epoch:   24 | FVAL: 0.0036472
2019-07-24 15:14:32,445 - [INFO] - Epoch:   25 | FVAL: 0.0036294
2019-07-24 15:14:33,301 - [INFO] - Epoch:   26 | FVAL: 0.0036122
2019-07-24 15:14:34,157 - [INFO] - Epoch:   27 | FVAL: 0.0035953
2019-07-24 15:14:35,014 - [INFO] - Epoch:   28 | FVAL: 0.0035787
2019-07-24 15:14:35,869 - [INFO] - Epoch:   29 | FVAL: 0.0035625
2019-07-24 15:14:36,723 - [INFO] - Epoch:   30 | FVAL: 0.0035469
2019-07-24 15:14:37,578 - [INFO] - Epoch:   31 | FVAL: 0.0035316
2019-07-24 15:14:38,431 - [INFO] - Epoch:   32 | FVAL: 0.0035167
2019-07-24 15:14:39,282 - [INFO] - Epoch:   33 | FVAL: 0.0035021
2019-07-24 15:14:40,134 - [INFO] - Epoch:   34 | FVAL: 0.0034878
2019-07-24 15:14:40,987 - [INFO] - Epoch:   35 | FVAL: 0.0034739
2019-07-24 15:14:41,842 - [INFO] - Epoch:   36 | FVAL: 0.0034604
2019-07-24 15:14:42,695 - [INFO] - Epoch:   37 | FVAL: 0.0034471
2019-07-24 15:14:43,548 - [INFO] - Epoch:   38 | FVAL: 0.0034341
2019-07-24 15:14:44,401 - [INFO] - Epoch:   39 | FVAL: 0.0034212
2019-07-24 15:14:45,252 - [INFO] - Epoch:   40 | FVAL: 0.0034085
2019-07-24 15:14:46,102 - [INFO] - Epoch:   41 | FVAL: 0.0033959
2019-07-24 15:14:46,953 - [INFO] - Epoch:   42 | FVAL: 0.0033835
2019-07-24 15:14:47,803 - [INFO] - Epoch:   43 | FVAL: 0.0033712
2019-07-24 15:14:48,655 - [INFO] - Epoch:   44 | FVAL: 0.0033591
2019-07-24 15:14:49,506 - [INFO] - Epoch:   45 | FVAL: 0.0033473
2019-07-24 15:14:50,360 - [INFO] - Epoch:   46 | FVAL: 0.0033357
2019-07-24 15:14:51,210 - [INFO] - Epoch:   47 | FVAL: 0.0033243
2019-07-24 15:14:52,060 - [INFO] - Epoch:   48 | FVAL: 0.0033130
2019-07-24 15:14:52,910 - [INFO] - Epoch:   49 | FVAL: 0.0033020
2019-07-24 15:14:53,760 - [INFO] - Epoch:   50 | FVAL: 0.0032910
2019-07-24 15:14:54,610 - [INFO] - Epoch:   51 | FVAL: 0.0032803
2019-07-24 15:14:55,459 - [INFO] - Epoch:   52 | FVAL: 0.0032698
2019-07-24 15:14:56,310 - [INFO] - Epoch:   53 | FVAL: 0.0032595
2019-07-24 15:14:57,160 - [INFO] - Epoch:   54 | FVAL: 0.0032493
2019-07-24 15:14:58,012 - [INFO] - Epoch:   55 | FVAL: 0.0032392
2019-07-24 15:14:58,861 - [INFO] - Epoch:   56 | FVAL: 0.0032292
2019-07-24 15:14:59,708 - [INFO] - Epoch:   57 | FVAL: 0.0032192
2019-07-24 15:15:00,807 - [INFO] - Epoch:   58 | FVAL: 0.0032094
2019-07-24 15:15:01,653 - [INFO] - Epoch:   59 | FVAL: 0.0031997
2019-07-24 15:15:02,500 - [INFO] - Epoch:   60 | FVAL: 0.0031901
2019-07-24 15:15:03,349 - [INFO] - Epoch:   61 | FVAL: 0.0031808
2019-07-24 15:15:04,198 - [INFO] - Epoch:   62 | FVAL: 0.0031716
2019-07-24 15:15:05,054 - [INFO] - Epoch:   63 | FVAL: 0.0031624
2019-07-24 15:15:05,907 - [INFO] - Epoch:   64 | FVAL: 0.0031533
2019-07-24 15:15:06,848 - [INFO] - Epoch:   65 | FVAL: 0.0031443
2019-07-24 15:15:07,697 - [INFO] - Epoch:   66 | FVAL: 0.0031354
2019-07-24 15:15:08,544 - [INFO] - Epoch:   67 | FVAL: 0.0031267
2019-07-24 15:15:09,389 - [INFO] - Epoch:   68 | FVAL: 0.0031182
2019-07-24 15:15:10,235 - [INFO] - Epoch:   69 | FVAL: 0.0031099
2019-07-24 15:15:11,085 - [INFO] - Epoch:   70 | FVAL: 0.0031016
2019-07-24 15:15:11,932 - [INFO] - Epoch:   71 | FVAL: 0.0030936
2019-07-24 15:15:12,780 - [INFO] - Epoch:   72 | FVAL: 0.0030855
2019-07-24 15:15:13,623 - [INFO] - Epoch:   73 | FVAL: 0.0030776
2019-07-24 15:15:14,470 - [INFO] - Epoch:   74 | FVAL: 0.0030697
2019-07-24 15:15:15,314 - [INFO] - Epoch:   75 | FVAL: 0.0030621
2019-07-24 15:15:16,163 - [INFO] - Epoch:   76 | FVAL: 0.0030546
2019-07-24 15:15:17,009 - [INFO] - Epoch:   77 | FVAL: 0.0030471
2019-07-24 15:15:17,856 - [INFO] - Epoch:   78 | FVAL: 0.0030397
2019-07-24 15:15:18,702 - [INFO] - Epoch:   79 | FVAL: 0.0030325
2019-07-24 15:15:19,549 - [INFO] - Epoch:   80 | FVAL: 0.0030254
2019-07-24 15:15:20,393 - [INFO] - Epoch:   81 | FVAL: 0.0030182
2019-07-24 15:15:21,318 - [INFO] - Epoch:   82 | FVAL: 0.0030112
2019-07-24 15:15:22,161 - [INFO] - Epoch:   83 | FVAL: 0.0030041
2019-07-24 15:15:23,005 - [INFO] - Epoch:   84 | FVAL: 0.0029971
2019-07-24 15:15:23,846 - [INFO] - Epoch:   85 | FVAL: 0.0029902
2019-07-24 15:15:24,692 - [INFO] - Epoch:   86 | FVAL: 0.0029834
2019-07-24 15:15:25,540 - [INFO] - Epoch:   87 | FVAL: 0.0029766
2019-07-24 15:15:26,384 - [INFO] - Epoch:   88 | FVAL: 0.0029699
2019-07-24 15:15:27,226 - [INFO] - Epoch:   89 | FVAL: 0.0029632
2019-07-24 15:15:28,067 - [INFO] - Epoch:   90 | FVAL: 0.0029568
2019-07-24 15:15:28,912 - [INFO] - Epoch:   91 | FVAL: 0.0029504
2019-07-24 15:15:29,758 - [INFO] - Epoch:   92 | FVAL: 0.0029441
2019-07-24 15:15:30,600 - [INFO] - Epoch:   93 | FVAL: 0.0029378
2019-07-24 15:15:31,450 - [INFO] - Epoch:   94 | FVAL: 0.0029315
2019-07-24 15:15:32,294 - [INFO] - Epoch:   95 | FVAL: 0.0029252
2019-07-24 15:15:33,137 - [INFO] - Epoch:   96 | FVAL: 0.0029191
2019-07-24 15:15:33,979 - [INFO] - Epoch:   97 | FVAL: 0.0029129
2019-07-24 15:15:34,824 - [INFO] - Epoch:   98 | FVAL: 0.0029069
2019-07-24 15:15:35,672 - [INFO] - Epoch:   99 | FVAL: 0.0029009
2019-07-24 15:15:36,514 - [INFO] - Epoch:  100 | FVAL: 0.0028950
2019-07-24 15:15:37,362 - [INFO] - Epoch:  101 | FVAL: 0.0028893
2019-07-24 15:15:38,208 - [INFO] - Epoch:  102 | FVAL: 0.0028836
2019-07-24 15:15:39,053 - [INFO] - Epoch:  103 | FVAL: 0.0028779
2019-07-24 15:15:39,893 - [INFO] - Epoch:  104 | FVAL: 0.0028723
2019-07-24 15:15:40,744 - [INFO] - Epoch:  105 | FVAL: 0.0028668
2019-07-24 15:15:41,584 - [INFO] - Epoch:  106 | FVAL: 0.0028613
2019-07-24 15:15:42,424 - [INFO] - Epoch:  107 | FVAL: 0.0028558
2019-07-24 15:15:43,262 - [INFO] - Epoch:  108 | FVAL: 0.0028504
2019-07-24 15:15:44,099 - [INFO] - Epoch:  109 | FVAL: 0.0028451
2019-07-24 15:15:44,938 - [INFO] - Epoch:  110 | FVAL: 0.0028397
2019-07-24 15:15:45,774 - [INFO] - Epoch:  111 | FVAL: 0.0028344
2019-07-24 15:15:46,613 - [INFO] - Epoch:  112 | FVAL: 0.0028291
2019-07-24 15:15:47,450 - [INFO] - Epoch:  113 | FVAL: 0.0028238
2019-07-24 15:15:48,293 - [INFO] - Epoch:  114 | FVAL: 0.0028186
2019-07-24 15:15:49,133 - [INFO] - Epoch:  115 | FVAL: 0.0028134
2019-07-24 15:15:49,974 - [INFO] - Epoch:  116 | FVAL: 0.0028083
2019-07-24 15:15:50,814 - [INFO] - Epoch:  117 | FVAL: 0.0028033
2019-07-24 15:15:51,652 - [INFO] - Epoch:  118 | FVAL: 0.0027983
2019-07-24 15:15:52,492 - [INFO] - Epoch:  119 | FVAL: 0.0027934
2019-07-24 15:15:53,329 - [INFO] - Epoch:  120 | FVAL: 0.0027885
2019-07-24 15:15:54,168 - [INFO] - Epoch:  121 | FVAL: 0.0027836
2019-07-24 15:15:55,007 - [INFO] - Epoch:  122 | FVAL: 0.0027788
2019-07-24 15:15:55,841 - [INFO] - Epoch:  123 | FVAL: 0.0027740
2019-07-24 15:15:56,686 - [INFO] - Epoch:  124 | FVAL: 0.0027692
2019-07-24 15:15:57,526 - [INFO] - Epoch:  125 | FVAL: 0.0027645
2019-07-24 15:15:58,368 - [INFO] - Epoch:  126 | FVAL: 0.0027598
2019-07-24 15:15:59,206 - [INFO] - Epoch:  127 | FVAL: 0.0027552
2019-07-24 15:16:00,048 - [INFO] - Epoch:  128 | FVAL: 0.0027507
2019-07-24 15:16:01,149 - [INFO] - Epoch:  129 | FVAL: 0.0027463
2019-07-24 15:16:01,986 - [INFO] - Epoch:  130 | FVAL: 0.0027419
2019-07-24 15:16:02,825 - [INFO] - Epoch:  131 | FVAL: 0.0027375
2019-07-24 15:16:03,664 - [INFO] - Epoch:  132 | FVAL: 0.0027332
2019-07-24 15:16:04,503 - [INFO] - Epoch:  133 | FVAL: 0.0027289
2019-07-24 15:16:05,343 - [INFO] - Epoch:  134 | FVAL: 0.0027247
2019-07-24 15:16:06,183 - [INFO] - Epoch:  135 | FVAL: 0.0027206
2019-07-24 15:16:07,025 - [INFO] - Epoch:  136 | FVAL: 0.0027165
2019-07-24 15:16:07,869 - [INFO] - Epoch:  137 | FVAL: 0.0027124
2019-07-24 15:16:08,706 - [INFO] - Epoch:  138 | FVAL: 0.0027084
2019-07-24 15:16:09,545 - [INFO] - Epoch:  139 | FVAL: 0.0027044
2019-07-24 15:16:10,383 - [INFO] - Epoch:  140 | FVAL: 0.0027004
2019-07-24 15:16:11,222 - [INFO] - Epoch:  141 | FVAL: 0.0026964
2019-07-24 15:16:12,059 - [INFO] - Epoch:  142 | FVAL: 0.0026924
2019-07-24 15:16:12,896 - [INFO] - Epoch:  143 | FVAL: 0.0026885
2019-07-24 15:16:13,737 - [INFO] - Epoch:  144 | FVAL: 0.0026846
2019-07-24 15:16:14,576 - [INFO] - Epoch:  145 | FVAL: 0.0026807
2019-07-24 15:16:15,417 - [INFO] - Epoch:  146 | FVAL: 0.0026769
2019-07-24 15:16:16,258 - [INFO] - Epoch:  147 | FVAL: 0.0026731
2019-07-24 15:16:17,097 - [INFO] - Epoch:  148 | FVAL: 0.0026694
2019-07-24 15:16:17,939 - [INFO] - Epoch:  149 | FVAL: 0.0026656
2019-07-24 15:16:18,783 - [INFO] - Epoch:  150 | FVAL: 0.0026620
2019-07-24 15:16:19,623 - [INFO] - Epoch:  151 | FVAL: 0.0026583
2019-07-24 15:16:20,464 - [INFO] - Epoch:  152 | FVAL: 0.0026546
2019-07-24 15:16:21,310 - [INFO] - Epoch:  153 | FVAL: 0.0026512
2019-07-24 15:16:22,158 - [INFO] - Epoch:  154 | FVAL: 0.0026477
2019-07-24 15:16:23,007 - [INFO] - Epoch:  155 | FVAL: 0.0026443
2019-07-24 15:16:23,848 - [INFO] - Epoch:  156 | FVAL: 0.0026409
2019-07-24 15:16:24,692 - [INFO] - Epoch:  157 | FVAL: 0.0026375
2019-07-24 15:16:25,536 - [INFO] - Epoch:  158 | FVAL: 0.0026341
2019-07-24 15:16:26,378 - [INFO] - Epoch:  159 | FVAL: 0.0026308
2019-07-24 15:16:27,217 - [INFO] - Epoch:  160 | FVAL: 0.0026274
2019-07-24 15:16:28,056 - [INFO] - Epoch:  161 | FVAL: 0.0026241
2019-07-24 15:16:28,896 - [INFO] - Epoch:  162 | FVAL: 0.0026208
2019-07-24 15:16:29,736 - [INFO] - Epoch:  163 | FVAL: 0.0026175
2019-07-24 15:16:30,575 - [INFO] - Epoch:  164 | FVAL: 0.0026143
2019-07-24 15:16:31,412 - [INFO] - Epoch:  165 | FVAL: 0.0026111
2019-07-24 15:16:32,259 - [INFO] - Epoch:  166 | FVAL: 0.0026078
2019-07-24 15:16:33,103 - [INFO] - Epoch:  167 | FVAL: 0.0026046
2019-07-24 15:16:33,944 - [INFO] - Epoch:  168 | FVAL: 0.0026015
2019-07-24 15:16:34,784 - [INFO] - Epoch:  169 | FVAL: 0.0025983
2019-07-24 15:16:35,628 - [INFO] - Epoch:  170 | FVAL: 0.0025952
2019-07-24 15:16:36,468 - [INFO] - Epoch:  171 | FVAL: 0.0025922
2019-07-24 15:16:37,310 - [INFO] - Epoch:  172 | FVAL: 0.0025891
2019-07-24 15:16:38,148 - [INFO] - Epoch:  173 | FVAL: 0.0025860
2019-07-24 15:16:38,989 - [INFO] - Epoch:  174 | FVAL: 0.0025829
2019-07-24 15:16:39,828 - [INFO] - Epoch:  175 | FVAL: 0.0025798
2019-07-24 15:16:40,666 - [INFO] - Epoch:  176 | FVAL: 0.0025768
2019-07-24 15:16:41,506 - [INFO] - Epoch:  177 | FVAL: 0.0025738
2019-07-24 15:16:42,346 - [INFO] - Epoch:  178 | FVAL: 0.0025708
2019-07-24 15:16:43,186 - [INFO] - Epoch:  179 | FVAL: 0.0025678
2019-07-24 15:16:44,032 - [INFO] - Epoch:  180 | FVAL: 0.0025648
2019-07-24 15:16:44,881 - [INFO] - Epoch:  181 | FVAL: 0.0025619
2019-07-24 15:16:45,721 - [INFO] - Epoch:  182 | FVAL: 0.0025589
2019-07-24 15:16:46,562 - [INFO] - Epoch:  183 | FVAL: 0.0025560
2019-07-24 15:16:47,398 - [INFO] - Epoch:  184 | FVAL: 0.0025532
2019-07-24 15:16:48,239 - [INFO] - Epoch:  185 | FVAL: 0.0025504
2019-07-24 15:16:49,077 - [INFO] - Epoch:  186 | FVAL: 0.0025475
2019-07-24 15:16:49,912 - [INFO] - Epoch:  187 | FVAL: 0.0025447
2019-07-24 15:16:50,751 - [INFO] - Epoch:  188 | FVAL: 0.0025419
2019-07-24 15:16:51,588 - [INFO] - Epoch:  189 | FVAL: 0.0025391
2019-07-24 15:16:52,430 - [INFO] - Epoch:  190 | FVAL: 0.0025363
2019-07-24 15:16:53,272 - [INFO] - Epoch:  191 | FVAL: 0.0025335
2019-07-24 15:16:54,109 - [INFO] - Epoch:  192 | FVAL: 0.0025307
2019-07-24 15:16:54,947 - [INFO] - Epoch:  193 | FVAL: 0.0025280
2019-07-24 15:16:55,788 - [INFO] - Epoch:  194 | FVAL: 0.0025252
2019-07-24 15:16:56,628 - [INFO] - Epoch:  195 | FVAL: 0.0025224
2019-07-24 15:16:57,466 - [INFO] - Epoch:  196 | FVAL: 0.0025197
2019-07-24 15:16:58,304 - [INFO] - Epoch:  197 | FVAL: 0.0025170
2019-07-24 15:16:59,143 - [INFO] - Epoch:  198 | FVAL: 0.0025143
2019-07-24 15:16:59,981 - [INFO] - Epoch:  199 | FVAL: 0.0025117
2019-07-24 15:17:01,033 - [INFO] - Epoch:  200 | FVAL: 0.0025090
2019-07-24 15:17:01,876 - [INFO] - Epoch:  201 | FVAL: 0.0025064
2019-07-24 15:17:02,709 - [INFO] - Epoch:  202 | FVAL: 0.0025038
2019-07-24 15:17:03,544 - [INFO] - Epoch:  203 | FVAL: 0.0025012
2019-07-24 15:17:04,383 - [INFO] - Epoch:  204 | FVAL: 0.0024986
2019-07-24 15:17:05,220 - [INFO] - Epoch:  205 | FVAL: 0.0024960
2019-07-24 15:17:06,056 - [INFO] - Epoch:  206 | FVAL: 0.0024935
2019-07-24 15:17:06,898 - [INFO] - Epoch:  207 | FVAL: 0.0024910
2019-07-24 15:17:07,739 - [INFO] - Epoch:  208 | FVAL: 0.0024884
2019-07-24 15:17:08,574 - [INFO] - Epoch:  209 | FVAL: 0.0024859
2019-07-24 15:17:09,410 - [INFO] - Epoch:  210 | FVAL: 0.0024834
2019-07-24 15:17:10,250 - [INFO] - Epoch:  211 | FVAL: 0.0024809
2019-07-24 15:17:11,089 - [INFO] - Epoch:  212 | FVAL: 0.0024784
2019-07-24 15:17:12,008 - [INFO] - Epoch:  213 | FVAL: 0.0024759
2019-07-24 15:17:12,848 - [INFO] - Epoch:  214 | FVAL: 0.0024734
2019-07-24 15:17:13,690 - [INFO] - Epoch:  215 | FVAL: 0.0024710
2019-07-24 15:17:14,536 - [INFO] - Epoch:  216 | FVAL: 0.0024685
2019-07-24 15:17:15,376 - [INFO] - Epoch:  217 | FVAL: 0.0024661
2019-07-24 15:17:16,212 - [INFO] - Epoch:  218 | FVAL: 0.0024636
2019-07-24 15:17:17,046 - [INFO] - Epoch:  219 | FVAL: 0.0024612
2019-07-24 15:17:17,884 - [INFO] - Epoch:  220 | FVAL: 0.0024588
2019-07-24 15:17:18,725 - [INFO] - Epoch:  221 | FVAL: 0.0024563
2019-07-24 15:17:19,567 - [INFO] - Epoch:  222 | FVAL: 0.0024539
2019-07-24 15:17:20,405 - [INFO] - Epoch:  223 | FVAL: 0.0024515
2019-07-24 15:17:21,243 - [INFO] - Epoch:  224 | FVAL: 0.0024491
2019-07-24 15:17:22,082 - [INFO] - Epoch:  225 | FVAL: 0.0024467
2019-07-24 15:17:22,919 - [INFO] - Epoch:  226 | FVAL: 0.0024443
2019-07-24 15:17:23,757 - [INFO] - Epoch:  227 | FVAL: 0.0024419
2019-07-24 15:17:24,596 - [INFO] - Epoch:  228 | FVAL: 0.0024395
2019-07-24 15:17:25,439 - [INFO] - Epoch:  229 | FVAL: 0.0024371
2019-07-24 15:17:26,276 - [INFO] - Epoch:  230 | FVAL: 0.0024348
2019-07-24 15:17:27,119 - [INFO] - Epoch:  231 | FVAL: 0.0024325
2019-07-24 15:17:27,963 - [INFO] - Epoch:  232 | FVAL: 0.0024303
2019-07-24 15:17:28,803 - [INFO] - Epoch:  233 | FVAL: 0.0024281
2019-07-24 15:17:29,644 - [INFO] - Epoch:  234 | FVAL: 0.0024259
2019-07-24 15:17:30,486 - [INFO] - Epoch:  235 | FVAL: 0.0024237
2019-07-24 15:17:31,329 - [INFO] - Epoch:  236 | FVAL: 0.0024215
2019-07-24 15:17:32,171 - [INFO] - Epoch:  237 | FVAL: 0.0024193
2019-07-24 15:17:33,017 - [INFO] - Epoch:  238 | FVAL: 0.0024171
2019-07-24 15:17:33,857 - [INFO] - Epoch:  239 | FVAL: 0.0024150
2019-07-24 15:17:34,698 - [INFO] - Epoch:  240 | FVAL: 0.0024129
2019-07-24 15:17:35,539 - [INFO] - Epoch:  241 | FVAL: 0.0024109
2019-07-24 15:17:36,378 - [INFO] - Epoch:  242 | FVAL: 0.0024088
2019-07-24 15:17:37,221 - [INFO] - Epoch:  243 | FVAL: 0.0024067
2019-07-24 15:17:38,058 - [INFO] - Epoch:  244 | FVAL: 0.0024046
2019-07-24 15:17:38,898 - [INFO] - Epoch:  245 | FVAL: 0.0024025
2019-07-24 15:17:39,741 - [INFO] - Epoch:  246 | FVAL: 0.0024005
2019-07-24 15:17:40,584 - [INFO] - Epoch:  247 | FVAL: 0.0023984
2019-07-24 15:17:41,423 - [INFO] - Epoch:  248 | FVAL: 0.0023963
2019-07-24 15:17:42,263 - [INFO] - Epoch:  249 | FVAL: 0.0023943
2019-07-24 15:17:43,102 - [INFO] - Epoch:  250 | FVAL: 0.0023922
2019-07-24 15:17:43,941 - [INFO] - Epoch:  251 | FVAL: 0.0023901
2019-07-24 15:17:44,783 - [INFO] - Epoch:  252 | FVAL: 0.0023881
2019-07-24 15:17:45,624 - [INFO] - Epoch:  253 | FVAL: 0.0023861
2019-07-24 15:17:46,460 - [INFO] - Epoch:  254 | FVAL: 0.0023840
2019-07-24 15:17:47,303 - [INFO] - Epoch:  255 | FVAL: 0.0023820
2019-07-24 15:17:48,142 - [INFO] - Epoch:  256 | FVAL: 0.0023800
2019-07-24 15:17:48,984 - [INFO] - Epoch:  257 | FVAL: 0.0023781
2019-07-24 15:17:49,825 - [INFO] - Epoch:  258 | FVAL: 0.0023761
2019-07-24 15:17:50,668 - [INFO] - Epoch:  259 | FVAL: 0.0023741
2019-07-24 15:17:51,510 - [INFO] - Epoch:  260 | FVAL: 0.0023721
2019-07-24 15:17:52,351 - [INFO] - Epoch:  261 | FVAL: 0.0023702
2019-07-24 15:17:53,195 - [INFO] - Epoch:  262 | FVAL: 0.0023682
2019-07-24 15:17:54,035 - [INFO] - Epoch:  263 | FVAL: 0.0023663
2019-07-24 15:17:54,874 - [INFO] - Epoch:  264 | FVAL: 0.0023644
2019-07-24 15:17:55,717 - [INFO] - Epoch:  265 | FVAL: 0.0023624
2019-07-24 15:17:56,564 - [INFO] - Epoch:  266 | FVAL: 0.0023605
2019-07-24 15:17:57,403 - [INFO] - Epoch:  267 | FVAL: 0.0023586
2019-07-24 15:17:58,241 - [INFO] - Epoch:  268 | FVAL: 0.0023566
2019-07-24 15:17:59,074 - [INFO] - Epoch:  269 | FVAL: 0.0023547
2019-07-24 15:17:59,914 - [INFO] - Epoch:  270 | FVAL: 0.0023528
2019-07-24 15:18:00,928 - [INFO] - Epoch:  271 | FVAL: 0.0023509
2019-07-24 15:18:01,768 - [INFO] - Epoch:  272 | FVAL: 0.0023490
2019-07-24 15:18:02,608 - [INFO] - Epoch:  273 | FVAL: 0.0023470
2019-07-24 15:18:03,445 - [INFO] - Epoch:  274 | FVAL: 0.0023451
2019-07-24 15:18:04,286 - [INFO] - Epoch:  275 | FVAL: 0.0023432
2019-07-24 15:18:05,123 - [INFO] - Epoch:  276 | FVAL: 0.0023414
2019-07-24 15:18:05,957 - [INFO] - Epoch:  277 | FVAL: 0.0023395
2019-07-24 15:18:06,795 - [INFO] - Epoch:  278 | FVAL: 0.0023376
2019-07-24 15:18:07,634 - [INFO] - Epoch:  279 | FVAL: 0.0023358
2019-07-24 15:18:08,475 - [INFO] - Epoch:  280 | FVAL: 0.0023340
2019-07-24 15:18:09,304 - [INFO] - Epoch:  281 | FVAL: 0.0023321
2019-07-24 15:18:10,141 - [INFO] - Epoch:  282 | FVAL: 0.0023303
2019-07-24 15:18:10,980 - [INFO] - Epoch:  283 | FVAL: 0.0023284
2019-07-24 15:18:11,821 - [INFO] - Epoch:  284 | FVAL: 0.0023266
2019-07-24 15:18:12,658 - [INFO] - Epoch:  285 | FVAL: 0.0023247
2019-07-24 15:18:13,495 - [INFO] - Epoch:  286 | FVAL: 0.0023229
2019-07-24 15:18:14,334 - [INFO] - Epoch:  287 | FVAL: 0.0023211
2019-07-24 15:18:15,171 - [INFO] - Epoch:  288 | FVAL: 0.0023192
2019-07-24 15:18:16,008 - [INFO] - Epoch:  289 | FVAL: 0.0023174
2019-07-24 15:18:16,849 - [INFO] - Epoch:  290 | FVAL: 0.0023156
2019-07-24 15:18:17,687 - [INFO] - Epoch:  291 | FVAL: 0.0023138
2019-07-24 15:18:18,524 - [INFO] - Epoch:  292 | FVAL: 0.0023120
2019-07-24 15:18:19,366 - [INFO] - Epoch:  293 | FVAL: 0.0023101
2019-07-24 15:18:20,207 - [INFO] - Epoch:  294 | FVAL: 0.0023083
2019-07-24 15:18:21,048 - [INFO] - Epoch:  295 | FVAL: 0.0023065
2019-07-24 15:18:21,886 - [INFO] - Epoch:  296 | FVAL: 0.0023047
2019-07-24 15:18:22,724 - [INFO] - Epoch:  297 | FVAL: 0.0023029
2019-07-24 15:18:23,563 - [INFO] - Epoch:  298 | FVAL: 0.0023012
2019-07-24 15:18:24,403 - [INFO] - Epoch:  299 | FVAL: 0.0022994
2019-07-24 15:18:25,248 - [INFO] - Epoch:  300 | FVAL: 0.0022976
2019-07-24 15:18:26,087 - [INFO] - Epoch:  301 | FVAL: 0.0022958
2019-07-24 15:18:26,931 - [INFO] - Epoch:  302 | FVAL: 0.0022941
2019-07-24 15:18:27,772 - [INFO] - Epoch:  303 | FVAL: 0.0022923
2019-07-24 15:18:28,612 - [INFO] - Epoch:  304 | FVAL: 0.0022906
2019-07-24 15:18:29,452 - [INFO] - Epoch:  305 | FVAL: 0.0022888
2019-07-24 15:18:30,294 - [INFO] - Epoch:  306 | FVAL: 0.0022870
2019-07-24 15:18:31,129 - [INFO] - Epoch:  307 | FVAL: 0.0022853
2019-07-24 15:18:31,967 - [INFO] - Epoch:  308 | FVAL: 0.0022835
2019-07-24 15:18:32,806 - [INFO] - Epoch:  309 | FVAL: 0.0022818
2019-07-24 15:18:33,635 - [INFO] - Epoch:  310 | FVAL: 0.0022800
2019-07-24 15:18:34,476 - [INFO] - Epoch:  311 | FVAL: 0.0022783
2019-07-24 15:18:35,314 - [INFO] - Epoch:  312 | FVAL: 0.0022765
2019-07-24 15:18:36,150 - [INFO] - Epoch:  313 | FVAL: 0.0022748
2019-07-24 15:18:36,987 - [INFO] - Epoch:  314 | FVAL: 0.0022730
2019-07-24 15:18:37,830 - [INFO] - Epoch:  315 | FVAL: 0.0022713
2019-07-24 15:18:38,673 - [INFO] - Epoch:  316 | FVAL: 0.0022695
2019-07-24 15:18:39,514 - [INFO] - Epoch:  317 | FVAL: 0.0022678
2019-07-24 15:18:40,358 - [INFO] - Epoch:  318 | FVAL: 0.0022660
2019-07-24 15:18:41,196 - [INFO] - Epoch:  319 | FVAL: 0.0022643
2019-07-24 15:18:42,033 - [INFO] - Epoch:  320 | FVAL: 0.0022625
2019-07-24 15:18:42,872 - [INFO] - Epoch:  321 | FVAL: 0.0022608
2019-07-24 15:18:43,719 - [INFO] - Epoch:  322 | FVAL: 0.0022591
2019-07-24 15:18:44,558 - [INFO] - Epoch:  323 | FVAL: 0.0022574
2019-07-24 15:18:45,396 - [INFO] - Epoch:  324 | FVAL: 0.0022557
2019-07-24 15:18:46,236 - [INFO] - Epoch:  325 | FVAL: 0.0022541
2019-07-24 15:18:47,074 - [INFO] - Epoch:  326 | FVAL: 0.0022525
2019-07-24 15:18:47,911 - [INFO] - Epoch:  327 | FVAL: 0.0022508
2019-07-24 15:18:48,748 - [INFO] - Epoch:  328 | FVAL: 0.0022492
2019-07-24 15:18:49,585 - [INFO] - Epoch:  329 | FVAL: 0.0022476
2019-07-24 15:18:50,428 - [INFO] - Epoch:  330 | FVAL: 0.0022459
2019-07-24 15:18:51,267 - [INFO] - Epoch:  331 | FVAL: 0.0022443
2019-07-24 15:18:52,106 - [INFO] - Epoch:  332 | FVAL: 0.0022427
2019-07-24 15:18:52,946 - [INFO] - Epoch:  333 | FVAL: 0.0022410
2019-07-24 15:18:53,822 - [INFO] - Epoch:  334 | FVAL: 0.0022395
2019-07-24 15:18:54,754 - [INFO] - Epoch:  335 | FVAL: 0.0022379
2019-07-24 15:18:55,687 - [INFO] - Epoch:  336 | FVAL: 0.0022363
2019-07-24 15:18:56,617 - [INFO] - Epoch:  337 | FVAL: 0.0022347
2019-07-24 15:18:57,456 - [INFO] - Epoch:  338 | FVAL: 0.0022331
2019-07-24 15:18:58,292 - [INFO] - Epoch:  339 | FVAL: 0.0022315
2019-07-24 15:18:59,132 - [INFO] - Epoch:  340 | FVAL: 0.0022299
2019-07-24 15:18:59,973 - [INFO] - Epoch:  341 | FVAL: 0.0022284
2019-07-24 15:19:00,999 - [INFO] - Epoch:  342 | FVAL: 0.0022268
2019-07-24 15:19:01,840 - [INFO] - Epoch:  343 | FVAL: 0.0022252
2019-07-24 15:19:02,679 - [INFO] - Epoch:  344 | FVAL: 0.0022236
2019-07-24 15:19:03,522 - [INFO] - Epoch:  345 | FVAL: 0.0022221
2019-07-24 15:19:04,370 - [INFO] - Epoch:  346 | FVAL: 0.0022205
2019-07-24 15:19:05,203 - [INFO] - Epoch:  347 | FVAL: 0.0022189
2019-07-24 15:19:06,040 - [INFO] - Epoch:  348 | FVAL: 0.0022174
2019-07-24 15:19:06,881 - [INFO] - Epoch:  349 | FVAL: 0.0022158
2019-07-24 15:19:07,724 - [INFO] - Epoch:  350 | FVAL: 0.0022143
2019-07-24 15:19:08,566 - [INFO] - Epoch:  351 | FVAL: 0.0022127
2019-07-24 15:19:09,412 - [INFO] - Epoch:  352 | FVAL: 0.0022111
2019-07-24 15:19:10,253 - [INFO] - Epoch:  353 | FVAL: 0.0022096
2019-07-24 15:19:11,095 - [INFO] - Epoch:  354 | FVAL: 0.0022080
2019-07-24 15:19:11,938 - [INFO] - Epoch:  355 | FVAL: 0.0022065
2019-07-24 15:19:12,776 - [INFO] - Epoch:  356 | FVAL: 0.0022050
2019-07-24 15:19:13,617 - [INFO] - Epoch:  357 | FVAL: 0.0022034
2019-07-24 15:19:14,456 - [INFO] - Epoch:  358 | FVAL: 0.0022019
2019-07-24 15:19:15,296 - [INFO] - Epoch:  359 | FVAL: 0.0022004
2019-07-24 15:19:16,135 - [INFO] - Epoch:  360 | FVAL: 0.0021989
2019-07-24 15:19:16,977 - [INFO] - Epoch:  361 | FVAL: 0.0021974
2019-07-24 15:19:17,815 - [INFO] - Epoch:  362 | FVAL: 0.0021959
2019-07-24 15:19:18,657 - [INFO] - Epoch:  363 | FVAL: 0.0021944
2019-07-24 15:19:19,498 - [INFO] - Epoch:  364 | FVAL: 0.0021929
2019-07-24 15:19:20,342 - [INFO] - Epoch:  365 | FVAL: 0.0021915
2019-07-24 15:19:21,188 - [INFO] - Epoch:  366 | FVAL: 0.0021900
2019-07-24 15:19:22,031 - [INFO] - Epoch:  367 | FVAL: 0.0021885
2019-07-24 15:19:22,871 - [INFO] - Epoch:  368 | FVAL: 0.0021870
2019-07-24 15:19:23,718 - [INFO] - Epoch:  369 | FVAL: 0.0021855
2019-07-24 15:19:24,564 - [INFO] - Epoch:  370 | FVAL: 0.0021841
2019-07-24 15:19:25,406 - [INFO] - Epoch:  371 | FVAL: 0.0021827
2019-07-24 15:19:26,245 - [INFO] - Epoch:  372 | FVAL: 0.0021812
2019-07-24 15:19:27,082 - [INFO] - Epoch:  373 | FVAL: 0.0021798
2019-07-24 15:19:27,922 - [INFO] - Epoch:  374 | FVAL: 0.0021783
2019-07-24 15:19:28,760 - [INFO] - Epoch:  375 | FVAL: 0.0021769
2019-07-24 15:19:29,605 - [INFO] - Epoch:  376 | FVAL: 0.0021755
2019-07-24 15:19:30,539 - [INFO] - Epoch:  377 | FVAL: 0.0021740
2019-07-24 15:19:31,471 - [INFO] - Epoch:  378 | FVAL: 0.0021726
2019-07-24 15:19:32,363 - [INFO] - Epoch:  379 | FVAL: 0.0021712
2019-07-24 15:19:33,207 - [INFO] - Epoch:  380 | FVAL: 0.0021698
2019-07-24 15:19:34,044 - [INFO] - Epoch:  381 | FVAL: 0.0021683
2019-07-24 15:19:34,879 - [INFO] - Epoch:  382 | FVAL: 0.0021669
2019-07-24 15:19:35,710 - [INFO] - Epoch:  383 | FVAL: 0.0021655
2019-07-24 15:19:36,550 - [INFO] - Epoch:  384 | FVAL: 0.0021641
2019-07-24 15:19:37,391 - [INFO] - Epoch:  385 | FVAL: 0.0021627
2019-07-24 15:19:38,229 - [INFO] - Epoch:  386 | FVAL: 0.0021612
2019-07-24 15:19:39,069 - [INFO] - Epoch:  387 | FVAL: 0.0021598
2019-07-24 15:19:39,906 - [INFO] - Epoch:  388 | FVAL: 0.0021584
2019-07-24 15:19:40,748 - [INFO] - Epoch:  389 | FVAL: 0.0021570
2019-07-24 15:19:41,590 - [INFO] - Epoch:  390 | FVAL: 0.0021556
2019-07-24 15:19:42,426 - [INFO] - Epoch:  391 | FVAL: 0.0021542
2019-07-24 15:19:43,267 - [INFO] - Epoch:  392 | FVAL: 0.0021528
2019-07-24 15:19:44,105 - [INFO] - Epoch:  393 | FVAL: 0.0021514
2019-07-24 15:19:44,945 - [INFO] - Epoch:  394 | FVAL: 0.0021500
2019-07-24 15:19:45,785 - [INFO] - Epoch:  395 | FVAL: 0.0021486
2019-07-24 15:19:46,624 - [INFO] - Epoch:  396 | FVAL: 0.0021472
2019-07-24 15:19:47,462 - [INFO] - Epoch:  397 | FVAL: 0.0021458
2019-07-24 15:19:48,302 - [INFO] - Epoch:  398 | FVAL: 0.0021444
2019-07-24 15:19:49,140 - [INFO] - Epoch:  399 | FVAL: 0.0021430
2019-07-24 15:19:49,979 - [INFO] - Epoch:  400 | FVAL: 0.0021417
2019-07-24 15:19:50,850 - [INFO] - Epoch:  401 | FVAL: 0.0021403
2019-07-24 15:19:51,688 - [INFO] - Epoch:  402 | FVAL: 0.0021389
2019-07-24 15:19:52,525 - [INFO] - Epoch:  403 | FVAL: 0.0021375
2019-07-24 15:19:53,361 - [INFO] - Epoch:  404 | FVAL: 0.0021361
2019-07-24 15:19:54,204 - [INFO] - Epoch:  405 | FVAL: 0.0021348
2019-07-24 15:19:55,046 - [INFO] - Epoch:  406 | FVAL: 0.0021334
2019-07-24 15:19:55,888 - [INFO] - Epoch:  407 | FVAL: 0.0021320
2019-07-24 15:19:56,724 - [INFO] - Epoch:  408 | FVAL: 0.0021307
2019-07-24 15:19:57,563 - [INFO] - Epoch:  409 | FVAL: 0.0021293
2019-07-24 15:19:58,401 - [INFO] - Epoch:  410 | FVAL: 0.0021279
2019-07-24 15:19:59,247 - [INFO] - Epoch:  411 | FVAL: 0.0021266
2019-07-24 15:20:00,092 - [INFO] - Epoch:  412 | FVAL: 0.0021252
2019-07-24 15:20:01,056 - [INFO] - Epoch:  413 | FVAL: 0.0021239
2019-07-24 15:20:01,891 - [INFO] - Epoch:  414 | FVAL: 0.0021225
2019-07-24 15:20:02,734 - [INFO] - Epoch:  415 | FVAL: 0.0021212
2019-07-24 15:20:03,578 - [INFO] - Epoch:  416 | FVAL: 0.0021198
2019-07-24 15:20:04,418 - [INFO] - Epoch:  417 | FVAL: 0.0021185
2019-07-24 15:20:05,258 - [INFO] - Epoch:  418 | FVAL: 0.0021171
2019-07-24 15:20:06,095 - [INFO] - Epoch:  419 | FVAL: 0.0021158
2019-07-24 15:20:06,933 - [INFO] - Epoch:  420 | FVAL: 0.0021144
2019-07-24 15:20:07,771 - [INFO] - Epoch:  421 | FVAL: 0.0021131
2019-07-24 15:20:08,607 - [INFO] - Epoch:  422 | FVAL: 0.0021118
2019-07-24 15:20:09,447 - [INFO] - Epoch:  423 | FVAL: 0.0021104
2019-07-24 15:20:10,287 - [INFO] - Epoch:  424 | FVAL: 0.0021091
2019-07-24 15:20:11,129 - [INFO] - Epoch:  425 | FVAL: 0.0021077
2019-07-24 15:20:11,971 - [INFO] - Epoch:  426 | FVAL: 0.0021064
2019-07-24 15:20:12,810 - [INFO] - Epoch:  427 | FVAL: 0.0021051
2019-07-24 15:20:13,649 - [INFO] - Epoch:  428 | FVAL: 0.0021037
2019-07-24 15:20:14,490 - [INFO] - Epoch:  429 | FVAL: 0.0021024
2019-07-24 15:20:15,325 - [INFO] - Epoch:  430 | FVAL: 0.0021011
2019-07-24 15:20:16,165 - [INFO] - Epoch:  431 | FVAL: 0.0020997
2019-07-24 15:20:17,003 - [INFO] - Epoch:  432 | FVAL: 0.0020984
2019-07-24 15:20:17,840 - [INFO] - Epoch:  433 | FVAL: 0.0020971
2019-07-24 15:20:18,678 - [INFO] - Epoch:  434 | FVAL: 0.0020958
2019-07-24 15:20:19,515 - [INFO] - Epoch:  435 | FVAL: 0.0020944
2019-07-24 15:20:20,356 - [INFO] - Epoch:  436 | FVAL: 0.0020931
2019-07-24 15:20:21,187 - [INFO] - Epoch:  437 | FVAL: 0.0020918
2019-07-24 15:20:22,021 - [INFO] - Epoch:  438 | FVAL: 0.0020904
2019-07-24 15:20:22,860 - [INFO] - Epoch:  439 | FVAL: 0.0020891
2019-07-24 15:20:23,697 - [INFO] - Epoch:  440 | FVAL: 0.0020878
2019-07-24 15:20:24,537 - [INFO] - Epoch:  441 | FVAL: 0.0020865
2019-07-24 15:20:25,375 - [INFO] - Epoch:  442 | FVAL: 0.0020852
2019-07-24 15:20:26,211 - [INFO] - Epoch:  443 | FVAL: 0.0020839
2019-07-24 15:20:27,051 - [INFO] - Epoch:  444 | FVAL: 0.0020826
2019-07-24 15:20:27,888 - [INFO] - Epoch:  445 | FVAL: 0.0020813
2019-07-24 15:20:28,729 - [INFO] - Epoch:  446 | FVAL: 0.0020800
2019-07-24 15:20:29,566 - [INFO] - Epoch:  447 | FVAL: 0.0020787
2019-07-24 15:20:30,405 - [INFO] - Epoch:  448 | FVAL: 0.0020774
2019-07-24 15:20:31,246 - [INFO] - Epoch:  449 | FVAL: 0.0020761
2019-07-24 15:20:32,084 - [INFO] - Epoch:  450 | FVAL: 0.0020748
2019-07-24 15:20:32,923 - [INFO] - Epoch:  451 | FVAL: 0.0020735
2019-07-24 15:20:33,762 - [INFO] - Epoch:  452 | FVAL: 0.0020723
2019-07-24 15:20:34,605 - [INFO] - Epoch:  453 | FVAL: 0.0020710
2019-07-24 15:20:35,445 - [INFO] - Epoch:  454 | FVAL: 0.0020697
2019-07-24 15:20:36,286 - [INFO] - Epoch:  455 | FVAL: 0.0020684
2019-07-24 15:20:37,125 - [INFO] - Epoch:  456 | FVAL: 0.0020671
2019-07-24 15:20:37,966 - [INFO] - Epoch:  457 | FVAL: 0.0020659
2019-07-24 15:20:38,807 - [INFO] - Epoch:  458 | FVAL: 0.0020646
2019-07-24 15:20:39,647 - [INFO] - Epoch:  459 | FVAL: 0.0020633
2019-07-24 15:20:40,491 - [INFO] - Epoch:  460 | FVAL: 0.0020620
2019-07-24 15:20:41,331 - [INFO] - Epoch:  461 | FVAL: 0.0020607
2019-07-24 15:20:42,168 - [INFO] - Epoch:  462 | FVAL: 0.0020595
2019-07-24 15:20:43,013 - [INFO] - Epoch:  463 | FVAL: 0.0020582
2019-07-24 15:20:43,848 - [INFO] - Epoch:  464 | FVAL: 0.0020569
2019-07-24 15:20:44,691 - [INFO] - Epoch:  465 | FVAL: 0.0020557
2019-07-24 15:20:45,540 - [INFO] - Epoch:  466 | FVAL: 0.0020544
2019-07-24 15:20:46,380 - [INFO] - Epoch:  467 | FVAL: 0.0020531
2019-07-24 15:20:47,220 - [INFO] - Epoch:  468 | FVAL: 0.0020519
2019-07-24 15:20:48,059 - [INFO] - Epoch:  469 | FVAL: 0.0020507
2019-07-24 15:20:48,898 - [INFO] - Epoch:  470 | FVAL: 0.0020494
2019-07-24 15:20:49,739 - [INFO] - Epoch:  471 | FVAL: 0.0020482
2019-07-24 15:20:50,583 - [INFO] - Epoch:  472 | FVAL: 0.0020470
2019-07-24 15:20:51,423 - [INFO] - Epoch:  473 | FVAL: 0.0020458
2019-07-24 15:20:52,262 - [INFO] - Epoch:  474 | FVAL: 0.0020445
2019-07-24 15:20:53,097 - [INFO] - Epoch:  475 | FVAL: 0.0020433
2019-07-24 15:20:53,937 - [INFO] - Epoch:  476 | FVAL: 0.0020421
2019-07-24 15:20:54,780 - [INFO] - Epoch:  477 | FVAL: 0.0020409
2019-07-24 15:20:55,623 - [INFO] - Epoch:  478 | FVAL: 0.0020396
2019-07-24 15:20:56,460 - [INFO] - Epoch:  479 | FVAL: 0.0020384
2019-07-24 15:20:57,298 - [INFO] - Epoch:  480 | FVAL: 0.0020372
2019-07-24 15:20:58,135 - [INFO] - Epoch:  481 | FVAL: 0.0020360
2019-07-24 15:20:58,975 - [INFO] - Epoch:  482 | FVAL: 0.0020348
2019-07-24 15:20:59,814 - [INFO] - Epoch:  483 | FVAL: 0.0020336
2019-07-24 15:21:00,840 - [INFO] - Epoch:  484 | FVAL: 0.0020324
2019-07-24 15:21:01,681 - [INFO] - Epoch:  485 | FVAL: 0.0020312
2019-07-24 15:21:02,521 - [INFO] - Epoch:  486 | FVAL: 0.0020300
2019-07-24 15:21:03,358 - [INFO] - Epoch:  487 | FVAL: 0.0020288
2019-07-24 15:21:04,200 - [INFO] - Epoch:  488 | FVAL: 0.0020276
2019-07-24 15:21:05,041 - [INFO] - Epoch:  489 | FVAL: 0.0020264
2019-07-24 15:21:05,882 - [INFO] - Epoch:  490 | FVAL: 0.0020252
2019-07-24 15:21:06,722 - [INFO] - Epoch:  491 | FVAL: 0.0020240
2019-07-24 15:21:07,562 - [INFO] - Epoch:  492 | FVAL: 0.0020228
2019-07-24 15:21:08,403 - [INFO] - Epoch:  493 | FVAL: 0.0020216
2019-07-24 15:21:09,245 - [INFO] - Epoch:  494 | FVAL: 0.0020204
2019-07-24 15:21:10,087 - [INFO] - Epoch:  495 | FVAL: 0.0020192
2019-07-24 15:21:10,926 - [INFO] - Epoch:  496 | FVAL: 0.0020180
2019-07-24 15:21:11,767 - [INFO] - Epoch:  497 | FVAL: 0.0020168
2019-07-24 15:21:12,606 - [INFO] - Epoch:  498 | FVAL: 0.0020156
2019-07-24 15:21:13,441 - [INFO] - Epoch:  499 | FVAL: 0.0020144
2019-07-24 15:21:14,282 - [INFO] - Epoch:  500 | FVAL: 0.0020132
2019-07-24 15:21:15,178 - [INFO] - Epoch:  501 | FVAL: 0.0020121
2019-07-24 15:21:16,017 - [INFO] - Epoch:  502 | FVAL: 0.0020109
2019-07-24 15:21:16,861 - [INFO] - Epoch:  503 | FVAL: 0.0020097
2019-07-24 15:21:17,792 - [INFO] - Epoch:  504 | FVAL: 0.0020085
2019-07-24 15:21:18,724 - [INFO] - Epoch:  505 | FVAL: 0.0020073
2019-07-24 15:21:19,563 - [INFO] - Epoch:  506 | FVAL: 0.0020062
2019-07-24 15:21:20,400 - [INFO] - Epoch:  507 | FVAL: 0.0020050
2019-07-24 15:21:21,245 - [INFO] - Epoch:  508 | FVAL: 0.0020038
2019-07-24 15:21:22,087 - [INFO] - Epoch:  509 | FVAL: 0.0020026
2019-07-24 15:21:22,928 - [INFO] - Epoch:  510 | FVAL: 0.0020014
2019-07-24 15:21:23,766 - [INFO] - Epoch:  511 | FVAL: 0.0020003
2019-07-24 15:21:24,599 - [INFO] - Epoch:  512 | FVAL: 0.0019991
2019-07-24 15:21:25,433 - [INFO] - Epoch:  513 | FVAL: 0.0019979
2019-07-24 15:21:26,275 - [INFO] - Epoch:  514 | FVAL: 0.0019967
2019-07-24 15:21:27,119 - [INFO] - Epoch:  515 | FVAL: 0.0019955
2019-07-24 15:21:27,967 - [INFO] - Epoch:  516 | FVAL: 0.0019944
2019-07-24 15:21:28,806 - [INFO] - Epoch:  517 | FVAL: 0.0019932
2019-07-24 15:21:29,648 - [INFO] - Epoch:  518 | FVAL: 0.0019920
2019-07-24 15:21:30,488 - [INFO] - Epoch:  519 | FVAL: 0.0019909
2019-07-24 15:21:31,323 - [INFO] - Epoch:  520 | FVAL: 0.0019897
2019-07-24 15:21:32,165 - [INFO] - Epoch:  521 | FVAL: 0.0019886
2019-07-24 15:21:33,004 - [INFO] - Epoch:  522 | FVAL: 0.0019874
2019-07-24 15:21:33,840 - [INFO] - Epoch:  523 | FVAL: 0.0019862
2019-07-24 15:21:34,682 - [INFO] - Epoch:  524 | FVAL: 0.0019851
2019-07-24 15:21:35,520 - [INFO] - Epoch:  525 | FVAL: 0.0019839
2019-07-24 15:21:36,355 - [INFO] - Epoch:  526 | FVAL: 0.0019828
2019-07-24 15:21:37,194 - [INFO] - Epoch:  527 | FVAL: 0.0019816
2019-07-24 15:21:38,033 - [INFO] - Epoch:  528 | FVAL: 0.0019804
2019-07-24 15:21:38,876 - [INFO] - Epoch:  529 | FVAL: 0.0019793
2019-07-24 15:21:39,717 - [INFO] - Epoch:  530 | FVAL: 0.0019781
2019-07-24 15:21:40,557 - [INFO] - Epoch:  531 | FVAL: 0.0019770
2019-07-24 15:21:41,392 - [INFO] - Epoch:  532 | FVAL: 0.0019758
2019-07-24 15:21:42,233 - [INFO] - Epoch:  533 | FVAL: 0.0019747
2019-07-24 15:21:43,074 - [INFO] - Epoch:  534 | FVAL: 0.0019736
2019-07-24 15:21:43,913 - [INFO] - Epoch:  535 | FVAL: 0.0019724
2019-07-24 15:21:44,751 - [INFO] - Epoch:  536 | FVAL: 0.0019713
2019-07-24 15:21:45,592 - [INFO] - Epoch:  537 | FVAL: 0.0019701
2019-07-24 15:21:46,433 - [INFO] - Epoch:  538 | FVAL: 0.0019690
2019-07-24 15:21:47,273 - [INFO] - Epoch:  539 | FVAL: 0.0019679
2019-07-24 15:21:48,114 - [INFO] - Epoch:  540 | FVAL: 0.0019667
2019-07-24 15:21:48,955 - [INFO] - Epoch:  541 | FVAL: 0.0019656
2019-07-24 15:21:49,796 - [INFO] - Epoch:  542 | FVAL: 0.0019645
2019-07-24 15:21:50,694 - [INFO] - Epoch:  543 | FVAL: 0.0019633
2019-07-24 15:21:51,535 - [INFO] - Epoch:  544 | FVAL: 0.0019622
2019-07-24 15:21:52,376 - [INFO] - Epoch:  545 | FVAL: 0.0019612
2019-07-24 15:21:53,214 - [INFO] - Epoch:  546 | FVAL: 0.0019601
2019-07-24 15:21:54,058 - [INFO] - Epoch:  547 | FVAL: 0.0019590
2019-07-24 15:21:54,900 - [INFO] - Epoch:  548 | FVAL: 0.0019580
2019-07-24 15:21:55,740 - [INFO] - Epoch:  549 | FVAL: 0.0019569
2019-07-24 15:21:56,586 - [INFO] - Epoch:  550 | FVAL: 0.0019558
2019-07-24 15:21:57,425 - [INFO] - Epoch:  551 | FVAL: 0.0019548
2019-07-24 15:21:58,263 - [INFO] - Epoch:  552 | FVAL: 0.0019537
2019-07-24 15:21:59,104 - [INFO] - Epoch:  553 | FVAL: 0.0019526
2019-07-24 15:21:59,945 - [INFO] - Epoch:  554 | FVAL: 0.0019516
2019-07-24 15:22:01,036 - [INFO] - Epoch:  555 | FVAL: 0.0019505
2019-07-24 15:22:01,881 - [INFO] - Epoch:  556 | FVAL: 0.0019495
2019-07-24 15:22:02,723 - [INFO] - Epoch:  557 | FVAL: 0.0019484
2019-07-24 15:22:03,562 - [INFO] - Epoch:  558 | FVAL: 0.0019473
2019-07-24 15:22:04,403 - [INFO] - Epoch:  559 | FVAL: 0.0019463
2019-07-24 15:22:05,242 - [INFO] - Epoch:  560 | FVAL: 0.0019452
2019-07-24 15:22:06,085 - [INFO] - Epoch:  561 | FVAL: 0.0019442
2019-07-24 15:22:06,924 - [INFO] - Epoch:  562 | FVAL: 0.0019431
2019-07-24 15:22:07,763 - [INFO] - Epoch:  563 | FVAL: 0.0019421
2019-07-24 15:22:08,603 - [INFO] - Epoch:  564 | FVAL: 0.0019410
2019-07-24 15:22:09,444 - [INFO] - Epoch:  565 | FVAL: 0.0019400
2019-07-24 15:22:10,289 - [INFO] - Epoch:  566 | FVAL: 0.0019389
2019-07-24 15:22:11,130 - [INFO] - Epoch:  567 | FVAL: 0.0019379
2019-07-24 15:22:11,965 - [INFO] - Epoch:  568 | FVAL: 0.0019368
2019-07-24 15:22:12,801 - [INFO] - Epoch:  569 | FVAL: 0.0019358
2019-07-24 15:22:13,638 - [INFO] - Epoch:  570 | FVAL: 0.0019348
2019-07-24 15:22:14,476 - [INFO] - Epoch:  571 | FVAL: 0.0019337
2019-07-24 15:22:15,317 - [INFO] - Epoch:  572 | FVAL: 0.0019327
2019-07-24 15:22:16,154 - [INFO] - Epoch:  573 | FVAL: 0.0019316
2019-07-24 15:22:16,998 - [INFO] - Epoch:  574 | FVAL: 0.0019306
2019-07-24 15:22:17,841 - [INFO] - Epoch:  575 | FVAL: 0.0019295
2019-07-24 15:22:18,682 - [INFO] - Epoch:  576 | FVAL: 0.0019285
2019-07-24 15:22:19,615 - [INFO] - Epoch:  577 | FVAL: 0.0019274
2019-07-24 15:22:20,457 - [INFO] - Epoch:  578 | FVAL: 0.0019264
2019-07-24 15:22:21,312 - [INFO] - Epoch:  579 | FVAL: 0.0019254
2019-07-24 15:22:22,150 - [INFO] - Epoch:  580 | FVAL: 0.0019243
2019-07-24 15:22:23,019 - [INFO] - Epoch:  581 | FVAL: 0.0019233
2019-07-24 15:22:23,953 - [INFO] - Epoch:  582 | FVAL: 0.0019222
2019-07-24 15:22:24,885 - [INFO] - Epoch:  583 | FVAL: 0.0019212
2019-07-24 15:22:25,748 - [INFO] - Epoch:  584 | FVAL: 0.0019202
2019-07-24 15:22:26,591 - [INFO] - Epoch:  585 | FVAL: 0.0019191
2019-07-24 15:22:27,429 - [INFO] - Epoch:  586 | FVAL: 0.0019181
2019-07-24 15:22:28,261 - [INFO] - Epoch:  587 | FVAL: 0.0019171
2019-07-24 15:22:29,092 - [INFO] - Epoch:  588 | FVAL: 0.0019160
2019-07-24 15:22:29,933 - [INFO] - Epoch:  589 | FVAL: 0.0019150
2019-07-24 15:22:30,773 - [INFO] - Epoch:  590 | FVAL: 0.0019139
2019-07-24 15:22:31,617 - [INFO] - Epoch:  591 | FVAL: 0.0019129
2019-07-24 15:22:32,455 - [INFO] - Epoch:  592 | FVAL: 0.0019119
2019-07-24 15:22:33,292 - [INFO] - Epoch:  593 | FVAL: 0.0019108
2019-07-24 15:22:34,132 - [INFO] - Epoch:  594 | FVAL: 0.0019098
2019-07-24 15:22:34,974 - [INFO] - Epoch:  595 | FVAL: 0.0019088
2019-07-24 15:22:35,816 - [INFO] - Epoch:  596 | FVAL: 0.0019077
2019-07-24 15:22:36,657 - [INFO] - Epoch:  597 | FVAL: 0.0019067
2019-07-24 15:22:37,501 - [INFO] - Epoch:  598 | FVAL: 0.0019057
2019-07-24 15:22:38,344 - [INFO] - Epoch:  599 | FVAL: 0.0019046
2019-07-24 15:22:39,182 - [INFO] - Epoch:  600 | FVAL: 0.0019036
2019-07-24 15:22:40,024 - [INFO] - Epoch:  601 | FVAL: 0.0019026
2019-07-24 15:22:40,864 - [INFO] - Epoch:  602 | FVAL: 0.0019016
2019-07-24 15:22:41,722 - [INFO] - Epoch:  603 | FVAL: 0.0019006
2019-07-24 15:22:42,570 - [INFO] - Epoch:  604 | FVAL: 0.0018996
2019-07-24 15:22:43,409 - [INFO] - Epoch:  605 | FVAL: 0.0018985
2019-07-24 15:22:44,250 - [INFO] - Epoch:  606 | FVAL: 0.0018975
2019-07-24 15:22:45,090 - [INFO] - Epoch:  607 | FVAL: 0.0018965
2019-07-24 15:22:45,928 - [INFO] - Epoch:  608 | FVAL: 0.0018955
2019-07-24 15:22:46,767 - [INFO] - Epoch:  609 | FVAL: 0.0018945
2019-07-24 15:22:47,608 - [INFO] - Epoch:  610 | FVAL: 0.0018935
2019-07-24 15:22:48,447 - [INFO] - Epoch:  611 | FVAL: 0.0018925
2019-07-24 15:22:49,275 - [INFO] - Epoch:  612 | FVAL: 0.0018915
2019-07-24 15:22:50,108 - [INFO] - Epoch:  613 | FVAL: 0.0018905
2019-07-24 15:22:50,944 - [INFO] - Epoch:  614 | FVAL: 0.0018895
2019-07-24 15:22:51,780 - [INFO] - Epoch:  615 | FVAL: 0.0018885
2019-07-24 15:22:52,625 - [INFO] - Epoch:  616 | FVAL: 0.0018875
2019-07-24 15:22:53,466 - [INFO] - Epoch:  617 | FVAL: 0.0018865
2019-07-24 15:25:47,057 - [INFO] - csum-- N:38 | d:7129 | lambda:1e-05
2019-07-24 15:25:47,057 - [INFO] - Function value sequence convergence criteria.
2019-07-24 15:25:47,057 - [INFO] - Epoch:    0 | FVAL: 0.3465736
2019-07-24 15:25:47,955 - [INFO] - Epoch:    1 | FVAL: 0.3465736
2019-07-24 15:25:48,851 - [INFO] - Epoch:    2 | FVAL: 0.0012766
2019-07-24 15:25:49,746 - [INFO] - Epoch:    3 | FVAL: 0.0008805
2019-07-24 15:25:50,637 - [INFO] - Epoch:    4 | FVAL: 0.0007544
2019-07-24 15:25:51,529 - [INFO] - Epoch:    5 | FVAL: 0.0006941
2019-07-24 15:25:52,426 - [INFO] - Epoch:    6 | FVAL: 0.0006594
2019-07-24 15:25:53,316 - [INFO] - Epoch:    7 | FVAL: 0.0006370
2019-07-24 15:25:54,209 - [INFO] - Epoch:    8 | FVAL: 0.0006214
2019-07-24 15:25:55,100 - [INFO] - Epoch:    9 | FVAL: 0.0006101
2019-07-24 15:25:55,991 - [INFO] - Epoch:   10 | FVAL: 0.0006014
2019-07-24 15:25:56,884 - [INFO] - Epoch:   11 | FVAL: 0.0005945
2019-07-24 15:25:57,774 - [INFO] - Epoch:   12 | FVAL: 0.0005889
2019-07-24 15:25:58,663 - [INFO] - Epoch:   13 | FVAL: 0.0005842
2019-07-24 15:25:59,551 - [INFO] - Epoch:   14 | FVAL: 0.0005802
2019-07-24 15:26:00,603 - [INFO] - Epoch:   15 | FVAL: 0.0005768
2019-07-24 15:26:01,503 - [INFO] - Epoch:   16 | FVAL: 0.0005738
2019-07-24 15:26:02,395 - [INFO] - Epoch:   17 | FVAL: 0.0005711
2019-07-24 15:26:03,288 - [INFO] - Epoch:   18 | FVAL: 0.0005687
2019-07-24 15:26:04,183 - [INFO] - Epoch:   19 | FVAL: 0.0005664
2019-07-24 15:26:05,075 - [INFO] - Epoch:   20 | FVAL: 0.0005644
2019-07-24 15:26:05,956 - [INFO] - Epoch:   21 | FVAL: 0.0005625
2019-07-24 15:26:06,839 - [INFO] - Epoch:   22 | FVAL: 0.0005607
2019-07-24 15:26:07,728 - [INFO] - Epoch:   23 | FVAL: 0.0005591
2019-07-24 15:26:08,612 - [INFO] - Epoch:   24 | FVAL: 0.0005575
2019-07-24 15:26:09,499 - [INFO] - Epoch:   25 | FVAL: 0.0005560
2019-07-24 15:26:10,403 - [INFO] - Epoch:   26 | FVAL: 0.0005546
2019-07-24 15:26:11,299 - [INFO] - Epoch:   27 | FVAL: 0.0005533
2019-07-24 15:26:12,194 - [INFO] - Epoch:   28 | FVAL: 0.0005520
2019-07-24 15:26:13,091 - [INFO] - Epoch:   29 | FVAL: 0.0005507
2019-07-24 15:26:13,990 - [INFO] - Epoch:   30 | FVAL: 0.0005495
2019-07-24 15:26:14,881 - [INFO] - Epoch:   31 | FVAL: 0.0005484
2019-07-24 15:26:15,783 - [INFO] - Epoch:   32 | FVAL: 0.0005472
2019-07-24 15:26:16,679 - [INFO] - Epoch:   33 | FVAL: 0.0005461
2019-07-24 15:26:17,570 - [INFO] - Epoch:   34 | FVAL: 0.0005451
2019-07-24 15:26:18,456 - [INFO] - Epoch:   35 | FVAL: 0.0005440
2019-07-24 15:26:19,342 - [INFO] - Epoch:   36 | FVAL: 0.0005430
2019-07-24 15:28:41,525 - [INFO] - csum-- N:38 | d:7129 | lambda:1e-06
2019-07-24 15:28:41,526 - [INFO] - Function value sequence convergence criteria.
2019-07-24 15:28:41,526 - [INFO] - Epoch:    0 | FVAL: 0.3465736
2019-07-24 15:28:42,486 - [INFO] - Epoch:    1 | FVAL: 0.3465736
2019-07-24 15:28:43,424 - [INFO] - Epoch:    2 | FVAL: 0.0009086
2019-07-24 15:28:44,318 - [INFO] - Epoch:    3 | FVAL: 0.0004821
2019-07-24 15:28:45,212 - [INFO] - Epoch:    4 | FVAL: 0.0003395
2019-07-24 15:28:46,106 - [INFO] - Epoch:    5 | FVAL: 0.0002683
2019-07-24 15:28:47,003 - [INFO] - Epoch:    6 | FVAL: 0.0002258
2019-07-24 15:28:47,899 - [INFO] - Epoch:    7 | FVAL: 0.0001975
2019-07-24 15:28:48,793 - [INFO] - Epoch:    8 | FVAL: 0.0001775
2019-07-24 15:28:49,684 - [INFO] - Epoch:    9 | FVAL: 0.0001625
2019-07-24 15:28:50,582 - [INFO] - Epoch:   10 | FVAL: 0.0001509
2019-07-24 15:28:51,479 - [INFO] - Epoch:   11 | FVAL: 0.0001417
2019-07-24 15:28:52,372 - [INFO] - Epoch:   12 | FVAL: 0.0001342
2019-07-24 15:28:53,268 - [INFO] - Epoch:   13 | FVAL: 0.0001279
2019-07-24 15:28:54,165 - [INFO] - Epoch:   14 | FVAL: 0.0001227
2019-07-24 15:28:55,064 - [INFO] - Epoch:   15 | FVAL: 0.0001182
2019-07-24 15:28:55,965 - [INFO] - Epoch:   16 | FVAL: 0.0001144
2019-07-24 15:28:56,867 - [INFO] - Epoch:   17 | FVAL: 0.0001110
2019-07-24 15:28:57,769 - [INFO] - Epoch:   18 | FVAL: 0.0001081
2019-07-24 15:28:58,668 - [INFO] - Epoch:   19 | FVAL: 0.0001055
2019-07-24 15:28:59,566 - [INFO] - Epoch:   20 | FVAL: 0.0001032
2019-07-24 15:29:00,615 - [INFO] - Epoch:   21 | FVAL: 0.0001011
2019-07-24 15:29:01,516 - [INFO] - Epoch:   22 | FVAL: 0.0000992
2019-07-24 15:29:02,413 - [INFO] - Epoch:   23 | FVAL: 0.0000975
2019-07-24 15:29:03,312 - [INFO] - Epoch:   24 | FVAL: 0.0000960
2019-07-24 15:29:04,214 - [INFO] - Epoch:   25 | FVAL: 0.0000946
2019-07-24 15:29:05,115 - [INFO] - Epoch:   26 | FVAL: 0.0000933
2019-07-24 15:29:06,018 - [INFO] - Epoch:   27 | FVAL: 0.0000921
2019-07-24 15:29:06,919 - [INFO] - Epoch:   28 | FVAL: 0.0000911
2019-07-24 15:29:07,818 - [INFO] - Epoch:   29 | FVAL: 0.0000901
