2019-07-24 14:55:06,441 - [INFO] - rcsum-- N:38 | d:7129 | lambda:0.0001
2019-07-24 14:55:06,441 - [INFO] - Function value sequence convergence criteria.
2019-07-24 14:55:06,442 - [INFO] - Epoch:    0 | FVAL: 0.3465736
2019-07-24 14:55:07,319 - [INFO] - Epoch:    1 | FVAL: 0.0045843
2019-07-24 14:55:08,194 - [INFO] - Epoch:    2 | FVAL: 0.0043021
2019-07-24 14:55:09,066 - [INFO] - Epoch:    3 | FVAL: 0.0041895
2019-07-24 14:55:09,936 - [INFO] - Epoch:    4 | FVAL: 0.0041136
2019-07-24 14:55:10,805 - [INFO] - Epoch:    5 | FVAL: 0.0040534
2019-07-24 14:55:11,672 - [INFO] - Epoch:    6 | FVAL: 0.0040025
2019-07-24 14:55:12,541 - [INFO] - Epoch:    7 | FVAL: 0.0039574
2019-07-24 14:55:13,404 - [INFO] - Epoch:    8 | FVAL: 0.0039167
2019-07-24 14:55:14,268 - [INFO] - Epoch:    9 | FVAL: 0.0038793
2019-07-24 14:55:15,129 - [INFO] - Epoch:   10 | FVAL: 0.0038446
2019-07-24 14:55:15,993 - [INFO] - Epoch:   11 | FVAL: 0.0038121
2019-07-24 14:55:16,854 - [INFO] - Epoch:   12 | FVAL: 0.0037815
2019-07-24 14:55:17,717 - [INFO] - Epoch:   13 | FVAL: 0.0037524
2019-07-24 14:55:18,575 - [INFO] - Epoch:   14 | FVAL: 0.0037249
2019-07-24 14:55:19,434 - [INFO] - Epoch:   15 | FVAL: 0.0036987
2019-07-24 14:55:20,295 - [INFO] - Epoch:   16 | FVAL: 0.0036736
2019-07-24 14:55:21,238 - [INFO] - Epoch:   17 | FVAL: 0.0036495
2019-07-24 14:55:22,099 - [INFO] - Epoch:   18 | FVAL: 0.0036264
2019-07-24 14:55:22,957 - [INFO] - Epoch:   19 | FVAL: 0.0036042
2019-07-24 14:55:23,812 - [INFO] - Epoch:   20 | FVAL: 0.0035830
2019-07-24 14:55:24,671 - [INFO] - Epoch:   21 | FVAL: 0.0035629
2019-07-24 14:55:25,525 - [INFO] - Epoch:   22 | FVAL: 0.0035435
2019-07-24 14:55:26,383 - [INFO] - Epoch:   23 | FVAL: 0.0035248
2019-07-24 14:55:27,242 - [INFO] - Epoch:   24 | FVAL: 0.0035069
2019-07-24 14:55:28,096 - [INFO] - Epoch:   25 | FVAL: 0.0034896
2019-07-24 14:55:28,947 - [INFO] - Epoch:   26 | FVAL: 0.0034730
2019-07-24 14:55:29,804 - [INFO] - Epoch:   27 | FVAL: 0.0034567
2019-07-24 14:55:30,656 - [INFO] - Epoch:   28 | FVAL: 0.0034410
2019-07-24 14:55:31,510 - [INFO] - Epoch:   29 | FVAL: 0.0034258
2019-07-24 14:55:32,364 - [INFO] - Epoch:   30 | FVAL: 0.0034108
2019-07-24 14:55:33,222 - [INFO] - Epoch:   31 | FVAL: 0.0033963
2019-07-24 14:55:34,077 - [INFO] - Epoch:   32 | FVAL: 0.0033821
2019-07-24 14:55:34,931 - [INFO] - Epoch:   33 | FVAL: 0.0033683
2019-07-24 14:55:35,794 - [INFO] - Epoch:   34 | FVAL: 0.0033548
2019-07-24 14:55:36,649 - [INFO] - Epoch:   35 | FVAL: 0.0033416
2019-07-24 14:55:37,506 - [INFO] - Epoch:   36 | FVAL: 0.0033287
2019-07-24 14:55:38,358 - [INFO] - Epoch:   37 | FVAL: 0.0033161
2019-07-24 14:55:39,206 - [INFO] - Epoch:   38 | FVAL: 0.0033038
2019-07-24 14:55:40,056 - [INFO] - Epoch:   39 | FVAL: 0.0032918
2019-07-24 14:55:40,911 - [INFO] - Epoch:   40 | FVAL: 0.0032800
2019-07-24 14:55:41,769 - [INFO] - Epoch:   41 | FVAL: 0.0032684
2019-07-24 14:55:42,623 - [INFO] - Epoch:   42 | FVAL: 0.0032571
2019-07-24 14:55:43,477 - [INFO] - Epoch:   43 | FVAL: 0.0032459
2019-07-24 14:55:44,328 - [INFO] - Epoch:   44 | FVAL: 0.0032352
2019-07-24 14:55:45,174 - [INFO] - Epoch:   45 | FVAL: 0.0032246
2019-07-24 14:55:46,025 - [INFO] - Epoch:   46 | FVAL: 0.0032142
2019-07-24 14:55:46,878 - [INFO] - Epoch:   47 | FVAL: 0.0032039
2019-07-24 14:55:47,726 - [INFO] - Epoch:   48 | FVAL: 0.0031938
2019-07-24 14:55:48,576 - [INFO] - Epoch:   49 | FVAL: 0.0031838
2019-07-24 14:55:49,425 - [INFO] - Epoch:   50 | FVAL: 0.0031740
2019-07-24 14:55:50,270 - [INFO] - Epoch:   51 | FVAL: 0.0031644
2019-07-24 14:55:51,117 - [INFO] - Epoch:   52 | FVAL: 0.0031550
2019-07-24 14:55:51,969 - [INFO] - Epoch:   53 | FVAL: 0.0031458
2019-07-24 14:55:52,815 - [INFO] - Epoch:   54 | FVAL: 0.0031367
2019-07-24 14:55:53,662 - [INFO] - Epoch:   55 | FVAL: 0.0031278
2019-07-24 14:55:54,513 - [INFO] - Epoch:   56 | FVAL: 0.0031190
2019-07-24 14:55:55,358 - [INFO] - Epoch:   57 | FVAL: 0.0031103
2019-07-24 14:55:56,204 - [INFO] - Epoch:   58 | FVAL: 0.0031016
2019-07-24 14:55:57,051 - [INFO] - Epoch:   59 | FVAL: 0.0030931
2019-07-24 14:55:57,895 - [INFO] - Epoch:   60 | FVAL: 0.0030848
2019-07-24 14:55:58,743 - [INFO] - Epoch:   61 | FVAL: 0.0030767
2019-07-24 14:55:59,590 - [INFO] - Epoch:   62 | FVAL: 0.0030686
2019-07-24 14:56:00,633 - [INFO] - Epoch:   63 | FVAL: 0.0030607
2019-07-24 14:56:01,482 - [INFO] - Epoch:   64 | FVAL: 0.0030528
2019-07-24 14:56:02,328 - [INFO] - Epoch:   65 | FVAL: 0.0030451
2019-07-24 14:56:03,172 - [INFO] - Epoch:   66 | FVAL: 0.0030375
2019-07-24 14:56:04,018 - [INFO] - Epoch:   67 | FVAL: 0.0030301
2019-07-24 14:56:04,869 - [INFO] - Epoch:   68 | FVAL: 0.0030229
2019-07-24 14:56:05,721 - [INFO] - Epoch:   69 | FVAL: 0.0030157
2019-07-24 14:56:06,571 - [INFO] - Epoch:   70 | FVAL: 0.0030087
2019-07-24 14:56:07,422 - [INFO] - Epoch:   71 | FVAL: 0.0030018
2019-07-24 14:56:08,273 - [INFO] - Epoch:   72 | FVAL: 0.0029948
2019-07-24 14:56:09,123 - [INFO] - Epoch:   73 | FVAL: 0.0029880
2019-07-24 14:56:09,975 - [INFO] - Epoch:   74 | FVAL: 0.0029813
2019-07-24 14:56:10,821 - [INFO] - Epoch:   75 | FVAL: 0.0029747
2019-07-24 14:56:11,669 - [INFO] - Epoch:   76 | FVAL: 0.0029682
2019-07-24 14:56:12,518 - [INFO] - Epoch:   77 | FVAL: 0.0029618
2019-07-24 14:56:13,363 - [INFO] - Epoch:   78 | FVAL: 0.0029555
2019-07-24 14:56:14,211 - [INFO] - Epoch:   79 | FVAL: 0.0029493
2019-07-24 14:56:15,059 - [INFO] - Epoch:   80 | FVAL: 0.0029432
2019-07-24 14:56:15,905 - [INFO] - Epoch:   81 | FVAL: 0.0029371
2019-07-24 14:56:16,753 - [INFO] - Epoch:   82 | FVAL: 0.0029311
2019-07-24 14:56:17,599 - [INFO] - Epoch:   83 | FVAL: 0.0029250
2019-07-24 14:56:18,446 - [INFO] - Epoch:   84 | FVAL: 0.0029191
2019-07-24 14:56:19,292 - [INFO] - Epoch:   85 | FVAL: 0.0029132
2019-07-24 14:56:20,136 - [INFO] - Epoch:   86 | FVAL: 0.0029073
2019-07-24 14:56:20,984 - [INFO] - Epoch:   87 | FVAL: 0.0029015
2019-07-24 14:56:21,832 - [INFO] - Epoch:   88 | FVAL: 0.0028958
2019-07-24 14:56:22,677 - [INFO] - Epoch:   89 | FVAL: 0.0028902
2019-07-24 14:56:23,525 - [INFO] - Epoch:   90 | FVAL: 0.0028845
2019-07-24 14:56:24,372 - [INFO] - Epoch:   91 | FVAL: 0.0028789
2019-07-24 14:56:25,219 - [INFO] - Epoch:   92 | FVAL: 0.0028734
2019-07-24 14:56:26,064 - [INFO] - Epoch:   93 | FVAL: 0.0028679
2019-07-24 14:56:26,912 - [INFO] - Epoch:   94 | FVAL: 0.0028625
2019-07-24 14:56:27,759 - [INFO] - Epoch:   95 | FVAL: 0.0028572
2019-07-24 14:56:28,606 - [INFO] - Epoch:   96 | FVAL: 0.0028518
2019-07-24 14:56:29,454 - [INFO] - Epoch:   97 | FVAL: 0.0028466
2019-07-24 14:56:30,301 - [INFO] - Epoch:   98 | FVAL: 0.0028414
2019-07-24 14:56:31,148 - [INFO] - Epoch:   99 | FVAL: 0.0028363
2019-07-24 14:56:31,998 - [INFO] - Epoch:  100 | FVAL: 0.0028314
2019-07-24 14:56:32,843 - [INFO] - Epoch:  101 | FVAL: 0.0028265
2019-07-24 14:56:33,691 - [INFO] - Epoch:  102 | FVAL: 0.0028216
2019-07-24 14:56:34,540 - [INFO] - Epoch:  103 | FVAL: 0.0028168
2019-07-24 14:56:35,384 - [INFO] - Epoch:  104 | FVAL: 0.0028120
2019-07-24 14:56:36,232 - [INFO] - Epoch:  105 | FVAL: 0.0028072
2019-07-24 14:56:37,076 - [INFO] - Epoch:  106 | FVAL: 0.0028025
2019-07-24 14:56:37,926 - [INFO] - Epoch:  107 | FVAL: 0.0027979
2019-07-24 14:56:38,773 - [INFO] - Epoch:  108 | FVAL: 0.0027934
2019-07-24 14:56:39,620 - [INFO] - Epoch:  109 | FVAL: 0.0027889
2019-07-24 14:56:40,467 - [INFO] - Epoch:  110 | FVAL: 0.0027845
2019-07-24 14:56:41,315 - [INFO] - Epoch:  111 | FVAL: 0.0027802
2019-07-24 14:56:42,163 - [INFO] - Epoch:  112 | FVAL: 0.0027758
2019-07-24 14:56:43,005 - [INFO] - Epoch:  113 | FVAL: 0.0027715
2019-07-24 14:56:43,851 - [INFO] - Epoch:  114 | FVAL: 0.0027672
2019-07-24 14:56:44,697 - [INFO] - Epoch:  115 | FVAL: 0.0027630
2019-07-24 14:56:45,544 - [INFO] - Epoch:  116 | FVAL: 0.0027589
2019-07-24 14:56:46,389 - [INFO] - Epoch:  117 | FVAL: 0.0027548
2019-07-24 14:56:47,236 - [INFO] - Epoch:  118 | FVAL: 0.0027508
2019-07-24 14:56:48,079 - [INFO] - Epoch:  119 | FVAL: 0.0027468
2019-07-24 14:56:48,925 - [INFO] - Epoch:  120 | FVAL: 0.0027428
2019-07-24 14:56:49,773 - [INFO] - Epoch:  121 | FVAL: 0.0027389
2019-07-24 14:56:50,618 - [INFO] - Epoch:  122 | FVAL: 0.0027349
2019-07-24 14:56:51,464 - [INFO] - Epoch:  123 | FVAL: 0.0027310
2019-07-24 14:56:52,312 - [INFO] - Epoch:  124 | FVAL: 0.0027271
2019-07-24 14:56:53,161 - [INFO] - Epoch:  125 | FVAL: 0.0027232
2019-07-24 14:56:54,005 - [INFO] - Epoch:  126 | FVAL: 0.0027193
2019-07-24 14:56:54,878 - [INFO] - Epoch:  127 | FVAL: 0.0027155
2019-07-24 14:56:55,765 - [INFO] - Epoch:  128 | FVAL: 0.0027116
2019-07-24 14:56:56,611 - [INFO] - Epoch:  129 | FVAL: 0.0027078
2019-07-24 14:56:57,457 - [INFO] - Epoch:  130 | FVAL: 0.0027040
2019-07-24 14:56:58,305 - [INFO] - Epoch:  131 | FVAL: 0.0027001
2019-07-24 14:56:59,151 - [INFO] - Epoch:  132 | FVAL: 0.0026963
2019-07-24 14:56:59,994 - [INFO] - Epoch:  133 | FVAL: 0.0026925
2019-07-24 14:57:01,027 - [INFO] - Epoch:  134 | FVAL: 0.0026887
2019-07-24 14:57:01,875 - [INFO] - Epoch:  135 | FVAL: 0.0026850
2019-07-24 14:57:02,723 - [INFO] - Epoch:  136 | FVAL: 0.0026813
2019-07-24 14:57:03,567 - [INFO] - Epoch:  137 | FVAL: 0.0026776
2019-07-24 14:57:04,414 - [INFO] - Epoch:  138 | FVAL: 0.0026739
2019-07-24 14:57:05,261 - [INFO] - Epoch:  139 | FVAL: 0.0026703
2019-07-24 14:57:06,107 - [INFO] - Epoch:  140 | FVAL: 0.0026666
2019-07-24 14:57:06,953 - [INFO] - Epoch:  141 | FVAL: 0.0026630
2019-07-24 14:57:07,799 - [INFO] - Epoch:  142 | FVAL: 0.0026593
2019-07-24 14:57:08,649 - [INFO] - Epoch:  143 | FVAL: 0.0026557
2019-07-24 14:57:09,491 - [INFO] - Epoch:  144 | FVAL: 0.0026521
2019-07-24 14:57:10,338 - [INFO] - Epoch:  145 | FVAL: 0.0026486
2019-07-24 14:57:11,184 - [INFO] - Epoch:  146 | FVAL: 0.0026450
2019-07-24 14:57:12,031 - [INFO] - Epoch:  147 | FVAL: 0.0026415
2019-07-24 14:57:12,876 - [INFO] - Epoch:  148 | FVAL: 0.0026381
2019-07-24 14:57:13,726 - [INFO] - Epoch:  149 | FVAL: 0.0026347
2019-07-24 14:57:14,574 - [INFO] - Epoch:  150 | FVAL: 0.0026314
2019-07-24 14:57:15,420 - [INFO] - Epoch:  151 | FVAL: 0.0026280
2019-07-24 14:57:16,265 - [INFO] - Epoch:  152 | FVAL: 0.0026247
2019-07-24 14:57:17,112 - [INFO] - Epoch:  153 | FVAL: 0.0026214
2019-07-24 14:57:17,959 - [INFO] - Epoch:  154 | FVAL: 0.0026181
2019-07-24 14:57:18,807 - [INFO] - Epoch:  155 | FVAL: 0.0026148
2019-07-24 14:57:19,655 - [INFO] - Epoch:  156 | FVAL: 0.0026115
2019-07-24 14:57:20,503 - [INFO] - Epoch:  157 | FVAL: 0.0026082
2019-07-24 14:57:21,347 - [INFO] - Epoch:  158 | FVAL: 0.0026050
2019-07-24 14:57:22,191 - [INFO] - Epoch:  159 | FVAL: 0.0026018
2019-07-24 14:57:23,040 - [INFO] - Epoch:  160 | FVAL: 0.0025987
2019-07-24 14:57:23,888 - [INFO] - Epoch:  161 | FVAL: 0.0025955
2019-07-24 14:57:24,736 - [INFO] - Epoch:  162 | FVAL: 0.0025924
2019-07-24 14:57:25,583 - [INFO] - Epoch:  163 | FVAL: 0.0025893
2019-07-24 14:57:26,432 - [INFO] - Epoch:  164 | FVAL: 0.0025862
2019-07-24 14:57:27,281 - [INFO] - Epoch:  165 | FVAL: 0.0025831
2019-07-24 14:57:28,123 - [INFO] - Epoch:  166 | FVAL: 0.0025800
2019-07-24 14:57:28,971 - [INFO] - Epoch:  167 | FVAL: 0.0025769
2019-07-24 14:57:29,819 - [INFO] - Epoch:  168 | FVAL: 0.0025739
2019-07-24 14:57:30,662 - [INFO] - Epoch:  169 | FVAL: 0.0025708
2019-07-24 14:57:31,507 - [INFO] - Epoch:  170 | FVAL: 0.0025677
2019-07-24 14:57:32,352 - [INFO] - Epoch:  171 | FVAL: 0.0025647
2019-07-24 14:57:33,196 - [INFO] - Epoch:  172 | FVAL: 0.0025617
2019-07-24 14:57:34,036 - [INFO] - Epoch:  173 | FVAL: 0.0025586
2019-07-24 14:57:34,873 - [INFO] - Epoch:  174 | FVAL: 0.0025557
2019-07-24 14:57:35,715 - [INFO] - Epoch:  175 | FVAL: 0.0025528
2019-07-24 14:57:36,558 - [INFO] - Epoch:  176 | FVAL: 0.0025499
2019-07-24 14:57:37,401 - [INFO] - Epoch:  177 | FVAL: 0.0025470
2019-07-24 14:57:38,241 - [INFO] - Epoch:  178 | FVAL: 0.0025442
2019-07-24 14:57:39,092 - [INFO] - Epoch:  179 | FVAL: 0.0025413
2019-07-24 14:57:39,935 - [INFO] - Epoch:  180 | FVAL: 0.0025384
2019-07-24 14:57:40,778 - [INFO] - Epoch:  181 | FVAL: 0.0025356
2019-07-24 14:57:41,620 - [INFO] - Epoch:  182 | FVAL: 0.0025327
2019-07-24 14:57:42,461 - [INFO] - Epoch:  183 | FVAL: 0.0025299
2019-07-24 14:57:43,303 - [INFO] - Epoch:  184 | FVAL: 0.0025271
2019-07-24 14:57:44,142 - [INFO] - Epoch:  185 | FVAL: 0.0025243
2019-07-24 14:57:44,985 - [INFO] - Epoch:  186 | FVAL: 0.0025214
2019-07-24 14:57:45,827 - [INFO] - Epoch:  187 | FVAL: 0.0025186
2019-07-24 14:57:46,666 - [INFO] - Epoch:  188 | FVAL: 0.0025159
2019-07-24 14:57:47,507 - [INFO] - Epoch:  189 | FVAL: 0.0025131
2019-07-24 14:57:48,350 - [INFO] - Epoch:  190 | FVAL: 0.0025104
2019-07-24 14:57:49,190 - [INFO] - Epoch:  191 | FVAL: 0.0025076
2019-07-24 14:57:50,029 - [INFO] - Epoch:  192 | FVAL: 0.0025049
2019-07-24 14:57:50,888 - [INFO] - Epoch:  193 | FVAL: 0.0025022
2019-07-24 14:57:51,816 - [INFO] - Epoch:  194 | FVAL: 0.0024995
2019-07-24 14:57:52,656 - [INFO] - Epoch:  195 | FVAL: 0.0024968
2019-07-24 14:57:53,500 - [INFO] - Epoch:  196 | FVAL: 0.0024941
2019-07-24 14:57:54,347 - [INFO] - Epoch:  197 | FVAL: 0.0024914
2019-07-24 14:57:55,191 - [INFO] - Epoch:  198 | FVAL: 0.0024887
2019-07-24 14:57:56,034 - [INFO] - Epoch:  199 | FVAL: 0.0024861
2019-07-24 14:57:56,877 - [INFO] - Epoch:  200 | FVAL: 0.0024835
2019-07-24 14:57:57,720 - [INFO] - Epoch:  201 | FVAL: 0.0024808
2019-07-24 14:57:58,563 - [INFO] - Epoch:  202 | FVAL: 0.0024782
2019-07-24 14:57:59,409 - [INFO] - Epoch:  203 | FVAL: 0.0024756
2019-07-24 14:58:00,457 - [INFO] - Epoch:  204 | FVAL: 0.0024730
2019-07-24 14:58:01,302 - [INFO] - Epoch:  205 | FVAL: 0.0024705
2019-07-24 14:58:02,150 - [INFO] - Epoch:  206 | FVAL: 0.0024679
2019-07-24 14:58:02,990 - [INFO] - Epoch:  207 | FVAL: 0.0024654
2019-07-24 14:58:03,838 - [INFO] - Epoch:  208 | FVAL: 0.0024629
2019-07-24 14:58:04,687 - [INFO] - Epoch:  209 | FVAL: 0.0024604
2019-07-24 14:58:05,532 - [INFO] - Epoch:  210 | FVAL: 0.0024579
2019-07-24 14:58:06,377 - [INFO] - Epoch:  211 | FVAL: 0.0024554
2019-07-24 14:58:07,222 - [INFO] - Epoch:  212 | FVAL: 0.0024529
2019-07-24 14:58:08,064 - [INFO] - Epoch:  213 | FVAL: 0.0024504
2019-07-24 14:58:08,909 - [INFO] - Epoch:  214 | FVAL: 0.0024479
2019-07-24 14:58:09,754 - [INFO] - Epoch:  215 | FVAL: 0.0024455
2019-07-24 14:58:10,598 - [INFO] - Epoch:  216 | FVAL: 0.0024430
2019-07-24 14:58:11,439 - [INFO] - Epoch:  217 | FVAL: 0.0024405
2019-07-24 14:58:12,282 - [INFO] - Epoch:  218 | FVAL: 0.0024381
2019-07-24 14:58:13,123 - [INFO] - Epoch:  219 | FVAL: 0.0024357
2019-07-24 14:58:13,969 - [INFO] - Epoch:  220 | FVAL: 0.0024334
2019-07-24 14:58:14,818 - [INFO] - Epoch:  221 | FVAL: 0.0024310
2019-07-24 14:58:15,668 - [INFO] - Epoch:  222 | FVAL: 0.0024287
2019-07-24 14:58:16,515 - [INFO] - Epoch:  223 | FVAL: 0.0024264
2019-07-24 14:58:17,355 - [INFO] - Epoch:  224 | FVAL: 0.0024241
2019-07-24 14:58:18,198 - [INFO] - Epoch:  225 | FVAL: 0.0024218
2019-07-24 14:58:19,034 - [INFO] - Epoch:  226 | FVAL: 0.0024196
2019-07-24 14:58:19,880 - [INFO] - Epoch:  227 | FVAL: 0.0024173
2019-07-24 14:58:20,717 - [INFO] - Epoch:  228 | FVAL: 0.0024150
2019-07-24 14:58:21,557 - [INFO] - Epoch:  229 | FVAL: 0.0024128
2019-07-24 14:58:22,403 - [INFO] - Epoch:  230 | FVAL: 0.0024106
2019-07-24 14:58:23,246 - [INFO] - Epoch:  231 | FVAL: 0.0024083
2019-07-24 14:58:24,088 - [INFO] - Epoch:  232 | FVAL: 0.0024061
2019-07-24 14:58:24,929 - [INFO] - Epoch:  233 | FVAL: 0.0024039
2019-07-24 14:58:25,773 - [INFO] - Epoch:  234 | FVAL: 0.0024017
2019-07-24 14:58:26,617 - [INFO] - Epoch:  235 | FVAL: 0.0023995
2019-07-24 14:58:27,465 - [INFO] - Epoch:  236 | FVAL: 0.0023973
2019-07-24 14:58:28,308 - [INFO] - Epoch:  237 | FVAL: 0.0023952
2019-07-24 14:58:29,153 - [INFO] - Epoch:  238 | FVAL: 0.0023930
2019-07-24 14:58:29,994 - [INFO] - Epoch:  239 | FVAL: 0.0023909
2019-07-24 14:58:30,835 - [INFO] - Epoch:  240 | FVAL: 0.0023888
2019-07-24 14:58:31,673 - [INFO] - Epoch:  241 | FVAL: 0.0023867
2019-07-24 14:58:32,514 - [INFO] - Epoch:  242 | FVAL: 0.0023845
2019-07-24 14:58:33,357 - [INFO] - Epoch:  243 | FVAL: 0.0023824
2019-07-24 14:58:34,198 - [INFO] - Epoch:  244 | FVAL: 0.0023803
2019-07-24 14:58:35,037 - [INFO] - Epoch:  245 | FVAL: 0.0023782
2019-07-24 14:58:35,872 - [INFO] - Epoch:  246 | FVAL: 0.0023761
2019-07-24 14:58:36,710 - [INFO] - Epoch:  247 | FVAL: 0.0023740
2019-07-24 14:58:37,555 - [INFO] - Epoch:  248 | FVAL: 0.0023719
2019-07-24 14:58:38,395 - [INFO] - Epoch:  249 | FVAL: 0.0023699
2019-07-24 14:58:39,237 - [INFO] - Epoch:  250 | FVAL: 0.0023678
2019-07-24 14:58:40,078 - [INFO] - Epoch:  251 | FVAL: 0.0023658
2019-07-24 14:58:40,919 - [INFO] - Epoch:  252 | FVAL: 0.0023637
2019-07-24 14:58:41,758 - [INFO] - Epoch:  253 | FVAL: 0.0023617
2019-07-24 14:58:42,595 - [INFO] - Epoch:  254 | FVAL: 0.0023596
2019-07-24 14:58:43,438 - [INFO] - Epoch:  255 | FVAL: 0.0023576
2019-07-24 14:58:44,281 - [INFO] - Epoch:  256 | FVAL: 0.0023556
2019-07-24 14:58:45,127 - [INFO] - Epoch:  257 | FVAL: 0.0023535
2019-07-24 14:58:45,970 - [INFO] - Epoch:  258 | FVAL: 0.0023515
2019-07-24 14:58:46,812 - [INFO] - Epoch:  259 | FVAL: 0.0023495
2019-07-24 14:58:47,654 - [INFO] - Epoch:  260 | FVAL: 0.0023474
2019-07-24 14:58:48,498 - [INFO] - Epoch:  261 | FVAL: 0.0023454
2019-07-24 14:58:49,340 - [INFO] - Epoch:  262 | FVAL: 0.0023434
2019-07-24 14:58:50,183 - [INFO] - Epoch:  263 | FVAL: 0.0023414
2019-07-24 14:58:51,026 - [INFO] - Epoch:  264 | FVAL: 0.0023394
2019-07-24 14:58:51,868 - [INFO] - Epoch:  265 | FVAL: 0.0023375
2019-07-24 14:58:52,706 - [INFO] - Epoch:  266 | FVAL: 0.0023355
2019-07-24 14:58:53,548 - [INFO] - Epoch:  267 | FVAL: 0.0023336
2019-07-24 14:58:54,390 - [INFO] - Epoch:  268 | FVAL: 0.0023316
2019-07-24 14:58:55,236 - [INFO] - Epoch:  269 | FVAL: 0.0023297
2019-07-24 14:58:56,079 - [INFO] - Epoch:  270 | FVAL: 0.0023278
2019-07-24 14:58:56,927 - [INFO] - Epoch:  271 | FVAL: 0.0023259
2019-07-24 14:58:57,770 - [INFO] - Epoch:  272 | FVAL: 0.0023240
2019-07-24 14:58:58,613 - [INFO] - Epoch:  273 | FVAL: 0.0023221
2019-07-24 14:58:59,459 - [INFO] - Epoch:  274 | FVAL: 0.0023202
2019-07-24 14:59:00,525 - [INFO] - Epoch:  275 | FVAL: 0.0023183
2019-07-24 14:59:01,369 - [INFO] - Epoch:  276 | FVAL: 0.0023165
2019-07-24 14:59:02,213 - [INFO] - Epoch:  277 | FVAL: 0.0023146
2019-07-24 14:59:03,056 - [INFO] - Epoch:  278 | FVAL: 0.0023128
2019-07-24 14:59:03,899 - [INFO] - Epoch:  279 | FVAL: 0.0023109
2019-07-24 14:59:04,745 - [INFO] - Epoch:  280 | FVAL: 0.0023091
2019-07-24 14:59:05,589 - [INFO] - Epoch:  281 | FVAL: 0.0023073
2019-07-24 14:59:06,437 - [INFO] - Epoch:  282 | FVAL: 0.0023054
2019-07-24 14:59:07,286 - [INFO] - Epoch:  283 | FVAL: 0.0023036
2019-07-24 14:59:08,141 - [INFO] - Epoch:  284 | FVAL: 0.0023018
2019-07-24 14:59:09,070 - [INFO] - Epoch:  285 | FVAL: 0.0023000
2019-07-24 14:59:09,917 - [INFO] - Epoch:  286 | FVAL: 0.0022982
2019-07-24 14:59:10,758 - [INFO] - Epoch:  287 | FVAL: 0.0022964
2019-07-24 14:59:11,598 - [INFO] - Epoch:  288 | FVAL: 0.0022946
2019-07-24 14:59:12,437 - [INFO] - Epoch:  289 | FVAL: 0.0022928
2019-07-24 14:59:13,281 - [INFO] - Epoch:  290 | FVAL: 0.0022910
2019-07-24 14:59:14,128 - [INFO] - Epoch:  291 | FVAL: 0.0022892
2019-07-24 14:59:14,976 - [INFO] - Epoch:  292 | FVAL: 0.0022874
2019-07-24 14:59:15,818 - [INFO] - Epoch:  293 | FVAL: 0.0022857
2019-07-24 14:59:16,663 - [INFO] - Epoch:  294 | FVAL: 0.0022839
2019-07-24 14:59:17,508 - [INFO] - Epoch:  295 | FVAL: 0.0022822
2019-07-24 14:59:18,356 - [INFO] - Epoch:  296 | FVAL: 0.0022804
2019-07-24 14:59:19,206 - [INFO] - Epoch:  297 | FVAL: 0.0022787
2019-07-24 14:59:20,049 - [INFO] - Epoch:  298 | FVAL: 0.0022769
2019-07-24 14:59:20,891 - [INFO] - Epoch:  299 | FVAL: 0.0022752
2019-07-24 14:59:21,733 - [INFO] - Epoch:  300 | FVAL: 0.0022735
2019-07-24 14:59:22,581 - [INFO] - Epoch:  301 | FVAL: 0.0022718
2019-07-24 14:59:23,425 - [INFO] - Epoch:  302 | FVAL: 0.0022700
2019-07-24 14:59:24,268 - [INFO] - Epoch:  303 | FVAL: 0.0022683
2019-07-24 14:59:25,112 - [INFO] - Epoch:  304 | FVAL: 0.0022666
2019-07-24 14:59:25,957 - [INFO] - Epoch:  305 | FVAL: 0.0022649
2019-07-24 14:59:26,804 - [INFO] - Epoch:  306 | FVAL: 0.0022631
2019-07-24 14:59:27,648 - [INFO] - Epoch:  307 | FVAL: 0.0022614
2019-07-24 14:59:28,492 - [INFO] - Epoch:  308 | FVAL: 0.0022597
2019-07-24 14:59:29,334 - [INFO] - Epoch:  309 | FVAL: 0.0022580
2019-07-24 14:59:30,178 - [INFO] - Epoch:  310 | FVAL: 0.0022563
2019-07-24 14:59:31,017 - [INFO] - Epoch:  311 | FVAL: 0.0022546
2019-07-24 14:59:31,856 - [INFO] - Epoch:  312 | FVAL: 0.0022529
2019-07-24 14:59:32,698 - [INFO] - Epoch:  313 | FVAL: 0.0022512
2019-07-24 14:59:33,539 - [INFO] - Epoch:  314 | FVAL: 0.0022495
2019-07-24 14:59:34,382 - [INFO] - Epoch:  315 | FVAL: 0.0022478
2019-07-24 14:59:35,229 - [INFO] - Epoch:  316 | FVAL: 0.0022462
2019-07-24 14:59:36,071 - [INFO] - Epoch:  317 | FVAL: 0.0022445
2019-07-24 14:59:36,915 - [INFO] - Epoch:  318 | FVAL: 0.0022428
2019-07-24 14:59:37,754 - [INFO] - Epoch:  319 | FVAL: 0.0022411
2019-07-24 14:59:38,588 - [INFO] - Epoch:  320 | FVAL: 0.0022395
2019-07-24 14:59:39,422 - [INFO] - Epoch:  321 | FVAL: 0.0022378
2019-07-24 14:59:40,256 - [INFO] - Epoch:  322 | FVAL: 0.0022361
2019-07-24 14:59:41,096 - [INFO] - Epoch:  323 | FVAL: 0.0022344
2019-07-24 14:59:41,935 - [INFO] - Epoch:  324 | FVAL: 0.0022328
2019-07-24 14:59:42,777 - [INFO] - Epoch:  325 | FVAL: 0.0022311
2019-07-24 14:59:43,616 - [INFO] - Epoch:  326 | FVAL: 0.0022294
2019-07-24 14:59:44,460 - [INFO] - Epoch:  327 | FVAL: 0.0022278
2019-07-24 14:59:45,302 - [INFO] - Epoch:  328 | FVAL: 0.0022261
2019-07-24 14:59:46,142 - [INFO] - Epoch:  329 | FVAL: 0.0022245
2019-07-24 14:59:46,982 - [INFO] - Epoch:  330 | FVAL: 0.0022229
2019-07-24 14:59:47,824 - [INFO] - Epoch:  331 | FVAL: 0.0022212
2019-07-24 14:59:48,665 - [INFO] - Epoch:  332 | FVAL: 0.0022196
2019-07-24 14:59:49,504 - [INFO] - Epoch:  333 | FVAL: 0.0022180
2019-07-24 14:59:50,345 - [INFO] - Epoch:  334 | FVAL: 0.0022164
2019-07-24 14:59:51,186 - [INFO] - Epoch:  335 | FVAL: 0.0022147
2019-07-24 14:59:52,026 - [INFO] - Epoch:  336 | FVAL: 0.0022131
2019-07-24 14:59:52,865 - [INFO] - Epoch:  337 | FVAL: 0.0022115
2019-07-24 14:59:53,707 - [INFO] - Epoch:  338 | FVAL: 0.0022099
2019-07-24 14:59:54,546 - [INFO] - Epoch:  339 | FVAL: 0.0022083
2019-07-24 14:59:55,391 - [INFO] - Epoch:  340 | FVAL: 0.0022067
2019-07-24 14:59:56,235 - [INFO] - Epoch:  341 | FVAL: 0.0022051
2019-07-24 14:59:57,078 - [INFO] - Epoch:  342 | FVAL: 0.0022035
2019-07-24 14:59:57,916 - [INFO] - Epoch:  343 | FVAL: 0.0022019
2019-07-24 14:59:58,817 - [INFO] - Epoch:  344 | FVAL: 0.0022003
2019-07-24 14:59:59,665 - [INFO] - Epoch:  345 | FVAL: 0.0021987
2019-07-24 15:00:00,670 - [INFO] - Epoch:  346 | FVAL: 0.0021971
2019-07-24 15:00:01,516 - [INFO] - Epoch:  347 | FVAL: 0.0021955
2019-07-24 15:00:02,360 - [INFO] - Epoch:  348 | FVAL: 0.0021939
2019-07-24 15:00:03,204 - [INFO] - Epoch:  349 | FVAL: 0.0021923
2019-07-24 15:00:04,046 - [INFO] - Epoch:  350 | FVAL: 0.0021906
2019-07-24 15:00:04,888 - [INFO] - Epoch:  351 | FVAL: 0.0021890
2019-07-24 15:00:05,728 - [INFO] - Epoch:  352 | FVAL: 0.0021874
2019-07-24 15:00:06,569 - [INFO] - Epoch:  353 | FVAL: 0.0021858
2019-07-24 15:00:07,413 - [INFO] - Epoch:  354 | FVAL: 0.0021843
2019-07-24 15:00:08,258 - [INFO] - Epoch:  355 | FVAL: 0.0021827
2019-07-24 15:00:09,097 - [INFO] - Epoch:  356 | FVAL: 0.0021811
2019-07-24 15:00:09,990 - [INFO] - Epoch:  357 | FVAL: 0.0021795
2019-07-24 15:00:10,924 - [INFO] - Epoch:  358 | FVAL: 0.0021779
2019-07-24 15:00:11,770 - [INFO] - Epoch:  359 | FVAL: 0.0021763
2019-07-24 15:00:12,616 - [INFO] - Epoch:  360 | FVAL: 0.0021747
2019-07-24 15:00:13,458 - [INFO] - Epoch:  361 | FVAL: 0.0021732
2019-07-24 15:00:14,298 - [INFO] - Epoch:  362 | FVAL: 0.0021716
2019-07-24 15:00:15,145 - [INFO] - Epoch:  363 | FVAL: 0.0021700
2019-07-24 15:00:15,989 - [INFO] - Epoch:  364 | FVAL: 0.0021685
2019-07-24 15:00:16,917 - [INFO] - Epoch:  365 | FVAL: 0.0021669
2019-07-24 15:00:17,760 - [INFO] - Epoch:  366 | FVAL: 0.0021654
2019-07-24 15:00:18,598 - [INFO] - Epoch:  367 | FVAL: 0.0021638
2019-07-24 15:00:19,437 - [INFO] - Epoch:  368 | FVAL: 0.0021623
2019-07-24 15:00:20,281 - [INFO] - Epoch:  369 | FVAL: 0.0021607
2019-07-24 15:00:21,120 - [INFO] - Epoch:  370 | FVAL: 0.0021592
2019-07-24 15:00:21,963 - [INFO] - Epoch:  371 | FVAL: 0.0021577
2019-07-24 15:00:22,806 - [INFO] - Epoch:  372 | FVAL: 0.0021562
2019-07-24 15:00:23,642 - [INFO] - Epoch:  373 | FVAL: 0.0021546
2019-07-24 15:00:24,479 - [INFO] - Epoch:  374 | FVAL: 0.0021531
2019-07-24 15:00:25,317 - [INFO] - Epoch:  375 | FVAL: 0.0021516
2019-07-24 15:00:26,155 - [INFO] - Epoch:  376 | FVAL: 0.0021501
2019-07-24 15:00:26,998 - [INFO] - Epoch:  377 | FVAL: 0.0021486
2019-07-24 15:00:27,838 - [INFO] - Epoch:  378 | FVAL: 0.0021471
2019-07-24 15:00:28,681 - [INFO] - Epoch:  379 | FVAL: 0.0021457
2019-07-24 15:00:29,540 - [INFO] - Epoch:  380 | FVAL: 0.0021442
2019-07-24 15:00:30,383 - [INFO] - Epoch:  381 | FVAL: 0.0021427
2019-07-24 15:00:31,220 - [INFO] - Epoch:  382 | FVAL: 0.0021413
2019-07-24 15:00:32,060 - [INFO] - Epoch:  383 | FVAL: 0.0021399
2019-07-24 15:00:32,903 - [INFO] - Epoch:  384 | FVAL: 0.0021384
2019-07-24 15:00:33,744 - [INFO] - Epoch:  385 | FVAL: 0.0021370
2019-07-24 15:00:34,585 - [INFO] - Epoch:  386 | FVAL: 0.0021355
2019-07-24 15:00:35,429 - [INFO] - Epoch:  387 | FVAL: 0.0021341
2019-07-24 15:00:36,272 - [INFO] - Epoch:  388 | FVAL: 0.0021327
2019-07-24 15:00:37,114 - [INFO] - Epoch:  389 | FVAL: 0.0021313
2019-07-24 15:00:37,948 - [INFO] - Epoch:  390 | FVAL: 0.0021298
2019-07-24 15:00:38,793 - [INFO] - Epoch:  391 | FVAL: 0.0021284
2019-07-24 15:00:39,633 - [INFO] - Epoch:  392 | FVAL: 0.0021270
2019-07-24 15:00:40,479 - [INFO] - Epoch:  393 | FVAL: 0.0021256
2019-07-24 15:00:41,324 - [INFO] - Epoch:  394 | FVAL: 0.0021242
2019-07-24 15:00:42,166 - [INFO] - Epoch:  395 | FVAL: 0.0021228
2019-07-24 15:00:43,005 - [INFO] - Epoch:  396 | FVAL: 0.0021214
2019-07-24 15:00:43,844 - [INFO] - Epoch:  397 | FVAL: 0.0021200
2019-07-24 15:00:44,687 - [INFO] - Epoch:  398 | FVAL: 0.0021186
2019-07-24 15:00:45,527 - [INFO] - Epoch:  399 | FVAL: 0.0021172
2019-07-24 15:00:46,368 - [INFO] - Epoch:  400 | FVAL: 0.0021158
2019-07-24 15:00:47,209 - [INFO] - Epoch:  401 | FVAL: 0.0021144
2019-07-24 15:00:48,047 - [INFO] - Epoch:  402 | FVAL: 0.0021130
2019-07-24 15:00:48,886 - [INFO] - Epoch:  403 | FVAL: 0.0021116
2019-07-24 15:00:49,727 - [INFO] - Epoch:  404 | FVAL: 0.0021102
2019-07-24 15:00:50,568 - [INFO] - Epoch:  405 | FVAL: 0.0021088
2019-07-24 15:00:51,410 - [INFO] - Epoch:  406 | FVAL: 0.0021074
2019-07-24 15:00:52,250 - [INFO] - Epoch:  407 | FVAL: 0.0021061
2019-07-24 15:00:53,092 - [INFO] - Epoch:  408 | FVAL: 0.0021047
2019-07-24 15:00:53,931 - [INFO] - Epoch:  409 | FVAL: 0.0021033
2019-07-24 15:00:54,773 - [INFO] - Epoch:  410 | FVAL: 0.0021019
2019-07-24 15:00:55,614 - [INFO] - Epoch:  411 | FVAL: 0.0021005
2019-07-24 15:00:56,455 - [INFO] - Epoch:  412 | FVAL: 0.0020992
2019-07-24 15:00:57,299 - [INFO] - Epoch:  413 | FVAL: 0.0020978
2019-07-24 15:00:58,140 - [INFO] - Epoch:  414 | FVAL: 0.0020964
2019-07-24 15:00:58,981 - [INFO] - Epoch:  415 | FVAL: 0.0020950
2019-07-24 15:00:59,825 - [INFO] - Epoch:  416 | FVAL: 0.0020937
2019-07-24 15:01:00,826 - [INFO] - Epoch:  417 | FVAL: 0.0020923
2019-07-24 15:01:01,668 - [INFO] - Epoch:  418 | FVAL: 0.0020909
2019-07-24 15:01:02,514 - [INFO] - Epoch:  419 | FVAL: 0.0020895
2019-07-24 15:01:03,353 - [INFO] - Epoch:  420 | FVAL: 0.0020882
2019-07-24 15:01:04,195 - [INFO] - Epoch:  421 | FVAL: 0.0020868
2019-07-24 15:01:05,037 - [INFO] - Epoch:  422 | FVAL: 0.0020854
2019-07-24 15:01:05,877 - [INFO] - Epoch:  423 | FVAL: 0.0020841
2019-07-24 15:01:06,717 - [INFO] - Epoch:  424 | FVAL: 0.0020827
2019-07-24 15:01:07,560 - [INFO] - Epoch:  425 | FVAL: 0.0020814
2019-07-24 15:01:08,400 - [INFO] - Epoch:  426 | FVAL: 0.0020800
2019-07-24 15:01:09,242 - [INFO] - Epoch:  427 | FVAL: 0.0020786
2019-07-24 15:01:10,082 - [INFO] - Epoch:  428 | FVAL: 0.0020773
2019-07-24 15:01:10,926 - [INFO] - Epoch:  429 | FVAL: 0.0020759
2019-07-24 15:01:11,770 - [INFO] - Epoch:  430 | FVAL: 0.0020746
2019-07-24 15:01:12,614 - [INFO] - Epoch:  431 | FVAL: 0.0020732
2019-07-24 15:01:13,460 - [INFO] - Epoch:  432 | FVAL: 0.0020719
2019-07-24 15:01:14,304 - [INFO] - Epoch:  433 | FVAL: 0.0020705
2019-07-24 15:01:15,146 - [INFO] - Epoch:  434 | FVAL: 0.0020692
2019-07-24 15:01:15,988 - [INFO] - Epoch:  435 | FVAL: 0.0020678
2019-07-24 15:01:16,833 - [INFO] - Epoch:  436 | FVAL: 0.0020665
2019-07-24 15:01:17,673 - [INFO] - Epoch:  437 | FVAL: 0.0020652
2019-07-24 15:01:18,518 - [INFO] - Epoch:  438 | FVAL: 0.0020638
2019-07-24 15:01:19,361 - [INFO] - Epoch:  439 | FVAL: 0.0020625
2019-07-24 15:01:20,203 - [INFO] - Epoch:  440 | FVAL: 0.0020612
2019-07-24 15:01:21,044 - [INFO] - Epoch:  441 | FVAL: 0.0020598
2019-07-24 15:01:21,886 - [INFO] - Epoch:  442 | FVAL: 0.0020585
2019-07-24 15:01:22,721 - [INFO] - Epoch:  443 | FVAL: 0.0020572
2019-07-24 15:01:23,560 - [INFO] - Epoch:  444 | FVAL: 0.0020559
2019-07-24 15:01:24,395 - [INFO] - Epoch:  445 | FVAL: 0.0020545
2019-07-24 15:01:25,234 - [INFO] - Epoch:  446 | FVAL: 0.0020532
2019-07-24 15:01:26,074 - [INFO] - Epoch:  447 | FVAL: 0.0020519
2019-07-24 15:01:26,918 - [INFO] - Epoch:  448 | FVAL: 0.0020506
2019-07-24 15:01:27,761 - [INFO] - Epoch:  449 | FVAL: 0.0020493
2019-07-24 15:01:28,601 - [INFO] - Epoch:  450 | FVAL: 0.0020480
2019-07-24 15:01:29,444 - [INFO] - Epoch:  451 | FVAL: 0.0020467
2019-07-24 15:01:30,284 - [INFO] - Epoch:  452 | FVAL: 0.0020455
2019-07-24 15:01:31,128 - [INFO] - Epoch:  453 | FVAL: 0.0020442
2019-07-24 15:01:31,966 - [INFO] - Epoch:  454 | FVAL: 0.0020429
2019-07-24 15:01:32,814 - [INFO] - Epoch:  455 | FVAL: 0.0020416
2019-07-24 15:01:33,654 - [INFO] - Epoch:  456 | FVAL: 0.0020404
2019-07-24 15:01:34,495 - [INFO] - Epoch:  457 | FVAL: 0.0020392
2019-07-24 15:01:35,337 - [INFO] - Epoch:  458 | FVAL: 0.0020379
2019-07-24 15:01:36,176 - [INFO] - Epoch:  459 | FVAL: 0.0020367
2019-07-24 15:01:37,016 - [INFO] - Epoch:  460 | FVAL: 0.0020355
2019-07-24 15:01:37,854 - [INFO] - Epoch:  461 | FVAL: 0.0020343
2019-07-24 15:01:38,689 - [INFO] - Epoch:  462 | FVAL: 0.0020331
2019-07-24 15:01:39,526 - [INFO] - Epoch:  463 | FVAL: 0.0020319
2019-07-24 15:01:40,363 - [INFO] - Epoch:  464 | FVAL: 0.0020307
2019-07-24 15:01:41,198 - [INFO] - Epoch:  465 | FVAL: 0.0020295
2019-07-24 15:01:42,039 - [INFO] - Epoch:  466 | FVAL: 0.0020283
2019-07-24 15:01:42,885 - [INFO] - Epoch:  467 | FVAL: 0.0020271
2019-07-24 15:01:43,722 - [INFO] - Epoch:  468 | FVAL: 0.0020259
2019-07-24 15:01:44,565 - [INFO] - Epoch:  469 | FVAL: 0.0020247
2019-07-24 15:01:45,407 - [INFO] - Epoch:  470 | FVAL: 0.0020235
2019-07-24 15:01:46,249 - [INFO] - Epoch:  471 | FVAL: 0.0020223
2019-07-24 15:01:47,091 - [INFO] - Epoch:  472 | FVAL: 0.0020211
2019-07-24 15:01:47,931 - [INFO] - Epoch:  473 | FVAL: 0.0020199
2019-07-24 15:01:48,771 - [INFO] - Epoch:  474 | FVAL: 0.0020187
2019-07-24 15:01:49,611 - [INFO] - Epoch:  475 | FVAL: 0.0020175
2019-07-24 15:01:50,460 - [INFO] - Epoch:  476 | FVAL: 0.0020164
2019-07-24 15:01:51,301 - [INFO] - Epoch:  477 | FVAL: 0.0020152
2019-07-24 15:01:52,148 - [INFO] - Epoch:  478 | FVAL: 0.0020141
2019-07-24 15:01:52,987 - [INFO] - Epoch:  479 | FVAL: 0.0020129
2019-07-24 15:01:53,831 - [INFO] - Epoch:  480 | FVAL: 0.0020118
2019-07-24 15:01:54,676 - [INFO] - Epoch:  481 | FVAL: 0.0020106
2019-07-24 15:01:55,526 - [INFO] - Epoch:  482 | FVAL: 0.0020095
2019-07-24 15:01:56,359 - [INFO] - Epoch:  483 | FVAL: 0.0020083
2019-07-24 15:01:57,200 - [INFO] - Epoch:  484 | FVAL: 0.0020072
2019-07-24 15:01:58,043 - [INFO] - Epoch:  485 | FVAL: 0.0020060
2019-07-24 15:01:58,883 - [INFO] - Epoch:  486 | FVAL: 0.0020049
2019-07-24 15:01:59,723 - [INFO] - Epoch:  487 | FVAL: 0.0020038
2019-07-24 15:02:00,770 - [INFO] - Epoch:  488 | FVAL: 0.0020026
2019-07-24 15:02:01,615 - [INFO] - Epoch:  489 | FVAL: 0.0020015
2019-07-24 15:02:02,461 - [INFO] - Epoch:  490 | FVAL: 0.0020004
2019-07-24 15:02:03,301 - [INFO] - Epoch:  491 | FVAL: 0.0019993
2019-07-24 15:02:04,146 - [INFO] - Epoch:  492 | FVAL: 0.0019982
2019-07-24 15:02:04,987 - [INFO] - Epoch:  493 | FVAL: 0.0019971
2019-07-24 15:02:05,827 - [INFO] - Epoch:  494 | FVAL: 0.0019961
2019-07-24 15:02:06,666 - [INFO] - Epoch:  495 | FVAL: 0.0019950
2019-07-24 15:02:07,511 - [INFO] - Epoch:  496 | FVAL: 0.0019939
2019-07-24 15:02:08,354 - [INFO] - Epoch:  497 | FVAL: 0.0019928
2019-07-24 15:02:09,201 - [INFO] - Epoch:  498 | FVAL: 0.0019917
2019-07-24 15:02:10,049 - [INFO] - Epoch:  499 | FVAL: 0.0019906
2019-07-24 15:02:10,889 - [INFO] - Epoch:  500 | FVAL: 0.0019896
2019-07-24 15:02:11,727 - [INFO] - Epoch:  501 | FVAL: 0.0019885
2019-07-24 15:02:12,567 - [INFO] - Epoch:  502 | FVAL: 0.0019874
2019-07-24 15:02:13,399 - [INFO] - Epoch:  503 | FVAL: 0.0019863
2019-07-24 15:02:14,238 - [INFO] - Epoch:  504 | FVAL: 0.0019853
2019-07-24 15:02:15,082 - [INFO] - Epoch:  505 | FVAL: 0.0019842
2019-07-24 15:02:15,924 - [INFO] - Epoch:  506 | FVAL: 0.0019831
2019-07-24 15:02:16,768 - [INFO] - Epoch:  507 | FVAL: 0.0019821
2019-07-24 15:02:17,613 - [INFO] - Epoch:  508 | FVAL: 0.0019810
2019-07-24 15:02:18,481 - [INFO] - Epoch:  509 | FVAL: 0.0019799
2019-07-24 15:02:19,323 - [INFO] - Epoch:  510 | FVAL: 0.0019789
2019-07-24 15:02:20,171 - [INFO] - Epoch:  511 | FVAL: 0.0019778
2019-07-24 15:02:21,015 - [INFO] - Epoch:  512 | FVAL: 0.0019767
2019-07-24 15:02:21,858 - [INFO] - Epoch:  513 | FVAL: 0.0019756
2019-07-24 15:02:22,704 - [INFO] - Epoch:  514 | FVAL: 0.0019746
2019-07-24 15:02:23,543 - [INFO] - Epoch:  515 | FVAL: 0.0019735
2019-07-24 15:02:24,384 - [INFO] - Epoch:  516 | FVAL: 0.0019725
2019-07-24 15:02:25,222 - [INFO] - Epoch:  517 | FVAL: 0.0019714
2019-07-24 15:02:26,057 - [INFO] - Epoch:  518 | FVAL: 0.0019703
2019-07-24 15:02:26,897 - [INFO] - Epoch:  519 | FVAL: 0.0019693
2019-07-24 15:02:27,740 - [INFO] - Epoch:  520 | FVAL: 0.0019682
2019-07-24 15:02:28,583 - [INFO] - Epoch:  521 | FVAL: 0.0019671
2019-07-24 15:02:29,423 - [INFO] - Epoch:  522 | FVAL: 0.0019661
2019-07-24 15:02:30,264 - [INFO] - Epoch:  523 | FVAL: 0.0019651
2019-07-24 15:02:31,105 - [INFO] - Epoch:  524 | FVAL: 0.0019640
2019-07-24 15:02:31,945 - [INFO] - Epoch:  525 | FVAL: 0.0019630
2019-07-24 15:02:32,786 - [INFO] - Epoch:  526 | FVAL: 0.0019620
2019-07-24 15:02:33,627 - [INFO] - Epoch:  527 | FVAL: 0.0019609
2019-07-24 15:02:34,468 - [INFO] - Epoch:  528 | FVAL: 0.0019599
2019-07-24 15:02:35,308 - [INFO] - Epoch:  529 | FVAL: 0.0019589
2019-07-24 15:02:36,145 - [INFO] - Epoch:  530 | FVAL: 0.0019579
2019-07-24 15:24:25,439 - [INFO] - rcsum-- N:38 | d:7129 | lambda:1e-05
2019-07-24 15:24:25,439 - [INFO] - Function value sequence convergence criteria.
2019-07-24 15:24:25,439 - [INFO] - Epoch:    0 | FVAL: 0.3465736
2019-07-24 15:24:26,324 - [INFO] - Epoch:    1 | FVAL: 0.0012774
2019-07-24 15:24:27,212 - [INFO] - Epoch:    2 | FVAL: 0.0008746
2019-07-24 15:24:28,093 - [INFO] - Epoch:    3 | FVAL: 0.0007471
2019-07-24 15:24:28,987 - [INFO] - Epoch:    4 | FVAL: 0.0006862
2019-07-24 15:24:29,875 - [INFO] - Epoch:    5 | FVAL: 0.0006512
2019-07-24 15:24:30,765 - [INFO] - Epoch:    6 | FVAL: 0.0006287
2019-07-24 15:24:31,660 - [INFO] - Epoch:    7 | FVAL: 0.0006131
2019-07-24 15:24:32,546 - [INFO] - Epoch:    8 | FVAL: 0.0006016
2019-07-24 15:24:33,436 - [INFO] - Epoch:    9 | FVAL: 0.0005929
2019-07-24 15:24:34,324 - [INFO] - Epoch:   10 | FVAL: 0.0005860
2019-07-24 15:24:35,213 - [INFO] - Epoch:   11 | FVAL: 0.0005803
2019-07-24 15:24:36,094 - [INFO] - Epoch:   12 | FVAL: 0.0005756
2019-07-24 15:24:36,977 - [INFO] - Epoch:   13 | FVAL: 0.0005716
2019-07-24 15:24:37,858 - [INFO] - Epoch:   14 | FVAL: 0.0005682
2019-07-24 15:24:38,747 - [INFO] - Epoch:   15 | FVAL: 0.0005651
2019-07-24 15:24:39,631 - [INFO] - Epoch:   16 | FVAL: 0.0005624
2019-07-24 15:24:40,516 - [INFO] - Epoch:   17 | FVAL: 0.0005599
2019-07-24 15:24:41,403 - [INFO] - Epoch:   18 | FVAL: 0.0005577
2019-07-24 15:24:42,286 - [INFO] - Epoch:   19 | FVAL: 0.0005556
2019-07-24 15:24:43,171 - [INFO] - Epoch:   20 | FVAL: 0.0005537
2019-07-24 15:24:44,055 - [INFO] - Epoch:   21 | FVAL: 0.0005519
2019-07-24 15:24:44,936 - [INFO] - Epoch:   22 | FVAL: 0.0005502
2019-07-24 15:24:45,813 - [INFO] - Epoch:   23 | FVAL: 0.0005486
2019-07-24 15:24:46,696 - [INFO] - Epoch:   24 | FVAL: 0.0005471
2019-07-24 15:24:47,576 - [INFO] - Epoch:   25 | FVAL: 0.0005456
2019-07-24 15:24:48,454 - [INFO] - Epoch:   26 | FVAL: 0.0005442
2019-07-24 15:24:49,337 - [INFO] - Epoch:   27 | FVAL: 0.0005429
2019-07-24 15:24:50,220 - [INFO] - Epoch:   28 | FVAL: 0.0005416
2019-07-24 15:24:51,102 - [INFO] - Epoch:   29 | FVAL: 0.0005403
2019-07-24 15:24:51,985 - [INFO] - Epoch:   30 | FVAL: 0.0005391
2019-07-24 15:24:52,867 - [INFO] - Epoch:   31 | FVAL: 0.0005379
2019-07-24 15:24:53,745 - [INFO] - Epoch:   32 | FVAL: 0.0005368
2019-07-24 15:24:54,639 - [INFO] - Epoch:   33 | FVAL: 0.0005357
2019-07-24 15:24:55,518 - [INFO] - Epoch:   34 | FVAL: 0.0005346
2019-07-24 15:24:56,417 - [INFO] - Epoch:   35 | FVAL: 0.0005335
2019-07-24 15:24:57,383 - [INFO] - Epoch:   36 | FVAL: 0.0005325
2019-07-24 15:24:58,265 - [INFO] - Epoch:   37 | FVAL: 0.0005315
2019-07-24 15:24:59,141 - [INFO] - Epoch:   38 | FVAL: 0.0005305
2019-07-24 15:27:33,721 - [INFO] - rcsum-- N:38 | d:7129 | lambda:1e-06
2019-07-24 15:27:33,721 - [INFO] - Function value sequence convergence criteria.
2019-07-24 15:27:33,721 - [INFO] - Epoch:    0 | FVAL: 0.3465736
2019-07-24 15:27:34,617 - [INFO] - Epoch:    1 | FVAL: 0.0009158
2019-07-24 15:27:35,515 - [INFO] - Epoch:    2 | FVAL: 0.0004829
2019-07-24 15:27:36,412 - [INFO] - Epoch:    3 | FVAL: 0.0003390
2019-07-24 15:27:37,306 - [INFO] - Epoch:    4 | FVAL: 0.0002673
2019-07-24 15:27:38,201 - [INFO] - Epoch:    5 | FVAL: 0.0002245
2019-07-24 15:27:39,089 - [INFO] - Epoch:    6 | FVAL: 0.0001961
2019-07-24 15:27:39,977 - [INFO] - Epoch:    7 | FVAL: 0.0001759
2019-07-24 15:27:40,868 - [INFO] - Epoch:    8 | FVAL: 0.0001609
2019-07-24 15:27:41,764 - [INFO] - Epoch:    9 | FVAL: 0.0001493
2019-07-24 15:27:42,656 - [INFO] - Epoch:   10 | FVAL: 0.0001400
2019-07-24 15:27:43,547 - [INFO] - Epoch:   11 | FVAL: 0.0001325
2019-07-24 15:27:44,437 - [INFO] - Epoch:   12 | FVAL: 0.0001262
2019-07-24 15:27:45,328 - [INFO] - Epoch:   13 | FVAL: 0.0001210
2019-07-24 15:27:46,217 - [INFO] - Epoch:   14 | FVAL: 0.0001165
2019-07-24 15:27:47,110 - [INFO] - Epoch:   15 | FVAL: 0.0001127
2019-07-24 15:27:48,003 - [INFO] - Epoch:   16 | FVAL: 0.0001093
2019-07-24 15:27:48,895 - [INFO] - Epoch:   17 | FVAL: 0.0001064
2019-07-24 15:27:49,789 - [INFO] - Epoch:   18 | FVAL: 0.0001037
2019-07-24 15:27:50,688 - [INFO] - Epoch:   19 | FVAL: 0.0001014
2019-07-24 15:27:51,578 - [INFO] - Epoch:   20 | FVAL: 0.0000994
2019-07-24 15:27:52,466 - [INFO] - Epoch:   21 | FVAL: 0.0000975
2019-07-24 15:27:53,359 - [INFO] - Epoch:   22 | FVAL: 0.0000958
2019-07-24 15:27:54,248 - [INFO] - Epoch:   23 | FVAL: 0.0000943
2019-07-24 15:27:55,143 - [INFO] - Epoch:   24 | FVAL: 0.0000929
2019-07-24 15:27:56,046 - [INFO] - Epoch:   25 | FVAL: 0.0000916
2019-07-24 15:27:56,942 - [INFO] - Epoch:   26 | FVAL: 0.0000904
2019-07-24 15:27:57,839 - [INFO] - Epoch:   27 | FVAL: 0.0000893
2019-07-24 15:27:58,731 - [INFO] - Epoch:   28 | FVAL: 0.0000883
2019-07-24 15:27:59,625 - [INFO] - Epoch:   29 | FVAL: 0.0000874
