2019-07-24 16:20:48,648 - [INFO] - apcg-- N:145 | d:5 | lambda:0.001
2019-07-24 16:20:48,658 - [INFO] - Function value sequence convergence criteria.
2019-07-24 16:20:48,659 - [INFO] - Epoch:    0 | FVAL: 0.3465736
2019-07-24 16:20:48,660 - [INFO] - Epoch:    1 | FVAL: 0.2694010
2019-07-24 16:20:48,661 - [INFO] - Epoch:    2 | FVAL: 0.2656585
2019-07-24 16:20:48,663 - [INFO] - Epoch:    3 | FVAL: 0.2633640
2019-07-24 16:20:48,667 - [INFO] - Epoch:    4 | FVAL: 0.2594065
2019-07-24 16:20:48,669 - [INFO] - Epoch:    5 | FVAL: 0.2589839
2019-07-24 16:20:48,670 - [INFO] - Epoch:    6 | FVAL: 0.2588287
2019-07-24 16:20:48,672 - [INFO] - Epoch:    7 | FVAL: 0.2587992
2019-07-24 16:20:48,673 - [INFO] - Epoch:    8 | FVAL: 0.2575287
2019-07-24 16:20:48,675 - [INFO] - Epoch:    9 | FVAL: 0.2567367
2019-07-24 16:20:48,677 - [INFO] - Epoch:   10 | FVAL: 0.2563905
2019-07-24 16:20:48,678 - [INFO] - Epoch:   11 | FVAL: 0.2562826
2019-07-24 16:20:48,680 - [INFO] - Epoch:   12 | FVAL: 0.2561142
2019-07-24 16:20:48,681 - [INFO] - Epoch:   13 | FVAL: 0.2560863
2019-07-24 16:20:48,683 - [INFO] - Epoch:   14 | FVAL: 0.2560265
2019-07-24 16:20:48,685 - [INFO] - Epoch:   15 | FVAL: 0.2560161
2019-07-24 16:20:48,686 - [INFO] - Epoch:   16 | FVAL: 0.2559933
2019-07-24 16:20:48,688 - [INFO] - Epoch:   17 | FVAL: 0.2559852
2019-07-24 16:20:48,690 - [INFO] - Epoch:   18 | FVAL: 0.2559828
2019-07-24 16:20:48,691 - [INFO] - Epoch:   19 | FVAL: 0.2559816
2019-07-24 16:20:48,693 - [INFO] - Epoch:   20 | FVAL: 0.2559732
2019-07-24 16:20:48,695 - [INFO] - Epoch:   21 | FVAL: 0.2559701
2019-07-24 16:20:48,696 - [INFO] - Epoch:   22 | FVAL: 0.2559663
2019-07-24 16:20:48,698 - [INFO] - Epoch:   23 | FVAL: 0.2559648
2019-07-24 16:20:48,700 - [INFO] - Epoch:   24 | FVAL: 0.2559642
2019-07-24 16:20:48,750 - [INFO] - apcg-- N:145 | d:5 | lambda:0.0001
2019-07-24 16:20:48,750 - [INFO] - Function value sequence convergence criteria.
2019-07-24 16:20:48,750 - [INFO] - Epoch:    0 | FVAL: 0.3465736
2019-07-24 16:20:48,752 - [INFO] - Epoch:    1 | FVAL: 0.2641536
2019-07-24 16:20:48,753 - [INFO] - Epoch:    2 | FVAL: 0.2612827
2019-07-24 16:20:48,755 - [INFO] - Epoch:    3 | FVAL: 0.2574499
2019-07-24 16:20:48,756 - [INFO] - Epoch:    4 | FVAL: 0.2557445
2019-07-24 16:20:48,758 - [INFO] - Epoch:    5 | FVAL: 0.2545667
2019-07-24 16:20:48,759 - [INFO] - Epoch:    6 | FVAL: 0.2543479
2019-07-24 16:20:48,761 - [INFO] - Epoch:    7 | FVAL: 0.2541710
2019-07-24 16:20:48,763 - [INFO] - Epoch:    8 | FVAL: 0.2541120
2019-07-24 16:20:48,764 - [INFO] - Epoch:    9 | FVAL: 0.2540804
2019-07-24 16:20:48,766 - [INFO] - Epoch:   10 | FVAL: 0.2540756
2019-07-24 16:20:48,767 - [INFO] - Epoch:   11 | FVAL: 0.2539859
2019-07-24 16:20:48,769 - [INFO] - Epoch:   12 | FVAL: 0.2539650
2019-07-24 16:20:48,771 - [INFO] - Epoch:   13 | FVAL: 0.2539611
2019-07-24 16:20:48,772 - [INFO] - Epoch:   14 | FVAL: 0.2539543
2019-07-24 16:20:48,774 - [INFO] - Epoch:   15 | FVAL: 0.2539508
2019-07-24 16:20:48,776 - [INFO] - Epoch:   16 | FVAL: 0.2539493
2019-07-24 16:20:48,777 - [INFO] - Epoch:   17 | FVAL: 0.2539492
2019-07-24 16:20:48,828 - [INFO] - apcg-- N:145 | d:5 | lambda:1e-05
2019-07-24 16:20:48,829 - [INFO] - Function value sequence convergence criteria.
2019-07-24 16:20:48,829 - [INFO] - Epoch:    0 | FVAL: 0.3465736
2019-07-24 16:20:48,830 - [INFO] - Epoch:    1 | FVAL: 0.2600051
2019-07-24 16:20:48,832 - [INFO] - Epoch:    2 | FVAL: 0.2551985
2019-07-24 16:20:48,833 - [INFO] - Epoch:    3 | FVAL: 0.2545151
2019-07-24 16:20:48,835 - [INFO] - Epoch:    4 | FVAL: 0.2543482
2019-07-24 16:20:48,837 - [INFO] - Epoch:    5 | FVAL: 0.2542849
2019-07-24 16:20:48,838 - [INFO] - Epoch:    6 | FVAL: 0.2542706
2019-07-24 16:20:48,840 - [INFO] - Epoch:    7 | FVAL: 0.2542678
2019-07-24 16:20:48,842 - [INFO] - Epoch:    8 | FVAL: 0.2542643
2019-07-24 16:20:48,843 - [INFO] - Epoch:    9 | FVAL: 0.2540194
2019-07-24 16:20:48,845 - [INFO] - Epoch:   10 | FVAL: 0.2539642
2019-07-24 16:20:48,846 - [INFO] - Epoch:   11 | FVAL: 0.2538294
2019-07-24 16:20:48,848 - [INFO] - Epoch:   12 | FVAL: 0.2538097
2019-07-24 16:20:48,850 - [INFO] - Epoch:   13 | FVAL: 0.2537752
2019-07-24 16:20:48,851 - [INFO] - Epoch:   14 | FVAL: 0.2537678
2019-07-24 16:20:48,853 - [INFO] - Epoch:   15 | FVAL: 0.2537568
2019-07-24 16:20:48,855 - [INFO] - Epoch:   16 | FVAL: 0.2537526
2019-07-24 16:20:48,856 - [INFO] - Epoch:   17 | FVAL: 0.2537503
2019-07-24 16:20:48,858 - [INFO] - Epoch:   18 | FVAL: 0.2537456
2019-07-24 16:20:48,860 - [INFO] - Epoch:   19 | FVAL: 0.2537442
2019-07-24 16:20:48,862 - [INFO] - Epoch:   20 | FVAL: 0.2537428
2019-07-24 16:20:48,863 - [INFO] - Epoch:   21 | FVAL: 0.2537425
2019-07-24 16:20:48,919 - [INFO] - apcg-- N:145 | d:5 | lambda:1e-06
2019-07-24 16:20:48,920 - [INFO] - Function value sequence convergence criteria.
2019-07-24 16:20:48,920 - [INFO] - Epoch:    0 | FVAL: 0.3465736
2019-07-24 16:20:48,921 - [INFO] - Epoch:    1 | FVAL: 0.2597117
2019-07-24 16:20:48,923 - [INFO] - Epoch:    2 | FVAL: 0.2590037
2019-07-24 16:20:48,924 - [INFO] - Epoch:    3 | FVAL: 0.2566575
2019-07-24 16:20:48,926 - [INFO] - Epoch:    4 | FVAL: 0.2564952
2019-07-24 16:20:48,928 - [INFO] - Epoch:    5 | FVAL: 0.2547585
2019-07-24 16:20:48,929 - [INFO] - Epoch:    6 | FVAL: 0.2544115
2019-07-24 16:20:48,931 - [INFO] - Epoch:    7 | FVAL: 0.2543799
2019-07-24 16:20:48,933 - [INFO] - Epoch:    8 | FVAL: 0.2543755
2019-07-24 16:20:48,934 - [INFO] - Epoch:    9 | FVAL: 0.2543716
2019-07-24 16:20:48,936 - [INFO] - Epoch:   10 | FVAL: 0.2539499
2019-07-24 16:20:48,937 - [INFO] - Epoch:   11 | FVAL: 0.2538790
2019-07-24 16:20:48,939 - [INFO] - Epoch:   12 | FVAL: 0.2538662
2019-07-24 16:20:48,941 - [INFO] - Epoch:   13 | FVAL: 0.2537954
2019-07-24 16:20:48,943 - [INFO] - Epoch:   14 | FVAL: 0.2537859
2019-07-24 16:20:48,944 - [INFO] - Epoch:   15 | FVAL: 0.2537495
2019-07-24 16:20:48,946 - [INFO] - Epoch:   16 | FVAL: 0.2537380
2019-07-24 16:20:48,948 - [INFO] - Epoch:   17 | FVAL: 0.2537305
2019-07-24 16:20:48,949 - [INFO] - Epoch:   18 | FVAL: 0.2537299
