2019-07-24 16:20:48,778 - [INFO] - csum-- N:145 | d:5 | lambda:0.0001
2019-07-24 16:20:48,778 - [INFO] - Function value sequence convergence criteria.
2019-07-24 16:20:48,778 - [INFO] - Epoch:    0 | FVAL: 0.3465736
2019-07-24 16:20:48,779 - [INFO] - Epoch:    1 | FVAL: 0.3465736
2019-07-24 16:20:48,780 - [INFO] - Epoch:    2 | FVAL: 0.2589676
2019-07-24 16:20:48,782 - [INFO] - Epoch:    3 | FVAL: 0.2561737
2019-07-24 16:20:48,783 - [INFO] - Epoch:    4 | FVAL: 0.2551156
2019-07-24 16:20:48,784 - [INFO] - Epoch:    5 | FVAL: 0.2545904
2019-07-24 16:20:48,785 - [INFO] - Epoch:    6 | FVAL: 0.2543112
2019-07-24 16:20:48,786 - [INFO] - Epoch:    7 | FVAL: 0.2541570
2019-07-24 16:20:48,788 - [INFO] - Epoch:    8 | FVAL: 0.2540694
2019-07-24 16:20:48,789 - [INFO] - Epoch:    9 | FVAL: 0.2540188
2019-07-24 16:20:48,790 - [INFO] - Epoch:   10 | FVAL: 0.2539893
2019-07-24 16:20:48,791 - [INFO] - Epoch:   11 | FVAL: 0.2539719
2019-07-24 16:20:48,792 - [INFO] - Epoch:   12 | FVAL: 0.2539616
2019-07-24 16:20:48,794 - [INFO] - Epoch:   13 | FVAL: 0.2539555
2019-07-24 16:20:48,795 - [INFO] - Epoch:   14 | FVAL: 0.2539518
2019-07-24 16:20:48,796 - [INFO] - Epoch:   15 | FVAL: 0.2539497
2019-07-24 16:20:48,797 - [INFO] - Epoch:   16 | FVAL: 0.2539484
2019-07-24 16:20:48,864 - [INFO] - csum-- N:145 | d:5 | lambda:1e-05
2019-07-24 16:20:48,864 - [INFO] - Function value sequence convergence criteria.
2019-07-24 16:20:48,864 - [INFO] - Epoch:    0 | FVAL: 0.3465736
2019-07-24 16:20:48,865 - [INFO] - Epoch:    1 | FVAL: 0.3465736
2019-07-24 16:20:48,866 - [INFO] - Epoch:    2 | FVAL: 0.2587902
2019-07-24 16:20:48,868 - [INFO] - Epoch:    3 | FVAL: 0.2559829
2019-07-24 16:20:48,869 - [INFO] - Epoch:    4 | FVAL: 0.2549194
2019-07-24 16:20:48,870 - [INFO] - Epoch:    5 | FVAL: 0.2543911
2019-07-24 16:20:48,871 - [INFO] - Epoch:    6 | FVAL: 0.2541099
2019-07-24 16:20:48,873 - [INFO] - Epoch:    7 | FVAL: 0.2539544
2019-07-24 16:20:48,874 - [INFO] - Epoch:    8 | FVAL: 0.2538661
2019-07-24 16:20:48,875 - [INFO] - Epoch:    9 | FVAL: 0.2538149
2019-07-24 16:20:48,876 - [INFO] - Epoch:   10 | FVAL: 0.2537850
2019-07-24 16:20:48,877 - [INFO] - Epoch:   11 | FVAL: 0.2537674
2019-07-24 16:20:48,879 - [INFO] - Epoch:   12 | FVAL: 0.2537570
2019-07-24 16:20:48,880 - [INFO] - Epoch:   13 | FVAL: 0.2537508
2019-07-24 16:20:48,881 - [INFO] - Epoch:   14 | FVAL: 0.2537471
2019-07-24 16:20:48,883 - [INFO] - Epoch:   15 | FVAL: 0.2537449
2019-07-24 16:20:48,884 - [INFO] - Epoch:   16 | FVAL: 0.2537436
2019-07-24 16:20:48,950 - [INFO] - csum-- N:145 | d:5 | lambda:1e-06
2019-07-24 16:20:48,950 - [INFO] - Function value sequence convergence criteria.
2019-07-24 16:20:48,951 - [INFO] - Epoch:    0 | FVAL: 0.3465736
2019-07-24 16:20:48,951 - [INFO] - Epoch:    1 | FVAL: 0.3465736
2019-07-24 16:20:48,953 - [INFO] - Epoch:    2 | FVAL: 0.2587724
2019-07-24 16:20:48,954 - [INFO] - Epoch:    3 | FVAL: 0.2559637
2019-07-24 16:20:48,955 - [INFO] - Epoch:    4 | FVAL: 0.2548998
2019-07-24 16:20:48,956 - [INFO] - Epoch:    5 | FVAL: 0.2543711
2019-07-24 16:20:48,958 - [INFO] - Epoch:    6 | FVAL: 0.2540898
2019-07-24 16:20:48,959 - [INFO] - Epoch:    7 | FVAL: 0.2539341
2019-07-24 16:20:48,960 - [INFO] - Epoch:    8 | FVAL: 0.2538457
2019-07-24 16:20:48,961 - [INFO] - Epoch:    9 | FVAL: 0.2537945
2019-07-24 16:20:48,963 - [INFO] - Epoch:   10 | FVAL: 0.2537646
2019-07-24 16:20:48,964 - [INFO] - Epoch:   11 | FVAL: 0.2537469
2019-07-24 16:20:48,965 - [INFO] - Epoch:   12 | FVAL: 0.2537365
2019-07-24 16:20:48,966 - [INFO] - Epoch:   13 | FVAL: 0.2537303
2019-07-24 16:20:48,968 - [INFO] - Epoch:   14 | FVAL: 0.2537266
2019-07-24 16:20:48,969 - [INFO] - Epoch:   15 | FVAL: 0.2537244
2019-07-24 16:20:48,970 - [INFO] - Epoch:   16 | FVAL: 0.2537231
