2019-07-24 16:20:48,522 - [INFO] - rcsum-- N:145 | d:5 | lambda:0.1
2019-07-24 16:20:48,543 - [INFO] - Function value sequence convergence criteria.
2019-07-24 16:20:48,543 - [INFO] - Epoch:    0 | FVAL: 0.3465736
2019-07-24 16:20:48,544 - [INFO] - Epoch:    1 | FVAL: 0.3318318
2019-07-24 16:20:48,545 - [INFO] - Epoch:    2 | FVAL: 0.3318260
2019-07-24 16:20:48,547 - [INFO] - Epoch:    3 | FVAL: 0.3318260
2019-07-24 16:20:48,566 - [INFO] - rcsum-- N:145 | d:5 | lambda:0.01
2019-07-24 16:20:48,566 - [INFO] - Function value sequence convergence criteria.
2019-07-24 16:20:48,566 - [INFO] - Epoch:    0 | FVAL: 0.3465736
2019-07-24 16:20:48,567 - [INFO] - Epoch:    1 | FVAL: 0.2790857
2019-07-24 16:20:48,569 - [INFO] - Epoch:    2 | FVAL: 0.2749401
2019-07-24 16:20:48,570 - [INFO] - Epoch:    3 | FVAL: 0.2738798
2019-07-24 16:20:48,571 - [INFO] - Epoch:    4 | FVAL: 0.2735438
2019-07-24 16:20:48,572 - [INFO] - Epoch:    5 | FVAL: 0.2734105
2019-07-24 16:20:48,573 - [INFO] - Epoch:    6 | FVAL: 0.2733583
2019-07-24 16:20:48,574 - [INFO] - Epoch:    7 | FVAL: 0.2733350
2019-07-24 16:20:48,576 - [INFO] - Epoch:    8 | FVAL: 0.2733228
2019-07-24 16:20:48,577 - [INFO] - Epoch:    9 | FVAL: 0.2733171
2019-07-24 16:20:48,578 - [INFO] - Epoch:   10 | FVAL: 0.2733145
2019-07-24 16:20:48,579 - [INFO] - Epoch:   11 | FVAL: 0.2733131
2019-07-24 16:20:48,580 - [INFO] - Epoch:   12 | FVAL: 0.2733125
2019-07-24 16:20:48,633 - [INFO] - rcsum-- N:145 | d:5 | lambda:0.001
2019-07-24 16:20:48,633 - [INFO] - Function value sequence convergence criteria.
2019-07-24 16:20:48,634 - [INFO] - Epoch:    0 | FVAL: 0.3465736
2019-07-24 16:20:48,635 - [INFO] - Epoch:    1 | FVAL: 0.2598379
2019-07-24 16:20:48,636 - [INFO] - Epoch:    2 | FVAL: 0.2569916
2019-07-24 16:20:48,637 - [INFO] - Epoch:    3 | FVAL: 0.2563492
2019-07-24 16:20:48,638 - [INFO] - Epoch:    4 | FVAL: 0.2561320
2019-07-24 16:20:48,639 - [INFO] - Epoch:    5 | FVAL: 0.2560459
2019-07-24 16:20:48,641 - [INFO] - Epoch:    6 | FVAL: 0.2560063
2019-07-24 16:20:48,642 - [INFO] - Epoch:    7 | FVAL: 0.2559864
2019-07-24 16:20:48,643 - [INFO] - Epoch:    8 | FVAL: 0.2559760
2019-07-24 16:20:48,644 - [INFO] - Epoch:    9 | FVAL: 0.2559705
2019-07-24 16:20:48,645 - [INFO] - Epoch:   10 | FVAL: 0.2559674
2019-07-24 16:20:48,647 - [INFO] - Epoch:   11 | FVAL: 0.2559656
2019-07-24 16:20:48,648 - [INFO] - Epoch:   12 | FVAL: 0.2559647
2019-07-24 16:20:48,732 - [INFO] - rcsum-- N:145 | d:5 | lambda:0.0001
2019-07-24 16:20:48,732 - [INFO] - Function value sequence convergence criteria.
2019-07-24 16:20:48,732 - [INFO] - Epoch:    0 | FVAL: 0.3465736
2019-07-24 16:20:48,733 - [INFO] - Epoch:    1 | FVAL: 0.2615404
2019-07-24 16:20:48,734 - [INFO] - Epoch:    2 | FVAL: 0.2564190
2019-07-24 16:20:48,735 - [INFO] - Epoch:    3 | FVAL: 0.2549375
2019-07-24 16:20:48,737 - [INFO] - Epoch:    4 | FVAL: 0.2543956
2019-07-24 16:20:48,738 - [INFO] - Epoch:    5 | FVAL: 0.2541665
2019-07-24 16:20:48,739 - [INFO] - Epoch:    6 | FVAL: 0.2540621
2019-07-24 16:20:48,740 - [INFO] - Epoch:    7 | FVAL: 0.2540074
2019-07-24 16:20:48,742 - [INFO] - Epoch:    8 | FVAL: 0.2539793
2019-07-24 16:20:48,743 - [INFO] - Epoch:    9 | FVAL: 0.2539644
2019-07-24 16:20:48,744 - [INFO] - Epoch:   10 | FVAL: 0.2539563
2019-07-24 16:20:48,745 - [INFO] - Epoch:   11 | FVAL: 0.2539520
2019-07-24 16:20:48,747 - [INFO] - Epoch:   12 | FVAL: 0.2539495
2019-07-24 16:20:48,748 - [INFO] - Epoch:   13 | FVAL: 0.2539482
2019-07-24 16:20:48,749 - [INFO] - Epoch:   14 | FVAL: 0.2539474
2019-07-24 16:20:48,810 - [INFO] - rcsum-- N:145 | d:5 | lambda:1e-05
2019-07-24 16:20:48,810 - [INFO] - Function value sequence convergence criteria.
2019-07-24 16:20:48,810 - [INFO] - Epoch:    0 | FVAL: 0.3465736
2019-07-24 16:20:48,811 - [INFO] - Epoch:    1 | FVAL: 0.2589100
2019-07-24 16:20:48,813 - [INFO] - Epoch:    2 | FVAL: 0.2553678
2019-07-24 16:20:48,814 - [INFO] - Epoch:    3 | FVAL: 0.2544122
2019-07-24 16:20:48,815 - [INFO] - Epoch:    4 | FVAL: 0.2540521
2019-07-24 16:20:48,816 - [INFO] - Epoch:    5 | FVAL: 0.2539002
2019-07-24 16:20:48,817 - [INFO] - Epoch:    6 | FVAL: 0.2538270
2019-07-24 16:20:48,819 - [INFO] - Epoch:    7 | FVAL: 0.2537881
2019-07-24 16:20:48,820 - [INFO] - Epoch:    8 | FVAL: 0.2537675
2019-07-24 16:20:48,821 - [INFO] - Epoch:    9 | FVAL: 0.2537558
2019-07-24 16:20:48,823 - [INFO] - Epoch:   10 | FVAL: 0.2537496
2019-07-24 16:20:48,824 - [INFO] - Epoch:   11 | FVAL: 0.2537460
2019-07-24 16:20:48,825 - [INFO] - Epoch:   12 | FVAL: 0.2537441
2019-07-24 16:20:48,826 - [INFO] - Epoch:   13 | FVAL: 0.2537430
2019-07-24 16:20:48,828 - [INFO] - Epoch:   14 | FVAL: 0.2537424
2019-07-24 16:20:48,897 - [INFO] - rcsum-- N:145 | d:5 | lambda:1e-06
2019-07-24 16:20:48,897 - [INFO] - Function value sequence convergence criteria.
2019-07-24 16:20:48,897 - [INFO] - Epoch:    0 | FVAL: 0.3465736
2019-07-24 16:20:48,898 - [INFO] - Epoch:    1 | FVAL: 0.2623747
2019-07-24 16:20:48,899 - [INFO] - Epoch:    2 | FVAL: 0.2574133
2019-07-24 16:20:48,901 - [INFO] - Epoch:    3 | FVAL: 0.2556168
2019-07-24 16:20:48,902 - [INFO] - Epoch:    4 | FVAL: 0.2547869
2019-07-24 16:20:48,903 - [INFO] - Epoch:    5 | FVAL: 0.2543458
2019-07-24 16:20:48,904 - [INFO] - Epoch:    6 | FVAL: 0.2540953
2019-07-24 16:20:48,906 - [INFO] - Epoch:    7 | FVAL: 0.2539442
2019-07-24 16:20:48,907 - [INFO] - Epoch:    8 | FVAL: 0.2538552
2019-07-24 16:20:48,908 - [INFO] - Epoch:    9 | FVAL: 0.2538019
2019-07-24 16:20:48,909 - [INFO] - Epoch:   10 | FVAL: 0.2537706
2019-07-24 16:20:48,911 - [INFO] - Epoch:   11 | FVAL: 0.2537512
2019-07-24 16:20:48,912 - [INFO] - Epoch:   12 | FVAL: 0.2537393
2019-07-24 16:20:48,913 - [INFO] - Epoch:   13 | FVAL: 0.2537324
2019-07-24 16:20:48,915 - [INFO] - Epoch:   14 | FVAL: 0.2537281
2019-07-24 16:20:48,916 - [INFO] - Epoch:   15 | FVAL: 0.2537254
2019-07-24 16:20:48,917 - [INFO] - Epoch:   16 | FVAL: 0.2537237
2019-07-24 16:20:48,919 - [INFO] - Epoch:   17 | FVAL: 0.2537227
