2019-07-24 16:32:29,227 - [INFO] - apcg-- N:768 | d:8 | lambda:0.01
2019-07-24 16:32:29,228 - [INFO] - Function value sequence convergence criteria.
2019-07-24 16:32:29,228 - [INFO] - Epoch:    0 | FVAL: 0.3465736
2019-07-24 16:32:29,230 - [INFO] - Epoch:    1 | FVAL: 0.2971025
2019-07-24 16:32:29,233 - [INFO] - Epoch:    2 | FVAL: 0.2643064
2019-07-24 16:32:29,235 - [INFO] - Epoch:    3 | FVAL: 0.2612183
2019-07-24 16:32:29,238 - [INFO] - Epoch:    4 | FVAL: 0.2606313
2019-07-24 16:32:29,241 - [INFO] - Epoch:    5 | FVAL: 0.2605185
2019-07-24 16:32:29,243 - [INFO] - Epoch:    6 | FVAL: 0.2604887
2019-07-24 16:32:29,246 - [INFO] - Epoch:    7 | FVAL: 0.2604460
2019-07-24 16:32:29,249 - [INFO] - Epoch:    8 | FVAL: 0.2604416
2019-07-24 16:32:29,257 - [INFO] - Epoch:    9 | FVAL: 0.2604346
2019-07-24 16:32:29,260 - [INFO] - Epoch:   10 | FVAL: 0.2604326
2019-07-24 16:32:29,262 - [INFO] - Epoch:   11 | FVAL: 0.2604316
2019-07-24 16:32:29,323 - [INFO] - apcg-- N:768 | d:8 | lambda:0.001
2019-07-24 16:32:29,324 - [INFO] - Function value sequence convergence criteria.
2019-07-24 16:32:29,324 - [INFO] - Epoch:    0 | FVAL: 0.3465736
2019-07-24 16:32:29,326 - [INFO] - Epoch:    1 | FVAL: 0.2443127
2019-07-24 16:32:29,329 - [INFO] - Epoch:    2 | FVAL: 0.2394051
2019-07-24 16:32:29,342 - [INFO] - Epoch:    3 | FVAL: 0.2389172
2019-07-24 16:32:29,344 - [INFO] - Epoch:    4 | FVAL: 0.2386453
2019-07-24 16:32:29,347 - [INFO] - Epoch:    5 | FVAL: 0.2386200
2019-07-24 16:32:29,350 - [INFO] - Epoch:    6 | FVAL: 0.2386000
2019-07-24 16:32:29,353 - [INFO] - Epoch:    7 | FVAL: 0.2385973
2019-07-24 16:32:29,355 - [INFO] - Epoch:    8 | FVAL: 0.2385634
2019-07-24 16:32:29,358 - [INFO] - Epoch:    9 | FVAL: 0.2385621
2019-07-24 16:32:29,361 - [INFO] - Epoch:   10 | FVAL: 0.2385619
2019-07-24 16:32:29,431 - [INFO] - apcg-- N:768 | d:8 | lambda:0.0001
2019-07-24 16:32:29,431 - [INFO] - Function value sequence convergence criteria.
2019-07-24 16:32:29,431 - [INFO] - Epoch:    0 | FVAL: 0.3465736
2019-07-24 16:32:29,434 - [INFO] - Epoch:    1 | FVAL: 0.2504744
2019-07-24 16:32:29,436 - [INFO] - Epoch:    2 | FVAL: 0.2494024
2019-07-24 16:32:29,439 - [INFO] - Epoch:    3 | FVAL: 0.2492375
2019-07-24 16:32:29,442 - [INFO] - Epoch:    4 | FVAL: 0.2389934
2019-07-24 16:32:29,444 - [INFO] - Epoch:    5 | FVAL: 0.2362331
2019-07-24 16:32:29,447 - [INFO] - Epoch:    6 | FVAL: 0.2360169
2019-07-24 16:32:29,450 - [INFO] - Epoch:    7 | FVAL: 0.2359817
2019-07-24 16:32:29,453 - [INFO] - Epoch:    8 | FVAL: 0.2358684
2019-07-24 16:32:29,455 - [INFO] - Epoch:    9 | FVAL: 0.2358304
2019-07-24 16:32:29,458 - [INFO] - Epoch:   10 | FVAL: 0.2358190
2019-07-24 16:32:29,461 - [INFO] - Epoch:   11 | FVAL: 0.2358149
2019-07-24 16:32:29,464 - [INFO] - Epoch:   12 | FVAL: 0.2358121
2019-07-24 16:32:29,466 - [INFO] - Epoch:   13 | FVAL: 0.2358118
2019-07-24 16:32:29,537 - [INFO] - apcg-- N:768 | d:8 | lambda:1e-05
2019-07-24 16:32:29,537 - [INFO] - Function value sequence convergence criteria.
2019-07-24 16:32:29,538 - [INFO] - Epoch:    0 | FVAL: 0.3465736
2019-07-24 16:32:29,540 - [INFO] - Epoch:    1 | FVAL: 0.2586628
2019-07-24 16:32:29,543 - [INFO] - Epoch:    2 | FVAL: 0.2465827
2019-07-24 16:32:29,545 - [INFO] - Epoch:    3 | FVAL: 0.2407776
2019-07-24 16:32:29,548 - [INFO] - Epoch:    4 | FVAL: 0.2403768
2019-07-24 16:32:29,551 - [INFO] - Epoch:    5 | FVAL: 0.2402940
2019-07-24 16:32:29,554 - [INFO] - Epoch:    6 | FVAL: 0.2365317
2019-07-24 16:32:29,556 - [INFO] - Epoch:    7 | FVAL: 0.2364237
2019-07-24 16:32:29,559 - [INFO] - Epoch:    8 | FVAL: 0.2363834
2019-07-24 16:32:29,562 - [INFO] - Epoch:    9 | FVAL: 0.2356996
2019-07-24 16:32:29,565 - [INFO] - Epoch:   10 | FVAL: 0.2356135
2019-07-24 16:32:29,567 - [INFO] - Epoch:   11 | FVAL: 0.2355990
2019-07-24 16:32:29,570 - [INFO] - Epoch:   12 | FVAL: 0.2355979
2019-07-24 16:32:29,573 - [INFO] - Epoch:   13 | FVAL: 0.2355809
2019-07-24 16:32:29,576 - [INFO] - Epoch:   14 | FVAL: 0.2355458
2019-07-24 16:32:29,578 - [INFO] - Epoch:   15 | FVAL: 0.2355376
2019-07-24 16:32:29,581 - [INFO] - Epoch:   16 | FVAL: 0.2355309
2019-07-24 16:32:29,584 - [INFO] - Epoch:   17 | FVAL: 0.2355301
2019-07-24 16:32:29,657 - [INFO] - apcg-- N:768 | d:8 | lambda:1e-06
2019-07-24 16:32:29,658 - [INFO] - Function value sequence convergence criteria.
2019-07-24 16:32:29,658 - [INFO] - Epoch:    0 | FVAL: 0.3465736
2019-07-24 16:32:29,660 - [INFO] - Epoch:    1 | FVAL: 0.2477741
2019-07-24 16:32:29,663 - [INFO] - Epoch:    2 | FVAL: 0.2366549
2019-07-24 16:32:29,666 - [INFO] - Epoch:    3 | FVAL: 0.2364493
2019-07-24 16:32:29,669 - [INFO] - Epoch:    4 | FVAL: 0.2357785
2019-07-24 16:32:29,671 - [INFO] - Epoch:    5 | FVAL: 0.2356249
2019-07-24 16:32:29,674 - [INFO] - Epoch:    6 | FVAL: 0.2355580
2019-07-24 16:32:29,677 - [INFO] - Epoch:    7 | FVAL: 0.2355494
2019-07-24 16:32:29,680 - [INFO] - Epoch:    8 | FVAL: 0.2355208
2019-07-24 16:32:29,682 - [INFO] - Epoch:    9 | FVAL: 0.2355057
2019-07-24 16:32:29,685 - [INFO] - Epoch:   10 | FVAL: 0.2355039
2019-07-24 16:32:29,688 - [INFO] - Epoch:   11 | FVAL: 0.2355027
2019-07-24 16:32:29,691 - [INFO] - Epoch:   12 | FVAL: 0.2355006
2019-07-24 16:32:29,694 - [INFO] - Epoch:   13 | FVAL: 0.2355000
