2019-07-24 16:32:29,263 - [INFO] - csum-- N:768 | d:8 | lambda:0.01
2019-07-24 16:32:29,263 - [INFO] - Function value sequence convergence criteria.
2019-07-24 16:32:29,263 - [INFO] - Epoch:    0 | FVAL: 0.3465736
2019-07-24 16:32:29,265 - [INFO] - Epoch:    1 | FVAL: 0.3465736
2019-07-24 16:32:29,267 - [INFO] - Epoch:    2 | FVAL: 0.2642340
2019-07-24 16:32:29,269 - [INFO] - Epoch:    3 | FVAL: 0.2609861
2019-07-24 16:32:29,271 - [INFO] - Epoch:    4 | FVAL: 0.2605551
2019-07-24 16:32:29,273 - [INFO] - Epoch:    5 | FVAL: 0.2604629
2019-07-24 16:32:29,274 - [INFO] - Epoch:    6 | FVAL: 0.2604399
2019-07-24 16:32:29,276 - [INFO] - Epoch:    7 | FVAL: 0.2604336
2019-07-24 16:32:29,278 - [INFO] - Epoch:    8 | FVAL: 0.2604319
2019-07-24 16:32:29,361 - [INFO] - csum-- N:768 | d:8 | lambda:0.001
2019-07-24 16:32:29,362 - [INFO] - Function value sequence convergence criteria.
2019-07-24 16:32:29,362 - [INFO] - Epoch:    0 | FVAL: 0.3465736
2019-07-24 16:32:29,363 - [INFO] - Epoch:    1 | FVAL: 0.3465736
2019-07-24 16:32:29,365 - [INFO] - Epoch:    2 | FVAL: 0.2472100
2019-07-24 16:32:29,367 - [INFO] - Epoch:    3 | FVAL: 0.2408609
2019-07-24 16:32:29,369 - [INFO] - Epoch:    4 | FVAL: 0.2393245
2019-07-24 16:32:29,371 - [INFO] - Epoch:    5 | FVAL: 0.2388320
2019-07-24 16:32:29,373 - [INFO] - Epoch:    6 | FVAL: 0.2386588
2019-07-24 16:32:29,375 - [INFO] - Epoch:    7 | FVAL: 0.2385945
2019-07-24 16:32:29,377 - [INFO] - Epoch:    8 | FVAL: 0.2385688
2019-07-24 16:32:29,379 - [INFO] - Epoch:    9 | FVAL: 0.2385582
2019-07-24 16:32:29,381 - [INFO] - Epoch:   10 | FVAL: 0.2385539
2019-07-24 16:32:29,383 - [INFO] - Epoch:   11 | FVAL: 0.2385521
2019-07-24 16:32:29,467 - [INFO] - csum-- N:768 | d:8 | lambda:0.0001
2019-07-24 16:32:29,467 - [INFO] - Function value sequence convergence criteria.
2019-07-24 16:32:29,467 - [INFO] - Epoch:    0 | FVAL: 0.3465736
2019-07-24 16:32:29,469 - [INFO] - Epoch:    1 | FVAL: 0.3465736
2019-07-24 16:32:29,471 - [INFO] - Epoch:    2 | FVAL: 0.2451116
2019-07-24 16:32:29,473 - [INFO] - Epoch:    3 | FVAL: 0.2383838
2019-07-24 16:32:29,475 - [INFO] - Epoch:    4 | FVAL: 0.2367084
2019-07-24 16:32:29,477 - [INFO] - Epoch:    5 | FVAL: 0.2361539
2019-07-24 16:32:29,479 - [INFO] - Epoch:    6 | FVAL: 0.2359479
2019-07-24 16:32:29,481 - [INFO] - Epoch:    7 | FVAL: 0.2358668
2019-07-24 16:32:29,483 - [INFO] - Epoch:    8 | FVAL: 0.2358336
2019-07-24 16:32:29,485 - [INFO] - Epoch:    9 | FVAL: 0.2358197
2019-07-24 16:32:29,487 - [INFO] - Epoch:   10 | FVAL: 0.2358138
2019-07-24 16:32:29,489 - [INFO] - Epoch:   11 | FVAL: 0.2358113
2019-07-24 16:32:29,491 - [INFO] - Epoch:   12 | FVAL: 0.2358102
2019-07-24 16:32:29,585 - [INFO] - csum-- N:768 | d:8 | lambda:1e-05
2019-07-24 16:32:29,585 - [INFO] - Function value sequence convergence criteria.
2019-07-24 16:32:29,585 - [INFO] - Epoch:    0 | FVAL: 0.3465736
2019-07-24 16:32:29,587 - [INFO] - Epoch:    1 | FVAL: 0.3465736
2019-07-24 16:32:29,589 - [INFO] - Epoch:    2 | FVAL: 0.2448926
2019-07-24 16:32:29,591 - [INFO] - Epoch:    3 | FVAL: 0.2381293
2019-07-24 16:32:29,593 - [INFO] - Epoch:    4 | FVAL: 0.2364397
2019-07-24 16:32:29,595 - [INFO] - Epoch:    5 | FVAL: 0.2358786
2019-07-24 16:32:29,597 - [INFO] - Epoch:    6 | FVAL: 0.2356695
2019-07-24 16:32:29,599 - [INFO] - Epoch:    7 | FVAL: 0.2355868
2019-07-24 16:32:29,601 - [INFO] - Epoch:    8 | FVAL: 0.2355529
2019-07-24 16:32:29,603 - [INFO] - Epoch:    9 | FVAL: 0.2355386
2019-07-24 16:32:29,605 - [INFO] - Epoch:   10 | FVAL: 0.2355326
2019-07-24 16:32:29,607 - [INFO] - Epoch:   11 | FVAL: 0.2355299
2019-07-24 16:32:29,609 - [INFO] - Epoch:   12 | FVAL: 0.2355288
2019-07-24 16:32:29,694 - [INFO] - csum-- N:768 | d:8 | lambda:1e-06
2019-07-24 16:32:29,695 - [INFO] - Function value sequence convergence criteria.
2019-07-24 16:32:29,695 - [INFO] - Epoch:    0 | FVAL: 0.3465736
2019-07-24 16:32:29,696 - [INFO] - Epoch:    1 | FVAL: 0.3465736
2019-07-24 16:32:29,698 - [INFO] - Epoch:    2 | FVAL: 0.2448707
2019-07-24 16:32:29,700 - [INFO] - Epoch:    3 | FVAL: 0.2381038
2019-07-24 16:32:29,702 - [INFO] - Epoch:    4 | FVAL: 0.2364128
2019-07-24 16:32:29,705 - [INFO] - Epoch:    5 | FVAL: 0.2358510
2019-07-24 16:32:29,707 - [INFO] - Epoch:    6 | FVAL: 0.2356416
2019-07-24 16:32:29,709 - [INFO] - Epoch:    7 | FVAL: 0.2355587
2019-07-24 16:32:29,711 - [INFO] - Epoch:    8 | FVAL: 0.2355247
2019-07-24 16:32:29,713 - [INFO] - Epoch:    9 | FVAL: 0.2355105
2019-07-24 16:32:29,715 - [INFO] - Epoch:   10 | FVAL: 0.2355044
2019-07-24 16:32:29,717 - [INFO] - Epoch:   11 | FVAL: 0.2355017
2019-07-24 16:32:29,719 - [INFO] - Epoch:   12 | FVAL: 0.2355006
