2019-07-24 16:32:29,151 - [INFO] - rcsum-- N:768 | d:8 | lambda:0.1
2019-07-24 16:32:29,171 - [INFO] - Function value sequence convergence criteria.
2019-07-24 16:32:29,171 - [INFO] - Epoch:    0 | FVAL: 0.3465736
2019-07-24 16:32:29,173 - [INFO] - Epoch:    1 | FVAL: 0.3228771
2019-07-24 16:32:29,176 - [INFO] - Epoch:    2 | FVAL: 0.3228485
2019-07-24 16:32:29,179 - [INFO] - Epoch:    3 | FVAL: 0.3228482
2019-07-24 16:32:29,211 - [INFO] - rcsum-- N:768 | d:8 | lambda:0.01
2019-07-24 16:32:29,211 - [INFO] - Function value sequence convergence criteria.
2019-07-24 16:32:29,211 - [INFO] - Epoch:    0 | FVAL: 0.3465736
2019-07-24 16:32:29,213 - [INFO] - Epoch:    1 | FVAL: 0.2655913
2019-07-24 16:32:29,215 - [INFO] - Epoch:    2 | FVAL: 0.2613146
2019-07-24 16:32:29,217 - [INFO] - Epoch:    3 | FVAL: 0.2606069
2019-07-24 16:32:29,219 - [INFO] - Epoch:    4 | FVAL: 0.2604704
2019-07-24 16:32:29,221 - [INFO] - Epoch:    5 | FVAL: 0.2604402
2019-07-24 16:32:29,223 - [INFO] - Epoch:    6 | FVAL: 0.2604333
2019-07-24 16:32:29,225 - [INFO] - Epoch:    7 | FVAL: 0.2604316
2019-07-24 16:32:29,227 - [INFO] - Epoch:    8 | FVAL: 0.2604313
2019-07-24 16:32:29,298 - [INFO] - rcsum-- N:768 | d:8 | lambda:0.001
2019-07-24 16:32:29,298 - [INFO] - Function value sequence convergence criteria.
2019-07-24 16:32:29,298 - [INFO] - Epoch:    0 | FVAL: 0.3465736
2019-07-24 16:32:29,300 - [INFO] - Epoch:    1 | FVAL: 0.2500794
2019-07-24 16:32:29,302 - [INFO] - Epoch:    2 | FVAL: 0.2416280
2019-07-24 16:32:29,304 - [INFO] - Epoch:    3 | FVAL: 0.2395791
2019-07-24 16:32:29,306 - [INFO] - Epoch:    4 | FVAL: 0.2389352
2019-07-24 16:32:29,308 - [INFO] - Epoch:    5 | FVAL: 0.2387037
2019-07-24 16:32:29,310 - [INFO] - Epoch:    6 | FVAL: 0.2386133
2019-07-24 16:32:29,312 - [INFO] - Epoch:    7 | FVAL: 0.2385765
2019-07-24 16:32:29,314 - [INFO] - Epoch:    8 | FVAL: 0.2385621
2019-07-24 16:32:29,316 - [INFO] - Epoch:    9 | FVAL: 0.2385557
2019-07-24 16:32:29,318 - [INFO] - Epoch:   10 | FVAL: 0.2385528
2019-07-24 16:32:29,320 - [INFO] - Epoch:   11 | FVAL: 0.2385516
2019-07-24 16:32:29,323 - [INFO] - Epoch:   12 | FVAL: 0.2385511
2019-07-24 16:32:29,403 - [INFO] - rcsum-- N:768 | d:8 | lambda:0.0001
2019-07-24 16:32:29,403 - [INFO] - Function value sequence convergence criteria.
2019-07-24 16:32:29,404 - [INFO] - Epoch:    0 | FVAL: 0.3465736
2019-07-24 16:32:29,405 - [INFO] - Epoch:    1 | FVAL: 0.2490540
2019-07-24 16:32:29,407 - [INFO] - Epoch:    2 | FVAL: 0.2399118
2019-07-24 16:32:29,409 - [INFO] - Epoch:    3 | FVAL: 0.2372896
2019-07-24 16:32:29,411 - [INFO] - Epoch:    4 | FVAL: 0.2364171
2019-07-24 16:32:29,414 - [INFO] - Epoch:    5 | FVAL: 0.2360647
2019-07-24 16:32:29,416 - [INFO] - Epoch:    6 | FVAL: 0.2359207
2019-07-24 16:32:29,418 - [INFO] - Epoch:    7 | FVAL: 0.2358576
2019-07-24 16:32:29,420 - [INFO] - Epoch:    8 | FVAL: 0.2358305
2019-07-24 16:32:29,422 - [INFO] - Epoch:    9 | FVAL: 0.2358190
2019-07-24 16:32:29,424 - [INFO] - Epoch:   10 | FVAL: 0.2358138
2019-07-24 16:32:29,426 - [INFO] - Epoch:   11 | FVAL: 0.2358114
2019-07-24 16:32:29,428 - [INFO] - Epoch:   12 | FVAL: 0.2358103
2019-07-24 16:32:29,430 - [INFO] - Epoch:   13 | FVAL: 0.2358098
2019-07-24 16:32:29,511 - [INFO] - rcsum-- N:768 | d:8 | lambda:1e-05
2019-07-24 16:32:29,512 - [INFO] - Function value sequence convergence criteria.
2019-07-24 16:32:29,512 - [INFO] - Epoch:    0 | FVAL: 0.3465736
2019-07-24 16:32:29,514 - [INFO] - Epoch:    1 | FVAL: 0.2456802
2019-07-24 16:32:29,516 - [INFO] - Epoch:    2 | FVAL: 0.2383861
2019-07-24 16:32:29,518 - [INFO] - Epoch:    3 | FVAL: 0.2365897
2019-07-24 16:32:29,520 - [INFO] - Epoch:    4 | FVAL: 0.2359592
2019-07-24 16:32:29,522 - [INFO] - Epoch:    5 | FVAL: 0.2357125
2019-07-24 16:32:29,524 - [INFO] - Epoch:    6 | FVAL: 0.2356107
2019-07-24 16:32:29,526 - [INFO] - Epoch:    7 | FVAL: 0.2355644
2019-07-24 16:32:29,528 - [INFO] - Epoch:    8 | FVAL: 0.2355443
2019-07-24 16:32:29,530 - [INFO] - Epoch:    9 | FVAL: 0.2355356
2019-07-24 16:32:29,532 - [INFO] - Epoch:   10 | FVAL: 0.2355315
2019-07-24 16:32:29,534 - [INFO] - Epoch:   11 | FVAL: 0.2355296
2019-07-24 16:32:29,536 - [INFO] - Epoch:   12 | FVAL: 0.2355287
2019-07-24 16:32:29,629 - [INFO] - rcsum-- N:768 | d:8 | lambda:1e-06
2019-07-24 16:32:29,630 - [INFO] - Function value sequence convergence criteria.
2019-07-24 16:32:29,630 - [INFO] - Epoch:    0 | FVAL: 0.3465736
2019-07-24 16:32:29,632 - [INFO] - Epoch:    1 | FVAL: 0.2436425
2019-07-24 16:32:29,634 - [INFO] - Epoch:    2 | FVAL: 0.2380733
2019-07-24 16:32:29,636 - [INFO] - Epoch:    3 | FVAL: 0.2364840
2019-07-24 16:32:29,638 - [INFO] - Epoch:    4 | FVAL: 0.2359089
2019-07-24 16:32:29,640 - [INFO] - Epoch:    5 | FVAL: 0.2356791
2019-07-24 16:32:29,642 - [INFO] - Epoch:    6 | FVAL: 0.2355819
2019-07-24 16:32:29,644 - [INFO] - Epoch:    7 | FVAL: 0.2355381
2019-07-24 16:32:29,646 - [INFO] - Epoch:    8 | FVAL: 0.2355180
2019-07-24 16:32:29,648 - [INFO] - Epoch:    9 | FVAL: 0.2355085
2019-07-24 16:32:29,650 - [INFO] - Epoch:   10 | FVAL: 0.2355040
2019-07-24 16:32:29,652 - [INFO] - Epoch:   11 | FVAL: 0.2355018
2019-07-24 16:32:29,655 - [INFO] - Epoch:   12 | FVAL: 0.2355008
2019-07-24 16:32:29,657 - [INFO] - Epoch:   13 | FVAL: 0.2355002
