2019-07-24 16:49:43,637 - [INFO] - apcg-- N:62 | d:2000 | lambda:0.0001
2019-07-24 16:49:43,638 - [INFO] - Function value sequence convergence criteria.
2019-07-24 16:49:43,638 - [INFO] - Epoch:    0 | FVAL: 0.3465736
2019-07-24 16:49:44,176 - [INFO] - Epoch:    1 | FVAL: 0.0066389
2019-07-24 16:49:44,659 - [INFO] - Epoch:    2 | FVAL: 0.0053290
2019-07-24 16:49:45,164 - [INFO] - Epoch:    3 | FVAL: 0.0050230
2019-07-24 16:49:45,681 - [INFO] - Epoch:    4 | FVAL: 0.0048742
2019-07-24 16:49:46,153 - [INFO] - Epoch:    5 | FVAL: 0.0047859
2019-07-24 16:49:46,631 - [INFO] - Epoch:    6 | FVAL: 0.0047179
2019-07-24 16:49:47,136 - [INFO] - Epoch:    7 | FVAL: 0.0046650
2019-07-24 16:49:47,614 - [INFO] - Epoch:    8 | FVAL: 0.0046193
2019-07-24 16:49:48,135 - [INFO] - Epoch:    9 | FVAL: 0.0045799
2019-07-24 16:49:48,664 - [INFO] - Epoch:   10 | FVAL: 0.0045431
2019-07-24 16:49:49,194 - [INFO] - Epoch:   11 | FVAL: 0.0045100
2019-07-24 16:49:49,671 - [INFO] - Epoch:   12 | FVAL: 0.0044811
2019-07-24 16:49:50,171 - [INFO] - Epoch:   13 | FVAL: 0.0044539
2019-07-24 16:49:50,646 - [INFO] - Epoch:   14 | FVAL: 0.0044304
2019-07-24 16:49:51,165 - [INFO] - Epoch:   15 | FVAL: 0.0044070
2019-07-24 16:49:51,675 - [INFO] - Epoch:   16 | FVAL: 0.0043838
2019-07-24 16:49:52,201 - [INFO] - Epoch:   17 | FVAL: 0.0043615
2019-07-24 16:49:52,676 - [INFO] - Epoch:   18 | FVAL: 0.0043412
2019-07-24 16:49:53,148 - [INFO] - Epoch:   19 | FVAL: 0.0043225
2019-07-24 16:49:53,623 - [INFO] - Epoch:   20 | FVAL: 0.0043032
2019-07-24 16:49:54,139 - [INFO] - Epoch:   21 | FVAL: 0.0042842
2019-07-24 16:49:54,671 - [INFO] - Epoch:   22 | FVAL: 0.0042670
2019-07-24 16:49:55,197 - [INFO] - Epoch:   23 | FVAL: 0.0042491
2019-07-24 16:49:55,673 - [INFO] - Epoch:   24 | FVAL: 0.0042324
2019-07-24 16:49:56,147 - [INFO] - Epoch:   25 | FVAL: 0.0042165
2019-07-24 16:49:56,618 - [INFO] - Epoch:   26 | FVAL: 0.0042016
2019-07-24 16:49:57,089 - [INFO] - Epoch:   27 | FVAL: 0.0041865
2019-07-24 16:49:57,598 - [INFO] - Epoch:   28 | FVAL: 0.0041716
2019-07-24 16:49:58,124 - [INFO] - Epoch:   29 | FVAL: 0.0041560
2019-07-24 16:49:58,597 - [INFO] - Epoch:   30 | FVAL: 0.0041405
2019-07-24 16:49:59,080 - [INFO] - Epoch:   31 | FVAL: 0.0041259
2019-07-24 16:49:59,553 - [INFO] - Epoch:   32 | FVAL: 0.0041108
2019-07-24 16:50:00,027 - [INFO] - Epoch:   33 | FVAL: 0.0040971
2019-07-24 16:50:00,713 - [INFO] - Epoch:   34 | FVAL: 0.0040840
2019-07-24 16:50:01,238 - [INFO] - Epoch:   35 | FVAL: 0.0040723
2019-07-24 16:50:01,712 - [INFO] - Epoch:   36 | FVAL: 0.0040587
2019-07-24 16:50:02,186 - [INFO] - Epoch:   37 | FVAL: 0.0040456
2019-07-24 16:50:02,658 - [INFO] - Epoch:   38 | FVAL: 0.0040333
2019-07-24 16:50:03,145 - [INFO] - Epoch:   39 | FVAL: 0.0040206
2019-07-24 16:50:03,630 - [INFO] - Epoch:   40 | FVAL: 0.0040086
2019-07-24 16:50:04,123 - [INFO] - Epoch:   41 | FVAL: 0.0039966
2019-07-24 16:50:04,591 - [INFO] - Epoch:   42 | FVAL: 0.0039854
2019-07-24 16:50:05,102 - [INFO] - Epoch:   43 | FVAL: 0.0039738
2019-07-24 16:50:05,574 - [INFO] - Epoch:   44 | FVAL: 0.0039619
2019-07-24 16:50:06,087 - [INFO] - Epoch:   45 | FVAL: 0.0039515
2019-07-24 16:50:06,588 - [INFO] - Epoch:   46 | FVAL: 0.0039404
2019-07-24 16:50:07,055 - [INFO] - Epoch:   47 | FVAL: 0.0039291
2019-07-24 16:50:07,526 - [INFO] - Epoch:   48 | FVAL: 0.0039191
2019-07-24 16:50:08,044 - [INFO] - Epoch:   49 | FVAL: 0.0039088
2019-07-24 16:50:08,512 - [INFO] - Epoch:   50 | FVAL: 0.0038989
2019-07-24 16:50:08,980 - [INFO] - Epoch:   51 | FVAL: 0.0038891
2019-07-24 16:50:09,447 - [INFO] - Epoch:   52 | FVAL: 0.0038807
2019-07-24 16:50:09,915 - [INFO] - Epoch:   53 | FVAL: 0.0038709
2019-07-24 16:50:10,381 - [INFO] - Epoch:   54 | FVAL: 0.0038629
2019-07-24 16:50:10,889 - [INFO] - Epoch:   55 | FVAL: 0.0038543
2019-07-24 16:50:11,359 - [INFO] - Epoch:   56 | FVAL: 0.0038447
2019-07-24 16:50:11,827 - [INFO] - Epoch:   57 | FVAL: 0.0038355
2019-07-24 16:50:12,296 - [INFO] - Epoch:   58 | FVAL: 0.0038259
2019-07-24 16:50:12,769 - [INFO] - Epoch:   59 | FVAL: 0.0038171
2019-07-24 16:50:13,237 - [INFO] - Epoch:   60 | FVAL: 0.0038087
2019-07-24 16:50:13,736 - [INFO] - Epoch:   61 | FVAL: 0.0038007
2019-07-24 16:50:14,207 - [INFO] - Epoch:   62 | FVAL: 0.0037927
2019-07-24 16:50:14,676 - [INFO] - Epoch:   63 | FVAL: 0.0037854
2019-07-24 16:50:15,165 - [INFO] - Epoch:   64 | FVAL: 0.0037774
2019-07-24 16:50:15,689 - [INFO] - Epoch:   65 | FVAL: 0.0037696
2019-07-24 16:50:16,157 - [INFO] - Epoch:   66 | FVAL: 0.0037633
2019-07-24 16:50:16,643 - [INFO] - Epoch:   67 | FVAL: 0.0037563
2019-07-24 16:50:17,113 - [INFO] - Epoch:   68 | FVAL: 0.0037491
2019-07-24 16:50:17,577 - [INFO] - Epoch:   69 | FVAL: 0.0037427
2019-07-24 16:50:18,044 - [INFO] - Epoch:   70 | FVAL: 0.0037352
2019-07-24 16:50:18,519 - [INFO] - Epoch:   71 | FVAL: 0.0037279
2019-07-24 16:50:18,986 - [INFO] - Epoch:   72 | FVAL: 0.0037216
2019-07-24 16:50:19,452 - [INFO] - Epoch:   73 | FVAL: 0.0037145
2019-07-24 16:50:19,921 - [INFO] - Epoch:   74 | FVAL: 0.0037077
2019-07-24 16:50:20,389 - [INFO] - Epoch:   75 | FVAL: 0.0037012
2019-07-24 16:50:20,884 - [INFO] - Epoch:   76 | FVAL: 0.0036946
2019-07-24 16:50:21,373 - [INFO] - Epoch:   77 | FVAL: 0.0036871
2019-07-24 16:50:21,839 - [INFO] - Epoch:   78 | FVAL: 0.0036817
2019-07-24 16:50:22,305 - [INFO] - Epoch:   79 | FVAL: 0.0036757
2019-07-24 16:50:22,771 - [INFO] - Epoch:   80 | FVAL: 0.0036696
2019-07-24 16:50:23,239 - [INFO] - Epoch:   81 | FVAL: 0.0036636
2019-07-24 16:50:23,704 - [INFO] - Epoch:   82 | FVAL: 0.0036586
2019-07-24 16:50:24,184 - [INFO] - Epoch:   83 | FVAL: 0.0036528
2019-07-24 16:50:24,652 - [INFO] - Epoch:   84 | FVAL: 0.0036473
2019-07-24 16:50:25,124 - [INFO] - Epoch:   85 | FVAL: 0.0036416
2019-07-24 16:50:25,589 - [INFO] - Epoch:   86 | FVAL: 0.0036356
2019-07-24 16:50:26,051 - [INFO] - Epoch:   87 | FVAL: 0.0036293
2019-07-24 16:50:26,532 - [INFO] - Epoch:   88 | FVAL: 0.0036237
2019-07-24 16:50:27,005 - [INFO] - Epoch:   89 | FVAL: 0.0036179
2019-07-24 16:50:27,476 - [INFO] - Epoch:   90 | FVAL: 0.0036117
2019-07-24 16:50:27,950 - [INFO] - Epoch:   91 | FVAL: 0.0036064
2019-07-24 16:50:28,417 - [INFO] - Epoch:   92 | FVAL: 0.0036015
2019-07-24 16:50:28,907 - [INFO] - Epoch:   93 | FVAL: 0.0035962
2019-07-24 16:50:29,386 - [INFO] - Epoch:   94 | FVAL: 0.0035908
2019-07-24 16:50:29,893 - [INFO] - Epoch:   95 | FVAL: 0.0035862
2019-07-24 16:50:30,357 - [INFO] - Epoch:   96 | FVAL: 0.0035811
2019-07-24 16:50:30,823 - [INFO] - Epoch:   97 | FVAL: 0.0035754
2019-07-24 16:50:31,288 - [INFO] - Epoch:   98 | FVAL: 0.0035702
2019-07-24 16:50:31,751 - [INFO] - Epoch:   99 | FVAL: 0.0035658
2019-07-24 16:50:32,258 - [INFO] - Epoch:  100 | FVAL: 0.0035612
2019-07-24 16:50:32,778 - [INFO] - Epoch:  101 | FVAL: 0.0035568
2019-07-24 16:50:33,243 - [INFO] - Epoch:  102 | FVAL: 0.0035523
2019-07-24 16:50:33,708 - [INFO] - Epoch:  103 | FVAL: 0.0035481
2019-07-24 16:50:34,177 - [INFO] - Epoch:  104 | FVAL: 0.0035439
2019-07-24 16:50:34,641 - [INFO] - Epoch:  105 | FVAL: 0.0035394
2019-07-24 16:50:35,105 - [INFO] - Epoch:  106 | FVAL: 0.0035351
2019-07-24 16:50:35,570 - [INFO] - Epoch:  107 | FVAL: 0.0035307
2019-07-24 16:50:36,037 - [INFO] - Epoch:  108 | FVAL: 0.0035256
2019-07-24 16:50:36,501 - [INFO] - Epoch:  109 | FVAL: 0.0035213
2019-07-24 16:50:36,966 - [INFO] - Epoch:  110 | FVAL: 0.0035173
2019-07-24 16:50:37,429 - [INFO] - Epoch:  111 | FVAL: 0.0035133
2019-07-24 16:50:37,919 - [INFO] - Epoch:  112 | FVAL: 0.0035098
2019-07-24 16:50:38,386 - [INFO] - Epoch:  113 | FVAL: 0.0035062
2019-07-24 16:50:38,853 - [INFO] - Epoch:  114 | FVAL: 0.0035021
2019-07-24 16:50:39,314 - [INFO] - Epoch:  115 | FVAL: 0.0034979
2019-07-24 16:50:39,778 - [INFO] - Epoch:  116 | FVAL: 0.0034936
2019-07-24 16:50:40,240 - [INFO] - Epoch:  117 | FVAL: 0.0034899
2019-07-24 16:50:40,706 - [INFO] - Epoch:  118 | FVAL: 0.0034859
2019-07-24 16:50:41,181 - [INFO] - Epoch:  119 | FVAL: 0.0034821
2019-07-24 16:50:41,644 - [INFO] - Epoch:  120 | FVAL: 0.0034782
2019-07-24 16:50:42,119 - [INFO] - Epoch:  121 | FVAL: 0.0034738
2019-07-24 16:50:42,581 - [INFO] - Epoch:  122 | FVAL: 0.0034700
2019-07-24 16:50:43,046 - [INFO] - Epoch:  123 | FVAL: 0.0034657
2019-07-24 16:50:43,509 - [INFO] - Epoch:  124 | FVAL: 0.0034621
2019-07-24 16:50:43,972 - [INFO] - Epoch:  125 | FVAL: 0.0034588
2019-07-24 16:50:44,438 - [INFO] - Epoch:  126 | FVAL: 0.0034552
2019-07-24 16:50:44,902 - [INFO] - Epoch:  127 | FVAL: 0.0034523
2019-07-24 16:50:45,368 - [INFO] - Epoch:  128 | FVAL: 0.0034487
2019-07-24 16:50:45,842 - [INFO] - Epoch:  129 | FVAL: 0.0034450
2019-07-24 16:50:46,363 - [INFO] - Epoch:  130 | FVAL: 0.0034409
2019-07-24 16:50:46,831 - [INFO] - Epoch:  131 | FVAL: 0.0034374
2019-07-24 16:50:47,296 - [INFO] - Epoch:  132 | FVAL: 0.0034338
2019-07-24 16:50:47,759 - [INFO] - Epoch:  133 | FVAL: 0.0034308
2019-07-24 16:50:48,224 - [INFO] - Epoch:  134 | FVAL: 0.0034272
2019-07-24 16:50:48,729 - [INFO] - Epoch:  135 | FVAL: 0.0034238
2019-07-24 16:50:49,193 - [INFO] - Epoch:  136 | FVAL: 0.0034200
2019-07-24 16:50:49,661 - [INFO] - Epoch:  137 | FVAL: 0.0034168
2019-07-24 16:50:50,125 - [INFO] - Epoch:  138 | FVAL: 0.0034127
2019-07-24 16:50:50,585 - [INFO] - Epoch:  139 | FVAL: 0.0034094
2019-07-24 16:50:51,046 - [INFO] - Epoch:  140 | FVAL: 0.0034069
2019-07-24 16:50:51,508 - [INFO] - Epoch:  141 | FVAL: 0.0034040
2019-07-24 16:50:51,988 - [INFO] - Epoch:  142 | FVAL: 0.0034010
2019-07-24 16:50:52,489 - [INFO] - Epoch:  143 | FVAL: 0.0033981
2019-07-24 16:50:52,952 - [INFO] - Epoch:  144 | FVAL: 0.0033949
2019-07-24 16:50:53,438 - [INFO] - Epoch:  145 | FVAL: 0.0033918
2019-07-24 16:50:53,902 - [INFO] - Epoch:  146 | FVAL: 0.0033885
2019-07-24 16:50:54,398 - [INFO] - Epoch:  147 | FVAL: 0.0033850
2019-07-24 16:50:54,919 - [INFO] - Epoch:  148 | FVAL: 0.0033815
2019-07-24 16:50:55,439 - [INFO] - Epoch:  149 | FVAL: 0.0033781
2019-07-24 16:50:55,902 - [INFO] - Epoch:  150 | FVAL: 0.0033749
2019-07-24 16:50:56,371 - [INFO] - Epoch:  151 | FVAL: 0.0033720
2019-07-24 16:50:56,835 - [INFO] - Epoch:  152 | FVAL: 0.0033691
2019-07-24 16:50:57,301 - [INFO] - Epoch:  153 | FVAL: 0.0033654
2019-07-24 16:50:57,807 - [INFO] - Epoch:  154 | FVAL: 0.0033620
2019-07-24 16:50:58,284 - [INFO] - Epoch:  155 | FVAL: 0.0033589
2019-07-24 16:50:58,750 - [INFO] - Epoch:  156 | FVAL: 0.0033550
2019-07-24 16:50:59,225 - [INFO] - Epoch:  157 | FVAL: 0.0033518
2019-07-24 16:50:59,690 - [INFO] - Epoch:  158 | FVAL: 0.0033486
2019-07-24 16:51:00,381 - [INFO] - Epoch:  159 | FVAL: 0.0033455
2019-07-24 16:51:00,857 - [INFO] - Epoch:  160 | FVAL: 0.0033423
2019-07-24 16:51:01,376 - [INFO] - Epoch:  161 | FVAL: 0.0033394
2019-07-24 16:51:01,842 - [INFO] - Epoch:  162 | FVAL: 0.0033360
2019-07-24 16:51:02,332 - [INFO] - Epoch:  163 | FVAL: 0.0033332
2019-07-24 16:51:02,799 - [INFO] - Epoch:  164 | FVAL: 0.0033303
2019-07-24 16:51:03,263 - [INFO] - Epoch:  165 | FVAL: 0.0033277
2019-07-24 16:51:03,780 - [INFO] - Epoch:  166 | FVAL: 0.0033245
2019-07-24 16:51:04,300 - [INFO] - Epoch:  167 | FVAL: 0.0033212
2019-07-24 16:51:04,766 - [INFO] - Epoch:  168 | FVAL: 0.0033186
2019-07-24 16:51:05,282 - [INFO] - Epoch:  169 | FVAL: 0.0033156
2019-07-24 16:51:05,749 - [INFO] - Epoch:  170 | FVAL: 0.0033125
2019-07-24 16:51:06,229 - [INFO] - Epoch:  171 | FVAL: 0.0033097
2019-07-24 16:51:06,750 - [INFO] - Epoch:  172 | FVAL: 0.0033071
2019-07-24 16:51:07,271 - [INFO] - Epoch:  173 | FVAL: 0.0033044
2019-07-24 16:51:07,740 - [INFO] - Epoch:  174 | FVAL: 0.0033017
2019-07-24 16:51:08,234 - [INFO] - Epoch:  175 | FVAL: 0.0032988
2019-07-24 16:51:08,700 - [INFO] - Epoch:  176 | FVAL: 0.0032954
2019-07-24 16:51:09,163 - [INFO] - Epoch:  177 | FVAL: 0.0032923
2019-07-24 16:51:09,629 - [INFO] - Epoch:  178 | FVAL: 0.0032894
2019-07-24 16:51:10,090 - [INFO] - Epoch:  179 | FVAL: 0.0032862
2019-07-24 16:51:10,556 - [INFO] - Epoch:  180 | FVAL: 0.0032832
2019-07-24 16:51:11,044 - [INFO] - Epoch:  181 | FVAL: 0.0032800
2019-07-24 16:51:11,511 - [INFO] - Epoch:  182 | FVAL: 0.0032770
2019-07-24 16:51:11,971 - [INFO] - Epoch:  183 | FVAL: 0.0032739
2019-07-24 16:51:12,453 - [INFO] - Epoch:  184 | FVAL: 0.0032711
2019-07-24 16:51:12,957 - [INFO] - Epoch:  185 | FVAL: 0.0032680
2019-07-24 16:51:13,422 - [INFO] - Epoch:  186 | FVAL: 0.0032652
2019-07-24 16:51:13,882 - [INFO] - Epoch:  187 | FVAL: 0.0032621
2019-07-24 16:51:14,348 - [INFO] - Epoch:  188 | FVAL: 0.0032588
2019-07-24 16:51:14,814 - [INFO] - Epoch:  189 | FVAL: 0.0032558
2019-07-24 16:51:15,285 - [INFO] - Epoch:  190 | FVAL: 0.0032531
2019-07-24 16:51:15,804 - [INFO] - Epoch:  191 | FVAL: 0.0032499
2019-07-24 16:51:16,270 - [INFO] - Epoch:  192 | FVAL: 0.0032471
2019-07-24 16:51:16,775 - [INFO] - Epoch:  193 | FVAL: 0.0032444
2019-07-24 16:51:17,240 - [INFO] - Epoch:  194 | FVAL: 0.0032421
2019-07-24 16:51:17,721 - [INFO] - Epoch:  195 | FVAL: 0.0032391
2019-07-24 16:51:18,241 - [INFO] - Epoch:  196 | FVAL: 0.0032362
2019-07-24 16:51:18,760 - [INFO] - Epoch:  197 | FVAL: 0.0032334
2019-07-24 16:51:19,225 - [INFO] - Epoch:  198 | FVAL: 0.0032308
2019-07-24 16:51:19,686 - [INFO] - Epoch:  199 | FVAL: 0.0032288
2019-07-24 16:51:20,151 - [INFO] - Epoch:  200 | FVAL: 0.0032264
2019-07-24 16:51:20,618 - [INFO] - Epoch:  201 | FVAL: 0.0032233
2019-07-24 16:51:21,114 - [INFO] - Epoch:  202 | FVAL: 0.0032212
2019-07-24 16:51:21,577 - [INFO] - Epoch:  203 | FVAL: 0.0032187
2019-07-24 16:51:22,041 - [INFO] - Epoch:  204 | FVAL: 0.0032167
2019-07-24 16:51:22,555 - [INFO] - Epoch:  205 | FVAL: 0.0032145
2019-07-24 16:51:23,020 - [INFO] - Epoch:  206 | FVAL: 0.0032118
2019-07-24 16:51:23,481 - [INFO] - Epoch:  207 | FVAL: 0.0032092
2019-07-24 16:51:23,979 - [INFO] - Epoch:  208 | FVAL: 0.0032065
2019-07-24 16:51:24,499 - [INFO] - Epoch:  209 | FVAL: 0.0032044
2019-07-24 16:51:24,963 - [INFO] - Epoch:  210 | FVAL: 0.0032020
2019-07-24 16:51:25,424 - [INFO] - Epoch:  211 | FVAL: 0.0031997
2019-07-24 16:51:25,890 - [INFO] - Epoch:  212 | FVAL: 0.0031971
2019-07-24 16:51:26,358 - [INFO] - Epoch:  213 | FVAL: 0.0031947
2019-07-24 16:51:26,822 - [INFO] - Epoch:  214 | FVAL: 0.0031924
2019-07-24 16:51:27,284 - [INFO] - Epoch:  215 | FVAL: 0.0031896
2019-07-24 16:51:27,751 - [INFO] - Epoch:  216 | FVAL: 0.0031874
2019-07-24 16:51:28,257 - [INFO] - Epoch:  217 | FVAL: 0.0031850
2019-07-24 16:51:28,720 - [INFO] - Epoch:  218 | FVAL: 0.0031829
2019-07-24 16:51:29,205 - [INFO] - Epoch:  219 | FVAL: 0.0031810
2019-07-24 16:51:29,726 - [INFO] - Epoch:  220 | FVAL: 0.0031790
2019-07-24 16:51:30,247 - [INFO] - Epoch:  221 | FVAL: 0.0031765
2019-07-24 16:51:30,710 - [INFO] - Epoch:  222 | FVAL: 0.0031744
2019-07-24 16:51:31,187 - [INFO] - Epoch:  223 | FVAL: 0.0031722
2019-07-24 16:51:31,652 - [INFO] - Epoch:  224 | FVAL: 0.0031701
2019-07-24 16:51:32,115 - [INFO] - Epoch:  225 | FVAL: 0.0031677
2019-07-24 16:51:32,618 - [INFO] - Epoch:  226 | FVAL: 0.0031656
2019-07-24 16:51:33,095 - [INFO] - Epoch:  227 | FVAL: 0.0031635
2019-07-24 16:51:33,559 - [INFO] - Epoch:  228 | FVAL: 0.0031613
2019-07-24 16:51:34,074 - [INFO] - Epoch:  229 | FVAL: 0.0031590
2019-07-24 16:51:34,536 - [INFO] - Epoch:  230 | FVAL: 0.0031562
2019-07-24 16:51:35,053 - [INFO] - Epoch:  231 | FVAL: 0.0031542
2019-07-24 16:51:35,571 - [INFO] - Epoch:  232 | FVAL: 0.0031524
2019-07-24 16:51:36,032 - [INFO] - Epoch:  233 | FVAL: 0.0031507
2019-07-24 16:51:36,495 - [INFO] - Epoch:  234 | FVAL: 0.0031485
2019-07-24 16:51:36,966 - [INFO] - Epoch:  235 | FVAL: 0.0031467
2019-07-24 16:51:37,433 - [INFO] - Epoch:  236 | FVAL: 0.0031443
2019-07-24 16:51:37,894 - [INFO] - Epoch:  237 | FVAL: 0.0031423
2019-07-24 16:51:38,406 - [INFO] - Epoch:  238 | FVAL: 0.0031403
2019-07-24 16:51:38,901 - [INFO] - Epoch:  239 | FVAL: 0.0031383
2019-07-24 16:51:39,365 - [INFO] - Epoch:  240 | FVAL: 0.0031362
2019-07-24 16:51:39,824 - [INFO] - Epoch:  241 | FVAL: 0.0031344
2019-07-24 16:51:40,286 - [INFO] - Epoch:  242 | FVAL: 0.0031323
2019-07-24 16:51:40,747 - [INFO] - Epoch:  243 | FVAL: 0.0031299
2019-07-24 16:51:41,226 - [INFO] - Epoch:  244 | FVAL: 0.0031280
2019-07-24 16:51:41,688 - [INFO] - Epoch:  245 | FVAL: 0.0031260
2019-07-24 16:51:42,150 - [INFO] - Epoch:  246 | FVAL: 0.0031241
2019-07-24 16:51:42,650 - [INFO] - Epoch:  247 | FVAL: 0.0031222
2019-07-24 16:51:43,113 - [INFO] - Epoch:  248 | FVAL: 0.0031201
2019-07-24 16:51:43,599 - [INFO] - Epoch:  249 | FVAL: 0.0031182
2019-07-24 16:51:44,116 - [INFO] - Epoch:  250 | FVAL: 0.0031161
2019-07-24 16:51:44,595 - [INFO] - Epoch:  251 | FVAL: 0.0031142
2019-07-24 16:51:45,059 - [INFO] - Epoch:  252 | FVAL: 0.0031119
2019-07-24 16:51:45,519 - [INFO] - Epoch:  253 | FVAL: 0.0031098
2019-07-24 16:51:45,982 - [INFO] - Epoch:  254 | FVAL: 0.0031081
2019-07-24 16:51:46,450 - [INFO] - Epoch:  255 | FVAL: 0.0031061
2019-07-24 16:51:46,932 - [INFO] - Epoch:  256 | FVAL: 0.0031043
2019-07-24 16:51:47,421 - [INFO] - Epoch:  257 | FVAL: 0.0031024
2019-07-24 16:51:47,881 - [INFO] - Epoch:  258 | FVAL: 0.0031007
2019-07-24 16:51:48,344 - [INFO] - Epoch:  259 | FVAL: 0.0030988
2019-07-24 16:51:48,810 - [INFO] - Epoch:  260 | FVAL: 0.0030969
2019-07-24 16:51:49,318 - [INFO] - Epoch:  261 | FVAL: 0.0030949
2019-07-24 16:51:49,838 - [INFO] - Epoch:  262 | FVAL: 0.0030930
2019-07-24 16:51:50,357 - [INFO] - Epoch:  263 | FVAL: 0.0030911
2019-07-24 16:51:50,818 - [INFO] - Epoch:  264 | FVAL: 0.0030891
2019-07-24 16:51:51,278 - [INFO] - Epoch:  265 | FVAL: 0.0030870
2019-07-24 16:51:51,740 - [INFO] - Epoch:  266 | FVAL: 0.0030849
2019-07-24 16:51:52,202 - [INFO] - Epoch:  267 | FVAL: 0.0030824
2019-07-24 16:51:52,664 - [INFO] - Epoch:  268 | FVAL: 0.0030808
2019-07-24 16:51:53,123 - [INFO] - Epoch:  269 | FVAL: 0.0030790
2019-07-24 16:51:53,584 - [INFO] - Epoch:  270 | FVAL: 0.0030772
2019-07-24 16:51:54,101 - [INFO] - Epoch:  271 | FVAL: 0.0030751
2019-07-24 16:51:54,562 - [INFO] - Epoch:  272 | FVAL: 0.0030730
2019-07-24 16:51:55,018 - [INFO] - Epoch:  273 | FVAL: 0.0030712
2019-07-24 16:51:55,479 - [INFO] - Epoch:  274 | FVAL: 0.0030689
2019-07-24 16:51:55,937 - [INFO] - Epoch:  275 | FVAL: 0.0030671
2019-07-24 16:51:56,398 - [INFO] - Epoch:  276 | FVAL: 0.0030650
2019-07-24 16:51:56,859 - [INFO] - Epoch:  277 | FVAL: 0.0030626
2019-07-24 16:51:57,322 - [INFO] - Epoch:  278 | FVAL: 0.0030608
2019-07-24 16:51:57,781 - [INFO] - Epoch:  279 | FVAL: 0.0030589
2019-07-24 16:51:58,281 - [INFO] - Epoch:  280 | FVAL: 0.0030571
2019-07-24 16:51:58,799 - [INFO] - Epoch:  281 | FVAL: 0.0030549
2019-07-24 16:51:59,261 - [INFO] - Epoch:  282 | FVAL: 0.0030534
2019-07-24 16:51:59,721 - [INFO] - Epoch:  283 | FVAL: 0.0030513
2019-07-24 16:52:00,347 - [INFO] - Epoch:  284 | FVAL: 0.0030492
2019-07-24 16:52:00,847 - [INFO] - Epoch:  285 | FVAL: 0.0030472
2019-07-24 16:52:01,308 - [INFO] - Epoch:  286 | FVAL: 0.0030448
2019-07-24 16:52:01,817 - [INFO] - Epoch:  287 | FVAL: 0.0030433
2019-07-24 16:52:02,279 - [INFO] - Epoch:  288 | FVAL: 0.0030414
2019-07-24 16:52:02,761 - [INFO] - Epoch:  289 | FVAL: 0.0030395
2019-07-24 16:52:03,221 - [INFO] - Epoch:  290 | FVAL: 0.0030374
2019-07-24 16:52:03,681 - [INFO] - Epoch:  291 | FVAL: 0.0030356
2019-07-24 16:52:04,141 - [INFO] - Epoch:  292 | FVAL: 0.0030339
2019-07-24 16:52:04,601 - [INFO] - Epoch:  293 | FVAL: 0.0030319
2019-07-24 16:52:05,061 - [INFO] - Epoch:  294 | FVAL: 0.0030297
2019-07-24 16:52:05,564 - [INFO] - Epoch:  295 | FVAL: 0.0030279
2019-07-24 16:52:06,025 - [INFO] - Epoch:  296 | FVAL: 0.0030263
2019-07-24 16:52:06,484 - [INFO] - Epoch:  297 | FVAL: 0.0030245
2019-07-24 16:52:06,943 - [INFO] - Epoch:  298 | FVAL: 0.0030230
2019-07-24 16:52:07,417 - [INFO] - Epoch:  299 | FVAL: 0.0030211
2019-07-24 16:52:07,878 - [INFO] - Epoch:  300 | FVAL: 0.0030195
2019-07-24 16:52:08,339 - [INFO] - Epoch:  301 | FVAL: 0.0030178
2019-07-24 16:52:08,800 - [INFO] - Epoch:  302 | FVAL: 0.0030161
2019-07-24 16:52:09,259 - [INFO] - Epoch:  303 | FVAL: 0.0030142
2019-07-24 16:52:09,739 - [INFO] - Epoch:  304 | FVAL: 0.0030120
2019-07-24 16:52:10,203 - [INFO] - Epoch:  305 | FVAL: 0.0030102
2019-07-24 16:52:10,663 - [INFO] - Epoch:  306 | FVAL: 0.0030087
2019-07-24 16:52:11,174 - [INFO] - Epoch:  307 | FVAL: 0.0030070
2019-07-24 16:52:11,635 - [INFO] - Epoch:  308 | FVAL: 0.0030055
2019-07-24 16:52:12,141 - [INFO] - Epoch:  309 | FVAL: 0.0030037
2019-07-24 16:52:12,636 - [INFO] - Epoch:  310 | FVAL: 0.0030021
2019-07-24 16:52:13,094 - [INFO] - Epoch:  311 | FVAL: 0.0030003
2019-07-24 16:52:13,556 - [INFO] - Epoch:  312 | FVAL: 0.0029985
2019-07-24 16:52:14,023 - [INFO] - Epoch:  313 | FVAL: 0.0029972
2019-07-24 16:52:14,483 - [INFO] - Epoch:  314 | FVAL: 0.0029957
2019-07-24 16:52:14,943 - [INFO] - Epoch:  315 | FVAL: 0.0029941
2019-07-24 16:52:15,450 - [INFO] - Epoch:  316 | FVAL: 0.0029925
2019-07-24 16:52:15,909 - [INFO] - Epoch:  317 | FVAL: 0.0029909
2019-07-24 16:52:16,370 - [INFO] - Epoch:  318 | FVAL: 0.0029893
2019-07-24 16:52:16,830 - [INFO] - Epoch:  319 | FVAL: 0.0029877
2019-07-24 16:52:17,291 - [INFO] - Epoch:  320 | FVAL: 0.0029862
2019-07-24 16:52:17,751 - [INFO] - Epoch:  321 | FVAL: 0.0029844
2019-07-24 16:52:18,268 - [INFO] - Epoch:  322 | FVAL: 0.0029826
2019-07-24 16:52:18,728 - [INFO] - Epoch:  323 | FVAL: 0.0029809
2019-07-24 16:52:19,187 - [INFO] - Epoch:  324 | FVAL: 0.0029795
2019-07-24 16:52:19,644 - [INFO] - Epoch:  325 | FVAL: 0.0029775
2019-07-24 16:52:20,104 - [INFO] - Epoch:  326 | FVAL: 0.0029759
2019-07-24 16:52:20,581 - [INFO] - Epoch:  327 | FVAL: 0.0029742
2019-07-24 16:52:21,092 - [INFO] - Epoch:  328 | FVAL: 0.0029730
2019-07-24 16:52:21,564 - [INFO] - Epoch:  329 | FVAL: 0.0029716
2019-07-24 16:52:22,022 - [INFO] - Epoch:  330 | FVAL: 0.0029702
2019-07-24 16:52:22,480 - [INFO] - Epoch:  331 | FVAL: 0.0029689
2019-07-24 16:52:22,942 - [INFO] - Epoch:  332 | FVAL: 0.0029676
2019-07-24 16:52:23,429 - [INFO] - Epoch:  333 | FVAL: 0.0029663
2019-07-24 16:52:23,893 - [INFO] - Epoch:  334 | FVAL: 0.0029651
2019-07-24 16:52:24,382 - [INFO] - Epoch:  335 | FVAL: 0.0029636
2019-07-24 16:52:24,841 - [INFO] - Epoch:  336 | FVAL: 0.0029623
2019-07-24 16:52:25,302 - [INFO] - Epoch:  337 | FVAL: 0.0029604
2019-07-24 16:52:25,762 - [INFO] - Epoch:  338 | FVAL: 0.0029590
2019-07-24 16:52:26,264 - [INFO] - Epoch:  339 | FVAL: 0.0029574
2019-07-24 16:52:26,723 - [INFO] - Epoch:  340 | FVAL: 0.0029557
2019-07-24 16:52:27,228 - [INFO] - Epoch:  341 | FVAL: 0.0029544
2019-07-24 16:52:27,688 - [INFO] - Epoch:  342 | FVAL: 0.0029525
2019-07-24 16:52:28,147 - [INFO] - Epoch:  343 | FVAL: 0.0029507
2019-07-24 16:52:28,606 - [INFO] - Epoch:  344 | FVAL: 0.0029494
2019-07-24 16:52:29,090 - [INFO] - Epoch:  345 | FVAL: 0.0029480
2019-07-24 16:52:29,599 - [INFO] - Epoch:  346 | FVAL: 0.0029465
2019-07-24 16:52:30,117 - [INFO] - Epoch:  347 | FVAL: 0.0029451
2019-07-24 16:52:30,576 - [INFO] - Epoch:  348 | FVAL: 0.0029432
2019-07-24 16:52:31,035 - [INFO] - Epoch:  349 | FVAL: 0.0029415
2019-07-24 16:52:31,497 - [INFO] - Epoch:  350 | FVAL: 0.0029403
2019-07-24 16:52:31,955 - [INFO] - Epoch:  351 | FVAL: 0.0029390
2019-07-24 16:52:32,416 - [INFO] - Epoch:  352 | FVAL: 0.0029375
2019-07-24 16:52:32,875 - [INFO] - Epoch:  353 | FVAL: 0.0029359
2019-07-24 16:52:33,337 - [INFO] - Epoch:  354 | FVAL: 0.0029346
2019-07-24 16:52:33,795 - [INFO] - Epoch:  355 | FVAL: 0.0029333
2019-07-24 16:52:34,256 - [INFO] - Epoch:  356 | FVAL: 0.0029316
2019-07-24 16:52:34,716 - [INFO] - Epoch:  357 | FVAL: 0.0029303
2019-07-24 16:52:35,177 - [INFO] - Epoch:  358 | FVAL: 0.0029288
2019-07-24 16:52:35,654 - [INFO] - Epoch:  359 | FVAL: 0.0029274
2019-07-24 16:52:36,116 - [INFO] - Epoch:  360 | FVAL: 0.0029257
2019-07-24 16:52:36,618 - [INFO] - Epoch:  361 | FVAL: 0.0029244
2019-07-24 16:52:37,079 - [INFO] - Epoch:  362 | FVAL: 0.0029229
2019-07-24 16:52:37,552 - [INFO] - Epoch:  363 | FVAL: 0.0029215
2019-07-24 16:52:38,014 - [INFO] - Epoch:  364 | FVAL: 0.0029205
2019-07-24 16:52:38,477 - [INFO] - Epoch:  365 | FVAL: 0.0029190
2019-07-24 16:52:38,938 - [INFO] - Epoch:  366 | FVAL: 0.0029179
2019-07-24 16:52:39,435 - [INFO] - Epoch:  367 | FVAL: 0.0029169
2019-07-24 16:52:39,898 - [INFO] - Epoch:  368 | FVAL: 0.0029156
2019-07-24 16:52:40,361 - [INFO] - Epoch:  369 | FVAL: 0.0029142
2019-07-24 16:52:40,823 - [INFO] - Epoch:  370 | FVAL: 0.0029130
2019-07-24 16:52:41,286 - [INFO] - Epoch:  371 | FVAL: 0.0029119
2019-07-24 16:52:41,749 - [INFO] - Epoch:  372 | FVAL: 0.0029105
2019-07-24 16:52:42,208 - [INFO] - Epoch:  373 | FVAL: 0.0029092
2019-07-24 16:52:42,670 - [INFO] - Epoch:  374 | FVAL: 0.0029078
2019-07-24 16:52:43,130 - [INFO] - Epoch:  375 | FVAL: 0.0029065
2019-07-24 16:52:43,596 - [INFO] - Epoch:  376 | FVAL: 0.0029051
2019-07-24 16:52:44,057 - [INFO] - Epoch:  377 | FVAL: 0.0029036
2019-07-24 16:52:44,519 - [INFO] - Epoch:  378 | FVAL: 0.0029024
2019-07-24 16:52:44,978 - [INFO] - Epoch:  379 | FVAL: 0.0029010
2019-07-24 16:52:45,441 - [INFO] - Epoch:  380 | FVAL: 0.0028993
2019-07-24 16:52:45,899 - [INFO] - Epoch:  381 | FVAL: 0.0028982
2019-07-24 16:52:46,360 - [INFO] - Epoch:  382 | FVAL: 0.0028970
2019-07-24 16:52:46,843 - [INFO] - Epoch:  383 | FVAL: 0.0028956
2019-07-24 16:52:47,305 - [INFO] - Epoch:  384 | FVAL: 0.0028946
2019-07-24 16:52:47,815 - [INFO] - Epoch:  385 | FVAL: 0.0028935
2019-07-24 16:52:48,275 - [INFO] - Epoch:  386 | FVAL: 0.0028923
2019-07-24 16:52:48,732 - [INFO] - Epoch:  387 | FVAL: 0.0028912
2019-07-24 16:52:49,195 - [INFO] - Epoch:  388 | FVAL: 0.0028899
2019-07-24 16:52:49,657 - [INFO] - Epoch:  389 | FVAL: 0.0028889
2019-07-24 16:52:50,116 - [INFO] - Epoch:  390 | FVAL: 0.0028878
2019-07-24 16:52:50,588 - [INFO] - Epoch:  391 | FVAL: 0.0028868
2019-07-24 16:52:51,048 - [INFO] - Epoch:  392 | FVAL: 0.0028857
2019-07-24 16:52:51,523 - [INFO] - Epoch:  393 | FVAL: 0.0028845
2019-07-24 16:52:52,023 - [INFO] - Epoch:  394 | FVAL: 0.0028834
2019-07-24 16:52:52,484 - [INFO] - Epoch:  395 | FVAL: 0.0028823
2019-07-24 16:52:52,944 - [INFO] - Epoch:  396 | FVAL: 0.0028813
2019-07-24 16:52:53,455 - [INFO] - Epoch:  397 | FVAL: 0.0028802
2019-07-24 16:52:53,915 - [INFO] - Epoch:  398 | FVAL: 0.0028790
2019-07-24 16:52:54,409 - [INFO] - Epoch:  399 | FVAL: 0.0028780
2019-07-24 16:55:33,508 - [INFO] - apcg-- N:62 | d:2000 | lambda:1e-05
2019-07-24 16:55:33,508 - [INFO] - Function value sequence convergence criteria.
2019-07-24 16:55:33,508 - [INFO] - Epoch:    0 | FVAL: 0.3465736
2019-07-24 16:55:34,003 - [INFO] - Epoch:    1 | FVAL: 0.0035400
2019-07-24 16:55:34,526 - [INFO] - Epoch:    2 | FVAL: 0.0018868
2019-07-24 16:55:35,070 - [INFO] - Epoch:    3 | FVAL: 0.0014332
2019-07-24 16:55:35,610 - [INFO] - Epoch:    4 | FVAL: 0.0012148
2019-07-24 16:55:36,127 - [INFO] - Epoch:    5 | FVAL: 0.0010888
2019-07-24 16:55:36,633 - [INFO] - Epoch:    6 | FVAL: 0.0010014
2019-07-24 16:55:37,156 - [INFO] - Epoch:    7 | FVAL: 0.0009410
2019-07-24 16:55:37,694 - [INFO] - Epoch:    8 | FVAL: 0.0008938
2019-07-24 16:55:38,236 - [INFO] - Epoch:    9 | FVAL: 0.0008576
2019-07-24 16:55:38,780 - [INFO] - Epoch:   10 | FVAL: 0.0008299
2019-07-24 16:55:39,325 - [INFO] - Epoch:   11 | FVAL: 0.0008070
2019-07-24 16:55:39,864 - [INFO] - Epoch:   12 | FVAL: 0.0007875
2019-07-24 16:55:40,409 - [INFO] - Epoch:   13 | FVAL: 0.0007721
2019-07-24 16:55:40,954 - [INFO] - Epoch:   14 | FVAL: 0.0007584
2019-07-24 16:55:41,475 - [INFO] - Epoch:   15 | FVAL: 0.0007465
2019-07-24 16:55:42,001 - [INFO] - Epoch:   16 | FVAL: 0.0007360
2019-07-24 16:55:42,543 - [INFO] - Epoch:   17 | FVAL: 0.0007273
2019-07-24 16:55:43,086 - [INFO] - Epoch:   18 | FVAL: 0.0007191
2019-07-24 16:55:43,629 - [INFO] - Epoch:   19 | FVAL: 0.0007118
2019-07-24 16:55:44,172 - [INFO] - Epoch:   20 | FVAL: 0.0007049
2019-07-24 16:55:44,677 - [INFO] - Epoch:   21 | FVAL: 0.0006988
2019-07-24 16:55:45,163 - [INFO] - Epoch:   22 | FVAL: 0.0006936
2019-07-24 16:55:45,707 - [INFO] - Epoch:   23 | FVAL: 0.0006892
2019-07-24 16:55:46,247 - [INFO] - Epoch:   24 | FVAL: 0.0006846
2019-07-24 16:55:46,783 - [INFO] - Epoch:   25 | FVAL: 0.0006807
2019-07-24 16:55:47,292 - [INFO] - Epoch:   26 | FVAL: 0.0006771
2019-07-24 16:55:47,834 - [INFO] - Epoch:   27 | FVAL: 0.0006740
2019-07-24 16:55:48,370 - [INFO] - Epoch:   28 | FVAL: 0.0006708
2019-07-24 16:55:48,907 - [INFO] - Epoch:   29 | FVAL: 0.0006678
2019-07-24 16:55:49,434 - [INFO] - Epoch:   30 | FVAL: 0.0006650
2019-07-24 16:55:49,953 - [INFO] - Epoch:   31 | FVAL: 0.0006624
2019-07-24 16:55:50,437 - [INFO] - Epoch:   32 | FVAL: 0.0006600
2019-07-24 16:55:50,961 - [INFO] - Epoch:   33 | FVAL: 0.0006578
2019-07-24 16:55:51,503 - [INFO] - Epoch:   34 | FVAL: 0.0006557
2019-07-24 16:55:52,024 - [INFO] - Epoch:   35 | FVAL: 0.0006536
2019-07-24 16:55:52,522 - [INFO] - Epoch:   36 | FVAL: 0.0006519
2019-07-24 16:55:53,007 - [INFO] - Epoch:   37 | FVAL: 0.0006500
2019-07-24 16:55:53,494 - [INFO] - Epoch:   38 | FVAL: 0.0006483
2019-07-24 16:55:53,979 - [INFO] - Epoch:   39 | FVAL: 0.0006466
2019-07-24 16:55:54,482 - [INFO] - Epoch:   40 | FVAL: 0.0006450
2019-07-24 16:55:55,024 - [INFO] - Epoch:   41 | FVAL: 0.0006436
2019-07-24 16:55:55,561 - [INFO] - Epoch:   42 | FVAL: 0.0006421
2019-07-24 16:55:56,104 - [INFO] - Epoch:   43 | FVAL: 0.0006407
2019-07-24 16:55:56,595 - [INFO] - Epoch:   44 | FVAL: 0.0006395
2019-07-24 16:55:57,079 - [INFO] - Epoch:   45 | FVAL: 0.0006382
2019-07-24 16:55:57,620 - [INFO] - Epoch:   46 | FVAL: 0.0006370
2019-07-24 16:55:58,162 - [INFO] - Epoch:   47 | FVAL: 0.0006359
2019-07-24 16:55:58,642 - [INFO] - Epoch:   48 | FVAL: 0.0006349
2019-07-24 16:55:59,139 - [INFO] - Epoch:   49 | FVAL: 0.0006338
2019-07-24 16:55:59,639 - [INFO] - Epoch:   50 | FVAL: 0.0006328
2019-07-24 16:56:45,885 - [INFO] - apcg-- N:62 | d:2000 | lambda:1e-06
2019-07-24 16:56:45,885 - [INFO] - Function value sequence convergence criteria.
2019-07-24 16:56:45,886 - [INFO] - Epoch:    0 | FVAL: 0.3465736
2019-07-24 16:56:46,430 - [INFO] - Epoch:    1 | FVAL: 0.0031843
2019-07-24 16:56:46,970 - [INFO] - Epoch:    2 | FVAL: 0.0015098
2019-07-24 16:56:47,515 - [INFO] - Epoch:    3 | FVAL: 0.0010287
2019-07-24 16:56:48,057 - [INFO] - Epoch:    4 | FVAL: 0.0008007
2019-07-24 16:56:48,601 - [INFO] - Epoch:    5 | FVAL: 0.0006644
2019-07-24 16:56:49,143 - [INFO] - Epoch:    6 | FVAL: 0.0005684
2019-07-24 16:56:49,684 - [INFO] - Epoch:    7 | FVAL: 0.0004998
2019-07-24 16:56:50,228 - [INFO] - Epoch:    8 | FVAL: 0.0004488
2019-07-24 16:56:50,774 - [INFO] - Epoch:    9 | FVAL: 0.0004087
2019-07-24 16:56:51,315 - [INFO] - Epoch:   10 | FVAL: 0.0003768
2019-07-24 16:56:51,856 - [INFO] - Epoch:   11 | FVAL: 0.0003504
2019-07-24 16:56:52,401 - [INFO] - Epoch:   12 | FVAL: 0.0003271
2019-07-24 16:56:52,944 - [INFO] - Epoch:   13 | FVAL: 0.0003071
2019-07-24 16:56:53,455 - [INFO] - Epoch:   14 | FVAL: 0.0002900
2019-07-24 16:56:53,943 - [INFO] - Epoch:   15 | FVAL: 0.0002751
2019-07-24 16:56:54,431 - [INFO] - Epoch:   16 | FVAL: 0.0002623
2019-07-24 16:56:54,971 - [INFO] - Epoch:   17 | FVAL: 0.0002508
2019-07-24 16:56:55,513 - [INFO] - Epoch:   18 | FVAL: 0.0002408
2019-07-24 16:56:56,056 - [INFO] - Epoch:   19 | FVAL: 0.0002317
2019-07-24 16:56:56,600 - [INFO] - Epoch:   20 | FVAL: 0.0002235
2019-07-24 16:56:57,143 - [INFO] - Epoch:   21 | FVAL: 0.0002163
2019-07-24 16:56:57,629 - [INFO] - Epoch:   22 | FVAL: 0.0002099
2019-07-24 16:56:58,111 - [INFO] - Epoch:   23 | FVAL: 0.0002038
2019-07-24 16:56:58,646 - [INFO] - Epoch:   24 | FVAL: 0.0001981
2019-07-24 16:56:59,193 - [INFO] - Epoch:   25 | FVAL: 0.0001929
2019-07-24 16:56:59,736 - [INFO] - Epoch:   26 | FVAL: 0.0001880
2019-07-24 16:57:00,467 - [INFO] - Epoch:   27 | FVAL: 0.0001835
2019-07-24 16:57:00,979 - [INFO] - Epoch:   28 | FVAL: 0.0001795
2019-07-24 16:57:01,522 - [INFO] - Epoch:   29 | FVAL: 0.0001754
2019-07-24 16:57:02,064 - [INFO] - Epoch:   30 | FVAL: 0.0001718
2019-07-24 16:57:02,576 - [INFO] - Epoch:   31 | FVAL: 0.0001684
2019-07-24 16:57:03,075 - [INFO] - Epoch:   32 | FVAL: 0.0001651
2019-07-24 16:57:03,603 - [INFO] - Epoch:   33 | FVAL: 0.0001622
2019-07-24 16:57:04,139 - [INFO] - Epoch:   34 | FVAL: 0.0001595
2019-07-24 16:57:04,645 - [INFO] - Epoch:   35 | FVAL: 0.0001570
2019-07-24 16:57:05,181 - [INFO] - Epoch:   36 | FVAL: 0.0001544
2019-07-24 16:57:05,727 - [INFO] - Epoch:   37 | FVAL: 0.0001520
2019-07-24 16:57:06,268 - [INFO] - Epoch:   38 | FVAL: 0.0001498
2019-07-24 16:57:06,811 - [INFO] - Epoch:   39 | FVAL: 0.0001477
2019-07-24 16:57:07,314 - [INFO] - Epoch:   40 | FVAL: 0.0001457
2019-07-24 16:57:07,857 - [INFO] - Epoch:   41 | FVAL: 0.0001438
2019-07-24 16:57:08,356 - [INFO] - Epoch:   42 | FVAL: 0.0001420
2019-07-24 16:57:08,845 - [INFO] - Epoch:   43 | FVAL: 0.0001402
2019-07-24 16:57:09,379 - [INFO] - Epoch:   44 | FVAL: 0.0001386
2019-07-24 16:57:09,924 - [INFO] - Epoch:   45 | FVAL: 0.0001370
2019-07-24 16:57:10,470 - [INFO] - Epoch:   46 | FVAL: 0.0001355
2019-07-24 16:57:11,013 - [INFO] - Epoch:   47 | FVAL: 0.0001341
2019-07-24 16:57:11,555 - [INFO] - Epoch:   48 | FVAL: 0.0001327
2019-07-24 16:57:12,086 - [INFO] - Epoch:   49 | FVAL: 0.0001315
2019-07-24 16:57:12,599 - [INFO] - Epoch:   50 | FVAL: 0.0001302
2019-07-24 16:57:13,104 - [INFO] - Epoch:   51 | FVAL: 0.0001290
2019-07-24 16:57:13,633 - [INFO] - Epoch:   52 | FVAL: 0.0001279
2019-07-24 16:57:14,177 - [INFO] - Epoch:   53 | FVAL: 0.0001267
2019-07-24 16:57:14,697 - [INFO] - Epoch:   54 | FVAL: 0.0001256
2019-07-24 16:57:15,239 - [INFO] - Epoch:   55 | FVAL: 0.0001245
2019-07-24 16:57:15,781 - [INFO] - Epoch:   56 | FVAL: 0.0001235
2019-07-24 16:57:16,309 - [INFO] - Epoch:   57 | FVAL: 0.0001226
