2019-07-24 16:54:52,602 - [INFO] - cgd-- N:62 | d:2000 | lambda:0.0001
2019-07-24 16:54:52,602 - [INFO] - Function value sequence convergence criteria.
2019-07-24 16:54:52,603 - [INFO] - Epoch:    0 | FVAL: 0.3465736
2019-07-24 16:54:53,106 - [INFO] - Epoch:    1 | FVAL: 0.0075490
2019-07-24 16:54:53,604 - [INFO] - Epoch:    2 | FVAL: 0.0041453
2019-07-24 16:54:54,101 - [INFO] - Epoch:    3 | FVAL: 0.0034406
2019-07-24 16:54:54,598 - [INFO] - Epoch:    4 | FVAL: 0.0030864
2019-07-24 16:54:55,096 - [INFO] - Epoch:    5 | FVAL: 0.0028866
2019-07-24 16:54:55,597 - [INFO] - Epoch:    6 | FVAL: 0.0027642
2019-07-24 16:54:56,096 - [INFO] - Epoch:    7 | FVAL: 0.0026769
2019-07-24 16:54:56,594 - [INFO] - Epoch:    8 | FVAL: 0.0026109
2019-07-24 16:54:57,091 - [INFO] - Epoch:    9 | FVAL: 0.0025638
2019-07-24 16:54:57,592 - [INFO] - Epoch:   10 | FVAL: 0.0025308
2019-07-24 16:54:58,089 - [INFO] - Epoch:   11 | FVAL: 0.0025048
2019-07-24 16:54:58,586 - [INFO] - Epoch:   12 | FVAL: 0.0024849
2019-07-24 16:54:59,082 - [INFO] - Epoch:   13 | FVAL: 0.0024692
2019-07-24 16:54:59,577 - [INFO] - Epoch:   14 | FVAL: 0.0024560
2019-07-24 16:55:00,073 - [INFO] - Epoch:   15 | FVAL: 0.0024444
2019-07-24 16:55:00,738 - [INFO] - Epoch:   16 | FVAL: 0.0024343
2019-07-24 16:55:01,234 - [INFO] - Epoch:   17 | FVAL: 0.0024256
2019-07-24 16:55:01,731 - [INFO] - Epoch:   18 | FVAL: 0.0024178
2019-07-24 16:55:02,227 - [INFO] - Epoch:   19 | FVAL: 0.0024108
2019-07-24 16:55:02,725 - [INFO] - Epoch:   20 | FVAL: 0.0024045
2019-07-24 16:55:03,223 - [INFO] - Epoch:   21 | FVAL: 0.0023988
2019-07-24 16:55:03,722 - [INFO] - Epoch:   22 | FVAL: 0.0023938
2019-07-24 16:55:04,220 - [INFO] - Epoch:   23 | FVAL: 0.0023895
2019-07-24 16:55:04,714 - [INFO] - Epoch:   24 | FVAL: 0.0023857
2019-07-24 16:55:05,210 - [INFO] - Epoch:   25 | FVAL: 0.0023822
2019-07-24 16:55:05,708 - [INFO] - Epoch:   26 | FVAL: 0.0023792
2019-07-24 16:55:06,203 - [INFO] - Epoch:   27 | FVAL: 0.0023763
2019-07-24 16:55:06,698 - [INFO] - Epoch:   28 | FVAL: 0.0023737
2019-07-24 16:55:07,194 - [INFO] - Epoch:   29 | FVAL: 0.0023712
2019-07-24 16:55:07,692 - [INFO] - Epoch:   30 | FVAL: 0.0023688
2019-07-24 16:55:08,188 - [INFO] - Epoch:   31 | FVAL: 0.0023665
2019-07-24 16:55:08,685 - [INFO] - Epoch:   32 | FVAL: 0.0023642
2019-07-24 16:55:09,181 - [INFO] - Epoch:   33 | FVAL: 0.0023620
2019-07-24 16:55:09,678 - [INFO] - Epoch:   34 | FVAL: 0.0023603
2019-07-24 16:55:10,175 - [INFO] - Epoch:   35 | FVAL: 0.0023587
2019-07-24 16:55:10,670 - [INFO] - Epoch:   36 | FVAL: 0.0023572
2019-07-24 16:55:11,165 - [INFO] - Epoch:   37 | FVAL: 0.0023559
2019-07-24 16:55:11,661 - [INFO] - Epoch:   38 | FVAL: 0.0023546
2019-07-24 16:55:12,158 - [INFO] - Epoch:   39 | FVAL: 0.0023534
2019-07-24 16:55:12,653 - [INFO] - Epoch:   40 | FVAL: 0.0023522
2019-07-24 16:55:13,147 - [INFO] - Epoch:   41 | FVAL: 0.0023510
2019-07-24 16:55:13,645 - [INFO] - Epoch:   42 | FVAL: 0.0023499
2019-07-24 16:55:14,142 - [INFO] - Epoch:   43 | FVAL: 0.0023488
2019-07-24 16:55:14,640 - [INFO] - Epoch:   44 | FVAL: 0.0023477
2019-07-24 16:55:15,135 - [INFO] - Epoch:   45 | FVAL: 0.0023466
2019-07-24 16:55:15,629 - [INFO] - Epoch:   46 | FVAL: 0.0023456
2019-07-24 16:55:16,123 - [INFO] - Epoch:   47 | FVAL: 0.0023445
2019-07-24 16:55:16,619 - [INFO] - Epoch:   48 | FVAL: 0.0023436
2019-07-24 16:56:17,045 - [INFO] - cgd-- N:62 | d:2000 | lambda:1e-05
2019-07-24 16:56:17,045 - [INFO] - Function value sequence convergence criteria.
2019-07-24 16:56:17,046 - [INFO] - Epoch:    0 | FVAL: 0.3465736
2019-07-24 16:56:17,551 - [INFO] - Epoch:    1 | FVAL: 0.0010405
2019-07-24 16:56:18,052 - [INFO] - Epoch:    2 | FVAL: 0.0005801
2019-07-24 16:56:18,548 - [INFO] - Epoch:    3 | FVAL: 0.0004767
2019-07-24 16:56:19,043 - [INFO] - Epoch:    4 | FVAL: 0.0004219
2019-07-24 16:56:19,536 - [INFO] - Epoch:    5 | FVAL: 0.0003894
2019-07-24 16:56:20,027 - [INFO] - Epoch:    6 | FVAL: 0.0003715
2019-07-24 16:56:20,517 - [INFO] - Epoch:    7 | FVAL: 0.0003587
2019-07-24 16:56:21,007 - [INFO] - Epoch:    8 | FVAL: 0.0003483
2019-07-24 16:56:21,499 - [INFO] - Epoch:    9 | FVAL: 0.0003414
2019-07-24 16:56:21,988 - [INFO] - Epoch:   10 | FVAL: 0.0003368
2019-07-24 16:56:22,480 - [INFO] - Epoch:   11 | FVAL: 0.0003333
2019-07-24 16:56:22,970 - [INFO] - Epoch:   12 | FVAL: 0.0003302
2019-07-24 16:56:23,461 - [INFO] - Epoch:   13 | FVAL: 0.0003273
2019-07-24 16:56:23,952 - [INFO] - Epoch:   14 | FVAL: 0.0003249
2019-07-24 16:56:24,444 - [INFO] - Epoch:   15 | FVAL: 0.0003229
2019-07-24 16:56:24,934 - [INFO] - Epoch:   16 | FVAL: 0.0003210
2019-07-24 16:56:25,424 - [INFO] - Epoch:   17 | FVAL: 0.0003191
2019-07-24 16:56:25,917 - [INFO] - Epoch:   18 | FVAL: 0.0003172
2019-07-24 16:56:26,410 - [INFO] - Epoch:   19 | FVAL: 0.0003157
2019-07-24 16:56:26,904 - [INFO] - Epoch:   20 | FVAL: 0.0003145
2019-07-24 16:56:27,398 - [INFO] - Epoch:   21 | FVAL: 0.0003135
2019-07-24 16:56:27,891 - [INFO] - Epoch:   22 | FVAL: 0.0003126
2019-07-24 16:57:34,424 - [INFO] - cgd-- N:62 | d:2000 | lambda:1e-06
2019-07-24 16:57:34,424 - [INFO] - Function value sequence convergence criteria.
2019-07-24 16:57:34,425 - [INFO] - Epoch:    0 | FVAL: 0.3465736
2019-07-24 16:57:34,938 - [INFO] - Epoch:    1 | FVAL: 0.0001328
2019-07-24 16:57:35,453 - [INFO] - Epoch:    2 | FVAL: 0.0000754
2019-07-24 16:57:35,962 - [INFO] - Epoch:    3 | FVAL: 0.0000619
2019-07-24 16:57:36,468 - [INFO] - Epoch:    4 | FVAL: 0.0000542
2019-07-24 16:57:36,969 - [INFO] - Epoch:    5 | FVAL: 0.0000497
2019-07-24 16:57:37,471 - [INFO] - Epoch:    6 | FVAL: 0.0000472
2019-07-24 16:57:37,972 - [INFO] - Epoch:    7 | FVAL: 0.0000454
2019-07-24 16:57:38,477 - [INFO] - Epoch:    8 | FVAL: 0.0000441
2019-07-24 16:57:38,993 - [INFO] - Epoch:    9 | FVAL: 0.0000431
