2019-07-24 16:46:00,840 - [INFO] - csum-- N:62 | d:2000 | lambda:0.001
2019-07-24 16:46:00,840 - [INFO] - Function value sequence convergence criteria.
2019-07-24 16:46:00,840 - [INFO] - Epoch:    0 | FVAL: 0.3465736
2019-07-24 16:46:01,048 - [INFO] - Epoch:    1 | FVAL: 0.3465736
2019-07-24 16:46:01,255 - [INFO] - Epoch:    2 | FVAL: 0.0419742
2019-07-24 16:46:01,462 - [INFO] - Epoch:    3 | FVAL: 0.0384549
2019-07-24 16:46:01,668 - [INFO] - Epoch:    4 | FVAL: 0.0363001
2019-07-24 16:46:01,874 - [INFO] - Epoch:    5 | FVAL: 0.0346450
2019-07-24 16:46:02,078 - [INFO] - Epoch:    6 | FVAL: 0.0332606
2019-07-24 16:46:02,282 - [INFO] - Epoch:    7 | FVAL: 0.0321204
2019-07-24 16:46:02,486 - [INFO] - Epoch:    8 | FVAL: 0.0311418
2019-07-24 16:46:02,688 - [INFO] - Epoch:    9 | FVAL: 0.0303075
2019-07-24 16:46:02,891 - [INFO] - Epoch:   10 | FVAL: 0.0295578
2019-07-24 16:46:03,095 - [INFO] - Epoch:   11 | FVAL: 0.0288809
2019-07-24 16:46:03,298 - [INFO] - Epoch:   12 | FVAL: 0.0282572
2019-07-24 16:46:03,500 - [INFO] - Epoch:   13 | FVAL: 0.0276797
2019-07-24 16:46:03,701 - [INFO] - Epoch:   14 | FVAL: 0.0271570
2019-07-24 16:46:03,903 - [INFO] - Epoch:   15 | FVAL: 0.0266722
2019-07-24 16:46:04,103 - [INFO] - Epoch:   16 | FVAL: 0.0262213
2019-07-24 16:46:04,306 - [INFO] - Epoch:   17 | FVAL: 0.0257981
2019-07-24 16:46:04,506 - [INFO] - Epoch:   18 | FVAL: 0.0254048
2019-07-24 16:46:04,707 - [INFO] - Epoch:   19 | FVAL: 0.0250312
2019-07-24 16:46:04,908 - [INFO] - Epoch:   20 | FVAL: 0.0246837
2019-07-24 16:46:05,110 - [INFO] - Epoch:   21 | FVAL: 0.0243658
2019-07-24 16:46:05,311 - [INFO] - Epoch:   22 | FVAL: 0.0240740
2019-07-24 16:46:05,512 - [INFO] - Epoch:   23 | FVAL: 0.0238067
2019-07-24 16:46:05,713 - [INFO] - Epoch:   24 | FVAL: 0.0235568
2019-07-24 16:46:05,914 - [INFO] - Epoch:   25 | FVAL: 0.0233182
2019-07-24 16:46:06,129 - [INFO] - Epoch:   26 | FVAL: 0.0230946
2019-07-24 16:46:06,329 - [INFO] - Epoch:   27 | FVAL: 0.0228822
2019-07-24 16:46:06,531 - [INFO] - Epoch:   28 | FVAL: 0.0226814
2019-07-24 16:46:06,734 - [INFO] - Epoch:   29 | FVAL: 0.0224925
2019-07-24 16:46:06,936 - [INFO] - Epoch:   30 | FVAL: 0.0223128
2019-07-24 16:46:07,138 - [INFO] - Epoch:   31 | FVAL: 0.0221386
2019-07-24 16:46:07,341 - [INFO] - Epoch:   32 | FVAL: 0.0219687
2019-07-24 16:46:07,544 - [INFO] - Epoch:   33 | FVAL: 0.0218061
2019-07-24 16:46:07,746 - [INFO] - Epoch:   34 | FVAL: 0.0216474
2019-07-24 16:46:07,949 - [INFO] - Epoch:   35 | FVAL: 0.0214916
2019-07-24 16:46:08,152 - [INFO] - Epoch:   36 | FVAL: 0.0213397
2019-07-24 16:46:08,355 - [INFO] - Epoch:   37 | FVAL: 0.0211918
2019-07-24 16:46:08,557 - [INFO] - Epoch:   38 | FVAL: 0.0210526
2019-07-24 16:46:08,759 - [INFO] - Epoch:   39 | FVAL: 0.0209263
2019-07-24 16:46:08,962 - [INFO] - Epoch:   40 | FVAL: 0.0208059
2019-07-24 16:46:09,163 - [INFO] - Epoch:   41 | FVAL: 0.0206897
2019-07-24 16:46:09,365 - [INFO] - Epoch:   42 | FVAL: 0.0205808
2019-07-24 16:46:09,567 - [INFO] - Epoch:   43 | FVAL: 0.0204741
2019-07-24 16:46:09,768 - [INFO] - Epoch:   44 | FVAL: 0.0203714
2019-07-24 16:46:09,969 - [INFO] - Epoch:   45 | FVAL: 0.0202746
2019-07-24 16:46:10,171 - [INFO] - Epoch:   46 | FVAL: 0.0201807
2019-07-24 16:46:10,391 - [INFO] - Epoch:   47 | FVAL: 0.0200890
2019-07-24 16:46:10,619 - [INFO] - Epoch:   48 | FVAL: 0.0199997
2019-07-24 16:46:10,847 - [INFO] - Epoch:   49 | FVAL: 0.0199135
2019-07-24 16:46:11,074 - [INFO] - Epoch:   50 | FVAL: 0.0198319
2019-07-24 16:46:11,288 - [INFO] - Epoch:   51 | FVAL: 0.0197534
2019-07-24 16:46:11,491 - [INFO] - Epoch:   52 | FVAL: 0.0196788
2019-07-24 16:46:11,694 - [INFO] - Epoch:   53 | FVAL: 0.0196060
2019-07-24 16:46:11,897 - [INFO] - Epoch:   54 | FVAL: 0.0195361
2019-07-24 16:46:12,100 - [INFO] - Epoch:   55 | FVAL: 0.0194685
2019-07-24 16:46:12,302 - [INFO] - Epoch:   56 | FVAL: 0.0194035
2019-07-24 16:46:12,505 - [INFO] - Epoch:   57 | FVAL: 0.0193405
2019-07-24 16:46:12,707 - [INFO] - Epoch:   58 | FVAL: 0.0192800
2019-07-24 16:46:12,909 - [INFO] - Epoch:   59 | FVAL: 0.0192222
2019-07-24 16:46:13,114 - [INFO] - Epoch:   60 | FVAL: 0.0191658
2019-07-24 16:46:13,316 - [INFO] - Epoch:   61 | FVAL: 0.0191122
2019-07-24 16:46:13,519 - [INFO] - Epoch:   62 | FVAL: 0.0190596
2019-07-24 16:46:13,721 - [INFO] - Epoch:   63 | FVAL: 0.0190084
2019-07-24 16:46:13,922 - [INFO] - Epoch:   64 | FVAL: 0.0189599
2019-07-24 16:46:14,125 - [INFO] - Epoch:   65 | FVAL: 0.0189127
2019-07-24 16:46:14,327 - [INFO] - Epoch:   66 | FVAL: 0.0188677
2019-07-24 16:46:14,530 - [INFO] - Epoch:   67 | FVAL: 0.0188248
2019-07-24 16:46:14,733 - [INFO] - Epoch:   68 | FVAL: 0.0187836
2019-07-24 16:46:14,935 - [INFO] - Epoch:   69 | FVAL: 0.0187435
2019-07-24 16:46:15,137 - [INFO] - Epoch:   70 | FVAL: 0.0187049
2019-07-24 16:46:15,339 - [INFO] - Epoch:   71 | FVAL: 0.0186678
2019-07-24 16:46:15,542 - [INFO] - Epoch:   72 | FVAL: 0.0186319
2019-07-24 16:46:15,743 - [INFO] - Epoch:   73 | FVAL: 0.0185967
2019-07-24 16:46:15,945 - [INFO] - Epoch:   74 | FVAL: 0.0185621
2019-07-24 16:46:16,146 - [INFO] - Epoch:   75 | FVAL: 0.0185283
2019-07-24 16:46:16,350 - [INFO] - Epoch:   76 | FVAL: 0.0184949
2019-07-24 16:46:16,550 - [INFO] - Epoch:   77 | FVAL: 0.0184619
2019-07-24 16:46:16,751 - [INFO] - Epoch:   78 | FVAL: 0.0184295
2019-07-24 16:46:16,952 - [INFO] - Epoch:   79 | FVAL: 0.0183988
2019-07-24 16:46:17,154 - [INFO] - Epoch:   80 | FVAL: 0.0183687
2019-07-24 16:46:17,355 - [INFO] - Epoch:   81 | FVAL: 0.0183391
2019-07-24 16:46:17,555 - [INFO] - Epoch:   82 | FVAL: 0.0183098
2019-07-24 16:46:17,756 - [INFO] - Epoch:   83 | FVAL: 0.0182808
2019-07-24 16:46:17,957 - [INFO] - Epoch:   84 | FVAL: 0.0182531
2019-07-24 16:46:18,157 - [INFO] - Epoch:   85 | FVAL: 0.0182267
2019-07-24 16:46:18,358 - [INFO] - Epoch:   86 | FVAL: 0.0182005
2019-07-24 16:46:18,559 - [INFO] - Epoch:   87 | FVAL: 0.0181752
2019-07-24 16:46:18,760 - [INFO] - Epoch:   88 | FVAL: 0.0181514
2019-07-24 16:46:18,961 - [INFO] - Epoch:   89 | FVAL: 0.0181283
2019-07-24 16:46:19,162 - [INFO] - Epoch:   90 | FVAL: 0.0181057
2019-07-24 16:46:19,363 - [INFO] - Epoch:   91 | FVAL: 0.0180834
2019-07-24 16:46:19,564 - [INFO] - Epoch:   92 | FVAL: 0.0180623
2019-07-24 16:46:19,765 - [INFO] - Epoch:   93 | FVAL: 0.0180415
2019-07-24 16:46:19,967 - [INFO] - Epoch:   94 | FVAL: 0.0180209
2019-07-24 16:46:20,168 - [INFO] - Epoch:   95 | FVAL: 0.0180005
2019-07-24 16:46:20,370 - [INFO] - Epoch:   96 | FVAL: 0.0179805
2019-07-24 16:46:20,570 - [INFO] - Epoch:   97 | FVAL: 0.0179609
2019-07-24 16:46:20,772 - [INFO] - Epoch:   98 | FVAL: 0.0179422
2019-07-24 16:46:20,973 - [INFO] - Epoch:   99 | FVAL: 0.0179240
2019-07-24 16:46:21,174 - [INFO] - Epoch:  100 | FVAL: 0.0179063
2019-07-24 16:46:21,392 - [INFO] - Epoch:  101 | FVAL: 0.0178889
2019-07-24 16:46:21,593 - [INFO] - Epoch:  102 | FVAL: 0.0178721
2019-07-24 16:46:21,794 - [INFO] - Epoch:  103 | FVAL: 0.0178555
2019-07-24 16:46:21,995 - [INFO] - Epoch:  104 | FVAL: 0.0178391
2019-07-24 16:46:22,196 - [INFO] - Epoch:  105 | FVAL: 0.0178228
2019-07-24 16:46:22,398 - [INFO] - Epoch:  106 | FVAL: 0.0178067
2019-07-24 16:46:22,599 - [INFO] - Epoch:  107 | FVAL: 0.0177907
2019-07-24 16:46:22,801 - [INFO] - Epoch:  108 | FVAL: 0.0177750
2019-07-24 16:46:23,004 - [INFO] - Epoch:  109 | FVAL: 0.0177593
2019-07-24 16:46:23,205 - [INFO] - Epoch:  110 | FVAL: 0.0177438
2019-07-24 16:46:23,407 - [INFO] - Epoch:  111 | FVAL: 0.0177288
2019-07-24 16:46:23,608 - [INFO] - Epoch:  112 | FVAL: 0.0177146
2019-07-24 16:46:23,809 - [INFO] - Epoch:  113 | FVAL: 0.0177006
2019-07-24 16:46:24,009 - [INFO] - Epoch:  114 | FVAL: 0.0176867
2019-07-24 16:46:24,210 - [INFO] - Epoch:  115 | FVAL: 0.0176729
2019-07-24 16:46:24,411 - [INFO] - Epoch:  116 | FVAL: 0.0176596
2019-07-24 16:46:24,612 - [INFO] - Epoch:  117 | FVAL: 0.0176465
2019-07-24 16:46:24,814 - [INFO] - Epoch:  118 | FVAL: 0.0176335
2019-07-24 16:46:25,014 - [INFO] - Epoch:  119 | FVAL: 0.0176205
2019-07-24 16:46:25,215 - [INFO] - Epoch:  120 | FVAL: 0.0176079
2019-07-24 16:46:25,416 - [INFO] - Epoch:  121 | FVAL: 0.0175955
2019-07-24 16:46:25,618 - [INFO] - Epoch:  122 | FVAL: 0.0175831
2019-07-24 16:46:25,819 - [INFO] - Epoch:  123 | FVAL: 0.0175709
2019-07-24 16:46:26,021 - [INFO] - Epoch:  124 | FVAL: 0.0175588
2019-07-24 16:46:26,223 - [INFO] - Epoch:  125 | FVAL: 0.0175469
2019-07-24 16:46:26,438 - [INFO] - Epoch:  126 | FVAL: 0.0175351
2019-07-24 16:46:26,638 - [INFO] - Epoch:  127 | FVAL: 0.0175233
2019-07-24 16:46:26,838 - [INFO] - Epoch:  128 | FVAL: 0.0175116
2019-07-24 16:46:27,038 - [INFO] - Epoch:  129 | FVAL: 0.0175000
2019-07-24 16:46:27,240 - [INFO] - Epoch:  130 | FVAL: 0.0174884
2019-07-24 16:46:27,443 - [INFO] - Epoch:  131 | FVAL: 0.0174769
2019-07-24 16:46:27,645 - [INFO] - Epoch:  132 | FVAL: 0.0174654
2019-07-24 16:46:27,847 - [INFO] - Epoch:  133 | FVAL: 0.0174541
2019-07-24 16:46:28,048 - [INFO] - Epoch:  134 | FVAL: 0.0174428
2019-07-24 16:46:28,250 - [INFO] - Epoch:  135 | FVAL: 0.0174316
2019-07-24 16:46:28,453 - [INFO] - Epoch:  136 | FVAL: 0.0174205
2019-07-24 16:46:28,655 - [INFO] - Epoch:  137 | FVAL: 0.0174094
2019-07-24 16:46:28,857 - [INFO] - Epoch:  138 | FVAL: 0.0173983
2019-07-24 16:46:29,059 - [INFO] - Epoch:  139 | FVAL: 0.0173873
2019-07-24 16:46:29,261 - [INFO] - Epoch:  140 | FVAL: 0.0173763
2019-07-24 16:46:29,463 - [INFO] - Epoch:  141 | FVAL: 0.0173654
2019-07-24 16:46:29,666 - [INFO] - Epoch:  142 | FVAL: 0.0173556
2019-07-24 16:46:29,867 - [INFO] - Epoch:  143 | FVAL: 0.0173470
2019-07-24 16:46:30,069 - [INFO] - Epoch:  144 | FVAL: 0.0173386
2019-07-24 16:46:30,270 - [INFO] - Epoch:  145 | FVAL: 0.0173303
2019-07-24 16:46:30,471 - [INFO] - Epoch:  146 | FVAL: 0.0173221
2019-07-24 16:46:30,674 - [INFO] - Epoch:  147 | FVAL: 0.0173140
2019-07-24 16:46:30,874 - [INFO] - Epoch:  148 | FVAL: 0.0173060
2019-07-24 16:46:31,077 - [INFO] - Epoch:  149 | FVAL: 0.0172984
2019-07-24 16:46:31,278 - [INFO] - Epoch:  150 | FVAL: 0.0172908
2019-07-24 16:46:31,494 - [INFO] - Epoch:  151 | FVAL: 0.0172833
2019-07-24 16:46:31,696 - [INFO] - Epoch:  152 | FVAL: 0.0172759
2019-07-24 16:46:31,898 - [INFO] - Epoch:  153 | FVAL: 0.0172685
2019-07-24 16:46:32,100 - [INFO] - Epoch:  154 | FVAL: 0.0172611
2019-07-24 16:46:32,302 - [INFO] - Epoch:  155 | FVAL: 0.0172538
2019-07-24 16:46:32,504 - [INFO] - Epoch:  156 | FVAL: 0.0172466
2019-07-24 16:46:32,706 - [INFO] - Epoch:  157 | FVAL: 0.0172394
2019-07-24 16:46:32,909 - [INFO] - Epoch:  158 | FVAL: 0.0172323
2019-07-24 16:46:33,111 - [INFO] - Epoch:  159 | FVAL: 0.0172251
2019-07-24 16:46:33,337 - [INFO] - Epoch:  160 | FVAL: 0.0172181
2019-07-24 16:46:33,539 - [INFO] - Epoch:  161 | FVAL: 0.0172110
2019-07-24 16:46:33,741 - [INFO] - Epoch:  162 | FVAL: 0.0172040
2019-07-24 16:46:33,945 - [INFO] - Epoch:  163 | FVAL: 0.0171971
2019-07-24 16:46:34,148 - [INFO] - Epoch:  164 | FVAL: 0.0171901
2019-07-24 16:46:34,350 - [INFO] - Epoch:  165 | FVAL: 0.0171832
2019-07-24 16:46:34,552 - [INFO] - Epoch:  166 | FVAL: 0.0171764
2019-07-24 16:46:34,755 - [INFO] - Epoch:  167 | FVAL: 0.0171698
2019-07-24 16:46:34,957 - [INFO] - Epoch:  168 | FVAL: 0.0171632
2019-07-24 16:46:35,160 - [INFO] - Epoch:  169 | FVAL: 0.0171567
2019-07-24 16:46:35,361 - [INFO] - Epoch:  170 | FVAL: 0.0171501
2019-07-24 16:46:35,564 - [INFO] - Epoch:  171 | FVAL: 0.0171436
2019-07-24 16:46:35,765 - [INFO] - Epoch:  172 | FVAL: 0.0171371
2019-07-24 16:46:35,966 - [INFO] - Epoch:  173 | FVAL: 0.0171307
2019-07-24 16:46:36,169 - [INFO] - Epoch:  174 | FVAL: 0.0171243
2019-07-24 16:46:36,371 - [INFO] - Epoch:  175 | FVAL: 0.0171179
2019-07-24 16:46:36,584 - [INFO] - Epoch:  176 | FVAL: 0.0171116
2019-07-24 16:46:36,785 - [INFO] - Epoch:  177 | FVAL: 0.0171056
2019-07-24 16:46:36,986 - [INFO] - Epoch:  178 | FVAL: 0.0170996
2019-07-24 16:46:37,188 - [INFO] - Epoch:  179 | FVAL: 0.0170936
2019-07-24 16:46:37,390 - [INFO] - Epoch:  180 | FVAL: 0.0170879
2019-07-24 16:46:37,592 - [INFO] - Epoch:  181 | FVAL: 0.0170822
2019-07-24 16:46:37,793 - [INFO] - Epoch:  182 | FVAL: 0.0170766
2019-07-24 16:46:37,995 - [INFO] - Epoch:  183 | FVAL: 0.0170711
2019-07-24 16:46:38,196 - [INFO] - Epoch:  184 | FVAL: 0.0170656
2019-07-24 16:46:38,398 - [INFO] - Epoch:  185 | FVAL: 0.0170603
2019-07-24 16:46:38,600 - [INFO] - Epoch:  186 | FVAL: 0.0170551
2019-07-24 16:46:38,802 - [INFO] - Epoch:  187 | FVAL: 0.0170499
2019-07-24 16:46:39,004 - [INFO] - Epoch:  188 | FVAL: 0.0170447
2019-07-24 16:46:39,205 - [INFO] - Epoch:  189 | FVAL: 0.0170395
2019-07-24 16:46:39,407 - [INFO] - Epoch:  190 | FVAL: 0.0170344
2019-07-24 16:46:39,609 - [INFO] - Epoch:  191 | FVAL: 0.0170293
2019-07-24 16:46:39,811 - [INFO] - Epoch:  192 | FVAL: 0.0170242
2019-07-24 16:46:40,013 - [INFO] - Epoch:  193 | FVAL: 0.0170191
2019-07-24 16:46:40,215 - [INFO] - Epoch:  194 | FVAL: 0.0170140
2019-07-24 16:46:40,417 - [INFO] - Epoch:  195 | FVAL: 0.0170090
2019-07-24 16:46:40,619 - [INFO] - Epoch:  196 | FVAL: 0.0170040
2019-07-24 16:46:40,820 - [INFO] - Epoch:  197 | FVAL: 0.0169990
2019-07-24 16:46:41,022 - [INFO] - Epoch:  198 | FVAL: 0.0169940
2019-07-24 16:46:41,224 - [INFO] - Epoch:  199 | FVAL: 0.0169891
2019-07-24 16:46:41,426 - [INFO] - Epoch:  200 | FVAL: 0.0169842
2019-07-24 16:46:41,630 - [INFO] - Epoch:  201 | FVAL: 0.0169792
2019-07-24 16:46:41,832 - [INFO] - Epoch:  202 | FVAL: 0.0169743
2019-07-24 16:46:42,033 - [INFO] - Epoch:  203 | FVAL: 0.0169694
2019-07-24 16:46:42,233 - [INFO] - Epoch:  204 | FVAL: 0.0169646
2019-07-24 16:46:42,434 - [INFO] - Epoch:  205 | FVAL: 0.0169597
2019-07-24 16:46:42,635 - [INFO] - Epoch:  206 | FVAL: 0.0169549
2019-07-24 16:46:42,836 - [INFO] - Epoch:  207 | FVAL: 0.0169503
2019-07-24 16:46:43,039 - [INFO] - Epoch:  208 | FVAL: 0.0169457
2019-07-24 16:46:43,240 - [INFO] - Epoch:  209 | FVAL: 0.0169412
2019-07-24 16:46:43,443 - [INFO] - Epoch:  210 | FVAL: 0.0169367
2019-07-24 16:46:43,644 - [INFO] - Epoch:  211 | FVAL: 0.0169323
2019-07-24 16:46:43,846 - [INFO] - Epoch:  212 | FVAL: 0.0169278
2019-07-24 16:46:44,047 - [INFO] - Epoch:  213 | FVAL: 0.0169234
2019-07-24 16:46:44,249 - [INFO] - Epoch:  214 | FVAL: 0.0169190
2019-07-24 16:46:44,450 - [INFO] - Epoch:  215 | FVAL: 0.0169148
2019-07-24 16:46:44,652 - [INFO] - Epoch:  216 | FVAL: 0.0169109
2019-07-24 16:46:44,853 - [INFO] - Epoch:  217 | FVAL: 0.0169071
2019-07-24 16:46:45,053 - [INFO] - Epoch:  218 | FVAL: 0.0169034
2019-07-24 16:46:45,254 - [INFO] - Epoch:  219 | FVAL: 0.0168998
2019-07-24 16:46:45,455 - [INFO] - Epoch:  220 | FVAL: 0.0168962
2019-07-24 16:46:45,656 - [INFO] - Epoch:  221 | FVAL: 0.0168931
2019-07-24 16:46:45,858 - [INFO] - Epoch:  222 | FVAL: 0.0168902
2019-07-24 16:46:46,057 - [INFO] - Epoch:  223 | FVAL: 0.0168874
2019-07-24 16:46:46,258 - [INFO] - Epoch:  224 | FVAL: 0.0168846
2019-07-24 16:46:46,460 - [INFO] - Epoch:  225 | FVAL: 0.0168818
2019-07-24 16:46:46,672 - [INFO] - Epoch:  226 | FVAL: 0.0168792
2019-07-24 16:46:46,874 - [INFO] - Epoch:  227 | FVAL: 0.0168767
2019-07-24 16:46:47,076 - [INFO] - Epoch:  228 | FVAL: 0.0168741
2019-07-24 16:46:47,278 - [INFO] - Epoch:  229 | FVAL: 0.0168716
2019-07-24 16:46:47,479 - [INFO] - Epoch:  230 | FVAL: 0.0168692
2019-07-24 16:46:47,682 - [INFO] - Epoch:  231 | FVAL: 0.0168667
2019-07-24 16:46:47,884 - [INFO] - Epoch:  232 | FVAL: 0.0168643
2019-07-24 16:46:48,087 - [INFO] - Epoch:  233 | FVAL: 0.0168619
2019-07-24 16:46:48,288 - [INFO] - Epoch:  234 | FVAL: 0.0168595
2019-07-24 16:46:48,490 - [INFO] - Epoch:  235 | FVAL: 0.0168572
2019-07-24 16:46:48,692 - [INFO] - Epoch:  236 | FVAL: 0.0168548
2019-07-24 16:46:48,893 - [INFO] - Epoch:  237 | FVAL: 0.0168525
2019-07-24 16:46:49,095 - [INFO] - Epoch:  238 | FVAL: 0.0168502
2019-07-24 16:46:49,298 - [INFO] - Epoch:  239 | FVAL: 0.0168479
2019-07-24 16:46:49,500 - [INFO] - Epoch:  240 | FVAL: 0.0168457
2019-07-24 16:46:49,702 - [INFO] - Epoch:  241 | FVAL: 0.0168434
2019-07-24 16:46:49,904 - [INFO] - Epoch:  242 | FVAL: 0.0168412
2019-07-24 16:46:50,106 - [INFO] - Epoch:  243 | FVAL: 0.0168390
2019-07-24 16:46:50,309 - [INFO] - Epoch:  244 | FVAL: 0.0168367
2019-07-24 16:46:50,511 - [INFO] - Epoch:  245 | FVAL: 0.0168346
2019-07-24 16:46:50,713 - [INFO] - Epoch:  246 | FVAL: 0.0168324
2019-07-24 16:46:50,914 - [INFO] - Epoch:  247 | FVAL: 0.0168302
2019-07-24 16:46:51,116 - [INFO] - Epoch:  248 | FVAL: 0.0168280
2019-07-24 16:46:51,319 - [INFO] - Epoch:  249 | FVAL: 0.0168259
2019-07-24 16:46:51,522 - [INFO] - Epoch:  250 | FVAL: 0.0168238
2019-07-24 16:46:51,741 - [INFO] - Epoch:  251 | FVAL: 0.0168217
2019-07-24 16:46:51,943 - [INFO] - Epoch:  252 | FVAL: 0.0168195
2019-07-24 16:46:52,145 - [INFO] - Epoch:  253 | FVAL: 0.0168175
2019-07-24 16:46:52,347 - [INFO] - Epoch:  254 | FVAL: 0.0168154
2019-07-24 16:46:52,549 - [INFO] - Epoch:  255 | FVAL: 0.0168133
2019-07-24 16:46:52,752 - [INFO] - Epoch:  256 | FVAL: 0.0168112
2019-07-24 16:46:52,953 - [INFO] - Epoch:  257 | FVAL: 0.0168092
2019-07-24 16:46:53,155 - [INFO] - Epoch:  258 | FVAL: 0.0168071
2019-07-24 16:46:53,357 - [INFO] - Epoch:  259 | FVAL: 0.0168051
2019-07-24 16:46:53,559 - [INFO] - Epoch:  260 | FVAL: 0.0168031
2019-07-24 16:46:53,761 - [INFO] - Epoch:  261 | FVAL: 0.0168010
2019-07-24 16:46:53,963 - [INFO] - Epoch:  262 | FVAL: 0.0167990
2019-07-24 16:46:54,165 - [INFO] - Epoch:  263 | FVAL: 0.0167970
2019-07-24 16:46:54,366 - [INFO] - Epoch:  264 | FVAL: 0.0167950
2019-07-24 16:46:54,569 - [INFO] - Epoch:  265 | FVAL: 0.0167931
2019-07-24 16:46:54,770 - [INFO] - Epoch:  266 | FVAL: 0.0167911
2019-07-24 16:46:54,971 - [INFO] - Epoch:  267 | FVAL: 0.0167891
2019-07-24 16:46:55,173 - [INFO] - Epoch:  268 | FVAL: 0.0167872
2019-07-24 16:46:55,373 - [INFO] - Epoch:  269 | FVAL: 0.0167852
2019-07-24 16:46:55,576 - [INFO] - Epoch:  270 | FVAL: 0.0167834
2019-07-24 16:46:55,779 - [INFO] - Epoch:  271 | FVAL: 0.0167815
2019-07-24 16:46:55,981 - [INFO] - Epoch:  272 | FVAL: 0.0167797
2019-07-24 16:46:56,183 - [INFO] - Epoch:  273 | FVAL: 0.0167779
2019-07-24 16:46:56,385 - [INFO] - Epoch:  274 | FVAL: 0.0167761
2019-07-24 16:46:56,588 - [INFO] - Epoch:  275 | FVAL: 0.0167743
2019-07-24 16:46:56,792 - [INFO] - Epoch:  276 | FVAL: 0.0167725
2019-07-24 16:46:56,994 - [INFO] - Epoch:  277 | FVAL: 0.0167708
2019-07-24 16:46:57,197 - [INFO] - Epoch:  278 | FVAL: 0.0167690
2019-07-24 16:46:57,399 - [INFO] - Epoch:  279 | FVAL: 0.0167672
2019-07-24 16:46:57,600 - [INFO] - Epoch:  280 | FVAL: 0.0167655
2019-07-24 16:46:57,802 - [INFO] - Epoch:  281 | FVAL: 0.0167638
2019-07-24 16:46:58,004 - [INFO] - Epoch:  282 | FVAL: 0.0167620
2019-07-24 16:46:58,206 - [INFO] - Epoch:  283 | FVAL: 0.0167603
2019-07-24 16:46:58,408 - [INFO] - Epoch:  284 | FVAL: 0.0167586
2019-07-24 16:46:58,611 - [INFO] - Epoch:  285 | FVAL: 0.0167569
2019-07-24 16:46:58,814 - [INFO] - Epoch:  286 | FVAL: 0.0167552
2019-07-24 16:46:59,015 - [INFO] - Epoch:  287 | FVAL: 0.0167535
2019-07-24 16:46:59,217 - [INFO] - Epoch:  288 | FVAL: 0.0167518
2019-07-24 16:46:59,419 - [INFO] - Epoch:  289 | FVAL: 0.0167501
2019-07-24 16:46:59,620 - [INFO] - Epoch:  290 | FVAL: 0.0167484
2019-07-24 16:46:59,821 - [INFO] - Epoch:  291 | FVAL: 0.0167467
2019-07-24 16:47:00,024 - [INFO] - Epoch:  292 | FVAL: 0.0167450
2019-07-24 16:47:00,391 - [INFO] - Epoch:  293 | FVAL: 0.0167434
2019-07-24 16:47:00,593 - [INFO] - Epoch:  294 | FVAL: 0.0167417
2019-07-24 16:47:00,795 - [INFO] - Epoch:  295 | FVAL: 0.0167401
2019-07-24 16:47:00,997 - [INFO] - Epoch:  296 | FVAL: 0.0167385
2019-07-24 16:47:01,199 - [INFO] - Epoch:  297 | FVAL: 0.0167369
2019-07-24 16:47:01,401 - [INFO] - Epoch:  298 | FVAL: 0.0167353
2019-07-24 16:47:01,603 - [INFO] - Epoch:  299 | FVAL: 0.0167337
2019-07-24 16:47:01,805 - [INFO] - Epoch:  300 | FVAL: 0.0167321
2019-07-24 16:47:02,007 - [INFO] - Epoch:  301 | FVAL: 0.0167306
2019-07-24 16:47:02,209 - [INFO] - Epoch:  302 | FVAL: 0.0167290
2019-07-24 16:47:02,411 - [INFO] - Epoch:  303 | FVAL: 0.0167274
2019-07-24 16:47:02,613 - [INFO] - Epoch:  304 | FVAL: 0.0167259
2019-07-24 16:47:02,814 - [INFO] - Epoch:  305 | FVAL: 0.0167243
2019-07-24 16:47:03,015 - [INFO] - Epoch:  306 | FVAL: 0.0167227
2019-07-24 16:47:03,217 - [INFO] - Epoch:  307 | FVAL: 0.0167212
2019-07-24 16:47:03,418 - [INFO] - Epoch:  308 | FVAL: 0.0167197
2019-07-24 16:47:03,620 - [INFO] - Epoch:  309 | FVAL: 0.0167181
2019-07-24 16:47:03,822 - [INFO] - Epoch:  310 | FVAL: 0.0167166
2019-07-24 16:47:04,024 - [INFO] - Epoch:  311 | FVAL: 0.0167150
2019-07-24 16:47:04,226 - [INFO] - Epoch:  312 | FVAL: 0.0167135
2019-07-24 16:47:04,427 - [INFO] - Epoch:  313 | FVAL: 0.0167120
2019-07-24 16:47:04,629 - [INFO] - Epoch:  314 | FVAL: 0.0167105
2019-07-24 16:47:04,830 - [INFO] - Epoch:  315 | FVAL: 0.0167090
2019-07-24 16:47:05,031 - [INFO] - Epoch:  316 | FVAL: 0.0167074
2019-07-24 16:47:05,233 - [INFO] - Epoch:  317 | FVAL: 0.0167059
2019-07-24 16:47:05,435 - [INFO] - Epoch:  318 | FVAL: 0.0167044
2019-07-24 16:47:05,637 - [INFO] - Epoch:  319 | FVAL: 0.0167029
2019-07-24 16:47:05,838 - [INFO] - Epoch:  320 | FVAL: 0.0167015
2019-07-24 16:47:06,040 - [INFO] - Epoch:  321 | FVAL: 0.0167000
2019-07-24 16:47:06,241 - [INFO] - Epoch:  322 | FVAL: 0.0166985
2019-07-24 16:47:06,444 - [INFO] - Epoch:  323 | FVAL: 0.0166971
2019-07-24 16:47:06,645 - [INFO] - Epoch:  324 | FVAL: 0.0166956
2019-07-24 16:47:06,846 - [INFO] - Epoch:  325 | FVAL: 0.0166942
2019-07-24 16:47:07,048 - [INFO] - Epoch:  326 | FVAL: 0.0166928
2019-07-24 16:47:07,251 - [INFO] - Epoch:  327 | FVAL: 0.0166914
2019-07-24 16:47:07,451 - [INFO] - Epoch:  328 | FVAL: 0.0166900
2019-07-24 16:47:07,653 - [INFO] - Epoch:  329 | FVAL: 0.0166886
2019-07-24 16:47:07,854 - [INFO] - Epoch:  330 | FVAL: 0.0166872
2019-07-24 16:47:08,055 - [INFO] - Epoch:  331 | FVAL: 0.0166858
2019-07-24 16:47:08,257 - [INFO] - Epoch:  332 | FVAL: 0.0166844
2019-07-24 16:47:08,459 - [INFO] - Epoch:  333 | FVAL: 0.0166830
2019-07-24 16:47:08,660 - [INFO] - Epoch:  334 | FVAL: 0.0166816
2019-07-24 16:47:08,863 - [INFO] - Epoch:  335 | FVAL: 0.0166802
2019-07-24 16:47:09,065 - [INFO] - Epoch:  336 | FVAL: 0.0166788
2019-07-24 16:47:09,267 - [INFO] - Epoch:  337 | FVAL: 0.0166774
2019-07-24 16:47:09,470 - [INFO] - Epoch:  338 | FVAL: 0.0166761
2019-07-24 16:47:09,672 - [INFO] - Epoch:  339 | FVAL: 0.0166747
2019-07-24 16:47:09,876 - [INFO] - Epoch:  340 | FVAL: 0.0166733
2019-07-24 16:47:10,076 - [INFO] - Epoch:  341 | FVAL: 0.0166720
2019-07-24 16:47:10,277 - [INFO] - Epoch:  342 | FVAL: 0.0166706
2019-07-24 16:47:10,479 - [INFO] - Epoch:  343 | FVAL: 0.0166692
2019-07-24 16:47:10,680 - [INFO] - Epoch:  344 | FVAL: 0.0166679
2019-07-24 16:47:10,883 - [INFO] - Epoch:  345 | FVAL: 0.0166666
2019-07-24 16:47:11,084 - [INFO] - Epoch:  346 | FVAL: 0.0166653
2019-07-24 16:47:11,286 - [INFO] - Epoch:  347 | FVAL: 0.0166641
2019-07-24 16:47:11,488 - [INFO] - Epoch:  348 | FVAL: 0.0166628
2019-07-24 16:47:11,689 - [INFO] - Epoch:  349 | FVAL: 0.0166615
2019-07-24 16:47:11,892 - [INFO] - Epoch:  350 | FVAL: 0.0166603
2019-07-24 16:47:12,093 - [INFO] - Epoch:  351 | FVAL: 0.0166590
2019-07-24 16:47:12,295 - [INFO] - Epoch:  352 | FVAL: 0.0166578
2019-07-24 16:47:12,497 - [INFO] - Epoch:  353 | FVAL: 0.0166565
2019-07-24 16:47:12,699 - [INFO] - Epoch:  354 | FVAL: 0.0166553
2019-07-24 16:47:12,901 - [INFO] - Epoch:  355 | FVAL: 0.0166540
2019-07-24 16:47:13,103 - [INFO] - Epoch:  356 | FVAL: 0.0166528
2019-07-24 16:47:13,305 - [INFO] - Epoch:  357 | FVAL: 0.0166515
2019-07-24 16:47:13,507 - [INFO] - Epoch:  358 | FVAL: 0.0166503
2019-07-24 16:47:13,708 - [INFO] - Epoch:  359 | FVAL: 0.0166490
2019-07-24 16:47:13,910 - [INFO] - Epoch:  360 | FVAL: 0.0166478
2019-07-24 16:47:14,112 - [INFO] - Epoch:  361 | FVAL: 0.0166466
2019-07-24 16:47:14,315 - [INFO] - Epoch:  362 | FVAL: 0.0166453
2019-07-24 16:47:14,516 - [INFO] - Epoch:  363 | FVAL: 0.0166441
2019-07-24 16:47:14,718 - [INFO] - Epoch:  364 | FVAL: 0.0166429
2019-07-24 16:47:14,919 - [INFO] - Epoch:  365 | FVAL: 0.0166416
2019-07-24 16:47:15,120 - [INFO] - Epoch:  366 | FVAL: 0.0166404
2019-07-24 16:47:15,321 - [INFO] - Epoch:  367 | FVAL: 0.0166392
2019-07-24 16:47:15,524 - [INFO] - Epoch:  368 | FVAL: 0.0166380
2019-07-24 16:47:15,726 - [INFO] - Epoch:  369 | FVAL: 0.0166368
2019-07-24 16:47:15,929 - [INFO] - Epoch:  370 | FVAL: 0.0166355
2019-07-24 16:47:16,131 - [INFO] - Epoch:  371 | FVAL: 0.0166343
2019-07-24 16:47:16,334 - [INFO] - Epoch:  372 | FVAL: 0.0166331
2019-07-24 16:47:16,535 - [INFO] - Epoch:  373 | FVAL: 0.0166319
2019-07-24 16:47:16,737 - [INFO] - Epoch:  374 | FVAL: 0.0166307
2019-07-24 16:47:16,940 - [INFO] - Epoch:  375 | FVAL: 0.0166296
2019-07-24 16:47:17,143 - [INFO] - Epoch:  376 | FVAL: 0.0166285
2019-07-24 16:47:17,345 - [INFO] - Epoch:  377 | FVAL: 0.0166274
2019-07-24 16:47:17,547 - [INFO] - Epoch:  378 | FVAL: 0.0166263
2019-07-24 16:47:17,748 - [INFO] - Epoch:  379 | FVAL: 0.0166253
2019-07-24 16:47:17,951 - [INFO] - Epoch:  380 | FVAL: 0.0166242
2019-07-24 16:47:18,153 - [INFO] - Epoch:  381 | FVAL: 0.0166232
2019-07-24 16:47:18,355 - [INFO] - Epoch:  382 | FVAL: 0.0166221
2019-07-24 16:47:18,558 - [INFO] - Epoch:  383 | FVAL: 0.0166211
2019-07-24 16:47:18,760 - [INFO] - Epoch:  384 | FVAL: 0.0166200
2019-07-24 16:47:18,963 - [INFO] - Epoch:  385 | FVAL: 0.0166190
2019-07-24 16:52:54,412 - [INFO] - csum-- N:62 | d:2000 | lambda:0.0001
2019-07-24 16:52:54,413 - [INFO] - Function value sequence convergence criteria.
2019-07-24 16:52:54,413 - [INFO] - Epoch:    0 | FVAL: 0.3465736
2019-07-24 16:52:54,655 - [INFO] - Epoch:    1 | FVAL: 0.3465736
2019-07-24 16:52:54,870 - [INFO] - Epoch:    2 | FVAL: 0.0113593
2019-07-24 16:52:55,086 - [INFO] - Epoch:    3 | FVAL: 0.0082259
2019-07-24 16:52:55,301 - [INFO] - Epoch:    4 | FVAL: 0.0072613
2019-07-24 16:52:55,517 - [INFO] - Epoch:    5 | FVAL: 0.0068023
2019-07-24 16:52:55,731 - [INFO] - Epoch:    6 | FVAL: 0.0065342
2019-07-24 16:52:55,945 - [INFO] - Epoch:    7 | FVAL: 0.0063561
2019-07-24 16:52:56,158 - [INFO] - Epoch:    8 | FVAL: 0.0062263
2019-07-24 16:52:56,374 - [INFO] - Epoch:    9 | FVAL: 0.0061254
2019-07-24 16:52:56,587 - [INFO] - Epoch:   10 | FVAL: 0.0060427
2019-07-24 16:52:56,802 - [INFO] - Epoch:   11 | FVAL: 0.0059721
2019-07-24 16:52:57,014 - [INFO] - Epoch:   12 | FVAL: 0.0059100
2019-07-24 16:52:57,229 - [INFO] - Epoch:   13 | FVAL: 0.0058539
2019-07-24 16:52:57,442 - [INFO] - Epoch:   14 | FVAL: 0.0058026
2019-07-24 16:52:57,657 - [INFO] - Epoch:   15 | FVAL: 0.0057553
2019-07-24 16:52:57,868 - [INFO] - Epoch:   16 | FVAL: 0.0057116
2019-07-24 16:52:58,082 - [INFO] - Epoch:   17 | FVAL: 0.0056706
2019-07-24 16:52:58,296 - [INFO] - Epoch:   18 | FVAL: 0.0056319
2019-07-24 16:52:58,511 - [INFO] - Epoch:   19 | FVAL: 0.0055952
2019-07-24 16:52:58,721 - [INFO] - Epoch:   20 | FVAL: 0.0055603
2019-07-24 16:52:58,935 - [INFO] - Epoch:   21 | FVAL: 0.0055266
2019-07-24 16:52:59,147 - [INFO] - Epoch:   22 | FVAL: 0.0054943
2019-07-24 16:52:59,360 - [INFO] - Epoch:   23 | FVAL: 0.0054630
2019-07-24 16:52:59,570 - [INFO] - Epoch:   24 | FVAL: 0.0054328
2019-07-24 16:52:59,783 - [INFO] - Epoch:   25 | FVAL: 0.0054034
2019-07-24 16:52:59,994 - [INFO] - Epoch:   26 | FVAL: 0.0053747
2019-07-24 16:53:00,449 - [INFO] - Epoch:   27 | FVAL: 0.0053472
2019-07-24 16:53:00,658 - [INFO] - Epoch:   28 | FVAL: 0.0053204
2019-07-24 16:53:00,870 - [INFO] - Epoch:   29 | FVAL: 0.0052943
2019-07-24 16:53:01,080 - [INFO] - Epoch:   30 | FVAL: 0.0052689
2019-07-24 16:53:01,292 - [INFO] - Epoch:   31 | FVAL: 0.0052443
2019-07-24 16:53:01,501 - [INFO] - Epoch:   32 | FVAL: 0.0052202
2019-07-24 16:53:01,714 - [INFO] - Epoch:   33 | FVAL: 0.0051967
2019-07-24 16:53:01,925 - [INFO] - Epoch:   34 | FVAL: 0.0051737
2019-07-24 16:53:02,138 - [INFO] - Epoch:   35 | FVAL: 0.0051511
2019-07-24 16:53:02,349 - [INFO] - Epoch:   36 | FVAL: 0.0051289
2019-07-24 16:53:02,561 - [INFO] - Epoch:   37 | FVAL: 0.0051073
2019-07-24 16:53:02,771 - [INFO] - Epoch:   38 | FVAL: 0.0050861
2019-07-24 16:53:02,983 - [INFO] - Epoch:   39 | FVAL: 0.0050652
2019-07-24 16:53:03,194 - [INFO] - Epoch:   40 | FVAL: 0.0050448
2019-07-24 16:53:03,406 - [INFO] - Epoch:   41 | FVAL: 0.0050248
2019-07-24 16:53:03,616 - [INFO] - Epoch:   42 | FVAL: 0.0050052
2019-07-24 16:53:03,829 - [INFO] - Epoch:   43 | FVAL: 0.0049862
2019-07-24 16:53:04,039 - [INFO] - Epoch:   44 | FVAL: 0.0049676
2019-07-24 16:53:04,251 - [INFO] - Epoch:   45 | FVAL: 0.0049495
2019-07-24 16:53:04,461 - [INFO] - Epoch:   46 | FVAL: 0.0049319
2019-07-24 16:53:04,673 - [INFO] - Epoch:   47 | FVAL: 0.0049145
2019-07-24 16:53:04,884 - [INFO] - Epoch:   48 | FVAL: 0.0048972
2019-07-24 16:53:05,096 - [INFO] - Epoch:   49 | FVAL: 0.0048802
2019-07-24 16:53:05,306 - [INFO] - Epoch:   50 | FVAL: 0.0048635
2019-07-24 16:53:05,518 - [INFO] - Epoch:   51 | FVAL: 0.0048470
2019-07-24 16:53:05,728 - [INFO] - Epoch:   52 | FVAL: 0.0048309
2019-07-24 16:53:05,939 - [INFO] - Epoch:   53 | FVAL: 0.0048151
2019-07-24 16:53:06,149 - [INFO] - Epoch:   54 | FVAL: 0.0047995
2019-07-24 16:53:06,361 - [INFO] - Epoch:   55 | FVAL: 0.0047843
2019-07-24 16:53:06,571 - [INFO] - Epoch:   56 | FVAL: 0.0047692
2019-07-24 16:53:06,781 - [INFO] - Epoch:   57 | FVAL: 0.0047543
2019-07-24 16:53:06,992 - [INFO] - Epoch:   58 | FVAL: 0.0047397
2019-07-24 16:53:07,206 - [INFO] - Epoch:   59 | FVAL: 0.0047254
2019-07-24 16:53:07,417 - [INFO] - Epoch:   60 | FVAL: 0.0047113
2019-07-24 16:53:07,630 - [INFO] - Epoch:   61 | FVAL: 0.0046975
2019-07-24 16:53:07,840 - [INFO] - Epoch:   62 | FVAL: 0.0046839
2019-07-24 16:53:08,052 - [INFO] - Epoch:   63 | FVAL: 0.0046705
2019-07-24 16:53:08,261 - [INFO] - Epoch:   64 | FVAL: 0.0046573
2019-07-24 16:53:08,471 - [INFO] - Epoch:   65 | FVAL: 0.0046442
2019-07-24 16:53:08,680 - [INFO] - Epoch:   66 | FVAL: 0.0046313
2019-07-24 16:53:08,890 - [INFO] - Epoch:   67 | FVAL: 0.0046185
2019-07-24 16:53:09,099 - [INFO] - Epoch:   68 | FVAL: 0.0046060
2019-07-24 16:53:09,311 - [INFO] - Epoch:   69 | FVAL: 0.0045936
2019-07-24 16:53:09,521 - [INFO] - Epoch:   70 | FVAL: 0.0045814
2019-07-24 16:53:09,731 - [INFO] - Epoch:   71 | FVAL: 0.0045693
2019-07-24 16:53:09,940 - [INFO] - Epoch:   72 | FVAL: 0.0045574
2019-07-24 16:53:10,151 - [INFO] - Epoch:   73 | FVAL: 0.0045456
2019-07-24 16:53:10,360 - [INFO] - Epoch:   74 | FVAL: 0.0045340
2019-07-24 16:53:10,569 - [INFO] - Epoch:   75 | FVAL: 0.0045225
2019-07-24 16:53:10,777 - [INFO] - Epoch:   76 | FVAL: 0.0045111
2019-07-24 16:53:10,987 - [INFO] - Epoch:   77 | FVAL: 0.0044998
2019-07-24 16:53:11,196 - [INFO] - Epoch:   78 | FVAL: 0.0044886
2019-07-24 16:53:11,405 - [INFO] - Epoch:   79 | FVAL: 0.0044776
2019-07-24 16:53:11,613 - [INFO] - Epoch:   80 | FVAL: 0.0044666
2019-07-24 16:53:11,822 - [INFO] - Epoch:   81 | FVAL: 0.0044557
2019-07-24 16:53:12,030 - [INFO] - Epoch:   82 | FVAL: 0.0044450
2019-07-24 16:53:12,239 - [INFO] - Epoch:   83 | FVAL: 0.0044344
2019-07-24 16:53:12,446 - [INFO] - Epoch:   84 | FVAL: 0.0044239
2019-07-24 16:53:12,654 - [INFO] - Epoch:   85 | FVAL: 0.0044136
2019-07-24 16:53:12,862 - [INFO] - Epoch:   86 | FVAL: 0.0044033
2019-07-24 16:53:13,071 - [INFO] - Epoch:   87 | FVAL: 0.0043931
2019-07-24 16:53:13,279 - [INFO] - Epoch:   88 | FVAL: 0.0043831
2019-07-24 16:53:13,489 - [INFO] - Epoch:   89 | FVAL: 0.0043732
2019-07-24 16:53:13,697 - [INFO] - Epoch:   90 | FVAL: 0.0043635
2019-07-24 16:53:13,906 - [INFO] - Epoch:   91 | FVAL: 0.0043539
2019-07-24 16:53:14,113 - [INFO] - Epoch:   92 | FVAL: 0.0043445
2019-07-24 16:53:14,341 - [INFO] - Epoch:   93 | FVAL: 0.0043352
2019-07-24 16:53:14,547 - [INFO] - Epoch:   94 | FVAL: 0.0043259
2019-07-24 16:53:14,756 - [INFO] - Epoch:   95 | FVAL: 0.0043167
2019-07-24 16:53:14,964 - [INFO] - Epoch:   96 | FVAL: 0.0043075
2019-07-24 16:53:15,173 - [INFO] - Epoch:   97 | FVAL: 0.0042983
2019-07-24 16:53:15,380 - [INFO] - Epoch:   98 | FVAL: 0.0042893
2019-07-24 16:53:15,590 - [INFO] - Epoch:   99 | FVAL: 0.0042803
2019-07-24 16:53:15,798 - [INFO] - Epoch:  100 | FVAL: 0.0042713
2019-07-24 16:53:16,007 - [INFO] - Epoch:  101 | FVAL: 0.0042625
2019-07-24 16:53:16,215 - [INFO] - Epoch:  102 | FVAL: 0.0042537
2019-07-24 16:53:16,424 - [INFO] - Epoch:  103 | FVAL: 0.0042451
2019-07-24 16:53:16,632 - [INFO] - Epoch:  104 | FVAL: 0.0042365
2019-07-24 16:53:16,841 - [INFO] - Epoch:  105 | FVAL: 0.0042280
2019-07-24 16:53:17,049 - [INFO] - Epoch:  106 | FVAL: 0.0042196
2019-07-24 16:53:17,257 - [INFO] - Epoch:  107 | FVAL: 0.0042112
2019-07-24 16:53:17,466 - [INFO] - Epoch:  108 | FVAL: 0.0042029
2019-07-24 16:53:17,676 - [INFO] - Epoch:  109 | FVAL: 0.0041947
2019-07-24 16:53:17,885 - [INFO] - Epoch:  110 | FVAL: 0.0041864
2019-07-24 16:53:18,096 - [INFO] - Epoch:  111 | FVAL: 0.0041783
2019-07-24 16:53:18,305 - [INFO] - Epoch:  112 | FVAL: 0.0041702
2019-07-24 16:53:18,515 - [INFO] - Epoch:  113 | FVAL: 0.0041621
2019-07-24 16:53:18,724 - [INFO] - Epoch:  114 | FVAL: 0.0041540
2019-07-24 16:53:18,935 - [INFO] - Epoch:  115 | FVAL: 0.0041460
2019-07-24 16:53:19,144 - [INFO] - Epoch:  116 | FVAL: 0.0041380
2019-07-24 16:53:19,368 - [INFO] - Epoch:  117 | FVAL: 0.0041300
2019-07-24 16:53:19,577 - [INFO] - Epoch:  118 | FVAL: 0.0041221
2019-07-24 16:53:19,787 - [INFO] - Epoch:  119 | FVAL: 0.0041142
2019-07-24 16:53:19,995 - [INFO] - Epoch:  120 | FVAL: 0.0041064
2019-07-24 16:53:20,206 - [INFO] - Epoch:  121 | FVAL: 0.0040986
2019-07-24 16:53:20,415 - [INFO] - Epoch:  122 | FVAL: 0.0040908
2019-07-24 16:53:20,626 - [INFO] - Epoch:  123 | FVAL: 0.0040832
2019-07-24 16:53:20,833 - [INFO] - Epoch:  124 | FVAL: 0.0040756
2019-07-24 16:53:21,043 - [INFO] - Epoch:  125 | FVAL: 0.0040680
2019-07-24 16:53:21,252 - [INFO] - Epoch:  126 | FVAL: 0.0040606
2019-07-24 16:53:21,462 - [INFO] - Epoch:  127 | FVAL: 0.0040531
2019-07-24 16:53:21,670 - [INFO] - Epoch:  128 | FVAL: 0.0040457
2019-07-24 16:53:21,880 - [INFO] - Epoch:  129 | FVAL: 0.0040383
2019-07-24 16:53:22,088 - [INFO] - Epoch:  130 | FVAL: 0.0040310
2019-07-24 16:53:22,297 - [INFO] - Epoch:  131 | FVAL: 0.0040238
2019-07-24 16:53:22,506 - [INFO] - Epoch:  132 | FVAL: 0.0040165
2019-07-24 16:53:22,715 - [INFO] - Epoch:  133 | FVAL: 0.0040093
2019-07-24 16:53:22,923 - [INFO] - Epoch:  134 | FVAL: 0.0040022
2019-07-24 16:53:23,133 - [INFO] - Epoch:  135 | FVAL: 0.0039950
2019-07-24 16:53:23,340 - [INFO] - Epoch:  136 | FVAL: 0.0039880
2019-07-24 16:53:23,550 - [INFO] - Epoch:  137 | FVAL: 0.0039809
2019-07-24 16:53:23,759 - [INFO] - Epoch:  138 | FVAL: 0.0039739
2019-07-24 16:53:23,970 - [INFO] - Epoch:  139 | FVAL: 0.0039669
2019-07-24 16:53:24,178 - [INFO] - Epoch:  140 | FVAL: 0.0039600
2019-07-24 16:53:24,389 - [INFO] - Epoch:  141 | FVAL: 0.0039531
2019-07-24 16:53:24,597 - [INFO] - Epoch:  142 | FVAL: 0.0039462
2019-07-24 16:53:24,831 - [INFO] - Epoch:  143 | FVAL: 0.0039394
2019-07-24 16:53:25,040 - [INFO] - Epoch:  144 | FVAL: 0.0039326
2019-07-24 16:53:25,249 - [INFO] - Epoch:  145 | FVAL: 0.0039259
2019-07-24 16:53:25,457 - [INFO] - Epoch:  146 | FVAL: 0.0039192
2019-07-24 16:53:25,668 - [INFO] - Epoch:  147 | FVAL: 0.0039126
2019-07-24 16:53:25,876 - [INFO] - Epoch:  148 | FVAL: 0.0039061
2019-07-24 16:53:26,085 - [INFO] - Epoch:  149 | FVAL: 0.0038995
2019-07-24 16:53:26,293 - [INFO] - Epoch:  150 | FVAL: 0.0038930
2019-07-24 16:53:26,502 - [INFO] - Epoch:  151 | FVAL: 0.0038865
2019-07-24 16:53:26,709 - [INFO] - Epoch:  152 | FVAL: 0.0038801
2019-07-24 16:53:26,918 - [INFO] - Epoch:  153 | FVAL: 0.0038737
2019-07-24 16:53:27,126 - [INFO] - Epoch:  154 | FVAL: 0.0038673
2019-07-24 16:53:27,335 - [INFO] - Epoch:  155 | FVAL: 0.0038609
2019-07-24 16:53:27,541 - [INFO] - Epoch:  156 | FVAL: 0.0038546
2019-07-24 16:53:27,749 - [INFO] - Epoch:  157 | FVAL: 0.0038484
2019-07-24 16:53:27,955 - [INFO] - Epoch:  158 | FVAL: 0.0038422
2019-07-24 16:53:28,164 - [INFO] - Epoch:  159 | FVAL: 0.0038360
2019-07-24 16:53:28,370 - [INFO] - Epoch:  160 | FVAL: 0.0038299
2019-07-24 16:53:28,578 - [INFO] - Epoch:  161 | FVAL: 0.0038238
2019-07-24 16:53:28,785 - [INFO] - Epoch:  162 | FVAL: 0.0038178
2019-07-24 16:53:28,993 - [INFO] - Epoch:  163 | FVAL: 0.0038118
2019-07-24 16:53:29,200 - [INFO] - Epoch:  164 | FVAL: 0.0038059
2019-07-24 16:53:29,421 - [INFO] - Epoch:  165 | FVAL: 0.0038001
2019-07-24 16:53:29,628 - [INFO] - Epoch:  166 | FVAL: 0.0037943
2019-07-24 16:53:29,836 - [INFO] - Epoch:  167 | FVAL: 0.0037886
2019-07-24 16:53:30,042 - [INFO] - Epoch:  168 | FVAL: 0.0037830
2019-07-24 16:53:30,251 - [INFO] - Epoch:  169 | FVAL: 0.0037774
2019-07-24 16:53:30,457 - [INFO] - Epoch:  170 | FVAL: 0.0037718
2019-07-24 16:53:30,666 - [INFO] - Epoch:  171 | FVAL: 0.0037663
2019-07-24 16:53:30,872 - [INFO] - Epoch:  172 | FVAL: 0.0037608
2019-07-24 16:53:31,083 - [INFO] - Epoch:  173 | FVAL: 0.0037554
2019-07-24 16:53:31,288 - [INFO] - Epoch:  174 | FVAL: 0.0037500
2019-07-24 16:53:31,496 - [INFO] - Epoch:  175 | FVAL: 0.0037445
2019-07-24 16:53:31,702 - [INFO] - Epoch:  176 | FVAL: 0.0037392
2019-07-24 16:53:31,910 - [INFO] - Epoch:  177 | FVAL: 0.0037338
2019-07-24 16:53:32,117 - [INFO] - Epoch:  178 | FVAL: 0.0037286
2019-07-24 16:53:32,325 - [INFO] - Epoch:  179 | FVAL: 0.0037235
2019-07-24 16:53:32,531 - [INFO] - Epoch:  180 | FVAL: 0.0037184
2019-07-24 16:53:32,739 - [INFO] - Epoch:  181 | FVAL: 0.0037133
2019-07-24 16:53:32,945 - [INFO] - Epoch:  182 | FVAL: 0.0037082
2019-07-24 16:53:33,153 - [INFO] - Epoch:  183 | FVAL: 0.0037032
2019-07-24 16:53:33,359 - [INFO] - Epoch:  184 | FVAL: 0.0036982
2019-07-24 16:53:33,566 - [INFO] - Epoch:  185 | FVAL: 0.0036932
2019-07-24 16:53:33,772 - [INFO] - Epoch:  186 | FVAL: 0.0036882
2019-07-24 16:53:33,980 - [INFO] - Epoch:  187 | FVAL: 0.0036833
2019-07-24 16:53:34,186 - [INFO] - Epoch:  188 | FVAL: 0.0036785
2019-07-24 16:53:34,393 - [INFO] - Epoch:  189 | FVAL: 0.0036736
2019-07-24 16:53:34,622 - [INFO] - Epoch:  190 | FVAL: 0.0036688
2019-07-24 16:53:34,830 - [INFO] - Epoch:  191 | FVAL: 0.0036641
2019-07-24 16:53:35,036 - [INFO] - Epoch:  192 | FVAL: 0.0036594
2019-07-24 16:53:35,243 - [INFO] - Epoch:  193 | FVAL: 0.0036547
2019-07-24 16:53:35,447 - [INFO] - Epoch:  194 | FVAL: 0.0036501
2019-07-24 16:53:35,654 - [INFO] - Epoch:  195 | FVAL: 0.0036454
2019-07-24 16:53:35,860 - [INFO] - Epoch:  196 | FVAL: 0.0036409
2019-07-24 16:53:36,067 - [INFO] - Epoch:  197 | FVAL: 0.0036363
2019-07-24 16:53:36,273 - [INFO] - Epoch:  198 | FVAL: 0.0036318
2019-07-24 16:53:36,481 - [INFO] - Epoch:  199 | FVAL: 0.0036273
2019-07-24 16:53:36,686 - [INFO] - Epoch:  200 | FVAL: 0.0036228
2019-07-24 16:53:36,894 - [INFO] - Epoch:  201 | FVAL: 0.0036183
2019-07-24 16:53:37,101 - [INFO] - Epoch:  202 | FVAL: 0.0036138
2019-07-24 16:53:37,308 - [INFO] - Epoch:  203 | FVAL: 0.0036094
2019-07-24 16:53:37,515 - [INFO] - Epoch:  204 | FVAL: 0.0036050
2019-07-24 16:53:37,722 - [INFO] - Epoch:  205 | FVAL: 0.0036006
2019-07-24 16:53:37,928 - [INFO] - Epoch:  206 | FVAL: 0.0035962
2019-07-24 16:53:38,135 - [INFO] - Epoch:  207 | FVAL: 0.0035919
2019-07-24 16:53:38,341 - [INFO] - Epoch:  208 | FVAL: 0.0035876
2019-07-24 16:53:38,550 - [INFO] - Epoch:  209 | FVAL: 0.0035833
2019-07-24 16:53:38,756 - [INFO] - Epoch:  210 | FVAL: 0.0035790
2019-07-24 16:53:38,964 - [INFO] - Epoch:  211 | FVAL: 0.0035748
2019-07-24 16:53:39,170 - [INFO] - Epoch:  212 | FVAL: 0.0035705
2019-07-24 16:53:39,378 - [INFO] - Epoch:  213 | FVAL: 0.0035663
2019-07-24 16:53:39,584 - [INFO] - Epoch:  214 | FVAL: 0.0035623
2019-07-24 16:53:39,793 - [INFO] - Epoch:  215 | FVAL: 0.0035582
2019-07-24 16:53:39,999 - [INFO] - Epoch:  216 | FVAL: 0.0035541
2019-07-24 16:53:40,207 - [INFO] - Epoch:  217 | FVAL: 0.0035500
2019-07-24 16:53:40,412 - [INFO] - Epoch:  218 | FVAL: 0.0035461
2019-07-24 16:53:40,619 - [INFO] - Epoch:  219 | FVAL: 0.0035421
2019-07-24 16:53:40,824 - [INFO] - Epoch:  220 | FVAL: 0.0035382
2019-07-24 16:53:41,032 - [INFO] - Epoch:  221 | FVAL: 0.0035343
2019-07-24 16:53:41,239 - [INFO] - Epoch:  222 | FVAL: 0.0035305
2019-07-24 16:53:41,446 - [INFO] - Epoch:  223 | FVAL: 0.0035266
2019-07-24 16:53:41,652 - [INFO] - Epoch:  224 | FVAL: 0.0035228
2019-07-24 16:53:41,858 - [INFO] - Epoch:  225 | FVAL: 0.0035190
2019-07-24 16:53:42,064 - [INFO] - Epoch:  226 | FVAL: 0.0035153
2019-07-24 16:53:42,272 - [INFO] - Epoch:  227 | FVAL: 0.0035115
2019-07-24 16:53:42,478 - [INFO] - Epoch:  228 | FVAL: 0.0035078
2019-07-24 16:53:42,684 - [INFO] - Epoch:  229 | FVAL: 0.0035041
2019-07-24 16:53:42,888 - [INFO] - Epoch:  230 | FVAL: 0.0035004
2019-07-24 16:53:43,096 - [INFO] - Epoch:  231 | FVAL: 0.0034967
2019-07-24 16:53:43,299 - [INFO] - Epoch:  232 | FVAL: 0.0034931
2019-07-24 16:53:43,506 - [INFO] - Epoch:  233 | FVAL: 0.0034895
2019-07-24 16:53:43,712 - [INFO] - Epoch:  234 | FVAL: 0.0034860
2019-07-24 16:53:43,919 - [INFO] - Epoch:  235 | FVAL: 0.0034825
2019-07-24 16:53:44,126 - [INFO] - Epoch:  236 | FVAL: 0.0034790
2019-07-24 16:53:44,333 - [INFO] - Epoch:  237 | FVAL: 0.0034756
2019-07-24 16:53:44,540 - [INFO] - Epoch:  238 | FVAL: 0.0034721
2019-07-24 16:53:44,746 - [INFO] - Epoch:  239 | FVAL: 0.0034686
2019-07-24 16:53:44,969 - [INFO] - Epoch:  240 | FVAL: 0.0034652
2019-07-24 16:53:45,177 - [INFO] - Epoch:  241 | FVAL: 0.0034619
2019-07-24 16:53:45,384 - [INFO] - Epoch:  242 | FVAL: 0.0034586
2019-07-24 16:53:45,590 - [INFO] - Epoch:  243 | FVAL: 0.0034553
2019-07-24 16:53:45,796 - [INFO] - Epoch:  244 | FVAL: 0.0034520
2019-07-24 16:53:46,004 - [INFO] - Epoch:  245 | FVAL: 0.0034487
2019-07-24 16:53:46,210 - [INFO] - Epoch:  246 | FVAL: 0.0034454
2019-07-24 16:53:46,418 - [INFO] - Epoch:  247 | FVAL: 0.0034422
2019-07-24 16:53:46,623 - [INFO] - Epoch:  248 | FVAL: 0.0034390
2019-07-24 16:53:46,831 - [INFO] - Epoch:  249 | FVAL: 0.0034357
2019-07-24 16:53:47,037 - [INFO] - Epoch:  250 | FVAL: 0.0034326
2019-07-24 16:53:47,245 - [INFO] - Epoch:  251 | FVAL: 0.0034295
2019-07-24 16:53:47,451 - [INFO] - Epoch:  252 | FVAL: 0.0034264
2019-07-24 16:53:47,658 - [INFO] - Epoch:  253 | FVAL: 0.0034233
2019-07-24 16:53:47,863 - [INFO] - Epoch:  254 | FVAL: 0.0034203
2019-07-24 16:53:48,071 - [INFO] - Epoch:  255 | FVAL: 0.0034172
2019-07-24 16:53:48,276 - [INFO] - Epoch:  256 | FVAL: 0.0034142
2019-07-24 16:53:48,483 - [INFO] - Epoch:  257 | FVAL: 0.0034111
2019-07-24 16:53:48,688 - [INFO] - Epoch:  258 | FVAL: 0.0034082
2019-07-24 16:53:48,895 - [INFO] - Epoch:  259 | FVAL: 0.0034052
2019-07-24 16:53:49,101 - [INFO] - Epoch:  260 | FVAL: 0.0034022
2019-07-24 16:53:49,307 - [INFO] - Epoch:  261 | FVAL: 0.0033993
2019-07-24 16:53:49,513 - [INFO] - Epoch:  262 | FVAL: 0.0033963
2019-07-24 16:53:49,720 - [INFO] - Epoch:  263 | FVAL: 0.0033934
2019-07-24 16:53:49,927 - [INFO] - Epoch:  264 | FVAL: 0.0033905
2019-07-24 16:53:50,153 - [INFO] - Epoch:  265 | FVAL: 0.0033875
2019-07-24 16:53:50,359 - [INFO] - Epoch:  266 | FVAL: 0.0033846
2019-07-24 16:53:50,565 - [INFO] - Epoch:  267 | FVAL: 0.0033817
2019-07-24 16:53:50,770 - [INFO] - Epoch:  268 | FVAL: 0.0033788
2019-07-24 16:53:50,977 - [INFO] - Epoch:  269 | FVAL: 0.0033759
2019-07-24 16:53:51,181 - [INFO] - Epoch:  270 | FVAL: 0.0033731
2019-07-24 16:53:51,388 - [INFO] - Epoch:  271 | FVAL: 0.0033702
2019-07-24 16:53:51,593 - [INFO] - Epoch:  272 | FVAL: 0.0033673
2019-07-24 16:53:51,800 - [INFO] - Epoch:  273 | FVAL: 0.0033645
2019-07-24 16:53:52,005 - [INFO] - Epoch:  274 | FVAL: 0.0033616
2019-07-24 16:53:52,212 - [INFO] - Epoch:  275 | FVAL: 0.0033588
2019-07-24 16:53:52,417 - [INFO] - Epoch:  276 | FVAL: 0.0033560
2019-07-24 16:53:52,625 - [INFO] - Epoch:  277 | FVAL: 0.0033532
2019-07-24 16:53:52,830 - [INFO] - Epoch:  278 | FVAL: 0.0033505
2019-07-24 16:53:53,037 - [INFO] - Epoch:  279 | FVAL: 0.0033478
2019-07-24 16:53:53,242 - [INFO] - Epoch:  280 | FVAL: 0.0033451
2019-07-24 16:53:53,449 - [INFO] - Epoch:  281 | FVAL: 0.0033425
2019-07-24 16:53:53,653 - [INFO] - Epoch:  282 | FVAL: 0.0033399
2019-07-24 16:53:53,860 - [INFO] - Epoch:  283 | FVAL: 0.0033373
2019-07-24 16:53:54,065 - [INFO] - Epoch:  284 | FVAL: 0.0033347
2019-07-24 16:53:54,270 - [INFO] - Epoch:  285 | FVAL: 0.0033321
2019-07-24 16:53:54,477 - [INFO] - Epoch:  286 | FVAL: 0.0033296
2019-07-24 16:53:54,685 - [INFO] - Epoch:  287 | FVAL: 0.0033270
2019-07-24 16:53:54,890 - [INFO] - Epoch:  288 | FVAL: 0.0033245
2019-07-24 16:53:55,097 - [INFO] - Epoch:  289 | FVAL: 0.0033219
2019-07-24 16:53:55,303 - [INFO] - Epoch:  290 | FVAL: 0.0033194
2019-07-24 16:53:55,511 - [INFO] - Epoch:  291 | FVAL: 0.0033169
2019-07-24 16:53:55,717 - [INFO] - Epoch:  292 | FVAL: 0.0033145
2019-07-24 16:53:55,924 - [INFO] - Epoch:  293 | FVAL: 0.0033120
2019-07-24 16:53:56,130 - [INFO] - Epoch:  294 | FVAL: 0.0033095
2019-07-24 16:53:56,338 - [INFO] - Epoch:  295 | FVAL: 0.0033071
2019-07-24 16:53:56,544 - [INFO] - Epoch:  296 | FVAL: 0.0033046
2019-07-24 16:53:56,751 - [INFO] - Epoch:  297 | FVAL: 0.0033022
2019-07-24 16:53:56,956 - [INFO] - Epoch:  298 | FVAL: 0.0032998
2019-07-24 16:53:57,163 - [INFO] - Epoch:  299 | FVAL: 0.0032974
2019-07-24 16:53:57,370 - [INFO] - Epoch:  300 | FVAL: 0.0032951
2019-07-24 16:53:57,578 - [INFO] - Epoch:  301 | FVAL: 0.0032927
2019-07-24 16:53:57,783 - [INFO] - Epoch:  302 | FVAL: 0.0032904
2019-07-24 16:53:57,990 - [INFO] - Epoch:  303 | FVAL: 0.0032880
2019-07-24 16:53:58,196 - [INFO] - Epoch:  304 | FVAL: 0.0032857
2019-07-24 16:53:58,404 - [INFO] - Epoch:  305 | FVAL: 0.0032834
2019-07-24 16:53:58,610 - [INFO] - Epoch:  306 | FVAL: 0.0032811
2019-07-24 16:53:58,816 - [INFO] - Epoch:  307 | FVAL: 0.0032788
2019-07-24 16:53:59,021 - [INFO] - Epoch:  308 | FVAL: 0.0032765
2019-07-24 16:53:59,228 - [INFO] - Epoch:  309 | FVAL: 0.0032742
2019-07-24 16:53:59,434 - [INFO] - Epoch:  310 | FVAL: 0.0032719
2019-07-24 16:53:59,640 - [INFO] - Epoch:  311 | FVAL: 0.0032696
2019-07-24 16:53:59,846 - [INFO] - Epoch:  312 | FVAL: 0.0032673
2019-07-24 16:54:00,055 - [INFO] - Epoch:  313 | FVAL: 0.0032650
2019-07-24 16:54:00,432 - [INFO] - Epoch:  314 | FVAL: 0.0032627
2019-07-24 16:54:00,644 - [INFO] - Epoch:  315 | FVAL: 0.0032604
2019-07-24 16:54:00,850 - [INFO] - Epoch:  316 | FVAL: 0.0032582
2019-07-24 16:54:01,057 - [INFO] - Epoch:  317 | FVAL: 0.0032559
2019-07-24 16:54:01,261 - [INFO] - Epoch:  318 | FVAL: 0.0032537
2019-07-24 16:54:01,468 - [INFO] - Epoch:  319 | FVAL: 0.0032514
2019-07-24 16:54:01,674 - [INFO] - Epoch:  320 | FVAL: 0.0032492
2019-07-24 16:54:01,881 - [INFO] - Epoch:  321 | FVAL: 0.0032469
2019-07-24 16:54:02,087 - [INFO] - Epoch:  322 | FVAL: 0.0032447
2019-07-24 16:54:02,294 - [INFO] - Epoch:  323 | FVAL: 0.0032425
2019-07-24 16:54:02,500 - [INFO] - Epoch:  324 | FVAL: 0.0032403
2019-07-24 16:54:02,707 - [INFO] - Epoch:  325 | FVAL: 0.0032380
2019-07-24 16:54:02,911 - [INFO] - Epoch:  326 | FVAL: 0.0032358
2019-07-24 16:54:03,117 - [INFO] - Epoch:  327 | FVAL: 0.0032336
2019-07-24 16:54:03,322 - [INFO] - Epoch:  328 | FVAL: 0.0032314
2019-07-24 16:54:03,529 - [INFO] - Epoch:  329 | FVAL: 0.0032292
2019-07-24 16:54:03,735 - [INFO] - Epoch:  330 | FVAL: 0.0032270
2019-07-24 16:54:03,941 - [INFO] - Epoch:  331 | FVAL: 0.0032248
2019-07-24 16:54:04,146 - [INFO] - Epoch:  332 | FVAL: 0.0032226
2019-07-24 16:54:04,353 - [INFO] - Epoch:  333 | FVAL: 0.0032205
2019-07-24 16:54:04,559 - [INFO] - Epoch:  334 | FVAL: 0.0032183
2019-07-24 16:54:04,765 - [INFO] - Epoch:  335 | FVAL: 0.0032161
2019-07-24 16:54:04,969 - [INFO] - Epoch:  336 | FVAL: 0.0032140
2019-07-24 16:54:05,182 - [INFO] - Epoch:  337 | FVAL: 0.0032119
2019-07-24 16:54:05,386 - [INFO] - Epoch:  338 | FVAL: 0.0032097
2019-07-24 16:54:05,593 - [INFO] - Epoch:  339 | FVAL: 0.0032076
2019-07-24 16:54:05,798 - [INFO] - Epoch:  340 | FVAL: 0.0032055
2019-07-24 16:54:06,004 - [INFO] - Epoch:  341 | FVAL: 0.0032034
2019-07-24 16:54:06,209 - [INFO] - Epoch:  342 | FVAL: 0.0032013
2019-07-24 16:54:06,415 - [INFO] - Epoch:  343 | FVAL: 0.0031992
2019-07-24 16:54:06,619 - [INFO] - Epoch:  344 | FVAL: 0.0031971
2019-07-24 16:54:06,825 - [INFO] - Epoch:  345 | FVAL: 0.0031950
2019-07-24 16:54:07,030 - [INFO] - Epoch:  346 | FVAL: 0.0031929
2019-07-24 16:54:07,237 - [INFO] - Epoch:  347 | FVAL: 0.0031909
2019-07-24 16:54:07,442 - [INFO] - Epoch:  348 | FVAL: 0.0031888
2019-07-24 16:54:07,648 - [INFO] - Epoch:  349 | FVAL: 0.0031867
2019-07-24 16:54:07,853 - [INFO] - Epoch:  350 | FVAL: 0.0031847
2019-07-24 16:54:08,060 - [INFO] - Epoch:  351 | FVAL: 0.0031826
2019-07-24 16:54:08,265 - [INFO] - Epoch:  352 | FVAL: 0.0031805
2019-07-24 16:54:08,472 - [INFO] - Epoch:  353 | FVAL: 0.0031785
2019-07-24 16:54:08,677 - [INFO] - Epoch:  354 | FVAL: 0.0031765
2019-07-24 16:54:08,882 - [INFO] - Epoch:  355 | FVAL: 0.0031744
2019-07-24 16:54:09,088 - [INFO] - Epoch:  356 | FVAL: 0.0031724
2019-07-24 16:54:09,294 - [INFO] - Epoch:  357 | FVAL: 0.0031704
2019-07-24 16:54:09,500 - [INFO] - Epoch:  358 | FVAL: 0.0031685
2019-07-24 16:54:09,707 - [INFO] - Epoch:  359 | FVAL: 0.0031665
2019-07-24 16:54:09,912 - [INFO] - Epoch:  360 | FVAL: 0.0031645
2019-07-24 16:54:10,118 - [INFO] - Epoch:  361 | FVAL: 0.0031626
2019-07-24 16:54:10,323 - [INFO] - Epoch:  362 | FVAL: 0.0031606
2019-07-24 16:54:10,530 - [INFO] - Epoch:  363 | FVAL: 0.0031586
2019-07-24 16:54:10,735 - [INFO] - Epoch:  364 | FVAL: 0.0031567
2019-07-24 16:54:10,942 - [INFO] - Epoch:  365 | FVAL: 0.0031547
2019-07-24 16:54:11,148 - [INFO] - Epoch:  366 | FVAL: 0.0031528
2019-07-24 16:54:11,354 - [INFO] - Epoch:  367 | FVAL: 0.0031509
2019-07-24 16:54:11,558 - [INFO] - Epoch:  368 | FVAL: 0.0031490
2019-07-24 16:54:11,765 - [INFO] - Epoch:  369 | FVAL: 0.0031471
2019-07-24 16:54:11,970 - [INFO] - Epoch:  370 | FVAL: 0.0031452
2019-07-24 16:54:12,177 - [INFO] - Epoch:  371 | FVAL: 0.0031433
2019-07-24 16:54:12,383 - [INFO] - Epoch:  372 | FVAL: 0.0031415
2019-07-24 16:54:12,589 - [INFO] - Epoch:  373 | FVAL: 0.0031396
2019-07-24 16:54:12,794 - [INFO] - Epoch:  374 | FVAL: 0.0031377
2019-07-24 16:54:13,000 - [INFO] - Epoch:  375 | FVAL: 0.0031359
2019-07-24 16:54:13,205 - [INFO] - Epoch:  376 | FVAL: 0.0031340
2019-07-24 16:54:13,411 - [INFO] - Epoch:  377 | FVAL: 0.0031321
2019-07-24 16:54:13,616 - [INFO] - Epoch:  378 | FVAL: 0.0031303
2019-07-24 16:54:13,822 - [INFO] - Epoch:  379 | FVAL: 0.0031285
2019-07-24 16:54:14,026 - [INFO] - Epoch:  380 | FVAL: 0.0031266
2019-07-24 16:54:14,233 - [INFO] - Epoch:  381 | FVAL: 0.0031248
2019-07-24 16:54:14,437 - [INFO] - Epoch:  382 | FVAL: 0.0031230
2019-07-24 16:54:14,643 - [INFO] - Epoch:  383 | FVAL: 0.0031212
2019-07-24 16:54:14,848 - [INFO] - Epoch:  384 | FVAL: 0.0031194
2019-07-24 16:54:15,055 - [INFO] - Epoch:  385 | FVAL: 0.0031176
2019-07-24 16:54:15,260 - [INFO] - Epoch:  386 | FVAL: 0.0031158
2019-07-24 16:54:15,468 - [INFO] - Epoch:  387 | FVAL: 0.0031140
2019-07-24 16:54:15,673 - [INFO] - Epoch:  388 | FVAL: 0.0031122
2019-07-24 16:54:15,881 - [INFO] - Epoch:  389 | FVAL: 0.0031104
2019-07-24 16:54:16,087 - [INFO] - Epoch:  390 | FVAL: 0.0031086
2019-07-24 16:54:16,293 - [INFO] - Epoch:  391 | FVAL: 0.0031068
2019-07-24 16:54:16,497 - [INFO] - Epoch:  392 | FVAL: 0.0031050
2019-07-24 16:54:16,704 - [INFO] - Epoch:  393 | FVAL: 0.0031033
2019-07-24 16:54:16,908 - [INFO] - Epoch:  394 | FVAL: 0.0031015
2019-07-24 16:54:17,116 - [INFO] - Epoch:  395 | FVAL: 0.0030997
2019-07-24 16:54:17,321 - [INFO] - Epoch:  396 | FVAL: 0.0030979
2019-07-24 16:54:17,528 - [INFO] - Epoch:  397 | FVAL: 0.0030962
2019-07-24 16:54:17,733 - [INFO] - Epoch:  398 | FVAL: 0.0030944
2019-07-24 16:54:17,939 - [INFO] - Epoch:  399 | FVAL: 0.0030927
2019-07-24 16:54:18,144 - [INFO] - Epoch:  400 | FVAL: 0.0030910
2019-07-24 16:54:18,351 - [INFO] - Epoch:  401 | FVAL: 0.0030893
2019-07-24 16:54:18,555 - [INFO] - Epoch:  402 | FVAL: 0.0030876
2019-07-24 16:54:18,761 - [INFO] - Epoch:  403 | FVAL: 0.0030859
2019-07-24 16:54:18,966 - [INFO] - Epoch:  404 | FVAL: 0.0030842
2019-07-24 16:54:19,185 - [INFO] - Epoch:  405 | FVAL: 0.0030825
2019-07-24 16:54:19,391 - [INFO] - Epoch:  406 | FVAL: 0.0030809
2019-07-24 16:54:19,597 - [INFO] - Epoch:  407 | FVAL: 0.0030792
2019-07-24 16:54:19,802 - [INFO] - Epoch:  408 | FVAL: 0.0030775
2019-07-24 16:54:20,009 - [INFO] - Epoch:  409 | FVAL: 0.0030759
2019-07-24 16:54:20,214 - [INFO] - Epoch:  410 | FVAL: 0.0030742
2019-07-24 16:54:20,421 - [INFO] - Epoch:  411 | FVAL: 0.0030726
2019-07-24 16:54:20,626 - [INFO] - Epoch:  412 | FVAL: 0.0030709
2019-07-24 16:54:20,833 - [INFO] - Epoch:  413 | FVAL: 0.0030693
2019-07-24 16:54:21,038 - [INFO] - Epoch:  414 | FVAL: 0.0030676
2019-07-24 16:54:21,263 - [INFO] - Epoch:  415 | FVAL: 0.0030660
2019-07-24 16:54:21,468 - [INFO] - Epoch:  416 | FVAL: 0.0030643
2019-07-24 16:54:21,675 - [INFO] - Epoch:  417 | FVAL: 0.0030627
2019-07-24 16:54:21,881 - [INFO] - Epoch:  418 | FVAL: 0.0030611
2019-07-24 16:54:22,087 - [INFO] - Epoch:  419 | FVAL: 0.0030595
2019-07-24 16:54:22,292 - [INFO] - Epoch:  420 | FVAL: 0.0030578
2019-07-24 16:54:22,498 - [INFO] - Epoch:  421 | FVAL: 0.0030562
2019-07-24 16:54:22,704 - [INFO] - Epoch:  422 | FVAL: 0.0030546
2019-07-24 16:54:22,912 - [INFO] - Epoch:  423 | FVAL: 0.0030530
2019-07-24 16:54:23,117 - [INFO] - Epoch:  424 | FVAL: 0.0030514
2019-07-24 16:54:23,323 - [INFO] - Epoch:  425 | FVAL: 0.0030498
2019-07-24 16:54:23,528 - [INFO] - Epoch:  426 | FVAL: 0.0030482
2019-07-24 16:54:23,735 - [INFO] - Epoch:  427 | FVAL: 0.0030466
2019-07-24 16:54:23,940 - [INFO] - Epoch:  428 | FVAL: 0.0030450
2019-07-24 16:54:24,146 - [INFO] - Epoch:  429 | FVAL: 0.0030435
2019-07-24 16:54:24,351 - [INFO] - Epoch:  430 | FVAL: 0.0030419
2019-07-24 16:54:24,557 - [INFO] - Epoch:  431 | FVAL: 0.0030403
2019-07-24 16:54:24,763 - [INFO] - Epoch:  432 | FVAL: 0.0030387
2019-07-24 16:54:24,969 - [INFO] - Epoch:  433 | FVAL: 0.0030372
2019-07-24 16:54:25,173 - [INFO] - Epoch:  434 | FVAL: 0.0030356
2019-07-24 16:54:25,380 - [INFO] - Epoch:  435 | FVAL: 0.0030340
2019-07-24 16:54:25,585 - [INFO] - Epoch:  436 | FVAL: 0.0030325
2019-07-24 16:54:25,791 - [INFO] - Epoch:  437 | FVAL: 0.0030309
2019-07-24 16:54:25,997 - [INFO] - Epoch:  438 | FVAL: 0.0030293
2019-07-24 16:54:26,204 - [INFO] - Epoch:  439 | FVAL: 0.0030278
2019-07-24 16:54:26,410 - [INFO] - Epoch:  440 | FVAL: 0.0030263
2019-07-24 16:54:26,618 - [INFO] - Epoch:  441 | FVAL: 0.0030248
2019-07-24 16:54:26,823 - [INFO] - Epoch:  442 | FVAL: 0.0030234
2019-07-24 16:54:27,031 - [INFO] - Epoch:  443 | FVAL: 0.0030219
2019-07-24 16:54:27,236 - [INFO] - Epoch:  444 | FVAL: 0.0030204
2019-07-24 16:54:27,442 - [INFO] - Epoch:  445 | FVAL: 0.0030190
2019-07-24 16:54:27,647 - [INFO] - Epoch:  446 | FVAL: 0.0030175
2019-07-24 16:54:27,856 - [INFO] - Epoch:  447 | FVAL: 0.0030161
2019-07-24 16:54:28,062 - [INFO] - Epoch:  448 | FVAL: 0.0030146
2019-07-24 16:54:28,271 - [INFO] - Epoch:  449 | FVAL: 0.0030132
2019-07-24 16:54:28,477 - [INFO] - Epoch:  450 | FVAL: 0.0030118
2019-07-24 16:54:28,684 - [INFO] - Epoch:  451 | FVAL: 0.0030103
2019-07-24 16:54:28,889 - [INFO] - Epoch:  452 | FVAL: 0.0030089
2019-07-24 16:54:29,096 - [INFO] - Epoch:  453 | FVAL: 0.0030075
2019-07-24 16:54:29,301 - [INFO] - Epoch:  454 | FVAL: 0.0030060
2019-07-24 16:54:29,508 - [INFO] - Epoch:  455 | FVAL: 0.0030046
2019-07-24 16:54:29,712 - [INFO] - Epoch:  456 | FVAL: 0.0030032
2019-07-24 16:54:29,919 - [INFO] - Epoch:  457 | FVAL: 0.0030018
2019-07-24 16:54:30,124 - [INFO] - Epoch:  458 | FVAL: 0.0030003
2019-07-24 16:54:30,330 - [INFO] - Epoch:  459 | FVAL: 0.0029989
2019-07-24 16:54:30,536 - [INFO] - Epoch:  460 | FVAL: 0.0029975
2019-07-24 16:54:30,744 - [INFO] - Epoch:  461 | FVAL: 0.0029962
2019-07-24 16:54:30,948 - [INFO] - Epoch:  462 | FVAL: 0.0029948
2019-07-24 16:54:31,155 - [INFO] - Epoch:  463 | FVAL: 0.0029934
2019-07-24 16:54:31,360 - [INFO] - Epoch:  464 | FVAL: 0.0029920
2019-07-24 16:54:31,568 - [INFO] - Epoch:  465 | FVAL: 0.0029906
2019-07-24 16:54:31,773 - [INFO] - Epoch:  466 | FVAL: 0.0029892
2019-07-24 16:54:31,981 - [INFO] - Epoch:  467 | FVAL: 0.0029878
2019-07-24 16:54:32,187 - [INFO] - Epoch:  468 | FVAL: 0.0029864
2019-07-24 16:54:32,394 - [INFO] - Epoch:  469 | FVAL: 0.0029851
2019-07-24 16:54:32,598 - [INFO] - Epoch:  470 | FVAL: 0.0029837
2019-07-24 16:54:32,805 - [INFO] - Epoch:  471 | FVAL: 0.0029823
2019-07-24 16:54:33,011 - [INFO] - Epoch:  472 | FVAL: 0.0029810
2019-07-24 16:54:33,219 - [INFO] - Epoch:  473 | FVAL: 0.0029796
2019-07-24 16:54:33,425 - [INFO] - Epoch:  474 | FVAL: 0.0029782
2019-07-24 16:54:33,633 - [INFO] - Epoch:  475 | FVAL: 0.0029769
2019-07-24 16:54:33,838 - [INFO] - Epoch:  476 | FVAL: 0.0029755
2019-07-24 16:54:34,044 - [INFO] - Epoch:  477 | FVAL: 0.0029742
2019-07-24 16:54:34,249 - [INFO] - Epoch:  478 | FVAL: 0.0029728
2019-07-24 16:54:34,457 - [INFO] - Epoch:  479 | FVAL: 0.0029715
2019-07-24 16:54:34,662 - [INFO] - Epoch:  480 | FVAL: 0.0029701
2019-07-24 16:54:34,869 - [INFO] - Epoch:  481 | FVAL: 0.0029688
2019-07-24 16:54:35,075 - [INFO] - Epoch:  482 | FVAL: 0.0029674
2019-07-24 16:54:35,282 - [INFO] - Epoch:  483 | FVAL: 0.0029661
2019-07-24 16:54:35,488 - [INFO] - Epoch:  484 | FVAL: 0.0029647
2019-07-24 16:54:35,695 - [INFO] - Epoch:  485 | FVAL: 0.0029634
2019-07-24 16:54:35,900 - [INFO] - Epoch:  486 | FVAL: 0.0029620
2019-07-24 16:54:36,108 - [INFO] - Epoch:  487 | FVAL: 0.0029607
2019-07-24 16:54:36,313 - [INFO] - Epoch:  488 | FVAL: 0.0029593
2019-07-24 16:54:36,520 - [INFO] - Epoch:  489 | FVAL: 0.0029580
2019-07-24 16:54:36,725 - [INFO] - Epoch:  490 | FVAL: 0.0029567
2019-07-24 16:54:36,932 - [INFO] - Epoch:  491 | FVAL: 0.0029554
2019-07-24 16:54:37,138 - [INFO] - Epoch:  492 | FVAL: 0.0029540
2019-07-24 16:54:37,344 - [INFO] - Epoch:  493 | FVAL: 0.0029527
2019-07-24 16:54:37,550 - [INFO] - Epoch:  494 | FVAL: 0.0029514
2019-07-24 16:54:37,757 - [INFO] - Epoch:  495 | FVAL: 0.0029501
2019-07-24 16:54:37,962 - [INFO] - Epoch:  496 | FVAL: 0.0029488
2019-07-24 16:54:38,170 - [INFO] - Epoch:  497 | FVAL: 0.0029475
2019-07-24 16:54:38,376 - [INFO] - Epoch:  498 | FVAL: 0.0029462
2019-07-24 16:54:38,583 - [INFO] - Epoch:  499 | FVAL: 0.0029449
2019-07-24 16:54:38,788 - [INFO] - Epoch:  500 | FVAL: 0.0029436
2019-07-24 16:54:38,996 - [INFO] - Epoch:  501 | FVAL: 0.0029422
2019-07-24 16:54:39,201 - [INFO] - Epoch:  502 | FVAL: 0.0029409
2019-07-24 16:54:39,409 - [INFO] - Epoch:  503 | FVAL: 0.0029397
2019-07-24 16:54:39,613 - [INFO] - Epoch:  504 | FVAL: 0.0029384
2019-07-24 16:54:39,820 - [INFO] - Epoch:  505 | FVAL: 0.0029371
2019-07-24 16:54:40,024 - [INFO] - Epoch:  506 | FVAL: 0.0029359
2019-07-24 16:54:40,232 - [INFO] - Epoch:  507 | FVAL: 0.0029347
2019-07-24 16:54:40,436 - [INFO] - Epoch:  508 | FVAL: 0.0029334
2019-07-24 16:54:40,644 - [INFO] - Epoch:  509 | FVAL: 0.0029322
2019-07-24 16:54:40,848 - [INFO] - Epoch:  510 | FVAL: 0.0029310
2019-07-24 16:54:41,056 - [INFO] - Epoch:  511 | FVAL: 0.0029298
2019-07-24 16:54:41,261 - [INFO] - Epoch:  512 | FVAL: 0.0029287
2019-07-24 16:54:41,468 - [INFO] - Epoch:  513 | FVAL: 0.0029275
2019-07-24 16:54:41,673 - [INFO] - Epoch:  514 | FVAL: 0.0029263
2019-07-24 16:54:41,892 - [INFO] - Epoch:  515 | FVAL: 0.0029252
2019-07-24 16:54:42,097 - [INFO] - Epoch:  516 | FVAL: 0.0029240
2019-07-24 16:54:42,304 - [INFO] - Epoch:  517 | FVAL: 0.0029229
2019-07-24 16:54:42,510 - [INFO] - Epoch:  518 | FVAL: 0.0029217
2019-07-24 16:54:42,716 - [INFO] - Epoch:  519 | FVAL: 0.0029206
2019-07-24 16:54:42,921 - [INFO] - Epoch:  520 | FVAL: 0.0029194
2019-07-24 16:54:43,127 - [INFO] - Epoch:  521 | FVAL: 0.0029183
2019-07-24 16:54:43,332 - [INFO] - Epoch:  522 | FVAL: 0.0029171
2019-07-24 16:54:43,539 - [INFO] - Epoch:  523 | FVAL: 0.0029160
2019-07-24 16:54:43,745 - [INFO] - Epoch:  524 | FVAL: 0.0029149
2019-07-24 16:54:43,951 - [INFO] - Epoch:  525 | FVAL: 0.0029137
2019-07-24 16:54:44,156 - [INFO] - Epoch:  526 | FVAL: 0.0029126
2019-07-24 16:54:44,363 - [INFO] - Epoch:  527 | FVAL: 0.0029115
2019-07-24 16:54:44,568 - [INFO] - Epoch:  528 | FVAL: 0.0029103
2019-07-24 16:54:44,776 - [INFO] - Epoch:  529 | FVAL: 0.0029092
2019-07-24 16:54:44,982 - [INFO] - Epoch:  530 | FVAL: 0.0029081
2019-07-24 16:54:45,189 - [INFO] - Epoch:  531 | FVAL: 0.0029070
2019-07-24 16:54:45,394 - [INFO] - Epoch:  532 | FVAL: 0.0029059
2019-07-24 16:54:45,602 - [INFO] - Epoch:  533 | FVAL: 0.0029047
2019-07-24 16:54:45,809 - [INFO] - Epoch:  534 | FVAL: 0.0029036
2019-07-24 16:54:46,015 - [INFO] - Epoch:  535 | FVAL: 0.0029025
2019-07-24 16:54:46,220 - [INFO] - Epoch:  536 | FVAL: 0.0029014
2019-07-24 16:54:46,427 - [INFO] - Epoch:  537 | FVAL: 0.0029003
2019-07-24 16:54:46,631 - [INFO] - Epoch:  538 | FVAL: 0.0028992
2019-07-24 16:54:46,837 - [INFO] - Epoch:  539 | FVAL: 0.0028981
2019-07-24 16:54:47,043 - [INFO] - Epoch:  540 | FVAL: 0.0028970
2019-07-24 16:54:47,250 - [INFO] - Epoch:  541 | FVAL: 0.0028959
2019-07-24 16:54:47,454 - [INFO] - Epoch:  542 | FVAL: 0.0028948
2019-07-24 16:54:47,660 - [INFO] - Epoch:  543 | FVAL: 0.0028938
2019-07-24 16:54:47,865 - [INFO] - Epoch:  544 | FVAL: 0.0028927
2019-07-24 16:54:48,071 - [INFO] - Epoch:  545 | FVAL: 0.0028916
2019-07-24 16:54:48,276 - [INFO] - Epoch:  546 | FVAL: 0.0028905
2019-07-24 16:54:48,483 - [INFO] - Epoch:  547 | FVAL: 0.0028894
2019-07-24 16:54:48,688 - [INFO] - Epoch:  548 | FVAL: 0.0028884
2019-07-24 16:54:48,894 - [INFO] - Epoch:  549 | FVAL: 0.0028873
2019-07-24 16:54:49,100 - [INFO] - Epoch:  550 | FVAL: 0.0028862
2019-07-24 16:54:49,307 - [INFO] - Epoch:  551 | FVAL: 0.0028852
2019-07-24 16:54:49,513 - [INFO] - Epoch:  552 | FVAL: 0.0028841
2019-07-24 16:54:49,719 - [INFO] - Epoch:  553 | FVAL: 0.0028830
2019-07-24 16:54:49,925 - [INFO] - Epoch:  554 | FVAL: 0.0028820
2019-07-24 16:54:50,131 - [INFO] - Epoch:  555 | FVAL: 0.0028809
2019-07-24 16:54:50,336 - [INFO] - Epoch:  556 | FVAL: 0.0028799
2019-07-24 16:54:50,543 - [INFO] - Epoch:  557 | FVAL: 0.0028788
2019-07-24 16:54:50,748 - [INFO] - Epoch:  558 | FVAL: 0.0028777
2019-07-24 16:54:50,954 - [INFO] - Epoch:  559 | FVAL: 0.0028767
2019-07-24 16:54:51,158 - [INFO] - Epoch:  560 | FVAL: 0.0028756
2019-07-24 16:54:51,365 - [INFO] - Epoch:  561 | FVAL: 0.0028746
2019-07-24 16:54:51,570 - [INFO] - Epoch:  562 | FVAL: 0.0028736
2019-07-24 16:54:51,776 - [INFO] - Epoch:  563 | FVAL: 0.0028726
2019-07-24 16:54:51,980 - [INFO] - Epoch:  564 | FVAL: 0.0028715
2019-07-24 16:54:52,187 - [INFO] - Epoch:  565 | FVAL: 0.0028705
2019-07-24 16:54:52,391 - [INFO] - Epoch:  566 | FVAL: 0.0028695
2019-07-24 16:54:52,599 - [INFO] - Epoch:  567 | FVAL: 0.0028685
2019-07-24 16:55:59,641 - [INFO] - csum-- N:62 | d:2000 | lambda:1e-05
2019-07-24 16:55:59,641 - [INFO] - Function value sequence convergence criteria.
2019-07-24 16:55:59,641 - [INFO] - Epoch:    0 | FVAL: 0.3465736
2019-07-24 16:55:59,857 - [INFO] - Epoch:    1 | FVAL: 0.3465736
2019-07-24 16:56:00,073 - [INFO] - Epoch:    2 | FVAL: 0.0076347
2019-07-24 16:56:00,514 - [INFO] - Epoch:    3 | FVAL: 0.0040858
2019-07-24 16:56:00,728 - [INFO] - Epoch:    4 | FVAL: 0.0029180
2019-07-24 16:56:00,945 - [INFO] - Epoch:    5 | FVAL: 0.0023406
2019-07-24 16:56:01,160 - [INFO] - Epoch:    6 | FVAL: 0.0019977
2019-07-24 16:56:01,377 - [INFO] - Epoch:    7 | FVAL: 0.0017713
2019-07-24 16:56:01,592 - [INFO] - Epoch:    8 | FVAL: 0.0016112
2019-07-24 16:56:01,810 - [INFO] - Epoch:    9 | FVAL: 0.0014922
2019-07-24 16:56:02,025 - [INFO] - Epoch:   10 | FVAL: 0.0014005
2019-07-24 16:56:02,243 - [INFO] - Epoch:   11 | FVAL: 0.0013278
2019-07-24 16:56:02,458 - [INFO] - Epoch:   12 | FVAL: 0.0012689
2019-07-24 16:56:02,675 - [INFO] - Epoch:   13 | FVAL: 0.0012202
2019-07-24 16:56:02,889 - [INFO] - Epoch:   14 | FVAL: 0.0011793
2019-07-24 16:56:03,107 - [INFO] - Epoch:   15 | FVAL: 0.0011446
2019-07-24 16:56:03,321 - [INFO] - Epoch:   16 | FVAL: 0.0011147
2019-07-24 16:56:03,538 - [INFO] - Epoch:   17 | FVAL: 0.0010888
2019-07-24 16:56:03,752 - [INFO] - Epoch:   18 | FVAL: 0.0010661
2019-07-24 16:56:03,969 - [INFO] - Epoch:   19 | FVAL: 0.0010460
2019-07-24 16:56:04,184 - [INFO] - Epoch:   20 | FVAL: 0.0010282
2019-07-24 16:56:04,403 - [INFO] - Epoch:   21 | FVAL: 0.0010123
2019-07-24 16:56:04,619 - [INFO] - Epoch:   22 | FVAL: 0.0009980
2019-07-24 16:56:04,837 - [INFO] - Epoch:   23 | FVAL: 0.0009850
2019-07-24 16:56:05,053 - [INFO] - Epoch:   24 | FVAL: 0.0009733
2019-07-24 16:56:05,274 - [INFO] - Epoch:   25 | FVAL: 0.0009626
2019-07-24 16:56:05,492 - [INFO] - Epoch:   26 | FVAL: 0.0009529
2019-07-24 16:56:05,712 - [INFO] - Epoch:   27 | FVAL: 0.0009439
2019-07-24 16:56:05,928 - [INFO] - Epoch:   28 | FVAL: 0.0009356
2019-07-24 16:56:06,145 - [INFO] - Epoch:   29 | FVAL: 0.0009280
2019-07-24 16:56:06,361 - [INFO] - Epoch:   30 | FVAL: 0.0009209
2019-07-24 16:56:06,580 - [INFO] - Epoch:   31 | FVAL: 0.0009144
2019-07-24 16:56:06,796 - [INFO] - Epoch:   32 | FVAL: 0.0009082
2019-07-24 16:56:07,014 - [INFO] - Epoch:   33 | FVAL: 0.0009025
2019-07-24 16:56:07,230 - [INFO] - Epoch:   34 | FVAL: 0.0008972
2019-07-24 16:56:07,449 - [INFO] - Epoch:   35 | FVAL: 0.0008922
2019-07-24 16:56:07,665 - [INFO] - Epoch:   36 | FVAL: 0.0008874
2019-07-24 16:56:07,884 - [INFO] - Epoch:   37 | FVAL: 0.0008830
2019-07-24 16:56:08,100 - [INFO] - Epoch:   38 | FVAL: 0.0008788
2019-07-24 16:56:08,318 - [INFO] - Epoch:   39 | FVAL: 0.0008749
2019-07-24 16:56:08,534 - [INFO] - Epoch:   40 | FVAL: 0.0008711
2019-07-24 16:56:08,753 - [INFO] - Epoch:   41 | FVAL: 0.0008675
2019-07-24 16:56:08,969 - [INFO] - Epoch:   42 | FVAL: 0.0008642
2019-07-24 16:56:09,187 - [INFO] - Epoch:   43 | FVAL: 0.0008610
2019-07-24 16:56:09,403 - [INFO] - Epoch:   44 | FVAL: 0.0008579
2019-07-24 16:56:09,621 - [INFO] - Epoch:   45 | FVAL: 0.0008550
2019-07-24 16:56:09,837 - [INFO] - Epoch:   46 | FVAL: 0.0008522
2019-07-24 16:56:10,056 - [INFO] - Epoch:   47 | FVAL: 0.0008495
2019-07-24 16:56:10,272 - [INFO] - Epoch:   48 | FVAL: 0.0008470
2019-07-24 16:56:10,510 - [INFO] - Epoch:   49 | FVAL: 0.0008445
2019-07-24 16:56:10,725 - [INFO] - Epoch:   50 | FVAL: 0.0008422
2019-07-24 16:56:10,943 - [INFO] - Epoch:   51 | FVAL: 0.0008399
2019-07-24 16:56:11,160 - [INFO] - Epoch:   52 | FVAL: 0.0008378
2019-07-24 16:56:11,379 - [INFO] - Epoch:   53 | FVAL: 0.0008357
2019-07-24 16:56:11,595 - [INFO] - Epoch:   54 | FVAL: 0.0008337
2019-07-24 16:56:11,814 - [INFO] - Epoch:   55 | FVAL: 0.0008318
2019-07-24 16:56:12,031 - [INFO] - Epoch:   56 | FVAL: 0.0008299
2019-07-24 16:56:12,249 - [INFO] - Epoch:   57 | FVAL: 0.0008281
2019-07-24 16:56:12,466 - [INFO] - Epoch:   58 | FVAL: 0.0008264
2019-07-24 16:56:12,681 - [INFO] - Epoch:   59 | FVAL: 0.0008247
2019-07-24 16:56:12,897 - [INFO] - Epoch:   60 | FVAL: 0.0008231
2019-07-24 16:56:13,116 - [INFO] - Epoch:   61 | FVAL: 0.0008215
2019-07-24 16:56:13,334 - [INFO] - Epoch:   62 | FVAL: 0.0008199
2019-07-24 16:56:13,553 - [INFO] - Epoch:   63 | FVAL: 0.0008184
2019-07-24 16:56:13,770 - [INFO] - Epoch:   64 | FVAL: 0.0008170
2019-07-24 16:56:13,989 - [INFO] - Epoch:   65 | FVAL: 0.0008156
2019-07-24 16:56:14,206 - [INFO] - Epoch:   66 | FVAL: 0.0008142
2019-07-24 16:56:14,425 - [INFO] - Epoch:   67 | FVAL: 0.0008129
2019-07-24 16:56:14,638 - [INFO] - Epoch:   68 | FVAL: 0.0008116
2019-07-24 16:56:14,855 - [INFO] - Epoch:   69 | FVAL: 0.0008103
2019-07-24 16:56:15,071 - [INFO] - Epoch:   70 | FVAL: 0.0008091
2019-07-24 16:56:15,290 - [INFO] - Epoch:   71 | FVAL: 0.0008079
2019-07-24 16:56:15,521 - [INFO] - Epoch:   72 | FVAL: 0.0008067
2019-07-24 16:56:15,739 - [INFO] - Epoch:   73 | FVAL: 0.0008056
2019-07-24 16:56:15,954 - [INFO] - Epoch:   74 | FVAL: 0.0008045
2019-07-24 16:56:16,174 - [INFO] - Epoch:   75 | FVAL: 0.0008034
2019-07-24 16:56:16,390 - [INFO] - Epoch:   76 | FVAL: 0.0008023
2019-07-24 16:56:16,608 - [INFO] - Epoch:   77 | FVAL: 0.0008012
2019-07-24 16:56:16,824 - [INFO] - Epoch:   78 | FVAL: 0.0008002
2019-07-24 16:56:17,044 - [INFO] - Epoch:   79 | FVAL: 0.0007992
2019-07-24 16:57:16,310 - [INFO] - csum-- N:62 | d:2000 | lambda:1e-06
2019-07-24 16:57:16,311 - [INFO] - Function value sequence convergence criteria.
2019-07-24 16:57:16,311 - [INFO] - Epoch:    0 | FVAL: 0.3465736
2019-07-24 16:57:16,526 - [INFO] - Epoch:    1 | FVAL: 0.3465736
2019-07-24 16:57:16,742 - [INFO] - Epoch:    2 | FVAL: 0.0072533
2019-07-24 16:57:16,958 - [INFO] - Epoch:    3 | FVAL: 0.0036542
2019-07-24 16:57:17,175 - [INFO] - Epoch:    4 | FVAL: 0.0024578
2019-07-24 16:57:17,390 - [INFO] - Epoch:    5 | FVAL: 0.0018603
2019-07-24 16:57:17,607 - [INFO] - Epoch:    6 | FVAL: 0.0015022
2019-07-24 16:57:17,823 - [INFO] - Epoch:    7 | FVAL: 0.0012635
2019-07-24 16:57:18,038 - [INFO] - Epoch:    8 | FVAL: 0.0010931
2019-07-24 16:57:18,254 - [INFO] - Epoch:    9 | FVAL: 0.0009654
2019-07-24 16:57:18,487 - [INFO] - Epoch:   10 | FVAL: 0.0008662
2019-07-24 16:57:18,705 - [INFO] - Epoch:   11 | FVAL: 0.0007868
2019-07-24 16:57:18,919 - [INFO] - Epoch:   12 | FVAL: 0.0007219
2019-07-24 16:57:19,135 - [INFO] - Epoch:   13 | FVAL: 0.0006679
2019-07-24 16:57:19,351 - [INFO] - Epoch:   14 | FVAL: 0.0006222
2019-07-24 16:57:19,569 - [INFO] - Epoch:   15 | FVAL: 0.0005830
2019-07-24 16:57:19,786 - [INFO] - Epoch:   16 | FVAL: 0.0005491
2019-07-24 16:57:20,002 - [INFO] - Epoch:   17 | FVAL: 0.0005195
2019-07-24 16:57:20,219 - [INFO] - Epoch:   18 | FVAL: 0.0004933
2019-07-24 16:57:20,435 - [INFO] - Epoch:   19 | FVAL: 0.0004701
2019-07-24 16:57:20,652 - [INFO] - Epoch:   20 | FVAL: 0.0004494
2019-07-24 16:57:20,868 - [INFO] - Epoch:   21 | FVAL: 0.0004307
2019-07-24 16:57:21,086 - [INFO] - Epoch:   22 | FVAL: 0.0004138
2019-07-24 16:57:21,304 - [INFO] - Epoch:   23 | FVAL: 0.0003985
2019-07-24 16:57:21,522 - [INFO] - Epoch:   24 | FVAL: 0.0003845
2019-07-24 16:57:21,741 - [INFO] - Epoch:   25 | FVAL: 0.0003717
2019-07-24 16:57:21,959 - [INFO] - Epoch:   26 | FVAL: 0.0003599
2019-07-24 16:57:22,177 - [INFO] - Epoch:   27 | FVAL: 0.0003491
2019-07-24 16:57:22,396 - [INFO] - Epoch:   28 | FVAL: 0.0003390
2019-07-24 16:57:22,614 - [INFO] - Epoch:   29 | FVAL: 0.0003297
2019-07-24 16:57:22,832 - [INFO] - Epoch:   30 | FVAL: 0.0003210
2019-07-24 16:57:23,050 - [INFO] - Epoch:   31 | FVAL: 0.0003130
2019-07-24 16:57:23,269 - [INFO] - Epoch:   32 | FVAL: 0.0003054
2019-07-24 16:57:23,488 - [INFO] - Epoch:   33 | FVAL: 0.0002983
2019-07-24 16:57:23,706 - [INFO] - Epoch:   34 | FVAL: 0.0002917
2019-07-24 16:57:23,924 - [INFO] - Epoch:   35 | FVAL: 0.0002854
2019-07-24 16:57:24,143 - [INFO] - Epoch:   36 | FVAL: 0.0002796
2019-07-24 16:57:24,360 - [INFO] - Epoch:   37 | FVAL: 0.0002740
2019-07-24 16:57:24,580 - [INFO] - Epoch:   38 | FVAL: 0.0002688
2019-07-24 16:57:24,798 - [INFO] - Epoch:   39 | FVAL: 0.0002638
2019-07-24 16:57:25,016 - [INFO] - Epoch:   40 | FVAL: 0.0002591
2019-07-24 16:57:25,235 - [INFO] - Epoch:   41 | FVAL: 0.0002546
2019-07-24 16:57:25,454 - [INFO] - Epoch:   42 | FVAL: 0.0002504
2019-07-24 16:57:25,672 - [INFO] - Epoch:   43 | FVAL: 0.0002463
2019-07-24 16:57:25,889 - [INFO] - Epoch:   44 | FVAL: 0.0002425
2019-07-24 16:57:26,107 - [INFO] - Epoch:   45 | FVAL: 0.0002388
2019-07-24 16:57:26,326 - [INFO] - Epoch:   46 | FVAL: 0.0002353
2019-07-24 16:57:26,544 - [INFO] - Epoch:   47 | FVAL: 0.0002320
2019-07-24 16:57:26,762 - [INFO] - Epoch:   48 | FVAL: 0.0002288
2019-07-24 16:57:26,980 - [INFO] - Epoch:   49 | FVAL: 0.0002257
2019-07-24 16:57:27,199 - [INFO] - Epoch:   50 | FVAL: 0.0002227
2019-07-24 16:57:27,417 - [INFO] - Epoch:   51 | FVAL: 0.0002199
2019-07-24 16:57:27,636 - [INFO] - Epoch:   52 | FVAL: 0.0002172
2019-07-24 16:57:27,853 - [INFO] - Epoch:   53 | FVAL: 0.0002146
2019-07-24 16:57:28,072 - [INFO] - Epoch:   54 | FVAL: 0.0002121
2019-07-24 16:57:28,290 - [INFO] - Epoch:   55 | FVAL: 0.0002097
2019-07-24 16:57:28,510 - [INFO] - Epoch:   56 | FVAL: 0.0002074
2019-07-24 16:57:28,728 - [INFO] - Epoch:   57 | FVAL: 0.0002052
2019-07-24 16:57:28,947 - [INFO] - Epoch:   58 | FVAL: 0.0002030
2019-07-24 16:57:29,166 - [INFO] - Epoch:   59 | FVAL: 0.0002010
2019-07-24 16:57:29,384 - [INFO] - Epoch:   60 | FVAL: 0.0001989
2019-07-24 16:57:29,603 - [INFO] - Epoch:   61 | FVAL: 0.0001970
2019-07-24 16:57:29,822 - [INFO] - Epoch:   62 | FVAL: 0.0001951
2019-07-24 16:57:30,040 - [INFO] - Epoch:   63 | FVAL: 0.0001933
2019-07-24 16:57:30,259 - [INFO] - Epoch:   64 | FVAL: 0.0001916
2019-07-24 16:57:30,478 - [INFO] - Epoch:   65 | FVAL: 0.0001899
2019-07-24 16:57:30,697 - [INFO] - Epoch:   66 | FVAL: 0.0001883
2019-07-24 16:57:30,915 - [INFO] - Epoch:   67 | FVAL: 0.0001867
2019-07-24 16:57:31,134 - [INFO] - Epoch:   68 | FVAL: 0.0001851
2019-07-24 16:57:31,352 - [INFO] - Epoch:   69 | FVAL: 0.0001837
2019-07-24 16:57:31,571 - [INFO] - Epoch:   70 | FVAL: 0.0001822
2019-07-24 16:57:31,791 - [INFO] - Epoch:   71 | FVAL: 0.0001808
2019-07-24 16:57:32,010 - [INFO] - Epoch:   72 | FVAL: 0.0001794
2019-07-24 16:57:32,228 - [INFO] - Epoch:   73 | FVAL: 0.0001781
2019-07-24 16:57:32,447 - [INFO] - Epoch:   74 | FVAL: 0.0001768
2019-07-24 16:57:32,665 - [INFO] - Epoch:   75 | FVAL: 0.0001756
2019-07-24 16:57:32,883 - [INFO] - Epoch:   76 | FVAL: 0.0001744
2019-07-24 16:57:33,101 - [INFO] - Epoch:   77 | FVAL: 0.0001732
2019-07-24 16:57:33,319 - [INFO] - Epoch:   78 | FVAL: 0.0001720
2019-07-24 16:57:33,551 - [INFO] - Epoch:   79 | FVAL: 0.0001709
2019-07-24 16:57:33,769 - [INFO] - Epoch:   80 | FVAL: 0.0001698
2019-07-24 16:57:33,988 - [INFO] - Epoch:   81 | FVAL: 0.0001688
2019-07-24 16:57:34,207 - [INFO] - Epoch:   82 | FVAL: 0.0001677
2019-07-24 16:57:34,422 - [INFO] - Epoch:   83 | FVAL: 0.0001667
