2019-07-24 16:47:46,454 - [INFO] - rcsum-- N:62 | d:2000 | lambda:0.0001
2019-07-24 16:47:46,455 - [INFO] - Function value sequence convergence criteria.
2019-07-24 16:47:46,455 - [INFO] - Epoch:    0 | FVAL: 0.3465736
2019-07-24 16:47:46,698 - [INFO] - Epoch:    1 | FVAL: 0.0114002
2019-07-24 16:47:46,940 - [INFO] - Epoch:    2 | FVAL: 0.0082338
2019-07-24 16:47:47,181 - [INFO] - Epoch:    3 | FVAL: 0.0072575
2019-07-24 16:47:47,400 - [INFO] - Epoch:    4 | FVAL: 0.0067948
2019-07-24 16:47:47,613 - [INFO] - Epoch:    5 | FVAL: 0.0065242
2019-07-24 16:47:47,826 - [INFO] - Epoch:    6 | FVAL: 0.0063455
2019-07-24 16:47:48,038 - [INFO] - Epoch:    7 | FVAL: 0.0062155
2019-07-24 16:47:48,251 - [INFO] - Epoch:    8 | FVAL: 0.0061149
2019-07-24 16:47:48,462 - [INFO] - Epoch:    9 | FVAL: 0.0060334
2019-07-24 16:47:48,673 - [INFO] - Epoch:   10 | FVAL: 0.0059644
2019-07-24 16:47:48,885 - [INFO] - Epoch:   11 | FVAL: 0.0059042
2019-07-24 16:47:49,096 - [INFO] - Epoch:   12 | FVAL: 0.0058505
2019-07-24 16:47:49,307 - [INFO] - Epoch:   13 | FVAL: 0.0058016
2019-07-24 16:47:49,519 - [INFO] - Epoch:   14 | FVAL: 0.0057566
2019-07-24 16:47:49,730 - [INFO] - Epoch:   15 | FVAL: 0.0057147
2019-07-24 16:47:49,939 - [INFO] - Epoch:   16 | FVAL: 0.0056752
2019-07-24 16:47:50,150 - [INFO] - Epoch:   17 | FVAL: 0.0056380
2019-07-24 16:47:50,362 - [INFO] - Epoch:   18 | FVAL: 0.0056025
2019-07-24 16:47:50,572 - [INFO] - Epoch:   19 | FVAL: 0.0055686
2019-07-24 16:47:50,783 - [INFO] - Epoch:   20 | FVAL: 0.0055360
2019-07-24 16:47:50,992 - [INFO] - Epoch:   21 | FVAL: 0.0055045
2019-07-24 16:47:51,202 - [INFO] - Epoch:   22 | FVAL: 0.0054741
2019-07-24 16:47:51,412 - [INFO] - Epoch:   23 | FVAL: 0.0054444
2019-07-24 16:47:51,622 - [INFO] - Epoch:   24 | FVAL: 0.0054154
2019-07-24 16:47:51,832 - [INFO] - Epoch:   25 | FVAL: 0.0053872
2019-07-24 16:47:52,042 - [INFO] - Epoch:   26 | FVAL: 0.0053598
2019-07-24 16:47:52,252 - [INFO] - Epoch:   27 | FVAL: 0.0053329
2019-07-24 16:47:52,461 - [INFO] - Epoch:   28 | FVAL: 0.0053067
2019-07-24 16:47:52,671 - [INFO] - Epoch:   29 | FVAL: 0.0052812
2019-07-24 16:47:52,881 - [INFO] - Epoch:   30 | FVAL: 0.0052563
2019-07-24 16:47:53,089 - [INFO] - Epoch:   31 | FVAL: 0.0052320
2019-07-24 16:47:53,298 - [INFO] - Epoch:   32 | FVAL: 0.0052084
2019-07-24 16:47:53,507 - [INFO] - Epoch:   33 | FVAL: 0.0051854
2019-07-24 16:47:53,716 - [INFO] - Epoch:   34 | FVAL: 0.0051630
2019-07-24 16:47:53,924 - [INFO] - Epoch:   35 | FVAL: 0.0051412
2019-07-24 16:47:54,133 - [INFO] - Epoch:   36 | FVAL: 0.0051198
2019-07-24 16:47:54,343 - [INFO] - Epoch:   37 | FVAL: 0.0050988
2019-07-24 16:47:54,551 - [INFO] - Epoch:   38 | FVAL: 0.0050783
2019-07-24 16:47:54,758 - [INFO] - Epoch:   39 | FVAL: 0.0050584
2019-07-24 16:47:54,967 - [INFO] - Epoch:   40 | FVAL: 0.0050390
2019-07-24 16:47:55,174 - [INFO] - Epoch:   41 | FVAL: 0.0050200
2019-07-24 16:47:55,383 - [INFO] - Epoch:   42 | FVAL: 0.0050013
2019-07-24 16:47:55,591 - [INFO] - Epoch:   43 | FVAL: 0.0049829
2019-07-24 16:47:55,798 - [INFO] - Epoch:   44 | FVAL: 0.0049650
2019-07-24 16:47:56,006 - [INFO] - Epoch:   45 | FVAL: 0.0049475
2019-07-24 16:47:56,214 - [INFO] - Epoch:   46 | FVAL: 0.0049304
2019-07-24 16:47:56,423 - [INFO] - Epoch:   47 | FVAL: 0.0049137
2019-07-24 16:47:56,630 - [INFO] - Epoch:   48 | FVAL: 0.0048975
2019-07-24 16:47:56,837 - [INFO] - Epoch:   49 | FVAL: 0.0048816
2019-07-24 16:47:57,045 - [INFO] - Epoch:   50 | FVAL: 0.0048658
2019-07-24 16:47:57,252 - [INFO] - Epoch:   51 | FVAL: 0.0048503
2019-07-24 16:47:57,459 - [INFO] - Epoch:   52 | FVAL: 0.0048353
2019-07-24 16:47:57,667 - [INFO] - Epoch:   53 | FVAL: 0.0048205
2019-07-24 16:47:57,874 - [INFO] - Epoch:   54 | FVAL: 0.0048061
2019-07-24 16:47:58,081 - [INFO] - Epoch:   55 | FVAL: 0.0047919
2019-07-24 16:47:58,288 - [INFO] - Epoch:   56 | FVAL: 0.0047778
2019-07-24 16:47:58,496 - [INFO] - Epoch:   57 | FVAL: 0.0047640
2019-07-24 16:47:58,704 - [INFO] - Epoch:   58 | FVAL: 0.0047503
2019-07-24 16:47:58,911 - [INFO] - Epoch:   59 | FVAL: 0.0047367
2019-07-24 16:47:59,119 - [INFO] - Epoch:   60 | FVAL: 0.0047233
2019-07-24 16:47:59,326 - [INFO] - Epoch:   61 | FVAL: 0.0047100
2019-07-24 16:47:59,533 - [INFO] - Epoch:   62 | FVAL: 0.0046970
2019-07-24 16:47:59,740 - [INFO] - Epoch:   63 | FVAL: 0.0046841
2019-07-24 16:47:59,946 - [INFO] - Epoch:   64 | FVAL: 0.0046714
2019-07-24 16:48:00,307 - [INFO] - Epoch:   65 | FVAL: 0.0046591
2019-07-24 16:48:00,513 - [INFO] - Epoch:   66 | FVAL: 0.0046471
2019-07-24 16:48:00,720 - [INFO] - Epoch:   67 | FVAL: 0.0046353
2019-07-24 16:48:00,926 - [INFO] - Epoch:   68 | FVAL: 0.0046236
2019-07-24 16:48:01,131 - [INFO] - Epoch:   69 | FVAL: 0.0046122
2019-07-24 16:48:01,337 - [INFO] - Epoch:   70 | FVAL: 0.0046008
2019-07-24 16:48:01,543 - [INFO] - Epoch:   71 | FVAL: 0.0045895
2019-07-24 16:48:01,750 - [INFO] - Epoch:   72 | FVAL: 0.0045783
2019-07-24 16:48:01,956 - [INFO] - Epoch:   73 | FVAL: 0.0045671
2019-07-24 16:48:02,163 - [INFO] - Epoch:   74 | FVAL: 0.0045560
2019-07-24 16:48:02,370 - [INFO] - Epoch:   75 | FVAL: 0.0045450
2019-07-24 16:48:02,576 - [INFO] - Epoch:   76 | FVAL: 0.0045341
2019-07-24 16:48:02,782 - [INFO] - Epoch:   77 | FVAL: 0.0045232
2019-07-24 16:48:02,988 - [INFO] - Epoch:   78 | FVAL: 0.0045124
2019-07-24 16:48:03,194 - [INFO] - Epoch:   79 | FVAL: 0.0045018
2019-07-24 16:48:03,400 - [INFO] - Epoch:   80 | FVAL: 0.0044913
2019-07-24 16:48:03,619 - [INFO] - Epoch:   81 | FVAL: 0.0044810
2019-07-24 16:48:03,824 - [INFO] - Epoch:   82 | FVAL: 0.0044707
2019-07-24 16:48:04,028 - [INFO] - Epoch:   83 | FVAL: 0.0044606
2019-07-24 16:48:04,233 - [INFO] - Epoch:   84 | FVAL: 0.0044506
2019-07-24 16:48:04,439 - [INFO] - Epoch:   85 | FVAL: 0.0044406
2019-07-24 16:48:04,645 - [INFO] - Epoch:   86 | FVAL: 0.0044307
2019-07-24 16:48:04,849 - [INFO] - Epoch:   87 | FVAL: 0.0044211
2019-07-24 16:48:05,054 - [INFO] - Epoch:   88 | FVAL: 0.0044115
2019-07-24 16:48:05,258 - [INFO] - Epoch:   89 | FVAL: 0.0044021
2019-07-24 16:48:05,463 - [INFO] - Epoch:   90 | FVAL: 0.0043927
2019-07-24 16:48:05,669 - [INFO] - Epoch:   91 | FVAL: 0.0043835
2019-07-24 16:48:05,874 - [INFO] - Epoch:   92 | FVAL: 0.0043743
2019-07-24 16:48:06,079 - [INFO] - Epoch:   93 | FVAL: 0.0043653
2019-07-24 16:48:06,284 - [INFO] - Epoch:   94 | FVAL: 0.0043563
2019-07-24 16:48:06,490 - [INFO] - Epoch:   95 | FVAL: 0.0043474
2019-07-24 16:48:06,694 - [INFO] - Epoch:   96 | FVAL: 0.0043385
2019-07-24 16:48:06,899 - [INFO] - Epoch:   97 | FVAL: 0.0043298
2019-07-24 16:48:07,104 - [INFO] - Epoch:   98 | FVAL: 0.0043211
2019-07-24 16:48:07,310 - [INFO] - Epoch:   99 | FVAL: 0.0043125
2019-07-24 16:48:07,515 - [INFO] - Epoch:  100 | FVAL: 0.0043039
2019-07-24 16:48:07,720 - [INFO] - Epoch:  101 | FVAL: 0.0042955
2019-07-24 16:48:07,924 - [INFO] - Epoch:  102 | FVAL: 0.0042871
2019-07-24 16:48:08,129 - [INFO] - Epoch:  103 | FVAL: 0.0042787
2019-07-24 16:48:08,332 - [INFO] - Epoch:  104 | FVAL: 0.0042705
2019-07-24 16:48:08,537 - [INFO] - Epoch:  105 | FVAL: 0.0042623
2019-07-24 16:48:08,742 - [INFO] - Epoch:  106 | FVAL: 0.0042541
2019-07-24 16:48:08,946 - [INFO] - Epoch:  107 | FVAL: 0.0042461
2019-07-24 16:48:09,152 - [INFO] - Epoch:  108 | FVAL: 0.0042381
2019-07-24 16:48:09,359 - [INFO] - Epoch:  109 | FVAL: 0.0042301
2019-07-24 16:48:09,564 - [INFO] - Epoch:  110 | FVAL: 0.0042222
2019-07-24 16:48:09,770 - [INFO] - Epoch:  111 | FVAL: 0.0042144
2019-07-24 16:48:09,974 - [INFO] - Epoch:  112 | FVAL: 0.0042067
2019-07-24 16:48:10,180 - [INFO] - Epoch:  113 | FVAL: 0.0041990
2019-07-24 16:48:10,385 - [INFO] - Epoch:  114 | FVAL: 0.0041914
2019-07-24 16:48:10,590 - [INFO] - Epoch:  115 | FVAL: 0.0041838
2019-07-24 16:48:10,795 - [INFO] - Epoch:  116 | FVAL: 0.0041763
2019-07-24 16:48:11,000 - [INFO] - Epoch:  117 | FVAL: 0.0041689
2019-07-24 16:48:11,205 - [INFO] - Epoch:  118 | FVAL: 0.0041615
2019-07-24 16:48:11,410 - [INFO] - Epoch:  119 | FVAL: 0.0041542
2019-07-24 16:48:11,616 - [INFO] - Epoch:  120 | FVAL: 0.0041469
2019-07-24 16:48:11,822 - [INFO] - Epoch:  121 | FVAL: 0.0041397
2019-07-24 16:48:12,027 - [INFO] - Epoch:  122 | FVAL: 0.0041324
2019-07-24 16:48:12,232 - [INFO] - Epoch:  123 | FVAL: 0.0041252
2019-07-24 16:48:12,437 - [INFO] - Epoch:  124 | FVAL: 0.0041181
2019-07-24 16:48:12,642 - [INFO] - Epoch:  125 | FVAL: 0.0041110
2019-07-24 16:48:12,847 - [INFO] - Epoch:  126 | FVAL: 0.0041040
2019-07-24 16:48:13,051 - [INFO] - Epoch:  127 | FVAL: 0.0040969
2019-07-24 16:48:13,256 - [INFO] - Epoch:  128 | FVAL: 0.0040899
2019-07-24 16:48:13,461 - [INFO] - Epoch:  129 | FVAL: 0.0040829
2019-07-24 16:48:13,666 - [INFO] - Epoch:  130 | FVAL: 0.0040761
2019-07-24 16:48:13,872 - [INFO] - Epoch:  131 | FVAL: 0.0040692
2019-07-24 16:48:14,076 - [INFO] - Epoch:  132 | FVAL: 0.0040624
2019-07-24 16:48:14,281 - [INFO] - Epoch:  133 | FVAL: 0.0040557
2019-07-24 16:48:14,486 - [INFO] - Epoch:  134 | FVAL: 0.0040492
2019-07-24 16:48:14,689 - [INFO] - Epoch:  135 | FVAL: 0.0040427
2019-07-24 16:48:14,894 - [INFO] - Epoch:  136 | FVAL: 0.0040363
2019-07-24 16:48:15,099 - [INFO] - Epoch:  137 | FVAL: 0.0040299
2019-07-24 16:48:15,304 - [INFO] - Epoch:  138 | FVAL: 0.0040236
2019-07-24 16:48:15,509 - [INFO] - Epoch:  139 | FVAL: 0.0040173
2019-07-24 16:48:15,713 - [INFO] - Epoch:  140 | FVAL: 0.0040109
2019-07-24 16:48:15,917 - [INFO] - Epoch:  141 | FVAL: 0.0040047
2019-07-24 16:48:16,122 - [INFO] - Epoch:  142 | FVAL: 0.0039985
2019-07-24 16:48:16,327 - [INFO] - Epoch:  143 | FVAL: 0.0039924
2019-07-24 16:48:16,531 - [INFO] - Epoch:  144 | FVAL: 0.0039863
2019-07-24 16:48:16,734 - [INFO] - Epoch:  145 | FVAL: 0.0039802
2019-07-24 16:48:16,939 - [INFO] - Epoch:  146 | FVAL: 0.0039742
2019-07-24 16:48:17,143 - [INFO] - Epoch:  147 | FVAL: 0.0039683
2019-07-24 16:48:17,347 - [INFO] - Epoch:  148 | FVAL: 0.0039623
2019-07-24 16:48:17,552 - [INFO] - Epoch:  149 | FVAL: 0.0039564
2019-07-24 16:48:17,756 - [INFO] - Epoch:  150 | FVAL: 0.0039506
2019-07-24 16:48:17,960 - [INFO] - Epoch:  151 | FVAL: 0.0039449
2019-07-24 16:48:18,164 - [INFO] - Epoch:  152 | FVAL: 0.0039391
2019-07-24 16:48:18,369 - [INFO] - Epoch:  153 | FVAL: 0.0039334
2019-07-24 16:48:18,574 - [INFO] - Epoch:  154 | FVAL: 0.0039277
2019-07-24 16:48:18,778 - [INFO] - Epoch:  155 | FVAL: 0.0039220
2019-07-24 16:48:18,989 - [INFO] - Epoch:  156 | FVAL: 0.0039164
2019-07-24 16:48:19,194 - [INFO] - Epoch:  157 | FVAL: 0.0039107
2019-07-24 16:48:19,399 - [INFO] - Epoch:  158 | FVAL: 0.0039051
2019-07-24 16:48:19,603 - [INFO] - Epoch:  159 | FVAL: 0.0038995
2019-07-24 16:48:19,807 - [INFO] - Epoch:  160 | FVAL: 0.0038939
2019-07-24 16:48:20,012 - [INFO] - Epoch:  161 | FVAL: 0.0038884
2019-07-24 16:48:20,216 - [INFO] - Epoch:  162 | FVAL: 0.0038829
2019-07-24 16:48:20,420 - [INFO] - Epoch:  163 | FVAL: 0.0038774
2019-07-24 16:48:20,624 - [INFO] - Epoch:  164 | FVAL: 0.0038720
2019-07-24 16:48:20,828 - [INFO] - Epoch:  165 | FVAL: 0.0038666
2019-07-24 16:48:21,032 - [INFO] - Epoch:  166 | FVAL: 0.0038612
2019-07-24 16:48:21,236 - [INFO] - Epoch:  167 | FVAL: 0.0038559
2019-07-24 16:48:21,441 - [INFO] - Epoch:  168 | FVAL: 0.0038506
2019-07-24 16:48:21,646 - [INFO] - Epoch:  169 | FVAL: 0.0038453
2019-07-24 16:48:21,850 - [INFO] - Epoch:  170 | FVAL: 0.0038400
2019-07-24 16:48:22,054 - [INFO] - Epoch:  171 | FVAL: 0.0038347
2019-07-24 16:48:22,258 - [INFO] - Epoch:  172 | FVAL: 0.0038295
2019-07-24 16:48:22,462 - [INFO] - Epoch:  173 | FVAL: 0.0038243
2019-07-24 16:48:22,667 - [INFO] - Epoch:  174 | FVAL: 0.0038191
2019-07-24 16:48:22,871 - [INFO] - Epoch:  175 | FVAL: 0.0038139
2019-07-24 16:48:23,075 - [INFO] - Epoch:  176 | FVAL: 0.0038088
2019-07-24 16:48:23,280 - [INFO] - Epoch:  177 | FVAL: 0.0038038
2019-07-24 16:48:23,483 - [INFO] - Epoch:  178 | FVAL: 0.0037988
2019-07-24 16:48:23,687 - [INFO] - Epoch:  179 | FVAL: 0.0037938
2019-07-24 16:48:23,890 - [INFO] - Epoch:  180 | FVAL: 0.0037889
2019-07-24 16:48:24,111 - [INFO] - Epoch:  181 | FVAL: 0.0037840
2019-07-24 16:48:24,315 - [INFO] - Epoch:  182 | FVAL: 0.0037791
2019-07-24 16:48:24,519 - [INFO] - Epoch:  183 | FVAL: 0.0037742
2019-07-24 16:48:24,723 - [INFO] - Epoch:  184 | FVAL: 0.0037693
2019-07-24 16:48:24,929 - [INFO] - Epoch:  185 | FVAL: 0.0037644
2019-07-24 16:48:25,132 - [INFO] - Epoch:  186 | FVAL: 0.0037595
2019-07-24 16:48:25,337 - [INFO] - Epoch:  187 | FVAL: 0.0037546
2019-07-24 16:48:25,541 - [INFO] - Epoch:  188 | FVAL: 0.0037498
2019-07-24 16:48:25,745 - [INFO] - Epoch:  189 | FVAL: 0.0037450
2019-07-24 16:48:25,948 - [INFO] - Epoch:  190 | FVAL: 0.0037401
2019-07-24 16:48:26,152 - [INFO] - Epoch:  191 | FVAL: 0.0037354
2019-07-24 16:48:26,357 - [INFO] - Epoch:  192 | FVAL: 0.0037306
2019-07-24 16:48:26,561 - [INFO] - Epoch:  193 | FVAL: 0.0037258
2019-07-24 16:48:26,766 - [INFO] - Epoch:  194 | FVAL: 0.0037211
2019-07-24 16:48:26,969 - [INFO] - Epoch:  195 | FVAL: 0.0037164
2019-07-24 16:48:27,172 - [INFO] - Epoch:  196 | FVAL: 0.0037116
2019-07-24 16:48:27,377 - [INFO] - Epoch:  197 | FVAL: 0.0037069
2019-07-24 16:48:27,580 - [INFO] - Epoch:  198 | FVAL: 0.0037023
2019-07-24 16:48:27,783 - [INFO] - Epoch:  199 | FVAL: 0.0036976
2019-07-24 16:48:27,987 - [INFO] - Epoch:  200 | FVAL: 0.0036929
2019-07-24 16:48:28,191 - [INFO] - Epoch:  201 | FVAL: 0.0036883
2019-07-24 16:48:28,394 - [INFO] - Epoch:  202 | FVAL: 0.0036838
2019-07-24 16:48:28,598 - [INFO] - Epoch:  203 | FVAL: 0.0036792
2019-07-24 16:48:28,801 - [INFO] - Epoch:  204 | FVAL: 0.0036747
2019-07-24 16:48:29,005 - [INFO] - Epoch:  205 | FVAL: 0.0036703
2019-07-24 16:48:29,211 - [INFO] - Epoch:  206 | FVAL: 0.0036659
2019-07-24 16:48:29,417 - [INFO] - Epoch:  207 | FVAL: 0.0036615
2019-07-24 16:48:29,621 - [INFO] - Epoch:  208 | FVAL: 0.0036571
2019-07-24 16:48:29,825 - [INFO] - Epoch:  209 | FVAL: 0.0036528
2019-07-24 16:48:30,029 - [INFO] - Epoch:  210 | FVAL: 0.0036484
2019-07-24 16:48:30,233 - [INFO] - Epoch:  211 | FVAL: 0.0036441
2019-07-24 16:48:30,437 - [INFO] - Epoch:  212 | FVAL: 0.0036398
2019-07-24 16:48:30,642 - [INFO] - Epoch:  213 | FVAL: 0.0036354
2019-07-24 16:48:30,846 - [INFO] - Epoch:  214 | FVAL: 0.0036311
2019-07-24 16:48:31,049 - [INFO] - Epoch:  215 | FVAL: 0.0036269
2019-07-24 16:48:31,253 - [INFO] - Epoch:  216 | FVAL: 0.0036227
2019-07-24 16:48:31,457 - [INFO] - Epoch:  217 | FVAL: 0.0036185
2019-07-24 16:48:31,661 - [INFO] - Epoch:  218 | FVAL: 0.0036143
2019-07-24 16:48:31,865 - [INFO] - Epoch:  219 | FVAL: 0.0036101
2019-07-24 16:48:32,069 - [INFO] - Epoch:  220 | FVAL: 0.0036059
2019-07-24 16:48:32,273 - [INFO] - Epoch:  221 | FVAL: 0.0036017
2019-07-24 16:48:32,476 - [INFO] - Epoch:  222 | FVAL: 0.0035976
2019-07-24 16:48:32,679 - [INFO] - Epoch:  223 | FVAL: 0.0035934
2019-07-24 16:48:32,883 - [INFO] - Epoch:  224 | FVAL: 0.0035892
2019-07-24 16:48:33,086 - [INFO] - Epoch:  225 | FVAL: 0.0035851
2019-07-24 16:48:33,290 - [INFO] - Epoch:  226 | FVAL: 0.0035810
2019-07-24 16:48:33,494 - [INFO] - Epoch:  227 | FVAL: 0.0035769
2019-07-24 16:48:33,696 - [INFO] - Epoch:  228 | FVAL: 0.0035728
2019-07-24 16:48:33,899 - [INFO] - Epoch:  229 | FVAL: 0.0035688
2019-07-24 16:48:34,102 - [INFO] - Epoch:  230 | FVAL: 0.0035647
2019-07-24 16:48:34,306 - [INFO] - Epoch:  231 | FVAL: 0.0035607
2019-07-24 16:48:34,509 - [INFO] - Epoch:  232 | FVAL: 0.0035567
2019-07-24 16:48:34,712 - [INFO] - Epoch:  233 | FVAL: 0.0035527
2019-07-24 16:48:34,918 - [INFO] - Epoch:  234 | FVAL: 0.0035487
2019-07-24 16:48:35,123 - [INFO] - Epoch:  235 | FVAL: 0.0035447
2019-07-24 16:48:35,326 - [INFO] - Epoch:  236 | FVAL: 0.0035408
2019-07-24 16:48:35,530 - [INFO] - Epoch:  237 | FVAL: 0.0035369
2019-07-24 16:48:35,734 - [INFO] - Epoch:  238 | FVAL: 0.0035329
2019-07-24 16:48:35,938 - [INFO] - Epoch:  239 | FVAL: 0.0035291
2019-07-24 16:48:36,142 - [INFO] - Epoch:  240 | FVAL: 0.0035252
2019-07-24 16:48:36,345 - [INFO] - Epoch:  241 | FVAL: 0.0035213
2019-07-24 16:48:36,548 - [INFO] - Epoch:  242 | FVAL: 0.0035175
2019-07-24 16:48:36,752 - [INFO] - Epoch:  243 | FVAL: 0.0035137
2019-07-24 16:48:36,956 - [INFO] - Epoch:  244 | FVAL: 0.0035099
2019-07-24 16:48:37,160 - [INFO] - Epoch:  245 | FVAL: 0.0035062
2019-07-24 16:48:37,365 - [INFO] - Epoch:  246 | FVAL: 0.0035024
2019-07-24 16:48:37,568 - [INFO] - Epoch:  247 | FVAL: 0.0034987
2019-07-24 16:48:37,771 - [INFO] - Epoch:  248 | FVAL: 0.0034949
2019-07-24 16:48:37,975 - [INFO] - Epoch:  249 | FVAL: 0.0034912
2019-07-24 16:48:38,179 - [INFO] - Epoch:  250 | FVAL: 0.0034875
2019-07-24 16:48:38,382 - [INFO] - Epoch:  251 | FVAL: 0.0034838
2019-07-24 16:48:38,585 - [INFO] - Epoch:  252 | FVAL: 0.0034801
2019-07-24 16:48:38,789 - [INFO] - Epoch:  253 | FVAL: 0.0034765
2019-07-24 16:48:38,993 - [INFO] - Epoch:  254 | FVAL: 0.0034728
2019-07-24 16:48:39,196 - [INFO] - Epoch:  255 | FVAL: 0.0034692
2019-07-24 16:48:39,401 - [INFO] - Epoch:  256 | FVAL: 0.0034656
2019-07-24 16:48:39,605 - [INFO] - Epoch:  257 | FVAL: 0.0034620
2019-07-24 16:48:39,809 - [INFO] - Epoch:  258 | FVAL: 0.0034585
2019-07-24 16:48:40,013 - [INFO] - Epoch:  259 | FVAL: 0.0034549
2019-07-24 16:48:40,217 - [INFO] - Epoch:  260 | FVAL: 0.0034514
2019-07-24 16:48:40,422 - [INFO] - Epoch:  261 | FVAL: 0.0034478
2019-07-24 16:48:40,626 - [INFO] - Epoch:  262 | FVAL: 0.0034443
2019-07-24 16:48:40,829 - [INFO] - Epoch:  263 | FVAL: 0.0034408
2019-07-24 16:48:41,033 - [INFO] - Epoch:  264 | FVAL: 0.0034373
2019-07-24 16:48:41,237 - [INFO] - Epoch:  265 | FVAL: 0.0034338
2019-07-24 16:48:41,440 - [INFO] - Epoch:  266 | FVAL: 0.0034304
2019-07-24 16:48:41,644 - [INFO] - Epoch:  267 | FVAL: 0.0034269
2019-07-24 16:48:41,847 - [INFO] - Epoch:  268 | FVAL: 0.0034235
2019-07-24 16:48:42,051 - [INFO] - Epoch:  269 | FVAL: 0.0034201
2019-07-24 16:48:42,255 - [INFO] - Epoch:  270 | FVAL: 0.0034167
2019-07-24 16:48:42,458 - [INFO] - Epoch:  271 | FVAL: 0.0034134
2019-07-24 16:48:42,662 - [INFO] - Epoch:  272 | FVAL: 0.0034100
2019-07-24 16:48:42,866 - [INFO] - Epoch:  273 | FVAL: 0.0034067
2019-07-24 16:48:43,069 - [INFO] - Epoch:  274 | FVAL: 0.0034034
2019-07-24 16:48:43,271 - [INFO] - Epoch:  275 | FVAL: 0.0034002
2019-07-24 16:48:43,475 - [INFO] - Epoch:  276 | FVAL: 0.0033970
2019-07-24 16:48:43,677 - [INFO] - Epoch:  277 | FVAL: 0.0033938
2019-07-24 16:48:43,882 - [INFO] - Epoch:  278 | FVAL: 0.0033906
2019-07-24 16:48:44,086 - [INFO] - Epoch:  279 | FVAL: 0.0033874
2019-07-24 16:48:44,289 - [INFO] - Epoch:  280 | FVAL: 0.0033842
2019-07-24 16:48:44,508 - [INFO] - Epoch:  281 | FVAL: 0.0033810
2019-07-24 16:48:44,711 - [INFO] - Epoch:  282 | FVAL: 0.0033779
2019-07-24 16:48:44,915 - [INFO] - Epoch:  283 | FVAL: 0.0033748
2019-07-24 16:48:45,118 - [INFO] - Epoch:  284 | FVAL: 0.0033717
2019-07-24 16:48:45,322 - [INFO] - Epoch:  285 | FVAL: 0.0033686
2019-07-24 16:48:45,526 - [INFO] - Epoch:  286 | FVAL: 0.0033655
2019-07-24 16:48:45,730 - [INFO] - Epoch:  287 | FVAL: 0.0033624
2019-07-24 16:48:45,934 - [INFO] - Epoch:  288 | FVAL: 0.0033593
2019-07-24 16:48:46,137 - [INFO] - Epoch:  289 | FVAL: 0.0033562
2019-07-24 16:48:46,342 - [INFO] - Epoch:  290 | FVAL: 0.0033532
2019-07-24 16:48:46,545 - [INFO] - Epoch:  291 | FVAL: 0.0033501
2019-07-24 16:48:46,749 - [INFO] - Epoch:  292 | FVAL: 0.0033471
2019-07-24 16:48:46,952 - [INFO] - Epoch:  293 | FVAL: 0.0033441
2019-07-24 16:48:47,156 - [INFO] - Epoch:  294 | FVAL: 0.0033411
2019-07-24 16:48:47,360 - [INFO] - Epoch:  295 | FVAL: 0.0033381
2019-07-24 16:48:47,564 - [INFO] - Epoch:  296 | FVAL: 0.0033351
2019-07-24 16:48:47,768 - [INFO] - Epoch:  297 | FVAL: 0.0033322
2019-07-24 16:48:47,971 - [INFO] - Epoch:  298 | FVAL: 0.0033292
2019-07-24 16:48:48,174 - [INFO] - Epoch:  299 | FVAL: 0.0033263
2019-07-24 16:48:48,377 - [INFO] - Epoch:  300 | FVAL: 0.0033234
2019-07-24 16:48:48,581 - [INFO] - Epoch:  301 | FVAL: 0.0033205
2019-07-24 16:48:48,785 - [INFO] - Epoch:  302 | FVAL: 0.0033176
2019-07-24 16:48:48,988 - [INFO] - Epoch:  303 | FVAL: 0.0033148
2019-07-24 16:48:49,192 - [INFO] - Epoch:  304 | FVAL: 0.0033119
2019-07-24 16:48:49,395 - [INFO] - Epoch:  305 | FVAL: 0.0033090
2019-07-24 16:48:49,609 - [INFO] - Epoch:  306 | FVAL: 0.0033062
2019-07-24 16:48:49,812 - [INFO] - Epoch:  307 | FVAL: 0.0033033
2019-07-24 16:48:50,016 - [INFO] - Epoch:  308 | FVAL: 0.0033005
2019-07-24 16:48:50,220 - [INFO] - Epoch:  309 | FVAL: 0.0032977
2019-07-24 16:48:50,423 - [INFO] - Epoch:  310 | FVAL: 0.0032948
2019-07-24 16:48:50,627 - [INFO] - Epoch:  311 | FVAL: 0.0032920
2019-07-24 16:48:50,831 - [INFO] - Epoch:  312 | FVAL: 0.0032892
2019-07-24 16:48:51,035 - [INFO] - Epoch:  313 | FVAL: 0.0032864
2019-07-24 16:48:51,238 - [INFO] - Epoch:  314 | FVAL: 0.0032836
2019-07-24 16:48:51,442 - [INFO] - Epoch:  315 | FVAL: 0.0032808
2019-07-24 16:48:51,644 - [INFO] - Epoch:  316 | FVAL: 0.0032780
2019-07-24 16:48:51,848 - [INFO] - Epoch:  317 | FVAL: 0.0032753
2019-07-24 16:48:52,051 - [INFO] - Epoch:  318 | FVAL: 0.0032725
2019-07-24 16:48:52,254 - [INFO] - Epoch:  319 | FVAL: 0.0032698
2019-07-24 16:48:52,458 - [INFO] - Epoch:  320 | FVAL: 0.0032671
2019-07-24 16:48:52,661 - [INFO] - Epoch:  321 | FVAL: 0.0032644
2019-07-24 16:48:52,864 - [INFO] - Epoch:  322 | FVAL: 0.0032617
2019-07-24 16:48:53,067 - [INFO] - Epoch:  323 | FVAL: 0.0032589
2019-07-24 16:48:53,271 - [INFO] - Epoch:  324 | FVAL: 0.0032562
2019-07-24 16:48:53,475 - [INFO] - Epoch:  325 | FVAL: 0.0032535
2019-07-24 16:48:53,680 - [INFO] - Epoch:  326 | FVAL: 0.0032508
2019-07-24 16:48:53,884 - [INFO] - Epoch:  327 | FVAL: 0.0032482
2019-07-24 16:48:54,087 - [INFO] - Epoch:  328 | FVAL: 0.0032456
2019-07-24 16:48:54,291 - [INFO] - Epoch:  329 | FVAL: 0.0032431
2019-07-24 16:48:54,494 - [INFO] - Epoch:  330 | FVAL: 0.0032407
2019-07-24 16:48:54,699 - [INFO] - Epoch:  331 | FVAL: 0.0032383
2019-07-24 16:48:54,903 - [INFO] - Epoch:  332 | FVAL: 0.0032359
2019-07-24 16:48:55,109 - [INFO] - Epoch:  333 | FVAL: 0.0032335
2019-07-24 16:48:55,313 - [INFO] - Epoch:  334 | FVAL: 0.0032311
2019-07-24 16:48:55,516 - [INFO] - Epoch:  335 | FVAL: 0.0032287
2019-07-24 16:48:55,720 - [INFO] - Epoch:  336 | FVAL: 0.0032263
2019-07-24 16:48:55,924 - [INFO] - Epoch:  337 | FVAL: 0.0032239
2019-07-24 16:48:56,128 - [INFO] - Epoch:  338 | FVAL: 0.0032215
2019-07-24 16:48:56,333 - [INFO] - Epoch:  339 | FVAL: 0.0032191
2019-07-24 16:48:56,538 - [INFO] - Epoch:  340 | FVAL: 0.0032168
2019-07-24 16:48:56,742 - [INFO] - Epoch:  341 | FVAL: 0.0032144
2019-07-24 16:48:56,946 - [INFO] - Epoch:  342 | FVAL: 0.0032121
2019-07-24 16:48:57,150 - [INFO] - Epoch:  343 | FVAL: 0.0032098
2019-07-24 16:48:57,354 - [INFO] - Epoch:  344 | FVAL: 0.0032074
2019-07-24 16:48:57,559 - [INFO] - Epoch:  345 | FVAL: 0.0032051
2019-07-24 16:48:57,762 - [INFO] - Epoch:  346 | FVAL: 0.0032028
2019-07-24 16:48:57,965 - [INFO] - Epoch:  347 | FVAL: 0.0032005
2019-07-24 16:48:58,169 - [INFO] - Epoch:  348 | FVAL: 0.0031982
2019-07-24 16:48:58,373 - [INFO] - Epoch:  349 | FVAL: 0.0031959
2019-07-24 16:48:58,578 - [INFO] - Epoch:  350 | FVAL: 0.0031936
2019-07-24 16:48:58,781 - [INFO] - Epoch:  351 | FVAL: 0.0031913
2019-07-24 16:48:58,985 - [INFO] - Epoch:  352 | FVAL: 0.0031891
2019-07-24 16:48:59,189 - [INFO] - Epoch:  353 | FVAL: 0.0031868
2019-07-24 16:48:59,395 - [INFO] - Epoch:  354 | FVAL: 0.0031846
2019-07-24 16:48:59,599 - [INFO] - Epoch:  355 | FVAL: 0.0031823
2019-07-24 16:48:59,821 - [INFO] - Epoch:  356 | FVAL: 0.0031801
2019-07-24 16:49:00,027 - [INFO] - Epoch:  357 | FVAL: 0.0031778
2019-07-24 16:49:00,435 - [INFO] - Epoch:  358 | FVAL: 0.0031756
2019-07-24 16:49:00,639 - [INFO] - Epoch:  359 | FVAL: 0.0031734
2019-07-24 16:49:00,843 - [INFO] - Epoch:  360 | FVAL: 0.0031712
2019-07-24 16:49:01,046 - [INFO] - Epoch:  361 | FVAL: 0.0031690
2019-07-24 16:49:01,251 - [INFO] - Epoch:  362 | FVAL: 0.0031669
2019-07-24 16:49:01,455 - [INFO] - Epoch:  363 | FVAL: 0.0031647
2019-07-24 16:49:01,658 - [INFO] - Epoch:  364 | FVAL: 0.0031625
2019-07-24 16:49:01,862 - [INFO] - Epoch:  365 | FVAL: 0.0031604
2019-07-24 16:49:02,065 - [INFO] - Epoch:  366 | FVAL: 0.0031582
2019-07-24 16:49:02,269 - [INFO] - Epoch:  367 | FVAL: 0.0031561
2019-07-24 16:49:02,473 - [INFO] - Epoch:  368 | FVAL: 0.0031539
2019-07-24 16:49:02,678 - [INFO] - Epoch:  369 | FVAL: 0.0031518
2019-07-24 16:49:02,883 - [INFO] - Epoch:  370 | FVAL: 0.0031497
2019-07-24 16:49:03,086 - [INFO] - Epoch:  371 | FVAL: 0.0031476
2019-07-24 16:49:03,290 - [INFO] - Epoch:  372 | FVAL: 0.0031454
2019-07-24 16:49:03,495 - [INFO] - Epoch:  373 | FVAL: 0.0031433
2019-07-24 16:49:03,699 - [INFO] - Epoch:  374 | FVAL: 0.0031412
2019-07-24 16:49:03,903 - [INFO] - Epoch:  375 | FVAL: 0.0031391
2019-07-24 16:49:04,107 - [INFO] - Epoch:  376 | FVAL: 0.0031370
2019-07-24 16:49:04,311 - [INFO] - Epoch:  377 | FVAL: 0.0031349
2019-07-24 16:49:04,515 - [INFO] - Epoch:  378 | FVAL: 0.0031328
2019-07-24 16:49:04,719 - [INFO] - Epoch:  379 | FVAL: 0.0031307
2019-07-24 16:49:04,925 - [INFO] - Epoch:  380 | FVAL: 0.0031286
2019-07-24 16:49:05,130 - [INFO] - Epoch:  381 | FVAL: 0.0031266
2019-07-24 16:49:05,334 - [INFO] - Epoch:  382 | FVAL: 0.0031245
2019-07-24 16:49:05,538 - [INFO] - Epoch:  383 | FVAL: 0.0031225
2019-07-24 16:49:05,742 - [INFO] - Epoch:  384 | FVAL: 0.0031204
2019-07-24 16:49:05,945 - [INFO] - Epoch:  385 | FVAL: 0.0031184
2019-07-24 16:49:06,150 - [INFO] - Epoch:  386 | FVAL: 0.0031164
2019-07-24 16:49:06,354 - [INFO] - Epoch:  387 | FVAL: 0.0031144
2019-07-24 16:49:06,558 - [INFO] - Epoch:  388 | FVAL: 0.0031124
2019-07-24 16:49:06,763 - [INFO] - Epoch:  389 | FVAL: 0.0031104
2019-07-24 16:49:06,966 - [INFO] - Epoch:  390 | FVAL: 0.0031084
2019-07-24 16:49:07,171 - [INFO] - Epoch:  391 | FVAL: 0.0031065
2019-07-24 16:49:07,374 - [INFO] - Epoch:  392 | FVAL: 0.0031045
2019-07-24 16:49:07,578 - [INFO] - Epoch:  393 | FVAL: 0.0031025
2019-07-24 16:49:07,782 - [INFO] - Epoch:  394 | FVAL: 0.0031006
2019-07-24 16:49:07,985 - [INFO] - Epoch:  395 | FVAL: 0.0030986
2019-07-24 16:49:08,190 - [INFO] - Epoch:  396 | FVAL: 0.0030967
2019-07-24 16:49:08,394 - [INFO] - Epoch:  397 | FVAL: 0.0030948
2019-07-24 16:49:08,599 - [INFO] - Epoch:  398 | FVAL: 0.0030929
2019-07-24 16:49:08,802 - [INFO] - Epoch:  399 | FVAL: 0.0030910
2019-07-24 16:49:09,005 - [INFO] - Epoch:  400 | FVAL: 0.0030891
2019-07-24 16:49:09,208 - [INFO] - Epoch:  401 | FVAL: 0.0030873
2019-07-24 16:49:09,412 - [INFO] - Epoch:  402 | FVAL: 0.0030854
2019-07-24 16:49:09,616 - [INFO] - Epoch:  403 | FVAL: 0.0030835
2019-07-24 16:49:09,819 - [INFO] - Epoch:  404 | FVAL: 0.0030817
2019-07-24 16:49:10,025 - [INFO] - Epoch:  405 | FVAL: 0.0030799
2019-07-24 16:49:10,230 - [INFO] - Epoch:  406 | FVAL: 0.0030781
2019-07-24 16:49:10,434 - [INFO] - Epoch:  407 | FVAL: 0.0030763
2019-07-24 16:49:10,638 - [INFO] - Epoch:  408 | FVAL: 0.0030745
2019-07-24 16:49:10,843 - [INFO] - Epoch:  409 | FVAL: 0.0030727
2019-07-24 16:49:11,047 - [INFO] - Epoch:  410 | FVAL: 0.0030709
2019-07-24 16:49:11,250 - [INFO] - Epoch:  411 | FVAL: 0.0030691
2019-07-24 16:49:11,455 - [INFO] - Epoch:  412 | FVAL: 0.0030674
2019-07-24 16:49:11,659 - [INFO] - Epoch:  413 | FVAL: 0.0030657
2019-07-24 16:49:11,864 - [INFO] - Epoch:  414 | FVAL: 0.0030639
2019-07-24 16:49:12,067 - [INFO] - Epoch:  415 | FVAL: 0.0030622
2019-07-24 16:49:12,272 - [INFO] - Epoch:  416 | FVAL: 0.0030605
2019-07-24 16:49:12,476 - [INFO] - Epoch:  417 | FVAL: 0.0030588
2019-07-24 16:49:12,681 - [INFO] - Epoch:  418 | FVAL: 0.0030571
2019-07-24 16:49:12,885 - [INFO] - Epoch:  419 | FVAL: 0.0030554
2019-07-24 16:49:13,088 - [INFO] - Epoch:  420 | FVAL: 0.0030537
2019-07-24 16:49:13,292 - [INFO] - Epoch:  421 | FVAL: 0.0030520
2019-07-24 16:49:13,495 - [INFO] - Epoch:  422 | FVAL: 0.0030503
2019-07-24 16:49:13,699 - [INFO] - Epoch:  423 | FVAL: 0.0030486
2019-07-24 16:49:13,903 - [INFO] - Epoch:  424 | FVAL: 0.0030470
2019-07-24 16:49:14,107 - [INFO] - Epoch:  425 | FVAL: 0.0030453
2019-07-24 16:49:14,311 - [INFO] - Epoch:  426 | FVAL: 0.0030437
2019-07-24 16:49:14,516 - [INFO] - Epoch:  427 | FVAL: 0.0030421
2019-07-24 16:49:14,719 - [INFO] - Epoch:  428 | FVAL: 0.0030405
2019-07-24 16:49:14,921 - [INFO] - Epoch:  429 | FVAL: 0.0030389
2019-07-24 16:49:15,126 - [INFO] - Epoch:  430 | FVAL: 0.0030373
2019-07-24 16:49:15,330 - [INFO] - Epoch:  431 | FVAL: 0.0030357
2019-07-24 16:49:15,533 - [INFO] - Epoch:  432 | FVAL: 0.0030341
2019-07-24 16:49:15,736 - [INFO] - Epoch:  433 | FVAL: 0.0030325
2019-07-24 16:49:15,940 - [INFO] - Epoch:  434 | FVAL: 0.0030310
2019-07-24 16:49:16,143 - [INFO] - Epoch:  435 | FVAL: 0.0030294
2019-07-24 16:49:16,346 - [INFO] - Epoch:  436 | FVAL: 0.0030278
2019-07-24 16:49:16,549 - [INFO] - Epoch:  437 | FVAL: 0.0030263
2019-07-24 16:49:16,752 - [INFO] - Epoch:  438 | FVAL: 0.0030248
2019-07-24 16:49:16,956 - [INFO] - Epoch:  439 | FVAL: 0.0030232
2019-07-24 16:49:17,159 - [INFO] - Epoch:  440 | FVAL: 0.0030217
2019-07-24 16:49:17,362 - [INFO] - Epoch:  441 | FVAL: 0.0030202
2019-07-24 16:49:17,566 - [INFO] - Epoch:  442 | FVAL: 0.0030187
2019-07-24 16:49:17,769 - [INFO] - Epoch:  443 | FVAL: 0.0030172
2019-07-24 16:49:17,973 - [INFO] - Epoch:  444 | FVAL: 0.0030157
2019-07-24 16:49:18,177 - [INFO] - Epoch:  445 | FVAL: 0.0030142
2019-07-24 16:49:18,380 - [INFO] - Epoch:  446 | FVAL: 0.0030127
2019-07-24 16:49:18,583 - [INFO] - Epoch:  447 | FVAL: 0.0030113
2019-07-24 16:49:18,786 - [INFO] - Epoch:  448 | FVAL: 0.0030098
2019-07-24 16:49:18,989 - [INFO] - Epoch:  449 | FVAL: 0.0030084
2019-07-24 16:49:19,191 - [INFO] - Epoch:  450 | FVAL: 0.0030069
2019-07-24 16:49:19,394 - [INFO] - Epoch:  451 | FVAL: 0.0030054
2019-07-24 16:49:19,597 - [INFO] - Epoch:  452 | FVAL: 0.0030040
2019-07-24 16:49:19,801 - [INFO] - Epoch:  453 | FVAL: 0.0030025
2019-07-24 16:49:20,004 - [INFO] - Epoch:  454 | FVAL: 0.0030011
2019-07-24 16:49:20,218 - [INFO] - Epoch:  455 | FVAL: 0.0029997
2019-07-24 16:49:20,421 - [INFO] - Epoch:  456 | FVAL: 0.0029982
2019-07-24 16:49:20,624 - [INFO] - Epoch:  457 | FVAL: 0.0029968
2019-07-24 16:49:20,828 - [INFO] - Epoch:  458 | FVAL: 0.0029954
2019-07-24 16:49:21,032 - [INFO] - Epoch:  459 | FVAL: 0.0029939
2019-07-24 16:49:21,235 - [INFO] - Epoch:  460 | FVAL: 0.0029925
2019-07-24 16:49:21,439 - [INFO] - Epoch:  461 | FVAL: 0.0029911
2019-07-24 16:49:21,642 - [INFO] - Epoch:  462 | FVAL: 0.0029897
2019-07-24 16:49:21,845 - [INFO] - Epoch:  463 | FVAL: 0.0029883
2019-07-24 16:49:22,048 - [INFO] - Epoch:  464 | FVAL: 0.0029869
2019-07-24 16:49:22,251 - [INFO] - Epoch:  465 | FVAL: 0.0029855
2019-07-24 16:49:22,455 - [INFO] - Epoch:  466 | FVAL: 0.0029841
2019-07-24 16:49:22,657 - [INFO] - Epoch:  467 | FVAL: 0.0029827
2019-07-24 16:49:22,861 - [INFO] - Epoch:  468 | FVAL: 0.0029813
2019-07-24 16:49:23,065 - [INFO] - Epoch:  469 | FVAL: 0.0029799
2019-07-24 16:49:23,268 - [INFO] - Epoch:  470 | FVAL: 0.0029785
2019-07-24 16:49:23,472 - [INFO] - Epoch:  471 | FVAL: 0.0029771
2019-07-24 16:49:23,674 - [INFO] - Epoch:  472 | FVAL: 0.0029757
2019-07-24 16:49:23,877 - [INFO] - Epoch:  473 | FVAL: 0.0029743
2019-07-24 16:49:24,080 - [INFO] - Epoch:  474 | FVAL: 0.0029729
2019-07-24 16:49:24,283 - [INFO] - Epoch:  475 | FVAL: 0.0029715
2019-07-24 16:49:24,486 - [INFO] - Epoch:  476 | FVAL: 0.0029701
2019-07-24 16:49:24,690 - [INFO] - Epoch:  477 | FVAL: 0.0029687
2019-07-24 16:49:24,893 - [INFO] - Epoch:  478 | FVAL: 0.0029674
2019-07-24 16:49:25,096 - [INFO] - Epoch:  479 | FVAL: 0.0029660
2019-07-24 16:49:25,300 - [INFO] - Epoch:  480 | FVAL: 0.0029647
2019-07-24 16:49:25,504 - [INFO] - Epoch:  481 | FVAL: 0.0029633
2019-07-24 16:49:25,707 - [INFO] - Epoch:  482 | FVAL: 0.0029620
2019-07-24 16:49:25,911 - [INFO] - Epoch:  483 | FVAL: 0.0029607
2019-07-24 16:49:26,117 - [INFO] - Epoch:  484 | FVAL: 0.0029593
2019-07-24 16:49:26,322 - [INFO] - Epoch:  485 | FVAL: 0.0029580
2019-07-24 16:49:26,526 - [INFO] - Epoch:  486 | FVAL: 0.0029567
2019-07-24 16:49:26,729 - [INFO] - Epoch:  487 | FVAL: 0.0029554
2019-07-24 16:49:26,933 - [INFO] - Epoch:  488 | FVAL: 0.0029541
2019-07-24 16:49:27,137 - [INFO] - Epoch:  489 | FVAL: 0.0029528
2019-07-24 16:49:27,341 - [INFO] - Epoch:  490 | FVAL: 0.0029515
2019-07-24 16:49:27,545 - [INFO] - Epoch:  491 | FVAL: 0.0029502
2019-07-24 16:49:27,748 - [INFO] - Epoch:  492 | FVAL: 0.0029489
2019-07-24 16:49:27,951 - [INFO] - Epoch:  493 | FVAL: 0.0029476
2019-07-24 16:49:28,155 - [INFO] - Epoch:  494 | FVAL: 0.0029464
2019-07-24 16:49:28,359 - [INFO] - Epoch:  495 | FVAL: 0.0029451
2019-07-24 16:49:28,561 - [INFO] - Epoch:  496 | FVAL: 0.0029438
2019-07-24 16:49:28,765 - [INFO] - Epoch:  497 | FVAL: 0.0029425
2019-07-24 16:49:28,968 - [INFO] - Epoch:  498 | FVAL: 0.0029413
2019-07-24 16:49:29,173 - [INFO] - Epoch:  499 | FVAL: 0.0029400
2019-07-24 16:49:29,376 - [INFO] - Epoch:  500 | FVAL: 0.0029387
2019-07-24 16:49:29,580 - [INFO] - Epoch:  501 | FVAL: 0.0029375
2019-07-24 16:49:29,783 - [INFO] - Epoch:  502 | FVAL: 0.0029362
2019-07-24 16:49:29,986 - [INFO] - Epoch:  503 | FVAL: 0.0029349
2019-07-24 16:49:30,190 - [INFO] - Epoch:  504 | FVAL: 0.0029337
2019-07-24 16:49:30,395 - [INFO] - Epoch:  505 | FVAL: 0.0029324
2019-07-24 16:49:30,600 - [INFO] - Epoch:  506 | FVAL: 0.0029312
2019-07-24 16:49:30,804 - [INFO] - Epoch:  507 | FVAL: 0.0029299
2019-07-24 16:49:31,007 - [INFO] - Epoch:  508 | FVAL: 0.0029287
2019-07-24 16:49:31,211 - [INFO] - Epoch:  509 | FVAL: 0.0029275
2019-07-24 16:49:31,415 - [INFO] - Epoch:  510 | FVAL: 0.0029262
2019-07-24 16:49:31,619 - [INFO] - Epoch:  511 | FVAL: 0.0029250
2019-07-24 16:49:31,822 - [INFO] - Epoch:  512 | FVAL: 0.0029238
2019-07-24 16:49:32,027 - [INFO] - Epoch:  513 | FVAL: 0.0029225
2019-07-24 16:49:32,231 - [INFO] - Epoch:  514 | FVAL: 0.0029213
2019-07-24 16:49:32,434 - [INFO] - Epoch:  515 | FVAL: 0.0029201
2019-07-24 16:49:32,638 - [INFO] - Epoch:  516 | FVAL: 0.0029189
2019-07-24 16:49:32,843 - [INFO] - Epoch:  517 | FVAL: 0.0029177
2019-07-24 16:49:33,047 - [INFO] - Epoch:  518 | FVAL: 0.0029164
2019-07-24 16:49:33,252 - [INFO] - Epoch:  519 | FVAL: 0.0029152
2019-07-24 16:49:33,455 - [INFO] - Epoch:  520 | FVAL: 0.0029140
2019-07-24 16:49:33,659 - [INFO] - Epoch:  521 | FVAL: 0.0029128
2019-07-24 16:49:33,862 - [INFO] - Epoch:  522 | FVAL: 0.0029116
2019-07-24 16:49:34,066 - [INFO] - Epoch:  523 | FVAL: 0.0029104
2019-07-24 16:49:34,270 - [INFO] - Epoch:  524 | FVAL: 0.0029092
2019-07-24 16:49:34,473 - [INFO] - Epoch:  525 | FVAL: 0.0029080
2019-07-24 16:49:34,676 - [INFO] - Epoch:  526 | FVAL: 0.0029068
2019-07-24 16:49:34,880 - [INFO] - Epoch:  527 | FVAL: 0.0029057
2019-07-24 16:49:35,083 - [INFO] - Epoch:  528 | FVAL: 0.0029045
2019-07-24 16:49:35,287 - [INFO] - Epoch:  529 | FVAL: 0.0029033
2019-07-24 16:49:35,502 - [INFO] - Epoch:  530 | FVAL: 0.0029021
2019-07-24 16:49:35,707 - [INFO] - Epoch:  531 | FVAL: 0.0029009
2019-07-24 16:49:35,910 - [INFO] - Epoch:  532 | FVAL: 0.0028998
2019-07-24 16:49:36,115 - [INFO] - Epoch:  533 | FVAL: 0.0028986
2019-07-24 16:49:36,319 - [INFO] - Epoch:  534 | FVAL: 0.0028975
2019-07-24 16:49:36,524 - [INFO] - Epoch:  535 | FVAL: 0.0028963
2019-07-24 16:49:36,727 - [INFO] - Epoch:  536 | FVAL: 0.0028951
2019-07-24 16:49:36,931 - [INFO] - Epoch:  537 | FVAL: 0.0028940
2019-07-24 16:49:37,135 - [INFO] - Epoch:  538 | FVAL: 0.0028929
2019-07-24 16:49:37,338 - [INFO] - Epoch:  539 | FVAL: 0.0028918
2019-07-24 16:49:37,541 - [INFO] - Epoch:  540 | FVAL: 0.0028907
2019-07-24 16:49:37,744 - [INFO] - Epoch:  541 | FVAL: 0.0028897
2019-07-24 16:49:37,946 - [INFO] - Epoch:  542 | FVAL: 0.0028886
2019-07-24 16:49:38,150 - [INFO] - Epoch:  543 | FVAL: 0.0028875
2019-07-24 16:49:38,353 - [INFO] - Epoch:  544 | FVAL: 0.0028864
2019-07-24 16:49:38,556 - [INFO] - Epoch:  545 | FVAL: 0.0028853
2019-07-24 16:49:38,759 - [INFO] - Epoch:  546 | FVAL: 0.0028843
2019-07-24 16:49:38,962 - [INFO] - Epoch:  547 | FVAL: 0.0028832
2019-07-24 16:49:39,165 - [INFO] - Epoch:  548 | FVAL: 0.0028821
2019-07-24 16:49:39,369 - [INFO] - Epoch:  549 | FVAL: 0.0028811
2019-07-24 16:49:39,573 - [INFO] - Epoch:  550 | FVAL: 0.0028800
2019-07-24 16:49:39,775 - [INFO] - Epoch:  551 | FVAL: 0.0028789
2019-07-24 16:49:39,979 - [INFO] - Epoch:  552 | FVAL: 0.0028779
2019-07-24 16:49:40,182 - [INFO] - Epoch:  553 | FVAL: 0.0028768
2019-07-24 16:49:40,385 - [INFO] - Epoch:  554 | FVAL: 0.0028758
2019-07-24 16:49:40,589 - [INFO] - Epoch:  555 | FVAL: 0.0028748
2019-07-24 16:49:40,792 - [INFO] - Epoch:  556 | FVAL: 0.0028737
2019-07-24 16:49:40,995 - [INFO] - Epoch:  557 | FVAL: 0.0028727
2019-07-24 16:49:41,200 - [INFO] - Epoch:  558 | FVAL: 0.0028716
2019-07-24 16:49:41,402 - [INFO] - Epoch:  559 | FVAL: 0.0028706
2019-07-24 16:49:41,604 - [INFO] - Epoch:  560 | FVAL: 0.0028696
2019-07-24 16:49:41,809 - [INFO] - Epoch:  561 | FVAL: 0.0028685
2019-07-24 16:49:42,010 - [INFO] - Epoch:  562 | FVAL: 0.0028675
2019-07-24 16:49:42,213 - [INFO] - Epoch:  563 | FVAL: 0.0028665
2019-07-24 16:49:42,416 - [INFO] - Epoch:  564 | FVAL: 0.0028655
2019-07-24 16:49:42,619 - [INFO] - Epoch:  565 | FVAL: 0.0028645
2019-07-24 16:49:42,821 - [INFO] - Epoch:  566 | FVAL: 0.0028635
2019-07-24 16:49:43,024 - [INFO] - Epoch:  567 | FVAL: 0.0028624
2019-07-24 16:49:43,227 - [INFO] - Epoch:  568 | FVAL: 0.0028614
2019-07-24 16:49:43,431 - [INFO] - Epoch:  569 | FVAL: 0.0028604
2019-07-24 16:49:43,634 - [INFO] - Epoch:  570 | FVAL: 0.0028594
2019-07-24 16:55:16,621 - [INFO] - rcsum-- N:62 | d:2000 | lambda:1e-05
2019-07-24 16:55:16,621 - [INFO] - Function value sequence convergence criteria.
2019-07-24 16:55:16,621 - [INFO] - Epoch:    0 | FVAL: 0.3465736
2019-07-24 16:55:16,836 - [INFO] - Epoch:    1 | FVAL: 0.0076082
2019-07-24 16:55:17,051 - [INFO] - Epoch:    2 | FVAL: 0.0040830
2019-07-24 16:55:17,268 - [INFO] - Epoch:    3 | FVAL: 0.0029137
2019-07-24 16:55:17,482 - [INFO] - Epoch:    4 | FVAL: 0.0023279
2019-07-24 16:55:17,698 - [INFO] - Epoch:    5 | FVAL: 0.0019807
2019-07-24 16:55:17,913 - [INFO] - Epoch:    6 | FVAL: 0.0017515
2019-07-24 16:55:18,128 - [INFO] - Epoch:    7 | FVAL: 0.0015893
2019-07-24 16:55:18,342 - [INFO] - Epoch:    8 | FVAL: 0.0014688
2019-07-24 16:55:18,559 - [INFO] - Epoch:    9 | FVAL: 0.0013760
2019-07-24 16:55:18,773 - [INFO] - Epoch:   10 | FVAL: 0.0013025
2019-07-24 16:55:18,987 - [INFO] - Epoch:   11 | FVAL: 0.0012428
2019-07-24 16:55:19,202 - [INFO] - Epoch:   12 | FVAL: 0.0011935
2019-07-24 16:55:19,417 - [INFO] - Epoch:   13 | FVAL: 0.0011522
2019-07-24 16:55:19,632 - [INFO] - Epoch:   14 | FVAL: 0.0011171
2019-07-24 16:55:19,847 - [INFO] - Epoch:   15 | FVAL: 0.0010869
2019-07-24 16:55:20,062 - [INFO] - Epoch:   16 | FVAL: 0.0010606
2019-07-24 16:55:20,277 - [INFO] - Epoch:   17 | FVAL: 0.0010377
2019-07-24 16:55:20,491 - [INFO] - Epoch:   18 | FVAL: 0.0010175
2019-07-24 16:55:20,706 - [INFO] - Epoch:   19 | FVAL: 0.0009995
2019-07-24 16:55:21,016 - [INFO] - Epoch:   20 | FVAL: 0.0009834
2019-07-24 16:55:21,231 - [INFO] - Epoch:   21 | FVAL: 0.0009690
2019-07-24 16:55:21,446 - [INFO] - Epoch:   22 | FVAL: 0.0009560
2019-07-24 16:55:21,661 - [INFO] - Epoch:   23 | FVAL: 0.0009442
2019-07-24 16:55:21,876 - [INFO] - Epoch:   24 | FVAL: 0.0009335
2019-07-24 16:55:22,091 - [INFO] - Epoch:   25 | FVAL: 0.0009236
2019-07-24 16:55:22,304 - [INFO] - Epoch:   26 | FVAL: 0.0009146
2019-07-24 16:55:22,519 - [INFO] - Epoch:   27 | FVAL: 0.0009063
2019-07-24 16:55:22,734 - [INFO] - Epoch:   28 | FVAL: 0.0008986
2019-07-24 16:55:22,950 - [INFO] - Epoch:   29 | FVAL: 0.0008915
2019-07-24 16:55:23,165 - [INFO] - Epoch:   30 | FVAL: 0.0008849
2019-07-24 16:55:23,381 - [INFO] - Epoch:   31 | FVAL: 0.0008788
2019-07-24 16:55:23,614 - [INFO] - Epoch:   32 | FVAL: 0.0008730
2019-07-24 16:55:23,829 - [INFO] - Epoch:   33 | FVAL: 0.0008677
2019-07-24 16:55:24,044 - [INFO] - Epoch:   34 | FVAL: 0.0008626
2019-07-24 16:55:24,258 - [INFO] - Epoch:   35 | FVAL: 0.0008579
2019-07-24 16:55:24,474 - [INFO] - Epoch:   36 | FVAL: 0.0008535
2019-07-24 16:55:24,689 - [INFO] - Epoch:   37 | FVAL: 0.0008493
2019-07-24 16:55:24,904 - [INFO] - Epoch:   38 | FVAL: 0.0008453
2019-07-24 16:55:25,120 - [INFO] - Epoch:   39 | FVAL: 0.0008415
2019-07-24 16:55:25,335 - [INFO] - Epoch:   40 | FVAL: 0.0008380
2019-07-24 16:55:25,552 - [INFO] - Epoch:   41 | FVAL: 0.0008346
2019-07-24 16:55:25,768 - [INFO] - Epoch:   42 | FVAL: 0.0008314
2019-07-24 16:55:25,984 - [INFO] - Epoch:   43 | FVAL: 0.0008283
2019-07-24 16:55:26,199 - [INFO] - Epoch:   44 | FVAL: 0.0008254
2019-07-24 16:55:26,415 - [INFO] - Epoch:   45 | FVAL: 0.0008227
2019-07-24 16:55:26,631 - [INFO] - Epoch:   46 | FVAL: 0.0008200
2019-07-24 16:55:26,846 - [INFO] - Epoch:   47 | FVAL: 0.0008175
2019-07-24 16:55:27,061 - [INFO] - Epoch:   48 | FVAL: 0.0008150
2019-07-24 16:55:27,276 - [INFO] - Epoch:   49 | FVAL: 0.0008127
2019-07-24 16:55:27,491 - [INFO] - Epoch:   50 | FVAL: 0.0008105
2019-07-24 16:55:27,706 - [INFO] - Epoch:   51 | FVAL: 0.0008083
2019-07-24 16:55:27,920 - [INFO] - Epoch:   52 | FVAL: 0.0008062
2019-07-24 16:55:28,136 - [INFO] - Epoch:   53 | FVAL: 0.0008042
2019-07-24 16:55:28,351 - [INFO] - Epoch:   54 | FVAL: 0.0008023
2019-07-24 16:55:28,565 - [INFO] - Epoch:   55 | FVAL: 0.0008005
2019-07-24 16:55:28,782 - [INFO] - Epoch:   56 | FVAL: 0.0007987
2019-07-24 16:55:28,997 - [INFO] - Epoch:   57 | FVAL: 0.0007969
2019-07-24 16:55:29,212 - [INFO] - Epoch:   58 | FVAL: 0.0007953
2019-07-24 16:55:29,428 - [INFO] - Epoch:   59 | FVAL: 0.0007936
2019-07-24 16:55:29,643 - [INFO] - Epoch:   60 | FVAL: 0.0007921
2019-07-24 16:55:29,858 - [INFO] - Epoch:   61 | FVAL: 0.0007905
2019-07-24 16:55:30,073 - [INFO] - Epoch:   62 | FVAL: 0.0007891
2019-07-24 16:55:30,287 - [INFO] - Epoch:   63 | FVAL: 0.0007876
2019-07-24 16:55:30,502 - [INFO] - Epoch:   64 | FVAL: 0.0007862
2019-07-24 16:55:30,717 - [INFO] - Epoch:   65 | FVAL: 0.0007849
2019-07-24 16:55:30,931 - [INFO] - Epoch:   66 | FVAL: 0.0007836
2019-07-24 16:55:31,151 - [INFO] - Epoch:   67 | FVAL: 0.0007823
2019-07-24 16:55:31,366 - [INFO] - Epoch:   68 | FVAL: 0.0007810
2019-07-24 16:55:31,581 - [INFO] - Epoch:   69 | FVAL: 0.0007798
2019-07-24 16:55:31,795 - [INFO] - Epoch:   70 | FVAL: 0.0007786
2019-07-24 16:55:32,009 - [INFO] - Epoch:   71 | FVAL: 0.0007774
2019-07-24 16:55:32,223 - [INFO] - Epoch:   72 | FVAL: 0.0007763
2019-07-24 16:55:32,437 - [INFO] - Epoch:   73 | FVAL: 0.0007752
2019-07-24 16:55:32,651 - [INFO] - Epoch:   74 | FVAL: 0.0007741
2019-07-24 16:55:32,865 - [INFO] - Epoch:   75 | FVAL: 0.0007731
2019-07-24 16:55:33,079 - [INFO] - Epoch:   76 | FVAL: 0.0007720
2019-07-24 16:55:33,293 - [INFO] - Epoch:   77 | FVAL: 0.0007710
2019-07-24 16:55:33,506 - [INFO] - Epoch:   78 | FVAL: 0.0007700
2019-07-24 16:56:27,892 - [INFO] - rcsum-- N:62 | d:2000 | lambda:1e-06
2019-07-24 16:56:27,893 - [INFO] - Function value sequence convergence criteria.
2019-07-24 16:56:27,893 - [INFO] - Epoch:    0 | FVAL: 0.3465736
2019-07-24 16:56:28,110 - [INFO] - Epoch:    1 | FVAL: 0.0072145
2019-07-24 16:56:28,325 - [INFO] - Epoch:    2 | FVAL: 0.0036753
2019-07-24 16:56:28,542 - [INFO] - Epoch:    3 | FVAL: 0.0024748
2019-07-24 16:56:28,757 - [INFO] - Epoch:    4 | FVAL: 0.0018729
2019-07-24 16:56:28,975 - [INFO] - Epoch:    5 | FVAL: 0.0015118
2019-07-24 16:56:29,191 - [INFO] - Epoch:    6 | FVAL: 0.0012709
2019-07-24 16:56:29,408 - [INFO] - Epoch:    7 | FVAL: 0.0010990
2019-07-24 16:56:29,624 - [INFO] - Epoch:    8 | FVAL: 0.0009700
2019-07-24 16:56:29,842 - [INFO] - Epoch:    9 | FVAL: 0.0008698
2019-07-24 16:56:30,056 - [INFO] - Epoch:   10 | FVAL: 0.0007897
2019-07-24 16:56:30,273 - [INFO] - Epoch:   11 | FVAL: 0.0007242
2019-07-24 16:56:30,489 - [INFO] - Epoch:   12 | FVAL: 0.0006697
2019-07-24 16:56:30,706 - [INFO] - Epoch:   13 | FVAL: 0.0006236
2019-07-24 16:56:30,921 - [INFO] - Epoch:   14 | FVAL: 0.0005841
2019-07-24 16:56:31,139 - [INFO] - Epoch:   15 | FVAL: 0.0005499
2019-07-24 16:56:31,354 - [INFO] - Epoch:   16 | FVAL: 0.0005200
2019-07-24 16:56:31,571 - [INFO] - Epoch:   17 | FVAL: 0.0004936
2019-07-24 16:56:31,787 - [INFO] - Epoch:   18 | FVAL: 0.0004702
2019-07-24 16:56:32,004 - [INFO] - Epoch:   19 | FVAL: 0.0004493
2019-07-24 16:56:32,219 - [INFO] - Epoch:   20 | FVAL: 0.0004305
2019-07-24 16:56:32,437 - [INFO] - Epoch:   21 | FVAL: 0.0004135
2019-07-24 16:56:32,653 - [INFO] - Epoch:   22 | FVAL: 0.0003981
2019-07-24 16:56:32,870 - [INFO] - Epoch:   23 | FVAL: 0.0003840
2019-07-24 16:56:33,086 - [INFO] - Epoch:   24 | FVAL: 0.0003711
2019-07-24 16:56:33,304 - [INFO] - Epoch:   25 | FVAL: 0.0003592
2019-07-24 16:56:33,520 - [INFO] - Epoch:   26 | FVAL: 0.0003483
2019-07-24 16:56:33,738 - [INFO] - Epoch:   27 | FVAL: 0.0003382
2019-07-24 16:56:33,954 - [INFO] - Epoch:   28 | FVAL: 0.0003288
2019-07-24 16:56:34,173 - [INFO] - Epoch:   29 | FVAL: 0.0003201
2019-07-24 16:56:34,389 - [INFO] - Epoch:   30 | FVAL: 0.0003119
2019-07-24 16:56:34,608 - [INFO] - Epoch:   31 | FVAL: 0.0003043
2019-07-24 16:56:34,823 - [INFO] - Epoch:   32 | FVAL: 0.0002972
2019-07-24 16:56:35,041 - [INFO] - Epoch:   33 | FVAL: 0.0002905
2019-07-24 16:56:35,257 - [INFO] - Epoch:   34 | FVAL: 0.0002842
2019-07-24 16:56:35,475 - [INFO] - Epoch:   35 | FVAL: 0.0002783
2019-07-24 16:56:35,691 - [INFO] - Epoch:   36 | FVAL: 0.0002727
2019-07-24 16:56:35,909 - [INFO] - Epoch:   37 | FVAL: 0.0002674
2019-07-24 16:56:36,125 - [INFO] - Epoch:   38 | FVAL: 0.0002624
2019-07-24 16:56:36,344 - [INFO] - Epoch:   39 | FVAL: 0.0002577
2019-07-24 16:56:36,560 - [INFO] - Epoch:   40 | FVAL: 0.0002532
2019-07-24 16:56:36,777 - [INFO] - Epoch:   41 | FVAL: 0.0002489
2019-07-24 16:56:36,993 - [INFO] - Epoch:   42 | FVAL: 0.0002449
2019-07-24 16:56:37,212 - [INFO] - Epoch:   43 | FVAL: 0.0002410
2019-07-24 16:56:37,428 - [INFO] - Epoch:   44 | FVAL: 0.0002373
2019-07-24 16:56:37,646 - [INFO] - Epoch:   45 | FVAL: 0.0002338
2019-07-24 16:56:37,861 - [INFO] - Epoch:   46 | FVAL: 0.0002304
2019-07-24 16:56:38,081 - [INFO] - Epoch:   47 | FVAL: 0.0002272
2019-07-24 16:56:38,296 - [INFO] - Epoch:   48 | FVAL: 0.0002241
2019-07-24 16:56:38,513 - [INFO] - Epoch:   49 | FVAL: 0.0002212
2019-07-24 16:56:38,729 - [INFO] - Epoch:   50 | FVAL: 0.0002183
2019-07-24 16:56:38,947 - [INFO] - Epoch:   51 | FVAL: 0.0002156
2019-07-24 16:56:39,161 - [INFO] - Epoch:   52 | FVAL: 0.0002130
2019-07-24 16:56:39,378 - [INFO] - Epoch:   53 | FVAL: 0.0002105
2019-07-24 16:56:39,594 - [INFO] - Epoch:   54 | FVAL: 0.0002081
2019-07-24 16:56:39,813 - [INFO] - Epoch:   55 | FVAL: 0.0002058
2019-07-24 16:56:40,028 - [INFO] - Epoch:   56 | FVAL: 0.0002035
2019-07-24 16:56:40,247 - [INFO] - Epoch:   57 | FVAL: 0.0002014
2019-07-24 16:56:40,463 - [INFO] - Epoch:   58 | FVAL: 0.0001993
2019-07-24 16:56:40,680 - [INFO] - Epoch:   59 | FVAL: 0.0001973
2019-07-24 16:56:40,895 - [INFO] - Epoch:   60 | FVAL: 0.0001953
2019-07-24 16:56:41,113 - [INFO] - Epoch:   61 | FVAL: 0.0001934
2019-07-24 16:56:41,329 - [INFO] - Epoch:   62 | FVAL: 0.0001916
2019-07-24 16:56:41,549 - [INFO] - Epoch:   63 | FVAL: 0.0001899
2019-07-24 16:56:41,764 - [INFO] - Epoch:   64 | FVAL: 0.0001882
2019-07-24 16:56:41,983 - [INFO] - Epoch:   65 | FVAL: 0.0001865
2019-07-24 16:56:42,198 - [INFO] - Epoch:   66 | FVAL: 0.0001849
2019-07-24 16:56:42,416 - [INFO] - Epoch:   67 | FVAL: 0.0001834
2019-07-24 16:56:42,631 - [INFO] - Epoch:   68 | FVAL: 0.0001819
2019-07-24 16:56:42,849 - [INFO] - Epoch:   69 | FVAL: 0.0001805
2019-07-24 16:56:43,064 - [INFO] - Epoch:   70 | FVAL: 0.0001790
2019-07-24 16:56:43,284 - [INFO] - Epoch:   71 | FVAL: 0.0001777
2019-07-24 16:56:43,499 - [INFO] - Epoch:   72 | FVAL: 0.0001763
2019-07-24 16:56:43,718 - [INFO] - Epoch:   73 | FVAL: 0.0001751
2019-07-24 16:56:43,933 - [INFO] - Epoch:   74 | FVAL: 0.0001738
2019-07-24 16:56:44,151 - [INFO] - Epoch:   75 | FVAL: 0.0001726
2019-07-24 16:56:44,367 - [INFO] - Epoch:   76 | FVAL: 0.0001714
2019-07-24 16:56:44,585 - [INFO] - Epoch:   77 | FVAL: 0.0001702
2019-07-24 16:56:44,800 - [INFO] - Epoch:   78 | FVAL: 0.0001691
2019-07-24 16:56:45,018 - [INFO] - Epoch:   79 | FVAL: 0.0001680
2019-07-24 16:56:45,233 - [INFO] - Epoch:   80 | FVAL: 0.0001670
2019-07-24 16:56:45,451 - [INFO] - Epoch:   81 | FVAL: 0.0001659
2019-07-24 16:56:45,667 - [INFO] - Epoch:   82 | FVAL: 0.0001649
2019-07-24 16:56:45,884 - [INFO] - Epoch:   83 | FVAL: 0.0001639
