2019-07-21 22:23:50,273 - [INFO] - csum-- N:683 | d:10 | lambda:0.001
2019-07-21 22:23:50,273 - [INFO] - Function value sequence convergence criteria.
2019-07-21 22:23:50,273 - [INFO] - Epoch:    0 | FVAL: 0.3465736
2019-07-21 22:23:50,275 - [INFO] - Epoch:    1 | FVAL: 0.3465736
2019-07-21 22:23:50,277 - [INFO] - Epoch:    2 | FVAL: 0.0684269
2019-07-21 22:23:50,280 - [INFO] - Epoch:    3 | FVAL: 0.0573582
2019-07-21 22:23:50,282 - [INFO] - Epoch:    4 | FVAL: 0.0533749
2019-07-21 22:23:50,283 - [INFO] - Epoch:    5 | FVAL: 0.0513554
2019-07-21 22:23:50,285 - [INFO] - Epoch:    6 | FVAL: 0.0501344
2019-07-21 22:23:50,286 - [INFO] - Epoch:    7 | FVAL: 0.0493097
2019-07-21 22:23:50,287 - [INFO] - Epoch:    8 | FVAL: 0.0487090
2019-07-21 22:23:50,288 - [INFO] - Epoch:    9 | FVAL: 0.0482470
2019-07-21 22:23:50,290 - [INFO] - Epoch:   10 | FVAL: 0.0478775
2019-07-21 22:23:50,291 - [INFO] - Epoch:   11 | FVAL: 0.0475732
2019-07-21 22:23:50,293 - [INFO] - Epoch:   12 | FVAL: 0.0473169
2019-07-21 22:23:50,295 - [INFO] - Epoch:   13 | FVAL: 0.0470975
2019-07-21 22:23:50,298 - [INFO] - Epoch:   14 | FVAL: 0.0469070
2019-07-21 22:23:50,301 - [INFO] - Epoch:   15 | FVAL: 0.0467401
2019-07-21 22:23:50,305 - [INFO] - Epoch:   16 | FVAL: 0.0465925
2019-07-21 22:23:50,307 - [INFO] - Epoch:   17 | FVAL: 0.0464611
2019-07-21 22:23:50,309 - [INFO] - Epoch:   18 | FVAL: 0.0463434
2019-07-21 22:23:50,311 - [INFO] - Epoch:   19 | FVAL: 0.0462374
2019-07-21 22:23:50,313 - [INFO] - Epoch:   20 | FVAL: 0.0461415
2019-07-21 22:23:50,314 - [INFO] - Epoch:   21 | FVAL: 0.0460545
2019-07-21 22:23:50,316 - [INFO] - Epoch:   22 | FVAL: 0.0459752
2019-07-21 22:23:50,317 - [INFO] - Epoch:   23 | FVAL: 0.0459027
2019-07-21 22:23:50,319 - [INFO] - Epoch:   24 | FVAL: 0.0458363
2019-07-21 22:23:50,320 - [INFO] - Epoch:   25 | FVAL: 0.0457751
2019-07-21 22:23:50,321 - [INFO] - Epoch:   26 | FVAL: 0.0457188
2019-07-21 22:23:50,323 - [INFO] - Epoch:   27 | FVAL: 0.0456667
2019-07-21 22:23:50,324 - [INFO] - Epoch:   28 | FVAL: 0.0456185
2019-07-21 22:23:50,326 - [INFO] - Epoch:   29 | FVAL: 0.0455738
2019-07-21 22:23:50,327 - [INFO] - Epoch:   30 | FVAL: 0.0455322
2019-07-21 22:23:50,329 - [INFO] - Epoch:   31 | FVAL: 0.0454955
2019-07-21 22:23:50,330 - [INFO] - Epoch:   32 | FVAL: 0.0454630
2019-07-21 22:23:50,332 - [INFO] - Epoch:   33 | FVAL: 0.0454328
2019-07-21 22:23:50,333 - [INFO] - Epoch:   34 | FVAL: 0.0454047
2019-07-21 22:23:50,334 - [INFO] - Epoch:   35 | FVAL: 0.0453785
2019-07-21 22:23:50,336 - [INFO] - Epoch:   36 | FVAL: 0.0453541
2019-07-21 22:23:50,337 - [INFO] - Epoch:   37 | FVAL: 0.0453312
2019-07-21 22:23:50,339 - [INFO] - Epoch:   38 | FVAL: 0.0453099
2019-07-21 22:23:50,340 - [INFO] - Epoch:   39 | FVAL: 0.0452898
2019-07-21 22:23:50,342 - [INFO] - Epoch:   40 | FVAL: 0.0452710
2019-07-21 22:23:50,343 - [INFO] - Epoch:   41 | FVAL: 0.0452534
2019-07-21 22:23:50,344 - [INFO] - Epoch:   42 | FVAL: 0.0452367
2019-07-21 22:23:50,347 - [INFO] - Epoch:   43 | FVAL: 0.0452211
2019-07-21 22:23:50,348 - [INFO] - Epoch:   44 | FVAL: 0.0452063
2019-07-21 22:23:50,350 - [INFO] - Epoch:   45 | FVAL: 0.0451923
2019-07-21 22:23:50,351 - [INFO] - Epoch:   46 | FVAL: 0.0451791
2019-07-21 22:23:50,353 - [INFO] - Epoch:   47 | FVAL: 0.0451666
2019-07-21 22:23:50,354 - [INFO] - Epoch:   48 | FVAL: 0.0451548
2019-07-21 22:23:50,356 - [INFO] - Epoch:   49 | FVAL: 0.0451435
2019-07-21 22:23:50,357 - [INFO] - Epoch:   50 | FVAL: 0.0451329
2019-07-21 22:23:50,359 - [INFO] - Epoch:   51 | FVAL: 0.0451227
2019-07-21 22:23:50,361 - [INFO] - Epoch:   52 | FVAL: 0.0451131
2019-07-21 22:23:50,362 - [INFO] - Epoch:   53 | FVAL: 0.0451039
2019-07-21 22:23:50,364 - [INFO] - Epoch:   54 | FVAL: 0.0450952
2019-07-21 22:23:50,365 - [INFO] - Epoch:   55 | FVAL: 0.0450868
2019-07-21 22:23:50,367 - [INFO] - Epoch:   56 | FVAL: 0.0450789
2019-07-21 22:23:50,368 - [INFO] - Epoch:   57 | FVAL: 0.0450713
2019-07-21 22:23:50,370 - [INFO] - Epoch:   58 | FVAL: 0.0450640
2019-07-21 22:23:50,371 - [INFO] - Epoch:   59 | FVAL: 0.0450571
2019-07-21 22:23:50,373 - [INFO] - Epoch:   60 | FVAL: 0.0450504
2019-07-21 22:23:50,374 - [INFO] - Epoch:   61 | FVAL: 0.0450441
2019-07-21 22:23:50,376 - [INFO] - Epoch:   62 | FVAL: 0.0450380
2019-07-21 22:23:50,378 - [INFO] - Epoch:   63 | FVAL: 0.0450321
2019-07-21 22:23:50,379 - [INFO] - Epoch:   64 | FVAL: 0.0450265
2019-07-21 22:23:50,382 - [INFO] - Epoch:   65 | FVAL: 0.0450211
2019-07-21 22:23:50,384 - [INFO] - Epoch:   66 | FVAL: 0.0450159
2019-07-21 22:23:50,386 - [INFO] - Epoch:   67 | FVAL: 0.0450109
2019-07-21 22:23:50,388 - [INFO] - Epoch:   68 | FVAL: 0.0450061
2019-07-21 22:23:50,389 - [INFO] - Epoch:   69 | FVAL: 0.0450015
2019-07-21 22:23:50,391 - [INFO] - Epoch:   70 | FVAL: 0.0449971
2019-07-21 22:23:50,395 - [INFO] - Epoch:   71 | FVAL: 0.0449928
2019-07-21 22:23:50,398 - [INFO] - Epoch:   72 | FVAL: 0.0449887
2019-07-21 22:23:50,404 - [INFO] - Epoch:   73 | FVAL: 0.0449847
2019-07-21 22:23:50,405 - [INFO] - Epoch:   74 | FVAL: 0.0449808
2019-07-21 22:23:50,407 - [INFO] - Epoch:   75 | FVAL: 0.0449771
2019-07-21 22:23:50,409 - [INFO] - Epoch:   76 | FVAL: 0.0449735
2019-07-21 22:23:50,411 - [INFO] - Epoch:   77 | FVAL: 0.0449701
2019-07-21 22:23:50,412 - [INFO] - Epoch:   78 | FVAL: 0.0449667
2019-07-21 22:23:50,414 - [INFO] - Epoch:   79 | FVAL: 0.0449635
2019-07-21 22:23:50,415 - [INFO] - Epoch:   80 | FVAL: 0.0449604
2019-07-21 22:23:50,417 - [INFO] - Epoch:   81 | FVAL: 0.0449573
2019-07-21 22:23:50,419 - [INFO] - Epoch:   82 | FVAL: 0.0449544
2019-07-21 22:23:50,420 - [INFO] - Epoch:   83 | FVAL: 0.0449515
2019-07-21 22:23:50,422 - [INFO] - Epoch:   84 | FVAL: 0.0449488
2019-07-21 22:23:50,424 - [INFO] - Epoch:   85 | FVAL: 0.0449461
2019-07-21 22:23:50,425 - [INFO] - Epoch:   86 | FVAL: 0.0449435
2019-07-21 22:23:50,427 - [INFO] - Epoch:   87 | FVAL: 0.0449410
2019-07-21 22:23:50,428 - [INFO] - Epoch:   88 | FVAL: 0.0449385
2019-07-21 22:23:50,430 - [INFO] - Epoch:   89 | FVAL: 0.0449362
2019-07-21 22:23:50,432 - [INFO] - Epoch:   90 | FVAL: 0.0449339
2019-07-21 22:23:50,433 - [INFO] - Epoch:   91 | FVAL: 0.0449316
2019-07-21 22:23:50,435 - [INFO] - Epoch:   92 | FVAL: 0.0449294
2019-07-21 22:23:50,436 - [INFO] - Epoch:   93 | FVAL: 0.0449273
2019-07-21 22:23:50,438 - [INFO] - Epoch:   94 | FVAL: 0.0449253
2019-07-21 22:23:50,440 - [INFO] - Epoch:   95 | FVAL: 0.0449233
2019-07-21 22:23:50,441 - [INFO] - Epoch:   96 | FVAL: 0.0449213
2019-07-21 22:23:50,443 - [INFO] - Epoch:   97 | FVAL: 0.0449194
2019-07-21 22:23:50,445 - [INFO] - Epoch:   98 | FVAL: 0.0449176
2019-07-21 22:23:50,447 - [INFO] - Epoch:   99 | FVAL: 0.0449158
2019-07-21 22:23:50,449 - [INFO] - Epoch:  100 | FVAL: 0.0449140
2019-07-21 22:23:50,450 - [INFO] - Epoch:  101 | FVAL: 0.0449123
2019-07-21 22:23:50,452 - [INFO] - Epoch:  102 | FVAL: 0.0449106
2019-07-21 22:23:50,454 - [INFO] - Epoch:  103 | FVAL: 0.0449090
2019-07-21 22:23:50,456 - [INFO] - Epoch:  104 | FVAL: 0.0449074
2019-07-21 22:23:50,457 - [INFO] - Epoch:  105 | FVAL: 0.0449059
2019-07-21 22:23:50,459 - [INFO] - Epoch:  106 | FVAL: 0.0449044
2019-07-21 22:23:50,461 - [INFO] - Epoch:  107 | FVAL: 0.0449029
2019-07-21 22:23:50,462 - [INFO] - Epoch:  108 | FVAL: 0.0449014
2019-07-21 22:23:50,464 - [INFO] - Epoch:  109 | FVAL: 0.0449000
2019-07-21 22:23:50,466 - [INFO] - Epoch:  110 | FVAL: 0.0448987
2019-07-21 22:23:50,467 - [INFO] - Epoch:  111 | FVAL: 0.0448973
2019-07-21 22:23:50,469 - [INFO] - Epoch:  112 | FVAL: 0.0448960
2019-07-21 22:23:50,471 - [INFO] - Epoch:  113 | FVAL: 0.0448948
2019-07-21 22:23:50,473 - [INFO] - Epoch:  114 | FVAL: 0.0448935
2019-07-21 22:23:50,475 - [INFO] - Epoch:  115 | FVAL: 0.0448923
2019-07-21 22:23:50,477 - [INFO] - Epoch:  116 | FVAL: 0.0448911
2019-07-21 22:23:50,479 - [INFO] - Epoch:  117 | FVAL: 0.0448899
2019-07-21 22:23:50,481 - [INFO] - Epoch:  118 | FVAL: 0.0448888
2019-07-21 22:23:50,483 - [INFO] - Epoch:  119 | FVAL: 0.0448877
2019-07-21 22:23:50,484 - [INFO] - Epoch:  120 | FVAL: 0.0448866
2019-07-21 22:23:50,486 - [INFO] - Epoch:  121 | FVAL: 0.0448855
2019-07-21 22:23:50,488 - [INFO] - Epoch:  122 | FVAL: 0.0448845
2019-07-21 22:23:50,490 - [INFO] - Epoch:  123 | FVAL: 0.0448835
