2019-07-24 15:40:27,482 - [INFO] - apcg-- N:581012 | d:54 | lambda:0.01
2019-07-24 15:40:27,510 - [INFO] - Function value sequence convergence criteria.
2019-07-24 15:40:27,510 - [INFO] - Epoch:    0 | FVAL: 0.3465736
2019-07-24 15:40:29,954 - [INFO] - Epoch:    1 | FVAL: 0.3282643
2019-07-24 15:40:32,391 - [INFO] - Epoch:    2 | FVAL: 0.3178271
2019-07-24 15:40:34,829 - [INFO] - Epoch:    3 | FVAL: 0.3126524
2019-07-24 15:40:37,268 - [INFO] - Epoch:    4 | FVAL: 0.3114224
2019-07-24 15:40:39,706 - [INFO] - Epoch:    5 | FVAL: 0.3108090
2019-07-24 15:40:42,142 - [INFO] - Epoch:    6 | FVAL: 0.3099232
2019-07-24 15:40:44,580 - [INFO] - Epoch:    7 | FVAL: 0.3095126
2019-07-24 15:40:47,017 - [INFO] - Epoch:    8 | FVAL: 0.3094173
2019-07-24 15:40:49,454 - [INFO] - Epoch:    9 | FVAL: 0.3092273
2019-07-24 15:40:51,891 - [INFO] - Epoch:   10 | FVAL: 0.3091039
2019-07-24 15:40:54,327 - [INFO] - Epoch:   11 | FVAL: 0.3090581
2019-07-24 15:40:56,764 - [INFO] - Epoch:   12 | FVAL: 0.3090506
2019-07-24 15:40:59,202 - [INFO] - Epoch:   13 | FVAL: 0.3090302
2019-07-24 15:41:01,860 - [INFO] - Epoch:   14 | FVAL: 0.3090164
2019-07-24 15:41:04,296 - [INFO] - Epoch:   15 | FVAL: 0.3090142
2019-07-24 15:41:06,733 - [INFO] - Epoch:   16 | FVAL: 0.3090132
2019-07-24 15:43:56,381 - [INFO] - apcg-- N:581012 | d:54 | lambda:0.001
2019-07-24 15:43:56,406 - [INFO] - Function value sequence convergence criteria.
2019-07-24 15:43:56,407 - [INFO] - Epoch:    0 | FVAL: 0.3465736
2019-07-24 15:43:58,855 - [INFO] - Epoch:    1 | FVAL: 0.2932809
2019-07-24 15:44:01,422 - [INFO] - Epoch:    2 | FVAL: 0.2806534
2019-07-24 15:44:03,870 - [INFO] - Epoch:    3 | FVAL: 0.2732478
2019-07-24 15:44:06,321 - [INFO] - Epoch:    4 | FVAL: 0.2708167
2019-07-24 15:44:08,768 - [INFO] - Epoch:    5 | FVAL: 0.2676201
2019-07-24 15:44:11,216 - [INFO] - Epoch:    6 | FVAL: 0.2669752
2019-07-24 15:44:13,673 - [INFO] - Epoch:    7 | FVAL: 0.2666331
2019-07-24 15:44:16,121 - [INFO] - Epoch:    8 | FVAL: 0.2663310
2019-07-24 15:44:18,569 - [INFO] - Epoch:    9 | FVAL: 0.2661017
2019-07-24 15:44:21,017 - [INFO] - Epoch:   10 | FVAL: 0.2660110
2019-07-24 15:44:23,464 - [INFO] - Epoch:   11 | FVAL: 0.2659595
2019-07-24 15:44:25,911 - [INFO] - Epoch:   12 | FVAL: 0.2658969
2019-07-24 15:44:28,358 - [INFO] - Epoch:   13 | FVAL: 0.2658739
2019-07-24 15:44:30,806 - [INFO] - Epoch:   14 | FVAL: 0.2658097
2019-07-24 15:44:33,253 - [INFO] - Epoch:   15 | FVAL: 0.2657675
2019-07-24 15:44:35,700 - [INFO] - Epoch:   16 | FVAL: 0.2657305
2019-07-24 15:44:38,149 - [INFO] - Epoch:   17 | FVAL: 0.2657169
2019-07-24 15:44:40,597 - [INFO] - Epoch:   18 | FVAL: 0.2657023
2019-07-24 15:44:43,044 - [INFO] - Epoch:   19 | FVAL: 0.2656712
2019-07-24 15:44:45,493 - [INFO] - Epoch:   20 | FVAL: 0.2656529
2019-07-24 15:44:47,940 - [INFO] - Epoch:   21 | FVAL: 0.2656268
2019-07-24 15:44:50,388 - [INFO] - Epoch:   22 | FVAL: 0.2656140
2019-07-24 15:44:52,835 - [INFO] - Epoch:   23 | FVAL: 0.2655872
2019-07-24 15:44:55,282 - [INFO] - Epoch:   24 | FVAL: 0.2655612
2019-07-24 15:44:57,729 - [INFO] - Epoch:   25 | FVAL: 0.2655511
2019-07-24 15:45:00,327 - [INFO] - Epoch:   26 | FVAL: 0.2655195
2019-07-24 15:45:02,776 - [INFO] - Epoch:   27 | FVAL: 0.2655099
2019-07-24 15:45:05,218 - [INFO] - Epoch:   28 | FVAL: 0.2654899
2019-07-24 15:45:07,661 - [INFO] - Epoch:   29 | FVAL: 0.2654748
2019-07-24 15:45:10,104 - [INFO] - Epoch:   30 | FVAL: 0.2654689
2019-07-24 15:45:12,548 - [INFO] - Epoch:   31 | FVAL: 0.2654412
2019-07-24 15:45:14,991 - [INFO] - Epoch:   32 | FVAL: 0.2654014
2019-07-24 15:45:17,434 - [INFO] - Epoch:   33 | FVAL: 0.2653966
2019-07-24 15:45:19,877 - [INFO] - Epoch:   34 | FVAL: 0.2653785
2019-07-24 15:45:22,320 - [INFO] - Epoch:   35 | FVAL: 0.2653581
2019-07-24 15:45:24,763 - [INFO] - Epoch:   36 | FVAL: 0.2653533
2019-07-24 15:45:27,206 - [INFO] - Epoch:   37 | FVAL: 0.2653304
2019-07-24 15:45:29,649 - [INFO] - Epoch:   38 | FVAL: 0.2653228
2019-07-24 15:45:32,091 - [INFO] - Epoch:   39 | FVAL: 0.2653177
2019-07-24 15:45:34,534 - [INFO] - Epoch:   40 | FVAL: 0.2653110
2019-07-24 15:45:36,977 - [INFO] - Epoch:   41 | FVAL: 0.2653072
2019-07-24 15:45:39,421 - [INFO] - Epoch:   42 | FVAL: 0.2653053
2019-07-24 15:45:41,865 - [INFO] - Epoch:   43 | FVAL: 0.2653043
2019-07-24 15:51:25,919 - [INFO] - apcg-- N:581012 | d:54 | lambda:0.0001
2019-07-24 15:51:25,944 - [INFO] - Function value sequence convergence criteria.
2019-07-24 15:51:25,944 - [INFO] - Epoch:    0 | FVAL: 0.3465736
2019-07-24 15:51:28,388 - [INFO] - Epoch:    1 | FVAL: 0.3050774
2019-07-24 15:51:30,831 - [INFO] - Epoch:    2 | FVAL: 0.2771372
2019-07-24 15:51:33,274 - [INFO] - Epoch:    3 | FVAL: 0.2694904
2019-07-24 15:51:35,717 - [INFO] - Epoch:    4 | FVAL: 0.2665911
2019-07-24 15:51:38,160 - [INFO] - Epoch:    5 | FVAL: 0.2643792
2019-07-24 15:51:40,604 - [INFO] - Epoch:    6 | FVAL: 0.2631026
2019-07-24 15:51:43,048 - [INFO] - Epoch:    7 | FVAL: 0.2622249
2019-07-24 15:51:45,492 - [INFO] - Epoch:    8 | FVAL: 0.2611810
2019-07-24 15:51:47,934 - [INFO] - Epoch:    9 | FVAL: 0.2604708
2019-07-24 15:51:50,378 - [INFO] - Epoch:   10 | FVAL: 0.2598392
2019-07-24 15:51:52,822 - [INFO] - Epoch:   11 | FVAL: 0.2593342
2019-07-24 15:51:55,266 - [INFO] - Epoch:   12 | FVAL: 0.2590594
2019-07-24 15:51:57,710 - [INFO] - Epoch:   13 | FVAL: 0.2589306
2019-07-24 15:52:00,227 - [INFO] - Epoch:   14 | FVAL: 0.2587224
2019-07-24 15:52:02,720 - [INFO] - Epoch:   15 | FVAL: 0.2585774
2019-07-24 15:52:05,164 - [INFO] - Epoch:   16 | FVAL: 0.2585272
2019-07-24 15:52:07,607 - [INFO] - Epoch:   17 | FVAL: 0.2583102
2019-07-24 15:52:10,050 - [INFO] - Epoch:   18 | FVAL: 0.2582454
2019-07-24 15:52:12,493 - [INFO] - Epoch:   19 | FVAL: 0.2581990
2019-07-24 15:52:14,937 - [INFO] - Epoch:   20 | FVAL: 0.2580962
2019-07-24 15:52:17,381 - [INFO] - Epoch:   21 | FVAL: 0.2580547
2019-07-24 15:52:19,825 - [INFO] - Epoch:   22 | FVAL: 0.2580186
2019-07-24 15:52:22,269 - [INFO] - Epoch:   23 | FVAL: 0.2579964
2019-07-24 15:52:24,713 - [INFO] - Epoch:   24 | FVAL: 0.2579844
2019-07-24 15:52:27,156 - [INFO] - Epoch:   25 | FVAL: 0.2579652
2019-07-24 15:52:29,600 - [INFO] - Epoch:   26 | FVAL: 0.2579480
2019-07-24 15:52:32,044 - [INFO] - Epoch:   27 | FVAL: 0.2579326
2019-07-24 15:52:34,487 - [INFO] - Epoch:   28 | FVAL: 0.2579186
2019-07-24 15:52:36,932 - [INFO] - Epoch:   29 | FVAL: 0.2579095
2019-07-24 15:52:39,376 - [INFO] - Epoch:   30 | FVAL: 0.2579033
2019-07-24 15:52:41,820 - [INFO] - Epoch:   31 | FVAL: 0.2578892
2019-07-24 15:52:44,263 - [INFO] - Epoch:   32 | FVAL: 0.2578826
2019-07-24 15:52:46,707 - [INFO] - Epoch:   33 | FVAL: 0.2578766
2019-07-24 15:52:49,151 - [INFO] - Epoch:   34 | FVAL: 0.2578725
2019-07-24 15:52:51,595 - [INFO] - Epoch:   35 | FVAL: 0.2578700
2019-07-24 15:52:54,038 - [INFO] - Epoch:   36 | FVAL: 0.2578656
2019-07-24 15:52:56,482 - [INFO] - Epoch:   37 | FVAL: 0.2578602
2019-07-24 15:52:58,926 - [INFO] - Epoch:   38 | FVAL: 0.2578573
2019-07-24 15:53:01,489 - [INFO] - Epoch:   39 | FVAL: 0.2578546
2019-07-24 15:53:03,932 - [INFO] - Epoch:   40 | FVAL: 0.2578514
2019-07-24 15:53:06,377 - [INFO] - Epoch:   41 | FVAL: 0.2578490
2019-07-24 15:53:08,821 - [INFO] - Epoch:   42 | FVAL: 0.2578478
2019-07-24 15:53:11,265 - [INFO] - Epoch:   43 | FVAL: 0.2578458
2019-07-24 15:53:13,709 - [INFO] - Epoch:   44 | FVAL: 0.2578446
2019-07-24 15:53:16,153 - [INFO] - Epoch:   45 | FVAL: 0.2578434
2019-07-24 15:53:18,597 - [INFO] - Epoch:   46 | FVAL: 0.2578412
2019-07-24 15:53:21,040 - [INFO] - Epoch:   47 | FVAL: 0.2578396
2019-07-24 15:53:23,484 - [INFO] - Epoch:   48 | FVAL: 0.2578385
2019-07-24 15:53:25,928 - [INFO] - Epoch:   49 | FVAL: 0.2578371
2019-07-24 15:53:28,371 - [INFO] - Epoch:   50 | FVAL: 0.2578363
2019-07-24 15:57:56,152 - [INFO] - apcg-- N:581012 | d:54 | lambda:1e-05
2019-07-24 15:57:56,178 - [INFO] - Function value sequence convergence criteria.
2019-07-24 15:57:56,178 - [INFO] - Epoch:    0 | FVAL: 0.3465736
2019-07-24 15:57:58,623 - [INFO] - Epoch:    1 | FVAL: 0.2873919
2019-07-24 15:58:01,217 - [INFO] - Epoch:    2 | FVAL: 0.2770455
2019-07-24 15:58:03,667 - [INFO] - Epoch:    3 | FVAL: 0.2699839
2019-07-24 15:58:06,111 - [INFO] - Epoch:    4 | FVAL: 0.2650546
2019-07-24 15:58:08,555 - [INFO] - Epoch:    5 | FVAL: 0.2624618
2019-07-24 15:58:10,998 - [INFO] - Epoch:    6 | FVAL: 0.2612369
2019-07-24 15:58:13,442 - [INFO] - Epoch:    7 | FVAL: 0.2610014
2019-07-24 15:58:15,885 - [INFO] - Epoch:    8 | FVAL: 0.2607912
2019-07-24 15:58:18,328 - [INFO] - Epoch:    9 | FVAL: 0.2599346
2019-07-24 15:58:20,772 - [INFO] - Epoch:   10 | FVAL: 0.2593395
2019-07-24 15:58:23,216 - [INFO] - Epoch:   11 | FVAL: 0.2588461
2019-07-24 15:58:25,659 - [INFO] - Epoch:   12 | FVAL: 0.2586363
2019-07-24 15:58:28,103 - [INFO] - Epoch:   13 | FVAL: 0.2582161
2019-07-24 15:58:30,547 - [INFO] - Epoch:   14 | FVAL: 0.2579772
2019-07-24 15:58:32,990 - [INFO] - Epoch:   15 | FVAL: 0.2577312
2019-07-24 15:58:35,433 - [INFO] - Epoch:   16 | FVAL: 0.2575161
2019-07-24 15:58:37,876 - [INFO] - Epoch:   17 | FVAL: 0.2574122
2019-07-24 15:58:40,320 - [INFO] - Epoch:   18 | FVAL: 0.2573305
2019-07-24 15:58:42,764 - [INFO] - Epoch:   19 | FVAL: 0.2571905
2019-07-24 15:58:45,207 - [INFO] - Epoch:   20 | FVAL: 0.2571267
2019-07-24 15:58:47,650 - [INFO] - Epoch:   21 | FVAL: 0.2570435
2019-07-24 15:58:50,094 - [INFO] - Epoch:   22 | FVAL: 0.2570109
2019-07-24 15:58:52,537 - [INFO] - Epoch:   23 | FVAL: 0.2569841
2019-07-24 15:58:54,980 - [INFO] - Epoch:   24 | FVAL: 0.2569701
2019-07-24 15:58:57,424 - [INFO] - Epoch:   25 | FVAL: 0.2569497
2019-07-24 15:58:59,867 - [INFO] - Epoch:   26 | FVAL: 0.2569407
2019-07-24 15:59:02,418 - [INFO] - Epoch:   27 | FVAL: 0.2569302
2019-07-24 15:59:04,862 - [INFO] - Epoch:   28 | FVAL: 0.2569173
2019-07-24 15:59:07,306 - [INFO] - Epoch:   29 | FVAL: 0.2569080
2019-07-24 15:59:09,749 - [INFO] - Epoch:   30 | FVAL: 0.2569017
2019-07-24 15:59:12,193 - [INFO] - Epoch:   31 | FVAL: 0.2568970
2019-07-24 15:59:14,639 - [INFO] - Epoch:   32 | FVAL: 0.2568921
2019-07-24 15:59:17,083 - [INFO] - Epoch:   33 | FVAL: 0.2568877
2019-07-24 15:59:19,527 - [INFO] - Epoch:   34 | FVAL: 0.2568851
2019-07-24 15:59:21,970 - [INFO] - Epoch:   35 | FVAL: 0.2568825
2019-07-24 15:59:24,414 - [INFO] - Epoch:   36 | FVAL: 0.2568803
2019-07-24 15:59:26,859 - [INFO] - Epoch:   37 | FVAL: 0.2568776
2019-07-24 15:59:29,302 - [INFO] - Epoch:   38 | FVAL: 0.2568756
2019-07-24 15:59:31,745 - [INFO] - Epoch:   39 | FVAL: 0.2568739
2019-07-24 15:59:34,189 - [INFO] - Epoch:   40 | FVAL: 0.2568726
2019-07-24 15:59:36,633 - [INFO] - Epoch:   41 | FVAL: 0.2568716
2019-07-24 15:59:39,077 - [INFO] - Epoch:   42 | FVAL: 0.2568706
2019-07-24 15:59:41,521 - [INFO] - Epoch:   43 | FVAL: 0.2568700
2019-07-24 16:04:11,668 - [INFO] - apcg-- N:581012 | d:54 | lambda:1e-06
2019-07-24 16:04:11,696 - [INFO] - Function value sequence convergence criteria.
2019-07-24 16:04:11,697 - [INFO] - Epoch:    0 | FVAL: 0.3465736
2019-07-24 16:04:14,145 - [INFO] - Epoch:    1 | FVAL: 0.2999903
2019-07-24 16:04:16,587 - [INFO] - Epoch:    2 | FVAL: 0.2696188
2019-07-24 16:04:19,029 - [INFO] - Epoch:    3 | FVAL: 0.2661661
2019-07-24 16:04:21,471 - [INFO] - Epoch:    4 | FVAL: 0.2631002
2019-07-24 16:04:23,913 - [INFO] - Epoch:    5 | FVAL: 0.2617712
2019-07-24 16:04:26,354 - [INFO] - Epoch:    6 | FVAL: 0.2612321
2019-07-24 16:04:28,797 - [INFO] - Epoch:    7 | FVAL: 0.2609699
2019-07-24 16:04:31,239 - [INFO] - Epoch:    8 | FVAL: 0.2608199
2019-07-24 16:04:33,681 - [INFO] - Epoch:    9 | FVAL: 0.2597259
2019-07-24 16:04:36,123 - [INFO] - Epoch:   10 | FVAL: 0.2595646
2019-07-24 16:04:38,569 - [INFO] - Epoch:   11 | FVAL: 0.2588578
2019-07-24 16:04:41,013 - [INFO] - Epoch:   12 | FVAL: 0.2582632
2019-07-24 16:04:43,458 - [INFO] - Epoch:   13 | FVAL: 0.2581249
2019-07-24 16:04:45,903 - [INFO] - Epoch:   14 | FVAL: 0.2580948
2019-07-24 16:04:48,348 - [INFO] - Epoch:   15 | FVAL: 0.2580541
2019-07-24 16:04:50,791 - [INFO] - Epoch:   16 | FVAL: 0.2575966
2019-07-24 16:04:53,235 - [INFO] - Epoch:   17 | FVAL: 0.2574891
2019-07-24 16:04:55,686 - [INFO] - Epoch:   18 | FVAL: 0.2573606
2019-07-24 16:04:58,137 - [INFO] - Epoch:   19 | FVAL: 0.2573041
2019-07-24 16:05:00,732 - [INFO] - Epoch:   20 | FVAL: 0.2572780
2019-07-24 16:05:03,171 - [INFO] - Epoch:   21 | FVAL: 0.2571499
2019-07-24 16:05:05,610 - [INFO] - Epoch:   22 | FVAL: 0.2570851
2019-07-24 16:05:08,051 - [INFO] - Epoch:   23 | FVAL: 0.2570610
2019-07-24 16:05:10,490 - [INFO] - Epoch:   24 | FVAL: 0.2570040
2019-07-24 16:05:12,929 - [INFO] - Epoch:   25 | FVAL: 0.2569948
2019-07-24 16:05:15,369 - [INFO] - Epoch:   26 | FVAL: 0.2569439
2019-07-24 16:05:17,810 - [INFO] - Epoch:   27 | FVAL: 0.2569161
2019-07-24 16:05:20,250 - [INFO] - Epoch:   28 | FVAL: 0.2568930
2019-07-24 16:05:22,764 - [INFO] - Epoch:   29 | FVAL: 0.2568856
2019-07-24 16:05:25,204 - [INFO] - Epoch:   30 | FVAL: 0.2568560
2019-07-24 16:05:27,643 - [INFO] - Epoch:   31 | FVAL: 0.2568444
2019-07-24 16:05:30,082 - [INFO] - Epoch:   32 | FVAL: 0.2568296
2019-07-24 16:05:32,522 - [INFO] - Epoch:   33 | FVAL: 0.2568219
2019-07-24 16:05:34,961 - [INFO] - Epoch:   34 | FVAL: 0.2568187
2019-07-24 16:05:37,400 - [INFO] - Epoch:   35 | FVAL: 0.2568165
2019-07-24 16:05:39,839 - [INFO] - Epoch:   36 | FVAL: 0.2568157
