2019-07-24 15:41:45,589 - [INFO] - cgd-- N:581012 | d:54 | lambda:0.01
2019-07-24 15:41:45,638 - [INFO] - Function value sequence convergence criteria.
2019-07-24 15:41:45,639 - [INFO] - Epoch:    0 | FVAL: 0.3465736
2019-07-24 15:41:50,185 - [INFO] - Epoch:    1 | FVAL: 0.3201582
2019-07-24 15:41:54,725 - [INFO] - Epoch:    2 | FVAL: 0.3122321
2019-07-24 15:41:59,275 - [INFO] - Epoch:    3 | FVAL: 0.3102435
2019-07-24 15:42:04,018 - [INFO] - Epoch:    4 | FVAL: 0.3095462
2019-07-24 15:42:08,573 - [INFO] - Epoch:    5 | FVAL: 0.3092527
2019-07-24 15:42:13,123 - [INFO] - Epoch:    6 | FVAL: 0.3091188
2019-07-24 15:42:17,679 - [INFO] - Epoch:    7 | FVAL: 0.3090523
2019-07-24 15:42:22,229 - [INFO] - Epoch:    8 | FVAL: 0.3090190
2019-07-24 15:42:26,784 - [INFO] - Epoch:    9 | FVAL: 0.3090116
2019-07-24 15:42:31,334 - [INFO] - Epoch:   10 | FVAL: 0.3090094
2019-07-24 15:42:35,892 - [INFO] - Epoch:   11 | FVAL: 0.3090088
2019-07-24 15:47:23,011 - [INFO] - cgd-- N:581012 | d:54 | lambda:0.001
2019-07-24 15:47:23,061 - [INFO] - Function value sequence convergence criteria.
2019-07-24 15:47:23,061 - [INFO] - Epoch:    0 | FVAL: 0.3465736
2019-07-24 15:47:27,608 - [INFO] - Epoch:    1 | FVAL: 0.2885792
2019-07-24 15:47:32,148 - [INFO] - Epoch:    2 | FVAL: 0.2740422
2019-07-24 15:47:36,693 - [INFO] - Epoch:    3 | FVAL: 0.2691165
2019-07-24 15:47:41,233 - [INFO] - Epoch:    4 | FVAL: 0.2671607
2019-07-24 15:47:45,779 - [INFO] - Epoch:    5 | FVAL: 0.2664315
2019-07-24 15:47:50,320 - [INFO] - Epoch:    6 | FVAL: 0.2661193
2019-07-24 15:47:54,866 - [INFO] - Epoch:    7 | FVAL: 0.2659708
2019-07-24 15:47:59,407 - [INFO] - Epoch:    8 | FVAL: 0.2658922
2019-07-24 15:48:04,158 - [INFO] - Epoch:    9 | FVAL: 0.2658411
2019-07-24 15:48:08,701 - [INFO] - Epoch:   10 | FVAL: 0.2658008
2019-07-24 15:48:13,251 - [INFO] - Epoch:   11 | FVAL: 0.2657641
2019-07-24 15:48:17,795 - [INFO] - Epoch:   12 | FVAL: 0.2657281
2019-07-24 15:48:22,343 - [INFO] - Epoch:   13 | FVAL: 0.2656917
2019-07-24 15:48:26,887 - [INFO] - Epoch:   14 | FVAL: 0.2656547
2019-07-24 15:48:31,435 - [INFO] - Epoch:   15 | FVAL: 0.2656173
2019-07-24 15:48:35,978 - [INFO] - Epoch:   16 | FVAL: 0.2655797
2019-07-24 15:48:40,527 - [INFO] - Epoch:   17 | FVAL: 0.2655419
2019-07-24 15:48:45,070 - [INFO] - Epoch:   18 | FVAL: 0.2655041
2019-07-24 15:48:49,619 - [INFO] - Epoch:   19 | FVAL: 0.2654663
2019-07-24 15:48:54,162 - [INFO] - Epoch:   20 | FVAL: 0.2654285
2019-07-24 15:48:58,710 - [INFO] - Epoch:   21 | FVAL: 0.2653909
2019-07-24 15:49:03,359 - [INFO] - Epoch:   22 | FVAL: 0.2653602
2019-07-24 15:49:07,907 - [INFO] - Epoch:   23 | FVAL: 0.2653390
2019-07-24 15:49:12,449 - [INFO] - Epoch:   24 | FVAL: 0.2653250
2019-07-24 15:49:16,998 - [INFO] - Epoch:   25 | FVAL: 0.2653160
2019-07-24 15:49:21,542 - [INFO] - Epoch:   26 | FVAL: 0.2653103
2019-07-24 15:49:26,090 - [INFO] - Epoch:   27 | FVAL: 0.2653066
2019-07-24 15:49:30,633 - [INFO] - Epoch:   28 | FVAL: 0.2653042
2019-07-24 15:49:35,181 - [INFO] - Epoch:   29 | FVAL: 0.2653025
2019-07-24 15:49:39,724 - [INFO] - Epoch:   30 | FVAL: 0.2653012
2019-07-24 15:49:44,271 - [INFO] - Epoch:   31 | FVAL: 0.2653002
2019-07-24 15:55:06,940 - [INFO] - cgd-- N:581012 | d:54 | lambda:0.0001
2019-07-24 15:55:06,991 - [INFO] - Function value sequence convergence criteria.
2019-07-24 15:55:06,991 - [INFO] - Epoch:    0 | FVAL: 0.3465736
2019-07-24 15:55:11,544 - [INFO] - Epoch:    1 | FVAL: 0.2836692
2019-07-24 15:55:16,092 - [INFO] - Epoch:    2 | FVAL: 0.2677884
2019-07-24 15:55:20,645 - [INFO] - Epoch:    3 | FVAL: 0.2620074
2019-07-24 15:55:25,249 - [INFO] - Epoch:    4 | FVAL: 0.2596409
2019-07-24 15:55:29,803 - [INFO] - Epoch:    5 | FVAL: 0.2586065
2019-07-24 15:55:34,352 - [INFO] - Epoch:    6 | FVAL: 0.2581470
2019-07-24 15:55:38,916 - [INFO] - Epoch:    7 | FVAL: 0.2579441
2019-07-24 15:55:43,464 - [INFO] - Epoch:    8 | FVAL: 0.2578535
2019-07-24 15:55:48,018 - [INFO] - Epoch:    9 | FVAL: 0.2578137
2019-07-24 15:55:52,565 - [INFO] - Epoch:   10 | FVAL: 0.2577964
2019-07-24 15:55:57,119 - [INFO] - Epoch:   11 | FVAL: 0.2577887
2019-07-24 15:56:01,760 - [INFO] - Epoch:   12 | FVAL: 0.2577851
2019-07-24 15:56:06,314 - [INFO] - Epoch:   13 | FVAL: 0.2577831
2019-07-24 15:56:10,863 - [INFO] - Epoch:   14 | FVAL: 0.2577819
2019-07-24 15:56:15,417 - [INFO] - Epoch:   15 | FVAL: 0.2577809
2019-07-24 16:01:24,664 - [INFO] - cgd-- N:581012 | d:54 | lambda:1e-05
2019-07-24 16:01:24,714 - [INFO] - Function value sequence convergence criteria.
2019-07-24 16:01:24,714 - [INFO] - Epoch:    0 | FVAL: 0.3465736
2019-07-24 16:01:29,270 - [INFO] - Epoch:    1 | FVAL: 0.2831525
2019-07-24 16:01:33,821 - [INFO] - Epoch:    2 | FVAL: 0.2671170
2019-07-24 16:01:38,377 - [INFO] - Epoch:    3 | FVAL: 0.2612252
2019-07-24 16:01:42,929 - [INFO] - Epoch:    4 | FVAL: 0.2588102
2019-07-24 16:01:47,484 - [INFO] - Epoch:    5 | FVAL: 0.2577377
2019-07-24 16:01:52,035 - [INFO] - Epoch:    6 | FVAL: 0.2572497
2019-07-24 16:01:56,593 - [INFO] - Epoch:    7 | FVAL: 0.2570295
2019-07-24 16:02:01,314 - [INFO] - Epoch:    8 | FVAL: 0.2569308
2019-07-24 16:02:05,871 - [INFO] - Epoch:    9 | FVAL: 0.2568873
2019-07-24 16:02:10,421 - [INFO] - Epoch:   10 | FVAL: 0.2568682
2019-07-24 16:02:14,978 - [INFO] - Epoch:   11 | FVAL: 0.2568600
2019-07-24 16:02:19,529 - [INFO] - Epoch:   12 | FVAL: 0.2568564
2019-07-24 16:02:24,086 - [INFO] - Epoch:   13 | FVAL: 0.2568547
2019-07-24 16:02:28,636 - [INFO] - Epoch:   14 | FVAL: 0.2568539
2019-07-24 16:07:22,769 - [INFO] - cgd-- N:581012 | d:54 | lambda:1e-06
2019-07-24 16:07:22,819 - [INFO] - Function value sequence convergence criteria.
2019-07-24 16:07:22,819 - [INFO] - Epoch:    0 | FVAL: 0.3465736
2019-07-24 16:07:27,079 - [INFO] - Epoch:    1 | FVAL: 0.2831005
2019-07-24 16:07:31,333 - [INFO] - Epoch:    2 | FVAL: 0.2670494
2019-07-24 16:07:35,588 - [INFO] - Epoch:    3 | FVAL: 0.2611460
2019-07-24 16:07:39,842 - [INFO] - Epoch:    4 | FVAL: 0.2587258
2019-07-24 16:07:44,096 - [INFO] - Epoch:    5 | FVAL: 0.2576491
2019-07-24 16:07:48,353 - [INFO] - Epoch:    6 | FVAL: 0.2571581
2019-07-24 16:07:52,608 - [INFO] - Epoch:    7 | FVAL: 0.2569351
2019-07-24 16:07:56,863 - [INFO] - Epoch:    8 | FVAL: 0.2568347
2019-07-24 16:08:01,270 - [INFO] - Epoch:    9 | FVAL: 0.2567906
2019-07-24 16:08:05,525 - [INFO] - Epoch:   10 | FVAL: 0.2567714
2019-07-24 16:08:09,780 - [INFO] - Epoch:   11 | FVAL: 0.2567631
2019-07-24 16:08:14,035 - [INFO] - Epoch:   12 | FVAL: 0.2567594
2019-07-24 16:08:18,290 - [INFO] - Epoch:   13 | FVAL: 0.2567577
2019-07-24 16:08:22,545 - [INFO] - Epoch:   14 | FVAL: 0.2567568
