2019-07-24 15:55:06,940 - [INFO] - cgd-- N:581012 | d:54 | lambda:0.0001
2019-07-24 15:55:06,991 - [INFO] - Function value sequence convergence criteria.
2019-07-24 15:55:06,991 - [INFO] - Epoch:    0 | FVAL: 0.3465736
2019-07-24 15:55:11,544 - [INFO] - Epoch:    1 | FVAL: 0.2836692
2019-07-24 15:55:16,092 - [INFO] - Epoch:    2 | FVAL: 0.2677884
2019-07-24 15:55:20,645 - [INFO] - Epoch:    3 | FVAL: 0.2620074
2019-07-24 15:55:25,249 - [INFO] - Epoch:    4 | FVAL: 0.2596409
2019-07-24 15:55:29,803 - [INFO] - Epoch:    5 | FVAL: 0.2586065
2019-07-24 15:55:34,352 - [INFO] - Epoch:    6 | FVAL: 0.2581470
2019-07-24 15:55:38,916 - [INFO] - Epoch:    7 | FVAL: 0.2579441
2019-07-24 15:55:43,464 - [INFO] - Epoch:    8 | FVAL: 0.2578535
2019-07-24 15:55:48,018 - [INFO] - Epoch:    9 | FVAL: 0.2578137
2019-07-24 15:55:52,565 - [INFO] - Epoch:   10 | FVAL: 0.2577964
2019-07-24 15:55:57,119 - [INFO] - Epoch:   11 | FVAL: 0.2577887
2019-07-24 15:56:01,760 - [INFO] - Epoch:   12 | FVAL: 0.2577851
2019-07-24 15:56:06,314 - [INFO] - Epoch:   13 | FVAL: 0.2577831
2019-07-24 15:56:10,863 - [INFO] - Epoch:   14 | FVAL: 0.2577819
2019-07-24 15:56:15,417 - [INFO] - Epoch:   15 | FVAL: 0.2577809
2019-07-24 16:01:24,664 - [INFO] - cgd-- N:581012 | d:54 | lambda:1e-05
2019-07-24 16:01:24,714 - [INFO] - Function value sequence convergence criteria.
2019-07-24 16:01:24,714 - [INFO] - Epoch:    0 | FVAL: 0.3465736
2019-07-24 16:01:29,270 - [INFO] - Epoch:    1 | FVAL: 0.2831525
2019-07-24 16:01:33,821 - [INFO] - Epoch:    2 | FVAL: 0.2671170
2019-07-24 16:01:38,377 - [INFO] - Epoch:    3 | FVAL: 0.2612252
2019-07-24 16:01:42,929 - [INFO] - Epoch:    4 | FVAL: 0.2588102
2019-07-24 16:01:47,484 - [INFO] - Epoch:    5 | FVAL: 0.2577377
2019-07-24 16:01:52,035 - [INFO] - Epoch:    6 | FVAL: 0.2572497
2019-07-24 16:01:56,593 - [INFO] - Epoch:    7 | FVAL: 0.2570295
2019-07-24 16:02:01,314 - [INFO] - Epoch:    8 | FVAL: 0.2569308
2019-07-24 16:02:05,871 - [INFO] - Epoch:    9 | FVAL: 0.2568873
2019-07-24 16:02:10,421 - [INFO] - Epoch:   10 | FVAL: 0.2568682
2019-07-24 16:02:14,978 - [INFO] - Epoch:   11 | FVAL: 0.2568600
2019-07-24 16:02:19,529 - [INFO] - Epoch:   12 | FVAL: 0.2568564
2019-07-24 16:02:24,086 - [INFO] - Epoch:   13 | FVAL: 0.2568547
2019-07-24 16:02:28,636 - [INFO] - Epoch:   14 | FVAL: 0.2568539
2019-07-24 16:07:22,769 - [INFO] - cgd-- N:581012 | d:54 | lambda:1e-06
2019-07-24 16:07:22,819 - [INFO] - Function value sequence convergence criteria.
2019-07-24 16:07:22,819 - [INFO] - Epoch:    0 | FVAL: 0.3465736
2019-07-24 16:07:27,079 - [INFO] - Epoch:    1 | FVAL: 0.2831005
2019-07-24 16:07:31,333 - [INFO] - Epoch:    2 | FVAL: 0.2670494
2019-07-24 16:07:35,588 - [INFO] - Epoch:    3 | FVAL: 0.2611460
2019-07-24 16:07:39,842 - [INFO] - Epoch:    4 | FVAL: 0.2587258
2019-07-24 16:07:44,096 - [INFO] - Epoch:    5 | FVAL: 0.2576491
2019-07-24 16:07:48,353 - [INFO] - Epoch:    6 | FVAL: 0.2571581
2019-07-24 16:07:52,608 - [INFO] - Epoch:    7 | FVAL: 0.2569351
2019-07-24 16:07:56,863 - [INFO] - Epoch:    8 | FVAL: 0.2568347
2019-07-24 16:08:01,270 - [INFO] - Epoch:    9 | FVAL: 0.2567906
2019-07-24 16:08:05,525 - [INFO] - Epoch:   10 | FVAL: 0.2567714
2019-07-24 16:08:09,780 - [INFO] - Epoch:   11 | FVAL: 0.2567631
2019-07-24 16:08:14,035 - [INFO] - Epoch:   12 | FVAL: 0.2567594
2019-07-24 16:08:18,290 - [INFO] - Epoch:   13 | FVAL: 0.2567577
2019-07-24 16:08:22,545 - [INFO] - Epoch:   14 | FVAL: 0.2567568
