2019-07-24 15:45:41,867 - [INFO] - csum-- N:581012 | d:54 | lambda:0.001
2019-07-24 15:45:41,892 - [INFO] - Function value sequence convergence criteria.
2019-07-24 15:45:41,892 - [INFO] - Epoch:    0 | FVAL: 0.3465736
2019-07-24 15:45:44,159 - [INFO] - Epoch:    1 | FVAL: 0.3465736
2019-07-24 15:45:46,450 - [INFO] - Epoch:    2 | FVAL: 0.2890524
2019-07-24 15:45:48,741 - [INFO] - Epoch:    3 | FVAL: 0.2771948
2019-07-24 15:45:51,030 - [INFO] - Epoch:    4 | FVAL: 0.2726776
2019-07-24 15:45:53,320 - [INFO] - Epoch:    5 | FVAL: 0.2703540
2019-07-24 15:45:55,609 - [INFO] - Epoch:    6 | FVAL: 0.2689493
2019-07-24 15:45:57,901 - [INFO] - Epoch:    7 | FVAL: 0.2680909
2019-07-24 15:46:00,363 - [INFO] - Epoch:    8 | FVAL: 0.2674898
2019-07-24 15:46:02,654 - [INFO] - Epoch:    9 | FVAL: 0.2670532
2019-07-24 15:46:04,943 - [INFO] - Epoch:   10 | FVAL: 0.2667297
2019-07-24 15:46:07,232 - [INFO] - Epoch:   11 | FVAL: 0.2664864
2019-07-24 15:46:09,521 - [INFO] - Epoch:   12 | FVAL: 0.2663006
2019-07-24 15:46:11,811 - [INFO] - Epoch:   13 | FVAL: 0.2661563
2019-07-24 15:46:14,100 - [INFO] - Epoch:   14 | FVAL: 0.2660425
2019-07-24 15:46:16,390 - [INFO] - Epoch:   15 | FVAL: 0.2659514
2019-07-24 15:46:18,679 - [INFO] - Epoch:   16 | FVAL: 0.2658772
2019-07-24 15:46:20,971 - [INFO] - Epoch:   17 | FVAL: 0.2658159
2019-07-24 15:46:23,261 - [INFO] - Epoch:   18 | FVAL: 0.2657642
2019-07-24 15:46:25,550 - [INFO] - Epoch:   19 | FVAL: 0.2657199
2019-07-24 15:46:27,840 - [INFO] - Epoch:   20 | FVAL: 0.2656813
2019-07-24 15:46:30,129 - [INFO] - Epoch:   21 | FVAL: 0.2656470
2019-07-24 15:46:32,420 - [INFO] - Epoch:   22 | FVAL: 0.2656161
2019-07-24 15:46:34,710 - [INFO] - Epoch:   23 | FVAL: 0.2655878
2019-07-24 15:46:37,001 - [INFO] - Epoch:   24 | FVAL: 0.2655615
2019-07-24 15:46:39,290 - [INFO] - Epoch:   25 | FVAL: 0.2655368
2019-07-24 15:46:41,579 - [INFO] - Epoch:   26 | FVAL: 0.2655132
2019-07-24 15:46:43,868 - [INFO] - Epoch:   27 | FVAL: 0.2654907
2019-07-24 15:46:46,158 - [INFO] - Epoch:   28 | FVAL: 0.2654689
2019-07-24 15:46:48,447 - [INFO] - Epoch:   29 | FVAL: 0.2654478
2019-07-24 15:46:50,736 - [INFO] - Epoch:   30 | FVAL: 0.2654272
2019-07-24 15:46:53,025 - [INFO] - Epoch:   31 | FVAL: 0.2654070
2019-07-24 15:46:55,316 - [INFO] - Epoch:   32 | FVAL: 0.2653870
2019-07-24 15:46:57,607 - [INFO] - Epoch:   33 | FVAL: 0.2653673
2019-07-24 15:46:59,897 - [INFO] - Epoch:   34 | FVAL: 0.2653481
2019-07-24 15:47:02,379 - [INFO] - Epoch:   35 | FVAL: 0.2653345
2019-07-24 15:47:04,668 - [INFO] - Epoch:   36 | FVAL: 0.2653252
2019-07-24 15:47:06,957 - [INFO] - Epoch:   37 | FVAL: 0.2653184
2019-07-24 15:47:09,246 - [INFO] - Epoch:   38 | FVAL: 0.2653133
2019-07-24 15:47:11,537 - [INFO] - Epoch:   39 | FVAL: 0.2653095
2019-07-24 15:47:13,826 - [INFO] - Epoch:   40 | FVAL: 0.2653066
2019-07-24 15:47:16,115 - [INFO] - Epoch:   41 | FVAL: 0.2653045
2019-07-24 15:47:18,405 - [INFO] - Epoch:   42 | FVAL: 0.2653028
2019-07-24 15:47:20,695 - [INFO] - Epoch:   43 | FVAL: 0.2653015
2019-07-24 15:47:22,983 - [INFO] - Epoch:   44 | FVAL: 0.2653005
2019-07-24 15:53:28,374 - [INFO] - csum-- N:581012 | d:54 | lambda:0.0001
2019-07-24 15:53:28,399 - [INFO] - Function value sequence convergence criteria.
2019-07-24 15:53:28,399 - [INFO] - Epoch:    0 | FVAL: 0.3465736
2019-07-24 15:53:30,660 - [INFO] - Epoch:    1 | FVAL: 0.3465736
2019-07-24 15:53:32,943 - [INFO] - Epoch:    2 | FVAL: 0.2843286
2019-07-24 15:53:35,225 - [INFO] - Epoch:    3 | FVAL: 0.2716956
2019-07-24 15:53:37,509 - [INFO] - Epoch:    4 | FVAL: 0.2666086
2019-07-24 15:53:39,792 - [INFO] - Epoch:    5 | FVAL: 0.2638450
2019-07-24 15:53:42,076 - [INFO] - Epoch:    6 | FVAL: 0.2621191
2019-07-24 15:53:44,358 - [INFO] - Epoch:    7 | FVAL: 0.2609726
2019-07-24 15:53:46,641 - [INFO] - Epoch:    8 | FVAL: 0.2601774
2019-07-24 15:53:48,925 - [INFO] - Epoch:    9 | FVAL: 0.2596053
2019-07-24 15:53:51,209 - [INFO] - Epoch:   10 | FVAL: 0.2591852
2019-07-24 15:53:53,493 - [INFO] - Epoch:   11 | FVAL: 0.2588720
2019-07-24 15:53:55,777 - [INFO] - Epoch:   12 | FVAL: 0.2586353
2019-07-24 15:53:58,061 - [INFO] - Epoch:   13 | FVAL: 0.2584547
2019-07-24 15:54:00,526 - [INFO] - Epoch:   14 | FVAL: 0.2583155
2019-07-24 15:54:02,810 - [INFO] - Epoch:   15 | FVAL: 0.2582073
2019-07-24 15:54:05,094 - [INFO] - Epoch:   16 | FVAL: 0.2581230
2019-07-24 15:54:07,377 - [INFO] - Epoch:   17 | FVAL: 0.2580567
2019-07-24 15:54:09,661 - [INFO] - Epoch:   18 | FVAL: 0.2580042
2019-07-24 15:54:11,944 - [INFO] - Epoch:   19 | FVAL: 0.2579625
2019-07-24 15:54:14,228 - [INFO] - Epoch:   20 | FVAL: 0.2579291
2019-07-24 15:54:16,512 - [INFO] - Epoch:   21 | FVAL: 0.2579023
2019-07-24 15:54:18,796 - [INFO] - Epoch:   22 | FVAL: 0.2578806
2019-07-24 15:54:21,080 - [INFO] - Epoch:   23 | FVAL: 0.2578629
2019-07-24 15:54:23,367 - [INFO] - Epoch:   24 | FVAL: 0.2578485
2019-07-24 15:54:25,654 - [INFO] - Epoch:   25 | FVAL: 0.2578367
2019-07-24 15:54:27,940 - [INFO] - Epoch:   26 | FVAL: 0.2578269
2019-07-24 15:54:30,225 - [INFO] - Epoch:   27 | FVAL: 0.2578187
2019-07-24 15:54:32,510 - [INFO] - Epoch:   28 | FVAL: 0.2578119
2019-07-24 15:54:34,794 - [INFO] - Epoch:   29 | FVAL: 0.2578062
2019-07-24 15:54:37,080 - [INFO] - Epoch:   30 | FVAL: 0.2578013
2019-07-24 15:54:39,365 - [INFO] - Epoch:   31 | FVAL: 0.2577972
2019-07-24 15:54:41,650 - [INFO] - Epoch:   32 | FVAL: 0.2577936
2019-07-24 15:54:43,934 - [INFO] - Epoch:   33 | FVAL: 0.2577906
2019-07-24 15:54:46,221 - [INFO] - Epoch:   34 | FVAL: 0.2577879
2019-07-24 15:54:48,504 - [INFO] - Epoch:   35 | FVAL: 0.2577856
2019-07-24 15:54:50,789 - [INFO] - Epoch:   36 | FVAL: 0.2577835
2019-07-24 15:54:53,074 - [INFO] - Epoch:   37 | FVAL: 0.2577817
2019-07-24 15:54:55,359 - [INFO] - Epoch:   38 | FVAL: 0.2577801
2019-07-24 15:54:57,644 - [INFO] - Epoch:   39 | FVAL: 0.2577786
2019-07-24 15:54:59,929 - [INFO] - Epoch:   40 | FVAL: 0.2577773
2019-07-24 15:55:02,343 - [INFO] - Epoch:   41 | FVAL: 0.2577761
2019-07-24 15:55:04,627 - [INFO] - Epoch:   42 | FVAL: 0.2577750
2019-07-24 15:55:06,913 - [INFO] - Epoch:   43 | FVAL: 0.2577740
2019-07-24 15:59:41,523 - [INFO] - csum-- N:581012 | d:54 | lambda:1e-05
2019-07-24 15:59:41,549 - [INFO] - Function value sequence convergence criteria.
2019-07-24 15:59:41,549 - [INFO] - Epoch:    0 | FVAL: 0.3465736
2019-07-24 15:59:43,810 - [INFO] - Epoch:    1 | FVAL: 0.3465736
2019-07-24 15:59:46,094 - [INFO] - Epoch:    2 | FVAL: 0.2838339
2019-07-24 15:59:48,380 - [INFO] - Epoch:    3 | FVAL: 0.2711130
2019-07-24 15:59:50,664 - [INFO] - Epoch:    4 | FVAL: 0.2659655
2019-07-24 15:59:52,949 - [INFO] - Epoch:    5 | FVAL: 0.2631534
2019-07-24 15:59:55,234 - [INFO] - Epoch:    6 | FVAL: 0.2613932
2019-07-24 15:59:57,520 - [INFO] - Epoch:    7 | FVAL: 0.2602132
2019-07-24 15:59:59,805 - [INFO] - Epoch:    8 | FVAL: 0.2593887
2019-07-24 16:00:02,225 - [INFO] - Epoch:    9 | FVAL: 0.2587958
2019-07-24 16:00:04,511 - [INFO] - Epoch:   10 | FVAL: 0.2583605
2019-07-24 16:00:06,796 - [INFO] - Epoch:   11 | FVAL: 0.2580357
2019-07-24 16:00:09,080 - [INFO] - Epoch:   12 | FVAL: 0.2577902
2019-07-24 16:00:11,366 - [INFO] - Epoch:   13 | FVAL: 0.2576026
2019-07-24 16:00:13,650 - [INFO] - Epoch:   14 | FVAL: 0.2574579
2019-07-24 16:00:15,935 - [INFO] - Epoch:   15 | FVAL: 0.2573453
2019-07-24 16:00:18,220 - [INFO] - Epoch:   16 | FVAL: 0.2572570
2019-07-24 16:00:20,505 - [INFO] - Epoch:   17 | FVAL: 0.2571873
2019-07-24 16:00:22,791 - [INFO] - Epoch:   18 | FVAL: 0.2571320
2019-07-24 16:00:25,076 - [INFO] - Epoch:   19 | FVAL: 0.2570878
2019-07-24 16:00:27,362 - [INFO] - Epoch:   20 | FVAL: 0.2570523
2019-07-24 16:00:29,647 - [INFO] - Epoch:   21 | FVAL: 0.2570235
2019-07-24 16:00:31,932 - [INFO] - Epoch:   22 | FVAL: 0.2570002
2019-07-24 16:00:34,217 - [INFO] - Epoch:   23 | FVAL: 0.2569811
2019-07-24 16:00:36,502 - [INFO] - Epoch:   24 | FVAL: 0.2569655
2019-07-24 16:00:38,787 - [INFO] - Epoch:   25 | FVAL: 0.2569525
2019-07-24 16:00:41,073 - [INFO] - Epoch:   26 | FVAL: 0.2569417
2019-07-24 16:00:43,358 - [INFO] - Epoch:   27 | FVAL: 0.2569327
2019-07-24 16:00:45,643 - [INFO] - Epoch:   28 | FVAL: 0.2569252
2019-07-24 16:00:47,927 - [INFO] - Epoch:   29 | FVAL: 0.2569188
2019-07-24 16:00:50,211 - [INFO] - Epoch:   30 | FVAL: 0.2569133
2019-07-24 16:00:52,496 - [INFO] - Epoch:   31 | FVAL: 0.2569087
2019-07-24 16:00:54,781 - [INFO] - Epoch:   32 | FVAL: 0.2569046
2019-07-24 16:00:57,066 - [INFO] - Epoch:   33 | FVAL: 0.2569011
2019-07-24 16:00:59,351 - [INFO] - Epoch:   34 | FVAL: 0.2568981
2019-07-24 16:01:01,785 - [INFO] - Epoch:   35 | FVAL: 0.2568954
2019-07-24 16:01:04,071 - [INFO] - Epoch:   36 | FVAL: 0.2568930
2019-07-24 16:01:06,356 - [INFO] - Epoch:   37 | FVAL: 0.2568909
2019-07-24 16:01:08,640 - [INFO] - Epoch:   38 | FVAL: 0.2568890
2019-07-24 16:01:10,925 - [INFO] - Epoch:   39 | FVAL: 0.2568873
2019-07-24 16:01:13,210 - [INFO] - Epoch:   40 | FVAL: 0.2568858
2019-07-24 16:01:15,495 - [INFO] - Epoch:   41 | FVAL: 0.2568843
2019-07-24 16:01:17,780 - [INFO] - Epoch:   42 | FVAL: 0.2568831
2019-07-24 16:01:20,065 - [INFO] - Epoch:   43 | FVAL: 0.2568819
2019-07-24 16:01:22,350 - [INFO] - Epoch:   44 | FVAL: 0.2568808
2019-07-24 16:01:24,636 - [INFO] - Epoch:   45 | FVAL: 0.2568797
2019-07-24 16:05:39,842 - [INFO] - csum-- N:581012 | d:54 | lambda:1e-06
2019-07-24 16:05:39,871 - [INFO] - Function value sequence convergence criteria.
2019-07-24 16:05:39,871 - [INFO] - Epoch:    0 | FVAL: 0.3465736
2019-07-24 16:05:42,190 - [INFO] - Epoch:    1 | FVAL: 0.3465736
2019-07-24 16:05:44,471 - [INFO] - Epoch:    2 | FVAL: 0.2837842
2019-07-24 16:05:46,751 - [INFO] - Epoch:    3 | FVAL: 0.2710543
2019-07-24 16:05:49,031 - [INFO] - Epoch:    4 | FVAL: 0.2659008
2019-07-24 16:05:51,309 - [INFO] - Epoch:    5 | FVAL: 0.2630837
2019-07-24 16:05:53,588 - [INFO] - Epoch:    6 | FVAL: 0.2613201
2019-07-24 16:05:55,863 - [INFO] - Epoch:    7 | FVAL: 0.2601369
2019-07-24 16:05:58,144 - [INFO] - Epoch:    8 | FVAL: 0.2593094
2019-07-24 16:06:00,565 - [INFO] - Epoch:    9 | FVAL: 0.2587142
2019-07-24 16:06:02,844 - [INFO] - Epoch:   10 | FVAL: 0.2582772
2019-07-24 16:06:05,127 - [INFO] - Epoch:   11 | FVAL: 0.2579512
2019-07-24 16:06:07,407 - [INFO] - Epoch:   12 | FVAL: 0.2577048
2019-07-24 16:06:09,687 - [INFO] - Epoch:   13 | FVAL: 0.2575164
2019-07-24 16:06:11,967 - [INFO] - Epoch:   14 | FVAL: 0.2573711
2019-07-24 16:06:14,245 - [INFO] - Epoch:   15 | FVAL: 0.2572580
2019-07-24 16:06:16,523 - [INFO] - Epoch:   16 | FVAL: 0.2571693
2019-07-24 16:06:18,798 - [INFO] - Epoch:   17 | FVAL: 0.2570993
2019-07-24 16:06:21,078 - [INFO] - Epoch:   18 | FVAL: 0.2570437
2019-07-24 16:06:23,357 - [INFO] - Epoch:   19 | FVAL: 0.2569992
2019-07-24 16:06:25,635 - [INFO] - Epoch:   20 | FVAL: 0.2569634
2019-07-24 16:06:27,915 - [INFO] - Epoch:   21 | FVAL: 0.2569344
2019-07-24 16:06:30,203 - [INFO] - Epoch:   22 | FVAL: 0.2569109
2019-07-24 16:06:32,483 - [INFO] - Epoch:   23 | FVAL: 0.2568916
2019-07-24 16:06:34,763 - [INFO] - Epoch:   24 | FVAL: 0.2568758
2019-07-24 16:06:37,041 - [INFO] - Epoch:   25 | FVAL: 0.2568627
2019-07-24 16:06:39,320 - [INFO] - Epoch:   26 | FVAL: 0.2568518
2019-07-24 16:06:41,595 - [INFO] - Epoch:   27 | FVAL: 0.2568427
2019-07-24 16:06:43,875 - [INFO] - Epoch:   28 | FVAL: 0.2568350
2019-07-24 16:06:46,154 - [INFO] - Epoch:   29 | FVAL: 0.2568285
2019-07-24 16:06:48,433 - [INFO] - Epoch:   30 | FVAL: 0.2568229
2019-07-24 16:06:50,713 - [INFO] - Epoch:   31 | FVAL: 0.2568182
2019-07-24 16:06:52,993 - [INFO] - Epoch:   32 | FVAL: 0.2568141
2019-07-24 16:06:55,272 - [INFO] - Epoch:   33 | FVAL: 0.2568105
2019-07-24 16:06:57,552 - [INFO] - Epoch:   34 | FVAL: 0.2568074
2019-07-24 16:06:59,831 - [INFO] - Epoch:   35 | FVAL: 0.2568046
2019-07-24 16:07:02,228 - [INFO] - Epoch:   36 | FVAL: 0.2568022
2019-07-24 16:07:04,503 - [INFO] - Epoch:   37 | FVAL: 0.2568000
2019-07-24 16:07:06,783 - [INFO] - Epoch:   38 | FVAL: 0.2567981
2019-07-24 16:07:09,062 - [INFO] - Epoch:   39 | FVAL: 0.2567963
2019-07-24 16:07:11,341 - [INFO] - Epoch:   40 | FVAL: 0.2567947
2019-07-24 16:07:13,620 - [INFO] - Epoch:   41 | FVAL: 0.2567932
2019-07-24 16:07:15,901 - [INFO] - Epoch:   42 | FVAL: 0.2567919
2019-07-24 16:07:18,183 - [INFO] - Epoch:   43 | FVAL: 0.2567907
2019-07-24 16:07:20,463 - [INFO] - Epoch:   44 | FVAL: 0.2567895
2019-07-24 16:07:22,741 - [INFO] - Epoch:   45 | FVAL: 0.2567885
