2019-07-15 20:37:51,515 - [INFO] - apcg-- N:38 | d:7129 | lambda:0.001
2019-07-15 20:37:51,516 - [INFO] - Function value sequence convergence criteria.
2019-07-15 20:37:51,516 - [INFO] - Epoch:    0 | FVAL: 0.3465736
2019-07-15 20:37:54,229 - [INFO] - Epoch:    1 | FVAL: 0.0196961
2019-07-15 20:37:56,984 - [INFO] - Epoch:    2 | FVAL: 0.0192428
2019-07-15 20:37:59,639 - [INFO] - Epoch:    3 | FVAL: 0.0186389
2019-07-15 20:38:02,545 - [INFO] - Epoch:    4 | FVAL: 0.0180736
2019-07-15 20:38:05,385 - [INFO] - Epoch:    5 | FVAL: 0.0175276
2019-07-15 20:38:08,063 - [INFO] - Epoch:    6 | FVAL: 0.0170924
2019-07-15 20:38:10,723 - [INFO] - Epoch:    7 | FVAL: 0.0166995
2019-07-15 20:38:13,471 - [INFO] - Epoch:    8 | FVAL: 0.0163617
2019-07-15 20:38:16,169 - [INFO] - Epoch:    9 | FVAL: 0.0160474
2019-07-15 20:38:18,815 - [INFO] - Epoch:   10 | FVAL: 0.0157838
2019-07-15 20:38:21,432 - [INFO] - Epoch:   11 | FVAL: 0.0155175
2019-07-15 20:38:24,090 - [INFO] - Epoch:   12 | FVAL: 0.0152592
2019-07-15 20:38:26,715 - [INFO] - Epoch:   13 | FVAL: 0.0150753
2019-07-15 20:38:29,376 - [INFO] - Epoch:   14 | FVAL: 0.0148885
2019-07-15 20:38:31,967 - [INFO] - Epoch:   15 | FVAL: 0.0147096
2019-07-15 20:38:34,632 - [INFO] - Epoch:   16 | FVAL: 0.0145895
2019-07-15 20:38:37,409 - [INFO] - Epoch:   17 | FVAL: 0.0144166
2019-07-15 20:38:40,028 - [INFO] - Epoch:   18 | FVAL: 0.0142810
2019-07-15 20:38:42,664 - [INFO] - Epoch:   19 | FVAL: 0.0141197
2019-07-15 20:38:45,327 - [INFO] - Epoch:   20 | FVAL: 0.0139767
2019-07-15 20:38:48,025 - [INFO] - Epoch:   21 | FVAL: 0.0138603
2019-07-15 20:38:50,828 - [INFO] - Epoch:   22 | FVAL: 0.0137430
2019-07-15 20:38:53,690 - [INFO] - Epoch:   23 | FVAL: 0.0136050
2019-07-15 20:38:56,410 - [INFO] - Epoch:   24 | FVAL: 0.0135171
2019-07-15 20:38:59,137 - [INFO] - Epoch:   25 | FVAL: 0.0134064
2019-07-15 20:39:02,072 - [INFO] - Epoch:   26 | FVAL: 0.0133105
2019-07-15 20:39:04,819 - [INFO] - Epoch:   27 | FVAL: 0.0132209
2019-07-15 20:39:07,537 - [INFO] - Epoch:   28 | FVAL: 0.0131266
2019-07-15 20:39:10,315 - [INFO] - Epoch:   29 | FVAL: 0.0130302
2019-07-15 20:39:12,940 - [INFO] - Epoch:   30 | FVAL: 0.0129363
2019-07-15 20:39:15,565 - [INFO] - Epoch:   31 | FVAL: 0.0128169
2019-07-15 20:39:18,295 - [INFO] - Epoch:   32 | FVAL: 0.0127116
2019-07-15 20:39:20,936 - [INFO] - Epoch:   33 | FVAL: 0.0126276
2019-07-15 20:39:23,619 - [INFO] - Epoch:   34 | FVAL: 0.0125053
2019-07-15 20:39:26,308 - [INFO] - Epoch:   35 | FVAL: 0.0124197
2019-07-15 20:39:28,979 - [INFO] - Epoch:   36 | FVAL: 0.0123050
2019-07-15 20:39:31,742 - [INFO] - Epoch:   37 | FVAL: 0.0122366
2019-07-15 20:39:34,466 - [INFO] - Epoch:   38 | FVAL: 0.0121704
2019-07-15 20:39:37,108 - [INFO] - Epoch:   39 | FVAL: 0.0120833
2019-07-15 20:39:39,754 - [INFO] - Epoch:   40 | FVAL: 0.0120060
2019-07-15 20:39:42,484 - [INFO] - Epoch:   41 | FVAL: 0.0119195
2019-07-15 20:39:45,205 - [INFO] - Epoch:   42 | FVAL: 0.0118241
2019-07-15 20:39:47,867 - [INFO] - Epoch:   43 | FVAL: 0.0117396
2019-07-15 20:39:50,494 - [INFO] - Epoch:   44 | FVAL: 0.0116794
2019-07-15 20:39:53,213 - [INFO] - Epoch:   45 | FVAL: 0.0116229
2019-07-15 20:39:55,842 - [INFO] - Epoch:   46 | FVAL: 0.0115512
2019-07-15 20:39:58,549 - [INFO] - Epoch:   47 | FVAL: 0.0114774
2019-07-15 20:40:01,336 - [INFO] - Epoch:   48 | FVAL: 0.0114248
2019-07-15 20:40:03,988 - [INFO] - Epoch:   49 | FVAL: 0.0113772
2019-07-15 20:40:06,598 - [INFO] - Epoch:   50 | FVAL: 0.0113262
2019-07-15 20:40:09,293 - [INFO] - Epoch:   51 | FVAL: 0.0112562
2019-07-15 20:40:11,950 - [INFO] - Epoch:   52 | FVAL: 0.0111954
2019-07-15 20:40:14,589 - [INFO] - Epoch:   53 | FVAL: 0.0111452
2019-07-15 20:40:17,283 - [INFO] - Epoch:   54 | FVAL: 0.0110930
2019-07-15 20:40:20,033 - [INFO] - Epoch:   55 | FVAL: 0.0110516
2019-07-15 20:40:22,654 - [INFO] - Epoch:   56 | FVAL: 0.0110221
2019-07-15 20:40:25,289 - [INFO] - Epoch:   57 | FVAL: 0.0109748
2019-07-15 20:40:27,894 - [INFO] - Epoch:   58 | FVAL: 0.0109362
2019-07-15 20:40:30,562 - [INFO] - Epoch:   59 | FVAL: 0.0109050
2019-07-15 20:40:33,227 - [INFO] - Epoch:   60 | FVAL: 0.0108656
2019-07-15 20:40:35,854 - [INFO] - Epoch:   61 | FVAL: 0.0108181
2019-07-15 20:40:38,443 - [INFO] - Epoch:   62 | FVAL: 0.0107877
2019-07-15 20:40:41,023 - [INFO] - Epoch:   63 | FVAL: 0.0107566
2019-07-15 20:40:43,688 - [INFO] - Epoch:   64 | FVAL: 0.0107226
2019-07-15 20:40:46,315 - [INFO] - Epoch:   65 | FVAL: 0.0106903
2019-07-15 20:40:48,982 - [INFO] - Epoch:   66 | FVAL: 0.0106625
2019-07-15 20:40:51,633 - [INFO] - Epoch:   67 | FVAL: 0.0106357
2019-07-15 20:40:54,294 - [INFO] - Epoch:   68 | FVAL: 0.0105979
2019-07-15 20:40:56,938 - [INFO] - Epoch:   69 | FVAL: 0.0105687
2019-07-15 20:40:59,583 - [INFO] - Epoch:   70 | FVAL: 0.0105357
2019-07-15 20:41:02,420 - [INFO] - Epoch:   71 | FVAL: 0.0105122
2019-07-15 20:41:05,080 - [INFO] - Epoch:   72 | FVAL: 0.0104902
2019-07-15 20:41:07,832 - [INFO] - Epoch:   73 | FVAL: 0.0104562
2019-07-15 20:41:10,533 - [INFO] - Epoch:   74 | FVAL: 0.0104383
2019-07-15 20:41:13,188 - [INFO] - Epoch:   75 | FVAL: 0.0104099
2019-07-15 20:41:15,807 - [INFO] - Epoch:   76 | FVAL: 0.0103885
2019-07-15 20:41:18,422 - [INFO] - Epoch:   77 | FVAL: 0.0103684
2019-07-15 20:41:21,493 - [INFO] - Epoch:   78 | FVAL: 0.0103377
2019-07-15 20:41:24,250 - [INFO] - Epoch:   79 | FVAL: 0.0103103
2019-07-15 20:41:27,010 - [INFO] - Epoch:   80 | FVAL: 0.0102845
2019-07-15 20:41:29,785 - [INFO] - Epoch:   81 | FVAL: 0.0102614
2019-07-15 20:41:32,456 - [INFO] - Epoch:   82 | FVAL: 0.0102346
2019-07-15 20:41:35,108 - [INFO] - Epoch:   83 | FVAL: 0.0102073
2019-07-15 20:41:37,825 - [INFO] - Epoch:   84 | FVAL: 0.0101841
2019-07-15 20:41:40,464 - [INFO] - Epoch:   85 | FVAL: 0.0101663
2019-07-15 20:41:43,140 - [INFO] - Epoch:   86 | FVAL: 0.0101526
2019-07-15 20:41:45,789 - [INFO] - Epoch:   87 | FVAL: 0.0101312
2019-07-15 20:41:48,416 - [INFO] - Epoch:   88 | FVAL: 0.0101013
2019-07-15 20:41:51,157 - [INFO] - Epoch:   89 | FVAL: 0.0100739
2019-07-15 20:41:53,865 - [INFO] - Epoch:   90 | FVAL: 0.0100332
2019-07-15 20:41:56,498 - [INFO] - Epoch:   91 | FVAL: 0.0100095
2019-07-15 20:41:59,184 - [INFO] - Epoch:   92 | FVAL: 0.0099879
2019-07-15 20:42:02,135 - [INFO] - Epoch:   93 | FVAL: 0.0099709
2019-07-15 20:42:05,032 - [INFO] - Epoch:   94 | FVAL: 0.0099474
2019-07-15 20:42:07,763 - [INFO] - Epoch:   95 | FVAL: 0.0099226
2019-07-15 20:42:10,568 - [INFO] - Epoch:   96 | FVAL: 0.0098941
2019-07-15 20:42:13,342 - [INFO] - Epoch:   97 | FVAL: 0.0098732
2019-07-15 20:42:16,072 - [INFO] - Epoch:   98 | FVAL: 0.0098522
2019-07-15 20:42:18,862 - [INFO] - Epoch:   99 | FVAL: 0.0098330
2019-07-15 20:42:21,594 - [INFO] - Epoch:  100 | FVAL: 0.0098125
2019-07-15 20:42:24,212 - [INFO] - Epoch:  101 | FVAL: 0.0097976
2019-07-15 20:42:26,824 - [INFO] - Epoch:  102 | FVAL: 0.0097751
2019-07-15 20:42:29,508 - [INFO] - Epoch:  103 | FVAL: 0.0097620
2019-07-15 20:42:32,119 - [INFO] - Epoch:  104 | FVAL: 0.0097466
2019-07-15 20:42:34,787 - [INFO] - Epoch:  105 | FVAL: 0.0097344
2019-07-15 20:42:37,408 - [INFO] - Epoch:  106 | FVAL: 0.0097128
2019-07-15 20:42:40,009 - [INFO] - Epoch:  107 | FVAL: 0.0096979
2019-07-15 20:42:42,629 - [INFO] - Epoch:  108 | FVAL: 0.0096896
2019-07-15 20:42:45,329 - [INFO] - Epoch:  109 | FVAL: 0.0096778
2019-07-15 20:42:48,050 - [INFO] - Epoch:  110 | FVAL: 0.0096656
2019-07-15 20:42:50,751 - [INFO] - Epoch:  111 | FVAL: 0.0096578
2019-07-15 20:42:53,478 - [INFO] - Epoch:  112 | FVAL: 0.0096437
2019-07-15 20:42:56,249 - [INFO] - Epoch:  113 | FVAL: 0.0096331
2019-07-15 20:42:59,006 - [INFO] - Epoch:  114 | FVAL: 0.0096229
2019-07-15 20:43:01,812 - [INFO] - Epoch:  115 | FVAL: 0.0096063
2019-07-15 20:43:04,501 - [INFO] - Epoch:  116 | FVAL: 0.0095924
2019-07-15 20:43:07,196 - [INFO] - Epoch:  117 | FVAL: 0.0095836
2019-07-15 20:43:09,844 - [INFO] - Epoch:  118 | FVAL: 0.0095729
2019-07-15 20:43:12,589 - [INFO] - Epoch:  119 | FVAL: 0.0095660
2019-07-15 20:43:15,409 - [INFO] - Epoch:  120 | FVAL: 0.0095591
2019-07-15 20:43:18,217 - [INFO] - Epoch:  121 | FVAL: 0.0095508
2019-07-15 20:43:20,931 - [INFO] - Epoch:  122 | FVAL: 0.0095416
2019-07-15 20:43:23,645 - [INFO] - Epoch:  123 | FVAL: 0.0095316
2019-07-15 20:43:26,308 - [INFO] - Epoch:  124 | FVAL: 0.0095251
2019-07-15 20:43:29,025 - [INFO] - Epoch:  125 | FVAL: 0.0095160
2019-07-15 20:43:31,721 - [INFO] - Epoch:  126 | FVAL: 0.0095073
2019-07-15 20:43:34,475 - [INFO] - Epoch:  127 | FVAL: 0.0094990
2019-07-15 20:43:37,241 - [INFO] - Epoch:  128 | FVAL: 0.0094886
2019-07-15 20:43:39,864 - [INFO] - Epoch:  129 | FVAL: 0.0094787
2019-07-15 20:43:42,477 - [INFO] - Epoch:  130 | FVAL: 0.0094735
2019-07-15 20:43:45,095 - [INFO] - Epoch:  131 | FVAL: 0.0094666
2019-07-15 20:43:47,778 - [INFO] - Epoch:  132 | FVAL: 0.0094624
2019-07-15 20:43:50,447 - [INFO] - Epoch:  133 | FVAL: 0.0094562
2019-07-15 20:43:53,054 - [INFO] - Epoch:  134 | FVAL: 0.0094496
2019-07-15 20:43:55,661 - [INFO] - Epoch:  135 | FVAL: 0.0094431
2019-07-15 20:43:58,327 - [INFO] - Epoch:  136 | FVAL: 0.0094361
2019-07-15 20:44:01,179 - [INFO] - Epoch:  137 | FVAL: 0.0094298
2019-07-15 20:44:03,941 - [INFO] - Epoch:  138 | FVAL: 0.0094235
2019-07-15 20:44:06,627 - [INFO] - Epoch:  139 | FVAL: 0.0094149
2019-07-15 20:44:09,391 - [INFO] - Epoch:  140 | FVAL: 0.0094072
2019-07-15 20:44:12,148 - [INFO] - Epoch:  141 | FVAL: 0.0093977
2019-07-15 20:44:14,818 - [INFO] - Epoch:  142 | FVAL: 0.0093915
2019-07-15 20:44:17,429 - [INFO] - Epoch:  143 | FVAL: 0.0093834
2019-07-15 20:44:20,097 - [INFO] - Epoch:  144 | FVAL: 0.0093799
2019-07-15 20:44:22,717 - [INFO] - Epoch:  145 | FVAL: 0.0093752
2019-07-15 20:44:25,430 - [INFO] - Epoch:  146 | FVAL: 0.0093709
2019-07-15 20:44:28,151 - [INFO] - Epoch:  147 | FVAL: 0.0093672
2019-07-15 20:44:30,772 - [INFO] - Epoch:  148 | FVAL: 0.0093631
2019-07-15 20:44:33,448 - [INFO] - Epoch:  149 | FVAL: 0.0093579
2019-07-15 20:44:36,115 - [INFO] - Epoch:  150 | FVAL: 0.0093545
2019-07-15 20:44:38,754 - [INFO] - Epoch:  151 | FVAL: 0.0093490
2019-07-15 20:44:41,432 - [INFO] - Epoch:  152 | FVAL: 0.0093470
2019-07-15 20:44:44,154 - [INFO] - Epoch:  153 | FVAL: 0.0093434
2019-07-15 20:44:46,852 - [INFO] - Epoch:  154 | FVAL: 0.0093404
2019-07-15 20:44:49,549 - [INFO] - Epoch:  155 | FVAL: 0.0093372
2019-07-15 20:44:52,212 - [INFO] - Epoch:  156 | FVAL: 0.0093336
2019-07-15 20:44:54,856 - [INFO] - Epoch:  157 | FVAL: 0.0093282
2019-07-15 20:44:57,577 - [INFO] - Epoch:  158 | FVAL: 0.0093237
2019-07-15 20:45:00,436 - [INFO] - Epoch:  159 | FVAL: 0.0093208
2019-07-15 20:45:03,106 - [INFO] - Epoch:  160 | FVAL: 0.0093171
2019-07-15 20:45:05,832 - [INFO] - Epoch:  161 | FVAL: 0.0093132
2019-07-15 20:45:08,659 - [INFO] - Epoch:  162 | FVAL: 0.0093095
2019-07-15 20:45:11,384 - [INFO] - Epoch:  163 | FVAL: 0.0093046
2019-07-15 20:45:14,039 - [INFO] - Epoch:  164 | FVAL: 0.0092999
2019-07-15 20:45:16,752 - [INFO] - Epoch:  165 | FVAL: 0.0092963
2019-07-15 20:45:19,460 - [INFO] - Epoch:  166 | FVAL: 0.0092928
2019-07-15 20:45:22,115 - [INFO] - Epoch:  167 | FVAL: 0.0092906
2019-07-15 20:45:24,774 - [INFO] - Epoch:  168 | FVAL: 0.0092874
2019-07-15 20:45:27,480 - [INFO] - Epoch:  169 | FVAL: 0.0092837
2019-07-15 20:45:30,107 - [INFO] - Epoch:  170 | FVAL: 0.0092809
2019-07-15 20:45:32,892 - [INFO] - Epoch:  171 | FVAL: 0.0092773
2019-07-15 20:45:35,541 - [INFO] - Epoch:  172 | FVAL: 0.0092747
2019-07-15 20:45:38,311 - [INFO] - Epoch:  173 | FVAL: 0.0092728
2019-07-15 20:45:41,147 - [INFO] - Epoch:  174 | FVAL: 0.0092706
2019-07-15 20:45:43,791 - [INFO] - Epoch:  175 | FVAL: 0.0092680
2019-07-15 20:45:46,451 - [INFO] - Epoch:  176 | FVAL: 0.0092652
2019-07-15 20:45:49,171 - [INFO] - Epoch:  177 | FVAL: 0.0092635
2019-07-15 20:45:51,809 - [INFO] - Epoch:  178 | FVAL: 0.0092619
2019-07-15 20:45:54,490 - [INFO] - Epoch:  179 | FVAL: 0.0092600
2019-07-15 20:45:57,136 - [INFO] - Epoch:  180 | FVAL: 0.0092569
2019-07-15 20:45:59,743 - [INFO] - Epoch:  181 | FVAL: 0.0092556
2019-07-15 20:46:02,652 - [INFO] - Epoch:  182 | FVAL: 0.0092540
2019-07-15 20:46:05,373 - [INFO] - Epoch:  183 | FVAL: 0.0092513
2019-07-15 20:46:08,011 - [INFO] - Epoch:  184 | FVAL: 0.0092487
2019-07-15 20:46:10,656 - [INFO] - Epoch:  185 | FVAL: 0.0092454
2019-07-15 20:46:13,407 - [INFO] - Epoch:  186 | FVAL: 0.0092427
2019-07-15 20:46:16,087 - [INFO] - Epoch:  187 | FVAL: 0.0092410
2019-07-15 20:46:18,737 - [INFO] - Epoch:  188 | FVAL: 0.0092384
2019-07-15 20:46:21,375 - [INFO] - Epoch:  189 | FVAL: 0.0092358
2019-07-15 20:46:24,048 - [INFO] - Epoch:  190 | FVAL: 0.0092338
2019-07-15 20:46:26,642 - [INFO] - Epoch:  191 | FVAL: 0.0092294
2019-07-15 20:46:29,339 - [INFO] - Epoch:  192 | FVAL: 0.0092277
2019-07-15 20:46:32,007 - [INFO] - Epoch:  193 | FVAL: 0.0092252
2019-07-15 20:46:34,669 - [INFO] - Epoch:  194 | FVAL: 0.0092223
2019-07-15 20:46:37,391 - [INFO] - Epoch:  195 | FVAL: 0.0092201
2019-07-15 20:46:40,059 - [INFO] - Epoch:  196 | FVAL: 0.0092167
2019-07-15 20:46:42,727 - [INFO] - Epoch:  197 | FVAL: 0.0092133
2019-07-15 20:46:45,354 - [INFO] - Epoch:  198 | FVAL: 0.0092109
2019-07-15 20:46:48,047 - [INFO] - Epoch:  199 | FVAL: 0.0092083
2019-07-15 20:46:50,657 - [INFO] - Epoch:  200 | FVAL: 0.0092056
2019-07-15 20:46:53,307 - [INFO] - Epoch:  201 | FVAL: 0.0092041
2019-07-15 20:46:56,028 - [INFO] - Epoch:  202 | FVAL: 0.0092022
2019-07-15 20:46:58,669 - [INFO] - Epoch:  203 | FVAL: 0.0092008
2019-07-15 20:47:01,495 - [INFO] - Epoch:  204 | FVAL: 0.0091993
2019-07-15 20:47:04,290 - [INFO] - Epoch:  205 | FVAL: 0.0091977
2019-07-15 20:47:06,997 - [INFO] - Epoch:  206 | FVAL: 0.0091968
