2019-07-15 20:21:33,479 - [INFO] - csum-- N:38 | d:7129 | lambda:0.01
2019-07-15 20:21:33,480 - [INFO] - Function value sequence convergence criteria.
2019-07-15 20:21:33,480 - [INFO] - Epoch:    0 | FVAL: 0.3465736
2019-07-15 20:21:34,416 - [INFO] - Epoch:    1 | FVAL: 0.3465736
2019-07-15 20:21:35,290 - [INFO] - Epoch:    2 | FVAL: 0.1493042
2019-07-15 20:21:36,154 - [INFO] - Epoch:    3 | FVAL: 0.1192788
2019-07-15 20:21:37,089 - [INFO] - Epoch:    4 | FVAL: 0.1034082
2019-07-15 20:21:38,049 - [INFO] - Epoch:    5 | FVAL: 0.0923290
2019-07-15 20:21:38,952 - [INFO] - Epoch:    6 | FVAL: 0.0838584
2019-07-15 20:21:39,850 - [INFO] - Epoch:    7 | FVAL: 0.0774143
2019-07-15 20:21:40,822 - [INFO] - Epoch:    8 | FVAL: 0.0727071
2019-07-15 20:21:41,797 - [INFO] - Epoch:    9 | FVAL: 0.0695505
2019-07-15 20:21:42,678 - [INFO] - Epoch:   10 | FVAL: 0.0674577
2019-07-15 20:21:43,650 - [INFO] - Epoch:   11 | FVAL: 0.0658666
2019-07-15 20:21:44,550 - [INFO] - Epoch:   12 | FVAL: 0.0646259
2019-07-15 20:21:45,529 - [INFO] - Epoch:   13 | FVAL: 0.0636086
2019-07-15 20:21:46,503 - [INFO] - Epoch:   14 | FVAL: 0.0628077
2019-07-15 20:21:47,404 - [INFO] - Epoch:   15 | FVAL: 0.0621624
2019-07-15 20:21:48,324 - [INFO] - Epoch:   16 | FVAL: 0.0616094
2019-07-15 20:21:49,290 - [INFO] - Epoch:   17 | FVAL: 0.0611514
2019-07-15 20:21:50,269 - [INFO] - Epoch:   18 | FVAL: 0.0607708
2019-07-15 20:21:51,246 - [INFO] - Epoch:   19 | FVAL: 0.0604396
2019-07-15 20:21:52,146 - [INFO] - Epoch:   20 | FVAL: 0.0601446
2019-07-15 20:21:53,045 - [INFO] - Epoch:   21 | FVAL: 0.0598862
2019-07-15 20:21:54,027 - [INFO] - Epoch:   22 | FVAL: 0.0596644
2019-07-15 20:21:55,007 - [INFO] - Epoch:   23 | FVAL: 0.0594872
2019-07-15 20:21:55,906 - [INFO] - Epoch:   24 | FVAL: 0.0593317
2019-07-15 20:21:56,876 - [INFO] - Epoch:   25 | FVAL: 0.0592265
2019-07-15 20:21:57,779 - [INFO] - Epoch:   26 | FVAL: 0.0591330
2019-07-15 20:21:58,755 - [INFO] - Epoch:   27 | FVAL: 0.0590496
2019-07-15 20:21:59,739 - [INFO] - Epoch:   28 | FVAL: 0.0589767
2019-07-15 20:22:00,904 - [INFO] - Epoch:   29 | FVAL: 0.0589116
2019-07-15 20:22:01,783 - [INFO] - Epoch:   30 | FVAL: 0.0588511
2019-07-15 20:22:02,657 - [INFO] - Epoch:   31 | FVAL: 0.0587983
2019-07-15 20:22:03,583 - [INFO] - Epoch:   32 | FVAL: 0.0587509
2019-07-15 20:22:04,549 - [INFO] - Epoch:   33 | FVAL: 0.0587101
2019-07-15 20:22:05,433 - [INFO] - Epoch:   34 | FVAL: 0.0586727
2019-07-15 20:22:06,322 - [INFO] - Epoch:   35 | FVAL: 0.0586371
2019-07-15 20:22:07,262 - [INFO] - Epoch:   36 | FVAL: 0.0586029
2019-07-15 20:22:08,200 - [INFO] - Epoch:   37 | FVAL: 0.0585700
2019-07-15 20:22:09,077 - [INFO] - Epoch:   38 | FVAL: 0.0585417
2019-07-15 20:22:09,977 - [INFO] - Epoch:   39 | FVAL: 0.0585164
2019-07-15 20:22:10,914 - [INFO] - Epoch:   40 | FVAL: 0.0584947
2019-07-15 20:22:11,854 - [INFO] - Epoch:   41 | FVAL: 0.0584769
2019-07-15 20:22:12,736 - [INFO] - Epoch:   42 | FVAL: 0.0584601
2019-07-15 20:22:13,673 - [INFO] - Epoch:   43 | FVAL: 0.0584442
2019-07-15 20:22:14,550 - [INFO] - Epoch:   44 | FVAL: 0.0584292
2019-07-15 20:22:15,485 - [INFO] - Epoch:   45 | FVAL: 0.0584149
2019-07-15 20:22:16,369 - [INFO] - Epoch:   46 | FVAL: 0.0584011
2019-07-15 20:22:17,306 - [INFO] - Epoch:   47 | FVAL: 0.0583879
2019-07-15 20:22:18,185 - [INFO] - Epoch:   48 | FVAL: 0.0583750
2019-07-15 20:22:19,119 - [INFO] - Epoch:   49 | FVAL: 0.0583630
2019-07-15 20:22:20,113 - [INFO] - Epoch:   50 | FVAL: 0.0583533
2019-07-15 20:22:21,018 - [INFO] - Epoch:   51 | FVAL: 0.0583442
2019-07-15 20:22:21,932 - [INFO] - Epoch:   52 | FVAL: 0.0583355
2019-07-15 20:22:22,895 - [INFO] - Epoch:   53 | FVAL: 0.0583271
2019-07-15 20:22:23,834 - [INFO] - Epoch:   54 | FVAL: 0.0583191
2019-07-15 20:22:24,714 - [INFO] - Epoch:   55 | FVAL: 0.0583120
2019-07-15 20:22:25,583 - [INFO] - Epoch:   56 | FVAL: 0.0583051
2019-07-15 20:22:26,501 - [INFO] - Epoch:   57 | FVAL: 0.0582984
2019-07-15 20:22:27,426 - [INFO] - Epoch:   58 | FVAL: 0.0582919
2019-07-15 20:22:28,297 - [INFO] - Epoch:   59 | FVAL: 0.0582855
2019-07-15 20:22:29,174 - [INFO] - Epoch:   60 | FVAL: 0.0582793
2019-07-15 20:22:30,114 - [INFO] - Epoch:   61 | FVAL: 0.0582732
2019-07-15 20:22:31,057 - [INFO] - Epoch:   62 | FVAL: 0.0582673
2019-07-15 20:22:31,933 - [INFO] - Epoch:   63 | FVAL: 0.0582615
2019-07-15 20:22:32,801 - [INFO] - Epoch:   64 | FVAL: 0.0582558
2019-07-15 20:22:33,724 - [INFO] - Epoch:   65 | FVAL: 0.0582502
2019-07-15 20:22:34,642 - [INFO] - Epoch:   66 | FVAL: 0.0582447
2019-07-15 20:22:35,510 - [INFO] - Epoch:   67 | FVAL: 0.0582393
2019-07-15 20:22:36,379 - [INFO] - Epoch:   68 | FVAL: 0.0582340
2019-07-15 20:22:37,305 - [INFO] - Epoch:   69 | FVAL: 0.0582288
2019-07-15 20:22:38,222 - [INFO] - Epoch:   70 | FVAL: 0.0582237
2019-07-15 20:22:39,094 - [INFO] - Epoch:   71 | FVAL: 0.0582186
2019-07-15 20:22:39,966 - [INFO] - Epoch:   72 | FVAL: 0.0582137
2019-07-15 20:22:40,931 - [INFO] - Epoch:   73 | FVAL: 0.0582088
2019-07-15 20:22:41,884 - [INFO] - Epoch:   74 | FVAL: 0.0582040
2019-07-15 20:22:42,763 - [INFO] - Epoch:   75 | FVAL: 0.0581992
2019-07-15 20:22:43,700 - [INFO] - Epoch:   76 | FVAL: 0.0581945
2019-07-15 20:22:44,594 - [INFO] - Epoch:   77 | FVAL: 0.0581899
2019-07-15 20:22:45,555 - [INFO] - Epoch:   78 | FVAL: 0.0581854
2019-07-15 20:22:46,569 - [INFO] - Epoch:   79 | FVAL: 0.0581809
2019-07-15 20:22:47,461 - [INFO] - Epoch:   80 | FVAL: 0.0581767
2019-07-15 20:22:48,343 - [INFO] - Epoch:   81 | FVAL: 0.0581732
2019-07-15 20:22:49,301 - [INFO] - Epoch:   82 | FVAL: 0.0581698
2019-07-15 20:22:50,248 - [INFO] - Epoch:   83 | FVAL: 0.0581665
2019-07-15 20:22:51,123 - [INFO] - Epoch:   84 | FVAL: 0.0581633
2019-07-15 20:22:52,003 - [INFO] - Epoch:   85 | FVAL: 0.0581602
2019-07-15 20:22:52,938 - [INFO] - Epoch:   86 | FVAL: 0.0581571
2019-07-15 20:22:53,884 - [INFO] - Epoch:   87 | FVAL: 0.0581541
2019-07-15 20:22:54,775 - [INFO] - Epoch:   88 | FVAL: 0.0581512
2019-07-15 20:22:55,732 - [INFO] - Epoch:   89 | FVAL: 0.0581483
2019-07-15 20:22:56,613 - [INFO] - Epoch:   90 | FVAL: 0.0581456
2019-07-15 20:22:57,541 - [INFO] - Epoch:   91 | FVAL: 0.0581428
2019-07-15 20:22:58,429 - [INFO] - Epoch:   92 | FVAL: 0.0581402
2019-07-15 20:22:59,373 - [INFO] - Epoch:   93 | FVAL: 0.0581375
2019-07-15 20:23:00,435 - [INFO] - Epoch:   94 | FVAL: 0.0581350
2019-07-15 20:23:01,347 - [INFO] - Epoch:   95 | FVAL: 0.0581325
2019-07-15 20:23:02,293 - [INFO] - Epoch:   96 | FVAL: 0.0581300
2019-07-15 20:23:03,166 - [INFO] - Epoch:   97 | FVAL: 0.0581276
2019-07-15 20:23:04,040 - [INFO] - Epoch:   98 | FVAL: 0.0581252
2019-07-15 20:23:04,973 - [INFO] - Epoch:   99 | FVAL: 0.0581229
2019-07-15 20:23:05,901 - [INFO] - Epoch:  100 | FVAL: 0.0581206
2019-07-15 20:23:06,782 - [INFO] - Epoch:  101 | FVAL: 0.0581184
2019-07-15 20:23:07,724 - [INFO] - Epoch:  102 | FVAL: 0.0581162
2019-07-15 20:23:08,596 - [INFO] - Epoch:  103 | FVAL: 0.0581140
2019-07-15 20:23:09,510 - [INFO] - Epoch:  104 | FVAL: 0.0581119
2019-07-15 20:23:10,377 - [INFO] - Epoch:  105 | FVAL: 0.0581098
2019-07-15 20:23:11,244 - [INFO] - Epoch:  106 | FVAL: 0.0581078
2019-07-15 20:23:12,158 - [INFO] - Epoch:  107 | FVAL: 0.0581058
2019-07-15 20:23:13,072 - [INFO] - Epoch:  108 | FVAL: 0.0581038
2019-07-15 20:23:13,945 - [INFO] - Epoch:  109 | FVAL: 0.0581018
2019-07-15 20:23:14,818 - [INFO] - Epoch:  110 | FVAL: 0.0580999
2019-07-15 20:23:15,749 - [INFO] - Epoch:  111 | FVAL: 0.0580980
2019-07-15 20:23:16,685 - [INFO] - Epoch:  112 | FVAL: 0.0580962
2019-07-15 20:23:17,577 - [INFO] - Epoch:  113 | FVAL: 0.0580943
2019-07-15 20:23:18,449 - [INFO] - Epoch:  114 | FVAL: 0.0580925
2019-07-15 20:23:19,375 - [INFO] - Epoch:  115 | FVAL: 0.0580907
2019-07-15 20:23:20,295 - [INFO] - Epoch:  116 | FVAL: 0.0580890
2019-07-15 20:23:21,168 - [INFO] - Epoch:  117 | FVAL: 0.0580873
2019-07-15 20:23:22,046 - [INFO] - Epoch:  118 | FVAL: 0.0580856
2019-07-15 20:23:22,994 - [INFO] - Epoch:  119 | FVAL: 0.0580839
2019-07-15 20:23:23,916 - [INFO] - Epoch:  120 | FVAL: 0.0580822
2019-07-15 20:23:24,795 - [INFO] - Epoch:  121 | FVAL: 0.0580806
2019-07-15 20:23:25,663 - [INFO] - Epoch:  122 | FVAL: 0.0580790
2019-07-15 20:23:26,591 - [INFO] - Epoch:  123 | FVAL: 0.0580774
2019-07-15 20:23:27,529 - [INFO] - Epoch:  124 | FVAL: 0.0580759
2019-07-15 20:23:28,415 - [INFO] - Epoch:  125 | FVAL: 0.0580743
2019-07-15 20:23:29,343 - [INFO] - Epoch:  126 | FVAL: 0.0580728
2019-07-15 20:23:30,249 - [INFO] - Epoch:  127 | FVAL: 0.0580713
2019-07-15 20:23:31,209 - [INFO] - Epoch:  128 | FVAL: 0.0580699
2019-07-15 20:23:32,088 - [INFO] - Epoch:  129 | FVAL: 0.0580684
2019-07-15 20:23:33,042 - [INFO] - Epoch:  130 | FVAL: 0.0580670
2019-07-15 20:23:33,920 - [INFO] - Epoch:  131 | FVAL: 0.0580656
2019-07-15 20:23:34,862 - [INFO] - Epoch:  132 | FVAL: 0.0580642
2019-07-15 20:23:35,802 - [INFO] - Epoch:  133 | FVAL: 0.0580628
2019-07-15 20:23:36,678 - [INFO] - Epoch:  134 | FVAL: 0.0580614
2019-07-15 20:23:37,553 - [INFO] - Epoch:  135 | FVAL: 0.0580601
2019-07-15 20:23:38,493 - [INFO] - Epoch:  136 | FVAL: 0.0580588
2019-07-15 20:23:39,455 - [INFO] - Epoch:  137 | FVAL: 0.0580574
2019-07-15 20:23:40,355 - [INFO] - Epoch:  138 | FVAL: 0.0580562
2019-07-15 20:23:41,259 - [INFO] - Epoch:  139 | FVAL: 0.0580549
2019-07-15 20:23:42,235 - [INFO] - Epoch:  140 | FVAL: 0.0580536
2019-07-15 20:23:43,210 - [INFO] - Epoch:  141 | FVAL: 0.0580524
2019-07-15 20:23:44,109 - [INFO] - Epoch:  142 | FVAL: 0.0580512
2019-07-15 20:23:45,097 - [INFO] - Epoch:  143 | FVAL: 0.0580499
2019-07-15 20:23:46,000 - [INFO] - Epoch:  144 | FVAL: 0.0580487
2019-07-15 20:23:46,988 - [INFO] - Epoch:  145 | FVAL: 0.0580476
2019-07-15 20:23:47,971 - [INFO] - Epoch:  146 | FVAL: 0.0580464
2019-07-15 20:23:48,869 - [INFO] - Epoch:  147 | FVAL: 0.0580452
2019-07-15 20:23:49,839 - [INFO] - Epoch:  148 | FVAL: 0.0580441
2019-07-15 20:23:50,716 - [INFO] - Epoch:  149 | FVAL: 0.0580430
2019-07-15 20:23:51,661 - [INFO] - Epoch:  150 | FVAL: 0.0580419
