2019-07-15 20:47:06,999 - [INFO] - csum-- N:38 | d:7129 | lambda:0.001
2019-07-15 20:47:06,999 - [INFO] - Function value sequence convergence criteria.
2019-07-15 20:47:06,999 - [INFO] - Epoch:    0 | FVAL: 0.3465736
2019-07-15 20:47:07,957 - [INFO] - Epoch:    1 | FVAL: 0.3465736
2019-07-15 20:47:08,914 - [INFO] - Epoch:    2 | FVAL: 0.0300923
2019-07-15 20:47:09,807 - [INFO] - Epoch:    3 | FVAL: 0.0282013
2019-07-15 20:47:10,691 - [INFO] - Epoch:    4 | FVAL: 0.0268607
2019-07-15 20:47:11,616 - [INFO] - Epoch:    5 | FVAL: 0.0257323
2019-07-15 20:47:12,559 - [INFO] - Epoch:    6 | FVAL: 0.0247595
2019-07-15 20:47:13,442 - [INFO] - Epoch:    7 | FVAL: 0.0239160
2019-07-15 20:47:14,324 - [INFO] - Epoch:    8 | FVAL: 0.0231583
2019-07-15 20:47:15,253 - [INFO] - Epoch:    9 | FVAL: 0.0225153
2019-07-15 20:47:16,201 - [INFO] - Epoch:   10 | FVAL: 0.0219314
2019-07-15 20:47:17,078 - [INFO] - Epoch:   11 | FVAL: 0.0214130
2019-07-15 20:47:17,969 - [INFO] - Epoch:   12 | FVAL: 0.0209372
2019-07-15 20:47:18,905 - [INFO] - Epoch:   13 | FVAL: 0.0205126
2019-07-15 20:47:19,834 - [INFO] - Epoch:   14 | FVAL: 0.0201303
2019-07-15 20:47:20,712 - [INFO] - Epoch:   15 | FVAL: 0.0197826
2019-07-15 20:47:21,589 - [INFO] - Epoch:   16 | FVAL: 0.0194638
2019-07-15 20:47:22,526 - [INFO] - Epoch:   17 | FVAL: 0.0191744
2019-07-15 20:47:23,510 - [INFO] - Epoch:   18 | FVAL: 0.0189042
2019-07-15 20:47:24,386 - [INFO] - Epoch:   19 | FVAL: 0.0186438
2019-07-15 20:47:25,333 - [INFO] - Epoch:   20 | FVAL: 0.0184055
2019-07-15 20:47:26,227 - [INFO] - Epoch:   21 | FVAL: 0.0181784
2019-07-15 20:47:27,178 - [INFO] - Epoch:   22 | FVAL: 0.0179571
2019-07-15 20:47:28,122 - [INFO] - Epoch:   23 | FVAL: 0.0177423
2019-07-15 20:47:29,003 - [INFO] - Epoch:   24 | FVAL: 0.0175412
2019-07-15 20:47:29,877 - [INFO] - Epoch:   25 | FVAL: 0.0173558
2019-07-15 20:47:30,805 - [INFO] - Epoch:   26 | FVAL: 0.0171836
2019-07-15 20:47:31,741 - [INFO] - Epoch:   27 | FVAL: 0.0170137
2019-07-15 20:47:32,618 - [INFO] - Epoch:   28 | FVAL: 0.0168491
2019-07-15 20:47:33,499 - [INFO] - Epoch:   29 | FVAL: 0.0166868
2019-07-15 20:47:34,414 - [INFO] - Epoch:   30 | FVAL: 0.0165255
2019-07-15 20:47:35,340 - [INFO] - Epoch:   31 | FVAL: 0.0163669
2019-07-15 20:47:36,219 - [INFO] - Epoch:   32 | FVAL: 0.0162111
2019-07-15 20:47:37,107 - [INFO] - Epoch:   33 | FVAL: 0.0160613
2019-07-15 20:47:38,045 - [INFO] - Epoch:   34 | FVAL: 0.0159194
2019-07-15 20:47:38,978 - [INFO] - Epoch:   35 | FVAL: 0.0157849
2019-07-15 20:47:39,863 - [INFO] - Epoch:   36 | FVAL: 0.0156537
2019-07-15 20:47:40,744 - [INFO] - Epoch:   37 | FVAL: 0.0155256
2019-07-15 20:47:41,752 - [INFO] - Epoch:   38 | FVAL: 0.0154002
2019-07-15 20:47:42,744 - [INFO] - Epoch:   39 | FVAL: 0.0152757
2019-07-15 20:47:43,655 - [INFO] - Epoch:   40 | FVAL: 0.0151534
2019-07-15 20:47:44,638 - [INFO] - Epoch:   41 | FVAL: 0.0150340
2019-07-15 20:47:45,544 - [INFO] - Epoch:   42 | FVAL: 0.0149152
2019-07-15 20:47:46,524 - [INFO] - Epoch:   43 | FVAL: 0.0147982
2019-07-15 20:47:47,520 - [INFO] - Epoch:   44 | FVAL: 0.0146833
2019-07-15 20:47:48,425 - [INFO] - Epoch:   45 | FVAL: 0.0145701
2019-07-15 20:47:49,416 - [INFO] - Epoch:   46 | FVAL: 0.0144617
2019-07-15 20:47:50,321 - [INFO] - Epoch:   47 | FVAL: 0.0143551
2019-07-15 20:47:51,305 - [INFO] - Epoch:   48 | FVAL: 0.0142495
2019-07-15 20:47:52,279 - [INFO] - Epoch:   49 | FVAL: 0.0141454
2019-07-15 20:47:53,185 - [INFO] - Epoch:   50 | FVAL: 0.0140426
2019-07-15 20:47:54,071 - [INFO] - Epoch:   51 | FVAL: 0.0139403
2019-07-15 20:47:55,009 - [INFO] - Epoch:   52 | FVAL: 0.0138389
2019-07-15 20:47:55,939 - [INFO] - Epoch:   53 | FVAL: 0.0137387
2019-07-15 20:47:56,807 - [INFO] - Epoch:   54 | FVAL: 0.0136433
2019-07-15 20:47:57,687 - [INFO] - Epoch:   55 | FVAL: 0.0135513
2019-07-15 20:47:58,627 - [INFO] - Epoch:   56 | FVAL: 0.0134611
2019-07-15 20:47:59,557 - [INFO] - Epoch:   57 | FVAL: 0.0133725
2019-07-15 20:48:00,597 - [INFO] - Epoch:   58 | FVAL: 0.0132860
2019-07-15 20:48:01,475 - [INFO] - Epoch:   59 | FVAL: 0.0132003
2019-07-15 20:48:02,403 - [INFO] - Epoch:   60 | FVAL: 0.0131157
2019-07-15 20:48:03,340 - [INFO] - Epoch:   61 | FVAL: 0.0130314
2019-07-15 20:48:04,219 - [INFO] - Epoch:   62 | FVAL: 0.0129483
2019-07-15 20:48:05,122 - [INFO] - Epoch:   63 | FVAL: 0.0128666
2019-07-15 20:48:06,035 - [INFO] - Epoch:   64 | FVAL: 0.0127852
2019-07-15 20:48:06,971 - [INFO] - Epoch:   65 | FVAL: 0.0127044
2019-07-15 20:48:07,853 - [INFO] - Epoch:   66 | FVAL: 0.0126260
2019-07-15 20:48:08,790 - [INFO] - Epoch:   67 | FVAL: 0.0125492
2019-07-15 20:48:09,672 - [INFO] - Epoch:   68 | FVAL: 0.0124791
2019-07-15 20:48:10,601 - [INFO] - Epoch:   69 | FVAL: 0.0124125
2019-07-15 20:48:11,493 - [INFO] - Epoch:   70 | FVAL: 0.0123477
2019-07-15 20:48:12,425 - [INFO] - Epoch:   71 | FVAL: 0.0122843
2019-07-15 20:48:13,296 - [INFO] - Epoch:   72 | FVAL: 0.0122226
2019-07-15 20:48:14,225 - [INFO] - Epoch:   73 | FVAL: 0.0121631
2019-07-15 20:48:15,107 - [INFO] - Epoch:   74 | FVAL: 0.0121041
2019-07-15 20:48:16,025 - [INFO] - Epoch:   75 | FVAL: 0.0120458
2019-07-15 20:48:16,905 - [INFO] - Epoch:   76 | FVAL: 0.0119881
2019-07-15 20:48:17,835 - [INFO] - Epoch:   77 | FVAL: 0.0119312
2019-07-15 20:48:18,716 - [INFO] - Epoch:   78 | FVAL: 0.0118756
2019-07-15 20:48:19,645 - [INFO] - Epoch:   79 | FVAL: 0.0118207
2019-07-15 20:48:20,524 - [INFO] - Epoch:   80 | FVAL: 0.0117670
2019-07-15 20:48:21,460 - [INFO] - Epoch:   81 | FVAL: 0.0117149
2019-07-15 20:48:22,402 - [INFO] - Epoch:   82 | FVAL: 0.0116648
2019-07-15 20:48:23,284 - [INFO] - Epoch:   83 | FVAL: 0.0116154
2019-07-15 20:48:24,169 - [INFO] - Epoch:   84 | FVAL: 0.0115674
2019-07-15 20:48:25,101 - [INFO] - Epoch:   85 | FVAL: 0.0115217
2019-07-15 20:48:26,030 - [INFO] - Epoch:   86 | FVAL: 0.0114785
2019-07-15 20:48:26,918 - [INFO] - Epoch:   87 | FVAL: 0.0114360
2019-07-15 20:48:27,815 - [INFO] - Epoch:   88 | FVAL: 0.0113941
2019-07-15 20:48:28,754 - [INFO] - Epoch:   89 | FVAL: 0.0113530
2019-07-15 20:48:29,697 - [INFO] - Epoch:   90 | FVAL: 0.0113126
2019-07-15 20:48:30,580 - [INFO] - Epoch:   91 | FVAL: 0.0112741
2019-07-15 20:48:31,466 - [INFO] - Epoch:   92 | FVAL: 0.0112364
2019-07-15 20:48:32,400 - [INFO] - Epoch:   93 | FVAL: 0.0111997
2019-07-15 20:48:33,343 - [INFO] - Epoch:   94 | FVAL: 0.0111649
2019-07-15 20:48:34,213 - [INFO] - Epoch:   95 | FVAL: 0.0111307
2019-07-15 20:48:35,094 - [INFO] - Epoch:   96 | FVAL: 0.0110969
2019-07-15 20:48:36,015 - [INFO] - Epoch:   97 | FVAL: 0.0110635
2019-07-15 20:48:36,949 - [INFO] - Epoch:   98 | FVAL: 0.0110305
2019-07-15 20:48:37,832 - [INFO] - Epoch:   99 | FVAL: 0.0109980
2019-07-15 20:48:38,717 - [INFO] - Epoch:  100 | FVAL: 0.0109662
2019-07-15 20:48:39,658 - [INFO] - Epoch:  101 | FVAL: 0.0109348
2019-07-15 20:48:40,599 - [INFO] - Epoch:  102 | FVAL: 0.0109038
2019-07-15 20:48:41,479 - [INFO] - Epoch:  103 | FVAL: 0.0108732
2019-07-15 20:48:42,355 - [INFO] - Epoch:  104 | FVAL: 0.0108429
2019-07-15 20:48:43,298 - [INFO] - Epoch:  105 | FVAL: 0.0108130
2019-07-15 20:48:44,233 - [INFO] - Epoch:  106 | FVAL: 0.0107835
2019-07-15 20:48:45,120 - [INFO] - Epoch:  107 | FVAL: 0.0107543
2019-07-15 20:48:46,065 - [INFO] - Epoch:  108 | FVAL: 0.0107264
2019-07-15 20:48:46,946 - [INFO] - Epoch:  109 | FVAL: 0.0106991
2019-07-15 20:48:47,884 - [INFO] - Epoch:  110 | FVAL: 0.0106727
2019-07-15 20:48:48,767 - [INFO] - Epoch:  111 | FVAL: 0.0106465
2019-07-15 20:48:49,698 - [INFO] - Epoch:  112 | FVAL: 0.0106206
2019-07-15 20:48:50,581 - [INFO] - Epoch:  113 | FVAL: 0.0105950
2019-07-15 20:48:51,514 - [INFO] - Epoch:  114 | FVAL: 0.0105697
2019-07-15 20:48:52,447 - [INFO] - Epoch:  115 | FVAL: 0.0105449
2019-07-15 20:48:53,332 - [INFO] - Epoch:  116 | FVAL: 0.0105207
2019-07-15 20:48:54,215 - [INFO] - Epoch:  117 | FVAL: 0.0104968
2019-07-15 20:48:55,164 - [INFO] - Epoch:  118 | FVAL: 0.0104732
2019-07-15 20:48:56,098 - [INFO] - Epoch:  119 | FVAL: 0.0104498
2019-07-15 20:48:56,980 - [INFO] - Epoch:  120 | FVAL: 0.0104267
2019-07-15 20:48:57,862 - [INFO] - Epoch:  121 | FVAL: 0.0104040
2019-07-15 20:48:58,801 - [INFO] - Epoch:  122 | FVAL: 0.0103820
2019-07-15 20:48:59,737 - [INFO] - Epoch:  123 | FVAL: 0.0103603
2019-07-15 20:49:00,779 - [INFO] - Epoch:  124 | FVAL: 0.0103394
2019-07-15 20:49:01,744 - [INFO] - Epoch:  125 | FVAL: 0.0103189
2019-07-15 20:49:02,634 - [INFO] - Epoch:  126 | FVAL: 0.0102996
2019-07-15 20:49:03,584 - [INFO] - Epoch:  127 | FVAL: 0.0102806
2019-07-15 20:49:04,532 - [INFO] - Epoch:  128 | FVAL: 0.0102617
2019-07-15 20:49:05,419 - [INFO] - Epoch:  129 | FVAL: 0.0102432
2019-07-15 20:49:06,298 - [INFO] - Epoch:  130 | FVAL: 0.0102249
2019-07-15 20:49:07,255 - [INFO] - Epoch:  131 | FVAL: 0.0102068
2019-07-15 20:49:08,212 - [INFO] - Epoch:  132 | FVAL: 0.0101889
2019-07-15 20:49:09,100 - [INFO] - Epoch:  133 | FVAL: 0.0101712
2019-07-15 20:49:09,989 - [INFO] - Epoch:  134 | FVAL: 0.0101540
2019-07-15 20:49:10,942 - [INFO] - Epoch:  135 | FVAL: 0.0101370
2019-07-15 20:49:11,906 - [INFO] - Epoch:  136 | FVAL: 0.0101202
2019-07-15 20:49:12,804 - [INFO] - Epoch:  137 | FVAL: 0.0101036
2019-07-15 20:49:13,757 - [INFO] - Epoch:  138 | FVAL: 0.0100879
2019-07-15 20:49:14,649 - [INFO] - Epoch:  139 | FVAL: 0.0100724
2019-07-15 20:49:15,586 - [INFO] - Epoch:  140 | FVAL: 0.0100574
2019-07-15 20:49:16,522 - [INFO] - Epoch:  141 | FVAL: 0.0100427
2019-07-15 20:49:17,398 - [INFO] - Epoch:  142 | FVAL: 0.0100282
2019-07-15 20:49:18,288 - [INFO] - Epoch:  143 | FVAL: 0.0100140
2019-07-15 20:49:19,220 - [INFO] - Epoch:  144 | FVAL: 0.0099999
2019-07-15 20:49:20,159 - [INFO] - Epoch:  145 | FVAL: 0.0099860
2019-07-15 20:49:21,046 - [INFO] - Epoch:  146 | FVAL: 0.0099723
2019-07-15 20:49:21,934 - [INFO] - Epoch:  147 | FVAL: 0.0099591
2019-07-15 20:49:22,883 - [INFO] - Epoch:  148 | FVAL: 0.0099461
2019-07-15 20:49:23,832 - [INFO] - Epoch:  149 | FVAL: 0.0099333
2019-07-15 20:49:24,721 - [INFO] - Epoch:  150 | FVAL: 0.0099207
2019-07-15 20:49:25,609 - [INFO] - Epoch:  151 | FVAL: 0.0099082
2019-07-15 20:49:26,545 - [INFO] - Epoch:  152 | FVAL: 0.0098959
2019-07-15 20:49:27,477 - [INFO] - Epoch:  153 | FVAL: 0.0098836
2019-07-15 20:49:28,358 - [INFO] - Epoch:  154 | FVAL: 0.0098716
2019-07-15 20:49:29,323 - [INFO] - Epoch:  155 | FVAL: 0.0098596
2019-07-15 20:49:30,207 - [INFO] - Epoch:  156 | FVAL: 0.0098480
2019-07-15 20:49:31,138 - [INFO] - Epoch:  157 | FVAL: 0.0098365
2019-07-15 20:49:32,013 - [INFO] - Epoch:  158 | FVAL: 0.0098252
2019-07-15 20:49:32,944 - [INFO] - Epoch:  159 | FVAL: 0.0098139
2019-07-15 20:49:33,823 - [INFO] - Epoch:  160 | FVAL: 0.0098028
2019-07-15 20:49:34,762 - [INFO] - Epoch:  161 | FVAL: 0.0097917
2019-07-15 20:49:35,647 - [INFO] - Epoch:  162 | FVAL: 0.0097809
2019-07-15 20:49:36,579 - [INFO] - Epoch:  163 | FVAL: 0.0097703
2019-07-15 20:49:37,497 - [INFO] - Epoch:  164 | FVAL: 0.0097598
2019-07-15 20:49:38,477 - [INFO] - Epoch:  165 | FVAL: 0.0097494
2019-07-15 20:49:39,466 - [INFO] - Epoch:  166 | FVAL: 0.0097392
2019-07-15 20:49:40,380 - [INFO] - Epoch:  167 | FVAL: 0.0097290
2019-07-15 20:49:41,345 - [INFO] - Epoch:  168 | FVAL: 0.0097189
2019-07-15 20:49:42,256 - [INFO] - Epoch:  169 | FVAL: 0.0097089
2019-07-15 20:49:43,232 - [INFO] - Epoch:  170 | FVAL: 0.0096990
2019-07-15 20:49:44,228 - [INFO] - Epoch:  171 | FVAL: 0.0096892
2019-07-15 20:49:45,137 - [INFO] - Epoch:  172 | FVAL: 0.0096799
2019-07-15 20:49:46,042 - [INFO] - Epoch:  173 | FVAL: 0.0096707
2019-07-15 20:49:47,025 - [INFO] - Epoch:  174 | FVAL: 0.0096616
2019-07-15 20:49:47,997 - [INFO] - Epoch:  175 | FVAL: 0.0096526
2019-07-15 20:49:48,985 - [INFO] - Epoch:  176 | FVAL: 0.0096437
2019-07-15 20:49:49,894 - [INFO] - Epoch:  177 | FVAL: 0.0096349
2019-07-15 20:49:50,801 - [INFO] - Epoch:  178 | FVAL: 0.0096264
2019-07-15 20:49:51,787 - [INFO] - Epoch:  179 | FVAL: 0.0096181
2019-07-15 20:49:52,763 - [INFO] - Epoch:  180 | FVAL: 0.0096099
2019-07-15 20:49:53,652 - [INFO] - Epoch:  181 | FVAL: 0.0096019
2019-07-15 20:49:54,595 - [INFO] - Epoch:  182 | FVAL: 0.0095940
2019-07-15 20:49:55,492 - [INFO] - Epoch:  183 | FVAL: 0.0095864
2019-07-15 20:49:56,453 - [INFO] - Epoch:  184 | FVAL: 0.0095789
2019-07-15 20:49:57,396 - [INFO] - Epoch:  185 | FVAL: 0.0095715
2019-07-15 20:49:58,279 - [INFO] - Epoch:  186 | FVAL: 0.0095643
2019-07-15 20:49:59,168 - [INFO] - Epoch:  187 | FVAL: 0.0095573
2019-07-15 20:50:00,197 - [INFO] - Epoch:  188 | FVAL: 0.0095504
2019-07-15 20:50:01,209 - [INFO] - Epoch:  189 | FVAL: 0.0095437
2019-07-15 20:50:02,107 - [INFO] - Epoch:  190 | FVAL: 0.0095371
2019-07-15 20:50:03,048 - [INFO] - Epoch:  191 | FVAL: 0.0095306
2019-07-15 20:50:03,965 - [INFO] - Epoch:  192 | FVAL: 0.0095241
2019-07-15 20:50:04,919 - [INFO] - Epoch:  193 | FVAL: 0.0095178
2019-07-15 20:50:05,882 - [INFO] - Epoch:  194 | FVAL: 0.0095115
2019-07-15 20:50:06,786 - [INFO] - Epoch:  195 | FVAL: 0.0095053
2019-07-15 20:50:07,679 - [INFO] - Epoch:  196 | FVAL: 0.0094991
2019-07-15 20:50:08,637 - [INFO] - Epoch:  197 | FVAL: 0.0094930
2019-07-15 20:50:09,590 - [INFO] - Epoch:  198 | FVAL: 0.0094870
2019-07-15 20:50:10,491 - [INFO] - Epoch:  199 | FVAL: 0.0094810
2019-07-15 20:50:11,413 - [INFO] - Epoch:  200 | FVAL: 0.0094751
2019-07-15 20:50:12,324 - [INFO] - Epoch:  201 | FVAL: 0.0094693
2019-07-15 20:50:13,277 - [INFO] - Epoch:  202 | FVAL: 0.0094637
2019-07-15 20:50:14,169 - [INFO] - Epoch:  203 | FVAL: 0.0094582
2019-07-15 20:50:15,134 - [INFO] - Epoch:  204 | FVAL: 0.0094529
2019-07-15 20:50:16,020 - [INFO] - Epoch:  205 | FVAL: 0.0094476
2019-07-15 20:50:16,973 - [INFO] - Epoch:  206 | FVAL: 0.0094425
2019-07-15 20:50:17,933 - [INFO] - Epoch:  207 | FVAL: 0.0094375
2019-07-15 20:50:18,823 - [INFO] - Epoch:  208 | FVAL: 0.0094326
2019-07-15 20:50:19,701 - [INFO] - Epoch:  209 | FVAL: 0.0094278
2019-07-15 20:50:20,647 - [INFO] - Epoch:  210 | FVAL: 0.0094231
2019-07-15 20:50:21,573 - [INFO] - Epoch:  211 | FVAL: 0.0094184
2019-07-15 20:50:22,457 - [INFO] - Epoch:  212 | FVAL: 0.0094139
2019-07-15 20:50:23,347 - [INFO] - Epoch:  213 | FVAL: 0.0094094
2019-07-15 20:50:24,291 - [INFO] - Epoch:  214 | FVAL: 0.0094049
2019-07-15 20:50:25,249 - [INFO] - Epoch:  215 | FVAL: 0.0094005
2019-07-15 20:50:26,141 - [INFO] - Epoch:  216 | FVAL: 0.0093962
2019-07-15 20:50:27,088 - [INFO] - Epoch:  217 | FVAL: 0.0093919
2019-07-15 20:50:27,979 - [INFO] - Epoch:  218 | FVAL: 0.0093876
2019-07-15 20:50:28,935 - [INFO] - Epoch:  219 | FVAL: 0.0093834
2019-07-15 20:50:29,887 - [INFO] - Epoch:  220 | FVAL: 0.0093792
2019-07-15 20:50:30,780 - [INFO] - Epoch:  221 | FVAL: 0.0093751
2019-07-15 20:50:31,673 - [INFO] - Epoch:  222 | FVAL: 0.0093710
2019-07-15 20:50:32,646 - [INFO] - Epoch:  223 | FVAL: 0.0093670
2019-07-15 20:50:33,599 - [INFO] - Epoch:  224 | FVAL: 0.0093631
2019-07-15 20:50:34,499 - [INFO] - Epoch:  225 | FVAL: 0.0093593
2019-07-15 20:50:35,394 - [INFO] - Epoch:  226 | FVAL: 0.0093555
2019-07-15 20:50:36,346 - [INFO] - Epoch:  227 | FVAL: 0.0093517
2019-07-15 20:50:37,302 - [INFO] - Epoch:  228 | FVAL: 0.0093480
2019-07-15 20:50:38,196 - [INFO] - Epoch:  229 | FVAL: 0.0093443
2019-07-15 20:50:39,142 - [INFO] - Epoch:  230 | FVAL: 0.0093406
2019-07-15 20:50:40,035 - [INFO] - Epoch:  231 | FVAL: 0.0093370
2019-07-15 20:50:40,991 - [INFO] - Epoch:  232 | FVAL: 0.0093334
2019-07-15 20:50:41,939 - [INFO] - Epoch:  233 | FVAL: 0.0093298
2019-07-15 20:50:42,831 - [INFO] - Epoch:  234 | FVAL: 0.0093263
2019-07-15 20:50:43,720 - [INFO] - Epoch:  235 | FVAL: 0.0093228
2019-07-15 20:50:44,672 - [INFO] - Epoch:  236 | FVAL: 0.0093193
2019-07-15 20:50:45,625 - [INFO] - Epoch:  237 | FVAL: 0.0093159
2019-07-15 20:50:46,518 - [INFO] - Epoch:  238 | FVAL: 0.0093125
2019-07-15 20:50:47,410 - [INFO] - Epoch:  239 | FVAL: 0.0093092
2019-07-15 20:50:48,370 - [INFO] - Epoch:  240 | FVAL: 0.0093059
2019-07-15 20:50:49,307 - [INFO] - Epoch:  241 | FVAL: 0.0093026
2019-07-15 20:50:50,191 - [INFO] - Epoch:  242 | FVAL: 0.0092994
2019-07-15 20:50:51,131 - [INFO] - Epoch:  243 | FVAL: 0.0092962
2019-07-15 20:50:52,017 - [INFO] - Epoch:  244 | FVAL: 0.0092930
2019-07-15 20:50:52,960 - [INFO] - Epoch:  245 | FVAL: 0.0092898
2019-07-15 20:50:53,879 - [INFO] - Epoch:  246 | FVAL: 0.0092868
2019-07-15 20:50:54,775 - [INFO] - Epoch:  247 | FVAL: 0.0092839
2019-07-15 20:50:55,658 - [INFO] - Epoch:  248 | FVAL: 0.0092811
2019-07-15 20:50:56,597 - [INFO] - Epoch:  249 | FVAL: 0.0092782
2019-07-15 20:50:57,558 - [INFO] - Epoch:  250 | FVAL: 0.0092754
2019-07-15 20:50:58,443 - [INFO] - Epoch:  251 | FVAL: 0.0092726
2019-07-15 20:50:59,327 - [INFO] - Epoch:  252 | FVAL: 0.0092698
2019-07-15 20:51:00,376 - [INFO] - Epoch:  253 | FVAL: 0.0092671
2019-07-15 20:51:01,306 - [INFO] - Epoch:  254 | FVAL: 0.0092647
2019-07-15 20:51:02,191 - [INFO] - Epoch:  255 | FVAL: 0.0092624
2019-07-15 20:51:03,123 - [INFO] - Epoch:  256 | FVAL: 0.0092601
2019-07-15 20:51:04,018 - [INFO] - Epoch:  257 | FVAL: 0.0092579
2019-07-15 20:51:04,974 - [INFO] - Epoch:  258 | FVAL: 0.0092556
2019-07-15 20:51:05,878 - [INFO] - Epoch:  259 | FVAL: 0.0092534
2019-07-15 20:51:06,818 - [INFO] - Epoch:  260 | FVAL: 0.0092513
2019-07-15 20:51:07,731 - [INFO] - Epoch:  261 | FVAL: 0.0092491
2019-07-15 20:51:08,690 - [INFO] - Epoch:  262 | FVAL: 0.0092470
2019-07-15 20:51:09,646 - [INFO] - Epoch:  263 | FVAL: 0.0092449
2019-07-15 20:51:10,541 - [INFO] - Epoch:  264 | FVAL: 0.0092429
2019-07-15 20:51:11,436 - [INFO] - Epoch:  265 | FVAL: 0.0092408
2019-07-15 20:51:12,396 - [INFO] - Epoch:  266 | FVAL: 0.0092388
2019-07-15 20:51:13,346 - [INFO] - Epoch:  267 | FVAL: 0.0092368
2019-07-15 20:51:14,242 - [INFO] - Epoch:  268 | FVAL: 0.0092348
2019-07-15 20:51:15,203 - [INFO] - Epoch:  269 | FVAL: 0.0092328
2019-07-15 20:51:16,090 - [INFO] - Epoch:  270 | FVAL: 0.0092309
2019-07-15 20:51:17,051 - [INFO] - Epoch:  271 | FVAL: 0.0092289
2019-07-15 20:51:18,011 - [INFO] - Epoch:  272 | FVAL: 0.0092270
2019-07-15 20:51:18,921 - [INFO] - Epoch:  273 | FVAL: 0.0092251
2019-07-15 20:51:19,815 - [INFO] - Epoch:  274 | FVAL: 0.0092232
2019-07-15 20:51:20,770 - [INFO] - Epoch:  275 | FVAL: 0.0092214
2019-07-15 20:51:21,715 - [INFO] - Epoch:  276 | FVAL: 0.0092196
2019-07-15 20:51:22,601 - [INFO] - Epoch:  277 | FVAL: 0.0092178
2019-07-15 20:51:23,489 - [INFO] - Epoch:  278 | FVAL: 0.0092160
2019-07-15 20:51:24,432 - [INFO] - Epoch:  279 | FVAL: 0.0092143
2019-07-15 20:51:25,365 - [INFO] - Epoch:  280 | FVAL: 0.0092125
2019-07-15 20:51:26,246 - [INFO] - Epoch:  281 | FVAL: 0.0092108
2019-07-15 20:51:27,182 - [INFO] - Epoch:  282 | FVAL: 0.0092092
2019-07-15 20:51:28,062 - [INFO] - Epoch:  283 | FVAL: 0.0092076
2019-07-15 20:51:28,998 - [INFO] - Epoch:  284 | FVAL: 0.0092061
2019-07-15 20:51:29,878 - [INFO] - Epoch:  285 | FVAL: 0.0092045
2019-07-15 20:51:30,814 - [INFO] - Epoch:  286 | FVAL: 0.0092030
2019-07-15 20:51:31,693 - [INFO] - Epoch:  287 | FVAL: 0.0092015
2019-07-15 20:51:32,624 - [INFO] - Epoch:  288 | FVAL: 0.0092001
2019-07-15 20:51:33,503 - [INFO] - Epoch:  289 | FVAL: 0.0091986
2019-07-15 20:51:34,442 - [INFO] - Epoch:  290 | FVAL: 0.0091971
2019-07-15 20:51:35,319 - [INFO] - Epoch:  291 | FVAL: 0.0091957
2019-07-15 20:51:36,248 - [INFO] - Epoch:  292 | FVAL: 0.0091943
2019-07-15 20:51:37,147 - [INFO] - Epoch:  293 | FVAL: 0.0091929
2019-07-15 20:51:38,074 - [INFO] - Epoch:  294 | FVAL: 0.0091915
2019-07-15 20:51:38,964 - [INFO] - Epoch:  295 | FVAL: 0.0091901
2019-07-15 20:51:39,926 - [INFO] - Epoch:  296 | FVAL: 0.0091887
2019-07-15 20:51:40,883 - [INFO] - Epoch:  297 | FVAL: 0.0091874
2019-07-15 20:51:41,772 - [INFO] - Epoch:  298 | FVAL: 0.0091860
2019-07-15 20:51:42,678 - [INFO] - Epoch:  299 | FVAL: 0.0091847
2019-07-15 20:51:43,678 - [INFO] - Epoch:  300 | FVAL: 0.0091833
2019-07-15 20:51:44,665 - [INFO] - Epoch:  301 | FVAL: 0.0091820
2019-07-15 20:51:45,665 - [INFO] - Epoch:  302 | FVAL: 0.0091807
2019-07-15 20:51:46,577 - [INFO] - Epoch:  303 | FVAL: 0.0091794
2019-07-15 20:51:47,487 - [INFO] - Epoch:  304 | FVAL: 0.0091781
2019-07-15 20:51:48,479 - [INFO] - Epoch:  305 | FVAL: 0.0091769
2019-07-15 20:51:49,434 - [INFO] - Epoch:  306 | FVAL: 0.0091756
2019-07-15 20:51:50,329 - [INFO] - Epoch:  307 | FVAL: 0.0091743
2019-07-15 20:51:51,284 - [INFO] - Epoch:  308 | FVAL: 0.0091731
2019-07-15 20:51:52,170 - [INFO] - Epoch:  309 | FVAL: 0.0091719
2019-07-15 20:51:53,101 - [INFO] - Epoch:  310 | FVAL: 0.0091707
2019-07-15 20:51:54,030 - [INFO] - Epoch:  311 | FVAL: 0.0091695
2019-07-15 20:51:54,909 - [INFO] - Epoch:  312 | FVAL: 0.0091683
2019-07-15 20:51:55,786 - [INFO] - Epoch:  313 | FVAL: 0.0091671
2019-07-15 20:51:56,719 - [INFO] - Epoch:  314 | FVAL: 0.0091660
2019-07-15 20:51:57,646 - [INFO] - Epoch:  315 | FVAL: 0.0091648
2019-07-15 20:51:58,528 - [INFO] - Epoch:  316 | FVAL: 0.0091637
2019-07-15 20:51:59,404 - [INFO] - Epoch:  317 | FVAL: 0.0091626
2019-07-15 20:52:00,477 - [INFO] - Epoch:  318 | FVAL: 0.0091615
2019-07-15 20:52:01,399 - [INFO] - Epoch:  319 | FVAL: 0.0091604
2019-07-15 20:52:02,288 - [INFO] - Epoch:  320 | FVAL: 0.0091592
2019-07-15 20:52:03,241 - [INFO] - Epoch:  321 | FVAL: 0.0091582
2019-07-15 20:52:04,135 - [INFO] - Epoch:  322 | FVAL: 0.0091571
2019-07-15 20:52:05,088 - [INFO] - Epoch:  323 | FVAL: 0.0091560
2019-07-15 20:52:06,052 - [INFO] - Epoch:  324 | FVAL: 0.0091549
2019-07-15 20:52:06,943 - [INFO] - Epoch:  325 | FVAL: 0.0091538
2019-07-15 20:52:07,834 - [INFO] - Epoch:  326 | FVAL: 0.0091528
2019-07-15 20:52:08,782 - [INFO] - Epoch:  327 | FVAL: 0.0091517
2019-07-15 20:52:09,746 - [INFO] - Epoch:  328 | FVAL: 0.0091507
2019-07-15 20:52:10,638 - [INFO] - Epoch:  329 | FVAL: 0.0091496
2019-07-15 20:52:11,532 - [INFO] - Epoch:  330 | FVAL: 0.0091486
2019-07-15 20:52:12,482 - [INFO] - Epoch:  331 | FVAL: 0.0091476
2019-07-15 20:52:13,435 - [INFO] - Epoch:  332 | FVAL: 0.0091465
2019-07-15 20:52:14,325 - [INFO] - Epoch:  333 | FVAL: 0.0091455
2019-07-15 20:52:15,269 - [INFO] - Epoch:  334 | FVAL: 0.0091445
2019-07-15 20:52:16,147 - [INFO] - Epoch:  335 | FVAL: 0.0091435
