2019-07-15 20:15:31,618 - [INFO] - rcsum-- N:38 | d:7129 | lambda:0.01
2019-07-15 20:15:31,619 - [INFO] - Function value sequence convergence criteria.
2019-07-15 20:15:31,619 - [INFO] - Epoch:    0 | FVAL: 0.3465736
2019-07-15 20:15:32,543 - [INFO] - Epoch:    1 | FVAL: 0.1342262
2019-07-15 20:15:33,419 - [INFO] - Epoch:    2 | FVAL: 0.1062111
2019-07-15 20:15:34,298 - [INFO] - Epoch:    3 | FVAL: 0.0913411
2019-07-15 20:15:35,235 - [INFO] - Epoch:    4 | FVAL: 0.0836548
2019-07-15 20:15:36,170 - [INFO] - Epoch:    5 | FVAL: 0.0784888
2019-07-15 20:15:37,045 - [INFO] - Epoch:    6 | FVAL: 0.0746384
2019-07-15 20:15:37,920 - [INFO] - Epoch:    7 | FVAL: 0.0716718
2019-07-15 20:15:38,855 - [INFO] - Epoch:    8 | FVAL: 0.0693291
2019-07-15 20:15:39,790 - [INFO] - Epoch:    9 | FVAL: 0.0674863
2019-07-15 20:15:40,664 - [INFO] - Epoch:   10 | FVAL: 0.0660024
2019-07-15 20:15:41,536 - [INFO] - Epoch:   11 | FVAL: 0.0648382
2019-07-15 20:15:42,466 - [INFO] - Epoch:   12 | FVAL: 0.0638453
2019-07-15 20:15:43,401 - [INFO] - Epoch:   13 | FVAL: 0.0630911
2019-07-15 20:15:44,276 - [INFO] - Epoch:   14 | FVAL: 0.0625486
2019-07-15 20:15:45,144 - [INFO] - Epoch:   15 | FVAL: 0.0621073
2019-07-15 20:15:46,085 - [INFO] - Epoch:   16 | FVAL: 0.0617252
2019-07-15 20:15:47,016 - [INFO] - Epoch:   17 | FVAL: 0.0614030
2019-07-15 20:15:47,894 - [INFO] - Epoch:   18 | FVAL: 0.0611295
2019-07-15 20:15:48,834 - [INFO] - Epoch:   19 | FVAL: 0.0608839
2019-07-15 20:15:49,711 - [INFO] - Epoch:   20 | FVAL: 0.0606626
2019-07-15 20:15:50,655 - [INFO] - Epoch:   21 | FVAL: 0.0604587
2019-07-15 20:15:51,529 - [INFO] - Epoch:   22 | FVAL: 0.0602822
2019-07-15 20:15:52,497 - [INFO] - Epoch:   23 | FVAL: 0.0601295
2019-07-15 20:15:53,392 - [INFO] - Epoch:   24 | FVAL: 0.0599928
2019-07-15 20:15:54,370 - [INFO] - Epoch:   25 | FVAL: 0.0598696
2019-07-15 20:15:55,358 - [INFO] - Epoch:   26 | FVAL: 0.0597598
2019-07-15 20:15:56,257 - [INFO] - Epoch:   27 | FVAL: 0.0596614
2019-07-15 20:15:57,160 - [INFO] - Epoch:   28 | FVAL: 0.0595704
2019-07-15 20:15:58,137 - [INFO] - Epoch:   29 | FVAL: 0.0594850
2019-07-15 20:15:59,110 - [INFO] - Epoch:   30 | FVAL: 0.0594073
2019-07-15 20:16:00,066 - [INFO] - Epoch:   31 | FVAL: 0.0593392
2019-07-15 20:16:01,083 - [INFO] - Epoch:   32 | FVAL: 0.0592704
2019-07-15 20:16:01,964 - [INFO] - Epoch:   33 | FVAL: 0.0592085
2019-07-15 20:16:02,913 - [INFO] - Epoch:   34 | FVAL: 0.0591465
2019-07-15 20:16:03,852 - [INFO] - Epoch:   35 | FVAL: 0.0590886
2019-07-15 20:16:04,739 - [INFO] - Epoch:   36 | FVAL: 0.0590317
2019-07-15 20:16:05,687 - [INFO] - Epoch:   37 | FVAL: 0.0589802
2019-07-15 20:16:06,566 - [INFO] - Epoch:   38 | FVAL: 0.0589281
2019-07-15 20:16:07,510 - [INFO] - Epoch:   39 | FVAL: 0.0588769
2019-07-15 20:16:08,447 - [INFO] - Epoch:   40 | FVAL: 0.0588295
2019-07-15 20:16:09,333 - [INFO] - Epoch:   41 | FVAL: 0.0587826
2019-07-15 20:16:10,205 - [INFO] - Epoch:   42 | FVAL: 0.0587368
2019-07-15 20:16:11,129 - [INFO] - Epoch:   43 | FVAL: 0.0586931
2019-07-15 20:16:12,011 - [INFO] - Epoch:   44 | FVAL: 0.0586504
2019-07-15 20:16:12,934 - [INFO] - Epoch:   45 | FVAL: 0.0586095
2019-07-15 20:16:13,811 - [INFO] - Epoch:   46 | FVAL: 0.0585697
2019-07-15 20:16:14,757 - [INFO] - Epoch:   47 | FVAL: 0.0585317
2019-07-15 20:16:15,698 - [INFO] - Epoch:   48 | FVAL: 0.0584946
2019-07-15 20:16:16,581 - [INFO] - Epoch:   49 | FVAL: 0.0584592
2019-07-15 20:16:17,458 - [INFO] - Epoch:   50 | FVAL: 0.0584235
2019-07-15 20:16:18,397 - [INFO] - Epoch:   51 | FVAL: 0.0583894
2019-07-15 20:16:19,336 - [INFO] - Epoch:   52 | FVAL: 0.0583557
2019-07-15 20:16:20,289 - [INFO] - Epoch:   53 | FVAL: 0.0583306
2019-07-15 20:16:21,169 - [INFO] - Epoch:   54 | FVAL: 0.0583187
2019-07-15 20:16:22,105 - [INFO] - Epoch:   55 | FVAL: 0.0583115
2019-07-15 20:16:23,041 - [INFO] - Epoch:   56 | FVAL: 0.0583047
2019-07-15 20:16:23,919 - [INFO] - Epoch:   57 | FVAL: 0.0582984
2019-07-15 20:16:24,798 - [INFO] - Epoch:   58 | FVAL: 0.0582924
2019-07-15 20:16:25,746 - [INFO] - Epoch:   59 | FVAL: 0.0582867
2019-07-15 20:16:26,680 - [INFO] - Epoch:   60 | FVAL: 0.0582812
2019-07-15 20:16:27,560 - [INFO] - Epoch:   61 | FVAL: 0.0582758
2019-07-15 20:16:28,502 - [INFO] - Epoch:   62 | FVAL: 0.0582707
2019-07-15 20:16:29,381 - [INFO] - Epoch:   63 | FVAL: 0.0582657
2019-07-15 20:16:30,322 - [INFO] - Epoch:   64 | FVAL: 0.0582609
2019-07-15 20:16:31,201 - [INFO] - Epoch:   65 | FVAL: 0.0582562
2019-07-15 20:16:32,161 - [INFO] - Epoch:   66 | FVAL: 0.0582516
2019-07-15 20:16:33,034 - [INFO] - Epoch:   67 | FVAL: 0.0582472
2019-07-15 20:16:33,966 - [INFO] - Epoch:   68 | FVAL: 0.0582429
2019-07-15 20:16:34,858 - [INFO] - Epoch:   69 | FVAL: 0.0582387
2019-07-15 20:16:35,813 - [INFO] - Epoch:   70 | FVAL: 0.0582346
2019-07-15 20:16:36,708 - [INFO] - Epoch:   71 | FVAL: 0.0582306
2019-07-15 20:16:37,710 - [INFO] - Epoch:   72 | FVAL: 0.0582267
2019-07-15 20:16:38,682 - [INFO] - Epoch:   73 | FVAL: 0.0582228
2019-07-15 20:16:39,577 - [INFO] - Epoch:   74 | FVAL: 0.0582191
2019-07-15 20:16:40,549 - [INFO] - Epoch:   75 | FVAL: 0.0582154
2019-07-15 20:16:41,444 - [INFO] - Epoch:   76 | FVAL: 0.0582119
2019-07-15 20:16:42,416 - [INFO] - Epoch:   77 | FVAL: 0.0582084
2019-07-15 20:16:43,385 - [INFO] - Epoch:   78 | FVAL: 0.0582050
2019-07-15 20:16:44,279 - [INFO] - Epoch:   79 | FVAL: 0.0582016
2019-07-15 20:16:45,173 - [INFO] - Epoch:   80 | FVAL: 0.0581983
2019-07-15 20:16:46,160 - [INFO] - Epoch:   81 | FVAL: 0.0581951
2019-07-15 20:16:47,143 - [INFO] - Epoch:   82 | FVAL: 0.0581919
2019-07-15 20:16:48,036 - [INFO] - Epoch:   83 | FVAL: 0.0581888
2019-07-15 20:16:49,007 - [INFO] - Epoch:   84 | FVAL: 0.0581857
2019-07-15 20:16:49,887 - [INFO] - Epoch:   85 | FVAL: 0.0581827
2019-07-15 20:16:50,851 - [INFO] - Epoch:   86 | FVAL: 0.0581797
2019-07-15 20:16:51,789 - [INFO] - Epoch:   87 | FVAL: 0.0581767
2019-07-15 20:16:52,664 - [INFO] - Epoch:   88 | FVAL: 0.0581738
2019-07-15 20:16:53,542 - [INFO] - Epoch:   89 | FVAL: 0.0581710
2019-07-15 20:16:54,480 - [INFO] - Epoch:   90 | FVAL: 0.0581682
2019-07-15 20:16:55,422 - [INFO] - Epoch:   91 | FVAL: 0.0581654
2019-07-15 20:16:56,305 - [INFO] - Epoch:   92 | FVAL: 0.0581627
2019-07-15 20:16:57,179 - [INFO] - Epoch:   93 | FVAL: 0.0581600
2019-07-15 20:16:58,106 - [INFO] - Epoch:   94 | FVAL: 0.0581574
2019-07-15 20:16:59,027 - [INFO] - Epoch:   95 | FVAL: 0.0581549
2019-07-15 20:16:59,904 - [INFO] - Epoch:   96 | FVAL: 0.0581524
2019-07-15 20:17:00,839 - [INFO] - Epoch:   97 | FVAL: 0.0581499
2019-07-15 20:17:01,760 - [INFO] - Epoch:   98 | FVAL: 0.0581475
2019-07-15 20:17:02,706 - [INFO] - Epoch:   99 | FVAL: 0.0581451
2019-07-15 20:17:03,582 - [INFO] - Epoch:  100 | FVAL: 0.0581428
2019-07-15 20:17:04,454 - [INFO] - Epoch:  101 | FVAL: 0.0581404
2019-07-15 20:17:05,385 - [INFO] - Epoch:  102 | FVAL: 0.0581381
2019-07-15 20:17:06,310 - [INFO] - Epoch:  103 | FVAL: 0.0581358
2019-07-15 20:17:07,182 - [INFO] - Epoch:  104 | FVAL: 0.0581335
2019-07-15 20:17:08,056 - [INFO] - Epoch:  105 | FVAL: 0.0581313
2019-07-15 20:17:08,980 - [INFO] - Epoch:  106 | FVAL: 0.0581292
2019-07-15 20:17:09,898 - [INFO] - Epoch:  107 | FVAL: 0.0581270
2019-07-15 20:17:10,767 - [INFO] - Epoch:  108 | FVAL: 0.0581249
2019-07-15 20:17:11,639 - [INFO] - Epoch:  109 | FVAL: 0.0581227
2019-07-15 20:17:12,571 - [INFO] - Epoch:  110 | FVAL: 0.0581207
2019-07-15 20:17:13,493 - [INFO] - Epoch:  111 | FVAL: 0.0581186
2019-07-15 20:17:14,351 - [INFO] - Epoch:  112 | FVAL: 0.0581166
2019-07-15 20:17:15,230 - [INFO] - Epoch:  113 | FVAL: 0.0581146
2019-07-15 20:17:16,157 - [INFO] - Epoch:  114 | FVAL: 0.0581126
2019-07-15 20:17:17,076 - [INFO] - Epoch:  115 | FVAL: 0.0581106
2019-07-15 20:17:17,955 - [INFO] - Epoch:  116 | FVAL: 0.0581087
2019-07-15 20:17:18,830 - [INFO] - Epoch:  117 | FVAL: 0.0581068
2019-07-15 20:17:19,757 - [INFO] - Epoch:  118 | FVAL: 0.0581049
2019-07-15 20:17:20,681 - [INFO] - Epoch:  119 | FVAL: 0.0581030
2019-07-15 20:17:21,556 - [INFO] - Epoch:  120 | FVAL: 0.0581012
2019-07-15 20:17:22,426 - [INFO] - Epoch:  121 | FVAL: 0.0580993
2019-07-15 20:17:23,361 - [INFO] - Epoch:  122 | FVAL: 0.0580975
2019-07-15 20:17:24,283 - [INFO] - Epoch:  123 | FVAL: 0.0580957
2019-07-15 20:17:25,164 - [INFO] - Epoch:  124 | FVAL: 0.0580939
2019-07-15 20:17:26,040 - [INFO] - Epoch:  125 | FVAL: 0.0580922
2019-07-15 20:17:26,968 - [INFO] - Epoch:  126 | FVAL: 0.0580904
2019-07-15 20:17:27,882 - [INFO] - Epoch:  127 | FVAL: 0.0580888
2019-07-15 20:17:28,758 - [INFO] - Epoch:  128 | FVAL: 0.0580872
2019-07-15 20:17:29,625 - [INFO] - Epoch:  129 | FVAL: 0.0580857
2019-07-15 20:17:30,551 - [INFO] - Epoch:  130 | FVAL: 0.0580841
2019-07-15 20:17:31,481 - [INFO] - Epoch:  131 | FVAL: 0.0580826
2019-07-15 20:17:32,357 - [INFO] - Epoch:  132 | FVAL: 0.0580811
2019-07-15 20:17:33,231 - [INFO] - Epoch:  133 | FVAL: 0.0580796
2019-07-15 20:17:34,153 - [INFO] - Epoch:  134 | FVAL: 0.0580782
2019-07-15 20:17:35,084 - [INFO] - Epoch:  135 | FVAL: 0.0580767
2019-07-15 20:17:35,953 - [INFO] - Epoch:  136 | FVAL: 0.0580753
2019-07-15 20:17:36,821 - [INFO] - Epoch:  137 | FVAL: 0.0580739
2019-07-15 20:17:37,749 - [INFO] - Epoch:  138 | FVAL: 0.0580725
2019-07-15 20:17:38,668 - [INFO] - Epoch:  139 | FVAL: 0.0580712
2019-07-15 20:17:39,538 - [INFO] - Epoch:  140 | FVAL: 0.0580698
2019-07-15 20:17:40,424 - [INFO] - Epoch:  141 | FVAL: 0.0580685
2019-07-15 20:17:41,369 - [INFO] - Epoch:  142 | FVAL: 0.0580672
2019-07-15 20:17:42,312 - [INFO] - Epoch:  143 | FVAL: 0.0580659
2019-07-15 20:17:43,190 - [INFO] - Epoch:  144 | FVAL: 0.0580646
2019-07-15 20:17:44,069 - [INFO] - Epoch:  145 | FVAL: 0.0580633
2019-07-15 20:17:45,009 - [INFO] - Epoch:  146 | FVAL: 0.0580621
2019-07-15 20:17:45,949 - [INFO] - Epoch:  147 | FVAL: 0.0580608
2019-07-15 20:17:46,829 - [INFO] - Epoch:  148 | FVAL: 0.0580596
2019-07-15 20:17:47,706 - [INFO] - Epoch:  149 | FVAL: 0.0580584
2019-07-15 20:17:48,645 - [INFO] - Epoch:  150 | FVAL: 0.0580572
2019-07-15 20:17:49,585 - [INFO] - Epoch:  151 | FVAL: 0.0580560
2019-07-15 20:17:50,467 - [INFO] - Epoch:  152 | FVAL: 0.0580549
2019-07-15 20:17:51,352 - [INFO] - Epoch:  153 | FVAL: 0.0580539
