2019-07-15 20:32:52,650 - [INFO] - rcsum-- N:38 | d:7129 | lambda:0.001
2019-07-15 20:32:52,650 - [INFO] - Function value sequence convergence criteria.
2019-07-15 20:32:52,651 - [INFO] - Epoch:    0 | FVAL: 0.3465736
2019-07-15 20:32:53,541 - [INFO] - Epoch:    1 | FVAL: 0.0288720
2019-07-15 20:32:54,433 - [INFO] - Epoch:    2 | FVAL: 0.0270704
2019-07-15 20:32:55,384 - [INFO] - Epoch:    3 | FVAL: 0.0258406
2019-07-15 20:32:56,323 - [INFO] - Epoch:    4 | FVAL: 0.0248718
2019-07-15 20:32:57,211 - [INFO] - Epoch:    5 | FVAL: 0.0240594
2019-07-15 20:32:58,139 - [INFO] - Epoch:    6 | FVAL: 0.0233869
2019-07-15 20:32:59,036 - [INFO] - Epoch:    7 | FVAL: 0.0228034
2019-07-15 20:32:59,985 - [INFO] - Epoch:    8 | FVAL: 0.0222798
2019-07-15 20:33:01,193 - [INFO] - Epoch:    9 | FVAL: 0.0218317
2019-07-15 20:33:02,115 - [INFO] - Epoch:   10 | FVAL: 0.0214212
2019-07-15 20:33:03,111 - [INFO] - Epoch:   11 | FVAL: 0.0210543
2019-07-15 20:33:04,026 - [INFO] - Epoch:   12 | FVAL: 0.0207164
2019-07-15 20:33:05,025 - [INFO] - Epoch:   13 | FVAL: 0.0203987
2019-07-15 20:33:06,017 - [INFO] - Epoch:   14 | FVAL: 0.0200960
2019-07-15 20:33:06,933 - [INFO] - Epoch:   15 | FVAL: 0.0198030
2019-07-15 20:33:07,935 - [INFO] - Epoch:   16 | FVAL: 0.0195204
2019-07-15 20:33:08,830 - [INFO] - Epoch:   17 | FVAL: 0.0192481
2019-07-15 20:33:09,822 - [INFO] - Epoch:   18 | FVAL: 0.0189890
2019-07-15 20:33:10,826 - [INFO] - Epoch:   19 | FVAL: 0.0187370
2019-07-15 20:33:11,730 - [INFO] - Epoch:   20 | FVAL: 0.0184896
2019-07-15 20:33:12,624 - [INFO] - Epoch:   21 | FVAL: 0.0182535
2019-07-15 20:33:13,572 - [INFO] - Epoch:   22 | FVAL: 0.0180309
2019-07-15 20:33:14,530 - [INFO] - Epoch:   23 | FVAL: 0.0178178
2019-07-15 20:33:15,428 - [INFO] - Epoch:   24 | FVAL: 0.0176085
2019-07-15 20:33:16,386 - [INFO] - Epoch:   25 | FVAL: 0.0174075
2019-07-15 20:33:17,290 - [INFO] - Epoch:   26 | FVAL: 0.0172108
2019-07-15 20:33:18,248 - [INFO] - Epoch:   27 | FVAL: 0.0170205
2019-07-15 20:33:19,196 - [INFO] - Epoch:   28 | FVAL: 0.0168391
2019-07-15 20:33:20,081 - [INFO] - Epoch:   29 | FVAL: 0.0166630
2019-07-15 20:33:20,969 - [INFO] - Epoch:   30 | FVAL: 0.0164904
2019-07-15 20:33:21,908 - [INFO] - Epoch:   31 | FVAL: 0.0163287
2019-07-15 20:33:22,847 - [INFO] - Epoch:   32 | FVAL: 0.0161710
2019-07-15 20:33:23,741 - [INFO] - Epoch:   33 | FVAL: 0.0160147
2019-07-15 20:33:24,634 - [INFO] - Epoch:   34 | FVAL: 0.0158599
2019-07-15 20:33:25,587 - [INFO] - Epoch:   35 | FVAL: 0.0157180
2019-07-15 20:33:26,548 - [INFO] - Epoch:   36 | FVAL: 0.0155844
2019-07-15 20:33:27,446 - [INFO] - Epoch:   37 | FVAL: 0.0154532
2019-07-15 20:33:28,383 - [INFO] - Epoch:   38 | FVAL: 0.0153241
2019-07-15 20:33:29,268 - [INFO] - Epoch:   39 | FVAL: 0.0151974
2019-07-15 20:33:30,224 - [INFO] - Epoch:   40 | FVAL: 0.0150739
2019-07-15 20:33:31,182 - [INFO] - Epoch:   41 | FVAL: 0.0149524
2019-07-15 20:33:32,077 - [INFO] - Epoch:   42 | FVAL: 0.0148326
2019-07-15 20:33:32,972 - [INFO] - Epoch:   43 | FVAL: 0.0147140
2019-07-15 20:33:33,940 - [INFO] - Epoch:   44 | FVAL: 0.0145966
2019-07-15 20:33:34,894 - [INFO] - Epoch:   45 | FVAL: 0.0144818
2019-07-15 20:33:35,785 - [INFO] - Epoch:   46 | FVAL: 0.0143774
2019-07-15 20:33:36,729 - [INFO] - Epoch:   47 | FVAL: 0.0142764
2019-07-15 20:33:37,633 - [INFO] - Epoch:   48 | FVAL: 0.0141778
2019-07-15 20:33:38,599 - [INFO] - Epoch:   49 | FVAL: 0.0140810
2019-07-15 20:33:39,513 - [INFO] - Epoch:   50 | FVAL: 0.0139850
2019-07-15 20:33:40,421 - [INFO] - Epoch:   51 | FVAL: 0.0138919
2019-07-15 20:33:41,306 - [INFO] - Epoch:   52 | FVAL: 0.0137998
2019-07-15 20:33:42,235 - [INFO] - Epoch:   53 | FVAL: 0.0137088
2019-07-15 20:33:43,187 - [INFO] - Epoch:   54 | FVAL: 0.0136186
2019-07-15 20:33:44,069 - [INFO] - Epoch:   55 | FVAL: 0.0135295
2019-07-15 20:33:44,961 - [INFO] - Epoch:   56 | FVAL: 0.0134411
2019-07-15 20:33:45,921 - [INFO] - Epoch:   57 | FVAL: 0.0133532
2019-07-15 20:33:46,872 - [INFO] - Epoch:   58 | FVAL: 0.0132674
2019-07-15 20:33:47,777 - [INFO] - Epoch:   59 | FVAL: 0.0131831
2019-07-15 20:33:48,663 - [INFO] - Epoch:   60 | FVAL: 0.0131032
2019-07-15 20:33:49,613 - [INFO] - Epoch:   61 | FVAL: 0.0130255
2019-07-15 20:33:50,573 - [INFO] - Epoch:   62 | FVAL: 0.0129490
2019-07-15 20:33:51,467 - [INFO] - Epoch:   63 | FVAL: 0.0128732
2019-07-15 20:33:52,413 - [INFO] - Epoch:   64 | FVAL: 0.0127979
2019-07-15 20:33:53,307 - [INFO] - Epoch:   65 | FVAL: 0.0127234
2019-07-15 20:33:54,263 - [INFO] - Epoch:   66 | FVAL: 0.0126493
2019-07-15 20:33:55,213 - [INFO] - Epoch:   67 | FVAL: 0.0125776
2019-07-15 20:33:56,107 - [INFO] - Epoch:   68 | FVAL: 0.0125106
2019-07-15 20:33:56,999 - [INFO] - Epoch:   69 | FVAL: 0.0124449
2019-07-15 20:33:57,979 - [INFO] - Epoch:   70 | FVAL: 0.0123803
2019-07-15 20:33:58,971 - [INFO] - Epoch:   71 | FVAL: 0.0123174
2019-07-15 20:33:59,889 - [INFO] - Epoch:   72 | FVAL: 0.0122552
2019-07-15 20:34:01,063 - [INFO] - Epoch:   73 | FVAL: 0.0121935
2019-07-15 20:34:02,000 - [INFO] - Epoch:   74 | FVAL: 0.0121328
2019-07-15 20:34:02,894 - [INFO] - Epoch:   75 | FVAL: 0.0120728
2019-07-15 20:34:03,852 - [INFO] - Epoch:   76 | FVAL: 0.0120134
2019-07-15 20:34:04,806 - [INFO] - Epoch:   77 | FVAL: 0.0119553
2019-07-15 20:34:05,697 - [INFO] - Epoch:   78 | FVAL: 0.0118996
2019-07-15 20:34:06,588 - [INFO] - Epoch:   79 | FVAL: 0.0118476
2019-07-15 20:34:07,542 - [INFO] - Epoch:   80 | FVAL: 0.0117968
2019-07-15 20:34:08,499 - [INFO] - Epoch:   81 | FVAL: 0.0117470
2019-07-15 20:34:09,393 - [INFO] - Epoch:   82 | FVAL: 0.0116981
2019-07-15 20:34:10,279 - [INFO] - Epoch:   83 | FVAL: 0.0116503
2019-07-15 20:34:11,234 - [INFO] - Epoch:   84 | FVAL: 0.0116032
2019-07-15 20:34:12,174 - [INFO] - Epoch:   85 | FVAL: 0.0115569
2019-07-15 20:34:13,063 - [INFO] - Epoch:   86 | FVAL: 0.0115109
2019-07-15 20:34:13,987 - [INFO] - Epoch:   87 | FVAL: 0.0114655
2019-07-15 20:34:14,900 - [INFO] - Epoch:   88 | FVAL: 0.0114204
2019-07-15 20:34:15,862 - [INFO] - Epoch:   89 | FVAL: 0.0113759
2019-07-15 20:34:16,861 - [INFO] - Epoch:   90 | FVAL: 0.0113326
2019-07-15 20:34:17,767 - [INFO] - Epoch:   91 | FVAL: 0.0112910
2019-07-15 20:34:18,672 - [INFO] - Epoch:   92 | FVAL: 0.0112538
2019-07-15 20:34:19,673 - [INFO] - Epoch:   93 | FVAL: 0.0112175
2019-07-15 20:34:20,669 - [INFO] - Epoch:   94 | FVAL: 0.0111817
2019-07-15 20:34:21,660 - [INFO] - Epoch:   95 | FVAL: 0.0111463
2019-07-15 20:34:22,684 - [INFO] - Epoch:   96 | FVAL: 0.0111114
2019-07-15 20:34:23,683 - [INFO] - Epoch:   97 | FVAL: 0.0110766
2019-07-15 20:34:24,578 - [INFO] - Epoch:   98 | FVAL: 0.0110426
2019-07-15 20:34:25,529 - [INFO] - Epoch:   99 | FVAL: 0.0110089
2019-07-15 20:34:26,483 - [INFO] - Epoch:  100 | FVAL: 0.0109755
2019-07-15 20:34:27,380 - [INFO] - Epoch:  101 | FVAL: 0.0109429
2019-07-15 20:34:28,269 - [INFO] - Epoch:  102 | FVAL: 0.0109107
2019-07-15 20:34:29,225 - [INFO] - Epoch:  103 | FVAL: 0.0108787
2019-07-15 20:34:30,176 - [INFO] - Epoch:  104 | FVAL: 0.0108468
2019-07-15 20:34:31,065 - [INFO] - Epoch:  105 | FVAL: 0.0108152
2019-07-15 20:34:31,955 - [INFO] - Epoch:  106 | FVAL: 0.0107837
2019-07-15 20:34:32,891 - [INFO] - Epoch:  107 | FVAL: 0.0107537
2019-07-15 20:34:33,854 - [INFO] - Epoch:  108 | FVAL: 0.0107250
2019-07-15 20:34:34,750 - [INFO] - Epoch:  109 | FVAL: 0.0106967
2019-07-15 20:34:35,706 - [INFO] - Epoch:  110 | FVAL: 0.0106687
2019-07-15 20:34:36,597 - [INFO] - Epoch:  111 | FVAL: 0.0106409
2019-07-15 20:34:37,544 - [INFO] - Epoch:  112 | FVAL: 0.0106135
2019-07-15 20:34:38,489 - [INFO] - Epoch:  113 | FVAL: 0.0105863
2019-07-15 20:34:39,369 - [INFO] - Epoch:  114 | FVAL: 0.0105594
2019-07-15 20:34:40,247 - [INFO] - Epoch:  115 | FVAL: 0.0105326
2019-07-15 20:34:41,180 - [INFO] - Epoch:  116 | FVAL: 0.0105061
2019-07-15 20:34:42,126 - [INFO] - Epoch:  117 | FVAL: 0.0104805
2019-07-15 20:34:43,012 - [INFO] - Epoch:  118 | FVAL: 0.0104550
2019-07-15 20:34:43,892 - [INFO] - Epoch:  119 | FVAL: 0.0104301
2019-07-15 20:34:44,828 - [INFO] - Epoch:  120 | FVAL: 0.0104057
2019-07-15 20:34:45,763 - [INFO] - Epoch:  121 | FVAL: 0.0103816
2019-07-15 20:34:46,646 - [INFO] - Epoch:  122 | FVAL: 0.0103576
2019-07-15 20:34:47,529 - [INFO] - Epoch:  123 | FVAL: 0.0103339
2019-07-15 20:34:48,482 - [INFO] - Epoch:  124 | FVAL: 0.0103121
2019-07-15 20:34:49,487 - [INFO] - Epoch:  125 | FVAL: 0.0102921
2019-07-15 20:34:50,393 - [INFO] - Epoch:  126 | FVAL: 0.0102723
2019-07-15 20:34:51,380 - [INFO] - Epoch:  127 | FVAL: 0.0102529
2019-07-15 20:34:52,287 - [INFO] - Epoch:  128 | FVAL: 0.0102337
2019-07-15 20:34:53,259 - [INFO] - Epoch:  129 | FVAL: 0.0102150
2019-07-15 20:34:54,259 - [INFO] - Epoch:  130 | FVAL: 0.0101968
2019-07-15 20:34:55,153 - [INFO] - Epoch:  131 | FVAL: 0.0101788
2019-07-15 20:34:56,101 - [INFO] - Epoch:  132 | FVAL: 0.0101610
2019-07-15 20:34:56,989 - [INFO] - Epoch:  133 | FVAL: 0.0101434
2019-07-15 20:34:57,935 - [INFO] - Epoch:  134 | FVAL: 0.0101260
2019-07-15 20:34:58,815 - [INFO] - Epoch:  135 | FVAL: 0.0101088
2019-07-15 20:34:59,748 - [INFO] - Epoch:  136 | FVAL: 0.0100917
2019-07-15 20:35:00,738 - [INFO] - Epoch:  137 | FVAL: 0.0100748
2019-07-15 20:35:01,685 - [INFO] - Epoch:  138 | FVAL: 0.0100582
2019-07-15 20:35:02,636 - [INFO] - Epoch:  139 | FVAL: 0.0100422
2019-07-15 20:35:03,527 - [INFO] - Epoch:  140 | FVAL: 0.0100266
2019-07-15 20:35:04,416 - [INFO] - Epoch:  141 | FVAL: 0.0100115
2019-07-15 20:35:05,365 - [INFO] - Epoch:  142 | FVAL: 0.0099966
2019-07-15 20:35:06,321 - [INFO] - Epoch:  143 | FVAL: 0.0099819
2019-07-15 20:35:07,206 - [INFO] - Epoch:  144 | FVAL: 0.0099674
2019-07-15 20:35:08,143 - [INFO] - Epoch:  145 | FVAL: 0.0099531
2019-07-15 20:35:09,032 - [INFO] - Epoch:  146 | FVAL: 0.0099392
2019-07-15 20:35:09,985 - [INFO] - Epoch:  147 | FVAL: 0.0099254
2019-07-15 20:35:10,932 - [INFO] - Epoch:  148 | FVAL: 0.0099118
2019-07-15 20:35:11,821 - [INFO] - Epoch:  149 | FVAL: 0.0098982
2019-07-15 20:35:12,709 - [INFO] - Epoch:  150 | FVAL: 0.0098849
2019-07-15 20:35:13,672 - [INFO] - Epoch:  151 | FVAL: 0.0098717
2019-07-15 20:35:14,622 - [INFO] - Epoch:  152 | FVAL: 0.0098595
2019-07-15 20:35:15,505 - [INFO] - Epoch:  153 | FVAL: 0.0098477
2019-07-15 20:35:16,400 - [INFO] - Epoch:  154 | FVAL: 0.0098360
2019-07-15 20:35:17,345 - [INFO] - Epoch:  155 | FVAL: 0.0098245
2019-07-15 20:35:18,279 - [INFO] - Epoch:  156 | FVAL: 0.0098130
2019-07-15 20:35:19,158 - [INFO] - Epoch:  157 | FVAL: 0.0098017
2019-07-15 20:35:20,040 - [INFO] - Epoch:  158 | FVAL: 0.0097905
2019-07-15 20:35:20,964 - [INFO] - Epoch:  159 | FVAL: 0.0097794
2019-07-15 20:35:21,901 - [INFO] - Epoch:  160 | FVAL: 0.0097685
2019-07-15 20:35:22,784 - [INFO] - Epoch:  161 | FVAL: 0.0097579
2019-07-15 20:35:23,664 - [INFO] - Epoch:  162 | FVAL: 0.0097474
2019-07-15 20:35:24,594 - [INFO] - Epoch:  163 | FVAL: 0.0097372
2019-07-15 20:35:25,527 - [INFO] - Epoch:  164 | FVAL: 0.0097272
2019-07-15 20:35:26,407 - [INFO] - Epoch:  165 | FVAL: 0.0097172
2019-07-15 20:35:27,323 - [INFO] - Epoch:  166 | FVAL: 0.0097073
2019-07-15 20:35:28,210 - [INFO] - Epoch:  167 | FVAL: 0.0096976
2019-07-15 20:35:29,144 - [INFO] - Epoch:  168 | FVAL: 0.0096880
2019-07-15 20:35:30,029 - [INFO] - Epoch:  169 | FVAL: 0.0096786
2019-07-15 20:35:30,961 - [INFO] - Epoch:  170 | FVAL: 0.0096694
2019-07-15 20:35:31,838 - [INFO] - Epoch:  171 | FVAL: 0.0096603
2019-07-15 20:35:32,766 - [INFO] - Epoch:  172 | FVAL: 0.0096512
2019-07-15 20:35:33,657 - [INFO] - Epoch:  173 | FVAL: 0.0096423
2019-07-15 20:35:34,592 - [INFO] - Epoch:  174 | FVAL: 0.0096335
2019-07-15 20:35:35,496 - [INFO] - Epoch:  175 | FVAL: 0.0096247
2019-07-15 20:35:36,462 - [INFO] - Epoch:  176 | FVAL: 0.0096160
2019-07-15 20:35:37,417 - [INFO] - Epoch:  177 | FVAL: 0.0096075
2019-07-15 20:35:38,302 - [INFO] - Epoch:  178 | FVAL: 0.0095990
2019-07-15 20:35:39,177 - [INFO] - Epoch:  179 | FVAL: 0.0095908
2019-07-15 20:35:40,174 - [INFO] - Epoch:  180 | FVAL: 0.0095835
2019-07-15 20:35:41,163 - [INFO] - Epoch:  181 | FVAL: 0.0095763
2019-07-15 20:35:42,073 - [INFO] - Epoch:  182 | FVAL: 0.0095692
2019-07-15 20:35:43,057 - [INFO] - Epoch:  183 | FVAL: 0.0095622
2019-07-15 20:35:43,961 - [INFO] - Epoch:  184 | FVAL: 0.0095553
2019-07-15 20:35:44,952 - [INFO] - Epoch:  185 | FVAL: 0.0095484
2019-07-15 20:35:45,946 - [INFO] - Epoch:  186 | FVAL: 0.0095417
2019-07-15 20:35:46,857 - [INFO] - Epoch:  187 | FVAL: 0.0095351
2019-07-15 20:35:47,808 - [INFO] - Epoch:  188 | FVAL: 0.0095286
2019-07-15 20:35:48,699 - [INFO] - Epoch:  189 | FVAL: 0.0095223
2019-07-15 20:35:49,683 - [INFO] - Epoch:  190 | FVAL: 0.0095160
2019-07-15 20:35:50,643 - [INFO] - Epoch:  191 | FVAL: 0.0095098
2019-07-15 20:35:51,533 - [INFO] - Epoch:  192 | FVAL: 0.0095038
2019-07-15 20:35:52,424 - [INFO] - Epoch:  193 | FVAL: 0.0094977
2019-07-15 20:35:53,378 - [INFO] - Epoch:  194 | FVAL: 0.0094918
2019-07-15 20:35:54,346 - [INFO] - Epoch:  195 | FVAL: 0.0094859
2019-07-15 20:35:55,255 - [INFO] - Epoch:  196 | FVAL: 0.0094802
2019-07-15 20:35:56,244 - [INFO] - Epoch:  197 | FVAL: 0.0094745
2019-07-15 20:35:57,152 - [INFO] - Epoch:  198 | FVAL: 0.0094689
2019-07-15 20:35:58,146 - [INFO] - Epoch:  199 | FVAL: 0.0094636
2019-07-15 20:35:59,140 - [INFO] - Epoch:  200 | FVAL: 0.0094582
2019-07-15 20:36:00,048 - [INFO] - Epoch:  201 | FVAL: 0.0094530
2019-07-15 20:36:01,129 - [INFO] - Epoch:  202 | FVAL: 0.0094478
2019-07-15 20:36:02,029 - [INFO] - Epoch:  203 | FVAL: 0.0094426
2019-07-15 20:36:03,017 - [INFO] - Epoch:  204 | FVAL: 0.0094375
2019-07-15 20:36:04,010 - [INFO] - Epoch:  205 | FVAL: 0.0094325
2019-07-15 20:36:04,907 - [INFO] - Epoch:  206 | FVAL: 0.0094275
2019-07-15 20:36:05,795 - [INFO] - Epoch:  207 | FVAL: 0.0094225
2019-07-15 20:36:06,749 - [INFO] - Epoch:  208 | FVAL: 0.0094176
2019-07-15 20:36:07,702 - [INFO] - Epoch:  209 | FVAL: 0.0094128
2019-07-15 20:36:08,596 - [INFO] - Epoch:  210 | FVAL: 0.0094081
2019-07-15 20:36:09,535 - [INFO] - Epoch:  211 | FVAL: 0.0094034
2019-07-15 20:36:10,423 - [INFO] - Epoch:  212 | FVAL: 0.0093988
2019-07-15 20:36:11,385 - [INFO] - Epoch:  213 | FVAL: 0.0093942
2019-07-15 20:36:12,340 - [INFO] - Epoch:  214 | FVAL: 0.0093897
2019-07-15 20:36:13,230 - [INFO] - Epoch:  215 | FVAL: 0.0093852
2019-07-15 20:36:14,134 - [INFO] - Epoch:  216 | FVAL: 0.0093808
2019-07-15 20:36:15,083 - [INFO] - Epoch:  217 | FVAL: 0.0093764
2019-07-15 20:36:16,040 - [INFO] - Epoch:  218 | FVAL: 0.0093720
2019-07-15 20:36:16,927 - [INFO] - Epoch:  219 | FVAL: 0.0093677
2019-07-15 20:36:17,819 - [INFO] - Epoch:  220 | FVAL: 0.0093634
2019-07-15 20:36:18,775 - [INFO] - Epoch:  221 | FVAL: 0.0093592
2019-07-15 20:36:19,721 - [INFO] - Epoch:  222 | FVAL: 0.0093550
2019-07-15 20:36:20,609 - [INFO] - Epoch:  223 | FVAL: 0.0093509
2019-07-15 20:36:21,555 - [INFO] - Epoch:  224 | FVAL: 0.0093468
2019-07-15 20:36:22,445 - [INFO] - Epoch:  225 | FVAL: 0.0093427
2019-07-15 20:36:23,397 - [INFO] - Epoch:  226 | FVAL: 0.0093387
2019-07-15 20:36:24,353 - [INFO] - Epoch:  227 | FVAL: 0.0093347
2019-07-15 20:36:25,246 - [INFO] - Epoch:  228 | FVAL: 0.0093307
2019-07-15 20:36:26,139 - [INFO] - Epoch:  229 | FVAL: 0.0093268
2019-07-15 20:36:27,093 - [INFO] - Epoch:  230 | FVAL: 0.0093229
2019-07-15 20:36:28,041 - [INFO] - Epoch:  231 | FVAL: 0.0093191
2019-07-15 20:36:28,936 - [INFO] - Epoch:  232 | FVAL: 0.0093153
2019-07-15 20:36:29,828 - [INFO] - Epoch:  233 | FVAL: 0.0093116
2019-07-15 20:36:30,779 - [INFO] - Epoch:  234 | FVAL: 0.0093081
2019-07-15 20:36:31,731 - [INFO] - Epoch:  235 | FVAL: 0.0093046
2019-07-15 20:36:32,625 - [INFO] - Epoch:  236 | FVAL: 0.0093011
2019-07-15 20:36:33,588 - [INFO] - Epoch:  237 | FVAL: 0.0092976
2019-07-15 20:36:34,479 - [INFO] - Epoch:  238 | FVAL: 0.0092942
2019-07-15 20:36:35,436 - [INFO] - Epoch:  239 | FVAL: 0.0092908
2019-07-15 20:36:36,390 - [INFO] - Epoch:  240 | FVAL: 0.0092879
2019-07-15 20:36:37,276 - [INFO] - Epoch:  241 | FVAL: 0.0092851
2019-07-15 20:36:38,167 - [INFO] - Epoch:  242 | FVAL: 0.0092824
2019-07-15 20:36:39,120 - [INFO] - Epoch:  243 | FVAL: 0.0092797
2019-07-15 20:36:40,053 - [INFO] - Epoch:  244 | FVAL: 0.0092771
2019-07-15 20:36:40,938 - [INFO] - Epoch:  245 | FVAL: 0.0092746
2019-07-15 20:36:41,826 - [INFO] - Epoch:  246 | FVAL: 0.0092721
2019-07-15 20:36:42,754 - [INFO] - Epoch:  247 | FVAL: 0.0092697
2019-07-15 20:36:43,691 - [INFO] - Epoch:  248 | FVAL: 0.0092673
2019-07-15 20:36:44,587 - [INFO] - Epoch:  249 | FVAL: 0.0092649
2019-07-15 20:36:45,477 - [INFO] - Epoch:  250 | FVAL: 0.0092626
2019-07-15 20:36:46,410 - [INFO] - Epoch:  251 | FVAL: 0.0092603
2019-07-15 20:36:47,342 - [INFO] - Epoch:  252 | FVAL: 0.0092580
2019-07-15 20:36:48,221 - [INFO] - Epoch:  253 | FVAL: 0.0092557
2019-07-15 20:36:49,158 - [INFO] - Epoch:  254 | FVAL: 0.0092535
2019-07-15 20:36:50,042 - [INFO] - Epoch:  255 | FVAL: 0.0092513
2019-07-15 20:36:50,984 - [INFO] - Epoch:  256 | FVAL: 0.0092491
2019-07-15 20:36:51,855 - [INFO] - Epoch:  257 | FVAL: 0.0092470
2019-07-15 20:36:52,787 - [INFO] - Epoch:  258 | FVAL: 0.0092448
2019-07-15 20:36:53,667 - [INFO] - Epoch:  259 | FVAL: 0.0092427
2019-07-15 20:36:54,606 - [INFO] - Epoch:  260 | FVAL: 0.0092407
2019-07-15 20:36:55,488 - [INFO] - Epoch:  261 | FVAL: 0.0092386
2019-07-15 20:36:56,428 - [INFO] - Epoch:  262 | FVAL: 0.0092366
2019-07-15 20:36:57,320 - [INFO] - Epoch:  263 | FVAL: 0.0092346
2019-07-15 20:36:58,277 - [INFO] - Epoch:  264 | FVAL: 0.0092326
2019-07-15 20:36:59,233 - [INFO] - Epoch:  265 | FVAL: 0.0092306
2019-07-15 20:37:00,235 - [INFO] - Epoch:  266 | FVAL: 0.0092287
2019-07-15 20:37:01,208 - [INFO] - Epoch:  267 | FVAL: 0.0092267
2019-07-15 20:37:02,099 - [INFO] - Epoch:  268 | FVAL: 0.0092248
2019-07-15 20:37:03,044 - [INFO] - Epoch:  269 | FVAL: 0.0092229
2019-07-15 20:37:03,979 - [INFO] - Epoch:  270 | FVAL: 0.0092211
2019-07-15 20:37:04,860 - [INFO] - Epoch:  271 | FVAL: 0.0092192
2019-07-15 20:37:05,746 - [INFO] - Epoch:  272 | FVAL: 0.0092174
2019-07-15 20:37:06,679 - [INFO] - Epoch:  273 | FVAL: 0.0092156
2019-07-15 20:37:07,684 - [INFO] - Epoch:  274 | FVAL: 0.0092139
2019-07-15 20:37:08,591 - [INFO] - Epoch:  275 | FVAL: 0.0092122
2019-07-15 20:37:09,489 - [INFO] - Epoch:  276 | FVAL: 0.0092105
2019-07-15 20:37:10,475 - [INFO] - Epoch:  277 | FVAL: 0.0092088
2019-07-15 20:37:11,458 - [INFO] - Epoch:  278 | FVAL: 0.0092072
2019-07-15 20:37:12,445 - [INFO] - Epoch:  279 | FVAL: 0.0092056
2019-07-15 20:37:13,349 - [INFO] - Epoch:  280 | FVAL: 0.0092040
2019-07-15 20:37:14,258 - [INFO] - Epoch:  281 | FVAL: 0.0092024
2019-07-15 20:37:15,240 - [INFO] - Epoch:  282 | FVAL: 0.0092008
2019-07-15 20:37:16,226 - [INFO] - Epoch:  283 | FVAL: 0.0091992
2019-07-15 20:37:17,133 - [INFO] - Epoch:  284 | FVAL: 0.0091976
2019-07-15 20:37:18,118 - [INFO] - Epoch:  285 | FVAL: 0.0091961
2019-07-15 20:37:19,024 - [INFO] - Epoch:  286 | FVAL: 0.0091946
2019-07-15 20:37:19,999 - [INFO] - Epoch:  287 | FVAL: 0.0091930
2019-07-15 20:37:20,988 - [INFO] - Epoch:  288 | FVAL: 0.0091915
2019-07-15 20:37:21,895 - [INFO] - Epoch:  289 | FVAL: 0.0091900
2019-07-15 20:37:22,879 - [INFO] - Epoch:  290 | FVAL: 0.0091886
2019-07-15 20:37:23,770 - [INFO] - Epoch:  291 | FVAL: 0.0091871
2019-07-15 20:37:24,748 - [INFO] - Epoch:  292 | FVAL: 0.0091856
2019-07-15 20:37:25,733 - [INFO] - Epoch:  293 | FVAL: 0.0091842
2019-07-15 20:37:26,638 - [INFO] - Epoch:  294 | FVAL: 0.0091828
2019-07-15 20:37:27,549 - [INFO] - Epoch:  295 | FVAL: 0.0091814
2019-07-15 20:37:28,531 - [INFO] - Epoch:  296 | FVAL: 0.0091801
2019-07-15 20:37:29,503 - [INFO] - Epoch:  297 | FVAL: 0.0091787
2019-07-15 20:37:30,455 - [INFO] - Epoch:  298 | FVAL: 0.0091774
2019-07-15 20:37:31,345 - [INFO] - Epoch:  299 | FVAL: 0.0091761
2019-07-15 20:37:32,237 - [INFO] - Epoch:  300 | FVAL: 0.0091749
2019-07-15 20:37:33,173 - [INFO] - Epoch:  301 | FVAL: 0.0091737
2019-07-15 20:37:34,105 - [INFO] - Epoch:  302 | FVAL: 0.0091725
2019-07-15 20:37:34,982 - [INFO] - Epoch:  303 | FVAL: 0.0091713
2019-07-15 20:37:35,865 - [INFO] - Epoch:  304 | FVAL: 0.0091701
2019-07-15 20:37:36,808 - [INFO] - Epoch:  305 | FVAL: 0.0091690
2019-07-15 20:37:37,745 - [INFO] - Epoch:  306 | FVAL: 0.0091678
2019-07-15 20:37:38,624 - [INFO] - Epoch:  307 | FVAL: 0.0091667
2019-07-15 20:37:39,506 - [INFO] - Epoch:  308 | FVAL: 0.0091656
2019-07-15 20:37:40,437 - [INFO] - Epoch:  309 | FVAL: 0.0091645
2019-07-15 20:37:41,371 - [INFO] - Epoch:  310 | FVAL: 0.0091634
2019-07-15 20:37:42,252 - [INFO] - Epoch:  311 | FVAL: 0.0091623
2019-07-15 20:37:43,139 - [INFO] - Epoch:  312 | FVAL: 0.0091612
2019-07-15 20:37:44,085 - [INFO] - Epoch:  313 | FVAL: 0.0091601
2019-07-15 20:37:45,038 - [INFO] - Epoch:  314 | FVAL: 0.0091591
2019-07-15 20:37:45,932 - [INFO] - Epoch:  315 | FVAL: 0.0091580
2019-07-15 20:37:46,874 - [INFO] - Epoch:  316 | FVAL: 0.0091570
2019-07-15 20:37:47,777 - [INFO] - Epoch:  317 | FVAL: 0.0091560
2019-07-15 20:37:48,741 - [INFO] - Epoch:  318 | FVAL: 0.0091549
2019-07-15 20:37:49,706 - [INFO] - Epoch:  319 | FVAL: 0.0091539
2019-07-15 20:37:50,602 - [INFO] - Epoch:  320 | FVAL: 0.0091529
2019-07-15 20:37:51,513 - [INFO] - Epoch:  321 | FVAL: 0.0091519
