2019-07-22 10:49:08,963 - [INFO] - apcg-- N:5000000 | d:18 | lambda:0.001
2019-07-22 10:49:09,141 - [INFO] - Function value sequence convergence criteria.
2019-07-22 10:49:09,142 - [INFO] - Epoch:    0 | FVAL: 0.3465736
2019-07-22 10:49:16,620 - [INFO] - Epoch:    1 | FVAL: 0.2550726
2019-07-22 10:49:24,025 - [INFO] - Epoch:    2 | FVAL: 0.2513617
2019-07-22 10:49:31,529 - [INFO] - Epoch:    3 | FVAL: 0.2489996
2019-07-22 10:49:38,830 - [INFO] - Epoch:    4 | FVAL: 0.2467281
2019-07-22 10:49:46,252 - [INFO] - Epoch:    5 | FVAL: 0.2454495
2019-07-22 10:49:53,851 - [INFO] - Epoch:    6 | FVAL: 0.2450722
2019-07-22 10:50:01,321 - [INFO] - Epoch:    7 | FVAL: 0.2437212
2019-07-22 10:50:08,776 - [INFO] - Epoch:    8 | FVAL: 0.2424332
2019-07-22 10:50:16,208 - [INFO] - Epoch:    9 | FVAL: 0.2418576
2019-07-22 10:50:23,893 - [INFO] - Epoch:   10 | FVAL: 0.2414016
2019-07-22 10:50:31,365 - [INFO] - Epoch:   11 | FVAL: 0.2410766
2019-07-22 10:50:38,879 - [INFO] - Epoch:   12 | FVAL: 0.2406454
2019-07-22 10:50:46,342 - [INFO] - Epoch:   13 | FVAL: 0.2403974
2019-07-22 10:50:53,805 - [INFO] - Epoch:   14 | FVAL: 0.2403066
2019-07-22 10:51:01,498 - [INFO] - Epoch:   15 | FVAL: 0.2402437
2019-07-22 10:51:09,048 - [INFO] - Epoch:   16 | FVAL: 0.2399118
2019-07-22 10:51:16,591 - [INFO] - Epoch:   17 | FVAL: 0.2397269
2019-07-22 10:51:24,137 - [INFO] - Epoch:   18 | FVAL: 0.2395616
2019-07-22 10:51:31,853 - [INFO] - Epoch:   19 | FVAL: 0.2394377
2019-07-22 10:51:39,393 - [INFO] - Epoch:   20 | FVAL: 0.2394143
2019-07-22 10:51:46,902 - [INFO] - Epoch:   21 | FVAL: 0.2392093
2019-07-22 10:51:54,277 - [INFO] - Epoch:   22 | FVAL: 0.2390632
2019-07-22 10:52:02,215 - [INFO] - Epoch:   23 | FVAL: 0.2389926
2019-07-22 10:52:13,234 - [INFO] - Epoch:   24 | FVAL: 0.2389799
2019-07-22 10:52:21,136 - [INFO] - Epoch:   25 | FVAL: 0.2389577
2019-07-22 10:52:28,538 - [INFO] - Epoch:   26 | FVAL: 0.2388237
2019-07-22 10:52:35,945 - [INFO] - Epoch:   27 | FVAL: 0.2387939
2019-07-22 10:52:43,404 - [INFO] - Epoch:   28 | FVAL: 0.2386643
2019-07-22 10:52:50,766 - [INFO] - Epoch:   29 | FVAL: 0.2386420
2019-07-22 10:52:58,255 - [INFO] - Epoch:   30 | FVAL: 0.2385291
2019-07-22 10:53:05,865 - [INFO] - Epoch:   31 | FVAL: 0.2385087
2019-07-22 10:53:13,227 - [INFO] - Epoch:   32 | FVAL: 0.2384551
2019-07-22 10:53:20,640 - [INFO] - Epoch:   33 | FVAL: 0.2383596
2019-07-22 10:53:28,064 - [INFO] - Epoch:   34 | FVAL: 0.2383128
2019-07-22 10:53:35,662 - [INFO] - Epoch:   35 | FVAL: 0.2383046
2019-07-22 10:53:43,079 - [INFO] - Epoch:   36 | FVAL: 0.2382663
2019-07-22 10:53:50,495 - [INFO] - Epoch:   37 | FVAL: 0.2382225
2019-07-22 10:53:57,895 - [INFO] - Epoch:   38 | FVAL: 0.2381612
2019-07-22 10:54:05,340 - [INFO] - Epoch:   39 | FVAL: 0.2380969
2019-07-22 10:54:12,761 - [INFO] - Epoch:   40 | FVAL: 0.2380480
2019-07-22 10:54:20,185 - [INFO] - Epoch:   41 | FVAL: 0.2379946
2019-07-22 10:54:27,603 - [INFO] - Epoch:   42 | FVAL: 0.2379274
2019-07-22 10:54:35,000 - [INFO] - Epoch:   43 | FVAL: 0.2379045
2019-07-22 10:54:42,416 - [INFO] - Epoch:   44 | FVAL: 0.2378789
2019-07-22 10:54:49,831 - [INFO] - Epoch:   45 | FVAL: 0.2378409
2019-07-22 10:54:57,592 - [INFO] - Epoch:   46 | FVAL: 0.2378038
2019-07-22 10:55:04,955 - [INFO] - Epoch:   47 | FVAL: 0.2377925
2019-07-22 10:55:12,285 - [INFO] - Epoch:   48 | FVAL: 0.2377706
2019-07-22 10:55:19,669 - [INFO] - Epoch:   49 | FVAL: 0.2377553
2019-07-22 10:55:27,107 - [INFO] - Epoch:   50 | FVAL: 0.2377314
2019-07-22 10:55:34,526 - [INFO] - Epoch:   51 | FVAL: 0.2377200
2019-07-22 10:55:41,930 - [INFO] - Epoch:   52 | FVAL: 0.2377011
2019-07-22 10:55:49,558 - [INFO] - Epoch:   53 | FVAL: 0.2376929
2019-07-22 10:55:57,108 - [INFO] - Epoch:   54 | FVAL: 0.2376826
2019-07-22 10:56:04,929 - [INFO] - Epoch:   55 | FVAL: 0.2376647
2019-07-22 10:56:12,426 - [INFO] - Epoch:   56 | FVAL: 0.2376438
2019-07-22 10:56:19,846 - [INFO] - Epoch:   57 | FVAL: 0.2376362
2019-07-22 10:56:27,541 - [INFO] - Epoch:   58 | FVAL: 0.2376010
2019-07-22 10:56:35,207 - [INFO] - Epoch:   59 | FVAL: 0.2375766
2019-07-22 10:56:42,768 - [INFO] - Epoch:   60 | FVAL: 0.2375558
2019-07-22 10:56:50,381 - [INFO] - Epoch:   61 | FVAL: 0.2375375
2019-07-22 10:56:57,679 - [INFO] - Epoch:   62 | FVAL: 0.2375259
2019-07-22 10:57:05,220 - [INFO] - Epoch:   63 | FVAL: 0.2375095
2019-07-22 10:57:12,563 - [INFO] - Epoch:   64 | FVAL: 0.2374950
2019-07-22 10:57:20,012 - [INFO] - Epoch:   65 | FVAL: 0.2374888
2019-07-22 10:57:27,457 - [INFO] - Epoch:   66 | FVAL: 0.2374708
2019-07-22 10:57:34,898 - [INFO] - Epoch:   67 | FVAL: 0.2374443
2019-07-22 10:57:42,268 - [INFO] - Epoch:   68 | FVAL: 0.2374370
2019-07-22 10:57:49,766 - [INFO] - Epoch:   69 | FVAL: 0.2374277
2019-07-22 10:57:57,423 - [INFO] - Epoch:   70 | FVAL: 0.2374203
2019-07-22 10:58:04,946 - [INFO] - Epoch:   71 | FVAL: 0.2374103
2019-07-22 10:58:12,256 - [INFO] - Epoch:   72 | FVAL: 0.2374027
2019-07-22 10:58:19,671 - [INFO] - Epoch:   73 | FVAL: 0.2373940
2019-07-22 10:58:27,336 - [INFO] - Epoch:   74 | FVAL: 0.2373846
2019-07-22 10:58:35,018 - [INFO] - Epoch:   75 | FVAL: 0.2373761
2019-07-22 10:58:42,659 - [INFO] - Epoch:   76 | FVAL: 0.2373691
2019-07-22 10:58:50,266 - [INFO] - Epoch:   77 | FVAL: 0.2373619
2019-07-22 10:58:57,828 - [INFO] - Epoch:   78 | FVAL: 0.2373595
2019-07-22 10:59:05,183 - [INFO] - Epoch:   79 | FVAL: 0.2373508
2019-07-22 10:59:13,987 - [INFO] - Epoch:   80 | FVAL: 0.2373456
2019-07-22 10:59:23,657 - [INFO] - Epoch:   81 | FVAL: 0.2373373
2019-07-22 10:59:31,110 - [INFO] - Epoch:   82 | FVAL: 0.2373284
2019-07-22 10:59:38,923 - [INFO] - Epoch:   83 | FVAL: 0.2373215
2019-07-22 10:59:46,585 - [INFO] - Epoch:   84 | FVAL: 0.2373146
2019-07-22 10:59:54,010 - [INFO] - Epoch:   85 | FVAL: 0.2373103
2019-07-22 11:00:01,854 - [INFO] - Epoch:   86 | FVAL: 0.2373092
2019-07-22 11:00:09,217 - [INFO] - Epoch:   87 | FVAL: 0.2373066
2019-07-22 11:00:16,880 - [INFO] - Epoch:   88 | FVAL: 0.2373020
2019-07-22 11:00:24,270 - [INFO] - Epoch:   89 | FVAL: 0.2372996
2019-07-22 11:00:31,598 - [INFO] - Epoch:   90 | FVAL: 0.2372962
2019-07-22 11:00:39,057 - [INFO] - Epoch:   91 | FVAL: 0.2372949
2019-07-22 11:00:46,672 - [INFO] - Epoch:   92 | FVAL: 0.2372895
2019-07-22 11:00:54,260 - [INFO] - Epoch:   93 | FVAL: 0.2372854
2019-07-22 11:01:01,767 - [INFO] - Epoch:   94 | FVAL: 0.2372810
2019-07-22 11:01:09,514 - [INFO] - Epoch:   95 | FVAL: 0.2372780
2019-07-22 11:01:16,906 - [INFO] - Epoch:   96 | FVAL: 0.2372767
2019-07-22 11:01:24,565 - [INFO] - Epoch:   97 | FVAL: 0.2372727
2019-07-22 11:01:32,158 - [INFO] - Epoch:   98 | FVAL: 0.2372694
2019-07-22 11:01:39,860 - [INFO] - Epoch:   99 | FVAL: 0.2372682
2019-07-22 11:01:47,419 - [INFO] - Epoch:  100 | FVAL: 0.2372664
2019-07-22 11:01:54,992 - [INFO] - Epoch:  101 | FVAL: 0.2372658
