2019-07-22 11:01:55,000 - [INFO] - csum-- N:5000000 | d:18 | lambda:0.001
2019-07-22 11:01:55,221 - [INFO] - Function value sequence convergence criteria.
2019-07-22 11:01:55,222 - [INFO] - Epoch:    0 | FVAL: 0.3465736
2019-07-22 11:02:02,698 - [INFO] - Epoch:    1 | FVAL: 0.3465736
2019-07-22 11:02:10,167 - [INFO] - Epoch:    2 | FVAL: 0.2583725
2019-07-22 11:02:17,670 - [INFO] - Epoch:    3 | FVAL: 0.2524537
2019-07-22 11:02:25,310 - [INFO] - Epoch:    4 | FVAL: 0.2493566
2019-07-22 11:02:32,906 - [INFO] - Epoch:    5 | FVAL: 0.2473359
2019-07-22 11:02:40,482 - [INFO] - Epoch:    6 | FVAL: 0.2458919
2019-07-22 11:02:48,156 - [INFO] - Epoch:    7 | FVAL: 0.2448035
2019-07-22 11:02:55,708 - [INFO] - Epoch:    8 | FVAL: 0.2439523
2019-07-22 11:03:03,325 - [INFO] - Epoch:    9 | FVAL: 0.2432676
2019-07-22 11:03:10,950 - [INFO] - Epoch:   10 | FVAL: 0.2427043
2019-07-22 11:03:18,575 - [INFO] - Epoch:   11 | FVAL: 0.2422322
2019-07-22 11:03:26,344 - [INFO] - Epoch:   12 | FVAL: 0.2418301
2019-07-22 11:03:33,979 - [INFO] - Epoch:   13 | FVAL: 0.2414862
2019-07-22 11:03:41,394 - [INFO] - Epoch:   14 | FVAL: 0.2411881
2019-07-22 11:03:48,974 - [INFO] - Epoch:   15 | FVAL: 0.2409259
2019-07-22 11:03:56,531 - [INFO] - Epoch:   16 | FVAL: 0.2406935
2019-07-22 11:04:04,189 - [INFO] - Epoch:   17 | FVAL: 0.2404857
2019-07-22 11:04:11,933 - [INFO] - Epoch:   18 | FVAL: 0.2402985
2019-07-22 11:04:19,551 - [INFO] - Epoch:   19 | FVAL: 0.2401287
2019-07-22 11:04:27,148 - [INFO] - Epoch:   20 | FVAL: 0.2399739
2019-07-22 11:04:34,817 - [INFO] - Epoch:   21 | FVAL: 0.2398331
2019-07-22 11:04:42,390 - [INFO] - Epoch:   22 | FVAL: 0.2397056
2019-07-22 11:04:50,127 - [INFO] - Epoch:   23 | FVAL: 0.2395891
2019-07-22 11:04:57,830 - [INFO] - Epoch:   24 | FVAL: 0.2394820
2019-07-22 11:05:05,612 - [INFO] - Epoch:   25 | FVAL: 0.2393830
2019-07-22 11:05:13,307 - [INFO] - Epoch:   26 | FVAL: 0.2392911
2019-07-22 11:05:23,397 - [INFO] - Epoch:   27 | FVAL: 0.2392054
2019-07-22 11:05:32,233 - [INFO] - Epoch:   28 | FVAL: 0.2391252
2019-07-22 11:05:39,792 - [INFO] - Epoch:   29 | FVAL: 0.2390498
2019-07-22 11:05:47,401 - [INFO] - Epoch:   30 | FVAL: 0.2389788
2019-07-22 11:05:55,063 - [INFO] - Epoch:   31 | FVAL: 0.2389116
2019-07-22 11:06:02,988 - [INFO] - Epoch:   32 | FVAL: 0.2388479
2019-07-22 11:06:10,741 - [INFO] - Epoch:   33 | FVAL: 0.2387872
2019-07-22 11:06:18,372 - [INFO] - Epoch:   34 | FVAL: 0.2387294
2019-07-22 11:06:25,989 - [INFO] - Epoch:   35 | FVAL: 0.2386741
2019-07-22 11:06:33,556 - [INFO] - Epoch:   36 | FVAL: 0.2386212
2019-07-22 11:06:41,214 - [INFO] - Epoch:   37 | FVAL: 0.2385704
2019-07-22 11:06:48,821 - [INFO] - Epoch:   38 | FVAL: 0.2385217
2019-07-22 11:06:56,406 - [INFO] - Epoch:   39 | FVAL: 0.2384747
2019-07-22 11:07:04,213 - [INFO] - Epoch:   40 | FVAL: 0.2384295
2019-07-22 11:07:11,784 - [INFO] - Epoch:   41 | FVAL: 0.2383859
2019-07-22 11:07:19,381 - [INFO] - Epoch:   42 | FVAL: 0.2383438
2019-07-22 11:07:27,042 - [INFO] - Epoch:   43 | FVAL: 0.2383032
2019-07-22 11:07:34,626 - [INFO] - Epoch:   44 | FVAL: 0.2382639
2019-07-22 11:07:42,359 - [INFO] - Epoch:   45 | FVAL: 0.2382258
2019-07-22 11:07:50,093 - [INFO] - Epoch:   46 | FVAL: 0.2381890
2019-07-22 11:07:57,817 - [INFO] - Epoch:   47 | FVAL: 0.2381533
2019-07-22 11:08:05,538 - [INFO] - Epoch:   48 | FVAL: 0.2381188
2019-07-22 11:08:13,136 - [INFO] - Epoch:   49 | FVAL: 0.2380852
2019-07-22 11:08:20,839 - [INFO] - Epoch:   50 | FVAL: 0.2380527
2019-07-22 11:08:28,510 - [INFO] - Epoch:   51 | FVAL: 0.2380210
2019-07-22 11:08:36,066 - [INFO] - Epoch:   52 | FVAL: 0.2379906
2019-07-22 11:08:43,683 - [INFO] - Epoch:   53 | FVAL: 0.2379626
2019-07-22 11:08:51,320 - [INFO] - Epoch:   54 | FVAL: 0.2379352
2019-07-22 11:08:58,938 - [INFO] - Epoch:   55 | FVAL: 0.2379086
2019-07-22 11:09:06,639 - [INFO] - Epoch:   56 | FVAL: 0.2378829
2019-07-22 11:09:14,295 - [INFO] - Epoch:   57 | FVAL: 0.2378581
2019-07-22 11:09:21,895 - [INFO] - Epoch:   58 | FVAL: 0.2378340
2019-07-22 11:09:29,519 - [INFO] - Epoch:   59 | FVAL: 0.2378106
2019-07-22 11:09:37,131 - [INFO] - Epoch:   60 | FVAL: 0.2377880
2019-07-22 11:09:44,874 - [INFO] - Epoch:   61 | FVAL: 0.2377660
2019-07-22 11:09:52,444 - [INFO] - Epoch:   62 | FVAL: 0.2377447
2019-07-22 11:10:00,052 - [INFO] - Epoch:   63 | FVAL: 0.2377240
2019-07-22 11:10:07,658 - [INFO] - Epoch:   64 | FVAL: 0.2377038
2019-07-22 11:10:15,275 - [INFO] - Epoch:   65 | FVAL: 0.2376843
2019-07-22 11:10:22,890 - [INFO] - Epoch:   66 | FVAL: 0.2376653
2019-07-22 11:10:30,486 - [INFO] - Epoch:   67 | FVAL: 0.2376467
2019-07-22 11:10:38,134 - [INFO] - Epoch:   68 | FVAL: 0.2376287
2019-07-22 11:10:45,753 - [INFO] - Epoch:   69 | FVAL: 0.2376111
2019-07-22 11:10:53,337 - [INFO] - Epoch:   70 | FVAL: 0.2375940
2019-07-22 11:11:01,016 - [INFO] - Epoch:   71 | FVAL: 0.2375773
2019-07-22 11:11:08,623 - [INFO] - Epoch:   72 | FVAL: 0.2375611
2019-07-22 11:11:16,141 - [INFO] - Epoch:   73 | FVAL: 0.2375452
2019-07-22 11:11:23,784 - [INFO] - Epoch:   74 | FVAL: 0.2375297
2019-07-22 11:11:31,387 - [INFO] - Epoch:   75 | FVAL: 0.2375146
2019-07-22 11:11:38,986 - [INFO] - Epoch:   76 | FVAL: 0.2374998
2019-07-22 11:11:46,656 - [INFO] - Epoch:   77 | FVAL: 0.2374855
2019-07-22 11:11:54,453 - [INFO] - Epoch:   78 | FVAL: 0.2374740
2019-07-22 11:12:02,073 - [INFO] - Epoch:   79 | FVAL: 0.2374635
2019-07-22 11:12:09,799 - [INFO] - Epoch:   80 | FVAL: 0.2374537
2019-07-22 11:12:17,276 - [INFO] - Epoch:   81 | FVAL: 0.2374442
2019-07-22 11:12:24,905 - [INFO] - Epoch:   82 | FVAL: 0.2374352
2019-07-22 11:12:32,534 - [INFO] - Epoch:   83 | FVAL: 0.2374266
2019-07-22 11:12:40,126 - [INFO] - Epoch:   84 | FVAL: 0.2374184
2019-07-22 11:12:47,741 - [INFO] - Epoch:   85 | FVAL: 0.2374105
2019-07-22 11:12:55,379 - [INFO] - Epoch:   86 | FVAL: 0.2374030
2019-07-22 11:13:02,985 - [INFO] - Epoch:   87 | FVAL: 0.2373958
2019-07-22 11:13:10,618 - [INFO] - Epoch:   88 | FVAL: 0.2373888
2019-07-22 11:13:18,269 - [INFO] - Epoch:   89 | FVAL: 0.2373821
2019-07-22 11:13:25,863 - [INFO] - Epoch:   90 | FVAL: 0.2373757
2019-07-22 11:13:35,650 - [INFO] - Epoch:   91 | FVAL: 0.2373696
2019-07-22 11:13:44,986 - [INFO] - Epoch:   92 | FVAL: 0.2373637
2019-07-22 11:13:52,486 - [INFO] - Epoch:   93 | FVAL: 0.2373579
2019-07-22 11:14:00,176 - [INFO] - Epoch:   94 | FVAL: 0.2373524
2019-07-22 11:14:07,770 - [INFO] - Epoch:   95 | FVAL: 0.2373471
2019-07-22 11:14:15,338 - [INFO] - Epoch:   96 | FVAL: 0.2373420
2019-07-22 11:14:22,996 - [INFO] - Epoch:   97 | FVAL: 0.2373371
2019-07-22 11:14:30,650 - [INFO] - Epoch:   98 | FVAL: 0.2373323
2019-07-22 11:14:38,184 - [INFO] - Epoch:   99 | FVAL: 0.2373277
2019-07-22 11:14:45,897 - [INFO] - Epoch:  100 | FVAL: 0.2373232
2019-07-22 11:14:53,694 - [INFO] - Epoch:  101 | FVAL: 0.2373189
2019-07-22 11:15:01,411 - [INFO] - Epoch:  102 | FVAL: 0.2373147
2019-07-22 11:15:09,020 - [INFO] - Epoch:  103 | FVAL: 0.2373107
2019-07-22 11:15:16,641 - [INFO] - Epoch:  104 | FVAL: 0.2373067
2019-07-22 11:15:24,227 - [INFO] - Epoch:  105 | FVAL: 0.2373029
2019-07-22 11:15:31,873 - [INFO] - Epoch:  106 | FVAL: 0.2372992
2019-07-22 11:15:39,517 - [INFO] - Epoch:  107 | FVAL: 0.2372956
2019-07-22 11:15:47,100 - [INFO] - Epoch:  108 | FVAL: 0.2372921
2019-07-22 11:15:54,728 - [INFO] - Epoch:  109 | FVAL: 0.2372887
2019-07-22 11:16:02,448 - [INFO] - Epoch:  110 | FVAL: 0.2372854
2019-07-22 11:16:10,160 - [INFO] - Epoch:  111 | FVAL: 0.2372821
2019-07-22 11:16:17,725 - [INFO] - Epoch:  112 | FVAL: 0.2372790
2019-07-22 11:16:25,286 - [INFO] - Epoch:  113 | FVAL: 0.2372759
2019-07-22 11:16:32,984 - [INFO] - Epoch:  114 | FVAL: 0.2372729
2019-07-22 11:16:40,507 - [INFO] - Epoch:  115 | FVAL: 0.2372700
2019-07-22 11:16:48,011 - [INFO] - Epoch:  116 | FVAL: 0.2372671
2019-07-22 11:16:55,538 - [INFO] - Epoch:  117 | FVAL: 0.2372643
2019-07-22 11:17:03,418 - [INFO] - Epoch:  118 | FVAL: 0.2372616
2019-07-22 11:17:10,989 - [INFO] - Epoch:  119 | FVAL: 0.2372589
2019-07-22 11:17:18,690 - [INFO] - Epoch:  120 | FVAL: 0.2372563
2019-07-22 11:17:26,263 - [INFO] - Epoch:  121 | FVAL: 0.2372537
2019-07-22 11:17:33,796 - [INFO] - Epoch:  122 | FVAL: 0.2372512
2019-07-22 11:17:41,516 - [INFO] - Epoch:  123 | FVAL: 0.2372487
2019-07-22 11:17:49,147 - [INFO] - Epoch:  124 | FVAL: 0.2372463
2019-07-22 11:17:56,707 - [INFO] - Epoch:  125 | FVAL: 0.2372439
2019-07-22 11:18:04,605 - [INFO] - Epoch:  126 | FVAL: 0.2372416
2019-07-22 11:18:12,218 - [INFO] - Epoch:  127 | FVAL: 0.2372393
2019-07-22 11:18:19,729 - [INFO] - Epoch:  128 | FVAL: 0.2372370
2019-07-22 11:18:27,351 - [INFO] - Epoch:  129 | FVAL: 0.2372348
2019-07-22 11:18:34,984 - [INFO] - Epoch:  130 | FVAL: 0.2372326
2019-07-22 11:18:42,592 - [INFO] - Epoch:  131 | FVAL: 0.2372305
2019-07-22 11:18:51,439 - [INFO] - Epoch:  132 | FVAL: 0.2372283
2019-07-22 17:56:25,162 - [INFO] - csum-- N:5000000 | d:18 | lambda:0.001
2019-07-22 17:56:25,340 - [INFO] - Function value sequence convergence criteria.
2019-07-22 17:56:25,340 - [INFO] - Epoch:    0 | FVAL: 0.3465736
2019-07-22 17:56:32,309 - [INFO] - Epoch:    1 | FVAL: 0.3465736
2019-07-22 17:56:39,467 - [INFO] - Epoch:    2 | FVAL: 0.2583725
2019-07-22 17:56:46,629 - [INFO] - Epoch:    3 | FVAL: 0.2524537
2019-07-22 17:56:53,791 - [INFO] - Epoch:    4 | FVAL: 0.2493566
2019-07-22 17:57:01,064 - [INFO] - Epoch:    5 | FVAL: 0.2473359
2019-07-22 17:57:08,230 - [INFO] - Epoch:    6 | FVAL: 0.2458919
2019-07-22 17:57:15,397 - [INFO] - Epoch:    7 | FVAL: 0.2448035
2019-07-22 17:57:22,565 - [INFO] - Epoch:    8 | FVAL: 0.2439523
2019-07-22 17:57:29,735 - [INFO] - Epoch:    9 | FVAL: 0.2432676
2019-07-22 17:57:36,906 - [INFO] - Epoch:   10 | FVAL: 0.2427043
2019-07-22 17:57:44,077 - [INFO] - Epoch:   11 | FVAL: 0.2422322
2019-07-22 17:57:51,249 - [INFO] - Epoch:   12 | FVAL: 0.2418301
2019-07-22 17:57:58,421 - [INFO] - Epoch:   13 | FVAL: 0.2414862
2019-07-22 17:58:05,664 - [INFO] - Epoch:   14 | FVAL: 0.2411881
2019-07-22 17:58:12,839 - [INFO] - Epoch:   15 | FVAL: 0.2409259
2019-07-22 17:58:20,015 - [INFO] - Epoch:   16 | FVAL: 0.2406935
2019-07-22 17:58:27,194 - [INFO] - Epoch:   17 | FVAL: 0.2404857
2019-07-22 17:58:34,372 - [INFO] - Epoch:   18 | FVAL: 0.2402985
2019-07-22 17:58:41,553 - [INFO] - Epoch:   19 | FVAL: 0.2401287
2019-07-22 17:58:48,732 - [INFO] - Epoch:   20 | FVAL: 0.2399739
2019-07-22 17:58:55,915 - [INFO] - Epoch:   21 | FVAL: 0.2398331
2019-07-22 17:59:03,189 - [INFO] - Epoch:   22 | FVAL: 0.2397056
2019-07-22 17:59:10,374 - [INFO] - Epoch:   23 | FVAL: 0.2395891
2019-07-22 17:59:17,560 - [INFO] - Epoch:   24 | FVAL: 0.2394820
2019-07-22 17:59:24,747 - [INFO] - Epoch:   25 | FVAL: 0.2393830
2019-07-22 17:59:31,936 - [INFO] - Epoch:   26 | FVAL: 0.2392911
2019-07-22 17:59:39,126 - [INFO] - Epoch:   27 | FVAL: 0.2392054
2019-07-22 17:59:46,317 - [INFO] - Epoch:   28 | FVAL: 0.2391252
2019-07-22 17:59:53,510 - [INFO] - Epoch:   29 | FVAL: 0.2390498
2019-07-22 18:00:00,830 - [INFO] - Epoch:   30 | FVAL: 0.2389788
2019-07-22 18:00:08,024 - [INFO] - Epoch:   31 | FVAL: 0.2389116
2019-07-22 18:00:15,218 - [INFO] - Epoch:   32 | FVAL: 0.2388479
2019-07-22 18:00:22,414 - [INFO] - Epoch:   33 | FVAL: 0.2387872
2019-07-22 18:00:29,611 - [INFO] - Epoch:   34 | FVAL: 0.2387294
2019-07-22 18:00:36,808 - [INFO] - Epoch:   35 | FVAL: 0.2386741
2019-07-22 18:00:44,007 - [INFO] - Epoch:   36 | FVAL: 0.2386212
2019-07-22 18:00:51,205 - [INFO] - Epoch:   37 | FVAL: 0.2385704
2019-07-22 18:00:58,404 - [INFO] - Epoch:   38 | FVAL: 0.2385217
2019-07-22 18:01:05,685 - [INFO] - Epoch:   39 | FVAL: 0.2384747
2019-07-22 18:01:12,887 - [INFO] - Epoch:   40 | FVAL: 0.2384295
2019-07-22 18:01:20,088 - [INFO] - Epoch:   41 | FVAL: 0.2383859
2019-07-22 18:01:27,296 - [INFO] - Epoch:   42 | FVAL: 0.2383438
2019-07-22 18:01:34,499 - [INFO] - Epoch:   43 | FVAL: 0.2383032
2019-07-22 18:01:41,702 - [INFO] - Epoch:   44 | FVAL: 0.2382639
2019-07-22 18:01:48,906 - [INFO] - Epoch:   45 | FVAL: 0.2382258
2019-07-22 18:01:56,110 - [INFO] - Epoch:   46 | FVAL: 0.2381890
2019-07-22 18:02:03,373 - [INFO] - Epoch:   47 | FVAL: 0.2381533
2019-07-22 18:02:10,577 - [INFO] - Epoch:   48 | FVAL: 0.2381188
2019-07-22 18:02:17,781 - [INFO] - Epoch:   49 | FVAL: 0.2380852
2019-07-22 18:02:24,985 - [INFO] - Epoch:   50 | FVAL: 0.2380527
2019-07-22 18:02:32,189 - [INFO] - Epoch:   51 | FVAL: 0.2380210
2019-07-22 18:02:39,394 - [INFO] - Epoch:   52 | FVAL: 0.2379906
2019-07-22 18:02:46,597 - [INFO] - Epoch:   53 | FVAL: 0.2379626
2019-07-22 18:02:53,802 - [INFO] - Epoch:   54 | FVAL: 0.2379352
2019-07-22 18:03:01,087 - [INFO] - Epoch:   55 | FVAL: 0.2379086
2019-07-22 18:03:08,293 - [INFO] - Epoch:   56 | FVAL: 0.2378829
2019-07-22 18:03:15,498 - [INFO] - Epoch:   57 | FVAL: 0.2378581
2019-07-22 18:03:22,703 - [INFO] - Epoch:   58 | FVAL: 0.2378340
2019-07-22 18:03:29,908 - [INFO] - Epoch:   59 | FVAL: 0.2378106
2019-07-22 18:03:37,112 - [INFO] - Epoch:   60 | FVAL: 0.2377880
2019-07-22 18:03:44,317 - [INFO] - Epoch:   61 | FVAL: 0.2377660
2019-07-22 18:03:51,522 - [INFO] - Epoch:   62 | FVAL: 0.2377447
2019-07-22 18:03:58,737 - [INFO] - Epoch:   63 | FVAL: 0.2377240
2019-07-22 18:04:06,002 - [INFO] - Epoch:   64 | FVAL: 0.2377038
2019-07-22 18:04:13,207 - [INFO] - Epoch:   65 | FVAL: 0.2376843
2019-07-22 18:04:20,412 - [INFO] - Epoch:   66 | FVAL: 0.2376653
2019-07-22 18:04:27,616 - [INFO] - Epoch:   67 | FVAL: 0.2376467
2019-07-22 18:04:34,821 - [INFO] - Epoch:   68 | FVAL: 0.2376287
2019-07-22 18:04:42,024 - [INFO] - Epoch:   69 | FVAL: 0.2376111
2019-07-22 18:04:49,229 - [INFO] - Epoch:   70 | FVAL: 0.2375940
2019-07-22 18:04:56,433 - [INFO] - Epoch:   71 | FVAL: 0.2375773
2019-07-22 18:05:03,696 - [INFO] - Epoch:   72 | FVAL: 0.2375611
2019-07-22 18:05:10,899 - [INFO] - Epoch:   73 | FVAL: 0.2375452
2019-07-22 18:05:18,104 - [INFO] - Epoch:   74 | FVAL: 0.2375297
2019-07-22 18:05:25,311 - [INFO] - Epoch:   75 | FVAL: 0.2375146
2019-07-22 18:05:32,515 - [INFO] - Epoch:   76 | FVAL: 0.2374998
2019-07-22 18:05:39,719 - [INFO] - Epoch:   77 | FVAL: 0.2374855
2019-07-22 18:05:46,924 - [INFO] - Epoch:   78 | FVAL: 0.2374740
2019-07-22 18:05:54,129 - [INFO] - Epoch:   79 | FVAL: 0.2374635
2019-07-22 18:06:01,388 - [INFO] - Epoch:   80 | FVAL: 0.2374537
2019-07-22 18:06:08,592 - [INFO] - Epoch:   81 | FVAL: 0.2374442
2019-07-22 18:06:15,797 - [INFO] - Epoch:   82 | FVAL: 0.2374352
2019-07-22 18:06:23,003 - [INFO] - Epoch:   83 | FVAL: 0.2374266
2019-07-22 18:06:30,207 - [INFO] - Epoch:   84 | FVAL: 0.2374184
2019-07-22 18:06:37,411 - [INFO] - Epoch:   85 | FVAL: 0.2374105
2019-07-22 18:06:44,616 - [INFO] - Epoch:   86 | FVAL: 0.2374030
2019-07-22 18:06:51,821 - [INFO] - Epoch:   87 | FVAL: 0.2373958
2019-07-22 18:06:59,028 - [INFO] - Epoch:   88 | FVAL: 0.2373888
2019-07-22 18:07:06,332 - [INFO] - Epoch:   89 | FVAL: 0.2373821
2019-07-22 18:07:13,537 - [INFO] - Epoch:   90 | FVAL: 0.2373757
2019-07-22 18:07:20,742 - [INFO] - Epoch:   91 | FVAL: 0.2373696
2019-07-22 18:07:27,949 - [INFO] - Epoch:   92 | FVAL: 0.2373637
2019-07-22 18:07:35,153 - [INFO] - Epoch:   93 | FVAL: 0.2373579
2019-07-22 18:07:42,357 - [INFO] - Epoch:   94 | FVAL: 0.2373524
2019-07-22 18:07:49,562 - [INFO] - Epoch:   95 | FVAL: 0.2373471
2019-07-22 18:07:56,767 - [INFO] - Epoch:   96 | FVAL: 0.2373420
2019-07-22 18:08:04,083 - [INFO] - Epoch:   97 | FVAL: 0.2373371
2019-07-22 18:08:11,288 - [INFO] - Epoch:   98 | FVAL: 0.2373323
2019-07-22 18:08:18,492 - [INFO] - Epoch:   99 | FVAL: 0.2373277
2019-07-22 18:08:25,697 - [INFO] - Epoch:  100 | FVAL: 0.2373232
2019-07-22 18:08:32,902 - [INFO] - Epoch:  101 | FVAL: 0.2373189
2019-07-22 18:08:40,107 - [INFO] - Epoch:  102 | FVAL: 0.2373147
2019-07-22 18:08:47,312 - [INFO] - Epoch:  103 | FVAL: 0.2373107
2019-07-22 18:08:54,517 - [INFO] - Epoch:  104 | FVAL: 0.2373067
2019-07-22 18:09:01,768 - [INFO] - Epoch:  105 | FVAL: 0.2373029
2019-07-22 18:09:08,975 - [INFO] - Epoch:  106 | FVAL: 0.2372992
2019-07-22 18:09:16,180 - [INFO] - Epoch:  107 | FVAL: 0.2372956
2019-07-22 18:09:23,384 - [INFO] - Epoch:  108 | FVAL: 0.2372921
2019-07-22 18:09:30,589 - [INFO] - Epoch:  109 | FVAL: 0.2372887
2019-07-22 18:09:37,793 - [INFO] - Epoch:  110 | FVAL: 0.2372854
2019-07-22 18:09:45,000 - [INFO] - Epoch:  111 | FVAL: 0.2372821
2019-07-22 18:09:52,204 - [INFO] - Epoch:  112 | FVAL: 0.2372790
2019-07-22 18:09:59,408 - [INFO] - Epoch:  113 | FVAL: 0.2372759
2019-07-22 18:10:06,711 - [INFO] - Epoch:  114 | FVAL: 0.2372729
2019-07-22 18:10:13,915 - [INFO] - Epoch:  115 | FVAL: 0.2372700
2019-07-22 18:10:21,118 - [INFO] - Epoch:  116 | FVAL: 0.2372671
2019-07-22 18:10:28,322 - [INFO] - Epoch:  117 | FVAL: 0.2372643
2019-07-22 18:10:35,525 - [INFO] - Epoch:  118 | FVAL: 0.2372616
2019-07-22 18:10:42,730 - [INFO] - Epoch:  119 | FVAL: 0.2372589
2019-07-22 18:10:49,934 - [INFO] - Epoch:  120 | FVAL: 0.2372563
2019-07-22 18:10:57,137 - [INFO] - Epoch:  121 | FVAL: 0.2372537
2019-07-22 18:11:04,468 - [INFO] - Epoch:  122 | FVAL: 0.2372512
2019-07-22 18:11:11,672 - [INFO] - Epoch:  123 | FVAL: 0.2372487
2019-07-22 18:11:18,875 - [INFO] - Epoch:  124 | FVAL: 0.2372463
2019-07-22 18:11:26,080 - [INFO] - Epoch:  125 | FVAL: 0.2372439
2019-07-22 18:11:33,285 - [INFO] - Epoch:  126 | FVAL: 0.2372416
2019-07-22 18:11:40,488 - [INFO] - Epoch:  127 | FVAL: 0.2372393
2019-07-22 18:11:47,693 - [INFO] - Epoch:  128 | FVAL: 0.2372370
2019-07-22 18:11:54,897 - [INFO] - Epoch:  129 | FVAL: 0.2372348
2019-07-22 18:12:02,184 - [INFO] - Epoch:  130 | FVAL: 0.2372326
2019-07-22 18:12:09,387 - [INFO] - Epoch:  131 | FVAL: 0.2372305
2019-07-22 18:12:16,589 - [INFO] - Epoch:  132 | FVAL: 0.2372283
2019-07-22 18:12:23,792 - [INFO] - Epoch:  133 | FVAL: 0.2372262
2019-07-22 18:12:30,995 - [INFO] - Epoch:  134 | FVAL: 0.2372242
2019-07-22 18:12:38,198 - [INFO] - Epoch:  135 | FVAL: 0.2372230
