2019-07-22 10:25:23,743 - [INFO] - rcsum-- N:5000000 | d:18 | lambda:0.001
2019-07-22 10:25:23,921 - [INFO] - Function value sequence convergence criteria.
2019-07-22 10:25:23,921 - [INFO] - Epoch:    0 | FVAL: 0.3465736
2019-07-22 10:25:31,483 - [INFO] - Epoch:    1 | FVAL: 0.2741190
2019-07-22 10:25:38,995 - [INFO] - Epoch:    2 | FVAL: 0.2643923
2019-07-22 10:25:46,646 - [INFO] - Epoch:    3 | FVAL: 0.2590201
2019-07-22 10:25:54,257 - [INFO] - Epoch:    4 | FVAL: 0.2550114
2019-07-22 10:26:01,984 - [INFO] - Epoch:    5 | FVAL: 0.2523374
2019-07-22 10:26:09,658 - [INFO] - Epoch:    6 | FVAL: 0.2501204
2019-07-22 10:26:17,304 - [INFO] - Epoch:    7 | FVAL: 0.2484296
2019-07-22 10:26:24,906 - [INFO] - Epoch:    8 | FVAL: 0.2471252
2019-07-22 10:26:32,539 - [INFO] - Epoch:    9 | FVAL: 0.2460633
2019-07-22 10:26:40,110 - [INFO] - Epoch:   10 | FVAL: 0.2452303
2019-07-22 10:26:47,641 - [INFO] - Epoch:   11 | FVAL: 0.2445584
2019-07-22 10:26:55,353 - [INFO] - Epoch:   12 | FVAL: 0.2439713
2019-07-22 10:27:02,976 - [INFO] - Epoch:   13 | FVAL: 0.2434814
2019-07-22 10:27:10,601 - [INFO] - Epoch:   14 | FVAL: 0.2430850
2019-07-22 10:27:18,197 - [INFO] - Epoch:   15 | FVAL: 0.2427186
2019-07-22 10:27:25,837 - [INFO] - Epoch:   16 | FVAL: 0.2423930
2019-07-22 10:27:33,452 - [INFO] - Epoch:   17 | FVAL: 0.2420870
2019-07-22 10:27:41,045 - [INFO] - Epoch:   18 | FVAL: 0.2418251
2019-07-22 10:27:48,729 - [INFO] - Epoch:   19 | FVAL: 0.2415791
2019-07-22 10:27:56,615 - [INFO] - Epoch:   20 | FVAL: 0.2413643
2019-07-22 10:28:04,310 - [INFO] - Epoch:   21 | FVAL: 0.2411666
2019-07-22 10:28:11,918 - [INFO] - Epoch:   22 | FVAL: 0.2409922
2019-07-22 10:28:19,545 - [INFO] - Epoch:   23 | FVAL: 0.2408237
2019-07-22 10:28:27,215 - [INFO] - Epoch:   24 | FVAL: 0.2406646
2019-07-22 10:28:34,739 - [INFO] - Epoch:   25 | FVAL: 0.2405222
2019-07-22 10:28:42,401 - [INFO] - Epoch:   26 | FVAL: 0.2403914
2019-07-22 10:28:50,038 - [INFO] - Epoch:   27 | FVAL: 0.2402664
2019-07-22 10:28:57,908 - [INFO] - Epoch:   28 | FVAL: 0.2401448
2019-07-22 10:29:05,553 - [INFO] - Epoch:   29 | FVAL: 0.2400323
2019-07-22 10:29:13,121 - [INFO] - Epoch:   30 | FVAL: 0.2399266
2019-07-22 10:29:20,799 - [INFO] - Epoch:   31 | FVAL: 0.2398285
2019-07-22 10:29:28,532 - [INFO] - Epoch:   32 | FVAL: 0.2397332
2019-07-22 10:29:36,095 - [INFO] - Epoch:   33 | FVAL: 0.2396413
2019-07-22 10:29:43,702 - [INFO] - Epoch:   34 | FVAL: 0.2395548
2019-07-22 10:29:51,378 - [INFO] - Epoch:   35 | FVAL: 0.2394790
2019-07-22 10:29:58,915 - [INFO] - Epoch:   36 | FVAL: 0.2394124
2019-07-22 10:30:06,865 - [INFO] - Epoch:   37 | FVAL: 0.2393455
2019-07-22 10:30:14,419 - [INFO] - Epoch:   38 | FVAL: 0.2392869
2019-07-22 10:30:22,062 - [INFO] - Epoch:   39 | FVAL: 0.2392231
2019-07-22 10:30:29,908 - [INFO] - Epoch:   40 | FVAL: 0.2391665
2019-07-22 10:30:37,455 - [INFO] - Epoch:   41 | FVAL: 0.2391131
2019-07-22 10:30:45,067 - [INFO] - Epoch:   42 | FVAL: 0.2390580
2019-07-22 10:30:52,766 - [INFO] - Epoch:   43 | FVAL: 0.2390037
2019-07-22 10:31:00,490 - [INFO] - Epoch:   44 | FVAL: 0.2389523
2019-07-22 10:31:07,958 - [INFO] - Epoch:   45 | FVAL: 0.2388996
2019-07-22 10:31:15,566 - [INFO] - Epoch:   46 | FVAL: 0.2388550
2019-07-22 10:31:23,145 - [INFO] - Epoch:   47 | FVAL: 0.2388068
2019-07-22 10:31:30,805 - [INFO] - Epoch:   48 | FVAL: 0.2387615
2019-07-22 10:31:38,383 - [INFO] - Epoch:   49 | FVAL: 0.2387174
2019-07-22 10:31:45,986 - [INFO] - Epoch:   50 | FVAL: 0.2386752
2019-07-22 10:31:53,609 - [INFO] - Epoch:   51 | FVAL: 0.2386312
2019-07-22 10:32:01,440 - [INFO] - Epoch:   52 | FVAL: 0.2385921
2019-07-22 10:32:08,996 - [INFO] - Epoch:   53 | FVAL: 0.2385540
2019-07-22 10:32:16,790 - [INFO] - Epoch:   54 | FVAL: 0.2385205
2019-07-22 10:32:24,580 - [INFO] - Epoch:   55 | FVAL: 0.2384881
2019-07-22 10:32:32,407 - [INFO] - Epoch:   56 | FVAL: 0.2384516
2019-07-22 10:32:39,992 - [INFO] - Epoch:   57 | FVAL: 0.2384149
2019-07-22 10:32:47,771 - [INFO] - Epoch:   58 | FVAL: 0.2383804
2019-07-22 10:32:55,480 - [INFO] - Epoch:   59 | FVAL: 0.2383476
2019-07-22 10:33:03,092 - [INFO] - Epoch:   60 | FVAL: 0.2383137
2019-07-22 10:33:10,647 - [INFO] - Epoch:   61 | FVAL: 0.2382813
2019-07-22 10:33:18,358 - [INFO] - Epoch:   62 | FVAL: 0.2382487
2019-07-22 10:33:26,270 - [INFO] - Epoch:   63 | FVAL: 0.2382175
2019-07-22 10:33:33,992 - [INFO] - Epoch:   64 | FVAL: 0.2381881
2019-07-22 10:33:41,844 - [INFO] - Epoch:   65 | FVAL: 0.2381595
2019-07-22 10:33:49,445 - [INFO] - Epoch:   66 | FVAL: 0.2381306
2019-07-22 10:33:57,031 - [INFO] - Epoch:   67 | FVAL: 0.2381014
2019-07-22 10:34:04,785 - [INFO] - Epoch:   68 | FVAL: 0.2380759
2019-07-22 10:34:12,406 - [INFO] - Epoch:   69 | FVAL: 0.2380500
2019-07-22 10:34:19,979 - [INFO] - Epoch:   70 | FVAL: 0.2380265
2019-07-22 10:34:27,642 - [INFO] - Epoch:   71 | FVAL: 0.2380028
2019-07-22 10:34:35,251 - [INFO] - Epoch:   72 | FVAL: 0.2379805
2019-07-22 10:34:42,837 - [INFO] - Epoch:   73 | FVAL: 0.2379582
2019-07-22 10:34:50,497 - [INFO] - Epoch:   74 | FVAL: 0.2379368
2019-07-22 10:34:58,108 - [INFO] - Epoch:   75 | FVAL: 0.2379159
2019-07-22 10:35:05,686 - [INFO] - Epoch:   76 | FVAL: 0.2378952
2019-07-22 10:35:13,373 - [INFO] - Epoch:   77 | FVAL: 0.2378742
2019-07-22 10:35:21,078 - [INFO] - Epoch:   78 | FVAL: 0.2378544
2019-07-22 10:35:28,993 - [INFO] - Epoch:   79 | FVAL: 0.2378360
2019-07-22 10:35:36,654 - [INFO] - Epoch:   80 | FVAL: 0.2378177
2019-07-22 10:35:44,249 - [INFO] - Epoch:   81 | FVAL: 0.2377985
2019-07-22 10:35:51,866 - [INFO] - Epoch:   82 | FVAL: 0.2377809
2019-07-22 10:35:59,521 - [INFO] - Epoch:   83 | FVAL: 0.2377632
2019-07-22 10:36:07,081 - [INFO] - Epoch:   84 | FVAL: 0.2377457
2019-07-22 10:36:14,692 - [INFO] - Epoch:   85 | FVAL: 0.2377286
2019-07-22 10:36:22,394 - [INFO] - Epoch:   86 | FVAL: 0.2377123
2019-07-22 10:36:29,916 - [INFO] - Epoch:   87 | FVAL: 0.2376973
2019-07-22 10:36:37,505 - [INFO] - Epoch:   88 | FVAL: 0.2376817
2019-07-22 10:36:45,139 - [INFO] - Epoch:   89 | FVAL: 0.2376664
2019-07-22 10:36:52,980 - [INFO] - Epoch:   90 | FVAL: 0.2376521
2019-07-22 10:37:00,935 - [INFO] - Epoch:   91 | FVAL: 0.2376376
2019-07-22 10:37:08,753 - [INFO] - Epoch:   92 | FVAL: 0.2376228
2019-07-22 10:37:16,598 - [INFO] - Epoch:   93 | FVAL: 0.2376082
2019-07-22 10:37:24,120 - [INFO] - Epoch:   94 | FVAL: 0.2375939
2019-07-22 10:37:31,788 - [INFO] - Epoch:   95 | FVAL: 0.2375801
2019-07-22 10:37:39,438 - [INFO] - Epoch:   96 | FVAL: 0.2375663
2019-07-22 10:37:47,370 - [INFO] - Epoch:   97 | FVAL: 0.2375527
2019-07-22 10:37:55,023 - [INFO] - Epoch:   98 | FVAL: 0.2375396
2019-07-22 10:38:02,665 - [INFO] - Epoch:   99 | FVAL: 0.2375267
2019-07-22 10:38:10,189 - [INFO] - Epoch:  100 | FVAL: 0.2375143
2019-07-22 10:38:17,961 - [INFO] - Epoch:  101 | FVAL: 0.2375014
2019-07-22 10:38:25,901 - [INFO] - Epoch:  102 | FVAL: 0.2374889
2019-07-22 10:38:33,810 - [INFO] - Epoch:  103 | FVAL: 0.2374764
2019-07-22 10:38:41,575 - [INFO] - Epoch:  104 | FVAL: 0.2374651
2019-07-22 10:38:49,457 - [INFO] - Epoch:  105 | FVAL: 0.2374547
2019-07-22 10:38:57,335 - [INFO] - Epoch:  106 | FVAL: 0.2374431
2019-07-22 10:39:05,211 - [INFO] - Epoch:  107 | FVAL: 0.2374320
2019-07-22 10:39:13,119 - [INFO] - Epoch:  108 | FVAL: 0.2374248
2019-07-22 10:39:20,961 - [INFO] - Epoch:  109 | FVAL: 0.2374184
2019-07-22 10:39:28,877 - [INFO] - Epoch:  110 | FVAL: 0.2374121
2019-07-22 10:39:36,427 - [INFO] - Epoch:  111 | FVAL: 0.2374064
2019-07-22 10:39:44,074 - [INFO] - Epoch:  112 | FVAL: 0.2374006
2019-07-22 10:39:51,717 - [INFO] - Epoch:  113 | FVAL: 0.2373949
2019-07-22 10:39:59,240 - [INFO] - Epoch:  114 | FVAL: 0.2373896
2019-07-22 10:40:06,863 - [INFO] - Epoch:  115 | FVAL: 0.2373843
2019-07-22 10:40:14,618 - [INFO] - Epoch:  116 | FVAL: 0.2373794
2019-07-22 10:40:22,549 - [INFO] - Epoch:  117 | FVAL: 0.2373747
2019-07-22 10:40:30,268 - [INFO] - Epoch:  118 | FVAL: 0.2373702
2019-07-22 10:40:37,864 - [INFO] - Epoch:  119 | FVAL: 0.2373659
2019-07-22 10:40:45,442 - [INFO] - Epoch:  120 | FVAL: 0.2373616
2019-07-22 10:40:53,124 - [INFO] - Epoch:  121 | FVAL: 0.2373576
2019-07-22 10:41:00,749 - [INFO] - Epoch:  122 | FVAL: 0.2373534
2019-07-22 10:41:08,349 - [INFO] - Epoch:  123 | FVAL: 0.2373496
2019-07-22 10:41:15,984 - [INFO] - Epoch:  124 | FVAL: 0.2373457
2019-07-22 10:41:23,495 - [INFO] - Epoch:  125 | FVAL: 0.2373420
2019-07-22 10:41:31,187 - [INFO] - Epoch:  126 | FVAL: 0.2373385
2019-07-22 10:41:38,778 - [INFO] - Epoch:  127 | FVAL: 0.2373349
2019-07-22 10:41:46,367 - [INFO] - Epoch:  128 | FVAL: 0.2373317
2019-07-22 10:41:53,988 - [INFO] - Epoch:  129 | FVAL: 0.2373283
2019-07-22 10:42:01,681 - [INFO] - Epoch:  130 | FVAL: 0.2373252
2019-07-22 10:42:09,253 - [INFO] - Epoch:  131 | FVAL: 0.2373220
2019-07-22 10:42:16,929 - [INFO] - Epoch:  132 | FVAL: 0.2373191
2019-07-22 10:42:24,526 - [INFO] - Epoch:  133 | FVAL: 0.2373161
2019-07-22 10:42:32,094 - [INFO] - Epoch:  134 | FVAL: 0.2373131
2019-07-22 10:42:39,761 - [INFO] - Epoch:  135 | FVAL: 0.2373103
2019-07-22 10:42:47,538 - [INFO] - Epoch:  136 | FVAL: 0.2373076
2019-07-22 10:42:55,213 - [INFO] - Epoch:  137 | FVAL: 0.2373048
2019-07-22 10:43:02,870 - [INFO] - Epoch:  138 | FVAL: 0.2373024
2019-07-22 10:43:10,607 - [INFO] - Epoch:  139 | FVAL: 0.2372997
2019-07-22 10:43:18,193 - [INFO] - Epoch:  140 | FVAL: 0.2372972
2019-07-22 10:43:25,879 - [INFO] - Epoch:  141 | FVAL: 0.2372946
2019-07-22 10:43:33,407 - [INFO] - Epoch:  142 | FVAL: 0.2372921
2019-07-22 10:43:41,030 - [INFO] - Epoch:  143 | FVAL: 0.2372898
2019-07-22 10:43:48,705 - [INFO] - Epoch:  144 | FVAL: 0.2372874
2019-07-22 10:43:56,239 - [INFO] - Epoch:  145 | FVAL: 0.2372852
2019-07-22 10:44:03,888 - [INFO] - Epoch:  146 | FVAL: 0.2372830
2019-07-22 10:44:11,547 - [INFO] - Epoch:  147 | FVAL: 0.2372807
2019-07-22 10:44:19,089 - [INFO] - Epoch:  148 | FVAL: 0.2372785
2019-07-22 10:44:26,718 - [INFO] - Epoch:  149 | FVAL: 0.2372764
2019-07-22 10:44:34,335 - [INFO] - Epoch:  150 | FVAL: 0.2372743
2019-07-22 10:44:41,930 - [INFO] - Epoch:  151 | FVAL: 0.2372724
2019-07-22 10:44:49,564 - [INFO] - Epoch:  152 | FVAL: 0.2372705
2019-07-22 10:44:57,217 - [INFO] - Epoch:  153 | FVAL: 0.2372684
2019-07-22 10:45:04,875 - [INFO] - Epoch:  154 | FVAL: 0.2372663
2019-07-22 10:45:12,510 - [INFO] - Epoch:  155 | FVAL: 0.2372643
2019-07-22 10:45:20,116 - [INFO] - Epoch:  156 | FVAL: 0.2372623
2019-07-22 10:45:27,726 - [INFO] - Epoch:  157 | FVAL: 0.2372603
2019-07-22 10:45:35,321 - [INFO] - Epoch:  158 | FVAL: 0.2372586
2019-07-22 10:45:42,957 - [INFO] - Epoch:  159 | FVAL: 0.2372567
2019-07-22 10:45:50,656 - [INFO] - Epoch:  160 | FVAL: 0.2372549
2019-07-22 10:45:58,143 - [INFO] - Epoch:  161 | FVAL: 0.2372531
2019-07-22 10:46:05,806 - [INFO] - Epoch:  162 | FVAL: 0.2372512
2019-07-22 10:46:13,321 - [INFO] - Epoch:  163 | FVAL: 0.2372495
2019-07-22 10:46:20,870 - [INFO] - Epoch:  164 | FVAL: 0.2372476
2019-07-22 10:46:28,257 - [INFO] - Epoch:  165 | FVAL: 0.2372457
2019-07-22 10:46:35,897 - [INFO] - Epoch:  166 | FVAL: 0.2372441
2019-07-22 10:46:43,481 - [INFO] - Epoch:  167 | FVAL: 0.2372423
2019-07-22 10:46:51,067 - [INFO] - Epoch:  168 | FVAL: 0.2372406
2019-07-22 10:46:58,665 - [INFO] - Epoch:  169 | FVAL: 0.2372391
2019-07-22 10:47:06,356 - [INFO] - Epoch:  170 | FVAL: 0.2372373
2019-07-22 10:47:14,063 - [INFO] - Epoch:  171 | FVAL: 0.2372356
2019-07-22 10:47:21,695 - [INFO] - Epoch:  172 | FVAL: 0.2372340
2019-07-22 10:47:29,231 - [INFO] - Epoch:  173 | FVAL: 0.2372325
2019-07-22 10:47:36,929 - [INFO] - Epoch:  174 | FVAL: 0.2372308
2019-07-22 10:47:44,492 - [INFO] - Epoch:  175 | FVAL: 0.2372291
2019-07-22 10:47:52,181 - [INFO] - Epoch:  176 | FVAL: 0.2372276
2019-07-22 10:48:00,062 - [INFO] - Epoch:  177 | FVAL: 0.2372260
2019-07-22 10:48:07,626 - [INFO] - Epoch:  178 | FVAL: 0.2372243
2019-07-22 10:48:15,315 - [INFO] - Epoch:  179 | FVAL: 0.2372228
2019-07-22 10:48:23,095 - [INFO] - Epoch:  180 | FVAL: 0.2372211
2019-07-22 10:48:30,708 - [INFO] - Epoch:  181 | FVAL: 0.2372195
2019-07-22 10:48:38,571 - [INFO] - Epoch:  182 | FVAL: 0.2372179
2019-07-22 10:48:46,108 - [INFO] - Epoch:  183 | FVAL: 0.2372164
2019-07-22 10:48:53,783 - [INFO] - Epoch:  184 | FVAL: 0.2372148
2019-07-22 10:49:01,362 - [INFO] - Epoch:  185 | FVAL: 0.2372133
2019-07-22 10:49:08,949 - [INFO] - Epoch:  186 | FVAL: 0.2372128
