2019-07-24 14:07:41,969 - [INFO] - apcg-- N:683 | d:10 | lambda:0.1
2019-07-24 14:07:41,969 - [INFO] - Function value sequence convergence criteria.
2019-07-24 14:07:41,970 - [INFO] - Epoch:    0 | FVAL: 0.3465736
2019-07-24 14:07:41,972 - [INFO] - Epoch:    1 | FVAL: 0.2899835
2019-07-24 14:07:41,975 - [INFO] - Epoch:    2 | FVAL: 0.2901129
2019-07-24 14:07:42,316 - [INFO] - apcg-- N:683 | d:10 | lambda:0.01
2019-07-24 14:07:42,316 - [INFO] - Function value sequence convergence criteria.
2019-07-24 14:07:42,316 - [INFO] - Epoch:    0 | FVAL: 0.3465736
2019-07-24 14:07:42,319 - [INFO] - Epoch:    1 | FVAL: 0.1056764
2019-07-24 14:07:42,322 - [INFO] - Epoch:    2 | FVAL: 0.1003947
2019-07-24 14:07:42,325 - [INFO] - Epoch:    3 | FVAL: 0.0985951
2019-07-24 14:07:42,328 - [INFO] - Epoch:    4 | FVAL: 0.0972552
2019-07-24 14:07:42,331 - [INFO] - Epoch:    5 | FVAL: 0.0959876
2019-07-24 14:07:42,335 - [INFO] - Epoch:    6 | FVAL: 0.0948905
2019-07-24 14:07:42,338 - [INFO] - Epoch:    7 | FVAL: 0.0942018
2019-07-24 14:07:42,341 - [INFO] - Epoch:    8 | FVAL: 0.0937804
2019-07-24 14:07:42,344 - [INFO] - Epoch:    9 | FVAL: 0.0935349
2019-07-24 14:07:42,347 - [INFO] - Epoch:   10 | FVAL: 0.0930769
2019-07-24 14:07:42,350 - [INFO] - Epoch:   11 | FVAL: 0.0926399
2019-07-24 14:07:42,353 - [INFO] - Epoch:   12 | FVAL: 0.0925627
2019-07-24 14:07:42,356 - [INFO] - Epoch:   13 | FVAL: 0.0924591
2019-07-24 14:07:42,360 - [INFO] - Epoch:   14 | FVAL: 0.0920022
2019-07-24 14:07:42,363 - [INFO] - Epoch:   15 | FVAL: 0.0917038
2019-07-24 14:07:42,366 - [INFO] - Epoch:   16 | FVAL: 0.0916217
2019-07-24 14:07:42,369 - [INFO] - Epoch:   17 | FVAL: 0.0913409
2019-07-24 14:07:42,372 - [INFO] - Epoch:   18 | FVAL: 0.0912105
2019-07-24 14:07:42,375 - [INFO] - Epoch:   19 | FVAL: 0.0910526
2019-07-24 14:07:42,379 - [INFO] - Epoch:   20 | FVAL: 0.0909472
2019-07-24 14:07:42,382 - [INFO] - Epoch:   21 | FVAL: 0.0908784
2019-07-24 14:07:42,385 - [INFO] - Epoch:   22 | FVAL: 0.0908380
2019-07-24 14:07:42,388 - [INFO] - Epoch:   23 | FVAL: 0.0908081
2019-07-24 14:07:42,391 - [INFO] - Epoch:   24 | FVAL: 0.0907952
2019-07-24 14:07:42,394 - [INFO] - Epoch:   25 | FVAL: 0.0907759
2019-07-24 14:07:42,398 - [INFO] - Epoch:   26 | FVAL: 0.0907500
2019-07-24 14:07:42,401 - [INFO] - Epoch:   27 | FVAL: 0.0907357
2019-07-24 14:07:42,404 - [INFO] - Epoch:   28 | FVAL: 0.0907209
2019-07-24 14:07:42,407 - [INFO] - Epoch:   29 | FVAL: 0.0907067
2019-07-24 14:07:42,410 - [INFO] - Epoch:   30 | FVAL: 0.0906980
2019-07-24 14:07:42,414 - [INFO] - Epoch:   31 | FVAL: 0.0906941
2019-07-24 14:07:42,417 - [INFO] - Epoch:   32 | FVAL: 0.0906899
2019-07-24 14:07:42,420 - [INFO] - Epoch:   33 | FVAL: 0.0906847
2019-07-24 14:07:42,423 - [INFO] - Epoch:   34 | FVAL: 0.0906808
2019-07-24 14:07:42,427 - [INFO] - Epoch:   35 | FVAL: 0.0906742
2019-07-24 14:07:42,430 - [INFO] - Epoch:   36 | FVAL: 0.0906707
2019-07-24 14:07:42,433 - [INFO] - Epoch:   37 | FVAL: 0.0906676
2019-07-24 14:07:42,436 - [INFO] - Epoch:   38 | FVAL: 0.0906642
2019-07-24 14:07:42,440 - [INFO] - Epoch:   39 | FVAL: 0.0906623
2019-07-24 14:07:42,443 - [INFO] - Epoch:   40 | FVAL: 0.0906607
2019-07-24 14:07:42,446 - [INFO] - Epoch:   41 | FVAL: 0.0906586
2019-07-24 14:07:42,449 - [INFO] - Epoch:   42 | FVAL: 0.0906576
2019-07-24 14:07:42,453 - [INFO] - Epoch:   43 | FVAL: 0.0906557
2019-07-24 14:07:42,456 - [INFO] - Epoch:   44 | FVAL: 0.0906545
2019-07-24 14:07:42,459 - [INFO] - Epoch:   45 | FVAL: 0.0906536
2019-07-24 14:07:42,872 - [INFO] - apcg-- N:683 | d:10 | lambda:0.001
2019-07-24 14:07:42,872 - [INFO] - Function value sequence convergence criteria.
2019-07-24 14:07:42,872 - [INFO] - Epoch:    0 | FVAL: 0.3465736
2019-07-24 14:07:42,875 - [INFO] - Epoch:    1 | FVAL: 0.0774891
2019-07-24 14:07:42,878 - [INFO] - Epoch:    2 | FVAL: 0.0611780
2019-07-24 14:07:42,881 - [INFO] - Epoch:    3 | FVAL: 0.0565955
2019-07-24 14:07:42,885 - [INFO] - Epoch:    4 | FVAL: 0.0542607
2019-07-24 14:07:42,888 - [INFO] - Epoch:    5 | FVAL: 0.0529139
2019-07-24 14:07:42,891 - [INFO] - Epoch:    6 | FVAL: 0.0522890
2019-07-24 14:07:42,894 - [INFO] - Epoch:    7 | FVAL: 0.0509888
2019-07-24 14:07:42,897 - [INFO] - Epoch:    8 | FVAL: 0.0504314
2019-07-24 14:07:42,900 - [INFO] - Epoch:    9 | FVAL: 0.0497649
2019-07-24 14:07:42,904 - [INFO] - Epoch:   10 | FVAL: 0.0492723
2019-07-24 14:07:42,907 - [INFO] - Epoch:   11 | FVAL: 0.0489539
2019-07-24 14:07:42,910 - [INFO] - Epoch:   12 | FVAL: 0.0486139
2019-07-24 14:07:42,913 - [INFO] - Epoch:   13 | FVAL: 0.0481936
2019-07-24 14:07:42,917 - [INFO] - Epoch:   14 | FVAL: 0.0479563
2019-07-24 14:07:42,920 - [INFO] - Epoch:   15 | FVAL: 0.0476345
2019-07-24 14:07:42,923 - [INFO] - Epoch:   16 | FVAL: 0.0473807
2019-07-24 14:07:42,926 - [INFO] - Epoch:   17 | FVAL: 0.0471154
2019-07-24 14:07:42,929 - [INFO] - Epoch:   18 | FVAL: 0.0469366
2019-07-24 14:07:42,933 - [INFO] - Epoch:   19 | FVAL: 0.0467982
2019-07-24 14:07:42,936 - [INFO] - Epoch:   20 | FVAL: 0.0467170
2019-07-24 14:07:42,939 - [INFO] - Epoch:   21 | FVAL: 0.0465917
2019-07-24 14:07:42,942 - [INFO] - Epoch:   22 | FVAL: 0.0464157
2019-07-24 14:07:42,946 - [INFO] - Epoch:   23 | FVAL: 0.0463546
2019-07-24 14:07:42,949 - [INFO] - Epoch:   24 | FVAL: 0.0462663
2019-07-24 14:07:42,952 - [INFO] - Epoch:   25 | FVAL: 0.0461891
2019-07-24 14:07:42,955 - [INFO] - Epoch:   26 | FVAL: 0.0461372
2019-07-24 14:07:42,959 - [INFO] - Epoch:   27 | FVAL: 0.0460725
2019-07-24 14:07:42,962 - [INFO] - Epoch:   28 | FVAL: 0.0459866
2019-07-24 14:07:42,965 - [INFO] - Epoch:   29 | FVAL: 0.0458965
2019-07-24 14:07:42,968 - [INFO] - Epoch:   30 | FVAL: 0.0458127
2019-07-24 14:07:42,972 - [INFO] - Epoch:   31 | FVAL: 0.0457258
2019-07-24 14:07:42,975 - [INFO] - Epoch:   32 | FVAL: 0.0456816
2019-07-24 14:07:42,978 - [INFO] - Epoch:   33 | FVAL: 0.0456475
2019-07-24 14:07:42,981 - [INFO] - Epoch:   34 | FVAL: 0.0455914
2019-07-24 14:07:42,985 - [INFO] - Epoch:   35 | FVAL: 0.0455624
2019-07-24 14:07:42,988 - [INFO] - Epoch:   36 | FVAL: 0.0455443
2019-07-24 14:07:42,991 - [INFO] - Epoch:   37 | FVAL: 0.0454884
2019-07-24 14:07:42,995 - [INFO] - Epoch:   38 | FVAL: 0.0454760
2019-07-24 14:07:42,998 - [INFO] - Epoch:   39 | FVAL: 0.0454458
2019-07-24 14:07:43,001 - [INFO] - Epoch:   40 | FVAL: 0.0454169
2019-07-24 14:07:43,005 - [INFO] - Epoch:   41 | FVAL: 0.0453907
2019-07-24 14:07:43,008 - [INFO] - Epoch:   42 | FVAL: 0.0453630
2019-07-24 14:07:43,011 - [INFO] - Epoch:   43 | FVAL: 0.0453246
2019-07-24 14:07:43,015 - [INFO] - Epoch:   44 | FVAL: 0.0453009
2019-07-24 14:07:43,018 - [INFO] - Epoch:   45 | FVAL: 0.0452815
2019-07-24 14:07:43,021 - [INFO] - Epoch:   46 | FVAL: 0.0452597
2019-07-24 14:07:43,025 - [INFO] - Epoch:   47 | FVAL: 0.0452410
2019-07-24 14:07:43,028 - [INFO] - Epoch:   48 | FVAL: 0.0452106
2019-07-24 14:07:43,031 - [INFO] - Epoch:   49 | FVAL: 0.0451945
2019-07-24 14:07:43,035 - [INFO] - Epoch:   50 | FVAL: 0.0451784
2019-07-24 14:07:43,038 - [INFO] - Epoch:   51 | FVAL: 0.0451707
2019-07-24 14:07:43,041 - [INFO] - Epoch:   52 | FVAL: 0.0451568
2019-07-24 14:07:43,045 - [INFO] - Epoch:   53 | FVAL: 0.0451514
2019-07-24 14:07:43,048 - [INFO] - Epoch:   54 | FVAL: 0.0451473
2019-07-24 14:07:43,052 - [INFO] - Epoch:   55 | FVAL: 0.0451448
2019-07-24 14:07:43,055 - [INFO] - Epoch:   56 | FVAL: 0.0451261
2019-07-24 14:07:43,058 - [INFO] - Epoch:   57 | FVAL: 0.0451158
2019-07-24 14:07:43,062 - [INFO] - Epoch:   58 | FVAL: 0.0451075
2019-07-24 14:07:43,065 - [INFO] - Epoch:   59 | FVAL: 0.0450982
2019-07-24 14:07:43,069 - [INFO] - Epoch:   60 | FVAL: 0.0450853
2019-07-24 14:07:43,072 - [INFO] - Epoch:   61 | FVAL: 0.0450764
2019-07-24 14:07:43,075 - [INFO] - Epoch:   62 | FVAL: 0.0450668
2019-07-24 14:07:43,079 - [INFO] - Epoch:   63 | FVAL: 0.0450638
2019-07-24 14:07:43,082 - [INFO] - Epoch:   64 | FVAL: 0.0450570
2019-07-24 14:07:43,086 - [INFO] - Epoch:   65 | FVAL: 0.0450508
2019-07-24 14:07:43,089 - [INFO] - Epoch:   66 | FVAL: 0.0450441
2019-07-24 14:07:43,093 - [INFO] - Epoch:   67 | FVAL: 0.0450327
2019-07-24 14:07:43,096 - [INFO] - Epoch:   68 | FVAL: 0.0450235
2019-07-24 14:07:43,099 - [INFO] - Epoch:   69 | FVAL: 0.0450203
2019-07-24 14:07:43,103 - [INFO] - Epoch:   70 | FVAL: 0.0450115
2019-07-24 14:07:43,106 - [INFO] - Epoch:   71 | FVAL: 0.0450053
2019-07-24 14:07:43,110 - [INFO] - Epoch:   72 | FVAL: 0.0450026
2019-07-24 14:07:43,113 - [INFO] - Epoch:   73 | FVAL: 0.0450009
2019-07-24 14:07:43,117 - [INFO] - Epoch:   74 | FVAL: 0.0449931
2019-07-24 14:07:43,120 - [INFO] - Epoch:   75 | FVAL: 0.0449883
2019-07-24 14:07:43,124 - [INFO] - Epoch:   76 | FVAL: 0.0449838
2019-07-24 14:07:43,127 - [INFO] - Epoch:   77 | FVAL: 0.0449800
2019-07-24 14:07:43,131 - [INFO] - Epoch:   78 | FVAL: 0.0449715
2019-07-24 14:07:43,134 - [INFO] - Epoch:   79 | FVAL: 0.0449630
2019-07-24 14:07:43,138 - [INFO] - Epoch:   80 | FVAL: 0.0449613
2019-07-24 14:07:43,141 - [INFO] - Epoch:   81 | FVAL: 0.0449566
2019-07-24 14:07:43,145 - [INFO] - Epoch:   82 | FVAL: 0.0449523
2019-07-24 14:07:43,148 - [INFO] - Epoch:   83 | FVAL: 0.0449490
2019-07-24 14:07:43,152 - [INFO] - Epoch:   84 | FVAL: 0.0449470
2019-07-24 14:07:43,155 - [INFO] - Epoch:   85 | FVAL: 0.0449441
2019-07-24 14:07:43,159 - [INFO] - Epoch:   86 | FVAL: 0.0449420
2019-07-24 14:07:43,162 - [INFO] - Epoch:   87 | FVAL: 0.0449405
2019-07-24 14:07:43,166 - [INFO] - Epoch:   88 | FVAL: 0.0449397
2019-07-24 14:07:43,887 - [INFO] - apcg-- N:683 | d:10 | lambda:0.0001
2019-07-24 14:07:43,887 - [INFO] - Function value sequence convergence criteria.
2019-07-24 14:07:43,887 - [INFO] - Epoch:    0 | FVAL: 0.3465736
2019-07-24 14:07:43,890 - [INFO] - Epoch:    1 | FVAL: 0.0705957
2019-07-24 14:07:43,893 - [INFO] - Epoch:    2 | FVAL: 0.0538858
2019-07-24 14:07:43,896 - [INFO] - Epoch:    3 | FVAL: 0.0507236
2019-07-24 14:07:43,900 - [INFO] - Epoch:    4 | FVAL: 0.0472717
2019-07-24 14:07:43,903 - [INFO] - Epoch:    5 | FVAL: 0.0457431
2019-07-24 14:07:43,906 - [INFO] - Epoch:    6 | FVAL: 0.0451363
2019-07-24 14:07:43,909 - [INFO] - Epoch:    7 | FVAL: 0.0440724
2019-07-24 14:07:43,912 - [INFO] - Epoch:    8 | FVAL: 0.0435988
2019-07-24 14:07:43,916 - [INFO] - Epoch:    9 | FVAL: 0.0432817
2019-07-24 14:07:43,919 - [INFO] - Epoch:   10 | FVAL: 0.0427693
2019-07-24 14:07:43,922 - [INFO] - Epoch:   11 | FVAL: 0.0423351
2019-07-24 14:07:43,925 - [INFO] - Epoch:   12 | FVAL: 0.0419935
2019-07-24 14:07:43,928 - [INFO] - Epoch:   13 | FVAL: 0.0415045
2019-07-24 14:07:43,932 - [INFO] - Epoch:   14 | FVAL: 0.0412669
2019-07-24 14:07:43,935 - [INFO] - Epoch:   15 | FVAL: 0.0410640
2019-07-24 14:07:43,938 - [INFO] - Epoch:   16 | FVAL: 0.0408843
2019-07-24 14:07:43,941 - [INFO] - Epoch:   17 | FVAL: 0.0407807
2019-07-24 14:07:43,945 - [INFO] - Epoch:   18 | FVAL: 0.0405574
2019-07-24 14:07:43,948 - [INFO] - Epoch:   19 | FVAL: 0.0404622
2019-07-24 14:07:43,951 - [INFO] - Epoch:   20 | FVAL: 0.0402991
2019-07-24 14:07:43,954 - [INFO] - Epoch:   21 | FVAL: 0.0401704
2019-07-24 14:07:43,958 - [INFO] - Epoch:   22 | FVAL: 0.0401271
2019-07-24 14:07:43,961 - [INFO] - Epoch:   23 | FVAL: 0.0400809
2019-07-24 14:07:43,964 - [INFO] - Epoch:   24 | FVAL: 0.0399029
2019-07-24 14:07:43,967 - [INFO] - Epoch:   25 | FVAL: 0.0398095
2019-07-24 14:07:43,971 - [INFO] - Epoch:   26 | FVAL: 0.0397184
2019-07-24 14:07:43,974 - [INFO] - Epoch:   27 | FVAL: 0.0396344
2019-07-24 14:07:43,977 - [INFO] - Epoch:   28 | FVAL: 0.0395728
2019-07-24 14:07:43,980 - [INFO] - Epoch:   29 | FVAL: 0.0395147
2019-07-24 14:07:43,984 - [INFO] - Epoch:   30 | FVAL: 0.0394467
2019-07-24 14:07:43,987 - [INFO] - Epoch:   31 | FVAL: 0.0394311
2019-07-24 14:07:43,990 - [INFO] - Epoch:   32 | FVAL: 0.0393775
2019-07-24 14:07:43,994 - [INFO] - Epoch:   33 | FVAL: 0.0393285
2019-07-24 14:07:43,997 - [INFO] - Epoch:   34 | FVAL: 0.0392790
2019-07-24 14:07:44,000 - [INFO] - Epoch:   35 | FVAL: 0.0392372
2019-07-24 14:07:44,003 - [INFO] - Epoch:   36 | FVAL: 0.0391828
2019-07-24 14:07:44,007 - [INFO] - Epoch:   37 | FVAL: 0.0391393
2019-07-24 14:07:44,010 - [INFO] - Epoch:   38 | FVAL: 0.0390893
2019-07-24 14:07:44,013 - [INFO] - Epoch:   39 | FVAL: 0.0390736
2019-07-24 14:07:44,017 - [INFO] - Epoch:   40 | FVAL: 0.0390556
2019-07-24 14:07:44,020 - [INFO] - Epoch:   41 | FVAL: 0.0390273
2019-07-24 14:07:44,023 - [INFO] - Epoch:   42 | FVAL: 0.0389956
2019-07-24 14:07:44,027 - [INFO] - Epoch:   43 | FVAL: 0.0389743
2019-07-24 14:07:44,030 - [INFO] - Epoch:   44 | FVAL: 0.0389506
2019-07-24 14:07:44,033 - [INFO] - Epoch:   45 | FVAL: 0.0389420
2019-07-24 14:07:44,037 - [INFO] - Epoch:   46 | FVAL: 0.0389144
2019-07-24 14:07:44,040 - [INFO] - Epoch:   47 | FVAL: 0.0388932
2019-07-24 14:07:44,043 - [INFO] - Epoch:   48 | FVAL: 0.0388668
2019-07-24 14:07:44,047 - [INFO] - Epoch:   49 | FVAL: 0.0388451
2019-07-24 14:07:44,050 - [INFO] - Epoch:   50 | FVAL: 0.0388346
2019-07-24 14:07:44,054 - [INFO] - Epoch:   51 | FVAL: 0.0388273
2019-07-24 14:07:44,057 - [INFO] - Epoch:   52 | FVAL: 0.0388178
2019-07-24 14:07:44,060 - [INFO] - Epoch:   53 | FVAL: 0.0387984
2019-07-24 14:07:44,064 - [INFO] - Epoch:   54 | FVAL: 0.0387858
2019-07-24 14:07:44,067 - [INFO] - Epoch:   55 | FVAL: 0.0387752
2019-07-24 14:07:44,071 - [INFO] - Epoch:   56 | FVAL: 0.0387621
2019-07-24 14:07:44,074 - [INFO] - Epoch:   57 | FVAL: 0.0387452
2019-07-24 14:07:44,077 - [INFO] - Epoch:   58 | FVAL: 0.0387334
2019-07-24 14:07:44,081 - [INFO] - Epoch:   59 | FVAL: 0.0387262
2019-07-24 14:07:44,084 - [INFO] - Epoch:   60 | FVAL: 0.0387160
2019-07-24 14:07:44,088 - [INFO] - Epoch:   61 | FVAL: 0.0387118
2019-07-24 14:07:44,091 - [INFO] - Epoch:   62 | FVAL: 0.0387022
2019-07-24 14:07:44,095 - [INFO] - Epoch:   63 | FVAL: 0.0386946
2019-07-24 14:07:44,098 - [INFO] - Epoch:   64 | FVAL: 0.0386842
2019-07-24 14:07:44,101 - [INFO] - Epoch:   65 | FVAL: 0.0386770
2019-07-24 14:07:44,105 - [INFO] - Epoch:   66 | FVAL: 0.0386743
2019-07-24 14:07:44,108 - [INFO] - Epoch:   67 | FVAL: 0.0386695
2019-07-24 14:07:44,112 - [INFO] - Epoch:   68 | FVAL: 0.0386677
2019-07-24 14:07:44,115 - [INFO] - Epoch:   69 | FVAL: 0.0386584
2019-07-24 14:07:44,119 - [INFO] - Epoch:   70 | FVAL: 0.0386506
2019-07-24 14:07:44,122 - [INFO] - Epoch:   71 | FVAL: 0.0386399
2019-07-24 14:07:44,126 - [INFO] - Epoch:   72 | FVAL: 0.0386350
2019-07-24 14:07:44,129 - [INFO] - Epoch:   73 | FVAL: 0.0386284
2019-07-24 14:07:44,133 - [INFO] - Epoch:   74 | FVAL: 0.0386208
2019-07-24 14:07:44,136 - [INFO] - Epoch:   75 | FVAL: 0.0386180
2019-07-24 14:07:44,140 - [INFO] - Epoch:   76 | FVAL: 0.0386149
2019-07-24 14:07:44,143 - [INFO] - Epoch:   77 | FVAL: 0.0386106
2019-07-24 14:07:44,147 - [INFO] - Epoch:   78 | FVAL: 0.0386036
2019-07-24 14:07:44,150 - [INFO] - Epoch:   79 | FVAL: 0.0385985
2019-07-24 14:07:44,154 - [INFO] - Epoch:   80 | FVAL: 0.0385913
2019-07-24 14:07:44,157 - [INFO] - Epoch:   81 | FVAL: 0.0385868
2019-07-24 14:07:44,161 - [INFO] - Epoch:   82 | FVAL: 0.0385816
2019-07-24 14:07:44,164 - [INFO] - Epoch:   83 | FVAL: 0.0385787
2019-07-24 14:07:44,168 - [INFO] - Epoch:   84 | FVAL: 0.0385765
2019-07-24 14:07:44,171 - [INFO] - Epoch:   85 | FVAL: 0.0385736
2019-07-24 14:07:44,175 - [INFO] - Epoch:   86 | FVAL: 0.0385706
2019-07-24 14:07:44,178 - [INFO] - Epoch:   87 | FVAL: 0.0385660
2019-07-24 14:07:44,182 - [INFO] - Epoch:   88 | FVAL: 0.0385626
2019-07-24 14:07:44,185 - [INFO] - Epoch:   89 | FVAL: 0.0385584
2019-07-24 14:07:44,189 - [INFO] - Epoch:   90 | FVAL: 0.0385566
2019-07-24 14:07:44,192 - [INFO] - Epoch:   91 | FVAL: 0.0385530
2019-07-24 14:07:44,196 - [INFO] - Epoch:   92 | FVAL: 0.0385461
2019-07-24 14:07:44,199 - [INFO] - Epoch:   93 | FVAL: 0.0385407
2019-07-24 14:07:44,203 - [INFO] - Epoch:   94 | FVAL: 0.0385394
2019-07-24 14:07:44,207 - [INFO] - Epoch:   95 | FVAL: 0.0385377
2019-07-24 14:07:44,210 - [INFO] - Epoch:   96 | FVAL: 0.0385339
2019-07-24 14:07:44,214 - [INFO] - Epoch:   97 | FVAL: 0.0385305
2019-07-24 14:07:44,217 - [INFO] - Epoch:   98 | FVAL: 0.0385281
2019-07-24 14:07:44,221 - [INFO] - Epoch:   99 | FVAL: 0.0385269
2019-07-24 14:07:44,224 - [INFO] - Epoch:  100 | FVAL: 0.0385258
2019-07-24 14:07:44,228 - [INFO] - Epoch:  101 | FVAL: 0.0385230
2019-07-24 14:07:44,232 - [INFO] - Epoch:  102 | FVAL: 0.0385218
2019-07-24 14:07:44,235 - [INFO] - Epoch:  103 | FVAL: 0.0385179
2019-07-24 14:07:44,239 - [INFO] - Epoch:  104 | FVAL: 0.0385153
2019-07-24 14:07:44,243 - [INFO] - Epoch:  105 | FVAL: 0.0385140
2019-07-24 14:07:44,246 - [INFO] - Epoch:  106 | FVAL: 0.0385110
2019-07-24 14:07:44,250 - [INFO] - Epoch:  107 | FVAL: 0.0385085
2019-07-24 14:07:44,253 - [INFO] - Epoch:  108 | FVAL: 0.0385071
2019-07-24 14:07:44,257 - [INFO] - Epoch:  109 | FVAL: 0.0385056
2019-07-24 14:07:44,261 - [INFO] - Epoch:  110 | FVAL: 0.0385036
2019-07-24 14:07:44,264 - [INFO] - Epoch:  111 | FVAL: 0.0385023
2019-07-24 14:07:44,268 - [INFO] - Epoch:  112 | FVAL: 0.0385007
2019-07-24 14:07:44,272 - [INFO] - Epoch:  113 | FVAL: 0.0384989
2019-07-24 14:07:44,275 - [INFO] - Epoch:  114 | FVAL: 0.0384967
2019-07-24 14:07:44,279 - [INFO] - Epoch:  115 | FVAL: 0.0384950
2019-07-24 14:07:44,283 - [INFO] - Epoch:  116 | FVAL: 0.0384937
2019-07-24 14:07:44,286 - [INFO] - Epoch:  117 | FVAL: 0.0384916
2019-07-24 14:07:44,290 - [INFO] - Epoch:  118 | FVAL: 0.0384907
2019-07-24 14:07:45,020 - [INFO] - apcg-- N:683 | d:10 | lambda:1e-05
2019-07-24 14:07:45,021 - [INFO] - Function value sequence convergence criteria.
2019-07-24 14:07:45,021 - [INFO] - Epoch:    0 | FVAL: 0.3465736
2019-07-24 14:07:45,024 - [INFO] - Epoch:    1 | FVAL: 0.0555893
2019-07-24 14:07:45,027 - [INFO] - Epoch:    2 | FVAL: 0.0470982
2019-07-24 14:07:45,030 - [INFO] - Epoch:    3 | FVAL: 0.0434884
2019-07-24 14:07:45,034 - [INFO] - Epoch:    4 | FVAL: 0.0424490
2019-07-24 14:07:45,037 - [INFO] - Epoch:    5 | FVAL: 0.0415649
2019-07-24 14:07:45,040 - [INFO] - Epoch:    6 | FVAL: 0.0410242
2019-07-24 14:07:45,043 - [INFO] - Epoch:    7 | FVAL: 0.0404990
2019-07-24 14:07:45,046 - [INFO] - Epoch:    8 | FVAL: 0.0400548
2019-07-24 14:07:45,050 - [INFO] - Epoch:    9 | FVAL: 0.0397556
2019-07-24 14:07:45,053 - [INFO] - Epoch:   10 | FVAL: 0.0395553
2019-07-24 14:07:45,056 - [INFO] - Epoch:   11 | FVAL: 0.0393585
2019-07-24 14:07:45,059 - [INFO] - Epoch:   12 | FVAL: 0.0391743
2019-07-24 14:07:45,063 - [INFO] - Epoch:   13 | FVAL: 0.0390714
2019-07-24 14:07:45,066 - [INFO] - Epoch:   14 | FVAL: 0.0389928
2019-07-24 14:07:45,069 - [INFO] - Epoch:   15 | FVAL: 0.0388359
2019-07-24 14:07:45,072 - [INFO] - Epoch:   16 | FVAL: 0.0387916
2019-07-24 14:07:45,076 - [INFO] - Epoch:   17 | FVAL: 0.0387319
2019-07-24 14:07:45,079 - [INFO] - Epoch:   18 | FVAL: 0.0386795
2019-07-24 14:07:45,082 - [INFO] - Epoch:   19 | FVAL: 0.0386210
2019-07-24 14:07:45,086 - [INFO] - Epoch:   20 | FVAL: 0.0385440
2019-07-24 14:07:45,089 - [INFO] - Epoch:   21 | FVAL: 0.0384764
2019-07-24 14:07:45,092 - [INFO] - Epoch:   22 | FVAL: 0.0384324
2019-07-24 14:07:45,095 - [INFO] - Epoch:   23 | FVAL: 0.0383784
2019-07-24 14:07:45,099 - [INFO] - Epoch:   24 | FVAL: 0.0383563
2019-07-24 14:07:45,102 - [INFO] - Epoch:   25 | FVAL: 0.0383039
2019-07-24 14:07:45,105 - [INFO] - Epoch:   26 | FVAL: 0.0382592
2019-07-24 14:07:45,109 - [INFO] - Epoch:   27 | FVAL: 0.0382338
2019-07-24 14:07:45,112 - [INFO] - Epoch:   28 | FVAL: 0.0382132
2019-07-24 14:07:45,115 - [INFO] - Epoch:   29 | FVAL: 0.0381826
2019-07-24 14:07:45,119 - [INFO] - Epoch:   30 | FVAL: 0.0381739
2019-07-24 14:07:45,122 - [INFO] - Epoch:   31 | FVAL: 0.0381574
2019-07-24 14:07:45,125 - [INFO] - Epoch:   32 | FVAL: 0.0381370
2019-07-24 14:07:45,129 - [INFO] - Epoch:   33 | FVAL: 0.0381118
2019-07-24 14:07:45,132 - [INFO] - Epoch:   34 | FVAL: 0.0380894
2019-07-24 14:07:45,135 - [INFO] - Epoch:   35 | FVAL: 0.0380753
2019-07-24 14:07:45,139 - [INFO] - Epoch:   36 | FVAL: 0.0380571
2019-07-24 14:07:45,142 - [INFO] - Epoch:   37 | FVAL: 0.0380404
2019-07-24 14:07:45,145 - [INFO] - Epoch:   38 | FVAL: 0.0380210
2019-07-24 14:07:45,149 - [INFO] - Epoch:   39 | FVAL: 0.0380072
2019-07-24 14:07:45,152 - [INFO] - Epoch:   40 | FVAL: 0.0379939
2019-07-24 14:07:45,155 - [INFO] - Epoch:   41 | FVAL: 0.0379841
2019-07-24 14:07:45,159 - [INFO] - Epoch:   42 | FVAL: 0.0379774
2019-07-24 14:07:45,162 - [INFO] - Epoch:   43 | FVAL: 0.0379616
2019-07-24 14:07:45,166 - [INFO] - Epoch:   44 | FVAL: 0.0379567
2019-07-24 14:07:45,169 - [INFO] - Epoch:   45 | FVAL: 0.0379501
2019-07-24 14:07:45,172 - [INFO] - Epoch:   46 | FVAL: 0.0379423
2019-07-24 14:07:45,176 - [INFO] - Epoch:   47 | FVAL: 0.0379369
2019-07-24 14:07:45,179 - [INFO] - Epoch:   48 | FVAL: 0.0379310
2019-07-24 14:07:45,182 - [INFO] - Epoch:   49 | FVAL: 0.0379229
2019-07-24 14:07:45,186 - [INFO] - Epoch:   50 | FVAL: 0.0379202
2019-07-24 14:07:45,189 - [INFO] - Epoch:   51 | FVAL: 0.0379147
2019-07-24 14:07:45,193 - [INFO] - Epoch:   52 | FVAL: 0.0379078
2019-07-24 14:07:45,196 - [INFO] - Epoch:   53 | FVAL: 0.0379037
2019-07-24 14:07:45,200 - [INFO] - Epoch:   54 | FVAL: 0.0379001
2019-07-24 14:07:45,203 - [INFO] - Epoch:   55 | FVAL: 0.0378935
2019-07-24 14:07:45,206 - [INFO] - Epoch:   56 | FVAL: 0.0378903
2019-07-24 14:07:45,210 - [INFO] - Epoch:   57 | FVAL: 0.0378862
2019-07-24 14:07:45,213 - [INFO] - Epoch:   58 | FVAL: 0.0378845
2019-07-24 14:07:45,217 - [INFO] - Epoch:   59 | FVAL: 0.0378804
2019-07-24 14:07:45,220 - [INFO] - Epoch:   60 | FVAL: 0.0378780
2019-07-24 14:07:45,224 - [INFO] - Epoch:   61 | FVAL: 0.0378758
2019-07-24 14:07:45,227 - [INFO] - Epoch:   62 | FVAL: 0.0378739
2019-07-24 14:07:45,231 - [INFO] - Epoch:   63 | FVAL: 0.0378715
2019-07-24 14:07:45,234 - [INFO] - Epoch:   64 | FVAL: 0.0378708
2019-07-24 14:07:46,060 - [INFO] - apcg-- N:683 | d:10 | lambda:1e-06
2019-07-24 14:07:46,061 - [INFO] - Function value sequence convergence criteria.
2019-07-24 14:07:46,061 - [INFO] - Epoch:    0 | FVAL: 0.3465736
2019-07-24 14:07:46,064 - [INFO] - Epoch:    1 | FVAL: 0.0703324
2019-07-24 14:07:46,067 - [INFO] - Epoch:    2 | FVAL: 0.0576409
2019-07-24 14:07:46,070 - [INFO] - Epoch:    3 | FVAL: 0.0546943
2019-07-24 14:07:46,073 - [INFO] - Epoch:    4 | FVAL: 0.0507182
2019-07-24 14:07:46,077 - [INFO] - Epoch:    5 | FVAL: 0.0481029
2019-07-24 14:07:46,080 - [INFO] - Epoch:    6 | FVAL: 0.0472009
2019-07-24 14:07:46,083 - [INFO] - Epoch:    7 | FVAL: 0.0465007
2019-07-24 14:07:46,086 - [INFO] - Epoch:    8 | FVAL: 0.0451007
2019-07-24 14:07:46,090 - [INFO] - Epoch:    9 | FVAL: 0.0444852
2019-07-24 14:07:46,093 - [INFO] - Epoch:   10 | FVAL: 0.0441894
2019-07-24 14:07:46,096 - [INFO] - Epoch:   11 | FVAL: 0.0438643
2019-07-24 14:07:46,099 - [INFO] - Epoch:   12 | FVAL: 0.0435061
2019-07-24 14:07:46,103 - [INFO] - Epoch:   13 | FVAL: 0.0428869
2019-07-24 14:07:46,106 - [INFO] - Epoch:   14 | FVAL: 0.0422756
2019-07-24 14:07:46,109 - [INFO] - Epoch:   15 | FVAL: 0.0415871
2019-07-24 14:07:46,113 - [INFO] - Epoch:   16 | FVAL: 0.0412368
2019-07-24 14:07:46,116 - [INFO] - Epoch:   17 | FVAL: 0.0407868
2019-07-24 14:07:46,119 - [INFO] - Epoch:   18 | FVAL: 0.0405523
2019-07-24 14:07:46,123 - [INFO] - Epoch:   19 | FVAL: 0.0403865
2019-07-24 14:07:46,126 - [INFO] - Epoch:   20 | FVAL: 0.0402580
2019-07-24 14:07:46,129 - [INFO] - Epoch:   21 | FVAL: 0.0400633
2019-07-24 14:07:46,132 - [INFO] - Epoch:   22 | FVAL: 0.0399812
2019-07-24 14:07:46,136 - [INFO] - Epoch:   23 | FVAL: 0.0397846
2019-07-24 14:07:46,139 - [INFO] - Epoch:   24 | FVAL: 0.0396104
2019-07-24 14:07:46,142 - [INFO] - Epoch:   25 | FVAL: 0.0394737
2019-07-24 14:07:46,146 - [INFO] - Epoch:   26 | FVAL: 0.0393372
2019-07-24 14:07:46,149 - [INFO] - Epoch:   27 | FVAL: 0.0392812
2019-07-24 14:07:46,152 - [INFO] - Epoch:   28 | FVAL: 0.0391449
2019-07-24 14:07:46,156 - [INFO] - Epoch:   29 | FVAL: 0.0390375
2019-07-24 14:07:46,159 - [INFO] - Epoch:   30 | FVAL: 0.0389412
2019-07-24 14:07:46,163 - [INFO] - Epoch:   31 | FVAL: 0.0388937
2019-07-24 14:07:46,166 - [INFO] - Epoch:   32 | FVAL: 0.0388042
2019-07-24 14:07:46,169 - [INFO] - Epoch:   33 | FVAL: 0.0387575
2019-07-24 14:07:46,173 - [INFO] - Epoch:   34 | FVAL: 0.0386848
2019-07-24 14:07:46,176 - [INFO] - Epoch:   35 | FVAL: 0.0386056
2019-07-24 14:07:46,179 - [INFO] - Epoch:   36 | FVAL: 0.0385544
2019-07-24 14:07:46,183 - [INFO] - Epoch:   37 | FVAL: 0.0384991
2019-07-24 14:07:46,186 - [INFO] - Epoch:   38 | FVAL: 0.0384520
2019-07-24 14:07:46,189 - [INFO] - Epoch:   39 | FVAL: 0.0383760
2019-07-24 14:07:46,193 - [INFO] - Epoch:   40 | FVAL: 0.0383355
2019-07-24 14:07:46,196 - [INFO] - Epoch:   41 | FVAL: 0.0383049
2019-07-24 14:07:46,200 - [INFO] - Epoch:   42 | FVAL: 0.0382758
2019-07-24 14:07:46,203 - [INFO] - Epoch:   43 | FVAL: 0.0382477
2019-07-24 14:07:46,206 - [INFO] - Epoch:   44 | FVAL: 0.0382319
2019-07-24 14:07:46,210 - [INFO] - Epoch:   45 | FVAL: 0.0381979
2019-07-24 14:07:46,213 - [INFO] - Epoch:   46 | FVAL: 0.0381820
2019-07-24 14:07:46,217 - [INFO] - Epoch:   47 | FVAL: 0.0381588
2019-07-24 14:07:46,220 - [INFO] - Epoch:   48 | FVAL: 0.0381345
2019-07-24 14:07:46,223 - [INFO] - Epoch:   49 | FVAL: 0.0381094
2019-07-24 14:07:46,227 - [INFO] - Epoch:   50 | FVAL: 0.0380870
2019-07-24 14:07:46,230 - [INFO] - Epoch:   51 | FVAL: 0.0380582
2019-07-24 14:07:46,234 - [INFO] - Epoch:   52 | FVAL: 0.0380458
2019-07-24 14:07:46,237 - [INFO] - Epoch:   53 | FVAL: 0.0380363
2019-07-24 14:07:46,241 - [INFO] - Epoch:   54 | FVAL: 0.0380126
2019-07-24 14:07:46,244 - [INFO] - Epoch:   55 | FVAL: 0.0379973
2019-07-24 14:07:46,248 - [INFO] - Epoch:   56 | FVAL: 0.0379815
2019-07-24 14:07:46,251 - [INFO] - Epoch:   57 | FVAL: 0.0379688
2019-07-24 14:07:46,255 - [INFO] - Epoch:   58 | FVAL: 0.0379620
2019-07-24 14:07:46,258 - [INFO] - Epoch:   59 | FVAL: 0.0379387
2019-07-24 14:07:46,262 - [INFO] - Epoch:   60 | FVAL: 0.0379201
2019-07-24 14:07:46,265 - [INFO] - Epoch:   61 | FVAL: 0.0379049
2019-07-24 14:07:46,269 - [INFO] - Epoch:   62 | FVAL: 0.0378944
2019-07-24 14:07:46,272 - [INFO] - Epoch:   63 | FVAL: 0.0378915
2019-07-24 14:07:46,276 - [INFO] - Epoch:   64 | FVAL: 0.0378837
2019-07-24 14:07:46,279 - [INFO] - Epoch:   65 | FVAL: 0.0378782
2019-07-24 14:07:46,283 - [INFO] - Epoch:   66 | FVAL: 0.0378736
2019-07-24 14:07:46,286 - [INFO] - Epoch:   67 | FVAL: 0.0378687
2019-07-24 14:07:46,290 - [INFO] - Epoch:   68 | FVAL: 0.0378635
2019-07-24 14:07:46,293 - [INFO] - Epoch:   69 | FVAL: 0.0378529
2019-07-24 14:07:46,297 - [INFO] - Epoch:   70 | FVAL: 0.0378489
2019-07-24 14:07:46,300 - [INFO] - Epoch:   71 | FVAL: 0.0378450
2019-07-24 14:07:46,304 - [INFO] - Epoch:   72 | FVAL: 0.0378424
2019-07-24 14:07:46,307 - [INFO] - Epoch:   73 | FVAL: 0.0378392
2019-07-24 14:07:46,311 - [INFO] - Epoch:   74 | FVAL: 0.0378294
2019-07-24 14:07:46,314 - [INFO] - Epoch:   75 | FVAL: 0.0378190
2019-07-24 14:07:46,318 - [INFO] - Epoch:   76 | FVAL: 0.0378131
2019-07-24 14:07:46,321 - [INFO] - Epoch:   77 | FVAL: 0.0378027
2019-07-24 14:07:46,325 - [INFO] - Epoch:   78 | FVAL: 0.0377957
2019-07-24 14:07:46,329 - [INFO] - Epoch:   79 | FVAL: 0.0377914
2019-07-24 14:07:46,332 - [INFO] - Epoch:   80 | FVAL: 0.0377847
2019-07-24 14:07:46,336 - [INFO] - Epoch:   81 | FVAL: 0.0377805
2019-07-24 14:07:46,339 - [INFO] - Epoch:   82 | FVAL: 0.0377759
2019-07-24 14:07:46,343 - [INFO] - Epoch:   83 | FVAL: 0.0377710
2019-07-24 14:07:46,347 - [INFO] - Epoch:   84 | FVAL: 0.0377665
2019-07-24 14:07:46,350 - [INFO] - Epoch:   85 | FVAL: 0.0377629
2019-07-24 14:07:46,354 - [INFO] - Epoch:   86 | FVAL: 0.0377575
2019-07-24 14:07:46,357 - [INFO] - Epoch:   87 | FVAL: 0.0377517
2019-07-24 14:07:46,361 - [INFO] - Epoch:   88 | FVAL: 0.0377505
2019-07-24 14:07:46,364 - [INFO] - Epoch:   89 | FVAL: 0.0377479
2019-07-24 14:07:46,368 - [INFO] - Epoch:   90 | FVAL: 0.0377443
2019-07-24 14:07:46,372 - [INFO] - Epoch:   91 | FVAL: 0.0377410
2019-07-24 14:07:46,375 - [INFO] - Epoch:   92 | FVAL: 0.0377383
2019-07-24 14:07:46,379 - [INFO] - Epoch:   93 | FVAL: 0.0377362
2019-07-24 14:07:46,383 - [INFO] - Epoch:   94 | FVAL: 0.0377352
2019-07-24 14:07:46,386 - [INFO] - Epoch:   95 | FVAL: 0.0377322
2019-07-24 14:07:46,390 - [INFO] - Epoch:   96 | FVAL: 0.0377315
