2019-07-24 14:07:42,582 - [INFO] - cgd-- N:683 | d:10 | lambda:0.01
2019-07-24 14:07:42,583 - [INFO] - Function value sequence convergence criteria.
2019-07-24 14:07:42,583 - [INFO] - Epoch:    0 | FVAL: 0.3465736
2019-07-24 14:07:42,589 - [INFO] - Epoch:    1 | FVAL: 0.1021871
2019-07-24 14:07:42,594 - [INFO] - Epoch:    2 | FVAL: 0.0930713
2019-07-24 14:07:42,600 - [INFO] - Epoch:    3 | FVAL: 0.0915973
2019-07-24 14:07:42,604 - [INFO] - Epoch:    4 | FVAL: 0.0911495
2019-07-24 14:07:42,608 - [INFO] - Epoch:    5 | FVAL: 0.0909532
2019-07-24 14:07:42,612 - [INFO] - Epoch:    6 | FVAL: 0.0908152
2019-07-24 14:07:42,617 - [INFO] - Epoch:    7 | FVAL: 0.0907234
2019-07-24 14:07:42,621 - [INFO] - Epoch:    8 | FVAL: 0.0906756
2019-07-24 14:07:42,625 - [INFO] - Epoch:    9 | FVAL: 0.0906561
2019-07-24 14:07:42,629 - [INFO] - Epoch:   10 | FVAL: 0.0906497
2019-07-24 14:07:42,634 - [INFO] - Epoch:   11 | FVAL: 0.0906480
2019-07-24 14:07:42,638 - [INFO] - Epoch:   12 | FVAL: 0.0906476
2019-07-24 14:07:43,482 - [INFO] - cgd-- N:683 | d:10 | lambda:0.001
2019-07-24 14:07:43,482 - [INFO] - Function value sequence convergence criteria.
2019-07-24 14:07:43,483 - [INFO] - Epoch:    0 | FVAL: 0.3465736
2019-07-24 14:07:43,487 - [INFO] - Epoch:    1 | FVAL: 0.0513022
2019-07-24 14:07:43,491 - [INFO] - Epoch:    2 | FVAL: 0.0454551
2019-07-24 14:07:43,495 - [INFO] - Epoch:    3 | FVAL: 0.0449112
2019-07-24 14:07:43,499 - [INFO] - Epoch:    4 | FVAL: 0.0448474
2019-07-24 14:07:43,503 - [INFO] - Epoch:    5 | FVAL: 0.0448360
2019-07-24 14:07:43,508 - [INFO] - Epoch:    6 | FVAL: 0.0448337
2019-07-24 14:07:43,512 - [INFO] - Epoch:    7 | FVAL: 0.0448333
2019-07-24 14:07:44,678 - [INFO] - cgd-- N:683 | d:10 | lambda:0.0001
2019-07-24 14:07:44,679 - [INFO] - Function value sequence convergence criteria.
2019-07-24 14:07:44,679 - [INFO] - Epoch:    0 | FVAL: 0.3465736
2019-07-24 14:07:44,683 - [INFO] - Epoch:    1 | FVAL: 0.0444043
2019-07-24 14:07:44,687 - [INFO] - Epoch:    2 | FVAL: 0.0392864
2019-07-24 14:07:44,692 - [INFO] - Epoch:    3 | FVAL: 0.0386946
2019-07-24 14:07:44,697 - [INFO] - Epoch:    4 | FVAL: 0.0385506
2019-07-24 14:07:44,701 - [INFO] - Epoch:    5 | FVAL: 0.0384675
2019-07-24 14:07:44,706 - [INFO] - Epoch:    6 | FVAL: 0.0384307
2019-07-24 14:07:44,710 - [INFO] - Epoch:    7 | FVAL: 0.0384230
2019-07-24 14:07:44,715 - [INFO] - Epoch:    8 | FVAL: 0.0384226
2019-07-24 14:07:45,631 - [INFO] - cgd-- N:683 | d:10 | lambda:1e-05
2019-07-24 14:07:45,631 - [INFO] - Function value sequence convergence criteria.
2019-07-24 14:07:45,632 - [INFO] - Epoch:    0 | FVAL: 0.3465736
2019-07-24 14:07:45,636 - [INFO] - Epoch:    1 | FVAL: 0.0436839
2019-07-24 14:07:45,640 - [INFO] - Epoch:    2 | FVAL: 0.0386005
2019-07-24 14:07:45,645 - [INFO] - Epoch:    3 | FVAL: 0.0379956
2019-07-24 14:07:45,649 - [INFO] - Epoch:    4 | FVAL: 0.0378619
2019-07-24 14:07:45,654 - [INFO] - Epoch:    5 | FVAL: 0.0377862
2019-07-24 14:07:45,658 - [INFO] - Epoch:    6 | FVAL: 0.0377526
2019-07-24 14:07:45,663 - [INFO] - Epoch:    7 | FVAL: 0.0377413
2019-07-24 14:07:45,667 - [INFO] - Epoch:    8 | FVAL: 0.0377380
2019-07-24 14:07:45,672 - [INFO] - Epoch:    9 | FVAL: 0.0377370
2019-07-24 14:07:46,788 - [INFO] - cgd-- N:683 | d:10 | lambda:1e-06
2019-07-24 14:07:46,789 - [INFO] - Function value sequence convergence criteria.
2019-07-24 14:07:46,789 - [INFO] - Epoch:    0 | FVAL: 0.3465736
2019-07-24 14:07:46,793 - [INFO] - Epoch:    1 | FVAL: 0.0436115
2019-07-24 14:07:46,798 - [INFO] - Epoch:    2 | FVAL: 0.0385303
2019-07-24 14:07:46,803 - [INFO] - Epoch:    3 | FVAL: 0.0379239
2019-07-24 14:07:46,807 - [INFO] - Epoch:    4 | FVAL: 0.0377913
2019-07-24 14:07:46,812 - [INFO] - Epoch:    5 | FVAL: 0.0377162
2019-07-24 14:07:46,816 - [INFO] - Epoch:    6 | FVAL: 0.0376829
2019-07-24 14:07:46,821 - [INFO] - Epoch:    7 | FVAL: 0.0376717
2019-07-24 14:07:46,826 - [INFO] - Epoch:    8 | FVAL: 0.0376684
2019-07-24 14:07:46,830 - [INFO] - Epoch:    9 | FVAL: 0.0376675
