2019-07-24 14:07:45,235 - [INFO] - csum-- N:683 | d:10 | lambda:1e-05
2019-07-24 14:07:45,235 - [INFO] - Function value sequence convergence criteria.
2019-07-24 14:07:45,236 - [INFO] - Epoch:    0 | FVAL: 0.3465736
2019-07-24 14:07:45,238 - [INFO] - Epoch:    1 | FVAL: 0.3465736
2019-07-24 14:07:45,240 - [INFO] - Epoch:    2 | FVAL: 0.0635845
2019-07-24 14:07:45,242 - [INFO] - Epoch:    3 | FVAL: 0.0517843
2019-07-24 14:07:45,244 - [INFO] - Epoch:    4 | FVAL: 0.0474373
2019-07-24 14:07:45,247 - [INFO] - Epoch:    5 | FVAL: 0.0452016
2019-07-24 14:07:45,249 - [INFO] - Epoch:    6 | FVAL: 0.0438404
2019-07-24 14:07:45,251 - [INFO] - Epoch:    7 | FVAL: 0.0429200
2019-07-24 14:07:45,254 - [INFO] - Epoch:    8 | FVAL: 0.0422512
2019-07-24 14:07:45,256 - [INFO] - Epoch:    9 | FVAL: 0.0417392
2019-07-24 14:07:45,258 - [INFO] - Epoch:   10 | FVAL: 0.0413318
2019-07-24 14:07:45,261 - [INFO] - Epoch:   11 | FVAL: 0.0409980
2019-07-24 14:07:45,263 - [INFO] - Epoch:   12 | FVAL: 0.0407181
2019-07-24 14:07:45,265 - [INFO] - Epoch:   13 | FVAL: 0.0404793
2019-07-24 14:07:45,268 - [INFO] - Epoch:   14 | FVAL: 0.0402726
2019-07-24 14:07:45,270 - [INFO] - Epoch:   15 | FVAL: 0.0400916
2019-07-24 14:07:45,273 - [INFO] - Epoch:   16 | FVAL: 0.0399316
2019-07-24 14:07:45,275 - [INFO] - Epoch:   17 | FVAL: 0.0397891
2019-07-24 14:07:45,277 - [INFO] - Epoch:   18 | FVAL: 0.0396614
2019-07-24 14:07:45,280 - [INFO] - Epoch:   19 | FVAL: 0.0395462
2019-07-24 14:07:45,282 - [INFO] - Epoch:   20 | FVAL: 0.0394419
2019-07-24 14:07:45,284 - [INFO] - Epoch:   21 | FVAL: 0.0393469
2019-07-24 14:07:45,287 - [INFO] - Epoch:   22 | FVAL: 0.0392601
2019-07-24 14:07:45,289 - [INFO] - Epoch:   23 | FVAL: 0.0391806
2019-07-24 14:07:45,292 - [INFO] - Epoch:   24 | FVAL: 0.0391074
2019-07-24 14:07:45,294 - [INFO] - Epoch:   25 | FVAL: 0.0390398
2019-07-24 14:07:45,297 - [INFO] - Epoch:   26 | FVAL: 0.0389774
2019-07-24 14:07:45,299 - [INFO] - Epoch:   27 | FVAL: 0.0389194
2019-07-24 14:07:45,301 - [INFO] - Epoch:   28 | FVAL: 0.0388655
2019-07-24 14:07:45,304 - [INFO] - Epoch:   29 | FVAL: 0.0388153
2019-07-24 14:07:45,306 - [INFO] - Epoch:   30 | FVAL: 0.0387684
2019-07-24 14:07:45,309 - [INFO] - Epoch:   31 | FVAL: 0.0387246
2019-07-24 14:07:45,311 - [INFO] - Epoch:   32 | FVAL: 0.0386834
2019-07-24 14:07:45,314 - [INFO] - Epoch:   33 | FVAL: 0.0386448
2019-07-24 14:07:45,316 - [INFO] - Epoch:   34 | FVAL: 0.0386085
2019-07-24 14:07:45,319 - [INFO] - Epoch:   35 | FVAL: 0.0385742
2019-07-24 14:07:45,321 - [INFO] - Epoch:   36 | FVAL: 0.0385419
2019-07-24 14:07:45,324 - [INFO] - Epoch:   37 | FVAL: 0.0385114
2019-07-24 14:07:45,326 - [INFO] - Epoch:   38 | FVAL: 0.0384825
2019-07-24 14:07:45,329 - [INFO] - Epoch:   39 | FVAL: 0.0384552
2019-07-24 14:07:45,331 - [INFO] - Epoch:   40 | FVAL: 0.0384292
2019-07-24 14:07:45,334 - [INFO] - Epoch:   41 | FVAL: 0.0384046
2019-07-24 14:07:45,336 - [INFO] - Epoch:   42 | FVAL: 0.0383812
2019-07-24 14:07:45,339 - [INFO] - Epoch:   43 | FVAL: 0.0383589
2019-07-24 14:07:45,341 - [INFO] - Epoch:   44 | FVAL: 0.0383377
2019-07-24 14:07:45,344 - [INFO] - Epoch:   45 | FVAL: 0.0383175
2019-07-24 14:07:45,346 - [INFO] - Epoch:   46 | FVAL: 0.0382982
2019-07-24 14:07:45,349 - [INFO] - Epoch:   47 | FVAL: 0.0382798
2019-07-24 14:07:45,351 - [INFO] - Epoch:   48 | FVAL: 0.0382623
2019-07-24 14:07:45,354 - [INFO] - Epoch:   49 | FVAL: 0.0382455
2019-07-24 14:07:45,356 - [INFO] - Epoch:   50 | FVAL: 0.0382294
2019-07-24 14:07:45,359 - [INFO] - Epoch:   51 | FVAL: 0.0382140
2019-07-24 14:07:45,361 - [INFO] - Epoch:   52 | FVAL: 0.0381993
2019-07-24 14:07:45,364 - [INFO] - Epoch:   53 | FVAL: 0.0381852
2019-07-24 14:07:45,367 - [INFO] - Epoch:   54 | FVAL: 0.0381716
2019-07-24 14:07:45,369 - [INFO] - Epoch:   55 | FVAL: 0.0381586
2019-07-24 14:07:45,372 - [INFO] - Epoch:   56 | FVAL: 0.0381462
2019-07-24 14:07:45,374 - [INFO] - Epoch:   57 | FVAL: 0.0381342
2019-07-24 14:07:45,377 - [INFO] - Epoch:   58 | FVAL: 0.0381227
2019-07-24 14:07:45,380 - [INFO] - Epoch:   59 | FVAL: 0.0381116
2019-07-24 14:07:45,382 - [INFO] - Epoch:   60 | FVAL: 0.0381010
2019-07-24 14:07:45,385 - [INFO] - Epoch:   61 | FVAL: 0.0380908
2019-07-24 14:07:45,387 - [INFO] - Epoch:   62 | FVAL: 0.0380809
2019-07-24 14:07:45,390 - [INFO] - Epoch:   63 | FVAL: 0.0380714
2019-07-24 14:07:45,393 - [INFO] - Epoch:   64 | FVAL: 0.0380623
2019-07-24 14:07:45,395 - [INFO] - Epoch:   65 | FVAL: 0.0380535
2019-07-24 14:07:45,398 - [INFO] - Epoch:   66 | FVAL: 0.0380450
2019-07-24 14:07:45,400 - [INFO] - Epoch:   67 | FVAL: 0.0380368
2019-07-24 14:07:45,403 - [INFO] - Epoch:   68 | FVAL: 0.0380290
2019-07-24 14:07:45,406 - [INFO] - Epoch:   69 | FVAL: 0.0380213
2019-07-24 14:07:45,408 - [INFO] - Epoch:   70 | FVAL: 0.0380140
2019-07-24 14:07:45,411 - [INFO] - Epoch:   71 | FVAL: 0.0380069
2019-07-24 14:07:45,414 - [INFO] - Epoch:   72 | FVAL: 0.0380000
2019-07-24 14:07:45,416 - [INFO] - Epoch:   73 | FVAL: 0.0379934
2019-07-24 14:07:45,419 - [INFO] - Epoch:   74 | FVAL: 0.0379870
2019-07-24 14:07:45,422 - [INFO] - Epoch:   75 | FVAL: 0.0379808
2019-07-24 14:07:45,424 - [INFO] - Epoch:   76 | FVAL: 0.0379748
2019-07-24 14:07:45,427 - [INFO] - Epoch:   77 | FVAL: 0.0379690
2019-07-24 14:07:45,430 - [INFO] - Epoch:   78 | FVAL: 0.0379634
2019-07-24 14:07:45,432 - [INFO] - Epoch:   79 | FVAL: 0.0379580
2019-07-24 14:07:45,435 - [INFO] - Epoch:   80 | FVAL: 0.0379528
2019-07-24 14:07:45,438 - [INFO] - Epoch:   81 | FVAL: 0.0379477
2019-07-24 14:07:45,441 - [INFO] - Epoch:   82 | FVAL: 0.0379427
2019-07-24 14:07:45,443 - [INFO] - Epoch:   83 | FVAL: 0.0379380
2019-07-24 14:07:45,446 - [INFO] - Epoch:   84 | FVAL: 0.0379333
2019-07-24 14:07:45,449 - [INFO] - Epoch:   85 | FVAL: 0.0379289
2019-07-24 14:07:45,451 - [INFO] - Epoch:   86 | FVAL: 0.0379245
2019-07-24 14:07:45,454 - [INFO] - Epoch:   87 | FVAL: 0.0379203
2019-07-24 14:07:45,457 - [INFO] - Epoch:   88 | FVAL: 0.0379162
2019-07-24 14:07:45,460 - [INFO] - Epoch:   89 | FVAL: 0.0379122
2019-07-24 14:07:45,462 - [INFO] - Epoch:   90 | FVAL: 0.0379083
2019-07-24 14:07:45,465 - [INFO] - Epoch:   91 | FVAL: 0.0379046
2019-07-24 14:07:45,468 - [INFO] - Epoch:   92 | FVAL: 0.0379009
2019-07-24 14:07:45,471 - [INFO] - Epoch:   93 | FVAL: 0.0378974
2019-07-24 14:07:45,473 - [INFO] - Epoch:   94 | FVAL: 0.0378939
2019-07-24 14:07:45,476 - [INFO] - Epoch:   95 | FVAL: 0.0378906
2019-07-24 14:07:45,479 - [INFO] - Epoch:   96 | FVAL: 0.0378873
2019-07-24 14:07:45,482 - [INFO] - Epoch:   97 | FVAL: 0.0378842
2019-07-24 14:07:45,484 - [INFO] - Epoch:   98 | FVAL: 0.0378811
2019-07-24 14:07:45,487 - [INFO] - Epoch:   99 | FVAL: 0.0378781
2019-07-24 14:07:45,490 - [INFO] - Epoch:  100 | FVAL: 0.0378752
2019-07-24 14:07:45,493 - [INFO] - Epoch:  101 | FVAL: 0.0378724
2019-07-24 14:07:45,495 - [INFO] - Epoch:  102 | FVAL: 0.0378696
2019-07-24 14:07:45,498 - [INFO] - Epoch:  103 | FVAL: 0.0378669
2019-07-24 14:07:45,501 - [INFO] - Epoch:  104 | FVAL: 0.0378643
2019-07-24 14:07:45,504 - [INFO] - Epoch:  105 | FVAL: 0.0378617
2019-07-24 14:07:45,507 - [INFO] - Epoch:  106 | FVAL: 0.0378592
2019-07-24 14:07:45,509 - [INFO] - Epoch:  107 | FVAL: 0.0378568
2019-07-24 14:07:45,512 - [INFO] - Epoch:  108 | FVAL: 0.0378545
2019-07-24 14:07:45,515 - [INFO] - Epoch:  109 | FVAL: 0.0378521
2019-07-24 14:07:45,518 - [INFO] - Epoch:  110 | FVAL: 0.0378499
2019-07-24 14:07:45,521 - [INFO] - Epoch:  111 | FVAL: 0.0378477
2019-07-24 14:07:45,524 - [INFO] - Epoch:  112 | FVAL: 0.0378456
2019-07-24 14:07:45,526 - [INFO] - Epoch:  113 | FVAL: 0.0378435
2019-07-24 14:07:45,529 - [INFO] - Epoch:  114 | FVAL: 0.0378414
2019-07-24 14:07:45,532 - [INFO] - Epoch:  115 | FVAL: 0.0378394
2019-07-24 14:07:45,535 - [INFO] - Epoch:  116 | FVAL: 0.0378375
2019-07-24 14:07:45,538 - [INFO] - Epoch:  117 | FVAL: 0.0378356
2019-07-24 14:07:45,541 - [INFO] - Epoch:  118 | FVAL: 0.0378337
2019-07-24 14:07:45,543 - [INFO] - Epoch:  119 | FVAL: 0.0378319
2019-07-24 14:07:45,546 - [INFO] - Epoch:  120 | FVAL: 0.0378302
2019-07-24 14:07:45,549 - [INFO] - Epoch:  121 | FVAL: 0.0378284
2019-07-24 14:07:45,552 - [INFO] - Epoch:  122 | FVAL: 0.0378267
2019-07-24 14:07:45,555 - [INFO] - Epoch:  123 | FVAL: 0.0378251
2019-07-24 14:07:45,558 - [INFO] - Epoch:  124 | FVAL: 0.0378235
2019-07-24 14:07:45,562 - [INFO] - Epoch:  125 | FVAL: 0.0378219
2019-07-24 14:07:45,565 - [INFO] - Epoch:  126 | FVAL: 0.0378203
2019-07-24 14:07:45,568 - [INFO] - Epoch:  127 | FVAL: 0.0378188
2019-07-24 14:07:45,571 - [INFO] - Epoch:  128 | FVAL: 0.0378173
2019-07-24 14:07:45,574 - [INFO] - Epoch:  129 | FVAL: 0.0378159
2019-07-24 14:07:45,577 - [INFO] - Epoch:  130 | FVAL: 0.0378145
2019-07-24 14:07:45,580 - [INFO] - Epoch:  131 | FVAL: 0.0378131
2019-07-24 14:07:45,583 - [INFO] - Epoch:  132 | FVAL: 0.0378117
2019-07-24 14:07:45,586 - [INFO] - Epoch:  133 | FVAL: 0.0378104
2019-07-24 14:07:45,589 - [INFO] - Epoch:  134 | FVAL: 0.0378091
2019-07-24 14:07:45,592 - [INFO] - Epoch:  135 | FVAL: 0.0378078
2019-07-24 14:07:45,595 - [INFO] - Epoch:  136 | FVAL: 0.0378066
2019-07-24 14:07:45,598 - [INFO] - Epoch:  137 | FVAL: 0.0378053
2019-07-24 14:07:45,601 - [INFO] - Epoch:  138 | FVAL: 0.0378041
2019-07-24 14:07:45,605 - [INFO] - Epoch:  139 | FVAL: 0.0378030
2019-07-24 14:07:45,608 - [INFO] - Epoch:  140 | FVAL: 0.0378018
2019-07-24 14:07:45,611 - [INFO] - Epoch:  141 | FVAL: 0.0378007
2019-07-24 14:07:45,614 - [INFO] - Epoch:  142 | FVAL: 0.0377996
2019-07-24 14:07:45,617 - [INFO] - Epoch:  143 | FVAL: 0.0377985
2019-07-24 14:07:45,620 - [INFO] - Epoch:  144 | FVAL: 0.0377974
2019-07-24 14:07:45,623 - [INFO] - Epoch:  145 | FVAL: 0.0377964
2019-07-24 14:07:45,626 - [INFO] - Epoch:  146 | FVAL: 0.0377954
2019-07-24 14:07:45,630 - [INFO] - Epoch:  147 | FVAL: 0.0377944
2019-07-24 14:07:46,391 - [INFO] - csum-- N:683 | d:10 | lambda:1e-06
2019-07-24 14:07:46,391 - [INFO] - Function value sequence convergence criteria.
2019-07-24 14:07:46,391 - [INFO] - Epoch:    0 | FVAL: 0.3465736
2019-07-24 14:07:46,393 - [INFO] - Epoch:    1 | FVAL: 0.3465736
2019-07-24 14:07:46,396 - [INFO] - Epoch:    2 | FVAL: 0.0635400
2019-07-24 14:07:46,398 - [INFO] - Epoch:    3 | FVAL: 0.0517328
2019-07-24 14:07:46,400 - [INFO] - Epoch:    4 | FVAL: 0.0473822
2019-07-24 14:07:46,403 - [INFO] - Epoch:    5 | FVAL: 0.0451442
2019-07-24 14:07:46,405 - [INFO] - Epoch:    6 | FVAL: 0.0437815
2019-07-24 14:07:46,407 - [INFO] - Epoch:    7 | FVAL: 0.0428600
2019-07-24 14:07:46,410 - [INFO] - Epoch:    8 | FVAL: 0.0421903
2019-07-24 14:07:46,412 - [INFO] - Epoch:    9 | FVAL: 0.0416776
2019-07-24 14:07:46,414 - [INFO] - Epoch:   10 | FVAL: 0.0412698
2019-07-24 14:07:46,417 - [INFO] - Epoch:   11 | FVAL: 0.0409355
2019-07-24 14:07:46,419 - [INFO] - Epoch:   12 | FVAL: 0.0406553
2019-07-24 14:07:46,421 - [INFO] - Epoch:   13 | FVAL: 0.0404161
2019-07-24 14:07:46,424 - [INFO] - Epoch:   14 | FVAL: 0.0402091
2019-07-24 14:07:46,426 - [INFO] - Epoch:   15 | FVAL: 0.0400279
2019-07-24 14:07:46,428 - [INFO] - Epoch:   16 | FVAL: 0.0398677
2019-07-24 14:07:46,431 - [INFO] - Epoch:   17 | FVAL: 0.0397251
2019-07-24 14:07:46,433 - [INFO] - Epoch:   18 | FVAL: 0.0395971
2019-07-24 14:07:46,436 - [INFO] - Epoch:   19 | FVAL: 0.0394818
2019-07-24 14:07:46,438 - [INFO] - Epoch:   20 | FVAL: 0.0393773
2019-07-24 14:07:46,440 - [INFO] - Epoch:   21 | FVAL: 0.0392822
2019-07-24 14:07:46,443 - [INFO] - Epoch:   22 | FVAL: 0.0391953
2019-07-24 14:07:46,445 - [INFO] - Epoch:   23 | FVAL: 0.0391156
2019-07-24 14:07:46,448 - [INFO] - Epoch:   24 | FVAL: 0.0390422
2019-07-24 14:07:46,450 - [INFO] - Epoch:   25 | FVAL: 0.0389746
2019-07-24 14:07:46,453 - [INFO] - Epoch:   26 | FVAL: 0.0389120
2019-07-24 14:07:46,455 - [INFO] - Epoch:   27 | FVAL: 0.0388540
2019-07-24 14:07:46,457 - [INFO] - Epoch:   28 | FVAL: 0.0388000
2019-07-24 14:07:46,460 - [INFO] - Epoch:   29 | FVAL: 0.0387497
2019-07-24 14:07:46,462 - [INFO] - Epoch:   30 | FVAL: 0.0387027
2019-07-24 14:07:46,465 - [INFO] - Epoch:   31 | FVAL: 0.0386587
2019-07-24 14:07:46,467 - [INFO] - Epoch:   32 | FVAL: 0.0386175
2019-07-24 14:07:46,470 - [INFO] - Epoch:   33 | FVAL: 0.0385788
2019-07-24 14:07:46,472 - [INFO] - Epoch:   34 | FVAL: 0.0385424
2019-07-24 14:07:46,475 - [INFO] - Epoch:   35 | FVAL: 0.0385081
2019-07-24 14:07:46,477 - [INFO] - Epoch:   36 | FVAL: 0.0384757
2019-07-24 14:07:46,480 - [INFO] - Epoch:   37 | FVAL: 0.0384451
2019-07-24 14:07:46,482 - [INFO] - Epoch:   38 | FVAL: 0.0384162
2019-07-24 14:07:46,485 - [INFO] - Epoch:   39 | FVAL: 0.0383887
2019-07-24 14:07:46,487 - [INFO] - Epoch:   40 | FVAL: 0.0383627
2019-07-24 14:07:46,490 - [INFO] - Epoch:   41 | FVAL: 0.0383380
2019-07-24 14:07:46,492 - [INFO] - Epoch:   42 | FVAL: 0.0383146
2019-07-24 14:07:46,495 - [INFO] - Epoch:   43 | FVAL: 0.0382923
2019-07-24 14:07:46,497 - [INFO] - Epoch:   44 | FVAL: 0.0382710
2019-07-24 14:07:46,500 - [INFO] - Epoch:   45 | FVAL: 0.0382507
2019-07-24 14:07:46,502 - [INFO] - Epoch:   46 | FVAL: 0.0382314
2019-07-24 14:07:46,505 - [INFO] - Epoch:   47 | FVAL: 0.0382130
2019-07-24 14:07:46,508 - [INFO] - Epoch:   48 | FVAL: 0.0381954
2019-07-24 14:07:46,510 - [INFO] - Epoch:   49 | FVAL: 0.0381785
2019-07-24 14:07:46,513 - [INFO] - Epoch:   50 | FVAL: 0.0381624
2019-07-24 14:07:46,515 - [INFO] - Epoch:   51 | FVAL: 0.0381470
2019-07-24 14:07:46,518 - [INFO] - Epoch:   52 | FVAL: 0.0381322
2019-07-24 14:07:46,520 - [INFO] - Epoch:   53 | FVAL: 0.0381180
2019-07-24 14:07:46,523 - [INFO] - Epoch:   54 | FVAL: 0.0381045
2019-07-24 14:07:46,525 - [INFO] - Epoch:   55 | FVAL: 0.0380914
2019-07-24 14:07:46,528 - [INFO] - Epoch:   56 | FVAL: 0.0380789
2019-07-24 14:07:46,531 - [INFO] - Epoch:   57 | FVAL: 0.0380669
2019-07-24 14:07:46,533 - [INFO] - Epoch:   58 | FVAL: 0.0380554
2019-07-24 14:07:46,536 - [INFO] - Epoch:   59 | FVAL: 0.0380443
2019-07-24 14:07:46,538 - [INFO] - Epoch:   60 | FVAL: 0.0380336
2019-07-24 14:07:46,541 - [INFO] - Epoch:   61 | FVAL: 0.0380234
2019-07-24 14:07:46,544 - [INFO] - Epoch:   62 | FVAL: 0.0380135
2019-07-24 14:07:46,546 - [INFO] - Epoch:   63 | FVAL: 0.0380040
2019-07-24 14:07:46,549 - [INFO] - Epoch:   64 | FVAL: 0.0379948
2019-07-24 14:07:46,552 - [INFO] - Epoch:   65 | FVAL: 0.0379860
2019-07-24 14:07:46,554 - [INFO] - Epoch:   66 | FVAL: 0.0379775
2019-07-24 14:07:46,557 - [INFO] - Epoch:   67 | FVAL: 0.0379693
2019-07-24 14:07:46,560 - [INFO] - Epoch:   68 | FVAL: 0.0379614
2019-07-24 14:07:46,562 - [INFO] - Epoch:   69 | FVAL: 0.0379537
2019-07-24 14:07:46,565 - [INFO] - Epoch:   70 | FVAL: 0.0379463
2019-07-24 14:07:46,567 - [INFO] - Epoch:   71 | FVAL: 0.0379392
2019-07-24 14:07:46,570 - [INFO] - Epoch:   72 | FVAL: 0.0379323
2019-07-24 14:07:46,573 - [INFO] - Epoch:   73 | FVAL: 0.0379257
2019-07-24 14:07:46,576 - [INFO] - Epoch:   74 | FVAL: 0.0379193
2019-07-24 14:07:46,578 - [INFO] - Epoch:   75 | FVAL: 0.0379131
2019-07-24 14:07:46,581 - [INFO] - Epoch:   76 | FVAL: 0.0379071
2019-07-24 14:07:46,584 - [INFO] - Epoch:   77 | FVAL: 0.0379012
2019-07-24 14:07:46,586 - [INFO] - Epoch:   78 | FVAL: 0.0378956
2019-07-24 14:07:46,589 - [INFO] - Epoch:   79 | FVAL: 0.0378902
2019-07-24 14:07:46,592 - [INFO] - Epoch:   80 | FVAL: 0.0378849
2019-07-24 14:07:46,594 - [INFO] - Epoch:   81 | FVAL: 0.0378798
2019-07-24 14:07:46,597 - [INFO] - Epoch:   82 | FVAL: 0.0378749
2019-07-24 14:07:46,600 - [INFO] - Epoch:   83 | FVAL: 0.0378701
2019-07-24 14:07:46,603 - [INFO] - Epoch:   84 | FVAL: 0.0378654
2019-07-24 14:07:46,605 - [INFO] - Epoch:   85 | FVAL: 0.0378609
2019-07-24 14:07:46,608 - [INFO] - Epoch:   86 | FVAL: 0.0378565
2019-07-24 14:07:46,611 - [INFO] - Epoch:   87 | FVAL: 0.0378523
2019-07-24 14:07:46,613 - [INFO] - Epoch:   88 | FVAL: 0.0378482
2019-07-24 14:07:46,616 - [INFO] - Epoch:   89 | FVAL: 0.0378442
2019-07-24 14:07:46,619 - [INFO] - Epoch:   90 | FVAL: 0.0378403
2019-07-24 14:07:46,622 - [INFO] - Epoch:   91 | FVAL: 0.0378366
2019-07-24 14:07:46,624 - [INFO] - Epoch:   92 | FVAL: 0.0378329
2019-07-24 14:07:46,627 - [INFO] - Epoch:   93 | FVAL: 0.0378293
2019-07-24 14:07:46,630 - [INFO] - Epoch:   94 | FVAL: 0.0378259
2019-07-24 14:07:46,633 - [INFO] - Epoch:   95 | FVAL: 0.0378225
2019-07-24 14:07:46,635 - [INFO] - Epoch:   96 | FVAL: 0.0378193
2019-07-24 14:07:46,638 - [INFO] - Epoch:   97 | FVAL: 0.0378161
2019-07-24 14:07:46,641 - [INFO] - Epoch:   98 | FVAL: 0.0378130
2019-07-24 14:07:46,644 - [INFO] - Epoch:   99 | FVAL: 0.0378100
2019-07-24 14:07:46,647 - [INFO] - Epoch:  100 | FVAL: 0.0378071
2019-07-24 14:07:46,649 - [INFO] - Epoch:  101 | FVAL: 0.0378042
2019-07-24 14:07:46,652 - [INFO] - Epoch:  102 | FVAL: 0.0378014
2019-07-24 14:07:46,655 - [INFO] - Epoch:  103 | FVAL: 0.0377987
2019-07-24 14:07:46,658 - [INFO] - Epoch:  104 | FVAL: 0.0377961
2019-07-24 14:07:46,660 - [INFO] - Epoch:  105 | FVAL: 0.0377935
2019-07-24 14:07:46,663 - [INFO] - Epoch:  106 | FVAL: 0.0377910
2019-07-24 14:07:46,666 - [INFO] - Epoch:  107 | FVAL: 0.0377886
2019-07-24 14:07:46,669 - [INFO] - Epoch:  108 | FVAL: 0.0377862
2019-07-24 14:07:46,672 - [INFO] - Epoch:  109 | FVAL: 0.0377839
2019-07-24 14:07:46,674 - [INFO] - Epoch:  110 | FVAL: 0.0377817
2019-07-24 14:07:46,677 - [INFO] - Epoch:  111 | FVAL: 0.0377795
2019-07-24 14:07:46,680 - [INFO] - Epoch:  112 | FVAL: 0.0377773
2019-07-24 14:07:46,683 - [INFO] - Epoch:  113 | FVAL: 0.0377752
2019-07-24 14:07:46,686 - [INFO] - Epoch:  114 | FVAL: 0.0377732
2019-07-24 14:07:46,689 - [INFO] - Epoch:  115 | FVAL: 0.0377712
2019-07-24 14:07:46,691 - [INFO] - Epoch:  116 | FVAL: 0.0377692
2019-07-24 14:07:46,694 - [INFO] - Epoch:  117 | FVAL: 0.0377673
2019-07-24 14:07:46,697 - [INFO] - Epoch:  118 | FVAL: 0.0377654
2019-07-24 14:07:46,700 - [INFO] - Epoch:  119 | FVAL: 0.0377636
2019-07-24 14:07:46,703 - [INFO] - Epoch:  120 | FVAL: 0.0377618
2019-07-24 14:07:46,706 - [INFO] - Epoch:  121 | FVAL: 0.0377601
2019-07-24 14:07:46,709 - [INFO] - Epoch:  122 | FVAL: 0.0377584
2019-07-24 14:07:46,711 - [INFO] - Epoch:  123 | FVAL: 0.0377567
2019-07-24 14:07:46,714 - [INFO] - Epoch:  124 | FVAL: 0.0377551
2019-07-24 14:07:46,718 - [INFO] - Epoch:  125 | FVAL: 0.0377535
2019-07-24 14:07:46,721 - [INFO] - Epoch:  126 | FVAL: 0.0377520
2019-07-24 14:07:46,724 - [INFO] - Epoch:  127 | FVAL: 0.0377505
2019-07-24 14:07:46,727 - [INFO] - Epoch:  128 | FVAL: 0.0377490
2019-07-24 14:07:46,730 - [INFO] - Epoch:  129 | FVAL: 0.0377475
2019-07-24 14:07:46,733 - [INFO] - Epoch:  130 | FVAL: 0.0377461
2019-07-24 14:07:46,736 - [INFO] - Epoch:  131 | FVAL: 0.0377447
2019-07-24 14:07:46,739 - [INFO] - Epoch:  132 | FVAL: 0.0377433
2019-07-24 14:07:46,742 - [INFO] - Epoch:  133 | FVAL: 0.0377420
2019-07-24 14:07:46,746 - [INFO] - Epoch:  134 | FVAL: 0.0377407
2019-07-24 14:07:46,749 - [INFO] - Epoch:  135 | FVAL: 0.0377394
2019-07-24 14:07:46,752 - [INFO] - Epoch:  136 | FVAL: 0.0377381
2019-07-24 14:07:46,755 - [INFO] - Epoch:  137 | FVAL: 0.0377369
2019-07-24 14:07:46,758 - [INFO] - Epoch:  138 | FVAL: 0.0377357
2019-07-24 14:07:46,761 - [INFO] - Epoch:  139 | FVAL: 0.0377345
2019-07-24 14:07:46,765 - [INFO] - Epoch:  140 | FVAL: 0.0377334
2019-07-24 14:07:46,768 - [INFO] - Epoch:  141 | FVAL: 0.0377322
2019-07-24 14:07:46,771 - [INFO] - Epoch:  142 | FVAL: 0.0377311
2019-07-24 14:07:46,774 - [INFO] - Epoch:  143 | FVAL: 0.0377300
2019-07-24 14:07:46,777 - [INFO] - Epoch:  144 | FVAL: 0.0377290
2019-07-24 14:07:46,780 - [INFO] - Epoch:  145 | FVAL: 0.0377279
2019-07-24 14:07:46,784 - [INFO] - Epoch:  146 | FVAL: 0.0377269
2019-07-24 14:07:46,787 - [INFO] - Epoch:  147 | FVAL: 0.0377259
