2019-07-24 14:07:44,716 - [INFO] - rcsum-- N:683 | d:10 | lambda:1e-05
2019-07-24 14:07:44,716 - [INFO] - Function value sequence convergence criteria.
2019-07-24 14:07:44,716 - [INFO] - Epoch:    0 | FVAL: 0.3465736
2019-07-24 14:07:44,718 - [INFO] - Epoch:    1 | FVAL: 0.0595856
2019-07-24 14:07:44,721 - [INFO] - Epoch:    2 | FVAL: 0.0494930
2019-07-24 14:07:44,723 - [INFO] - Epoch:    3 | FVAL: 0.0457451
2019-07-24 14:07:44,726 - [INFO] - Epoch:    4 | FVAL: 0.0438011
2019-07-24 14:07:44,728 - [INFO] - Epoch:    5 | FVAL: 0.0426143
2019-07-24 14:07:44,731 - [INFO] - Epoch:    6 | FVAL: 0.0418110
2019-07-24 14:07:44,734 - [INFO] - Epoch:    7 | FVAL: 0.0412294
2019-07-24 14:07:44,736 - [INFO] - Epoch:    8 | FVAL: 0.0407858
2019-07-24 14:07:44,739 - [INFO] - Epoch:    9 | FVAL: 0.0404343
2019-07-24 14:07:44,741 - [INFO] - Epoch:   10 | FVAL: 0.0401481
2019-07-24 14:07:44,744 - [INFO] - Epoch:   11 | FVAL: 0.0399099
2019-07-24 14:07:44,747 - [INFO] - Epoch:   12 | FVAL: 0.0397084
2019-07-24 14:07:44,749 - [INFO] - Epoch:   13 | FVAL: 0.0395357
2019-07-24 14:07:44,752 - [INFO] - Epoch:   14 | FVAL: 0.0393860
2019-07-24 14:07:44,754 - [INFO] - Epoch:   15 | FVAL: 0.0392550
2019-07-24 14:07:44,757 - [INFO] - Epoch:   16 | FVAL: 0.0391395
2019-07-24 14:07:44,760 - [INFO] - Epoch:   17 | FVAL: 0.0390370
2019-07-24 14:07:44,762 - [INFO] - Epoch:   18 | FVAL: 0.0389455
2019-07-24 14:07:44,765 - [INFO] - Epoch:   19 | FVAL: 0.0388635
2019-07-24 14:07:44,767 - [INFO] - Epoch:   20 | FVAL: 0.0387895
2019-07-24 14:07:44,770 - [INFO] - Epoch:   21 | FVAL: 0.0387227
2019-07-24 14:07:44,773 - [INFO] - Epoch:   22 | FVAL: 0.0386620
2019-07-24 14:07:44,775 - [INFO] - Epoch:   23 | FVAL: 0.0386066
2019-07-24 14:07:44,778 - [INFO] - Epoch:   24 | FVAL: 0.0385561
2019-07-24 14:07:44,781 - [INFO] - Epoch:   25 | FVAL: 0.0385098
2019-07-24 14:07:44,783 - [INFO] - Epoch:   26 | FVAL: 0.0384672
2019-07-24 14:07:44,786 - [INFO] - Epoch:   27 | FVAL: 0.0384280
2019-07-24 14:07:44,789 - [INFO] - Epoch:   28 | FVAL: 0.0383918
2019-07-24 14:07:44,791 - [INFO] - Epoch:   29 | FVAL: 0.0383583
2019-07-24 14:07:44,794 - [INFO] - Epoch:   30 | FVAL: 0.0383272
2019-07-24 14:07:44,797 - [INFO] - Epoch:   31 | FVAL: 0.0382984
2019-07-24 14:07:44,799 - [INFO] - Epoch:   32 | FVAL: 0.0382715
2019-07-24 14:07:44,802 - [INFO] - Epoch:   33 | FVAL: 0.0382465
2019-07-24 14:07:44,805 - [INFO] - Epoch:   34 | FVAL: 0.0382230
2019-07-24 14:07:44,808 - [INFO] - Epoch:   35 | FVAL: 0.0382011
2019-07-24 14:07:44,810 - [INFO] - Epoch:   36 | FVAL: 0.0381806
2019-07-24 14:07:44,813 - [INFO] - Epoch:   37 | FVAL: 0.0381613
2019-07-24 14:07:44,816 - [INFO] - Epoch:   38 | FVAL: 0.0381432
2019-07-24 14:07:44,818 - [INFO] - Epoch:   39 | FVAL: 0.0381262
2019-07-24 14:07:44,821 - [INFO] - Epoch:   40 | FVAL: 0.0381102
2019-07-24 14:07:44,824 - [INFO] - Epoch:   41 | FVAL: 0.0380951
2019-07-24 14:07:44,827 - [INFO] - Epoch:   42 | FVAL: 0.0380808
2019-07-24 14:07:44,829 - [INFO] - Epoch:   43 | FVAL: 0.0380673
2019-07-24 14:07:44,832 - [INFO] - Epoch:   44 | FVAL: 0.0380545
2019-07-24 14:07:44,835 - [INFO] - Epoch:   45 | FVAL: 0.0380424
2019-07-24 14:07:44,838 - [INFO] - Epoch:   46 | FVAL: 0.0380310
2019-07-24 14:07:44,840 - [INFO] - Epoch:   47 | FVAL: 0.0380201
2019-07-24 14:07:44,843 - [INFO] - Epoch:   48 | FVAL: 0.0380098
2019-07-24 14:07:44,846 - [INFO] - Epoch:   49 | FVAL: 0.0380000
2019-07-24 14:07:44,849 - [INFO] - Epoch:   50 | FVAL: 0.0379906
2019-07-24 14:07:44,851 - [INFO] - Epoch:   51 | FVAL: 0.0379818
2019-07-24 14:07:44,854 - [INFO] - Epoch:   52 | FVAL: 0.0379733
2019-07-24 14:07:44,857 - [INFO] - Epoch:   53 | FVAL: 0.0379653
2019-07-24 14:07:44,860 - [INFO] - Epoch:   54 | FVAL: 0.0379576
2019-07-24 14:07:44,862 - [INFO] - Epoch:   55 | FVAL: 0.0379503
2019-07-24 14:07:44,865 - [INFO] - Epoch:   56 | FVAL: 0.0379433
2019-07-24 14:07:44,867 - [INFO] - Epoch:   57 | FVAL: 0.0379366
2019-07-24 14:07:44,870 - [INFO] - Epoch:   58 | FVAL: 0.0379302
2019-07-24 14:07:44,873 - [INFO] - Epoch:   59 | FVAL: 0.0379241
2019-07-24 14:07:44,875 - [INFO] - Epoch:   60 | FVAL: 0.0379183
2019-07-24 14:07:44,878 - [INFO] - Epoch:   61 | FVAL: 0.0379127
2019-07-24 14:07:44,880 - [INFO] - Epoch:   62 | FVAL: 0.0379073
2019-07-24 14:07:44,883 - [INFO] - Epoch:   63 | FVAL: 0.0379022
2019-07-24 14:07:44,886 - [INFO] - Epoch:   64 | FVAL: 0.0378973
2019-07-24 14:07:44,888 - [INFO] - Epoch:   65 | FVAL: 0.0378926
2019-07-24 14:07:44,891 - [INFO] - Epoch:   66 | FVAL: 0.0378880
2019-07-24 14:07:44,894 - [INFO] - Epoch:   67 | FVAL: 0.0378837
2019-07-24 14:07:44,896 - [INFO] - Epoch:   68 | FVAL: 0.0378795
2019-07-24 14:07:44,899 - [INFO] - Epoch:   69 | FVAL: 0.0378755
2019-07-24 14:07:44,901 - [INFO] - Epoch:   70 | FVAL: 0.0378717
2019-07-24 14:07:44,904 - [INFO] - Epoch:   71 | FVAL: 0.0378679
2019-07-24 14:07:44,907 - [INFO] - Epoch:   72 | FVAL: 0.0378644
2019-07-24 14:07:44,909 - [INFO] - Epoch:   73 | FVAL: 0.0378609
2019-07-24 14:07:44,912 - [INFO] - Epoch:   74 | FVAL: 0.0378576
2019-07-24 14:07:44,915 - [INFO] - Epoch:   75 | FVAL: 0.0378544
2019-07-24 14:07:44,917 - [INFO] - Epoch:   76 | FVAL: 0.0378514
2019-07-24 14:07:44,920 - [INFO] - Epoch:   77 | FVAL: 0.0378484
2019-07-24 14:07:44,923 - [INFO] - Epoch:   78 | FVAL: 0.0378456
2019-07-24 14:07:44,926 - [INFO] - Epoch:   79 | FVAL: 0.0378428
2019-07-24 14:07:44,928 - [INFO] - Epoch:   80 | FVAL: 0.0378401
2019-07-24 14:07:44,931 - [INFO] - Epoch:   81 | FVAL: 0.0378376
2019-07-24 14:07:44,934 - [INFO] - Epoch:   82 | FVAL: 0.0378351
2019-07-24 14:07:44,936 - [INFO] - Epoch:   83 | FVAL: 0.0378327
2019-07-24 14:07:44,939 - [INFO] - Epoch:   84 | FVAL: 0.0378304
2019-07-24 14:07:44,942 - [INFO] - Epoch:   85 | FVAL: 0.0378281
2019-07-24 14:07:44,945 - [INFO] - Epoch:   86 | FVAL: 0.0378260
2019-07-24 14:07:44,947 - [INFO] - Epoch:   87 | FVAL: 0.0378239
2019-07-24 14:07:44,950 - [INFO] - Epoch:   88 | FVAL: 0.0378219
2019-07-24 14:07:44,953 - [INFO] - Epoch:   89 | FVAL: 0.0378199
2019-07-24 14:07:44,955 - [INFO] - Epoch:   90 | FVAL: 0.0378180
2019-07-24 14:07:44,958 - [INFO] - Epoch:   91 | FVAL: 0.0378161
2019-07-24 14:07:44,961 - [INFO] - Epoch:   92 | FVAL: 0.0378144
2019-07-24 14:07:44,964 - [INFO] - Epoch:   93 | FVAL: 0.0378126
2019-07-24 14:07:44,966 - [INFO] - Epoch:   94 | FVAL: 0.0378109
2019-07-24 14:07:44,969 - [INFO] - Epoch:   95 | FVAL: 0.0378093
2019-07-24 14:07:44,972 - [INFO] - Epoch:   96 | FVAL: 0.0378077
2019-07-24 14:07:44,975 - [INFO] - Epoch:   97 | FVAL: 0.0378062
2019-07-24 14:07:44,977 - [INFO] - Epoch:   98 | FVAL: 0.0378047
2019-07-24 14:07:44,980 - [INFO] - Epoch:   99 | FVAL: 0.0378033
2019-07-24 14:07:44,983 - [INFO] - Epoch:  100 | FVAL: 0.0378019
2019-07-24 14:07:44,986 - [INFO] - Epoch:  101 | FVAL: 0.0378005
2019-07-24 14:07:44,989 - [INFO] - Epoch:  102 | FVAL: 0.0377992
2019-07-24 14:07:44,991 - [INFO] - Epoch:  103 | FVAL: 0.0377979
2019-07-24 14:07:44,994 - [INFO] - Epoch:  104 | FVAL: 0.0377966
2019-07-24 14:07:44,997 - [INFO] - Epoch:  105 | FVAL: 0.0377954
2019-07-24 14:07:45,000 - [INFO] - Epoch:  106 | FVAL: 0.0377942
2019-07-24 14:07:45,003 - [INFO] - Epoch:  107 | FVAL: 0.0377930
2019-07-24 14:07:45,005 - [INFO] - Epoch:  108 | FVAL: 0.0377919
2019-07-24 14:07:45,008 - [INFO] - Epoch:  109 | FVAL: 0.0377908
2019-07-24 14:07:45,011 - [INFO] - Epoch:  110 | FVAL: 0.0377897
2019-07-24 14:07:45,014 - [INFO] - Epoch:  111 | FVAL: 0.0377887
2019-07-24 14:07:45,017 - [INFO] - Epoch:  112 | FVAL: 0.0377877
2019-07-24 14:07:45,019 - [INFO] - Epoch:  113 | FVAL: 0.0377867
2019-07-24 14:07:45,673 - [INFO] - rcsum-- N:683 | d:10 | lambda:1e-06
2019-07-24 14:07:45,673 - [INFO] - Function value sequence convergence criteria.
2019-07-24 14:07:45,673 - [INFO] - Epoch:    0 | FVAL: 0.3465736
2019-07-24 14:07:45,676 - [INFO] - Epoch:    1 | FVAL: 0.0614297
2019-07-24 14:07:45,678 - [INFO] - Epoch:    2 | FVAL: 0.0513501
2019-07-24 14:07:45,681 - [INFO] - Epoch:    3 | FVAL: 0.0474976
2019-07-24 14:07:45,683 - [INFO] - Epoch:    4 | FVAL: 0.0454284
2019-07-24 14:07:45,686 - [INFO] - Epoch:    5 | FVAL: 0.0441150
2019-07-24 14:07:45,688 - [INFO] - Epoch:    6 | FVAL: 0.0431928
2019-07-24 14:07:45,691 - [INFO] - Epoch:    7 | FVAL: 0.0425021
2019-07-24 14:07:45,693 - [INFO] - Epoch:    8 | FVAL: 0.0419607
2019-07-24 14:07:45,696 - [INFO] - Epoch:    9 | FVAL: 0.0415219
2019-07-24 14:07:45,698 - [INFO] - Epoch:   10 | FVAL: 0.0411574
2019-07-24 14:07:45,701 - [INFO] - Epoch:   11 | FVAL: 0.0408485
2019-07-24 14:07:45,704 - [INFO] - Epoch:   12 | FVAL: 0.0405828
2019-07-24 14:07:45,706 - [INFO] - Epoch:   13 | FVAL: 0.0403513
2019-07-24 14:07:45,709 - [INFO] - Epoch:   14 | FVAL: 0.0401477
2019-07-24 14:07:45,711 - [INFO] - Epoch:   15 | FVAL: 0.0399675
2019-07-24 14:07:45,714 - [INFO] - Epoch:   16 | FVAL: 0.0398067
2019-07-24 14:07:45,717 - [INFO] - Epoch:   17 | FVAL: 0.0396627
2019-07-24 14:07:45,719 - [INFO] - Epoch:   18 | FVAL: 0.0395331
2019-07-24 14:07:45,722 - [INFO] - Epoch:   19 | FVAL: 0.0394160
2019-07-24 14:07:45,724 - [INFO] - Epoch:   20 | FVAL: 0.0393096
2019-07-24 14:07:45,727 - [INFO] - Epoch:   21 | FVAL: 0.0392127
2019-07-24 14:07:45,730 - [INFO] - Epoch:   22 | FVAL: 0.0391241
2019-07-24 14:07:45,732 - [INFO] - Epoch:   23 | FVAL: 0.0390430
2019-07-24 14:07:45,735 - [INFO] - Epoch:   24 | FVAL: 0.0389683
2019-07-24 14:07:45,737 - [INFO] - Epoch:   25 | FVAL: 0.0388996
2019-07-24 14:07:45,740 - [INFO] - Epoch:   26 | FVAL: 0.0388361
2019-07-24 14:07:45,743 - [INFO] - Epoch:   27 | FVAL: 0.0387773
2019-07-24 14:07:45,745 - [INFO] - Epoch:   28 | FVAL: 0.0387228
2019-07-24 14:07:45,748 - [INFO] - Epoch:   29 | FVAL: 0.0386722
2019-07-24 14:07:45,751 - [INFO] - Epoch:   30 | FVAL: 0.0386250
2019-07-24 14:07:45,753 - [INFO] - Epoch:   31 | FVAL: 0.0385810
2019-07-24 14:07:45,756 - [INFO] - Epoch:   32 | FVAL: 0.0385398
2019-07-24 14:07:45,759 - [INFO] - Epoch:   33 | FVAL: 0.0385013
2019-07-24 14:07:45,761 - [INFO] - Epoch:   34 | FVAL: 0.0384652
2019-07-24 14:07:45,764 - [INFO] - Epoch:   35 | FVAL: 0.0384313
2019-07-24 14:07:45,767 - [INFO] - Epoch:   36 | FVAL: 0.0383995
2019-07-24 14:07:45,769 - [INFO] - Epoch:   37 | FVAL: 0.0383695
2019-07-24 14:07:45,772 - [INFO] - Epoch:   38 | FVAL: 0.0383412
2019-07-24 14:07:45,775 - [INFO] - Epoch:   39 | FVAL: 0.0383146
2019-07-24 14:07:45,777 - [INFO] - Epoch:   40 | FVAL: 0.0382894
2019-07-24 14:07:45,780 - [INFO] - Epoch:   41 | FVAL: 0.0382656
2019-07-24 14:07:45,783 - [INFO] - Epoch:   42 | FVAL: 0.0382430
2019-07-24 14:07:45,786 - [INFO] - Epoch:   43 | FVAL: 0.0382217
2019-07-24 14:07:45,788 - [INFO] - Epoch:   44 | FVAL: 0.0382014
2019-07-24 14:07:45,791 - [INFO] - Epoch:   45 | FVAL: 0.0381822
2019-07-24 14:07:45,794 - [INFO] - Epoch:   46 | FVAL: 0.0381639
2019-07-24 14:07:45,797 - [INFO] - Epoch:   47 | FVAL: 0.0381466
2019-07-24 14:07:45,799 - [INFO] - Epoch:   48 | FVAL: 0.0381300
2019-07-24 14:07:45,802 - [INFO] - Epoch:   49 | FVAL: 0.0381143
2019-07-24 14:07:45,805 - [INFO] - Epoch:   50 | FVAL: 0.0380993
2019-07-24 14:07:45,808 - [INFO] - Epoch:   51 | FVAL: 0.0380850
2019-07-24 14:07:45,810 - [INFO] - Epoch:   52 | FVAL: 0.0380714
2019-07-24 14:07:45,813 - [INFO] - Epoch:   53 | FVAL: 0.0380584
2019-07-24 14:07:45,816 - [INFO] - Epoch:   54 | FVAL: 0.0380460
2019-07-24 14:07:45,819 - [INFO] - Epoch:   55 | FVAL: 0.0380341
2019-07-24 14:07:45,821 - [INFO] - Epoch:   56 | FVAL: 0.0380227
2019-07-24 14:07:45,824 - [INFO] - Epoch:   57 | FVAL: 0.0380119
2019-07-24 14:07:45,827 - [INFO] - Epoch:   58 | FVAL: 0.0380015
2019-07-24 14:07:45,829 - [INFO] - Epoch:   59 | FVAL: 0.0379915
2019-07-24 14:07:45,832 - [INFO] - Epoch:   60 | FVAL: 0.0379819
2019-07-24 14:07:45,834 - [INFO] - Epoch:   61 | FVAL: 0.0379728
2019-07-24 14:07:45,837 - [INFO] - Epoch:   62 | FVAL: 0.0379640
2019-07-24 14:07:45,840 - [INFO] - Epoch:   63 | FVAL: 0.0379555
2019-07-24 14:07:45,842 - [INFO] - Epoch:   64 | FVAL: 0.0379474
2019-07-24 14:07:45,845 - [INFO] - Epoch:   65 | FVAL: 0.0379396
2019-07-24 14:07:45,848 - [INFO] - Epoch:   66 | FVAL: 0.0379321
2019-07-24 14:07:45,850 - [INFO] - Epoch:   67 | FVAL: 0.0379249
2019-07-24 14:07:45,853 - [INFO] - Epoch:   68 | FVAL: 0.0379180
2019-07-24 14:07:45,856 - [INFO] - Epoch:   69 | FVAL: 0.0379113
2019-07-24 14:07:45,858 - [INFO] - Epoch:   70 | FVAL: 0.0379049
2019-07-24 14:07:45,861 - [INFO] - Epoch:   71 | FVAL: 0.0378987
2019-07-24 14:07:45,864 - [INFO] - Epoch:   72 | FVAL: 0.0378928
2019-07-24 14:07:45,867 - [INFO] - Epoch:   73 | FVAL: 0.0378870
2019-07-24 14:07:45,870 - [INFO] - Epoch:   74 | FVAL: 0.0378815
2019-07-24 14:07:45,872 - [INFO] - Epoch:   75 | FVAL: 0.0378761
2019-07-24 14:07:45,875 - [INFO] - Epoch:   76 | FVAL: 0.0378710
2019-07-24 14:07:45,878 - [INFO] - Epoch:   77 | FVAL: 0.0378660
2019-07-24 14:07:45,881 - [INFO] - Epoch:   78 | FVAL: 0.0378612
2019-07-24 14:07:45,884 - [INFO] - Epoch:   79 | FVAL: 0.0378565
2019-07-24 14:07:45,887 - [INFO] - Epoch:   80 | FVAL: 0.0378520
2019-07-24 14:07:45,890 - [INFO] - Epoch:   81 | FVAL: 0.0378477
2019-07-24 14:07:45,893 - [INFO] - Epoch:   82 | FVAL: 0.0378435
2019-07-24 14:07:45,896 - [INFO] - Epoch:   83 | FVAL: 0.0378394
2019-07-24 14:07:45,899 - [INFO] - Epoch:   84 | FVAL: 0.0378355
2019-07-24 14:07:45,902 - [INFO] - Epoch:   85 | FVAL: 0.0378316
2019-07-24 14:07:45,905 - [INFO] - Epoch:   86 | FVAL: 0.0378279
2019-07-24 14:07:45,908 - [INFO] - Epoch:   87 | FVAL: 0.0378244
2019-07-24 14:07:45,911 - [INFO] - Epoch:   88 | FVAL: 0.0378209
2019-07-24 14:07:45,914 - [INFO] - Epoch:   89 | FVAL: 0.0378175
2019-07-24 14:07:45,916 - [INFO] - Epoch:   90 | FVAL: 0.0378143
2019-07-24 14:07:45,919 - [INFO] - Epoch:   91 | FVAL: 0.0378111
2019-07-24 14:07:45,922 - [INFO] - Epoch:   92 | FVAL: 0.0378080
2019-07-24 14:07:45,925 - [INFO] - Epoch:   93 | FVAL: 0.0378050
2019-07-24 14:07:45,928 - [INFO] - Epoch:   94 | FVAL: 0.0378021
2019-07-24 14:07:45,931 - [INFO] - Epoch:   95 | FVAL: 0.0377993
2019-07-24 14:07:45,934 - [INFO] - Epoch:   96 | FVAL: 0.0377966
2019-07-24 14:07:45,937 - [INFO] - Epoch:   97 | FVAL: 0.0377939
2019-07-24 14:07:45,940 - [INFO] - Epoch:   98 | FVAL: 0.0377914
2019-07-24 14:07:45,943 - [INFO] - Epoch:   99 | FVAL: 0.0377888
2019-07-24 14:07:45,946 - [INFO] - Epoch:  100 | FVAL: 0.0377864
2019-07-24 14:07:45,949 - [INFO] - Epoch:  101 | FVAL: 0.0377840
2019-07-24 14:07:45,952 - [INFO] - Epoch:  102 | FVAL: 0.0377817
2019-07-24 14:07:45,955 - [INFO] - Epoch:  103 | FVAL: 0.0377794
2019-07-24 14:07:45,958 - [INFO] - Epoch:  104 | FVAL: 0.0377772
2019-07-24 14:07:45,961 - [INFO] - Epoch:  105 | FVAL: 0.0377751
2019-07-24 14:07:45,964 - [INFO] - Epoch:  106 | FVAL: 0.0377730
2019-07-24 14:07:45,967 - [INFO] - Epoch:  107 | FVAL: 0.0377710
2019-07-24 14:07:45,970 - [INFO] - Epoch:  108 | FVAL: 0.0377690
2019-07-24 14:07:45,973 - [INFO] - Epoch:  109 | FVAL: 0.0377671
2019-07-24 14:07:45,975 - [INFO] - Epoch:  110 | FVAL: 0.0377652
2019-07-24 14:07:45,978 - [INFO] - Epoch:  111 | FVAL: 0.0377633
2019-07-24 14:07:45,981 - [INFO] - Epoch:  112 | FVAL: 0.0377615
2019-07-24 14:07:45,984 - [INFO] - Epoch:  113 | FVAL: 0.0377598
2019-07-24 14:07:45,987 - [INFO] - Epoch:  114 | FVAL: 0.0377581
2019-07-24 14:07:45,990 - [INFO] - Epoch:  115 | FVAL: 0.0377564
2019-07-24 14:07:45,992 - [INFO] - Epoch:  116 | FVAL: 0.0377548
2019-07-24 14:07:45,995 - [INFO] - Epoch:  117 | FVAL: 0.0377532
2019-07-24 14:07:45,998 - [INFO] - Epoch:  118 | FVAL: 0.0377516
2019-07-24 14:07:46,001 - [INFO] - Epoch:  119 | FVAL: 0.0377501
2019-07-24 14:07:46,004 - [INFO] - Epoch:  120 | FVAL: 0.0377486
2019-07-24 14:07:46,007 - [INFO] - Epoch:  121 | FVAL: 0.0377472
2019-07-24 14:07:46,010 - [INFO] - Epoch:  122 | FVAL: 0.0377458
2019-07-24 14:07:46,012 - [INFO] - Epoch:  123 | FVAL: 0.0377444
2019-07-24 14:07:46,015 - [INFO] - Epoch:  124 | FVAL: 0.0377430
2019-07-24 14:07:46,018 - [INFO] - Epoch:  125 | FVAL: 0.0377417
2019-07-24 14:07:46,021 - [INFO] - Epoch:  126 | FVAL: 0.0377404
2019-07-24 14:07:46,024 - [INFO] - Epoch:  127 | FVAL: 0.0377391
2019-07-24 14:07:46,027 - [INFO] - Epoch:  128 | FVAL: 0.0377378
2019-07-24 14:07:46,030 - [INFO] - Epoch:  129 | FVAL: 0.0377366
2019-07-24 14:07:46,033 - [INFO] - Epoch:  130 | FVAL: 0.0377354
2019-07-24 14:07:46,036 - [INFO] - Epoch:  131 | FVAL: 0.0377342
2019-07-24 14:07:46,039 - [INFO] - Epoch:  132 | FVAL: 0.0377331
2019-07-24 14:07:46,041 - [INFO] - Epoch:  133 | FVAL: 0.0377320
2019-07-24 14:07:46,044 - [INFO] - Epoch:  134 | FVAL: 0.0377309
2019-07-24 14:07:46,047 - [INFO] - Epoch:  135 | FVAL: 0.0377298
2019-07-24 14:07:46,050 - [INFO] - Epoch:  136 | FVAL: 0.0377287
2019-07-24 14:07:46,053 - [INFO] - Epoch:  137 | FVAL: 0.0377277
2019-07-24 14:07:46,056 - [INFO] - Epoch:  138 | FVAL: 0.0377267
2019-07-24 14:07:46,059 - [INFO] - Epoch:  139 | FVAL: 0.0377257
