2019-07-24 14:07:41,879 - [INFO] - rcsum-- N:683 | d:10 | lambda:0.1
2019-07-24 14:07:41,899 - [INFO] - Function value sequence convergence criteria.
2019-07-24 14:07:41,899 - [INFO] - Epoch:    0 | FVAL: 0.3465736
2019-07-24 14:07:41,902 - [INFO] - Epoch:    1 | FVAL: 0.2794055
2019-07-24 14:07:41,905 - [INFO] - Epoch:    2 | FVAL: 0.2770569
2019-07-24 14:07:41,908 - [INFO] - Epoch:    3 | FVAL: 0.2764443
2019-07-24 14:07:41,911 - [INFO] - Epoch:    4 | FVAL: 0.2761786
2019-07-24 14:07:41,913 - [INFO] - Epoch:    5 | FVAL: 0.2760568
2019-07-24 14:07:41,915 - [INFO] - Epoch:    6 | FVAL: 0.2759653
2019-07-24 14:07:41,917 - [INFO] - Epoch:    7 | FVAL: 0.2758654
2019-07-24 14:07:41,923 - [INFO] - Epoch:    8 | FVAL: 0.2758103
2019-07-24 14:07:41,925 - [INFO] - Epoch:    9 | FVAL: 0.2757570
2019-07-24 14:07:41,928 - [INFO] - Epoch:   10 | FVAL: 0.2757129
2019-07-24 14:07:41,930 - [INFO] - Epoch:   11 | FVAL: 0.2756799
2019-07-24 14:07:41,932 - [INFO] - Epoch:   12 | FVAL: 0.2756538
2019-07-24 14:07:41,934 - [INFO] - Epoch:   13 | FVAL: 0.2756360
2019-07-24 14:07:41,936 - [INFO] - Epoch:   14 | FVAL: 0.2756224
2019-07-24 14:07:41,939 - [INFO] - Epoch:   15 | FVAL: 0.2756099
2019-07-24 14:07:41,941 - [INFO] - Epoch:   16 | FVAL: 0.2756016
2019-07-24 14:07:41,943 - [INFO] - Epoch:   17 | FVAL: 0.2755942
2019-07-24 14:07:41,946 - [INFO] - Epoch:   18 | FVAL: 0.2755898
2019-07-24 14:07:41,948 - [INFO] - Epoch:   19 | FVAL: 0.2755847
2019-07-24 14:07:41,950 - [INFO] - Epoch:   20 | FVAL: 0.2755810
2019-07-24 14:07:41,952 - [INFO] - Epoch:   21 | FVAL: 0.2755774
2019-07-24 14:07:41,955 - [INFO] - Epoch:   22 | FVAL: 0.2755751
2019-07-24 14:07:41,957 - [INFO] - Epoch:   23 | FVAL: 0.2755732
2019-07-24 14:07:41,959 - [INFO] - Epoch:   24 | FVAL: 0.2755713
2019-07-24 14:07:41,962 - [INFO] - Epoch:   25 | FVAL: 0.2755703
2019-07-24 14:07:41,964 - [INFO] - Epoch:   26 | FVAL: 0.2755689
2019-07-24 14:07:41,966 - [INFO] - Epoch:   27 | FVAL: 0.2755678
2019-07-24 14:07:41,969 - [INFO] - Epoch:   28 | FVAL: 0.2755673
2019-07-24 14:07:42,055 - [INFO] - rcsum-- N:683 | d:10 | lambda:0.01
2019-07-24 14:07:42,056 - [INFO] - Function value sequence convergence criteria.
2019-07-24 14:07:42,056 - [INFO] - Epoch:    0 | FVAL: 0.3465736
2019-07-24 14:07:42,058 - [INFO] - Epoch:    1 | FVAL: 0.1048880
2019-07-24 14:07:42,060 - [INFO] - Epoch:    2 | FVAL: 0.0992784
2019-07-24 14:07:42,062 - [INFO] - Epoch:    3 | FVAL: 0.0972967
2019-07-24 14:07:42,064 - [INFO] - Epoch:    4 | FVAL: 0.0961399
2019-07-24 14:07:42,067 - [INFO] - Epoch:    5 | FVAL: 0.0952966
2019-07-24 14:07:42,069 - [INFO] - Epoch:    6 | FVAL: 0.0946300
2019-07-24 14:07:42,071 - [INFO] - Epoch:    7 | FVAL: 0.0940909
2019-07-24 14:07:42,073 - [INFO] - Epoch:    8 | FVAL: 0.0936465
2019-07-24 14:07:42,076 - [INFO] - Epoch:    9 | FVAL: 0.0932795
2019-07-24 14:07:42,078 - [INFO] - Epoch:   10 | FVAL: 0.0929753
2019-07-24 14:07:42,080 - [INFO] - Epoch:   11 | FVAL: 0.0927185
2019-07-24 14:07:42,083 - [INFO] - Epoch:   12 | FVAL: 0.0925003
2019-07-24 14:07:42,085 - [INFO] - Epoch:   13 | FVAL: 0.0923151
2019-07-24 14:07:42,087 - [INFO] - Epoch:   14 | FVAL: 0.0921600
2019-07-24 14:07:42,090 - [INFO] - Epoch:   15 | FVAL: 0.0920318
2019-07-24 14:07:42,092 - [INFO] - Epoch:   16 | FVAL: 0.0919199
2019-07-24 14:07:42,094 - [INFO] - Epoch:   17 | FVAL: 0.0918221
2019-07-24 14:07:42,096 - [INFO] - Epoch:   18 | FVAL: 0.0917355
2019-07-24 14:07:42,099 - [INFO] - Epoch:   19 | FVAL: 0.0916580
2019-07-24 14:07:42,101 - [INFO] - Epoch:   20 | FVAL: 0.0915888
2019-07-24 14:07:42,103 - [INFO] - Epoch:   21 | FVAL: 0.0915264
2019-07-24 14:07:42,106 - [INFO] - Epoch:   22 | FVAL: 0.0914700
2019-07-24 14:07:42,108 - [INFO] - Epoch:   23 | FVAL: 0.0914188
2019-07-24 14:07:42,110 - [INFO] - Epoch:   24 | FVAL: 0.0913721
2019-07-24 14:07:42,113 - [INFO] - Epoch:   25 | FVAL: 0.0913292
2019-07-24 14:07:42,115 - [INFO] - Epoch:   26 | FVAL: 0.0912899
2019-07-24 14:07:42,118 - [INFO] - Epoch:   27 | FVAL: 0.0912539
2019-07-24 14:07:42,120 - [INFO] - Epoch:   28 | FVAL: 0.0912204
2019-07-24 14:07:42,122 - [INFO] - Epoch:   29 | FVAL: 0.0911894
2019-07-24 14:07:42,125 - [INFO] - Epoch:   30 | FVAL: 0.0911605
2019-07-24 14:07:42,127 - [INFO] - Epoch:   31 | FVAL: 0.0911337
2019-07-24 14:07:42,129 - [INFO] - Epoch:   32 | FVAL: 0.0911085
2019-07-24 14:07:42,132 - [INFO] - Epoch:   33 | FVAL: 0.0910851
2019-07-24 14:07:42,134 - [INFO] - Epoch:   34 | FVAL: 0.0910631
2019-07-24 14:07:42,137 - [INFO] - Epoch:   35 | FVAL: 0.0910423
2019-07-24 14:07:42,139 - [INFO] - Epoch:   36 | FVAL: 0.0910229
2019-07-24 14:07:42,141 - [INFO] - Epoch:   37 | FVAL: 0.0910046
2019-07-24 14:07:42,144 - [INFO] - Epoch:   38 | FVAL: 0.0909873
2019-07-24 14:07:42,146 - [INFO] - Epoch:   39 | FVAL: 0.0909710
2019-07-24 14:07:42,149 - [INFO] - Epoch:   40 | FVAL: 0.0909556
2019-07-24 14:07:42,151 - [INFO] - Epoch:   41 | FVAL: 0.0909409
2019-07-24 14:07:42,153 - [INFO] - Epoch:   42 | FVAL: 0.0909271
2019-07-24 14:07:42,156 - [INFO] - Epoch:   43 | FVAL: 0.0909140
2019-07-24 14:07:42,158 - [INFO] - Epoch:   44 | FVAL: 0.0909016
2019-07-24 14:07:42,161 - [INFO] - Epoch:   45 | FVAL: 0.0908898
2019-07-24 14:07:42,163 - [INFO] - Epoch:   46 | FVAL: 0.0908786
2019-07-24 14:07:42,166 - [INFO] - Epoch:   47 | FVAL: 0.0908681
2019-07-24 14:07:42,168 - [INFO] - Epoch:   48 | FVAL: 0.0908580
2019-07-24 14:07:42,171 - [INFO] - Epoch:   49 | FVAL: 0.0908484
2019-07-24 14:07:42,173 - [INFO] - Epoch:   50 | FVAL: 0.0908392
2019-07-24 14:07:42,176 - [INFO] - Epoch:   51 | FVAL: 0.0908305
2019-07-24 14:07:42,178 - [INFO] - Epoch:   52 | FVAL: 0.0908222
2019-07-24 14:07:42,180 - [INFO] - Epoch:   53 | FVAL: 0.0908144
2019-07-24 14:07:42,183 - [INFO] - Epoch:   54 | FVAL: 0.0908069
2019-07-24 14:07:42,185 - [INFO] - Epoch:   55 | FVAL: 0.0907998
2019-07-24 14:07:42,188 - [INFO] - Epoch:   56 | FVAL: 0.0907929
2019-07-24 14:07:42,191 - [INFO] - Epoch:   57 | FVAL: 0.0907864
2019-07-24 14:07:42,193 - [INFO] - Epoch:   58 | FVAL: 0.0907802
2019-07-24 14:07:42,196 - [INFO] - Epoch:   59 | FVAL: 0.0907743
2019-07-24 14:07:42,198 - [INFO] - Epoch:   60 | FVAL: 0.0907686
2019-07-24 14:07:42,201 - [INFO] - Epoch:   61 | FVAL: 0.0907632
2019-07-24 14:07:42,213 - [INFO] - Epoch:   62 | FVAL: 0.0907580
2019-07-24 14:07:42,221 - [INFO] - Epoch:   63 | FVAL: 0.0907531
2019-07-24 14:07:42,223 - [INFO] - Epoch:   64 | FVAL: 0.0907484
2019-07-24 14:07:42,226 - [INFO] - Epoch:   65 | FVAL: 0.0907439
2019-07-24 14:07:42,228 - [INFO] - Epoch:   66 | FVAL: 0.0907396
2019-07-24 14:07:42,231 - [INFO] - Epoch:   67 | FVAL: 0.0907355
2019-07-24 14:07:42,233 - [INFO] - Epoch:   68 | FVAL: 0.0907316
2019-07-24 14:07:42,236 - [INFO] - Epoch:   69 | FVAL: 0.0907278
2019-07-24 14:07:42,239 - [INFO] - Epoch:   70 | FVAL: 0.0907242
2019-07-24 14:07:42,241 - [INFO] - Epoch:   71 | FVAL: 0.0907208
2019-07-24 14:07:42,244 - [INFO] - Epoch:   72 | FVAL: 0.0907175
2019-07-24 14:07:42,246 - [INFO] - Epoch:   73 | FVAL: 0.0907144
2019-07-24 14:07:42,249 - [INFO] - Epoch:   74 | FVAL: 0.0907115
2019-07-24 14:07:42,252 - [INFO] - Epoch:   75 | FVAL: 0.0907086
2019-07-24 14:07:42,254 - [INFO] - Epoch:   76 | FVAL: 0.0907059
2019-07-24 14:07:42,257 - [INFO] - Epoch:   77 | FVAL: 0.0907033
2019-07-24 14:07:42,259 - [INFO] - Epoch:   78 | FVAL: 0.0907008
2019-07-24 14:07:42,262 - [INFO] - Epoch:   79 | FVAL: 0.0906984
2019-07-24 14:07:42,265 - [INFO] - Epoch:   80 | FVAL: 0.0906961
2019-07-24 14:07:42,267 - [INFO] - Epoch:   81 | FVAL: 0.0906939
2019-07-24 14:07:42,270 - [INFO] - Epoch:   82 | FVAL: 0.0906919
2019-07-24 14:07:42,272 - [INFO] - Epoch:   83 | FVAL: 0.0906899
2019-07-24 14:07:42,275 - [INFO] - Epoch:   84 | FVAL: 0.0906880
2019-07-24 14:07:42,278 - [INFO] - Epoch:   85 | FVAL: 0.0906862
2019-07-24 14:07:42,280 - [INFO] - Epoch:   86 | FVAL: 0.0906844
2019-07-24 14:07:42,283 - [INFO] - Epoch:   87 | FVAL: 0.0906828
2019-07-24 14:07:42,285 - [INFO] - Epoch:   88 | FVAL: 0.0906812
2019-07-24 14:07:42,288 - [INFO] - Epoch:   89 | FVAL: 0.0906797
2019-07-24 14:07:42,291 - [INFO] - Epoch:   90 | FVAL: 0.0906782
2019-07-24 14:07:42,293 - [INFO] - Epoch:   91 | FVAL: 0.0906768
2019-07-24 14:07:42,296 - [INFO] - Epoch:   92 | FVAL: 0.0906755
2019-07-24 14:07:42,299 - [INFO] - Epoch:   93 | FVAL: 0.0906742
2019-07-24 14:07:42,301 - [INFO] - Epoch:   94 | FVAL: 0.0906730
2019-07-24 14:07:42,304 - [INFO] - Epoch:   95 | FVAL: 0.0906719
2019-07-24 14:07:42,307 - [INFO] - Epoch:   96 | FVAL: 0.0906708
2019-07-24 14:07:42,310 - [INFO] - Epoch:   97 | FVAL: 0.0906697
2019-07-24 14:07:42,312 - [INFO] - Epoch:   98 | FVAL: 0.0906687
2019-07-24 14:07:42,315 - [INFO] - Epoch:   99 | FVAL: 0.0906678
2019-07-24 14:07:42,638 - [INFO] - rcsum-- N:683 | d:10 | lambda:0.001
2019-07-24 14:07:42,639 - [INFO] - Function value sequence convergence criteria.
2019-07-24 14:07:42,639 - [INFO] - Epoch:    0 | FVAL: 0.3465736
2019-07-24 14:07:42,641 - [INFO] - Epoch:    1 | FVAL: 0.0690432
2019-07-24 14:07:42,643 - [INFO] - Epoch:    2 | FVAL: 0.0581206
2019-07-24 14:07:42,646 - [INFO] - Epoch:    3 | FVAL: 0.0540714
2019-07-24 14:07:42,648 - [INFO] - Epoch:    4 | FVAL: 0.0519593
2019-07-24 14:07:42,650 - [INFO] - Epoch:    5 | FVAL: 0.0506382
2019-07-24 14:07:42,652 - [INFO] - Epoch:    6 | FVAL: 0.0497190
2019-07-24 14:07:42,655 - [INFO] - Epoch:    7 | FVAL: 0.0490347
2019-07-24 14:07:42,657 - [INFO] - Epoch:    8 | FVAL: 0.0485004
2019-07-24 14:07:42,659 - [INFO] - Epoch:    9 | FVAL: 0.0480718
2019-07-24 14:07:42,662 - [INFO] - Epoch:   10 | FVAL: 0.0477172
2019-07-24 14:07:42,664 - [INFO] - Epoch:   11 | FVAL: 0.0474185
2019-07-24 14:07:42,666 - [INFO] - Epoch:   12 | FVAL: 0.0471630
2019-07-24 14:07:42,669 - [INFO] - Epoch:   13 | FVAL: 0.0469417
2019-07-24 14:07:42,671 - [INFO] - Epoch:   14 | FVAL: 0.0467482
2019-07-24 14:07:42,673 - [INFO] - Epoch:   15 | FVAL: 0.0465778
2019-07-24 14:07:42,676 - [INFO] - Epoch:   16 | FVAL: 0.0464270
2019-07-24 14:07:42,678 - [INFO] - Epoch:   17 | FVAL: 0.0462927
2019-07-24 14:07:42,681 - [INFO] - Epoch:   18 | FVAL: 0.0461726
2019-07-24 14:07:42,683 - [INFO] - Epoch:   19 | FVAL: 0.0460647
2019-07-24 14:07:42,685 - [INFO] - Epoch:   20 | FVAL: 0.0459675
2019-07-24 14:07:42,688 - [INFO] - Epoch:   21 | FVAL: 0.0458797
2019-07-24 14:07:42,690 - [INFO] - Epoch:   22 | FVAL: 0.0458001
2019-07-24 14:07:42,692 - [INFO] - Epoch:   23 | FVAL: 0.0457277
2019-07-24 14:07:42,695 - [INFO] - Epoch:   24 | FVAL: 0.0456618
2019-07-24 14:07:42,697 - [INFO] - Epoch:   25 | FVAL: 0.0456017
2019-07-24 14:07:42,700 - [INFO] - Epoch:   26 | FVAL: 0.0455466
2019-07-24 14:07:42,702 - [INFO] - Epoch:   27 | FVAL: 0.0454962
2019-07-24 14:07:42,704 - [INFO] - Epoch:   28 | FVAL: 0.0454499
2019-07-24 14:07:42,707 - [INFO] - Epoch:   29 | FVAL: 0.0454074
2019-07-24 14:07:42,709 - [INFO] - Epoch:   30 | FVAL: 0.0453682
2019-07-24 14:07:42,712 - [INFO] - Epoch:   31 | FVAL: 0.0453321
2019-07-24 14:07:42,714 - [INFO] - Epoch:   32 | FVAL: 0.0452987
2019-07-24 14:07:42,717 - [INFO] - Epoch:   33 | FVAL: 0.0452679
2019-07-24 14:07:42,719 - [INFO] - Epoch:   34 | FVAL: 0.0452393
2019-07-24 14:07:42,721 - [INFO] - Epoch:   35 | FVAL: 0.0452129
2019-07-24 14:07:42,724 - [INFO] - Epoch:   36 | FVAL: 0.0451884
2019-07-24 14:07:42,726 - [INFO] - Epoch:   37 | FVAL: 0.0451657
2019-07-24 14:07:42,729 - [INFO] - Epoch:   38 | FVAL: 0.0451446
2019-07-24 14:07:42,731 - [INFO] - Epoch:   39 | FVAL: 0.0451250
2019-07-24 14:07:42,734 - [INFO] - Epoch:   40 | FVAL: 0.0451068
2019-07-24 14:07:42,736 - [INFO] - Epoch:   41 | FVAL: 0.0450899
2019-07-24 14:07:42,739 - [INFO] - Epoch:   42 | FVAL: 0.0450741
2019-07-24 14:07:42,742 - [INFO] - Epoch:   43 | FVAL: 0.0450594
2019-07-24 14:07:42,744 - [INFO] - Epoch:   44 | FVAL: 0.0450457
2019-07-24 14:07:42,747 - [INFO] - Epoch:   45 | FVAL: 0.0450329
2019-07-24 14:07:42,750 - [INFO] - Epoch:   46 | FVAL: 0.0450210
2019-07-24 14:07:42,752 - [INFO] - Epoch:   47 | FVAL: 0.0450099
2019-07-24 14:07:42,755 - [INFO] - Epoch:   48 | FVAL: 0.0449995
2019-07-24 14:07:42,757 - [INFO] - Epoch:   49 | FVAL: 0.0449898
2019-07-24 14:07:42,760 - [INFO] - Epoch:   50 | FVAL: 0.0449807
2019-07-24 14:07:42,762 - [INFO] - Epoch:   51 | FVAL: 0.0449723
2019-07-24 14:07:42,773 - [INFO] - Epoch:   52 | FVAL: 0.0449643
2019-07-24 14:07:42,782 - [INFO] - Epoch:   53 | FVAL: 0.0449569
2019-07-24 14:07:42,785 - [INFO] - Epoch:   54 | FVAL: 0.0449500
2019-07-24 14:07:42,787 - [INFO] - Epoch:   55 | FVAL: 0.0449435
2019-07-24 14:07:42,790 - [INFO] - Epoch:   56 | FVAL: 0.0449374
2019-07-24 14:07:42,792 - [INFO] - Epoch:   57 | FVAL: 0.0449317
2019-07-24 14:07:42,795 - [INFO] - Epoch:   58 | FVAL: 0.0449264
2019-07-24 14:07:42,798 - [INFO] - Epoch:   59 | FVAL: 0.0449214
2019-07-24 14:07:42,800 - [INFO] - Epoch:   60 | FVAL: 0.0449167
2019-07-24 14:07:42,803 - [INFO] - Epoch:   61 | FVAL: 0.0449123
2019-07-24 14:07:42,805 - [INFO] - Epoch:   62 | FVAL: 0.0449081
2019-07-24 14:07:42,808 - [INFO] - Epoch:   63 | FVAL: 0.0449043
2019-07-24 14:07:42,810 - [INFO] - Epoch:   64 | FVAL: 0.0449006
2019-07-24 14:07:42,813 - [INFO] - Epoch:   65 | FVAL: 0.0448972
2019-07-24 14:07:42,816 - [INFO] - Epoch:   66 | FVAL: 0.0448940
2019-07-24 14:07:42,818 - [INFO] - Epoch:   67 | FVAL: 0.0448910
2019-07-24 14:07:42,821 - [INFO] - Epoch:   68 | FVAL: 0.0448881
2019-07-24 14:07:42,823 - [INFO] - Epoch:   69 | FVAL: 0.0448854
2019-07-24 14:07:42,826 - [INFO] - Epoch:   70 | FVAL: 0.0448829
2019-07-24 14:07:42,829 - [INFO] - Epoch:   71 | FVAL: 0.0448805
2019-07-24 14:07:42,831 - [INFO] - Epoch:   72 | FVAL: 0.0448783
2019-07-24 14:07:42,834 - [INFO] - Epoch:   73 | FVAL: 0.0448762
2019-07-24 14:07:42,836 - [INFO] - Epoch:   74 | FVAL: 0.0448742
2019-07-24 14:07:42,839 - [INFO] - Epoch:   75 | FVAL: 0.0448723
2019-07-24 14:07:42,842 - [INFO] - Epoch:   76 | FVAL: 0.0448706
2019-07-24 14:07:42,844 - [INFO] - Epoch:   77 | FVAL: 0.0448689
2019-07-24 14:07:42,847 - [INFO] - Epoch:   78 | FVAL: 0.0448673
2019-07-24 14:07:42,850 - [INFO] - Epoch:   79 | FVAL: 0.0448658
2019-07-24 14:07:42,852 - [INFO] - Epoch:   80 | FVAL: 0.0448644
2019-07-24 14:07:42,855 - [INFO] - Epoch:   81 | FVAL: 0.0448631
2019-07-24 14:07:42,858 - [INFO] - Epoch:   82 | FVAL: 0.0448618
2019-07-24 14:07:42,860 - [INFO] - Epoch:   83 | FVAL: 0.0448607
2019-07-24 14:07:42,863 - [INFO] - Epoch:   84 | FVAL: 0.0448595
2019-07-24 14:07:42,866 - [INFO] - Epoch:   85 | FVAL: 0.0448585
2019-07-24 14:07:42,868 - [INFO] - Epoch:   86 | FVAL: 0.0448574
2019-07-24 14:07:42,871 - [INFO] - Epoch:   87 | FVAL: 0.0448565
2019-07-24 14:07:43,512 - [INFO] - rcsum-- N:683 | d:10 | lambda:0.0001
2019-07-24 14:07:43,513 - [INFO] - Function value sequence convergence criteria.
2019-07-24 14:07:43,513 - [INFO] - Epoch:    0 | FVAL: 0.3465736
2019-07-24 14:07:43,515 - [INFO] - Epoch:    1 | FVAL: 0.0683331
2019-07-24 14:07:43,517 - [INFO] - Epoch:    2 | FVAL: 0.0569032
2019-07-24 14:07:43,520 - [INFO] - Epoch:    3 | FVAL: 0.0522700
2019-07-24 14:07:43,522 - [INFO] - Epoch:    4 | FVAL: 0.0496245
2019-07-24 14:07:43,524 - [INFO] - Epoch:    5 | FVAL: 0.0478486
2019-07-24 14:07:43,527 - [INFO] - Epoch:    6 | FVAL: 0.0465397
2019-07-24 14:07:43,529 - [INFO] - Epoch:    7 | FVAL: 0.0455196
2019-07-24 14:07:43,531 - [INFO] - Epoch:    8 | FVAL: 0.0446952
2019-07-24 14:07:43,534 - [INFO] - Epoch:    9 | FVAL: 0.0440119
2019-07-24 14:07:43,536 - [INFO] - Epoch:   10 | FVAL: 0.0434346
2019-07-24 14:07:43,538 - [INFO] - Epoch:   11 | FVAL: 0.0429407
2019-07-24 14:07:43,541 - [INFO] - Epoch:   12 | FVAL: 0.0425140
2019-07-24 14:07:43,543 - [INFO] - Epoch:   13 | FVAL: 0.0421427
2019-07-24 14:07:43,545 - [INFO] - Epoch:   14 | FVAL: 0.0418173
2019-07-24 14:07:43,548 - [INFO] - Epoch:   15 | FVAL: 0.0415309
2019-07-24 14:07:43,550 - [INFO] - Epoch:   16 | FVAL: 0.0412779
2019-07-24 14:07:43,552 - [INFO] - Epoch:   17 | FVAL: 0.0410532
2019-07-24 14:07:43,555 - [INFO] - Epoch:   18 | FVAL: 0.0408532
2019-07-24 14:07:43,557 - [INFO] - Epoch:   19 | FVAL: 0.0406744
2019-07-24 14:07:43,560 - [INFO] - Epoch:   20 | FVAL: 0.0405141
2019-07-24 14:07:43,562 - [INFO] - Epoch:   21 | FVAL: 0.0403699
2019-07-24 14:07:43,564 - [INFO] - Epoch:   22 | FVAL: 0.0402399
2019-07-24 14:07:43,567 - [INFO] - Epoch:   23 | FVAL: 0.0401223
2019-07-24 14:07:43,569 - [INFO] - Epoch:   24 | FVAL: 0.0400156
2019-07-24 14:07:43,572 - [INFO] - Epoch:   25 | FVAL: 0.0399186
2019-07-24 14:07:43,574 - [INFO] - Epoch:   26 | FVAL: 0.0398302
2019-07-24 14:07:43,576 - [INFO] - Epoch:   27 | FVAL: 0.0397494
2019-07-24 14:07:43,579 - [INFO] - Epoch:   28 | FVAL: 0.0396753
2019-07-24 14:07:43,581 - [INFO] - Epoch:   29 | FVAL: 0.0396072
2019-07-24 14:07:43,584 - [INFO] - Epoch:   30 | FVAL: 0.0395445
2019-07-24 14:07:43,586 - [INFO] - Epoch:   31 | FVAL: 0.0394867
2019-07-24 14:07:43,589 - [INFO] - Epoch:   32 | FVAL: 0.0394332
2019-07-24 14:07:43,591 - [INFO] - Epoch:   33 | FVAL: 0.0393837
2019-07-24 14:07:43,593 - [INFO] - Epoch:   34 | FVAL: 0.0393376
2019-07-24 14:07:43,596 - [INFO] - Epoch:   35 | FVAL: 0.0392948
2019-07-24 14:07:43,598 - [INFO] - Epoch:   36 | FVAL: 0.0392549
2019-07-24 14:07:43,601 - [INFO] - Epoch:   37 | FVAL: 0.0392176
2019-07-24 14:07:43,603 - [INFO] - Epoch:   38 | FVAL: 0.0391828
2019-07-24 14:07:43,606 - [INFO] - Epoch:   39 | FVAL: 0.0391501
2019-07-24 14:07:43,608 - [INFO] - Epoch:   40 | FVAL: 0.0391195
2019-07-24 14:07:43,611 - [INFO] - Epoch:   41 | FVAL: 0.0390907
2019-07-24 14:07:43,613 - [INFO] - Epoch:   42 | FVAL: 0.0390636
2019-07-24 14:07:43,616 - [INFO] - Epoch:   43 | FVAL: 0.0390381
2019-07-24 14:07:43,618 - [INFO] - Epoch:   44 | FVAL: 0.0390140
2019-07-24 14:07:43,621 - [INFO] - Epoch:   45 | FVAL: 0.0389913
2019-07-24 14:07:43,623 - [INFO] - Epoch:   46 | FVAL: 0.0389697
2019-07-24 14:07:43,626 - [INFO] - Epoch:   47 | FVAL: 0.0389494
2019-07-24 14:07:43,628 - [INFO] - Epoch:   48 | FVAL: 0.0389301
2019-07-24 14:07:43,631 - [INFO] - Epoch:   49 | FVAL: 0.0389118
2019-07-24 14:07:43,633 - [INFO] - Epoch:   50 | FVAL: 0.0388944
2019-07-24 14:07:43,636 - [INFO] - Epoch:   51 | FVAL: 0.0388778
2019-07-24 14:07:43,638 - [INFO] - Epoch:   52 | FVAL: 0.0388621
2019-07-24 14:07:43,641 - [INFO] - Epoch:   53 | FVAL: 0.0388471
2019-07-24 14:07:43,643 - [INFO] - Epoch:   54 | FVAL: 0.0388329
2019-07-24 14:07:43,646 - [INFO] - Epoch:   55 | FVAL: 0.0388193
2019-07-24 14:07:43,649 - [INFO] - Epoch:   56 | FVAL: 0.0388063
2019-07-24 14:07:43,651 - [INFO] - Epoch:   57 | FVAL: 0.0387939
2019-07-24 14:07:43,654 - [INFO] - Epoch:   58 | FVAL: 0.0387820
2019-07-24 14:07:43,656 - [INFO] - Epoch:   59 | FVAL: 0.0387707
2019-07-24 14:07:43,659 - [INFO] - Epoch:   60 | FVAL: 0.0387599
2019-07-24 14:07:43,661 - [INFO] - Epoch:   61 | FVAL: 0.0387495
2019-07-24 14:07:43,664 - [INFO] - Epoch:   62 | FVAL: 0.0387395
2019-07-24 14:07:43,667 - [INFO] - Epoch:   63 | FVAL: 0.0387300
2019-07-24 14:07:43,669 - [INFO] - Epoch:   64 | FVAL: 0.0387209
2019-07-24 14:07:43,672 - [INFO] - Epoch:   65 | FVAL: 0.0387121
2019-07-24 14:07:43,674 - [INFO] - Epoch:   66 | FVAL: 0.0387037
2019-07-24 14:07:43,677 - [INFO] - Epoch:   67 | FVAL: 0.0386956
2019-07-24 14:07:43,680 - [INFO] - Epoch:   68 | FVAL: 0.0386878
2019-07-24 14:07:43,682 - [INFO] - Epoch:   69 | FVAL: 0.0386804
2019-07-24 14:07:43,685 - [INFO] - Epoch:   70 | FVAL: 0.0386732
2019-07-24 14:07:43,687 - [INFO] - Epoch:   71 | FVAL: 0.0386663
2019-07-24 14:07:43,690 - [INFO] - Epoch:   72 | FVAL: 0.0386596
2019-07-24 14:07:43,693 - [INFO] - Epoch:   73 | FVAL: 0.0386532
2019-07-24 14:07:43,695 - [INFO] - Epoch:   74 | FVAL: 0.0386470
2019-07-24 14:07:43,698 - [INFO] - Epoch:   75 | FVAL: 0.0386411
2019-07-24 14:07:43,701 - [INFO] - Epoch:   76 | FVAL: 0.0386354
2019-07-24 14:07:43,703 - [INFO] - Epoch:   77 | FVAL: 0.0386299
2019-07-24 14:07:43,706 - [INFO] - Epoch:   78 | FVAL: 0.0386246
2019-07-24 14:07:43,709 - [INFO] - Epoch:   79 | FVAL: 0.0386196
2019-07-24 14:07:43,711 - [INFO] - Epoch:   80 | FVAL: 0.0386147
2019-07-24 14:07:43,714 - [INFO] - Epoch:   81 | FVAL: 0.0386099
2019-07-24 14:07:43,717 - [INFO] - Epoch:   82 | FVAL: 0.0386053
2019-07-24 14:07:43,719 - [INFO] - Epoch:   83 | FVAL: 0.0386009
2019-07-24 14:07:43,722 - [INFO] - Epoch:   84 | FVAL: 0.0385966
2019-07-24 14:07:43,725 - [INFO] - Epoch:   85 | FVAL: 0.0385925
2019-07-24 14:07:43,727 - [INFO] - Epoch:   86 | FVAL: 0.0385885
2019-07-24 14:07:43,730 - [INFO] - Epoch:   87 | FVAL: 0.0385846
2019-07-24 14:07:43,733 - [INFO] - Epoch:   88 | FVAL: 0.0385809
2019-07-24 14:07:43,735 - [INFO] - Epoch:   89 | FVAL: 0.0385772
2019-07-24 14:07:43,738 - [INFO] - Epoch:   90 | FVAL: 0.0385737
2019-07-24 14:07:43,741 - [INFO] - Epoch:   91 | FVAL: 0.0385703
2019-07-24 14:07:43,744 - [INFO] - Epoch:   92 | FVAL: 0.0385670
2019-07-24 14:07:43,747 - [INFO] - Epoch:   93 | FVAL: 0.0385638
2019-07-24 14:07:43,750 - [INFO] - Epoch:   94 | FVAL: 0.0385607
2019-07-24 14:07:43,752 - [INFO] - Epoch:   95 | FVAL: 0.0385576
2019-07-24 14:07:43,755 - [INFO] - Epoch:   96 | FVAL: 0.0385547
2019-07-24 14:07:43,758 - [INFO] - Epoch:   97 | FVAL: 0.0385519
2019-07-24 14:07:43,761 - [INFO] - Epoch:   98 | FVAL: 0.0385491
2019-07-24 14:07:43,764 - [INFO] - Epoch:   99 | FVAL: 0.0385464
2019-07-24 14:07:43,767 - [INFO] - Epoch:  100 | FVAL: 0.0385438
2019-07-24 14:07:43,770 - [INFO] - Epoch:  101 | FVAL: 0.0385413
2019-07-24 14:07:43,773 - [INFO] - Epoch:  102 | FVAL: 0.0385388
2019-07-24 14:07:43,776 - [INFO] - Epoch:  103 | FVAL: 0.0385364
2019-07-24 14:07:43,779 - [INFO] - Epoch:  104 | FVAL: 0.0385341
2019-07-24 14:07:43,782 - [INFO] - Epoch:  105 | FVAL: 0.0385318
2019-07-24 14:07:43,785 - [INFO] - Epoch:  106 | FVAL: 0.0385296
2019-07-24 14:07:43,788 - [INFO] - Epoch:  107 | FVAL: 0.0385274
2019-07-24 14:07:43,790 - [INFO] - Epoch:  108 | FVAL: 0.0385254
2019-07-24 14:07:43,793 - [INFO] - Epoch:  109 | FVAL: 0.0385233
2019-07-24 14:07:43,796 - [INFO] - Epoch:  110 | FVAL: 0.0385213
2019-07-24 14:07:43,799 - [INFO] - Epoch:  111 | FVAL: 0.0385194
2019-07-24 14:07:43,802 - [INFO] - Epoch:  112 | FVAL: 0.0385175
2019-07-24 14:07:43,805 - [INFO] - Epoch:  113 | FVAL: 0.0385157
2019-07-24 14:07:43,808 - [INFO] - Epoch:  114 | FVAL: 0.0385139
2019-07-24 14:07:43,811 - [INFO] - Epoch:  115 | FVAL: 0.0385121
2019-07-24 14:07:43,814 - [INFO] - Epoch:  116 | FVAL: 0.0385104
2019-07-24 14:07:43,817 - [INFO] - Epoch:  117 | FVAL: 0.0385087
2019-07-24 14:07:43,820 - [INFO] - Epoch:  118 | FVAL: 0.0385071
2019-07-24 14:07:43,823 - [INFO] - Epoch:  119 | FVAL: 0.0385055
2019-07-24 14:07:43,826 - [INFO] - Epoch:  120 | FVAL: 0.0385040
2019-07-24 14:07:43,829 - [INFO] - Epoch:  121 | FVAL: 0.0385025
2019-07-24 14:07:43,831 - [INFO] - Epoch:  122 | FVAL: 0.0385010
2019-07-24 14:07:43,834 - [INFO] - Epoch:  123 | FVAL: 0.0384995
2019-07-24 14:07:43,837 - [INFO] - Epoch:  124 | FVAL: 0.0384981
2019-07-24 14:07:43,840 - [INFO] - Epoch:  125 | FVAL: 0.0384967
2019-07-24 14:07:43,843 - [INFO] - Epoch:  126 | FVAL: 0.0384954
2019-07-24 14:07:43,846 - [INFO] - Epoch:  127 | FVAL: 0.0384941
2019-07-24 14:07:43,848 - [INFO] - Epoch:  128 | FVAL: 0.0384928
2019-07-24 14:07:43,851 - [INFO] - Epoch:  129 | FVAL: 0.0384915
2019-07-24 14:07:43,854 - [INFO] - Epoch:  130 | FVAL: 0.0384903
2019-07-24 14:07:43,857 - [INFO] - Epoch:  131 | FVAL: 0.0384891
2019-07-24 14:07:43,860 - [INFO] - Epoch:  132 | FVAL: 0.0384879
2019-07-24 14:07:43,863 - [INFO] - Epoch:  133 | FVAL: 0.0384867
2019-07-24 14:07:43,866 - [INFO] - Epoch:  134 | FVAL: 0.0384856
2019-07-24 14:07:43,868 - [INFO] - Epoch:  135 | FVAL: 0.0384845
2019-07-24 14:07:43,871 - [INFO] - Epoch:  136 | FVAL: 0.0384834
2019-07-24 14:07:43,874 - [INFO] - Epoch:  137 | FVAL: 0.0384823
2019-07-24 14:07:43,877 - [INFO] - Epoch:  138 | FVAL: 0.0384813
2019-07-24 14:07:43,880 - [INFO] - Epoch:  139 | FVAL: 0.0384803
2019-07-24 14:07:43,883 - [INFO] - Epoch:  140 | FVAL: 0.0384793
2019-07-24 14:07:43,886 - [INFO] - Epoch:  141 | FVAL: 0.0384783
2019-07-24 14:07:44,716 - [INFO] - rcsum-- N:683 | d:10 | lambda:1e-05
2019-07-24 14:07:44,716 - [INFO] - Function value sequence convergence criteria.
2019-07-24 14:07:44,716 - [INFO] - Epoch:    0 | FVAL: 0.3465736
2019-07-24 14:07:44,718 - [INFO] - Epoch:    1 | FVAL: 0.0595856
2019-07-24 14:07:44,721 - [INFO] - Epoch:    2 | FVAL: 0.0494930
2019-07-24 14:07:44,723 - [INFO] - Epoch:    3 | FVAL: 0.0457451
2019-07-24 14:07:44,726 - [INFO] - Epoch:    4 | FVAL: 0.0438011
2019-07-24 14:07:44,728 - [INFO] - Epoch:    5 | FVAL: 0.0426143
2019-07-24 14:07:44,731 - [INFO] - Epoch:    6 | FVAL: 0.0418110
2019-07-24 14:07:44,734 - [INFO] - Epoch:    7 | FVAL: 0.0412294
2019-07-24 14:07:44,736 - [INFO] - Epoch:    8 | FVAL: 0.0407858
2019-07-24 14:07:44,739 - [INFO] - Epoch:    9 | FVAL: 0.0404343
2019-07-24 14:07:44,741 - [INFO] - Epoch:   10 | FVAL: 0.0401481
2019-07-24 14:07:44,744 - [INFO] - Epoch:   11 | FVAL: 0.0399099
2019-07-24 14:07:44,747 - [INFO] - Epoch:   12 | FVAL: 0.0397084
2019-07-24 14:07:44,749 - [INFO] - Epoch:   13 | FVAL: 0.0395357
2019-07-24 14:07:44,752 - [INFO] - Epoch:   14 | FVAL: 0.0393860
2019-07-24 14:07:44,754 - [INFO] - Epoch:   15 | FVAL: 0.0392550
2019-07-24 14:07:44,757 - [INFO] - Epoch:   16 | FVAL: 0.0391395
2019-07-24 14:07:44,760 - [INFO] - Epoch:   17 | FVAL: 0.0390370
2019-07-24 14:07:44,762 - [INFO] - Epoch:   18 | FVAL: 0.0389455
2019-07-24 14:07:44,765 - [INFO] - Epoch:   19 | FVAL: 0.0388635
2019-07-24 14:07:44,767 - [INFO] - Epoch:   20 | FVAL: 0.0387895
2019-07-24 14:07:44,770 - [INFO] - Epoch:   21 | FVAL: 0.0387227
2019-07-24 14:07:44,773 - [INFO] - Epoch:   22 | FVAL: 0.0386620
2019-07-24 14:07:44,775 - [INFO] - Epoch:   23 | FVAL: 0.0386066
2019-07-24 14:07:44,778 - [INFO] - Epoch:   24 | FVAL: 0.0385561
2019-07-24 14:07:44,781 - [INFO] - Epoch:   25 | FVAL: 0.0385098
2019-07-24 14:07:44,783 - [INFO] - Epoch:   26 | FVAL: 0.0384672
2019-07-24 14:07:44,786 - [INFO] - Epoch:   27 | FVAL: 0.0384280
2019-07-24 14:07:44,789 - [INFO] - Epoch:   28 | FVAL: 0.0383918
2019-07-24 14:07:44,791 - [INFO] - Epoch:   29 | FVAL: 0.0383583
2019-07-24 14:07:44,794 - [INFO] - Epoch:   30 | FVAL: 0.0383272
2019-07-24 14:07:44,797 - [INFO] - Epoch:   31 | FVAL: 0.0382984
2019-07-24 14:07:44,799 - [INFO] - Epoch:   32 | FVAL: 0.0382715
2019-07-24 14:07:44,802 - [INFO] - Epoch:   33 | FVAL: 0.0382465
2019-07-24 14:07:44,805 - [INFO] - Epoch:   34 | FVAL: 0.0382230
2019-07-24 14:07:44,808 - [INFO] - Epoch:   35 | FVAL: 0.0382011
2019-07-24 14:07:44,810 - [INFO] - Epoch:   36 | FVAL: 0.0381806
2019-07-24 14:07:44,813 - [INFO] - Epoch:   37 | FVAL: 0.0381613
2019-07-24 14:07:44,816 - [INFO] - Epoch:   38 | FVAL: 0.0381432
2019-07-24 14:07:44,818 - [INFO] - Epoch:   39 | FVAL: 0.0381262
2019-07-24 14:07:44,821 - [INFO] - Epoch:   40 | FVAL: 0.0381102
2019-07-24 14:07:44,824 - [INFO] - Epoch:   41 | FVAL: 0.0380951
2019-07-24 14:07:44,827 - [INFO] - Epoch:   42 | FVAL: 0.0380808
2019-07-24 14:07:44,829 - [INFO] - Epoch:   43 | FVAL: 0.0380673
2019-07-24 14:07:44,832 - [INFO] - Epoch:   44 | FVAL: 0.0380545
2019-07-24 14:07:44,835 - [INFO] - Epoch:   45 | FVAL: 0.0380424
2019-07-24 14:07:44,838 - [INFO] - Epoch:   46 | FVAL: 0.0380310
2019-07-24 14:07:44,840 - [INFO] - Epoch:   47 | FVAL: 0.0380201
2019-07-24 14:07:44,843 - [INFO] - Epoch:   48 | FVAL: 0.0380098
2019-07-24 14:07:44,846 - [INFO] - Epoch:   49 | FVAL: 0.0380000
2019-07-24 14:07:44,849 - [INFO] - Epoch:   50 | FVAL: 0.0379906
2019-07-24 14:07:44,851 - [INFO] - Epoch:   51 | FVAL: 0.0379818
2019-07-24 14:07:44,854 - [INFO] - Epoch:   52 | FVAL: 0.0379733
2019-07-24 14:07:44,857 - [INFO] - Epoch:   53 | FVAL: 0.0379653
2019-07-24 14:07:44,860 - [INFO] - Epoch:   54 | FVAL: 0.0379576
2019-07-24 14:07:44,862 - [INFO] - Epoch:   55 | FVAL: 0.0379503
2019-07-24 14:07:44,865 - [INFO] - Epoch:   56 | FVAL: 0.0379433
2019-07-24 14:07:44,867 - [INFO] - Epoch:   57 | FVAL: 0.0379366
2019-07-24 14:07:44,870 - [INFO] - Epoch:   58 | FVAL: 0.0379302
2019-07-24 14:07:44,873 - [INFO] - Epoch:   59 | FVAL: 0.0379241
2019-07-24 14:07:44,875 - [INFO] - Epoch:   60 | FVAL: 0.0379183
2019-07-24 14:07:44,878 - [INFO] - Epoch:   61 | FVAL: 0.0379127
2019-07-24 14:07:44,880 - [INFO] - Epoch:   62 | FVAL: 0.0379073
2019-07-24 14:07:44,883 - [INFO] - Epoch:   63 | FVAL: 0.0379022
2019-07-24 14:07:44,886 - [INFO] - Epoch:   64 | FVAL: 0.0378973
2019-07-24 14:07:44,888 - [INFO] - Epoch:   65 | FVAL: 0.0378926
2019-07-24 14:07:44,891 - [INFO] - Epoch:   66 | FVAL: 0.0378880
2019-07-24 14:07:44,894 - [INFO] - Epoch:   67 | FVAL: 0.0378837
2019-07-24 14:07:44,896 - [INFO] - Epoch:   68 | FVAL: 0.0378795
2019-07-24 14:07:44,899 - [INFO] - Epoch:   69 | FVAL: 0.0378755
2019-07-24 14:07:44,901 - [INFO] - Epoch:   70 | FVAL: 0.0378717
2019-07-24 14:07:44,904 - [INFO] - Epoch:   71 | FVAL: 0.0378679
2019-07-24 14:07:44,907 - [INFO] - Epoch:   72 | FVAL: 0.0378644
2019-07-24 14:07:44,909 - [INFO] - Epoch:   73 | FVAL: 0.0378609
2019-07-24 14:07:44,912 - [INFO] - Epoch:   74 | FVAL: 0.0378576
2019-07-24 14:07:44,915 - [INFO] - Epoch:   75 | FVAL: 0.0378544
2019-07-24 14:07:44,917 - [INFO] - Epoch:   76 | FVAL: 0.0378514
2019-07-24 14:07:44,920 - [INFO] - Epoch:   77 | FVAL: 0.0378484
2019-07-24 14:07:44,923 - [INFO] - Epoch:   78 | FVAL: 0.0378456
2019-07-24 14:07:44,926 - [INFO] - Epoch:   79 | FVAL: 0.0378428
2019-07-24 14:07:44,928 - [INFO] - Epoch:   80 | FVAL: 0.0378401
2019-07-24 14:07:44,931 - [INFO] - Epoch:   81 | FVAL: 0.0378376
2019-07-24 14:07:44,934 - [INFO] - Epoch:   82 | FVAL: 0.0378351
2019-07-24 14:07:44,936 - [INFO] - Epoch:   83 | FVAL: 0.0378327
2019-07-24 14:07:44,939 - [INFO] - Epoch:   84 | FVAL: 0.0378304
2019-07-24 14:07:44,942 - [INFO] - Epoch:   85 | FVAL: 0.0378281
2019-07-24 14:07:44,945 - [INFO] - Epoch:   86 | FVAL: 0.0378260
2019-07-24 14:07:44,947 - [INFO] - Epoch:   87 | FVAL: 0.0378239
2019-07-24 14:07:44,950 - [INFO] - Epoch:   88 | FVAL: 0.0378219
2019-07-24 14:07:44,953 - [INFO] - Epoch:   89 | FVAL: 0.0378199
2019-07-24 14:07:44,955 - [INFO] - Epoch:   90 | FVAL: 0.0378180
2019-07-24 14:07:44,958 - [INFO] - Epoch:   91 | FVAL: 0.0378161
2019-07-24 14:07:44,961 - [INFO] - Epoch:   92 | FVAL: 0.0378144
2019-07-24 14:07:44,964 - [INFO] - Epoch:   93 | FVAL: 0.0378126
2019-07-24 14:07:44,966 - [INFO] - Epoch:   94 | FVAL: 0.0378109
2019-07-24 14:07:44,969 - [INFO] - Epoch:   95 | FVAL: 0.0378093
2019-07-24 14:07:44,972 - [INFO] - Epoch:   96 | FVAL: 0.0378077
2019-07-24 14:07:44,975 - [INFO] - Epoch:   97 | FVAL: 0.0378062
2019-07-24 14:07:44,977 - [INFO] - Epoch:   98 | FVAL: 0.0378047
2019-07-24 14:07:44,980 - [INFO] - Epoch:   99 | FVAL: 0.0378033
2019-07-24 14:07:44,983 - [INFO] - Epoch:  100 | FVAL: 0.0378019
2019-07-24 14:07:44,986 - [INFO] - Epoch:  101 | FVAL: 0.0378005
2019-07-24 14:07:44,989 - [INFO] - Epoch:  102 | FVAL: 0.0377992
2019-07-24 14:07:44,991 - [INFO] - Epoch:  103 | FVAL: 0.0377979
2019-07-24 14:07:44,994 - [INFO] - Epoch:  104 | FVAL: 0.0377966
2019-07-24 14:07:44,997 - [INFO] - Epoch:  105 | FVAL: 0.0377954
2019-07-24 14:07:45,000 - [INFO] - Epoch:  106 | FVAL: 0.0377942
2019-07-24 14:07:45,003 - [INFO] - Epoch:  107 | FVAL: 0.0377930
2019-07-24 14:07:45,005 - [INFO] - Epoch:  108 | FVAL: 0.0377919
2019-07-24 14:07:45,008 - [INFO] - Epoch:  109 | FVAL: 0.0377908
2019-07-24 14:07:45,011 - [INFO] - Epoch:  110 | FVAL: 0.0377897
2019-07-24 14:07:45,014 - [INFO] - Epoch:  111 | FVAL: 0.0377887
2019-07-24 14:07:45,017 - [INFO] - Epoch:  112 | FVAL: 0.0377877
2019-07-24 14:07:45,019 - [INFO] - Epoch:  113 | FVAL: 0.0377867
2019-07-24 14:07:45,673 - [INFO] - rcsum-- N:683 | d:10 | lambda:1e-06
2019-07-24 14:07:45,673 - [INFO] - Function value sequence convergence criteria.
2019-07-24 14:07:45,673 - [INFO] - Epoch:    0 | FVAL: 0.3465736
2019-07-24 14:07:45,676 - [INFO] - Epoch:    1 | FVAL: 0.0614297
2019-07-24 14:07:45,678 - [INFO] - Epoch:    2 | FVAL: 0.0513501
2019-07-24 14:07:45,681 - [INFO] - Epoch:    3 | FVAL: 0.0474976
2019-07-24 14:07:45,683 - [INFO] - Epoch:    4 | FVAL: 0.0454284
2019-07-24 14:07:45,686 - [INFO] - Epoch:    5 | FVAL: 0.0441150
2019-07-24 14:07:45,688 - [INFO] - Epoch:    6 | FVAL: 0.0431928
2019-07-24 14:07:45,691 - [INFO] - Epoch:    7 | FVAL: 0.0425021
2019-07-24 14:07:45,693 - [INFO] - Epoch:    8 | FVAL: 0.0419607
2019-07-24 14:07:45,696 - [INFO] - Epoch:    9 | FVAL: 0.0415219
2019-07-24 14:07:45,698 - [INFO] - Epoch:   10 | FVAL: 0.0411574
2019-07-24 14:07:45,701 - [INFO] - Epoch:   11 | FVAL: 0.0408485
2019-07-24 14:07:45,704 - [INFO] - Epoch:   12 | FVAL: 0.0405828
2019-07-24 14:07:45,706 - [INFO] - Epoch:   13 | FVAL: 0.0403513
2019-07-24 14:07:45,709 - [INFO] - Epoch:   14 | FVAL: 0.0401477
2019-07-24 14:07:45,711 - [INFO] - Epoch:   15 | FVAL: 0.0399675
2019-07-24 14:07:45,714 - [INFO] - Epoch:   16 | FVAL: 0.0398067
2019-07-24 14:07:45,717 - [INFO] - Epoch:   17 | FVAL: 0.0396627
2019-07-24 14:07:45,719 - [INFO] - Epoch:   18 | FVAL: 0.0395331
2019-07-24 14:07:45,722 - [INFO] - Epoch:   19 | FVAL: 0.0394160
2019-07-24 14:07:45,724 - [INFO] - Epoch:   20 | FVAL: 0.0393096
2019-07-24 14:07:45,727 - [INFO] - Epoch:   21 | FVAL: 0.0392127
2019-07-24 14:07:45,730 - [INFO] - Epoch:   22 | FVAL: 0.0391241
2019-07-24 14:07:45,732 - [INFO] - Epoch:   23 | FVAL: 0.0390430
2019-07-24 14:07:45,735 - [INFO] - Epoch:   24 | FVAL: 0.0389683
2019-07-24 14:07:45,737 - [INFO] - Epoch:   25 | FVAL: 0.0388996
2019-07-24 14:07:45,740 - [INFO] - Epoch:   26 | FVAL: 0.0388361
2019-07-24 14:07:45,743 - [INFO] - Epoch:   27 | FVAL: 0.0387773
2019-07-24 14:07:45,745 - [INFO] - Epoch:   28 | FVAL: 0.0387228
2019-07-24 14:07:45,748 - [INFO] - Epoch:   29 | FVAL: 0.0386722
2019-07-24 14:07:45,751 - [INFO] - Epoch:   30 | FVAL: 0.0386250
2019-07-24 14:07:45,753 - [INFO] - Epoch:   31 | FVAL: 0.0385810
2019-07-24 14:07:45,756 - [INFO] - Epoch:   32 | FVAL: 0.0385398
2019-07-24 14:07:45,759 - [INFO] - Epoch:   33 | FVAL: 0.0385013
2019-07-24 14:07:45,761 - [INFO] - Epoch:   34 | FVAL: 0.0384652
2019-07-24 14:07:45,764 - [INFO] - Epoch:   35 | FVAL: 0.0384313
2019-07-24 14:07:45,767 - [INFO] - Epoch:   36 | FVAL: 0.0383995
2019-07-24 14:07:45,769 - [INFO] - Epoch:   37 | FVAL: 0.0383695
2019-07-24 14:07:45,772 - [INFO] - Epoch:   38 | FVAL: 0.0383412
2019-07-24 14:07:45,775 - [INFO] - Epoch:   39 | FVAL: 0.0383146
2019-07-24 14:07:45,777 - [INFO] - Epoch:   40 | FVAL: 0.0382894
2019-07-24 14:07:45,780 - [INFO] - Epoch:   41 | FVAL: 0.0382656
2019-07-24 14:07:45,783 - [INFO] - Epoch:   42 | FVAL: 0.0382430
2019-07-24 14:07:45,786 - [INFO] - Epoch:   43 | FVAL: 0.0382217
2019-07-24 14:07:45,788 - [INFO] - Epoch:   44 | FVAL: 0.0382014
2019-07-24 14:07:45,791 - [INFO] - Epoch:   45 | FVAL: 0.0381822
2019-07-24 14:07:45,794 - [INFO] - Epoch:   46 | FVAL: 0.0381639
2019-07-24 14:07:45,797 - [INFO] - Epoch:   47 | FVAL: 0.0381466
2019-07-24 14:07:45,799 - [INFO] - Epoch:   48 | FVAL: 0.0381300
2019-07-24 14:07:45,802 - [INFO] - Epoch:   49 | FVAL: 0.0381143
2019-07-24 14:07:45,805 - [INFO] - Epoch:   50 | FVAL: 0.0380993
2019-07-24 14:07:45,808 - [INFO] - Epoch:   51 | FVAL: 0.0380850
2019-07-24 14:07:45,810 - [INFO] - Epoch:   52 | FVAL: 0.0380714
2019-07-24 14:07:45,813 - [INFO] - Epoch:   53 | FVAL: 0.0380584
2019-07-24 14:07:45,816 - [INFO] - Epoch:   54 | FVAL: 0.0380460
2019-07-24 14:07:45,819 - [INFO] - Epoch:   55 | FVAL: 0.0380341
2019-07-24 14:07:45,821 - [INFO] - Epoch:   56 | FVAL: 0.0380227
2019-07-24 14:07:45,824 - [INFO] - Epoch:   57 | FVAL: 0.0380119
2019-07-24 14:07:45,827 - [INFO] - Epoch:   58 | FVAL: 0.0380015
2019-07-24 14:07:45,829 - [INFO] - Epoch:   59 | FVAL: 0.0379915
2019-07-24 14:07:45,832 - [INFO] - Epoch:   60 | FVAL: 0.0379819
2019-07-24 14:07:45,834 - [INFO] - Epoch:   61 | FVAL: 0.0379728
2019-07-24 14:07:45,837 - [INFO] - Epoch:   62 | FVAL: 0.0379640
2019-07-24 14:07:45,840 - [INFO] - Epoch:   63 | FVAL: 0.0379555
2019-07-24 14:07:45,842 - [INFO] - Epoch:   64 | FVAL: 0.0379474
2019-07-24 14:07:45,845 - [INFO] - Epoch:   65 | FVAL: 0.0379396
2019-07-24 14:07:45,848 - [INFO] - Epoch:   66 | FVAL: 0.0379321
2019-07-24 14:07:45,850 - [INFO] - Epoch:   67 | FVAL: 0.0379249
2019-07-24 14:07:45,853 - [INFO] - Epoch:   68 | FVAL: 0.0379180
2019-07-24 14:07:45,856 - [INFO] - Epoch:   69 | FVAL: 0.0379113
2019-07-24 14:07:45,858 - [INFO] - Epoch:   70 | FVAL: 0.0379049
2019-07-24 14:07:45,861 - [INFO] - Epoch:   71 | FVAL: 0.0378987
2019-07-24 14:07:45,864 - [INFO] - Epoch:   72 | FVAL: 0.0378928
2019-07-24 14:07:45,867 - [INFO] - Epoch:   73 | FVAL: 0.0378870
2019-07-24 14:07:45,870 - [INFO] - Epoch:   74 | FVAL: 0.0378815
2019-07-24 14:07:45,872 - [INFO] - Epoch:   75 | FVAL: 0.0378761
2019-07-24 14:07:45,875 - [INFO] - Epoch:   76 | FVAL: 0.0378710
2019-07-24 14:07:45,878 - [INFO] - Epoch:   77 | FVAL: 0.0378660
2019-07-24 14:07:45,881 - [INFO] - Epoch:   78 | FVAL: 0.0378612
2019-07-24 14:07:45,884 - [INFO] - Epoch:   79 | FVAL: 0.0378565
2019-07-24 14:07:45,887 - [INFO] - Epoch:   80 | FVAL: 0.0378520
2019-07-24 14:07:45,890 - [INFO] - Epoch:   81 | FVAL: 0.0378477
2019-07-24 14:07:45,893 - [INFO] - Epoch:   82 | FVAL: 0.0378435
2019-07-24 14:07:45,896 - [INFO] - Epoch:   83 | FVAL: 0.0378394
2019-07-24 14:07:45,899 - [INFO] - Epoch:   84 | FVAL: 0.0378355
2019-07-24 14:07:45,902 - [INFO] - Epoch:   85 | FVAL: 0.0378316
2019-07-24 14:07:45,905 - [INFO] - Epoch:   86 | FVAL: 0.0378279
2019-07-24 14:07:45,908 - [INFO] - Epoch:   87 | FVAL: 0.0378244
2019-07-24 14:07:45,911 - [INFO] - Epoch:   88 | FVAL: 0.0378209
2019-07-24 14:07:45,914 - [INFO] - Epoch:   89 | FVAL: 0.0378175
2019-07-24 14:07:45,916 - [INFO] - Epoch:   90 | FVAL: 0.0378143
2019-07-24 14:07:45,919 - [INFO] - Epoch:   91 | FVAL: 0.0378111
2019-07-24 14:07:45,922 - [INFO] - Epoch:   92 | FVAL: 0.0378080
2019-07-24 14:07:45,925 - [INFO] - Epoch:   93 | FVAL: 0.0378050
2019-07-24 14:07:45,928 - [INFO] - Epoch:   94 | FVAL: 0.0378021
2019-07-24 14:07:45,931 - [INFO] - Epoch:   95 | FVAL: 0.0377993
2019-07-24 14:07:45,934 - [INFO] - Epoch:   96 | FVAL: 0.0377966
2019-07-24 14:07:45,937 - [INFO] - Epoch:   97 | FVAL: 0.0377939
2019-07-24 14:07:45,940 - [INFO] - Epoch:   98 | FVAL: 0.0377914
2019-07-24 14:07:45,943 - [INFO] - Epoch:   99 | FVAL: 0.0377888
2019-07-24 14:07:45,946 - [INFO] - Epoch:  100 | FVAL: 0.0377864
2019-07-24 14:07:45,949 - [INFO] - Epoch:  101 | FVAL: 0.0377840
2019-07-24 14:07:45,952 - [INFO] - Epoch:  102 | FVAL: 0.0377817
2019-07-24 14:07:45,955 - [INFO] - Epoch:  103 | FVAL: 0.0377794
2019-07-24 14:07:45,958 - [INFO] - Epoch:  104 | FVAL: 0.0377772
2019-07-24 14:07:45,961 - [INFO] - Epoch:  105 | FVAL: 0.0377751
2019-07-24 14:07:45,964 - [INFO] - Epoch:  106 | FVAL: 0.0377730
2019-07-24 14:07:45,967 - [INFO] - Epoch:  107 | FVAL: 0.0377710
2019-07-24 14:07:45,970 - [INFO] - Epoch:  108 | FVAL: 0.0377690
2019-07-24 14:07:45,973 - [INFO] - Epoch:  109 | FVAL: 0.0377671
2019-07-24 14:07:45,975 - [INFO] - Epoch:  110 | FVAL: 0.0377652
2019-07-24 14:07:45,978 - [INFO] - Epoch:  111 | FVAL: 0.0377633
2019-07-24 14:07:45,981 - [INFO] - Epoch:  112 | FVAL: 0.0377615
2019-07-24 14:07:45,984 - [INFO] - Epoch:  113 | FVAL: 0.0377598
2019-07-24 14:07:45,987 - [INFO] - Epoch:  114 | FVAL: 0.0377581
2019-07-24 14:07:45,990 - [INFO] - Epoch:  115 | FVAL: 0.0377564
2019-07-24 14:07:45,992 - [INFO] - Epoch:  116 | FVAL: 0.0377548
2019-07-24 14:07:45,995 - [INFO] - Epoch:  117 | FVAL: 0.0377532
2019-07-24 14:07:45,998 - [INFO] - Epoch:  118 | FVAL: 0.0377516
2019-07-24 14:07:46,001 - [INFO] - Epoch:  119 | FVAL: 0.0377501
2019-07-24 14:07:46,004 - [INFO] - Epoch:  120 | FVAL: 0.0377486
2019-07-24 14:07:46,007 - [INFO] - Epoch:  121 | FVAL: 0.0377472
2019-07-24 14:07:46,010 - [INFO] - Epoch:  122 | FVAL: 0.0377458
2019-07-24 14:07:46,012 - [INFO] - Epoch:  123 | FVAL: 0.0377444
2019-07-24 14:07:46,015 - [INFO] - Epoch:  124 | FVAL: 0.0377430
2019-07-24 14:07:46,018 - [INFO] - Epoch:  125 | FVAL: 0.0377417
2019-07-24 14:07:46,021 - [INFO] - Epoch:  126 | FVAL: 0.0377404
2019-07-24 14:07:46,024 - [INFO] - Epoch:  127 | FVAL: 0.0377391
2019-07-24 14:07:46,027 - [INFO] - Epoch:  128 | FVAL: 0.0377378
2019-07-24 14:07:46,030 - [INFO] - Epoch:  129 | FVAL: 0.0377366
2019-07-24 14:07:46,033 - [INFO] - Epoch:  130 | FVAL: 0.0377354
2019-07-24 14:07:46,036 - [INFO] - Epoch:  131 | FVAL: 0.0377342
2019-07-24 14:07:46,039 - [INFO] - Epoch:  132 | FVAL: 0.0377331
2019-07-24 14:07:46,041 - [INFO] - Epoch:  133 | FVAL: 0.0377320
2019-07-24 14:07:46,044 - [INFO] - Epoch:  134 | FVAL: 0.0377309
2019-07-24 14:07:46,047 - [INFO] - Epoch:  135 | FVAL: 0.0377298
2019-07-24 14:07:46,050 - [INFO] - Epoch:  136 | FVAL: 0.0377287
2019-07-24 14:07:46,053 - [INFO] - Epoch:  137 | FVAL: 0.0377277
2019-07-24 14:07:46,056 - [INFO] - Epoch:  138 | FVAL: 0.0377267
2019-07-24 14:07:46,059 - [INFO] - Epoch:  139 | FVAL: 0.0377257
